[2023-12-22T06:31:22.860+0000] {processor.py:157} INFO - Started process (PID=59) to work on /opt/airflow/dags/pizza_order_dag.py
[2023-12-22T06:31:22.862+0000] {processor.py:829} INFO - Processing file /opt/airflow/dags/pizza_order_dag.py for tasks to queue
[2023-12-22T06:31:22.865+0000] {logging_mixin.py:154} INFO - [2023-12-22T06:31:22.865+0000] {dagbag.py:536} INFO - Filling up the DagBag from /opt/airflow/dags/pizza_order_dag.py
[2023-12-22T06:31:23.116+0000] {processor.py:839} INFO - DAG(s) dict_keys(['pizza_order_dag']) retrieved from /opt/airflow/dags/pizza_order_dag.py
[2023-12-22T06:31:24.097+0000] {logging_mixin.py:154} INFO - [2023-12-22T06:31:24.097+0000] {manager.py:499} INFO - Created Permission View: %s
[2023-12-22T06:31:24.150+0000] {logging_mixin.py:154} INFO - [2023-12-22T06:31:24.149+0000] {manager.py:499} INFO - Created Permission View: %s
[2023-12-22T06:31:24.189+0000] {logging_mixin.py:154} INFO - [2023-12-22T06:31:24.188+0000] {manager.py:499} INFO - Created Permission View: %s
[2023-12-22T06:31:24.190+0000] {logging_mixin.py:154} INFO - [2023-12-22T06:31:24.190+0000] {dag.py:2941} INFO - Sync 1 DAGs
[2023-12-22T06:31:24.230+0000] {logging_mixin.py:154} INFO - [2023-12-22T06:31:24.230+0000] {dag.py:2963} INFO - Creating ORM DAG for pizza_order_dag
[2023-12-22T06:31:24.263+0000] {logging_mixin.py:154} INFO - [2023-12-22T06:31:24.262+0000] {dag.py:3722} INFO - Setting next_dagrun for pizza_order_dag to 2023-12-22T06:31:23.059024+00:00, run_after=2023-12-23T06:31:23.059024+00:00
[2023-12-22T06:31:24.331+0000] {processor.py:179} INFO - Processing /opt/airflow/dags/pizza_order_dag.py took 1.478 seconds
[2023-12-22T06:31:54.986+0000] {processor.py:157} INFO - Started process (PID=68) to work on /opt/airflow/dags/pizza_order_dag.py
[2023-12-22T06:31:54.988+0000] {processor.py:829} INFO - Processing file /opt/airflow/dags/pizza_order_dag.py for tasks to queue
[2023-12-22T06:31:54.992+0000] {logging_mixin.py:154} INFO - [2023-12-22T06:31:54.991+0000] {dagbag.py:536} INFO - Filling up the DagBag from /opt/airflow/dags/pizza_order_dag.py
[2023-12-22T06:31:55.069+0000] {processor.py:839} INFO - DAG(s) dict_keys(['pizza_order_dag']) retrieved from /opt/airflow/dags/pizza_order_dag.py
[2023-12-22T06:31:55.632+0000] {logging_mixin.py:154} INFO - [2023-12-22T06:31:55.631+0000] {dag.py:2941} INFO - Sync 1 DAGs
[2023-12-22T06:31:55.680+0000] {logging_mixin.py:154} INFO - [2023-12-22T06:31:55.680+0000] {dag.py:3722} INFO - Setting next_dagrun for pizza_order_dag to 2023-12-22T06:31:55.033991+00:00, run_after=2023-12-23T06:31:55.033991+00:00
[2023-12-22T06:31:55.790+0000] {processor.py:179} INFO - Processing /opt/airflow/dags/pizza_order_dag.py took 0.822 seconds
[2023-12-22T06:32:26.251+0000] {processor.py:157} INFO - Started process (PID=77) to work on /opt/airflow/dags/pizza_order_dag.py
[2023-12-22T06:32:26.253+0000] {processor.py:829} INFO - Processing file /opt/airflow/dags/pizza_order_dag.py for tasks to queue
[2023-12-22T06:32:26.269+0000] {logging_mixin.py:154} INFO - [2023-12-22T06:32:26.267+0000] {dagbag.py:536} INFO - Filling up the DagBag from /opt/airflow/dags/pizza_order_dag.py
[2023-12-22T06:32:26.353+0000] {processor.py:839} INFO - DAG(s) dict_keys(['pizza_order_dag']) retrieved from /opt/airflow/dags/pizza_order_dag.py
[2023-12-22T06:32:26.876+0000] {logging_mixin.py:154} INFO - [2023-12-22T06:32:26.876+0000] {dag.py:2941} INFO - Sync 1 DAGs
[2023-12-22T06:32:27.063+0000] {logging_mixin.py:154} INFO - [2023-12-22T06:32:27.062+0000] {dag.py:3722} INFO - Setting next_dagrun for pizza_order_dag to 2023-12-22T06:32:26.318914+00:00, run_after=2023-12-23T06:32:26.318914+00:00
[2023-12-22T06:32:27.161+0000] {processor.py:179} INFO - Processing /opt/airflow/dags/pizza_order_dag.py took 0.919 seconds
[2023-12-22T06:32:57.764+0000] {processor.py:157} INFO - Started process (PID=86) to work on /opt/airflow/dags/pizza_order_dag.py
[2023-12-22T06:32:57.780+0000] {processor.py:829} INFO - Processing file /opt/airflow/dags/pizza_order_dag.py for tasks to queue
[2023-12-22T06:32:57.804+0000] {logging_mixin.py:154} INFO - [2023-12-22T06:32:57.782+0000] {dagbag.py:536} INFO - Filling up the DagBag from /opt/airflow/dags/pizza_order_dag.py
[2023-12-22T06:32:57.957+0000] {processor.py:839} INFO - DAG(s) dict_keys(['pizza_order_dag']) retrieved from /opt/airflow/dags/pizza_order_dag.py
[2023-12-22T06:32:59.269+0000] {logging_mixin.py:154} INFO - [2023-12-22T06:32:59.268+0000] {dag.py:2941} INFO - Sync 1 DAGs
[2023-12-22T06:32:59.438+0000] {logging_mixin.py:154} INFO - [2023-12-22T06:32:59.437+0000] {dag.py:3722} INFO - Setting next_dagrun for pizza_order_dag to 2023-12-22T06:32:57.871892+00:00, run_after=2023-12-23T06:32:57.871892+00:00
[2023-12-22T06:32:59.796+0000] {processor.py:179} INFO - Processing /opt/airflow/dags/pizza_order_dag.py took 2.049 seconds
[2023-12-22T06:33:31.124+0000] {processor.py:157} INFO - Started process (PID=95) to work on /opt/airflow/dags/pizza_order_dag.py
[2023-12-22T06:33:31.141+0000] {processor.py:829} INFO - Processing file /opt/airflow/dags/pizza_order_dag.py for tasks to queue
[2023-12-22T06:33:31.155+0000] {logging_mixin.py:154} INFO - [2023-12-22T06:33:31.149+0000] {dagbag.py:536} INFO - Filling up the DagBag from /opt/airflow/dags/pizza_order_dag.py
[2023-12-22T06:33:31.388+0000] {processor.py:839} INFO - DAG(s) dict_keys(['pizza_order_dag']) retrieved from /opt/airflow/dags/pizza_order_dag.py
[2023-12-22T06:33:32.201+0000] {logging_mixin.py:154} INFO - [2023-12-22T06:33:32.201+0000] {dag.py:2941} INFO - Sync 1 DAGs
[2023-12-22T06:33:32.393+0000] {logging_mixin.py:154} INFO - [2023-12-22T06:33:32.388+0000] {dag.py:3722} INFO - Setting next_dagrun for pizza_order_dag to 2023-12-22T06:33:31.340915+00:00, run_after=2023-12-23T06:33:31.340915+00:00
[2023-12-22T06:33:32.703+0000] {processor.py:179} INFO - Processing /opt/airflow/dags/pizza_order_dag.py took 1.604 seconds
[2023-12-22T06:34:03.281+0000] {processor.py:157} INFO - Started process (PID=103) to work on /opt/airflow/dags/pizza_order_dag.py
[2023-12-22T06:34:03.285+0000] {processor.py:829} INFO - Processing file /opt/airflow/dags/pizza_order_dag.py for tasks to queue
[2023-12-22T06:34:03.297+0000] {logging_mixin.py:154} INFO - [2023-12-22T06:34:03.296+0000] {dagbag.py:536} INFO - Filling up the DagBag from /opt/airflow/dags/pizza_order_dag.py
[2023-12-22T06:34:03.440+0000] {processor.py:839} INFO - DAG(s) dict_keys(['pizza_order_dag']) retrieved from /opt/airflow/dags/pizza_order_dag.py
[2023-12-22T06:34:04.157+0000] {logging_mixin.py:154} INFO - [2023-12-22T06:34:04.156+0000] {dag.py:2941} INFO - Sync 1 DAGs
[2023-12-22T06:34:04.275+0000] {logging_mixin.py:154} INFO - [2023-12-22T06:34:04.275+0000] {dag.py:3722} INFO - Setting next_dagrun for pizza_order_dag to 2023-12-22T06:34:03.399819+00:00, run_after=2023-12-23T06:34:03.399819+00:00
[2023-12-22T06:34:04.384+0000] {processor.py:179} INFO - Processing /opt/airflow/dags/pizza_order_dag.py took 1.113 seconds
[2023-12-22T06:34:34.526+0000] {processor.py:157} INFO - Started process (PID=112) to work on /opt/airflow/dags/pizza_order_dag.py
[2023-12-22T06:34:34.527+0000] {processor.py:829} INFO - Processing file /opt/airflow/dags/pizza_order_dag.py for tasks to queue
[2023-12-22T06:34:34.530+0000] {logging_mixin.py:154} INFO - [2023-12-22T06:34:34.529+0000] {dagbag.py:536} INFO - Filling up the DagBag from /opt/airflow/dags/pizza_order_dag.py
[2023-12-22T06:34:34.602+0000] {processor.py:839} INFO - DAG(s) dict_keys(['pizza_order_dag']) retrieved from /opt/airflow/dags/pizza_order_dag.py
[2023-12-22T06:34:34.990+0000] {logging_mixin.py:154} INFO - [2023-12-22T06:34:34.989+0000] {dag.py:2941} INFO - Sync 1 DAGs
[2023-12-22T06:34:35.032+0000] {logging_mixin.py:154} INFO - [2023-12-22T06:34:35.031+0000] {dag.py:3722} INFO - Setting next_dagrun for pizza_order_dag to 2023-12-22T06:34:34.566758+00:00, run_after=2023-12-23T06:34:34.566758+00:00
[2023-12-22T06:34:35.084+0000] {processor.py:179} INFO - Processing /opt/airflow/dags/pizza_order_dag.py took 0.565 seconds
[2023-12-22T06:35:05.418+0000] {processor.py:157} INFO - Started process (PID=121) to work on /opt/airflow/dags/pizza_order_dag.py
[2023-12-22T06:35:05.420+0000] {processor.py:829} INFO - Processing file /opt/airflow/dags/pizza_order_dag.py for tasks to queue
[2023-12-22T06:35:05.422+0000] {logging_mixin.py:154} INFO - [2023-12-22T06:35:05.422+0000] {dagbag.py:536} INFO - Filling up the DagBag from /opt/airflow/dags/pizza_order_dag.py
[2023-12-22T06:35:05.493+0000] {processor.py:839} INFO - DAG(s) dict_keys(['pizza_order_dag']) retrieved from /opt/airflow/dags/pizza_order_dag.py
[2023-12-22T06:35:05.807+0000] {logging_mixin.py:154} INFO - [2023-12-22T06:35:05.807+0000] {dag.py:2941} INFO - Sync 1 DAGs
[2023-12-22T06:35:05.862+0000] {logging_mixin.py:154} INFO - [2023-12-22T06:35:05.861+0000] {dag.py:3722} INFO - Setting next_dagrun for pizza_order_dag to 2023-12-22T06:35:05.473048+00:00, run_after=2023-12-23T06:35:05.473048+00:00
[2023-12-22T06:35:05.940+0000] {processor.py:179} INFO - Processing /opt/airflow/dags/pizza_order_dag.py took 0.536 seconds
[2023-12-22T06:35:36.257+0000] {processor.py:157} INFO - Started process (PID=130) to work on /opt/airflow/dags/pizza_order_dag.py
[2023-12-22T06:35:36.259+0000] {processor.py:829} INFO - Processing file /opt/airflow/dags/pizza_order_dag.py for tasks to queue
[2023-12-22T06:35:36.261+0000] {logging_mixin.py:154} INFO - [2023-12-22T06:35:36.261+0000] {dagbag.py:536} INFO - Filling up the DagBag from /opt/airflow/dags/pizza_order_dag.py
[2023-12-22T06:35:36.307+0000] {processor.py:839} INFO - DAG(s) dict_keys(['pizza_order_dag']) retrieved from /opt/airflow/dags/pizza_order_dag.py
[2023-12-22T06:35:36.548+0000] {logging_mixin.py:154} INFO - [2023-12-22T06:35:36.547+0000] {dag.py:2941} INFO - Sync 1 DAGs
[2023-12-22T06:35:36.598+0000] {logging_mixin.py:154} INFO - [2023-12-22T06:35:36.597+0000] {dag.py:3722} INFO - Setting next_dagrun for pizza_order_dag to 2023-12-22T06:35:36.285799+00:00, run_after=2023-12-23T06:35:36.285799+00:00
[2023-12-22T06:35:37.699+0000] {processor.py:179} INFO - Processing /opt/airflow/dags/pizza_order_dag.py took 1.451 seconds
[2023-12-22T06:36:08.003+0000] {processor.py:157} INFO - Started process (PID=139) to work on /opt/airflow/dags/pizza_order_dag.py
[2023-12-22T06:36:08.005+0000] {processor.py:829} INFO - Processing file /opt/airflow/dags/pizza_order_dag.py for tasks to queue
[2023-12-22T06:36:08.007+0000] {logging_mixin.py:154} INFO - [2023-12-22T06:36:08.007+0000] {dagbag.py:536} INFO - Filling up the DagBag from /opt/airflow/dags/pizza_order_dag.py
[2023-12-22T06:36:08.052+0000] {processor.py:839} INFO - DAG(s) dict_keys(['pizza_order_dag']) retrieved from /opt/airflow/dags/pizza_order_dag.py
[2023-12-22T06:36:08.273+0000] {logging_mixin.py:154} INFO - [2023-12-22T06:36:08.272+0000] {dag.py:2941} INFO - Sync 1 DAGs
[2023-12-22T06:36:08.308+0000] {logging_mixin.py:154} INFO - [2023-12-22T06:36:08.308+0000] {dag.py:3722} INFO - Setting next_dagrun for pizza_order_dag to 2023-12-22T06:36:08.032889+00:00, run_after=2023-12-23T06:36:08.032889+00:00
[2023-12-22T06:36:08.348+0000] {processor.py:179} INFO - Processing /opt/airflow/dags/pizza_order_dag.py took 0.352 seconds
[2023-12-22T06:36:38.983+0000] {processor.py:157} INFO - Started process (PID=148) to work on /opt/airflow/dags/pizza_order_dag.py
[2023-12-22T06:36:38.985+0000] {processor.py:829} INFO - Processing file /opt/airflow/dags/pizza_order_dag.py for tasks to queue
[2023-12-22T06:36:38.988+0000] {logging_mixin.py:154} INFO - [2023-12-22T06:36:38.987+0000] {dagbag.py:536} INFO - Filling up the DagBag from /opt/airflow/dags/pizza_order_dag.py
[2023-12-22T06:36:39.031+0000] {processor.py:839} INFO - DAG(s) dict_keys(['pizza_order_dag']) retrieved from /opt/airflow/dags/pizza_order_dag.py
[2023-12-22T06:36:39.221+0000] {logging_mixin.py:154} INFO - [2023-12-22T06:36:39.221+0000] {dag.py:2941} INFO - Sync 1 DAGs
[2023-12-22T06:36:39.254+0000] {logging_mixin.py:154} INFO - [2023-12-22T06:36:39.254+0000] {dag.py:3722} INFO - Setting next_dagrun for pizza_order_dag to 2023-12-22T06:36:39.018731+00:00, run_after=2023-12-23T06:36:39.018731+00:00
[2023-12-22T06:36:39.290+0000] {processor.py:179} INFO - Processing /opt/airflow/dags/pizza_order_dag.py took 0.315 seconds
[2023-12-22T06:37:09.613+0000] {processor.py:157} INFO - Started process (PID=158) to work on /opt/airflow/dags/pizza_order_dag.py
[2023-12-22T06:37:09.617+0000] {processor.py:829} INFO - Processing file /opt/airflow/dags/pizza_order_dag.py for tasks to queue
[2023-12-22T06:37:09.619+0000] {logging_mixin.py:154} INFO - [2023-12-22T06:37:09.619+0000] {dagbag.py:536} INFO - Filling up the DagBag from /opt/airflow/dags/pizza_order_dag.py
[2023-12-22T06:37:09.673+0000] {processor.py:839} INFO - DAG(s) dict_keys(['pizza_order_dag']) retrieved from /opt/airflow/dags/pizza_order_dag.py
[2023-12-22T06:37:09.928+0000] {logging_mixin.py:154} INFO - [2023-12-22T06:37:09.927+0000] {dag.py:2941} INFO - Sync 1 DAGs
[2023-12-22T06:37:09.982+0000] {logging_mixin.py:154} INFO - [2023-12-22T06:37:09.981+0000] {dag.py:3722} INFO - Setting next_dagrun for pizza_order_dag to 2023-12-22T06:37:09.650731+00:00, run_after=2023-12-23T06:37:09.650731+00:00
[2023-12-22T06:37:10.026+0000] {processor.py:179} INFO - Processing /opt/airflow/dags/pizza_order_dag.py took 0.427 seconds
[2023-12-22T06:37:40.373+0000] {processor.py:157} INFO - Started process (PID=167) to work on /opt/airflow/dags/pizza_order_dag.py
[2023-12-22T06:37:40.374+0000] {processor.py:829} INFO - Processing file /opt/airflow/dags/pizza_order_dag.py for tasks to queue
[2023-12-22T06:37:40.378+0000] {logging_mixin.py:154} INFO - [2023-12-22T06:37:40.377+0000] {dagbag.py:536} INFO - Filling up the DagBag from /opt/airflow/dags/pizza_order_dag.py
[2023-12-22T06:37:40.421+0000] {processor.py:839} INFO - DAG(s) dict_keys(['pizza_order_dag']) retrieved from /opt/airflow/dags/pizza_order_dag.py
[2023-12-22T06:37:40.640+0000] {logging_mixin.py:154} INFO - [2023-12-22T06:37:40.640+0000] {dag.py:2941} INFO - Sync 1 DAGs
[2023-12-22T06:37:40.672+0000] {logging_mixin.py:154} INFO - [2023-12-22T06:37:40.672+0000] {dag.py:3722} INFO - Setting next_dagrun for pizza_order_dag to 2023-12-22T06:37:40.404725+00:00, run_after=2023-12-23T06:37:40.404725+00:00
[2023-12-22T06:37:40.734+0000] {processor.py:179} INFO - Processing /opt/airflow/dags/pizza_order_dag.py took 0.369 seconds
[2023-12-22T06:38:11.019+0000] {processor.py:157} INFO - Started process (PID=176) to work on /opt/airflow/dags/pizza_order_dag.py
[2023-12-22T06:38:11.020+0000] {processor.py:829} INFO - Processing file /opt/airflow/dags/pizza_order_dag.py for tasks to queue
[2023-12-22T06:38:11.023+0000] {logging_mixin.py:154} INFO - [2023-12-22T06:38:11.022+0000] {dagbag.py:536} INFO - Filling up the DagBag from /opt/airflow/dags/pizza_order_dag.py
[2023-12-22T06:38:11.067+0000] {processor.py:839} INFO - DAG(s) dict_keys(['pizza_order_dag']) retrieved from /opt/airflow/dags/pizza_order_dag.py
[2023-12-22T06:38:11.274+0000] {logging_mixin.py:154} INFO - [2023-12-22T06:38:11.273+0000] {dag.py:2941} INFO - Sync 1 DAGs
[2023-12-22T06:38:11.306+0000] {logging_mixin.py:154} INFO - [2023-12-22T06:38:11.306+0000] {dag.py:3722} INFO - Setting next_dagrun for pizza_order_dag to 2023-12-22T06:38:11.051974+00:00, run_after=2023-12-23T06:38:11.051974+00:00
[2023-12-22T06:38:11.342+0000] {processor.py:179} INFO - Processing /opt/airflow/dags/pizza_order_dag.py took 0.329 seconds
[2023-12-22T15:44:34.322+0000] {processor.py:157} INFO - Started process (PID=35) to work on /opt/airflow/dags/pizza_order_dag.py
[2023-12-22T15:44:34.331+0000] {processor.py:829} INFO - Processing file /opt/airflow/dags/pizza_order_dag.py for tasks to queue
[2023-12-22T15:44:34.339+0000] {logging_mixin.py:154} INFO - [2023-12-22T15:44:34.338+0000] {dagbag.py:536} INFO - Filling up the DagBag from /opt/airflow/dags/pizza_order_dag.py
[2023-12-22T15:44:34.617+0000] {processor.py:839} INFO - DAG(s) dict_keys(['pizza_order_dag']) retrieved from /opt/airflow/dags/pizza_order_dag.py
[2023-12-22T15:44:38.093+0000] {logging_mixin.py:154} INFO - [2023-12-22T15:44:38.093+0000] {dag.py:2941} INFO - Sync 1 DAGs
[2023-12-22T15:44:40.264+0000] {logging_mixin.py:154} INFO - [2023-12-22T15:44:40.263+0000] {dag.py:3722} INFO - Setting next_dagrun for pizza_order_dag to 2023-12-22T15:44:34.505676+00:00, run_after=2023-12-23T15:44:34.505676+00:00
[2023-12-22T15:44:42.191+0000] {processor.py:179} INFO - Processing /opt/airflow/dags/pizza_order_dag.py took 7.876 seconds
[2023-12-22T15:45:12.850+0000] {processor.py:157} INFO - Started process (PID=45) to work on /opt/airflow/dags/pizza_order_dag.py
[2023-12-22T15:45:12.852+0000] {processor.py:829} INFO - Processing file /opt/airflow/dags/pizza_order_dag.py for tasks to queue
[2023-12-22T15:45:12.854+0000] {logging_mixin.py:154} INFO - [2023-12-22T15:45:12.853+0000] {dagbag.py:536} INFO - Filling up the DagBag from /opt/airflow/dags/pizza_order_dag.py
[2023-12-22T15:45:12.897+0000] {processor.py:839} INFO - DAG(s) dict_keys(['pizza_order_dag']) retrieved from /opt/airflow/dags/pizza_order_dag.py
[2023-12-22T15:45:13.147+0000] {logging_mixin.py:154} INFO - [2023-12-22T15:45:13.146+0000] {dag.py:2941} INFO - Sync 1 DAGs
[2023-12-22T15:45:13.199+0000] {logging_mixin.py:154} INFO - [2023-12-22T15:45:13.199+0000] {dag.py:3722} INFO - Setting next_dagrun for pizza_order_dag to 2023-12-22T15:45:12.882820+00:00, run_after=2023-12-23T15:45:12.882820+00:00
[2023-12-22T15:45:13.254+0000] {processor.py:179} INFO - Processing /opt/airflow/dags/pizza_order_dag.py took 0.412 seconds
[2023-12-22T15:45:43.409+0000] {processor.py:157} INFO - Started process (PID=55) to work on /opt/airflow/dags/pizza_order_dag.py
[2023-12-22T15:45:43.411+0000] {processor.py:829} INFO - Processing file /opt/airflow/dags/pizza_order_dag.py for tasks to queue
[2023-12-22T15:45:43.414+0000] {logging_mixin.py:154} INFO - [2023-12-22T15:45:43.413+0000] {dagbag.py:536} INFO - Filling up the DagBag from /opt/airflow/dags/pizza_order_dag.py
[2023-12-22T15:45:43.462+0000] {processor.py:839} INFO - DAG(s) dict_keys(['pizza_order_dag']) retrieved from /opt/airflow/dags/pizza_order_dag.py
[2023-12-22T15:45:43.707+0000] {logging_mixin.py:154} INFO - [2023-12-22T15:45:43.707+0000] {dag.py:2941} INFO - Sync 1 DAGs
[2023-12-22T15:45:43.739+0000] {logging_mixin.py:154} INFO - [2023-12-22T15:45:43.739+0000] {dag.py:3722} INFO - Setting next_dagrun for pizza_order_dag to 2023-12-22T15:45:43.444773+00:00, run_after=2023-12-23T15:45:43.444773+00:00
[2023-12-22T15:45:43.773+0000] {processor.py:179} INFO - Processing /opt/airflow/dags/pizza_order_dag.py took 0.379 seconds
[2023-12-22T15:46:13.975+0000] {processor.py:157} INFO - Started process (PID=64) to work on /opt/airflow/dags/pizza_order_dag.py
[2023-12-22T15:46:13.984+0000] {processor.py:829} INFO - Processing file /opt/airflow/dags/pizza_order_dag.py for tasks to queue
[2023-12-22T15:46:13.988+0000] {logging_mixin.py:154} INFO - [2023-12-22T15:46:13.987+0000] {dagbag.py:536} INFO - Filling up the DagBag from /opt/airflow/dags/pizza_order_dag.py
[2023-12-22T15:46:14.026+0000] {processor.py:839} INFO - DAG(s) dict_keys(['pizza_order_dag']) retrieved from /opt/airflow/dags/pizza_order_dag.py
[2023-12-22T15:46:14.615+0000] {logging_mixin.py:154} INFO - [2023-12-22T15:46:14.614+0000] {dag.py:2941} INFO - Sync 1 DAGs
[2023-12-22T15:46:14.679+0000] {logging_mixin.py:154} INFO - [2023-12-22T15:46:14.679+0000] {dag.py:3722} INFO - Setting next_dagrun for pizza_order_dag to 2023-12-22T15:46:14.011393+00:00, run_after=2023-12-23T15:46:14.011393+00:00
[2023-12-22T15:46:14.739+0000] {processor.py:179} INFO - Processing /opt/airflow/dags/pizza_order_dag.py took 0.776 seconds
[2023-12-22T15:46:44.856+0000] {processor.py:157} INFO - Started process (PID=73) to work on /opt/airflow/dags/pizza_order_dag.py
[2023-12-22T15:46:44.858+0000] {processor.py:829} INFO - Processing file /opt/airflow/dags/pizza_order_dag.py for tasks to queue
[2023-12-22T15:46:44.860+0000] {logging_mixin.py:154} INFO - [2023-12-22T15:46:44.859+0000] {dagbag.py:536} INFO - Filling up the DagBag from /opt/airflow/dags/pizza_order_dag.py
[2023-12-22T15:46:44.910+0000] {processor.py:839} INFO - DAG(s) dict_keys(['pizza_order_dag']) retrieved from /opt/airflow/dags/pizza_order_dag.py
[2023-12-22T15:46:45.231+0000] {logging_mixin.py:154} INFO - [2023-12-22T15:46:45.231+0000] {dag.py:2941} INFO - Sync 1 DAGs
[2023-12-22T15:46:45.281+0000] {logging_mixin.py:154} INFO - [2023-12-22T15:46:45.281+0000] {dag.py:3722} INFO - Setting next_dagrun for pizza_order_dag to 2023-12-22T15:46:44.888316+00:00, run_after=2023-12-23T15:46:44.888316+00:00
[2023-12-22T15:46:45.318+0000] {processor.py:179} INFO - Processing /opt/airflow/dags/pizza_order_dag.py took 0.472 seconds
[2023-12-22T15:47:16.018+0000] {processor.py:157} INFO - Started process (PID=81) to work on /opt/airflow/dags/pizza_order_dag.py
[2023-12-22T15:47:16.026+0000] {processor.py:829} INFO - Processing file /opt/airflow/dags/pizza_order_dag.py for tasks to queue
[2023-12-22T15:47:16.037+0000] {logging_mixin.py:154} INFO - [2023-12-22T15:47:16.031+0000] {dagbag.py:536} INFO - Filling up the DagBag from /opt/airflow/dags/pizza_order_dag.py
[2023-12-22T15:47:16.094+0000] {processor.py:839} INFO - DAG(s) dict_keys(['pizza_order_dag']) retrieved from /opt/airflow/dags/pizza_order_dag.py
[2023-12-22T15:47:16.384+0000] {logging_mixin.py:154} INFO - [2023-12-22T15:47:16.384+0000] {dag.py:2941} INFO - Sync 1 DAGs
[2023-12-22T15:47:16.423+0000] {logging_mixin.py:154} INFO - [2023-12-22T15:47:16.423+0000] {dag.py:3722} INFO - Setting next_dagrun for pizza_order_dag to 2023-12-22T15:47:16.074599+00:00, run_after=2023-12-23T15:47:16.074599+00:00
[2023-12-22T15:47:16.467+0000] {processor.py:179} INFO - Processing /opt/airflow/dags/pizza_order_dag.py took 0.493 seconds
[2023-12-22T15:47:46.915+0000] {processor.py:157} INFO - Started process (PID=91) to work on /opt/airflow/dags/pizza_order_dag.py
[2023-12-22T15:47:46.917+0000] {processor.py:829} INFO - Processing file /opt/airflow/dags/pizza_order_dag.py for tasks to queue
[2023-12-22T15:47:46.921+0000] {logging_mixin.py:154} INFO - [2023-12-22T15:47:46.920+0000] {dagbag.py:536} INFO - Filling up the DagBag from /opt/airflow/dags/pizza_order_dag.py
[2023-12-22T15:47:46.981+0000] {processor.py:839} INFO - DAG(s) dict_keys(['pizza_order_dag']) retrieved from /opt/airflow/dags/pizza_order_dag.py
[2023-12-22T15:47:47.321+0000] {logging_mixin.py:154} INFO - [2023-12-22T15:47:47.321+0000] {dag.py:2941} INFO - Sync 1 DAGs
[2023-12-22T15:47:47.689+0000] {logging_mixin.py:154} INFO - [2023-12-22T15:47:47.689+0000] {dag.py:3722} INFO - Setting next_dagrun for pizza_order_dag to 2023-12-22T15:47:46.958665+00:00, run_after=2023-12-23T15:47:46.958665+00:00
[2023-12-22T15:47:47.948+0000] {processor.py:179} INFO - Processing /opt/airflow/dags/pizza_order_dag.py took 1.051 seconds
[2023-12-22T15:48:18.382+0000] {processor.py:157} INFO - Started process (PID=100) to work on /opt/airflow/dags/pizza_order_dag.py
[2023-12-22T15:48:18.384+0000] {processor.py:829} INFO - Processing file /opt/airflow/dags/pizza_order_dag.py for tasks to queue
[2023-12-22T15:48:18.386+0000] {logging_mixin.py:154} INFO - [2023-12-22T15:48:18.386+0000] {dagbag.py:536} INFO - Filling up the DagBag from /opt/airflow/dags/pizza_order_dag.py
[2023-12-22T15:48:18.440+0000] {processor.py:839} INFO - DAG(s) dict_keys(['pizza_order_dag']) retrieved from /opt/airflow/dags/pizza_order_dag.py
[2023-12-22T15:48:18.697+0000] {logging_mixin.py:154} INFO - [2023-12-22T15:48:18.696+0000] {dag.py:2941} INFO - Sync 1 DAGs
[2023-12-22T15:48:18.753+0000] {logging_mixin.py:154} INFO - [2023-12-22T15:48:18.753+0000] {dag.py:3722} INFO - Setting next_dagrun for pizza_order_dag to 2023-12-22T15:48:18.416338+00:00, run_after=2023-12-23T15:48:18.416338+00:00
[2023-12-22T15:48:18.803+0000] {processor.py:179} INFO - Processing /opt/airflow/dags/pizza_order_dag.py took 0.432 seconds
[2023-12-22T15:48:49.065+0000] {processor.py:157} INFO - Started process (PID=109) to work on /opt/airflow/dags/pizza_order_dag.py
[2023-12-22T15:48:49.067+0000] {processor.py:829} INFO - Processing file /opt/airflow/dags/pizza_order_dag.py for tasks to queue
[2023-12-22T15:48:49.069+0000] {logging_mixin.py:154} INFO - [2023-12-22T15:48:49.069+0000] {dagbag.py:536} INFO - Filling up the DagBag from /opt/airflow/dags/pizza_order_dag.py
[2023-12-22T15:48:49.137+0000] {processor.py:839} INFO - DAG(s) dict_keys(['pizza_order_dag']) retrieved from /opt/airflow/dags/pizza_order_dag.py
[2023-12-22T15:48:49.582+0000] {logging_mixin.py:154} INFO - [2023-12-22T15:48:49.582+0000] {dag.py:2941} INFO - Sync 1 DAGs
[2023-12-22T15:48:49.671+0000] {logging_mixin.py:154} INFO - [2023-12-22T15:48:49.670+0000] {dag.py:3722} INFO - Setting next_dagrun for pizza_order_dag to 2023-12-22T15:48:49.111501+00:00, run_after=2023-12-23T15:48:49.111501+00:00
[2023-12-22T15:48:49.788+0000] {processor.py:179} INFO - Processing /opt/airflow/dags/pizza_order_dag.py took 0.738 seconds
[2023-12-22T15:49:20.385+0000] {processor.py:157} INFO - Started process (PID=118) to work on /opt/airflow/dags/pizza_order_dag.py
[2023-12-22T15:49:20.388+0000] {processor.py:829} INFO - Processing file /opt/airflow/dags/pizza_order_dag.py for tasks to queue
[2023-12-22T15:49:20.393+0000] {logging_mixin.py:154} INFO - [2023-12-22T15:49:20.392+0000] {dagbag.py:536} INFO - Filling up the DagBag from /opt/airflow/dags/pizza_order_dag.py
[2023-12-22T15:49:20.517+0000] {processor.py:839} INFO - DAG(s) dict_keys(['pizza_order_dag']) retrieved from /opt/airflow/dags/pizza_order_dag.py
[2023-12-22T15:49:21.079+0000] {logging_mixin.py:154} INFO - [2023-12-22T15:49:21.078+0000] {dag.py:2941} INFO - Sync 1 DAGs
[2023-12-22T15:49:21.189+0000] {logging_mixin.py:154} INFO - [2023-12-22T15:49:21.188+0000] {dag.py:3722} INFO - Setting next_dagrun for pizza_order_dag to 2023-12-22T15:49:20.483859+00:00, run_after=2023-12-23T15:49:20.483859+00:00
[2023-12-22T15:49:21.255+0000] {processor.py:179} INFO - Processing /opt/airflow/dags/pizza_order_dag.py took 0.887 seconds
