[2023-12-22T06:31:23.008+0000] {processor.py:157} INFO - Started process (PID=60) to work on /opt/airflow/dags/pizza_dag.py
[2023-12-22T06:31:23.021+0000] {processor.py:829} INFO - Processing file /opt/airflow/dags/pizza_dag.py for tasks to queue
[2023-12-22T06:31:23.031+0000] {logging_mixin.py:154} INFO - [2023-12-22T06:31:23.031+0000] {dagbag.py:536} INFO - Filling up the DagBag from /opt/airflow/dags/pizza_dag.py
[2023-12-22T06:31:23.256+0000] {processor.py:839} INFO - DAG(s) dict_keys(['pizza_dag']) retrieved from /opt/airflow/dags/pizza_dag.py
[2023-12-22T06:31:24.102+0000] {logging_mixin.py:154} INFO - [2023-12-22T06:31:24.101+0000] {manager.py:499} INFO - Created Permission View: %s
[2023-12-22T06:31:24.153+0000] {logging_mixin.py:154} INFO - [2023-12-22T06:31:24.152+0000] {manager.py:499} INFO - Created Permission View: %s
[2023-12-22T06:31:24.181+0000] {logging_mixin.py:154} INFO - [2023-12-22T06:31:24.181+0000] {manager.py:499} INFO - Created Permission View: %s
[2023-12-22T06:31:24.183+0000] {logging_mixin.py:154} INFO - [2023-12-22T06:31:24.183+0000] {dag.py:2941} INFO - Sync 1 DAGs
[2023-12-22T06:31:24.235+0000] {logging_mixin.py:154} INFO - [2023-12-22T06:31:24.234+0000] {dag.py:2963} INFO - Creating ORM DAG for pizza_dag
[2023-12-22T06:31:24.276+0000] {logging_mixin.py:154} INFO - [2023-12-22T06:31:24.276+0000] {dag.py:3722} INFO - Setting next_dagrun for pizza_dag to 2023-12-22T06:31:23.217121+00:00, run_after=2023-12-23T06:31:23.217121+00:00
[2023-12-22T06:31:24.355+0000] {processor.py:179} INFO - Processing /opt/airflow/dags/pizza_dag.py took 1.365 seconds
[2023-12-22T06:31:55.005+0000] {processor.py:157} INFO - Started process (PID=69) to work on /opt/airflow/dags/pizza_dag.py
[2023-12-22T06:31:55.008+0000] {processor.py:829} INFO - Processing file /opt/airflow/dags/pizza_dag.py for tasks to queue
[2023-12-22T06:31:55.011+0000] {logging_mixin.py:154} INFO - [2023-12-22T06:31:55.009+0000] {dagbag.py:536} INFO - Filling up the DagBag from /opt/airflow/dags/pizza_dag.py
[2023-12-22T06:31:55.067+0000] {processor.py:839} INFO - DAG(s) dict_keys(['pizza_dag']) retrieved from /opt/airflow/dags/pizza_dag.py
[2023-12-22T06:31:55.606+0000] {logging_mixin.py:154} INFO - [2023-12-22T06:31:55.606+0000] {dag.py:2941} INFO - Sync 1 DAGs
[2023-12-22T06:31:55.685+0000] {logging_mixin.py:154} INFO - [2023-12-22T06:31:55.684+0000] {dag.py:3722} INFO - Setting next_dagrun for pizza_dag to 2023-12-22T06:31:55.040163+00:00, run_after=2023-12-23T06:31:55.040163+00:00
[2023-12-22T06:31:55.753+0000] {processor.py:179} INFO - Processing /opt/airflow/dags/pizza_dag.py took 0.754 seconds
[2023-12-22T06:32:26.273+0000] {processor.py:157} INFO - Started process (PID=78) to work on /opt/airflow/dags/pizza_dag.py
[2023-12-22T06:32:26.277+0000] {processor.py:829} INFO - Processing file /opt/airflow/dags/pizza_dag.py for tasks to queue
[2023-12-22T06:32:26.280+0000] {logging_mixin.py:154} INFO - [2023-12-22T06:32:26.279+0000] {dagbag.py:536} INFO - Filling up the DagBag from /opt/airflow/dags/pizza_dag.py
[2023-12-22T06:32:26.340+0000] {processor.py:839} INFO - DAG(s) dict_keys(['pizza_dag']) retrieved from /opt/airflow/dags/pizza_dag.py
[2023-12-22T06:32:26.876+0000] {logging_mixin.py:154} INFO - [2023-12-22T06:32:26.875+0000] {dag.py:2941} INFO - Sync 1 DAGs
[2023-12-22T06:32:27.073+0000] {logging_mixin.py:154} INFO - [2023-12-22T06:32:27.072+0000] {dag.py:3722} INFO - Setting next_dagrun for pizza_dag to 2023-12-22T06:32:26.316405+00:00, run_after=2023-12-23T06:32:26.316405+00:00
[2023-12-22T06:32:27.160+0000] {processor.py:179} INFO - Processing /opt/airflow/dags/pizza_dag.py took 0.894 seconds
[2023-12-22T06:32:57.779+0000] {processor.py:157} INFO - Started process (PID=87) to work on /opt/airflow/dags/pizza_dag.py
[2023-12-22T06:32:57.782+0000] {processor.py:829} INFO - Processing file /opt/airflow/dags/pizza_dag.py for tasks to queue
[2023-12-22T06:32:57.804+0000] {logging_mixin.py:154} INFO - [2023-12-22T06:32:57.786+0000] {dagbag.py:536} INFO - Filling up the DagBag from /opt/airflow/dags/pizza_dag.py
[2023-12-22T06:32:57.941+0000] {processor.py:839} INFO - DAG(s) dict_keys(['pizza_dag']) retrieved from /opt/airflow/dags/pizza_dag.py
[2023-12-22T06:32:59.258+0000] {logging_mixin.py:154} INFO - [2023-12-22T06:32:59.257+0000] {dag.py:2941} INFO - Sync 1 DAGs
[2023-12-22T06:32:59.436+0000] {logging_mixin.py:154} INFO - [2023-12-22T06:32:59.436+0000] {dag.py:3722} INFO - Setting next_dagrun for pizza_dag to 2023-12-22T06:32:57.873147+00:00, run_after=2023-12-23T06:32:57.873147+00:00
[2023-12-22T06:32:59.801+0000] {processor.py:179} INFO - Processing /opt/airflow/dags/pizza_dag.py took 2.042 seconds
[2023-12-22T06:33:31.185+0000] {processor.py:157} INFO - Started process (PID=96) to work on /opt/airflow/dags/pizza_dag.py
[2023-12-22T06:33:31.196+0000] {processor.py:829} INFO - Processing file /opt/airflow/dags/pizza_dag.py for tasks to queue
[2023-12-22T06:33:31.201+0000] {logging_mixin.py:154} INFO - [2023-12-22T06:33:31.200+0000] {dagbag.py:536} INFO - Filling up the DagBag from /opt/airflow/dags/pizza_dag.py
[2023-12-22T06:33:31.394+0000] {processor.py:839} INFO - DAG(s) dict_keys(['pizza_dag']) retrieved from /opt/airflow/dags/pizza_dag.py
[2023-12-22T06:33:32.183+0000] {logging_mixin.py:154} INFO - [2023-12-22T06:33:32.183+0000] {dag.py:2941} INFO - Sync 1 DAGs
[2023-12-22T06:33:32.385+0000] {logging_mixin.py:154} INFO - [2023-12-22T06:33:32.385+0000] {dag.py:3722} INFO - Setting next_dagrun for pizza_dag to 2023-12-22T06:33:31.372205+00:00, run_after=2023-12-23T06:33:31.372205+00:00
[2023-12-22T06:33:32.668+0000] {processor.py:179} INFO - Processing /opt/airflow/dags/pizza_dag.py took 1.501 seconds
[2023-12-22T06:34:03.261+0000] {processor.py:157} INFO - Started process (PID=104) to work on /opt/airflow/dags/pizza_dag.py
[2023-12-22T06:34:03.276+0000] {processor.py:829} INFO - Processing file /opt/airflow/dags/pizza_dag.py for tasks to queue
[2023-12-22T06:34:03.282+0000] {logging_mixin.py:154} INFO - [2023-12-22T06:34:03.281+0000] {dagbag.py:536} INFO - Filling up the DagBag from /opt/airflow/dags/pizza_dag.py
[2023-12-22T06:34:03.448+0000] {processor.py:839} INFO - DAG(s) dict_keys(['pizza_dag']) retrieved from /opt/airflow/dags/pizza_dag.py
[2023-12-22T06:34:04.091+0000] {logging_mixin.py:154} INFO - [2023-12-22T06:34:04.091+0000] {dag.py:2941} INFO - Sync 1 DAGs
[2023-12-22T06:34:04.227+0000] {logging_mixin.py:154} INFO - [2023-12-22T06:34:04.226+0000] {dag.py:3722} INFO - Setting next_dagrun for pizza_dag to 2023-12-22T06:34:03.417982+00:00, run_after=2023-12-23T06:34:03.417982+00:00
[2023-12-22T06:34:04.327+0000] {processor.py:179} INFO - Processing /opt/airflow/dags/pizza_dag.py took 1.084 seconds
[2023-12-22T06:34:34.581+0000] {processor.py:157} INFO - Started process (PID=113) to work on /opt/airflow/dags/pizza_dag.py
[2023-12-22T06:34:34.582+0000] {processor.py:829} INFO - Processing file /opt/airflow/dags/pizza_dag.py for tasks to queue
[2023-12-22T06:34:34.585+0000] {logging_mixin.py:154} INFO - [2023-12-22T06:34:34.584+0000] {dagbag.py:536} INFO - Filling up the DagBag from /opt/airflow/dags/pizza_dag.py
[2023-12-22T06:34:34.639+0000] {processor.py:839} INFO - DAG(s) dict_keys(['pizza_dag']) retrieved from /opt/airflow/dags/pizza_dag.py
[2023-12-22T06:34:34.993+0000] {logging_mixin.py:154} INFO - [2023-12-22T06:34:34.992+0000] {dag.py:2941} INFO - Sync 1 DAGs
[2023-12-22T06:34:35.034+0000] {logging_mixin.py:154} INFO - [2023-12-22T06:34:35.033+0000] {dag.py:3722} INFO - Setting next_dagrun for pizza_dag to 2023-12-22T06:34:34.619592+00:00, run_after=2023-12-23T06:34:34.619592+00:00
[2023-12-22T06:34:35.077+0000] {processor.py:179} INFO - Processing /opt/airflow/dags/pizza_dag.py took 0.522 seconds
[2023-12-22T06:35:05.464+0000] {processor.py:157} INFO - Started process (PID=122) to work on /opt/airflow/dags/pizza_dag.py
[2023-12-22T06:35:05.466+0000] {processor.py:829} INFO - Processing file /opt/airflow/dags/pizza_dag.py for tasks to queue
[2023-12-22T06:35:05.468+0000] {logging_mixin.py:154} INFO - [2023-12-22T06:35:05.467+0000] {dagbag.py:536} INFO - Filling up the DagBag from /opt/airflow/dags/pizza_dag.py
[2023-12-22T06:35:05.544+0000] {processor.py:839} INFO - DAG(s) dict_keys(['pizza_dag']) retrieved from /opt/airflow/dags/pizza_dag.py
[2023-12-22T06:35:05.846+0000] {logging_mixin.py:154} INFO - [2023-12-22T06:35:05.846+0000] {dag.py:2941} INFO - Sync 1 DAGs
[2023-12-22T06:35:05.901+0000] {logging_mixin.py:154} INFO - [2023-12-22T06:35:05.900+0000] {dag.py:3722} INFO - Setting next_dagrun for pizza_dag to 2023-12-22T06:35:05.523926+00:00, run_after=2023-12-23T06:35:05.523926+00:00
[2023-12-22T06:35:05.981+0000] {processor.py:179} INFO - Processing /opt/airflow/dags/pizza_dag.py took 0.533 seconds
[2023-12-22T06:35:36.283+0000] {processor.py:157} INFO - Started process (PID=131) to work on /opt/airflow/dags/pizza_dag.py
[2023-12-22T06:35:36.285+0000] {processor.py:829} INFO - Processing file /opt/airflow/dags/pizza_dag.py for tasks to queue
[2023-12-22T06:35:36.287+0000] {logging_mixin.py:154} INFO - [2023-12-22T06:35:36.286+0000] {dagbag.py:536} INFO - Filling up the DagBag from /opt/airflow/dags/pizza_dag.py
[2023-12-22T06:35:36.329+0000] {processor.py:839} INFO - DAG(s) dict_keys(['pizza_dag']) retrieved from /opt/airflow/dags/pizza_dag.py
[2023-12-22T06:35:36.572+0000] {logging_mixin.py:154} INFO - [2023-12-22T06:35:36.571+0000] {dag.py:2941} INFO - Sync 1 DAGs
[2023-12-22T06:35:36.615+0000] {logging_mixin.py:154} INFO - [2023-12-22T06:35:36.615+0000] {dag.py:3722} INFO - Setting next_dagrun for pizza_dag to 2023-12-22T06:35:36.311414+00:00, run_after=2023-12-23T06:35:36.311414+00:00
[2023-12-22T06:35:37.686+0000] {processor.py:179} INFO - Processing /opt/airflow/dags/pizza_dag.py took 1.412 seconds
[2023-12-22T06:36:08.015+0000] {processor.py:157} INFO - Started process (PID=140) to work on /opt/airflow/dags/pizza_dag.py
[2023-12-22T06:36:08.017+0000] {processor.py:829} INFO - Processing file /opt/airflow/dags/pizza_dag.py for tasks to queue
[2023-12-22T06:36:08.020+0000] {logging_mixin.py:154} INFO - [2023-12-22T06:36:08.019+0000] {dagbag.py:536} INFO - Filling up the DagBag from /opt/airflow/dags/pizza_dag.py
[2023-12-22T06:36:08.063+0000] {processor.py:839} INFO - DAG(s) dict_keys(['pizza_dag']) retrieved from /opt/airflow/dags/pizza_dag.py
[2023-12-22T06:36:08.293+0000] {logging_mixin.py:154} INFO - [2023-12-22T06:36:08.293+0000] {dag.py:2941} INFO - Sync 1 DAGs
[2023-12-22T06:36:08.333+0000] {logging_mixin.py:154} INFO - [2023-12-22T06:36:08.333+0000] {dag.py:3722} INFO - Setting next_dagrun for pizza_dag to 2023-12-22T06:36:08.044318+00:00, run_after=2023-12-23T06:36:08.044318+00:00
[2023-12-22T06:36:08.375+0000] {processor.py:179} INFO - Processing /opt/airflow/dags/pizza_dag.py took 0.366 seconds
[2023-12-22T06:36:39.001+0000] {processor.py:157} INFO - Started process (PID=149) to work on /opt/airflow/dags/pizza_dag.py
[2023-12-22T06:36:39.003+0000] {processor.py:829} INFO - Processing file /opt/airflow/dags/pizza_dag.py for tasks to queue
[2023-12-22T06:36:39.006+0000] {logging_mixin.py:154} INFO - [2023-12-22T06:36:39.005+0000] {dagbag.py:536} INFO - Filling up the DagBag from /opt/airflow/dags/pizza_dag.py
[2023-12-22T06:36:39.041+0000] {processor.py:839} INFO - DAG(s) dict_keys(['pizza_dag']) retrieved from /opt/airflow/dags/pizza_dag.py
[2023-12-22T06:36:39.235+0000] {logging_mixin.py:154} INFO - [2023-12-22T06:36:39.235+0000] {dag.py:2941} INFO - Sync 1 DAGs
[2023-12-22T06:36:39.271+0000] {logging_mixin.py:154} INFO - [2023-12-22T06:36:39.270+0000] {dag.py:3722} INFO - Setting next_dagrun for pizza_dag to 2023-12-22T06:36:39.028948+00:00, run_after=2023-12-23T06:36:39.028948+00:00
[2023-12-22T06:36:39.308+0000] {processor.py:179} INFO - Processing /opt/airflow/dags/pizza_dag.py took 0.317 seconds
[2023-12-22T06:37:09.628+0000] {processor.py:157} INFO - Started process (PID=159) to work on /opt/airflow/dags/pizza_dag.py
[2023-12-22T06:37:09.631+0000] {processor.py:829} INFO - Processing file /opt/airflow/dags/pizza_dag.py for tasks to queue
[2023-12-22T06:37:09.633+0000] {logging_mixin.py:154} INFO - [2023-12-22T06:37:09.633+0000] {dagbag.py:536} INFO - Filling up the DagBag from /opt/airflow/dags/pizza_dag.py
[2023-12-22T06:37:09.682+0000] {processor.py:839} INFO - DAG(s) dict_keys(['pizza_dag']) retrieved from /opt/airflow/dags/pizza_dag.py
[2023-12-22T06:37:09.921+0000] {logging_mixin.py:154} INFO - [2023-12-22T06:37:09.920+0000] {dag.py:2941} INFO - Sync 1 DAGs
[2023-12-22T06:37:09.973+0000] {logging_mixin.py:154} INFO - [2023-12-22T06:37:09.973+0000] {dag.py:3722} INFO - Setting next_dagrun for pizza_dag to 2023-12-22T06:37:09.666305+00:00, run_after=2023-12-23T06:37:09.666305+00:00
[2023-12-22T06:37:10.018+0000] {processor.py:179} INFO - Processing /opt/airflow/dags/pizza_dag.py took 0.397 seconds
[2023-12-22T06:37:40.391+0000] {processor.py:157} INFO - Started process (PID=168) to work on /opt/airflow/dags/pizza_dag.py
[2023-12-22T06:37:40.393+0000] {processor.py:829} INFO - Processing file /opt/airflow/dags/pizza_dag.py for tasks to queue
[2023-12-22T06:37:40.395+0000] {logging_mixin.py:154} INFO - [2023-12-22T06:37:40.395+0000] {dagbag.py:536} INFO - Filling up the DagBag from /opt/airflow/dags/pizza_dag.py
[2023-12-22T06:37:40.435+0000] {processor.py:839} INFO - DAG(s) dict_keys(['pizza_dag']) retrieved from /opt/airflow/dags/pizza_dag.py
[2023-12-22T06:37:40.651+0000] {logging_mixin.py:154} INFO - [2023-12-22T06:37:40.650+0000] {dag.py:2941} INFO - Sync 1 DAGs
[2023-12-22T06:37:40.685+0000] {logging_mixin.py:154} INFO - [2023-12-22T06:37:40.684+0000] {dag.py:3722} INFO - Setting next_dagrun for pizza_dag to 2023-12-22T06:37:40.421520+00:00, run_after=2023-12-23T06:37:40.421520+00:00
[2023-12-22T06:37:40.739+0000] {processor.py:179} INFO - Processing /opt/airflow/dags/pizza_dag.py took 0.355 seconds
[2023-12-22T06:38:11.036+0000] {processor.py:157} INFO - Started process (PID=177) to work on /opt/airflow/dags/pizza_dag.py
[2023-12-22T06:38:11.037+0000] {processor.py:829} INFO - Processing file /opt/airflow/dags/pizza_dag.py for tasks to queue
[2023-12-22T06:38:11.041+0000] {logging_mixin.py:154} INFO - [2023-12-22T06:38:11.039+0000] {dagbag.py:536} INFO - Filling up the DagBag from /opt/airflow/dags/pizza_dag.py
[2023-12-22T06:38:11.079+0000] {processor.py:839} INFO - DAG(s) dict_keys(['pizza_dag']) retrieved from /opt/airflow/dags/pizza_dag.py
[2023-12-22T06:38:11.274+0000] {logging_mixin.py:154} INFO - [2023-12-22T06:38:11.273+0000] {dag.py:2941} INFO - Sync 1 DAGs
[2023-12-22T06:38:11.306+0000] {logging_mixin.py:154} INFO - [2023-12-22T06:38:11.306+0000] {dag.py:3722} INFO - Setting next_dagrun for pizza_dag to 2023-12-22T06:38:11.065566+00:00, run_after=2023-12-23T06:38:11.065566+00:00
[2023-12-22T06:38:11.342+0000] {processor.py:179} INFO - Processing /opt/airflow/dags/pizza_dag.py took 0.315 seconds
[2023-12-22T15:44:34.479+0000] {processor.py:157} INFO - Started process (PID=36) to work on /opt/airflow/dags/pizza_dag.py
[2023-12-22T15:44:34.481+0000] {processor.py:829} INFO - Processing file /opt/airflow/dags/pizza_dag.py for tasks to queue
[2023-12-22T15:44:34.486+0000] {logging_mixin.py:154} INFO - [2023-12-22T15:44:34.486+0000] {dagbag.py:536} INFO - Filling up the DagBag from /opt/airflow/dags/pizza_dag.py
[2023-12-22T15:44:34.622+0000] {processor.py:839} INFO - DAG(s) dict_keys(['pizza_dag']) retrieved from /opt/airflow/dags/pizza_dag.py
[2023-12-22T15:44:38.869+0000] {logging_mixin.py:154} INFO - [2023-12-22T15:44:38.868+0000] {dag.py:2941} INFO - Sync 1 DAGs
[2023-12-22T15:44:40.423+0000] {logging_mixin.py:154} INFO - [2023-12-22T15:44:40.422+0000] {dag.py:3722} INFO - Setting next_dagrun for pizza_dag to 2023-12-22T15:44:34.542851+00:00, run_after=2023-12-23T15:44:34.542851+00:00
[2023-12-22T15:44:42.017+0000] {processor.py:179} INFO - Processing /opt/airflow/dags/pizza_dag.py took 7.580 seconds
[2023-12-22T15:45:12.225+0000] {processor.py:157} INFO - Started process (PID=44) to work on /opt/airflow/dags/pizza_dag.py
[2023-12-22T15:45:12.229+0000] {processor.py:829} INFO - Processing file /opt/airflow/dags/pizza_dag.py for tasks to queue
[2023-12-22T15:45:12.235+0000] {logging_mixin.py:154} INFO - [2023-12-22T15:45:12.234+0000] {dagbag.py:536} INFO - Filling up the DagBag from /opt/airflow/dags/pizza_dag.py
[2023-12-22T15:45:12.339+0000] {processor.py:839} INFO - DAG(s) dict_keys(['pizza_dag']) retrieved from /opt/airflow/dags/pizza_dag.py
[2023-12-22T15:45:12.654+0000] {logging_mixin.py:154} INFO - [2023-12-22T15:45:12.653+0000] {dag.py:2941} INFO - Sync 1 DAGs
[2023-12-22T15:45:12.719+0000] {logging_mixin.py:154} INFO - [2023-12-22T15:45:12.718+0000] {dag.py:3722} INFO - Setting next_dagrun for pizza_dag to 2023-12-22T15:45:12.293546+00:00, run_after=2023-12-23T15:45:12.293546+00:00
[2023-12-22T15:45:12.789+0000] {processor.py:179} INFO - Processing /opt/airflow/dags/pizza_dag.py took 0.576 seconds
[2023-12-22T15:45:42.911+0000] {processor.py:157} INFO - Started process (PID=54) to work on /opt/airflow/dags/pizza_dag.py
[2023-12-22T15:45:42.913+0000] {processor.py:829} INFO - Processing file /opt/airflow/dags/pizza_dag.py for tasks to queue
[2023-12-22T15:45:42.921+0000] {logging_mixin.py:154} INFO - [2023-12-22T15:45:42.918+0000] {dagbag.py:536} INFO - Filling up the DagBag from /opt/airflow/dags/pizza_dag.py
[2023-12-22T15:45:43.007+0000] {processor.py:839} INFO - DAG(s) dict_keys(['pizza_dag']) retrieved from /opt/airflow/dags/pizza_dag.py
[2023-12-22T15:45:43.245+0000] {logging_mixin.py:154} INFO - [2023-12-22T15:45:43.245+0000] {dag.py:2941} INFO - Sync 1 DAGs
[2023-12-22T15:45:43.288+0000] {logging_mixin.py:154} INFO - [2023-12-22T15:45:43.288+0000] {dag.py:3722} INFO - Setting next_dagrun for pizza_dag to 2023-12-22T15:45:42.977911+00:00, run_after=2023-12-23T15:45:42.977911+00:00
[2023-12-22T15:45:43.332+0000] {processor.py:179} INFO - Processing /opt/airflow/dags/pizza_dag.py took 0.457 seconds
[2023-12-22T15:46:13.404+0000] {processor.py:157} INFO - Started process (PID=63) to work on /opt/airflow/dags/pizza_dag.py
[2023-12-22T15:46:13.406+0000] {processor.py:829} INFO - Processing file /opt/airflow/dags/pizza_dag.py for tasks to queue
[2023-12-22T15:46:13.408+0000] {logging_mixin.py:154} INFO - [2023-12-22T15:46:13.407+0000] {dagbag.py:536} INFO - Filling up the DagBag from /opt/airflow/dags/pizza_dag.py
[2023-12-22T15:46:13.443+0000] {processor.py:839} INFO - DAG(s) dict_keys(['pizza_dag']) retrieved from /opt/airflow/dags/pizza_dag.py
[2023-12-22T15:46:13.797+0000] {logging_mixin.py:154} INFO - [2023-12-22T15:46:13.797+0000] {dag.py:2941} INFO - Sync 1 DAGs
[2023-12-22T15:46:13.869+0000] {logging_mixin.py:154} INFO - [2023-12-22T15:46:13.868+0000] {dag.py:3722} INFO - Setting next_dagrun for pizza_dag to 2023-12-22T15:46:13.428959+00:00, run_after=2023-12-23T15:46:13.428959+00:00
[2023-12-22T15:46:13.938+0000] {processor.py:179} INFO - Processing /opt/airflow/dags/pizza_dag.py took 0.541 seconds
[2023-12-22T15:46:44.600+0000] {processor.py:157} INFO - Started process (PID=72) to work on /opt/airflow/dags/pizza_dag.py
[2023-12-22T15:46:44.605+0000] {processor.py:829} INFO - Processing file /opt/airflow/dags/pizza_dag.py for tasks to queue
[2023-12-22T15:46:44.611+0000] {logging_mixin.py:154} INFO - [2023-12-22T15:46:44.609+0000] {dagbag.py:536} INFO - Filling up the DagBag from /opt/airflow/dags/pizza_dag.py
[2023-12-22T15:46:44.746+0000] {processor.py:839} INFO - DAG(s) dict_keys(['pizza_dag']) retrieved from /opt/airflow/dags/pizza_dag.py
[2023-12-22T15:46:45.147+0000] {logging_mixin.py:154} INFO - [2023-12-22T15:46:45.147+0000] {dag.py:2941} INFO - Sync 1 DAGs
[2023-12-22T15:46:45.202+0000] {logging_mixin.py:154} INFO - [2023-12-22T15:46:45.201+0000] {dag.py:3722} INFO - Setting next_dagrun for pizza_dag to 2023-12-22T15:46:44.678607+00:00, run_after=2023-12-23T15:46:44.678607+00:00
[2023-12-22T15:46:45.247+0000] {processor.py:179} INFO - Processing /opt/airflow/dags/pizza_dag.py took 0.670 seconds
[2023-12-22T15:47:16.046+0000] {processor.py:157} INFO - Started process (PID=82) to work on /opt/airflow/dags/pizza_dag.py
[2023-12-22T15:47:16.049+0000] {processor.py:829} INFO - Processing file /opt/airflow/dags/pizza_dag.py for tasks to queue
[2023-12-22T15:47:16.053+0000] {logging_mixin.py:154} INFO - [2023-12-22T15:47:16.051+0000] {dagbag.py:536} INFO - Filling up the DagBag from /opt/airflow/dags/pizza_dag.py
[2023-12-22T15:47:16.101+0000] {processor.py:839} INFO - DAG(s) dict_keys(['pizza_dag']) retrieved from /opt/airflow/dags/pizza_dag.py
[2023-12-22T15:47:16.386+0000] {logging_mixin.py:154} INFO - [2023-12-22T15:47:16.386+0000] {dag.py:2941} INFO - Sync 1 DAGs
[2023-12-22T15:47:16.424+0000] {logging_mixin.py:154} INFO - [2023-12-22T15:47:16.424+0000] {dag.py:3722} INFO - Setting next_dagrun for pizza_dag to 2023-12-22T15:47:16.082909+00:00, run_after=2023-12-23T15:47:16.082909+00:00
[2023-12-22T15:47:16.468+0000] {processor.py:179} INFO - Processing /opt/airflow/dags/pizza_dag.py took 0.442 seconds
[2023-12-22T15:47:46.927+0000] {processor.py:157} INFO - Started process (PID=92) to work on /opt/airflow/dags/pizza_dag.py
[2023-12-22T15:47:46.930+0000] {processor.py:829} INFO - Processing file /opt/airflow/dags/pizza_dag.py for tasks to queue
[2023-12-22T15:47:46.932+0000] {logging_mixin.py:154} INFO - [2023-12-22T15:47:46.932+0000] {dagbag.py:536} INFO - Filling up the DagBag from /opt/airflow/dags/pizza_dag.py
[2023-12-22T15:47:46.989+0000] {processor.py:839} INFO - DAG(s) dict_keys(['pizza_dag']) retrieved from /opt/airflow/dags/pizza_dag.py
[2023-12-22T15:47:47.353+0000] {logging_mixin.py:154} INFO - [2023-12-22T15:47:47.352+0000] {dag.py:2941} INFO - Sync 1 DAGs
[2023-12-22T15:47:47.659+0000] {logging_mixin.py:154} INFO - [2023-12-22T15:47:47.658+0000] {dag.py:3722} INFO - Setting next_dagrun for pizza_dag to 2023-12-22T15:47:46.967620+00:00, run_after=2023-12-23T15:47:46.967620+00:00
[2023-12-22T15:47:47.922+0000] {processor.py:179} INFO - Processing /opt/airflow/dags/pizza_dag.py took 1.008 seconds
[2023-12-22T15:48:18.406+0000] {processor.py:157} INFO - Started process (PID=101) to work on /opt/airflow/dags/pizza_dag.py
[2023-12-22T15:48:18.408+0000] {processor.py:829} INFO - Processing file /opt/airflow/dags/pizza_dag.py for tasks to queue
[2023-12-22T15:48:18.411+0000] {logging_mixin.py:154} INFO - [2023-12-22T15:48:18.411+0000] {dagbag.py:536} INFO - Filling up the DagBag from /opt/airflow/dags/pizza_dag.py
[2023-12-22T15:48:18.470+0000] {processor.py:839} INFO - DAG(s) dict_keys(['pizza_dag']) retrieved from /opt/airflow/dags/pizza_dag.py
[2023-12-22T15:48:18.707+0000] {logging_mixin.py:154} INFO - [2023-12-22T15:48:18.707+0000] {dag.py:2941} INFO - Sync 1 DAGs
[2023-12-22T15:48:18.765+0000] {logging_mixin.py:154} INFO - [2023-12-22T15:48:18.764+0000] {dag.py:3722} INFO - Setting next_dagrun for pizza_dag to 2023-12-22T15:48:18.451485+00:00, run_after=2023-12-23T15:48:18.451485+00:00
[2023-12-22T15:48:18.808+0000] {processor.py:179} INFO - Processing /opt/airflow/dags/pizza_dag.py took 0.416 seconds
[2023-12-22T15:48:49.088+0000] {processor.py:157} INFO - Started process (PID=110) to work on /opt/airflow/dags/pizza_dag.py
[2023-12-22T15:48:49.090+0000] {processor.py:829} INFO - Processing file /opt/airflow/dags/pizza_dag.py for tasks to queue
[2023-12-22T15:48:49.092+0000] {logging_mixin.py:154} INFO - [2023-12-22T15:48:49.091+0000] {dagbag.py:536} INFO - Filling up the DagBag from /opt/airflow/dags/pizza_dag.py
[2023-12-22T15:48:49.163+0000] {processor.py:839} INFO - DAG(s) dict_keys(['pizza_dag']) retrieved from /opt/airflow/dags/pizza_dag.py
[2023-12-22T15:48:49.604+0000] {logging_mixin.py:154} INFO - [2023-12-22T15:48:49.603+0000] {dag.py:2941} INFO - Sync 1 DAGs
[2023-12-22T15:48:49.737+0000] {logging_mixin.py:154} INFO - [2023-12-22T15:48:49.736+0000] {dag.py:3722} INFO - Setting next_dagrun for pizza_dag to 2023-12-22T15:48:49.132212+00:00, run_after=2023-12-23T15:48:49.132212+00:00
[2023-12-22T15:48:49.841+0000] {processor.py:179} INFO - Processing /opt/airflow/dags/pizza_dag.py took 0.771 seconds
[2023-12-22T15:49:20.453+0000] {processor.py:157} INFO - Started process (PID=119) to work on /opt/airflow/dags/pizza_dag.py
[2023-12-22T15:49:20.457+0000] {processor.py:829} INFO - Processing file /opt/airflow/dags/pizza_dag.py for tasks to queue
[2023-12-22T15:49:20.460+0000] {logging_mixin.py:154} INFO - [2023-12-22T15:49:20.459+0000] {dagbag.py:536} INFO - Filling up the DagBag from /opt/airflow/dags/pizza_dag.py
[2023-12-22T15:49:20.620+0000] {processor.py:839} INFO - DAG(s) dict_keys(['pizza_dag']) retrieved from /opt/airflow/dags/pizza_dag.py
[2023-12-22T15:49:21.277+0000] {logging_mixin.py:154} INFO - [2023-12-22T15:49:21.277+0000] {dag.py:2941} INFO - Sync 1 DAGs
[2023-12-22T15:49:21.316+0000] {logging_mixin.py:154} INFO - [2023-12-22T15:49:21.316+0000] {dag.py:3722} INFO - Setting next_dagrun for pizza_dag to 2023-12-22T15:49:20.598560+00:00, run_after=2023-12-23T15:49:20.598560+00:00
[2023-12-22T15:49:21.360+0000] {processor.py:179} INFO - Processing /opt/airflow/dags/pizza_dag.py took 0.920 seconds
