[2023-12-20T21:06:22.786+0000] {processor.py:157} INFO - Started process (PID=39) to work on /opt/airflow/dags/pizza_dag.py
[2023-12-20T21:06:22.787+0000] {processor.py:829} INFO - Processing file /opt/airflow/dags/pizza_dag.py for tasks to queue
[2023-12-20T21:06:22.789+0000] {logging_mixin.py:154} INFO - [2023-12-20T21:06:22.788+0000] {dagbag.py:536} INFO - Filling up the DagBag from /opt/airflow/dags/pizza_dag.py
[2023-12-20T21:06:22.810+0000] {processor.py:839} INFO - DAG(s) dict_keys(['pizza_dag']) retrieved from /opt/airflow/dags/pizza_dag.py
[2023-12-20T21:06:23.226+0000] {logging_mixin.py:154} INFO - [2023-12-20T21:06:23.225+0000] {manager.py:499} INFO - Created Permission View: %s
[2023-12-20T21:06:23.287+0000] {logging_mixin.py:154} INFO - [2023-12-20T21:06:23.287+0000] {manager.py:499} INFO - Created Permission View: %s
[2023-12-20T21:06:23.341+0000] {logging_mixin.py:154} INFO - [2023-12-20T21:06:23.341+0000] {manager.py:499} INFO - Created Permission View: %s
[2023-12-20T21:06:23.342+0000] {logging_mixin.py:154} INFO - [2023-12-20T21:06:23.342+0000] {dag.py:2941} INFO - Sync 1 DAGs
[2023-12-20T21:06:23.352+0000] {logging_mixin.py:154} INFO - [2023-12-20T21:06:23.352+0000] {dag.py:2963} INFO - Creating ORM DAG for pizza_dag
[2023-12-20T21:06:23.363+0000] {logging_mixin.py:154} INFO - [2023-12-20T21:06:23.363+0000] {dag.py:3722} INFO - Setting next_dagrun for pizza_dag to 2023-12-20T21:06:22.797451+00:00, run_after=2023-12-21T21:06:22.797451+00:00
[2023-12-20T21:06:23.410+0000] {processor.py:179} INFO - Processing /opt/airflow/dags/pizza_dag.py took 0.626 seconds
[2023-12-20T21:06:53.565+0000] {processor.py:157} INFO - Started process (PID=48) to work on /opt/airflow/dags/pizza_dag.py
[2023-12-20T21:06:53.566+0000] {processor.py:829} INFO - Processing file /opt/airflow/dags/pizza_dag.py for tasks to queue
[2023-12-20T21:06:53.573+0000] {logging_mixin.py:154} INFO - [2023-12-20T21:06:53.572+0000] {dagbag.py:536} INFO - Filling up the DagBag from /opt/airflow/dags/pizza_dag.py
[2023-12-20T21:06:53.630+0000] {processor.py:839} INFO - DAG(s) dict_keys(['pizza_dag']) retrieved from /opt/airflow/dags/pizza_dag.py
[2023-12-20T21:06:54.006+0000] {logging_mixin.py:154} INFO - [2023-12-20T21:06:54.006+0000] {dag.py:2941} INFO - Sync 1 DAGs
[2023-12-20T21:06:54.069+0000] {logging_mixin.py:154} INFO - [2023-12-20T21:06:54.067+0000] {dag.py:3722} INFO - Setting next_dagrun for pizza_dag to 2023-12-20T21:06:53.599639+00:00, run_after=2023-12-21T21:06:53.599639+00:00
[2023-12-20T21:06:54.145+0000] {processor.py:179} INFO - Processing /opt/airflow/dags/pizza_dag.py took 0.586 seconds
[2023-12-20T21:07:24.397+0000] {processor.py:157} INFO - Started process (PID=57) to work on /opt/airflow/dags/pizza_dag.py
[2023-12-20T21:07:24.398+0000] {processor.py:829} INFO - Processing file /opt/airflow/dags/pizza_dag.py for tasks to queue
[2023-12-20T21:07:24.400+0000] {logging_mixin.py:154} INFO - [2023-12-20T21:07:24.400+0000] {dagbag.py:536} INFO - Filling up the DagBag from /opt/airflow/dags/pizza_dag.py
[2023-12-20T21:07:24.415+0000] {processor.py:839} INFO - DAG(s) dict_keys(['pizza_dag']) retrieved from /opt/airflow/dags/pizza_dag.py
[2023-12-20T21:07:24.500+0000] {logging_mixin.py:154} INFO - [2023-12-20T21:07:24.500+0000] {dag.py:2941} INFO - Sync 1 DAGs
[2023-12-20T21:07:24.516+0000] {logging_mixin.py:154} INFO - [2023-12-20T21:07:24.516+0000] {dag.py:3722} INFO - Setting next_dagrun for pizza_dag to 2023-12-20T21:07:24.409254+00:00, run_after=2023-12-21T21:07:24.409254+00:00
[2023-12-20T21:07:24.536+0000] {processor.py:179} INFO - Processing /opt/airflow/dags/pizza_dag.py took 0.141 seconds
[2023-12-20T21:08:33.205+0000] {processor.py:157} INFO - Started process (PID=39) to work on /opt/airflow/dags/pizza_dag.py
[2023-12-20T21:08:33.206+0000] {processor.py:829} INFO - Processing file /opt/airflow/dags/pizza_dag.py for tasks to queue
[2023-12-20T21:08:33.208+0000] {logging_mixin.py:154} INFO - [2023-12-20T21:08:33.208+0000] {dagbag.py:536} INFO - Filling up the DagBag from /opt/airflow/dags/pizza_dag.py
[2023-12-20T21:08:33.239+0000] {processor.py:839} INFO - DAG(s) dict_keys(['pizza_dag']) retrieved from /opt/airflow/dags/pizza_dag.py
[2023-12-20T21:08:33.491+0000] {logging_mixin.py:154} INFO - [2023-12-20T21:08:33.491+0000] {dag.py:2941} INFO - Sync 1 DAGs
[2023-12-20T21:08:33.512+0000] {logging_mixin.py:154} INFO - [2023-12-20T21:08:33.511+0000] {dag.py:3722} INFO - Setting next_dagrun for pizza_dag to 2023-12-20T21:08:33.220095+00:00, run_after=2023-12-21T21:08:33.220095+00:00
[2023-12-20T21:08:33.537+0000] {processor.py:179} INFO - Processing /opt/airflow/dags/pizza_dag.py took 0.334 seconds
[2023-12-20T21:09:03.629+0000] {processor.py:157} INFO - Started process (PID=97) to work on /opt/airflow/dags/pizza_dag.py
[2023-12-20T21:09:03.630+0000] {processor.py:829} INFO - Processing file /opt/airflow/dags/pizza_dag.py for tasks to queue
[2023-12-20T21:09:03.633+0000] {logging_mixin.py:154} INFO - [2023-12-20T21:09:03.632+0000] {dagbag.py:536} INFO - Filling up the DagBag from /opt/airflow/dags/pizza_dag.py
[2023-12-20T21:09:03.646+0000] {processor.py:839} INFO - DAG(s) dict_keys(['pizza_dag']) retrieved from /opt/airflow/dags/pizza_dag.py
[2023-12-20T21:09:03.770+0000] {logging_mixin.py:154} INFO - [2023-12-20T21:09:03.770+0000] {dag.py:2941} INFO - Sync 1 DAGs
[2023-12-20T21:09:03.792+0000] {logging_mixin.py:154} INFO - [2023-12-20T21:09:03.792+0000] {dag.py:3722} INFO - Setting next_dagrun for pizza_dag to 2023-12-20T21:09:03.642920+00:00, run_after=2023-12-21T21:09:03.642920+00:00
[2023-12-20T21:09:03.992+0000] {processor.py:179} INFO - Processing /opt/airflow/dags/pizza_dag.py took 0.365 seconds
[2023-12-20T21:09:34.882+0000] {processor.py:157} INFO - Started process (PID=155) to work on /opt/airflow/dags/pizza_dag.py
[2023-12-20T21:09:34.883+0000] {processor.py:829} INFO - Processing file /opt/airflow/dags/pizza_dag.py for tasks to queue
[2023-12-20T21:09:34.885+0000] {logging_mixin.py:154} INFO - [2023-12-20T21:09:34.885+0000] {dagbag.py:536} INFO - Filling up the DagBag from /opt/airflow/dags/pizza_dag.py
[2023-12-20T21:09:34.897+0000] {processor.py:839} INFO - DAG(s) dict_keys(['pizza_dag']) retrieved from /opt/airflow/dags/pizza_dag.py
[2023-12-20T21:09:34.993+0000] {logging_mixin.py:154} INFO - [2023-12-20T21:09:34.992+0000] {dag.py:2941} INFO - Sync 1 DAGs
[2023-12-20T21:09:35.012+0000] {logging_mixin.py:154} INFO - [2023-12-20T21:09:35.011+0000] {dag.py:3722} INFO - Setting next_dagrun for pizza_dag to 2023-12-20T21:09:34.894510+00:00, run_after=2023-12-21T21:09:34.894510+00:00
[2023-12-20T21:09:35.036+0000] {processor.py:179} INFO - Processing /opt/airflow/dags/pizza_dag.py took 0.156 seconds
[2023-12-20T21:10:05.358+0000] {processor.py:157} INFO - Started process (PID=211) to work on /opt/airflow/dags/pizza_dag.py
[2023-12-20T21:10:05.359+0000] {processor.py:829} INFO - Processing file /opt/airflow/dags/pizza_dag.py for tasks to queue
[2023-12-20T21:10:05.360+0000] {logging_mixin.py:154} INFO - [2023-12-20T21:10:05.360+0000] {dagbag.py:536} INFO - Filling up the DagBag from /opt/airflow/dags/pizza_dag.py
[2023-12-20T21:10:05.372+0000] {processor.py:839} INFO - DAG(s) dict_keys(['pizza_dag']) retrieved from /opt/airflow/dags/pizza_dag.py
[2023-12-20T21:10:05.459+0000] {logging_mixin.py:154} INFO - [2023-12-20T21:10:05.458+0000] {dag.py:2941} INFO - Sync 1 DAGs
[2023-12-20T21:10:05.478+0000] {logging_mixin.py:154} INFO - [2023-12-20T21:10:05.478+0000] {dag.py:3722} INFO - Setting next_dagrun for pizza_dag to 2023-12-20T21:10:05.369552+00:00, run_after=2023-12-21T21:10:05.369552+00:00
[2023-12-20T21:10:05.501+0000] {processor.py:179} INFO - Processing /opt/airflow/dags/pizza_dag.py took 0.146 seconds
[2023-12-20T21:10:35.562+0000] {processor.py:157} INFO - Started process (PID=268) to work on /opt/airflow/dags/pizza_dag.py
[2023-12-20T21:10:35.562+0000] {processor.py:829} INFO - Processing file /opt/airflow/dags/pizza_dag.py for tasks to queue
[2023-12-20T21:10:35.564+0000] {logging_mixin.py:154} INFO - [2023-12-20T21:10:35.564+0000] {dagbag.py:536} INFO - Filling up the DagBag from /opt/airflow/dags/pizza_dag.py
[2023-12-20T21:10:35.576+0000] {processor.py:839} INFO - DAG(s) dict_keys(['pizza_dag']) retrieved from /opt/airflow/dags/pizza_dag.py
[2023-12-20T21:10:35.659+0000] {logging_mixin.py:154} INFO - [2023-12-20T21:10:35.658+0000] {dag.py:2941} INFO - Sync 1 DAGs
[2023-12-20T21:10:35.678+0000] {logging_mixin.py:154} INFO - [2023-12-20T21:10:35.678+0000] {dag.py:3722} INFO - Setting next_dagrun for pizza_dag to 2023-12-20T21:10:35.573423+00:00, run_after=2023-12-21T21:10:35.573423+00:00
[2023-12-20T21:10:35.699+0000] {processor.py:179} INFO - Processing /opt/airflow/dags/pizza_dag.py took 0.140 seconds
[2023-12-20T21:11:05.778+0000] {processor.py:157} INFO - Started process (PID=325) to work on /opt/airflow/dags/pizza_dag.py
[2023-12-20T21:11:05.779+0000] {processor.py:829} INFO - Processing file /opt/airflow/dags/pizza_dag.py for tasks to queue
[2023-12-20T21:11:05.781+0000] {logging_mixin.py:154} INFO - [2023-12-20T21:11:05.781+0000] {dagbag.py:536} INFO - Filling up the DagBag from /opt/airflow/dags/pizza_dag.py
[2023-12-20T21:11:05.793+0000] {processor.py:839} INFO - DAG(s) dict_keys(['pizza_dag']) retrieved from /opt/airflow/dags/pizza_dag.py
[2023-12-20T21:11:05.882+0000] {logging_mixin.py:154} INFO - [2023-12-20T21:11:05.882+0000] {dag.py:2941} INFO - Sync 1 DAGs
[2023-12-20T21:11:05.900+0000] {logging_mixin.py:154} INFO - [2023-12-20T21:11:05.900+0000] {dag.py:3722} INFO - Setting next_dagrun for pizza_dag to 2023-12-20T21:11:05.790585+00:00, run_after=2023-12-21T21:11:05.790585+00:00
[2023-12-20T21:11:06.051+0000] {processor.py:179} INFO - Processing /opt/airflow/dags/pizza_dag.py took 0.275 seconds
[2023-12-20T21:11:36.133+0000] {processor.py:157} INFO - Started process (PID=383) to work on /opt/airflow/dags/pizza_dag.py
[2023-12-20T21:11:36.134+0000] {processor.py:829} INFO - Processing file /opt/airflow/dags/pizza_dag.py for tasks to queue
[2023-12-20T21:11:36.136+0000] {logging_mixin.py:154} INFO - [2023-12-20T21:11:36.136+0000] {dagbag.py:536} INFO - Filling up the DagBag from /opt/airflow/dags/pizza_dag.py
[2023-12-20T21:11:36.148+0000] {processor.py:839} INFO - DAG(s) dict_keys(['pizza_dag']) retrieved from /opt/airflow/dags/pizza_dag.py
[2023-12-20T21:11:36.239+0000] {logging_mixin.py:154} INFO - [2023-12-20T21:11:36.239+0000] {dag.py:2941} INFO - Sync 1 DAGs
[2023-12-20T21:11:36.259+0000] {logging_mixin.py:154} INFO - [2023-12-20T21:11:36.259+0000] {dag.py:3722} INFO - Setting next_dagrun for pizza_dag to 2023-12-20T21:11:36.145646+00:00, run_after=2023-12-21T21:11:36.145646+00:00
[2023-12-20T21:11:36.280+0000] {processor.py:179} INFO - Processing /opt/airflow/dags/pizza_dag.py took 0.149 seconds
[2023-12-20T21:12:06.488+0000] {processor.py:157} INFO - Started process (PID=435) to work on /opt/airflow/dags/pizza_dag.py
[2023-12-20T21:12:06.489+0000] {processor.py:829} INFO - Processing file /opt/airflow/dags/pizza_dag.py for tasks to queue
[2023-12-20T21:12:06.491+0000] {logging_mixin.py:154} INFO - [2023-12-20T21:12:06.490+0000] {dagbag.py:536} INFO - Filling up the DagBag from /opt/airflow/dags/pizza_dag.py
[2023-12-20T21:12:06.504+0000] {processor.py:839} INFO - DAG(s) dict_keys(['pizza_dag']) retrieved from /opt/airflow/dags/pizza_dag.py
[2023-12-20T21:12:06.598+0000] {logging_mixin.py:154} INFO - [2023-12-20T21:12:06.598+0000] {dag.py:2941} INFO - Sync 1 DAGs
[2023-12-20T21:12:06.618+0000] {logging_mixin.py:154} INFO - [2023-12-20T21:12:06.617+0000] {dag.py:3722} INFO - Setting next_dagrun for pizza_dag to 2023-12-20T21:12:06.501111+00:00, run_after=2023-12-21T21:12:06.501111+00:00
[2023-12-20T21:12:06.640+0000] {processor.py:179} INFO - Processing /opt/airflow/dags/pizza_dag.py took 0.155 seconds
[2023-12-20T21:12:36.681+0000] {processor.py:157} INFO - Started process (PID=492) to work on /opt/airflow/dags/pizza_dag.py
[2023-12-20T21:12:36.682+0000] {processor.py:829} INFO - Processing file /opt/airflow/dags/pizza_dag.py for tasks to queue
[2023-12-20T21:12:36.684+0000] {logging_mixin.py:154} INFO - [2023-12-20T21:12:36.683+0000] {dagbag.py:536} INFO - Filling up the DagBag from /opt/airflow/dags/pizza_dag.py
[2023-12-20T21:12:36.698+0000] {processor.py:839} INFO - DAG(s) dict_keys(['pizza_dag']) retrieved from /opt/airflow/dags/pizza_dag.py
[2023-12-20T21:12:36.915+0000] {logging_mixin.py:154} INFO - [2023-12-20T21:12:36.915+0000] {dag.py:2941} INFO - Sync 1 DAGs
[2023-12-20T21:12:36.932+0000] {logging_mixin.py:154} INFO - [2023-12-20T21:12:36.932+0000] {dag.py:3722} INFO - Setting next_dagrun for pizza_dag to 2023-12-20T21:12:36.694625+00:00, run_after=2023-12-21T21:12:36.694625+00:00
[2023-12-20T21:12:36.952+0000] {processor.py:179} INFO - Processing /opt/airflow/dags/pizza_dag.py took 0.274 seconds
[2023-12-20T21:13:06.987+0000] {processor.py:157} INFO - Started process (PID=548) to work on /opt/airflow/dags/pizza_dag.py
[2023-12-20T21:13:06.988+0000] {processor.py:829} INFO - Processing file /opt/airflow/dags/pizza_dag.py for tasks to queue
[2023-12-20T21:13:06.989+0000] {logging_mixin.py:154} INFO - [2023-12-20T21:13:06.989+0000] {dagbag.py:536} INFO - Filling up the DagBag from /opt/airflow/dags/pizza_dag.py
[2023-12-20T21:13:07.002+0000] {processor.py:839} INFO - DAG(s) dict_keys(['pizza_dag']) retrieved from /opt/airflow/dags/pizza_dag.py
[2023-12-20T21:13:07.080+0000] {logging_mixin.py:154} INFO - [2023-12-20T21:13:07.080+0000] {dag.py:2941} INFO - Sync 1 DAGs
[2023-12-20T21:13:07.211+0000] {logging_mixin.py:154} INFO - [2023-12-20T21:13:07.211+0000] {dag.py:3722} INFO - Setting next_dagrun for pizza_dag to 2023-12-20T21:13:06.999901+00:00, run_after=2023-12-21T21:13:06.999901+00:00
[2023-12-20T21:13:07.232+0000] {processor.py:179} INFO - Processing /opt/airflow/dags/pizza_dag.py took 0.247 seconds
[2023-12-20T21:13:38.035+0000] {processor.py:157} INFO - Started process (PID=604) to work on /opt/airflow/dags/pizza_dag.py
[2023-12-20T21:13:38.036+0000] {processor.py:829} INFO - Processing file /opt/airflow/dags/pizza_dag.py for tasks to queue
[2023-12-20T21:13:38.039+0000] {logging_mixin.py:154} INFO - [2023-12-20T21:13:38.039+0000] {dagbag.py:536} INFO - Filling up the DagBag from /opt/airflow/dags/pizza_dag.py
[2023-12-20T21:13:38.052+0000] {processor.py:839} INFO - DAG(s) dict_keys(['pizza_dag']) retrieved from /opt/airflow/dags/pizza_dag.py
[2023-12-20T21:13:38.148+0000] {logging_mixin.py:154} INFO - [2023-12-20T21:13:38.148+0000] {dag.py:2941} INFO - Sync 1 DAGs
[2023-12-20T21:13:38.317+0000] {logging_mixin.py:154} INFO - [2023-12-20T21:13:38.316+0000] {dag.py:3722} INFO - Setting next_dagrun for pizza_dag to 2023-12-20T21:13:38.049334+00:00, run_after=2023-12-21T21:13:38.049334+00:00
[2023-12-20T21:13:38.342+0000] {processor.py:179} INFO - Processing /opt/airflow/dags/pizza_dag.py took 0.309 seconds
[2023-12-20T21:14:08.409+0000] {processor.py:157} INFO - Started process (PID=662) to work on /opt/airflow/dags/pizza_dag.py
[2023-12-20T21:14:08.409+0000] {processor.py:829} INFO - Processing file /opt/airflow/dags/pizza_dag.py for tasks to queue
[2023-12-20T21:14:08.411+0000] {logging_mixin.py:154} INFO - [2023-12-20T21:14:08.411+0000] {dagbag.py:536} INFO - Filling up the DagBag from /opt/airflow/dags/pizza_dag.py
[2023-12-20T21:14:08.424+0000] {processor.py:839} INFO - DAG(s) dict_keys(['pizza_dag']) retrieved from /opt/airflow/dags/pizza_dag.py
[2023-12-20T21:14:08.521+0000] {logging_mixin.py:154} INFO - [2023-12-20T21:14:08.520+0000] {dag.py:2941} INFO - Sync 1 DAGs
[2023-12-20T21:14:08.539+0000] {logging_mixin.py:154} INFO - [2023-12-20T21:14:08.539+0000] {dag.py:3722} INFO - Setting next_dagrun for pizza_dag to 2023-12-20T21:14:08.421336+00:00, run_after=2023-12-21T21:14:08.421336+00:00
[2023-12-20T21:14:08.693+0000] {processor.py:179} INFO - Processing /opt/airflow/dags/pizza_dag.py took 0.286 seconds
[2023-12-20T21:14:39.555+0000] {processor.py:157} INFO - Started process (PID=719) to work on /opt/airflow/dags/pizza_dag.py
[2023-12-20T21:14:39.556+0000] {processor.py:829} INFO - Processing file /opt/airflow/dags/pizza_dag.py for tasks to queue
[2023-12-20T21:14:39.557+0000] {logging_mixin.py:154} INFO - [2023-12-20T21:14:39.557+0000] {dagbag.py:536} INFO - Filling up the DagBag from /opt/airflow/dags/pizza_dag.py
[2023-12-20T21:14:39.569+0000] {processor.py:839} INFO - DAG(s) dict_keys(['pizza_dag']) retrieved from /opt/airflow/dags/pizza_dag.py
[2023-12-20T21:14:39.652+0000] {logging_mixin.py:154} INFO - [2023-12-20T21:14:39.652+0000] {dag.py:2941} INFO - Sync 1 DAGs
[2023-12-20T21:14:39.670+0000] {logging_mixin.py:154} INFO - [2023-12-20T21:14:39.670+0000] {dag.py:3722} INFO - Setting next_dagrun for pizza_dag to 2023-12-20T21:14:39.566355+00:00, run_after=2023-12-21T21:14:39.566355+00:00
[2023-12-20T21:14:39.693+0000] {processor.py:179} INFO - Processing /opt/airflow/dags/pizza_dag.py took 0.140 seconds
[2023-12-20T21:15:09.969+0000] {processor.py:157} INFO - Started process (PID=775) to work on /opt/airflow/dags/pizza_dag.py
[2023-12-20T21:15:09.970+0000] {processor.py:829} INFO - Processing file /opt/airflow/dags/pizza_dag.py for tasks to queue
[2023-12-20T21:15:09.971+0000] {logging_mixin.py:154} INFO - [2023-12-20T21:15:09.971+0000] {dagbag.py:536} INFO - Filling up the DagBag from /opt/airflow/dags/pizza_dag.py
[2023-12-20T21:15:09.984+0000] {processor.py:839} INFO - DAG(s) dict_keys(['pizza_dag']) retrieved from /opt/airflow/dags/pizza_dag.py
[2023-12-20T21:15:10.200+0000] {logging_mixin.py:154} INFO - [2023-12-20T21:15:10.199+0000] {dag.py:2941} INFO - Sync 1 DAGs
[2023-12-20T21:15:10.218+0000] {logging_mixin.py:154} INFO - [2023-12-20T21:15:10.217+0000] {dag.py:3722} INFO - Setting next_dagrun for pizza_dag to 2023-12-20T21:15:09.981615+00:00, run_after=2023-12-21T21:15:09.981615+00:00
[2023-12-20T21:15:10.239+0000] {processor.py:179} INFO - Processing /opt/airflow/dags/pizza_dag.py took 0.272 seconds
[2023-12-20T21:15:40.606+0000] {processor.py:157} INFO - Started process (PID=831) to work on /opt/airflow/dags/pizza_dag.py
[2023-12-20T21:15:40.606+0000] {processor.py:829} INFO - Processing file /opt/airflow/dags/pizza_dag.py for tasks to queue
[2023-12-20T21:15:40.608+0000] {logging_mixin.py:154} INFO - [2023-12-20T21:15:40.608+0000] {dagbag.py:536} INFO - Filling up the DagBag from /opt/airflow/dags/pizza_dag.py
[2023-12-20T21:15:40.620+0000] {processor.py:839} INFO - DAG(s) dict_keys(['pizza_dag']) retrieved from /opt/airflow/dags/pizza_dag.py
[2023-12-20T21:15:40.702+0000] {logging_mixin.py:154} INFO - [2023-12-20T21:15:40.702+0000] {dag.py:2941} INFO - Sync 1 DAGs
[2023-12-20T21:15:40.845+0000] {logging_mixin.py:154} INFO - [2023-12-20T21:15:40.845+0000] {dag.py:3722} INFO - Setting next_dagrun for pizza_dag to 2023-12-20T21:15:40.617316+00:00, run_after=2023-12-21T21:15:40.617316+00:00
[2023-12-20T21:15:40.866+0000] {processor.py:179} INFO - Processing /opt/airflow/dags/pizza_dag.py took 0.263 seconds
[2023-12-20T21:16:11.053+0000] {processor.py:157} INFO - Started process (PID=887) to work on /opt/airflow/dags/pizza_dag.py
[2023-12-20T21:16:11.054+0000] {processor.py:829} INFO - Processing file /opt/airflow/dags/pizza_dag.py for tasks to queue
[2023-12-20T21:16:11.056+0000] {logging_mixin.py:154} INFO - [2023-12-20T21:16:11.056+0000] {dagbag.py:536} INFO - Filling up the DagBag from /opt/airflow/dags/pizza_dag.py
[2023-12-20T21:16:11.068+0000] {processor.py:839} INFO - DAG(s) dict_keys(['pizza_dag']) retrieved from /opt/airflow/dags/pizza_dag.py
[2023-12-20T21:16:11.154+0000] {logging_mixin.py:154} INFO - [2023-12-20T21:16:11.154+0000] {dag.py:2941} INFO - Sync 1 DAGs
[2023-12-20T21:16:11.328+0000] {logging_mixin.py:154} INFO - [2023-12-20T21:16:11.328+0000] {dag.py:3722} INFO - Setting next_dagrun for pizza_dag to 2023-12-20T21:16:11.066082+00:00, run_after=2023-12-21T21:16:11.066082+00:00
[2023-12-20T21:16:11.351+0000] {processor.py:179} INFO - Processing /opt/airflow/dags/pizza_dag.py took 0.300 seconds
[2023-12-20T21:16:41.925+0000] {processor.py:157} INFO - Started process (PID=943) to work on /opt/airflow/dags/pizza_dag.py
[2023-12-20T21:16:41.925+0000] {processor.py:829} INFO - Processing file /opt/airflow/dags/pizza_dag.py for tasks to queue
[2023-12-20T21:16:41.927+0000] {logging_mixin.py:154} INFO - [2023-12-20T21:16:41.927+0000] {dagbag.py:536} INFO - Filling up the DagBag from /opt/airflow/dags/pizza_dag.py
[2023-12-20T21:16:41.940+0000] {processor.py:839} INFO - DAG(s) dict_keys(['pizza_dag']) retrieved from /opt/airflow/dags/pizza_dag.py
[2023-12-20T21:16:42.166+0000] {logging_mixin.py:154} INFO - [2023-12-20T21:16:42.166+0000] {dag.py:2941} INFO - Sync 1 DAGs
[2023-12-20T21:16:42.186+0000] {logging_mixin.py:154} INFO - [2023-12-20T21:16:42.185+0000] {dag.py:3722} INFO - Setting next_dagrun for pizza_dag to 2023-12-20T21:16:41.937701+00:00, run_after=2023-12-21T21:16:41.937701+00:00
[2023-12-20T21:16:42.210+0000] {processor.py:179} INFO - Processing /opt/airflow/dags/pizza_dag.py took 0.287 seconds
[2023-12-20T21:17:12.926+0000] {processor.py:157} INFO - Started process (PID=999) to work on /opt/airflow/dags/pizza_dag.py
[2023-12-20T21:17:12.927+0000] {processor.py:829} INFO - Processing file /opt/airflow/dags/pizza_dag.py for tasks to queue
[2023-12-20T21:17:12.929+0000] {logging_mixin.py:154} INFO - [2023-12-20T21:17:12.929+0000] {dagbag.py:536} INFO - Filling up the DagBag from /opt/airflow/dags/pizza_dag.py
[2023-12-20T21:17:12.943+0000] {processor.py:839} INFO - DAG(s) dict_keys(['pizza_dag']) retrieved from /opt/airflow/dags/pizza_dag.py
[2023-12-20T21:17:13.177+0000] {logging_mixin.py:154} INFO - [2023-12-20T21:17:13.176+0000] {dag.py:2941} INFO - Sync 1 DAGs
[2023-12-20T21:17:13.196+0000] {logging_mixin.py:154} INFO - [2023-12-20T21:17:13.196+0000] {dag.py:3722} INFO - Setting next_dagrun for pizza_dag to 2023-12-20T21:17:12.940324+00:00, run_after=2023-12-21T21:17:12.940324+00:00
[2023-12-20T21:17:13.223+0000] {processor.py:179} INFO - Processing /opt/airflow/dags/pizza_dag.py took 0.299 seconds
[2023-12-20T21:17:43.262+0000] {processor.py:157} INFO - Started process (PID=1055) to work on /opt/airflow/dags/pizza_dag.py
[2023-12-20T21:17:43.263+0000] {processor.py:829} INFO - Processing file /opt/airflow/dags/pizza_dag.py for tasks to queue
[2023-12-20T21:17:43.265+0000] {logging_mixin.py:154} INFO - [2023-12-20T21:17:43.265+0000] {dagbag.py:536} INFO - Filling up the DagBag from /opt/airflow/dags/pizza_dag.py
[2023-12-20T21:17:43.277+0000] {processor.py:839} INFO - DAG(s) dict_keys(['pizza_dag']) retrieved from /opt/airflow/dags/pizza_dag.py
[2023-12-20T21:17:43.483+0000] {logging_mixin.py:154} INFO - [2023-12-20T21:17:43.483+0000] {dag.py:2941} INFO - Sync 1 DAGs
[2023-12-20T21:17:43.501+0000] {logging_mixin.py:154} INFO - [2023-12-20T21:17:43.501+0000] {dag.py:3722} INFO - Setting next_dagrun for pizza_dag to 2023-12-20T21:17:43.274434+00:00, run_after=2023-12-21T21:17:43.274434+00:00
[2023-12-20T21:17:43.522+0000] {processor.py:179} INFO - Processing /opt/airflow/dags/pizza_dag.py took 0.262 seconds
[2023-12-20T21:18:13.618+0000] {processor.py:157} INFO - Started process (PID=1113) to work on /opt/airflow/dags/pizza_dag.py
[2023-12-20T21:18:13.619+0000] {processor.py:829} INFO - Processing file /opt/airflow/dags/pizza_dag.py for tasks to queue
[2023-12-20T21:18:13.621+0000] {logging_mixin.py:154} INFO - [2023-12-20T21:18:13.621+0000] {dagbag.py:536} INFO - Filling up the DagBag from /opt/airflow/dags/pizza_dag.py
[2023-12-20T21:18:13.633+0000] {processor.py:839} INFO - DAG(s) dict_keys(['pizza_dag']) retrieved from /opt/airflow/dags/pizza_dag.py
[2023-12-20T21:18:13.831+0000] {logging_mixin.py:154} INFO - [2023-12-20T21:18:13.831+0000] {dag.py:2941} INFO - Sync 1 DAGs
[2023-12-20T21:18:13.849+0000] {logging_mixin.py:154} INFO - [2023-12-20T21:18:13.849+0000] {dag.py:3722} INFO - Setting next_dagrun for pizza_dag to 2023-12-20T21:18:13.630764+00:00, run_after=2023-12-21T21:18:13.630764+00:00
[2023-12-20T21:18:13.870+0000] {processor.py:179} INFO - Processing /opt/airflow/dags/pizza_dag.py took 0.254 seconds
[2023-12-20T21:18:44.108+0000] {processor.py:157} INFO - Started process (PID=1167) to work on /opt/airflow/dags/pizza_dag.py
[2023-12-20T21:18:44.109+0000] {processor.py:829} INFO - Processing file /opt/airflow/dags/pizza_dag.py for tasks to queue
[2023-12-20T21:18:44.111+0000] {logging_mixin.py:154} INFO - [2023-12-20T21:18:44.111+0000] {dagbag.py:536} INFO - Filling up the DagBag from /opt/airflow/dags/pizza_dag.py
[2023-12-20T21:18:44.124+0000] {processor.py:839} INFO - DAG(s) dict_keys(['pizza_dag']) retrieved from /opt/airflow/dags/pizza_dag.py
[2023-12-20T21:18:44.327+0000] {logging_mixin.py:154} INFO - [2023-12-20T21:18:44.327+0000] {dag.py:2941} INFO - Sync 1 DAGs
[2023-12-20T21:18:44.345+0000] {logging_mixin.py:154} INFO - [2023-12-20T21:18:44.344+0000] {dag.py:3722} INFO - Setting next_dagrun for pizza_dag to 2023-12-20T21:18:44.121743+00:00, run_after=2023-12-21T21:18:44.121743+00:00
[2023-12-20T21:18:44.366+0000] {processor.py:179} INFO - Processing /opt/airflow/dags/pizza_dag.py took 0.260 seconds
[2023-12-20T21:19:14.555+0000] {processor.py:157} INFO - Started process (PID=1224) to work on /opt/airflow/dags/pizza_dag.py
[2023-12-20T21:19:14.556+0000] {processor.py:829} INFO - Processing file /opt/airflow/dags/pizza_dag.py for tasks to queue
[2023-12-20T21:19:14.558+0000] {logging_mixin.py:154} INFO - [2023-12-20T21:19:14.558+0000] {dagbag.py:536} INFO - Filling up the DagBag from /opt/airflow/dags/pizza_dag.py
[2023-12-20T21:19:14.571+0000] {processor.py:839} INFO - DAG(s) dict_keys(['pizza_dag']) retrieved from /opt/airflow/dags/pizza_dag.py
[2023-12-20T21:19:14.787+0000] {logging_mixin.py:154} INFO - [2023-12-20T21:19:14.787+0000] {dag.py:2941} INFO - Sync 1 DAGs
[2023-12-20T21:19:14.807+0000] {logging_mixin.py:154} INFO - [2023-12-20T21:19:14.807+0000] {dag.py:3722} INFO - Setting next_dagrun for pizza_dag to 2023-12-20T21:19:14.568195+00:00, run_after=2023-12-21T21:19:14.568195+00:00
[2023-12-20T21:19:14.829+0000] {processor.py:179} INFO - Processing /opt/airflow/dags/pizza_dag.py took 0.275 seconds
[2023-12-20T21:19:45.579+0000] {processor.py:157} INFO - Started process (PID=1280) to work on /opt/airflow/dags/pizza_dag.py
[2023-12-20T21:19:45.580+0000] {processor.py:829} INFO - Processing file /opt/airflow/dags/pizza_dag.py for tasks to queue
[2023-12-20T21:19:45.582+0000] {logging_mixin.py:154} INFO - [2023-12-20T21:19:45.582+0000] {dagbag.py:536} INFO - Filling up the DagBag from /opt/airflow/dags/pizza_dag.py
[2023-12-20T21:19:45.595+0000] {processor.py:839} INFO - DAG(s) dict_keys(['pizza_dag']) retrieved from /opt/airflow/dags/pizza_dag.py
[2023-12-20T21:19:45.804+0000] {logging_mixin.py:154} INFO - [2023-12-20T21:19:45.804+0000] {dag.py:2941} INFO - Sync 1 DAGs
[2023-12-20T21:19:45.821+0000] {logging_mixin.py:154} INFO - [2023-12-20T21:19:45.821+0000] {dag.py:3722} INFO - Setting next_dagrun for pizza_dag to 2023-12-20T21:19:45.592410+00:00, run_after=2023-12-21T21:19:45.592410+00:00
[2023-12-20T21:19:45.843+0000] {processor.py:179} INFO - Processing /opt/airflow/dags/pizza_dag.py took 0.266 seconds
[2023-12-20T21:20:15.958+0000] {processor.py:157} INFO - Started process (PID=1339) to work on /opt/airflow/dags/pizza_dag.py
[2023-12-20T21:20:15.959+0000] {processor.py:829} INFO - Processing file /opt/airflow/dags/pizza_dag.py for tasks to queue
[2023-12-20T21:20:15.961+0000] {logging_mixin.py:154} INFO - [2023-12-20T21:20:15.961+0000] {dagbag.py:536} INFO - Filling up the DagBag from /opt/airflow/dags/pizza_dag.py
[2023-12-20T21:20:15.972+0000] {processor.py:839} INFO - DAG(s) dict_keys(['pizza_dag']) retrieved from /opt/airflow/dags/pizza_dag.py
[2023-12-20T21:20:16.171+0000] {logging_mixin.py:154} INFO - [2023-12-20T21:20:16.171+0000] {dag.py:2941} INFO - Sync 1 DAGs
[2023-12-20T21:20:16.187+0000] {logging_mixin.py:154} INFO - [2023-12-20T21:20:16.186+0000] {dag.py:3722} INFO - Setting next_dagrun for pizza_dag to 2023-12-20T21:20:15.969522+00:00, run_after=2023-12-21T21:20:15.969522+00:00
[2023-12-20T21:20:16.205+0000] {processor.py:179} INFO - Processing /opt/airflow/dags/pizza_dag.py took 0.249 seconds
[2023-12-20T21:20:46.663+0000] {processor.py:157} INFO - Started process (PID=1395) to work on /opt/airflow/dags/pizza_dag.py
[2023-12-20T21:20:46.664+0000] {processor.py:829} INFO - Processing file /opt/airflow/dags/pizza_dag.py for tasks to queue
[2023-12-20T21:20:46.666+0000] {logging_mixin.py:154} INFO - [2023-12-20T21:20:46.666+0000] {dagbag.py:536} INFO - Filling up the DagBag from /opt/airflow/dags/pizza_dag.py
[2023-12-20T21:20:46.680+0000] {processor.py:839} INFO - DAG(s) dict_keys(['pizza_dag']) retrieved from /opt/airflow/dags/pizza_dag.py
[2023-12-20T21:20:46.899+0000] {logging_mixin.py:154} INFO - [2023-12-20T21:20:46.899+0000] {dag.py:2941} INFO - Sync 1 DAGs
[2023-12-20T21:20:46.917+0000] {logging_mixin.py:154} INFO - [2023-12-20T21:20:46.917+0000] {dag.py:3722} INFO - Setting next_dagrun for pizza_dag to 2023-12-20T21:20:46.676275+00:00, run_after=2023-12-21T21:20:46.676275+00:00
[2023-12-20T21:20:46.938+0000] {processor.py:179} INFO - Processing /opt/airflow/dags/pizza_dag.py took 0.277 seconds
[2023-12-20T21:21:17.248+0000] {processor.py:157} INFO - Started process (PID=1451) to work on /opt/airflow/dags/pizza_dag.py
[2023-12-20T21:21:17.249+0000] {processor.py:829} INFO - Processing file /opt/airflow/dags/pizza_dag.py for tasks to queue
[2023-12-20T21:21:17.252+0000] {logging_mixin.py:154} INFO - [2023-12-20T21:21:17.251+0000] {dagbag.py:536} INFO - Filling up the DagBag from /opt/airflow/dags/pizza_dag.py
[2023-12-20T21:21:17.266+0000] {processor.py:839} INFO - DAG(s) dict_keys(['pizza_dag']) retrieved from /opt/airflow/dags/pizza_dag.py
[2023-12-20T21:21:17.505+0000] {logging_mixin.py:154} INFO - [2023-12-20T21:21:17.505+0000] {dag.py:2941} INFO - Sync 1 DAGs
[2023-12-20T21:21:17.522+0000] {logging_mixin.py:154} INFO - [2023-12-20T21:21:17.522+0000] {dag.py:3722} INFO - Setting next_dagrun for pizza_dag to 2023-12-20T21:21:17.263035+00:00, run_after=2023-12-21T21:21:17.263035+00:00
[2023-12-20T21:21:17.544+0000] {processor.py:179} INFO - Processing /opt/airflow/dags/pizza_dag.py took 0.298 seconds
[2023-12-20T21:21:48.462+0000] {processor.py:157} INFO - Started process (PID=1507) to work on /opt/airflow/dags/pizza_dag.py
[2023-12-20T21:21:48.462+0000] {processor.py:829} INFO - Processing file /opt/airflow/dags/pizza_dag.py for tasks to queue
[2023-12-20T21:21:48.465+0000] {logging_mixin.py:154} INFO - [2023-12-20T21:21:48.464+0000] {dagbag.py:536} INFO - Filling up the DagBag from /opt/airflow/dags/pizza_dag.py
[2023-12-20T21:21:48.478+0000] {processor.py:839} INFO - DAG(s) dict_keys(['pizza_dag']) retrieved from /opt/airflow/dags/pizza_dag.py
[2023-12-20T21:21:48.571+0000] {logging_mixin.py:154} INFO - [2023-12-20T21:21:48.570+0000] {dag.py:2941} INFO - Sync 1 DAGs
[2023-12-20T21:21:48.592+0000] {logging_mixin.py:154} INFO - [2023-12-20T21:21:48.591+0000] {dag.py:3722} INFO - Setting next_dagrun for pizza_dag to 2023-12-20T21:21:48.474645+00:00, run_after=2023-12-21T21:21:48.474645+00:00
[2023-12-20T21:21:48.614+0000] {processor.py:179} INFO - Processing /opt/airflow/dags/pizza_dag.py took 0.155 seconds
[2023-12-20T21:22:18.845+0000] {processor.py:157} INFO - Started process (PID=1563) to work on /opt/airflow/dags/pizza_dag.py
[2023-12-20T21:22:18.846+0000] {processor.py:829} INFO - Processing file /opt/airflow/dags/pizza_dag.py for tasks to queue
[2023-12-20T21:22:18.848+0000] {logging_mixin.py:154} INFO - [2023-12-20T21:22:18.848+0000] {dagbag.py:536} INFO - Filling up the DagBag from /opt/airflow/dags/pizza_dag.py
[2023-12-20T21:22:18.861+0000] {processor.py:839} INFO - DAG(s) dict_keys(['pizza_dag']) retrieved from /opt/airflow/dags/pizza_dag.py
[2023-12-20T21:22:18.949+0000] {logging_mixin.py:154} INFO - [2023-12-20T21:22:18.948+0000] {dag.py:2941} INFO - Sync 1 DAGs
[2023-12-20T21:22:18.967+0000] {logging_mixin.py:154} INFO - [2023-12-20T21:22:18.967+0000] {dag.py:3722} INFO - Setting next_dagrun for pizza_dag to 2023-12-20T21:22:18.858695+00:00, run_after=2023-12-21T21:22:18.858695+00:00
[2023-12-20T21:22:18.992+0000] {processor.py:179} INFO - Processing /opt/airflow/dags/pizza_dag.py took 0.150 seconds
[2023-12-20T21:22:49.197+0000] {processor.py:157} INFO - Started process (PID=1619) to work on /opt/airflow/dags/pizza_dag.py
[2023-12-20T21:22:49.198+0000] {processor.py:829} INFO - Processing file /opt/airflow/dags/pizza_dag.py for tasks to queue
[2023-12-20T21:22:49.200+0000] {logging_mixin.py:154} INFO - [2023-12-20T21:22:49.200+0000] {dagbag.py:536} INFO - Filling up the DagBag from /opt/airflow/dags/pizza_dag.py
[2023-12-20T21:22:49.215+0000] {processor.py:839} INFO - DAG(s) dict_keys(['pizza_dag']) retrieved from /opt/airflow/dags/pizza_dag.py
[2023-12-20T21:22:49.306+0000] {logging_mixin.py:154} INFO - [2023-12-20T21:22:49.305+0000] {dag.py:2941} INFO - Sync 1 DAGs
[2023-12-20T21:22:49.326+0000] {logging_mixin.py:154} INFO - [2023-12-20T21:22:49.326+0000] {dag.py:3722} INFO - Setting next_dagrun for pizza_dag to 2023-12-20T21:22:49.211642+00:00, run_after=2023-12-21T21:22:49.211642+00:00
[2023-12-20T21:22:49.354+0000] {processor.py:179} INFO - Processing /opt/airflow/dags/pizza_dag.py took 0.159 seconds
[2023-12-20T21:23:19.529+0000] {processor.py:157} INFO - Started process (PID=1675) to work on /opt/airflow/dags/pizza_dag.py
[2023-12-20T21:23:19.530+0000] {processor.py:829} INFO - Processing file /opt/airflow/dags/pizza_dag.py for tasks to queue
[2023-12-20T21:23:19.534+0000] {logging_mixin.py:154} INFO - [2023-12-20T21:23:19.533+0000] {dagbag.py:536} INFO - Filling up the DagBag from /opt/airflow/dags/pizza_dag.py
[2023-12-20T21:23:19.547+0000] {processor.py:839} INFO - DAG(s) dict_keys(['pizza_dag']) retrieved from /opt/airflow/dags/pizza_dag.py
[2023-12-20T21:23:19.656+0000] {logging_mixin.py:154} INFO - [2023-12-20T21:23:19.656+0000] {dag.py:2941} INFO - Sync 1 DAGs
[2023-12-20T21:23:19.678+0000] {logging_mixin.py:154} INFO - [2023-12-20T21:23:19.678+0000] {dag.py:3722} INFO - Setting next_dagrun for pizza_dag to 2023-12-20T21:23:19.544650+00:00, run_after=2023-12-21T21:23:19.544650+00:00
[2023-12-20T21:23:19.702+0000] {processor.py:179} INFO - Processing /opt/airflow/dags/pizza_dag.py took 0.176 seconds
[2023-12-20T21:23:49.845+0000] {processor.py:157} INFO - Started process (PID=1731) to work on /opt/airflow/dags/pizza_dag.py
[2023-12-20T21:23:49.846+0000] {processor.py:829} INFO - Processing file /opt/airflow/dags/pizza_dag.py for tasks to queue
[2023-12-20T21:23:49.848+0000] {logging_mixin.py:154} INFO - [2023-12-20T21:23:49.847+0000] {dagbag.py:536} INFO - Filling up the DagBag from /opt/airflow/dags/pizza_dag.py
[2023-12-20T21:23:49.861+0000] {processor.py:839} INFO - DAG(s) dict_keys(['pizza_dag']) retrieved from /opt/airflow/dags/pizza_dag.py
[2023-12-20T21:23:49.948+0000] {logging_mixin.py:154} INFO - [2023-12-20T21:23:49.948+0000] {dag.py:2941} INFO - Sync 1 DAGs
[2023-12-20T21:23:49.966+0000] {logging_mixin.py:154} INFO - [2023-12-20T21:23:49.966+0000] {dag.py:3722} INFO - Setting next_dagrun for pizza_dag to 2023-12-20T21:23:49.858051+00:00, run_after=2023-12-21T21:23:49.858051+00:00
[2023-12-20T21:23:49.997+0000] {processor.py:179} INFO - Processing /opt/airflow/dags/pizza_dag.py took 0.154 seconds
[2023-12-20T21:24:20.226+0000] {processor.py:157} INFO - Started process (PID=1787) to work on /opt/airflow/dags/pizza_dag.py
[2023-12-20T21:24:20.226+0000] {processor.py:829} INFO - Processing file /opt/airflow/dags/pizza_dag.py for tasks to queue
[2023-12-20T21:24:20.228+0000] {logging_mixin.py:154} INFO - [2023-12-20T21:24:20.228+0000] {dagbag.py:536} INFO - Filling up the DagBag from /opt/airflow/dags/pizza_dag.py
[2023-12-20T21:24:20.241+0000] {processor.py:839} INFO - DAG(s) dict_keys(['pizza_dag']) retrieved from /opt/airflow/dags/pizza_dag.py
[2023-12-20T21:24:20.333+0000] {logging_mixin.py:154} INFO - [2023-12-20T21:24:20.333+0000] {dag.py:2941} INFO - Sync 1 DAGs
[2023-12-20T21:24:20.354+0000] {logging_mixin.py:154} INFO - [2023-12-20T21:24:20.354+0000] {dag.py:3722} INFO - Setting next_dagrun for pizza_dag to 2023-12-20T21:24:20.238365+00:00, run_after=2023-12-21T21:24:20.238365+00:00
[2023-12-20T21:24:20.377+0000] {processor.py:179} INFO - Processing /opt/airflow/dags/pizza_dag.py took 0.153 seconds
[2023-12-20T21:24:50.619+0000] {processor.py:157} INFO - Started process (PID=1843) to work on /opt/airflow/dags/pizza_dag.py
[2023-12-20T21:24:50.620+0000] {processor.py:829} INFO - Processing file /opt/airflow/dags/pizza_dag.py for tasks to queue
[2023-12-20T21:24:50.622+0000] {logging_mixin.py:154} INFO - [2023-12-20T21:24:50.622+0000] {dagbag.py:536} INFO - Filling up the DagBag from /opt/airflow/dags/pizza_dag.py
[2023-12-20T21:24:50.634+0000] {processor.py:839} INFO - DAG(s) dict_keys(['pizza_dag']) retrieved from /opt/airflow/dags/pizza_dag.py
[2023-12-20T21:24:50.719+0000] {logging_mixin.py:154} INFO - [2023-12-20T21:24:50.718+0000] {dag.py:2941} INFO - Sync 1 DAGs
[2023-12-20T21:24:50.738+0000] {logging_mixin.py:154} INFO - [2023-12-20T21:24:50.737+0000] {dag.py:3722} INFO - Setting next_dagrun for pizza_dag to 2023-12-20T21:24:50.631669+00:00, run_after=2023-12-21T21:24:50.631669+00:00
[2023-12-20T21:24:50.759+0000] {processor.py:179} INFO - Processing /opt/airflow/dags/pizza_dag.py took 0.141 seconds
[2023-12-20T21:25:20.986+0000] {processor.py:157} INFO - Started process (PID=1899) to work on /opt/airflow/dags/pizza_dag.py
[2023-12-20T21:25:20.987+0000] {processor.py:829} INFO - Processing file /opt/airflow/dags/pizza_dag.py for tasks to queue
[2023-12-20T21:25:20.989+0000] {logging_mixin.py:154} INFO - [2023-12-20T21:25:20.989+0000] {dagbag.py:536} INFO - Filling up the DagBag from /opt/airflow/dags/pizza_dag.py
[2023-12-20T21:25:21.003+0000] {processor.py:839} INFO - DAG(s) dict_keys(['pizza_dag']) retrieved from /opt/airflow/dags/pizza_dag.py
[2023-12-20T21:25:21.097+0000] {logging_mixin.py:154} INFO - [2023-12-20T21:25:21.096+0000] {dag.py:2941} INFO - Sync 1 DAGs
[2023-12-20T21:25:21.115+0000] {logging_mixin.py:154} INFO - [2023-12-20T21:25:21.115+0000] {dag.py:3722} INFO - Setting next_dagrun for pizza_dag to 2023-12-20T21:25:21.000246+00:00, run_after=2023-12-21T21:25:21.000246+00:00
[2023-12-20T21:25:21.138+0000] {processor.py:179} INFO - Processing /opt/airflow/dags/pizza_dag.py took 0.155 seconds
[2023-12-20T21:25:51.306+0000] {processor.py:157} INFO - Started process (PID=1955) to work on /opt/airflow/dags/pizza_dag.py
[2023-12-20T21:25:51.307+0000] {processor.py:829} INFO - Processing file /opt/airflow/dags/pizza_dag.py for tasks to queue
[2023-12-20T21:25:51.309+0000] {logging_mixin.py:154} INFO - [2023-12-20T21:25:51.308+0000] {dagbag.py:536} INFO - Filling up the DagBag from /opt/airflow/dags/pizza_dag.py
[2023-12-20T21:25:51.323+0000] {processor.py:839} INFO - DAG(s) dict_keys(['pizza_dag']) retrieved from /opt/airflow/dags/pizza_dag.py
[2023-12-20T21:25:51.417+0000] {logging_mixin.py:154} INFO - [2023-12-20T21:25:51.416+0000] {dag.py:2941} INFO - Sync 1 DAGs
[2023-12-20T21:25:51.436+0000] {logging_mixin.py:154} INFO - [2023-12-20T21:25:51.436+0000] {dag.py:3722} INFO - Setting next_dagrun for pizza_dag to 2023-12-20T21:25:51.319353+00:00, run_after=2023-12-21T21:25:51.319353+00:00
[2023-12-20T21:25:51.457+0000] {processor.py:179} INFO - Processing /opt/airflow/dags/pizza_dag.py took 0.153 seconds
[2023-12-20T21:26:21.811+0000] {processor.py:157} INFO - Started process (PID=2011) to work on /opt/airflow/dags/pizza_dag.py
[2023-12-20T21:26:21.812+0000] {processor.py:829} INFO - Processing file /opt/airflow/dags/pizza_dag.py for tasks to queue
[2023-12-20T21:26:21.814+0000] {logging_mixin.py:154} INFO - [2023-12-20T21:26:21.814+0000] {dagbag.py:536} INFO - Filling up the DagBag from /opt/airflow/dags/pizza_dag.py
[2023-12-20T21:26:21.827+0000] {processor.py:839} INFO - DAG(s) dict_keys(['pizza_dag']) retrieved from /opt/airflow/dags/pizza_dag.py
[2023-12-20T21:26:21.917+0000] {logging_mixin.py:154} INFO - [2023-12-20T21:26:21.917+0000] {dag.py:2941} INFO - Sync 1 DAGs
[2023-12-20T21:26:21.937+0000] {logging_mixin.py:154} INFO - [2023-12-20T21:26:21.936+0000] {dag.py:3722} INFO - Setting next_dagrun for pizza_dag to 2023-12-20T21:26:21.824744+00:00, run_after=2023-12-21T21:26:21.824744+00:00
[2023-12-20T21:26:21.959+0000] {processor.py:179} INFO - Processing /opt/airflow/dags/pizza_dag.py took 0.150 seconds
