[2023-12-20T21:08:35.134+0000] {processor.py:157} INFO - Started process (PID=69) to work on /home/airflow/.local/lib/python3.8/site-packages/airflow/example_dags/example_datasets.py
[2023-12-20T21:08:35.136+0000] {processor.py:829} INFO - Processing file /home/airflow/.local/lib/python3.8/site-packages/airflow/example_dags/example_datasets.py for tasks to queue
[2023-12-20T21:08:35.138+0000] {logging_mixin.py:154} INFO - [2023-12-20T21:08:35.137+0000] {dagbag.py:536} INFO - Filling up the DagBag from /home/airflow/.local/lib/python3.8/site-packages/airflow/example_dags/example_datasets.py
[2023-12-20T21:08:35.150+0000] {processor.py:839} INFO - DAG(s) dict_keys(['dataset_produces_1', 'dataset_consumes_1_and_2', 'dataset_produces_2', 'dataset_consumes_1', 'dataset_consumes_1_never_scheduled', 'dataset_consumes_unknown_never_scheduled']) retrieved from /home/airflow/.local/lib/python3.8/site-packages/airflow/example_dags/example_datasets.py
[2023-12-20T21:08:35.174+0000] {logging_mixin.py:154} INFO - [2023-12-20T21:08:35.174+0000] {dag.py:2941} INFO - Sync 6 DAGs
[2023-12-20T21:08:35.213+0000] {logging_mixin.py:154} INFO - [2023-12-20T21:08:35.213+0000] {dag.py:3722} INFO - Setting next_dagrun for dataset_consumes_1 to None, run_after=None
[2023-12-20T21:08:35.219+0000] {logging_mixin.py:154} INFO - [2023-12-20T21:08:35.219+0000] {dag.py:3722} INFO - Setting next_dagrun for dataset_consumes_1_and_2 to None, run_after=None
[2023-12-20T21:08:35.222+0000] {logging_mixin.py:154} INFO - [2023-12-20T21:08:35.221+0000] {dag.py:3722} INFO - Setting next_dagrun for dataset_consumes_1_never_scheduled to None, run_after=None
[2023-12-20T21:08:35.224+0000] {logging_mixin.py:154} INFO - [2023-12-20T21:08:35.224+0000] {dag.py:3722} INFO - Setting next_dagrun for dataset_consumes_unknown_never_scheduled to None, run_after=None
[2023-12-20T21:08:35.227+0000] {logging_mixin.py:154} INFO - [2023-12-20T21:08:35.227+0000] {dag.py:3722} INFO - Setting next_dagrun for dataset_produces_1 to 2023-12-19T00:00:00+00:00, run_after=2023-12-20T00:00:00+00:00
[2023-12-20T21:08:35.230+0000] {logging_mixin.py:154} INFO - [2023-12-20T21:08:35.230+0000] {dag.py:3722} INFO - Setting next_dagrun for dataset_produces_2 to None, run_after=None
[2023-12-20T21:08:35.279+0000] {processor.py:179} INFO - Processing /home/airflow/.local/lib/python3.8/site-packages/airflow/example_dags/example_datasets.py took 0.147 seconds
[2023-12-20T21:09:05.405+0000] {processor.py:157} INFO - Started process (PID=125) to work on /home/airflow/.local/lib/python3.8/site-packages/airflow/example_dags/example_datasets.py
[2023-12-20T21:09:05.406+0000] {processor.py:829} INFO - Processing file /home/airflow/.local/lib/python3.8/site-packages/airflow/example_dags/example_datasets.py for tasks to queue
[2023-12-20T21:09:05.408+0000] {logging_mixin.py:154} INFO - [2023-12-20T21:09:05.408+0000] {dagbag.py:536} INFO - Filling up the DagBag from /home/airflow/.local/lib/python3.8/site-packages/airflow/example_dags/example_datasets.py
[2023-12-20T21:09:05.415+0000] {processor.py:839} INFO - DAG(s) dict_keys(['dataset_consumes_unknown_never_scheduled', 'dataset_produces_1', 'dataset_produces_2', 'dataset_consumes_1_and_2', 'dataset_consumes_1', 'dataset_consumes_1_never_scheduled']) retrieved from /home/airflow/.local/lib/python3.8/site-packages/airflow/example_dags/example_datasets.py
[2023-12-20T21:09:05.449+0000] {logging_mixin.py:154} INFO - [2023-12-20T21:09:05.449+0000] {dag.py:2941} INFO - Sync 6 DAGs
[2023-12-20T21:09:05.469+0000] {logging_mixin.py:154} INFO - [2023-12-20T21:09:05.469+0000] {dag.py:3722} INFO - Setting next_dagrun for dataset_consumes_1 to None, run_after=None
[2023-12-20T21:09:05.472+0000] {logging_mixin.py:154} INFO - [2023-12-20T21:09:05.472+0000] {dag.py:3722} INFO - Setting next_dagrun for dataset_consumes_1_and_2 to None, run_after=None
[2023-12-20T21:09:05.474+0000] {logging_mixin.py:154} INFO - [2023-12-20T21:09:05.474+0000] {dag.py:3722} INFO - Setting next_dagrun for dataset_consumes_1_never_scheduled to None, run_after=None
[2023-12-20T21:09:05.476+0000] {logging_mixin.py:154} INFO - [2023-12-20T21:09:05.476+0000] {dag.py:3722} INFO - Setting next_dagrun for dataset_consumes_unknown_never_scheduled to None, run_after=None
[2023-12-20T21:09:05.480+0000] {logging_mixin.py:154} INFO - [2023-12-20T21:09:05.479+0000] {dag.py:3722} INFO - Setting next_dagrun for dataset_produces_1 to 2023-12-19T00:00:00+00:00, run_after=2023-12-20T00:00:00+00:00
[2023-12-20T21:09:05.482+0000] {logging_mixin.py:154} INFO - [2023-12-20T21:09:05.481+0000] {dag.py:3722} INFO - Setting next_dagrun for dataset_produces_2 to None, run_after=None
[2023-12-20T21:09:05.518+0000] {processor.py:179} INFO - Processing /home/airflow/.local/lib/python3.8/site-packages/airflow/example_dags/example_datasets.py took 0.115 seconds
[2023-12-20T21:09:36.229+0000] {processor.py:157} INFO - Started process (PID=181) to work on /home/airflow/.local/lib/python3.8/site-packages/airflow/example_dags/example_datasets.py
[2023-12-20T21:09:36.230+0000] {processor.py:829} INFO - Processing file /home/airflow/.local/lib/python3.8/site-packages/airflow/example_dags/example_datasets.py for tasks to queue
[2023-12-20T21:09:36.232+0000] {logging_mixin.py:154} INFO - [2023-12-20T21:09:36.232+0000] {dagbag.py:536} INFO - Filling up the DagBag from /home/airflow/.local/lib/python3.8/site-packages/airflow/example_dags/example_datasets.py
[2023-12-20T21:09:36.242+0000] {processor.py:839} INFO - DAG(s) dict_keys(['dataset_produces_2', 'dataset_consumes_1', 'dataset_produces_1', 'dataset_consumes_1_never_scheduled', 'dataset_consumes_unknown_never_scheduled', 'dataset_consumes_1_and_2']) retrieved from /home/airflow/.local/lib/python3.8/site-packages/airflow/example_dags/example_datasets.py
[2023-12-20T21:09:36.277+0000] {logging_mixin.py:154} INFO - [2023-12-20T21:09:36.277+0000] {dag.py:2941} INFO - Sync 6 DAGs
[2023-12-20T21:09:36.298+0000] {logging_mixin.py:154} INFO - [2023-12-20T21:09:36.298+0000] {dag.py:3722} INFO - Setting next_dagrun for dataset_consumes_1 to None, run_after=None
[2023-12-20T21:09:36.302+0000] {logging_mixin.py:154} INFO - [2023-12-20T21:09:36.302+0000] {dag.py:3722} INFO - Setting next_dagrun for dataset_consumes_1_and_2 to None, run_after=None
[2023-12-20T21:09:36.304+0000] {logging_mixin.py:154} INFO - [2023-12-20T21:09:36.304+0000] {dag.py:3722} INFO - Setting next_dagrun for dataset_consumes_1_never_scheduled to None, run_after=None
[2023-12-20T21:09:36.306+0000] {logging_mixin.py:154} INFO - [2023-12-20T21:09:36.306+0000] {dag.py:3722} INFO - Setting next_dagrun for dataset_consumes_unknown_never_scheduled to None, run_after=None
[2023-12-20T21:09:36.310+0000] {logging_mixin.py:154} INFO - [2023-12-20T21:09:36.310+0000] {dag.py:3722} INFO - Setting next_dagrun for dataset_produces_1 to 2023-12-19T00:00:00+00:00, run_after=2023-12-20T00:00:00+00:00
[2023-12-20T21:09:36.312+0000] {logging_mixin.py:154} INFO - [2023-12-20T21:09:36.312+0000] {dag.py:3722} INFO - Setting next_dagrun for dataset_produces_2 to None, run_after=None
[2023-12-20T21:09:36.352+0000] {processor.py:179} INFO - Processing /home/airflow/.local/lib/python3.8/site-packages/airflow/example_dags/example_datasets.py took 0.125 seconds
[2023-12-20T21:10:07.091+0000] {processor.py:157} INFO - Started process (PID=237) to work on /home/airflow/.local/lib/python3.8/site-packages/airflow/example_dags/example_datasets.py
[2023-12-20T21:10:07.092+0000] {processor.py:829} INFO - Processing file /home/airflow/.local/lib/python3.8/site-packages/airflow/example_dags/example_datasets.py for tasks to queue
[2023-12-20T21:10:07.094+0000] {logging_mixin.py:154} INFO - [2023-12-20T21:10:07.094+0000] {dagbag.py:536} INFO - Filling up the DagBag from /home/airflow/.local/lib/python3.8/site-packages/airflow/example_dags/example_datasets.py
[2023-12-20T21:10:07.104+0000] {processor.py:839} INFO - DAG(s) dict_keys(['dataset_consumes_unknown_never_scheduled', 'dataset_consumes_1', 'dataset_produces_1', 'dataset_consumes_1_never_scheduled', 'dataset_consumes_1_and_2', 'dataset_produces_2']) retrieved from /home/airflow/.local/lib/python3.8/site-packages/airflow/example_dags/example_datasets.py
[2023-12-20T21:10:07.144+0000] {logging_mixin.py:154} INFO - [2023-12-20T21:10:07.144+0000] {dag.py:2941} INFO - Sync 6 DAGs
[2023-12-20T21:10:07.167+0000] {logging_mixin.py:154} INFO - [2023-12-20T21:10:07.167+0000] {dag.py:3722} INFO - Setting next_dagrun for dataset_consumes_1 to None, run_after=None
[2023-12-20T21:10:07.172+0000] {logging_mixin.py:154} INFO - [2023-12-20T21:10:07.172+0000] {dag.py:3722} INFO - Setting next_dagrun for dataset_consumes_1_and_2 to None, run_after=None
[2023-12-20T21:10:07.174+0000] {logging_mixin.py:154} INFO - [2023-12-20T21:10:07.174+0000] {dag.py:3722} INFO - Setting next_dagrun for dataset_consumes_1_never_scheduled to None, run_after=None
[2023-12-20T21:10:07.177+0000] {logging_mixin.py:154} INFO - [2023-12-20T21:10:07.176+0000] {dag.py:3722} INFO - Setting next_dagrun for dataset_consumes_unknown_never_scheduled to None, run_after=None
[2023-12-20T21:10:07.181+0000] {logging_mixin.py:154} INFO - [2023-12-20T21:10:07.180+0000] {dag.py:3722} INFO - Setting next_dagrun for dataset_produces_1 to 2023-12-19T00:00:00+00:00, run_after=2023-12-20T00:00:00+00:00
[2023-12-20T21:10:07.183+0000] {logging_mixin.py:154} INFO - [2023-12-20T21:10:07.183+0000] {dag.py:3722} INFO - Setting next_dagrun for dataset_produces_2 to None, run_after=None
[2023-12-20T21:10:07.242+0000] {processor.py:179} INFO - Processing /home/airflow/.local/lib/python3.8/site-packages/airflow/example_dags/example_datasets.py took 0.155 seconds
[2023-12-20T21:10:38.076+0000] {processor.py:157} INFO - Started process (PID=293) to work on /home/airflow/.local/lib/python3.8/site-packages/airflow/example_dags/example_datasets.py
[2023-12-20T21:10:38.077+0000] {processor.py:829} INFO - Processing file /home/airflow/.local/lib/python3.8/site-packages/airflow/example_dags/example_datasets.py for tasks to queue
[2023-12-20T21:10:38.079+0000] {logging_mixin.py:154} INFO - [2023-12-20T21:10:38.079+0000] {dagbag.py:536} INFO - Filling up the DagBag from /home/airflow/.local/lib/python3.8/site-packages/airflow/example_dags/example_datasets.py
[2023-12-20T21:10:38.087+0000] {processor.py:839} INFO - DAG(s) dict_keys(['dataset_consumes_1_never_scheduled', 'dataset_produces_1', 'dataset_consumes_1', 'dataset_consumes_unknown_never_scheduled', 'dataset_consumes_1_and_2', 'dataset_produces_2']) retrieved from /home/airflow/.local/lib/python3.8/site-packages/airflow/example_dags/example_datasets.py
[2023-12-20T21:10:38.124+0000] {logging_mixin.py:154} INFO - [2023-12-20T21:10:38.124+0000] {dag.py:2941} INFO - Sync 6 DAGs
[2023-12-20T21:10:38.146+0000] {logging_mixin.py:154} INFO - [2023-12-20T21:10:38.146+0000] {dag.py:3722} INFO - Setting next_dagrun for dataset_consumes_1 to None, run_after=None
[2023-12-20T21:10:38.150+0000] {logging_mixin.py:154} INFO - [2023-12-20T21:10:38.150+0000] {dag.py:3722} INFO - Setting next_dagrun for dataset_consumes_1_and_2 to None, run_after=None
[2023-12-20T21:10:38.152+0000] {logging_mixin.py:154} INFO - [2023-12-20T21:10:38.151+0000] {dag.py:3722} INFO - Setting next_dagrun for dataset_consumes_1_never_scheduled to None, run_after=None
[2023-12-20T21:10:38.153+0000] {logging_mixin.py:154} INFO - [2023-12-20T21:10:38.153+0000] {dag.py:3722} INFO - Setting next_dagrun for dataset_consumes_unknown_never_scheduled to None, run_after=None
[2023-12-20T21:10:38.156+0000] {logging_mixin.py:154} INFO - [2023-12-20T21:10:38.156+0000] {dag.py:3722} INFO - Setting next_dagrun for dataset_produces_1 to 2023-12-19T00:00:00+00:00, run_after=2023-12-20T00:00:00+00:00
[2023-12-20T21:10:38.158+0000] {logging_mixin.py:154} INFO - [2023-12-20T21:10:38.158+0000] {dag.py:3722} INFO - Setting next_dagrun for dataset_produces_2 to None, run_after=None
[2023-12-20T21:10:38.192+0000] {processor.py:179} INFO - Processing /home/airflow/.local/lib/python3.8/site-packages/airflow/example_dags/example_datasets.py took 0.118 seconds
[2023-12-20T21:11:08.255+0000] {processor.py:157} INFO - Started process (PID=349) to work on /home/airflow/.local/lib/python3.8/site-packages/airflow/example_dags/example_datasets.py
[2023-12-20T21:11:08.256+0000] {processor.py:829} INFO - Processing file /home/airflow/.local/lib/python3.8/site-packages/airflow/example_dags/example_datasets.py for tasks to queue
[2023-12-20T21:11:08.257+0000] {logging_mixin.py:154} INFO - [2023-12-20T21:11:08.257+0000] {dagbag.py:536} INFO - Filling up the DagBag from /home/airflow/.local/lib/python3.8/site-packages/airflow/example_dags/example_datasets.py
[2023-12-20T21:11:08.265+0000] {processor.py:839} INFO - DAG(s) dict_keys(['dataset_consumes_unknown_never_scheduled', 'dataset_consumes_1_and_2', 'dataset_consumes_1', 'dataset_consumes_1_never_scheduled', 'dataset_produces_2', 'dataset_produces_1']) retrieved from /home/airflow/.local/lib/python3.8/site-packages/airflow/example_dags/example_datasets.py
[2023-12-20T21:11:08.299+0000] {logging_mixin.py:154} INFO - [2023-12-20T21:11:08.299+0000] {dag.py:2941} INFO - Sync 6 DAGs
[2023-12-20T21:11:08.319+0000] {logging_mixin.py:154} INFO - [2023-12-20T21:11:08.319+0000] {dag.py:3722} INFO - Setting next_dagrun for dataset_consumes_1 to None, run_after=None
[2023-12-20T21:11:08.322+0000] {logging_mixin.py:154} INFO - [2023-12-20T21:11:08.322+0000] {dag.py:3722} INFO - Setting next_dagrun for dataset_consumes_1_and_2 to None, run_after=None
[2023-12-20T21:11:08.324+0000] {logging_mixin.py:154} INFO - [2023-12-20T21:11:08.324+0000] {dag.py:3722} INFO - Setting next_dagrun for dataset_consumes_1_never_scheduled to None, run_after=None
[2023-12-20T21:11:08.326+0000] {logging_mixin.py:154} INFO - [2023-12-20T21:11:08.326+0000] {dag.py:3722} INFO - Setting next_dagrun for dataset_consumes_unknown_never_scheduled to None, run_after=None
[2023-12-20T21:11:08.329+0000] {logging_mixin.py:154} INFO - [2023-12-20T21:11:08.329+0000] {dag.py:3722} INFO - Setting next_dagrun for dataset_produces_1 to 2023-12-19T00:00:00+00:00, run_after=2023-12-20T00:00:00+00:00
[2023-12-20T21:11:08.331+0000] {logging_mixin.py:154} INFO - [2023-12-20T21:11:08.331+0000] {dag.py:3722} INFO - Setting next_dagrun for dataset_produces_2 to None, run_after=None
[2023-12-20T21:11:08.365+0000] {processor.py:179} INFO - Processing /home/airflow/.local/lib/python3.8/site-packages/airflow/example_dags/example_datasets.py took 0.113 seconds
[2023-12-20T21:11:39.346+0000] {processor.py:157} INFO - Started process (PID=405) to work on /home/airflow/.local/lib/python3.8/site-packages/airflow/example_dags/example_datasets.py
[2023-12-20T21:11:39.347+0000] {processor.py:829} INFO - Processing file /home/airflow/.local/lib/python3.8/site-packages/airflow/example_dags/example_datasets.py for tasks to queue
[2023-12-20T21:11:39.349+0000] {logging_mixin.py:154} INFO - [2023-12-20T21:11:39.349+0000] {dagbag.py:536} INFO - Filling up the DagBag from /home/airflow/.local/lib/python3.8/site-packages/airflow/example_dags/example_datasets.py
[2023-12-20T21:11:39.357+0000] {processor.py:839} INFO - DAG(s) dict_keys(['dataset_produces_1', 'dataset_produces_2', 'dataset_consumes_1_never_scheduled', 'dataset_consumes_1_and_2', 'dataset_consumes_1', 'dataset_consumes_unknown_never_scheduled']) retrieved from /home/airflow/.local/lib/python3.8/site-packages/airflow/example_dags/example_datasets.py
[2023-12-20T21:11:39.392+0000] {logging_mixin.py:154} INFO - [2023-12-20T21:11:39.392+0000] {dag.py:2941} INFO - Sync 6 DAGs
[2023-12-20T21:11:39.415+0000] {logging_mixin.py:154} INFO - [2023-12-20T21:11:39.415+0000] {dag.py:3722} INFO - Setting next_dagrun for dataset_consumes_1 to None, run_after=None
[2023-12-20T21:11:39.420+0000] {logging_mixin.py:154} INFO - [2023-12-20T21:11:39.419+0000] {dag.py:3722} INFO - Setting next_dagrun for dataset_consumes_1_and_2 to None, run_after=None
[2023-12-20T21:11:39.422+0000] {logging_mixin.py:154} INFO - [2023-12-20T21:11:39.422+0000] {dag.py:3722} INFO - Setting next_dagrun for dataset_consumes_1_never_scheduled to None, run_after=None
[2023-12-20T21:11:39.424+0000] {logging_mixin.py:154} INFO - [2023-12-20T21:11:39.424+0000] {dag.py:3722} INFO - Setting next_dagrun for dataset_consumes_unknown_never_scheduled to None, run_after=None
[2023-12-20T21:11:39.428+0000] {logging_mixin.py:154} INFO - [2023-12-20T21:11:39.427+0000] {dag.py:3722} INFO - Setting next_dagrun for dataset_produces_1 to 2023-12-19T00:00:00+00:00, run_after=2023-12-20T00:00:00+00:00
[2023-12-20T21:11:39.430+0000] {logging_mixin.py:154} INFO - [2023-12-20T21:11:39.429+0000] {dag.py:3722} INFO - Setting next_dagrun for dataset_produces_2 to None, run_after=None
[2023-12-20T21:11:39.469+0000] {processor.py:179} INFO - Processing /home/airflow/.local/lib/python3.8/site-packages/airflow/example_dags/example_datasets.py took 0.125 seconds
[2023-12-20T21:12:10.021+0000] {processor.py:157} INFO - Started process (PID=461) to work on /home/airflow/.local/lib/python3.8/site-packages/airflow/example_dags/example_datasets.py
[2023-12-20T21:12:10.022+0000] {processor.py:829} INFO - Processing file /home/airflow/.local/lib/python3.8/site-packages/airflow/example_dags/example_datasets.py for tasks to queue
[2023-12-20T21:12:10.024+0000] {logging_mixin.py:154} INFO - [2023-12-20T21:12:10.023+0000] {dagbag.py:536} INFO - Filling up the DagBag from /home/airflow/.local/lib/python3.8/site-packages/airflow/example_dags/example_datasets.py
[2023-12-20T21:12:10.031+0000] {processor.py:839} INFO - DAG(s) dict_keys(['dataset_produces_2', 'dataset_consumes_1', 'dataset_consumes_1_and_2', 'dataset_produces_1', 'dataset_consumes_1_never_scheduled', 'dataset_consumes_unknown_never_scheduled']) retrieved from /home/airflow/.local/lib/python3.8/site-packages/airflow/example_dags/example_datasets.py
[2023-12-20T21:12:10.068+0000] {logging_mixin.py:154} INFO - [2023-12-20T21:12:10.068+0000] {dag.py:2941} INFO - Sync 6 DAGs
[2023-12-20T21:12:10.088+0000] {logging_mixin.py:154} INFO - [2023-12-20T21:12:10.088+0000] {dag.py:3722} INFO - Setting next_dagrun for dataset_consumes_1 to None, run_after=None
[2023-12-20T21:12:10.091+0000] {logging_mixin.py:154} INFO - [2023-12-20T21:12:10.091+0000] {dag.py:3722} INFO - Setting next_dagrun for dataset_consumes_1_and_2 to None, run_after=None
[2023-12-20T21:12:10.093+0000] {logging_mixin.py:154} INFO - [2023-12-20T21:12:10.093+0000] {dag.py:3722} INFO - Setting next_dagrun for dataset_consumes_1_never_scheduled to None, run_after=None
[2023-12-20T21:12:10.095+0000] {logging_mixin.py:154} INFO - [2023-12-20T21:12:10.095+0000] {dag.py:3722} INFO - Setting next_dagrun for dataset_consumes_unknown_never_scheduled to None, run_after=None
[2023-12-20T21:12:10.098+0000] {logging_mixin.py:154} INFO - [2023-12-20T21:12:10.098+0000] {dag.py:3722} INFO - Setting next_dagrun for dataset_produces_1 to 2023-12-19T00:00:00+00:00, run_after=2023-12-20T00:00:00+00:00
[2023-12-20T21:12:10.100+0000] {logging_mixin.py:154} INFO - [2023-12-20T21:12:10.100+0000] {dag.py:3722} INFO - Setting next_dagrun for dataset_produces_2 to None, run_after=None
[2023-12-20T21:12:10.132+0000] {processor.py:179} INFO - Processing /home/airflow/.local/lib/python3.8/site-packages/airflow/example_dags/example_datasets.py took 0.113 seconds
[2023-12-20T21:12:40.383+0000] {processor.py:157} INFO - Started process (PID=517) to work on /home/airflow/.local/lib/python3.8/site-packages/airflow/example_dags/example_datasets.py
[2023-12-20T21:12:40.384+0000] {processor.py:829} INFO - Processing file /home/airflow/.local/lib/python3.8/site-packages/airflow/example_dags/example_datasets.py for tasks to queue
[2023-12-20T21:12:40.386+0000] {logging_mixin.py:154} INFO - [2023-12-20T21:12:40.386+0000] {dagbag.py:536} INFO - Filling up the DagBag from /home/airflow/.local/lib/python3.8/site-packages/airflow/example_dags/example_datasets.py
[2023-12-20T21:12:40.393+0000] {processor.py:839} INFO - DAG(s) dict_keys(['dataset_produces_1', 'dataset_consumes_1_never_scheduled', 'dataset_produces_2', 'dataset_consumes_unknown_never_scheduled', 'dataset_consumes_1_and_2', 'dataset_consumes_1']) retrieved from /home/airflow/.local/lib/python3.8/site-packages/airflow/example_dags/example_datasets.py
[2023-12-20T21:12:40.429+0000] {logging_mixin.py:154} INFO - [2023-12-20T21:12:40.429+0000] {dag.py:2941} INFO - Sync 6 DAGs
[2023-12-20T21:12:40.451+0000] {logging_mixin.py:154} INFO - [2023-12-20T21:12:40.451+0000] {dag.py:3722} INFO - Setting next_dagrun for dataset_consumes_1 to None, run_after=None
[2023-12-20T21:12:40.455+0000] {logging_mixin.py:154} INFO - [2023-12-20T21:12:40.455+0000] {dag.py:3722} INFO - Setting next_dagrun for dataset_consumes_1_and_2 to None, run_after=None
[2023-12-20T21:12:40.457+0000] {logging_mixin.py:154} INFO - [2023-12-20T21:12:40.457+0000] {dag.py:3722} INFO - Setting next_dagrun for dataset_consumes_1_never_scheduled to None, run_after=None
[2023-12-20T21:12:40.459+0000] {logging_mixin.py:154} INFO - [2023-12-20T21:12:40.459+0000] {dag.py:3722} INFO - Setting next_dagrun for dataset_consumes_unknown_never_scheduled to None, run_after=None
[2023-12-20T21:12:40.463+0000] {logging_mixin.py:154} INFO - [2023-12-20T21:12:40.463+0000] {dag.py:3722} INFO - Setting next_dagrun for dataset_produces_1 to 2023-12-19T00:00:00+00:00, run_after=2023-12-20T00:00:00+00:00
[2023-12-20T21:12:40.465+0000] {logging_mixin.py:154} INFO - [2023-12-20T21:12:40.465+0000] {dag.py:3722} INFO - Setting next_dagrun for dataset_produces_2 to None, run_after=None
[2023-12-20T21:12:40.501+0000] {processor.py:179} INFO - Processing /home/airflow/.local/lib/python3.8/site-packages/airflow/example_dags/example_datasets.py took 0.121 seconds
[2023-12-20T21:13:10.814+0000] {processor.py:157} INFO - Started process (PID=573) to work on /home/airflow/.local/lib/python3.8/site-packages/airflow/example_dags/example_datasets.py
[2023-12-20T21:13:10.815+0000] {processor.py:829} INFO - Processing file /home/airflow/.local/lib/python3.8/site-packages/airflow/example_dags/example_datasets.py for tasks to queue
[2023-12-20T21:13:10.817+0000] {logging_mixin.py:154} INFO - [2023-12-20T21:13:10.816+0000] {dagbag.py:536} INFO - Filling up the DagBag from /home/airflow/.local/lib/python3.8/site-packages/airflow/example_dags/example_datasets.py
[2023-12-20T21:13:10.824+0000] {processor.py:839} INFO - DAG(s) dict_keys(['dataset_consumes_unknown_never_scheduled', 'dataset_consumes_1_never_scheduled', 'dataset_consumes_1_and_2', 'dataset_produces_2', 'dataset_consumes_1', 'dataset_produces_1']) retrieved from /home/airflow/.local/lib/python3.8/site-packages/airflow/example_dags/example_datasets.py
[2023-12-20T21:13:10.861+0000] {logging_mixin.py:154} INFO - [2023-12-20T21:13:10.861+0000] {dag.py:2941} INFO - Sync 6 DAGs
[2023-12-20T21:13:10.882+0000] {logging_mixin.py:154} INFO - [2023-12-20T21:13:10.882+0000] {dag.py:3722} INFO - Setting next_dagrun for dataset_consumes_1 to None, run_after=None
[2023-12-20T21:13:10.886+0000] {logging_mixin.py:154} INFO - [2023-12-20T21:13:10.885+0000] {dag.py:3722} INFO - Setting next_dagrun for dataset_consumes_1_and_2 to None, run_after=None
[2023-12-20T21:13:10.888+0000] {logging_mixin.py:154} INFO - [2023-12-20T21:13:10.888+0000] {dag.py:3722} INFO - Setting next_dagrun for dataset_consumes_1_never_scheduled to None, run_after=None
[2023-12-20T21:13:10.890+0000] {logging_mixin.py:154} INFO - [2023-12-20T21:13:10.890+0000] {dag.py:3722} INFO - Setting next_dagrun for dataset_consumes_unknown_never_scheduled to None, run_after=None
[2023-12-20T21:13:10.894+0000] {logging_mixin.py:154} INFO - [2023-12-20T21:13:10.894+0000] {dag.py:3722} INFO - Setting next_dagrun for dataset_produces_1 to 2023-12-19T00:00:00+00:00, run_after=2023-12-20T00:00:00+00:00
[2023-12-20T21:13:10.896+0000] {logging_mixin.py:154} INFO - [2023-12-20T21:13:10.896+0000] {dag.py:3722} INFO - Setting next_dagrun for dataset_produces_2 to None, run_after=None
[2023-12-20T21:13:10.935+0000] {processor.py:179} INFO - Processing /home/airflow/.local/lib/python3.8/site-packages/airflow/example_dags/example_datasets.py took 0.123 seconds
[2023-12-20T21:13:41.537+0000] {processor.py:157} INFO - Started process (PID=629) to work on /home/airflow/.local/lib/python3.8/site-packages/airflow/example_dags/example_datasets.py
[2023-12-20T21:13:41.538+0000] {processor.py:829} INFO - Processing file /home/airflow/.local/lib/python3.8/site-packages/airflow/example_dags/example_datasets.py for tasks to queue
[2023-12-20T21:13:41.541+0000] {logging_mixin.py:154} INFO - [2023-12-20T21:13:41.541+0000] {dagbag.py:536} INFO - Filling up the DagBag from /home/airflow/.local/lib/python3.8/site-packages/airflow/example_dags/example_datasets.py
[2023-12-20T21:13:41.549+0000] {processor.py:839} INFO - DAG(s) dict_keys(['dataset_produces_2', 'dataset_produces_1', 'dataset_consumes_1_never_scheduled', 'dataset_consumes_1_and_2', 'dataset_consumes_unknown_never_scheduled', 'dataset_consumes_1']) retrieved from /home/airflow/.local/lib/python3.8/site-packages/airflow/example_dags/example_datasets.py
[2023-12-20T21:13:41.588+0000] {logging_mixin.py:154} INFO - [2023-12-20T21:13:41.587+0000] {dag.py:2941} INFO - Sync 6 DAGs
[2023-12-20T21:13:41.609+0000] {logging_mixin.py:154} INFO - [2023-12-20T21:13:41.609+0000] {dag.py:3722} INFO - Setting next_dagrun for dataset_consumes_1 to None, run_after=None
[2023-12-20T21:13:41.613+0000] {logging_mixin.py:154} INFO - [2023-12-20T21:13:41.613+0000] {dag.py:3722} INFO - Setting next_dagrun for dataset_consumes_1_and_2 to None, run_after=None
[2023-12-20T21:13:41.615+0000] {logging_mixin.py:154} INFO - [2023-12-20T21:13:41.615+0000] {dag.py:3722} INFO - Setting next_dagrun for dataset_consumes_1_never_scheduled to None, run_after=None
[2023-12-20T21:13:41.617+0000] {logging_mixin.py:154} INFO - [2023-12-20T21:13:41.617+0000] {dag.py:3722} INFO - Setting next_dagrun for dataset_consumes_unknown_never_scheduled to None, run_after=None
[2023-12-20T21:13:41.621+0000] {logging_mixin.py:154} INFO - [2023-12-20T21:13:41.620+0000] {dag.py:3722} INFO - Setting next_dagrun for dataset_produces_1 to 2023-12-19T00:00:00+00:00, run_after=2023-12-20T00:00:00+00:00
[2023-12-20T21:13:41.623+0000] {logging_mixin.py:154} INFO - [2023-12-20T21:13:41.622+0000] {dag.py:3722} INFO - Setting next_dagrun for dataset_produces_2 to None, run_after=None
[2023-12-20T21:13:41.661+0000] {processor.py:179} INFO - Processing /home/airflow/.local/lib/python3.8/site-packages/airflow/example_dags/example_datasets.py took 0.126 seconds
[2023-12-20T21:14:11.882+0000] {processor.py:157} INFO - Started process (PID=685) to work on /home/airflow/.local/lib/python3.8/site-packages/airflow/example_dags/example_datasets.py
[2023-12-20T21:14:11.883+0000] {processor.py:829} INFO - Processing file /home/airflow/.local/lib/python3.8/site-packages/airflow/example_dags/example_datasets.py for tasks to queue
[2023-12-20T21:14:11.885+0000] {logging_mixin.py:154} INFO - [2023-12-20T21:14:11.885+0000] {dagbag.py:536} INFO - Filling up the DagBag from /home/airflow/.local/lib/python3.8/site-packages/airflow/example_dags/example_datasets.py
[2023-12-20T21:14:11.892+0000] {processor.py:839} INFO - DAG(s) dict_keys(['dataset_consumes_1_and_2', 'dataset_consumes_1_never_scheduled', 'dataset_produces_2', 'dataset_produces_1', 'dataset_consumes_1', 'dataset_consumes_unknown_never_scheduled']) retrieved from /home/airflow/.local/lib/python3.8/site-packages/airflow/example_dags/example_datasets.py
[2023-12-20T21:14:11.926+0000] {logging_mixin.py:154} INFO - [2023-12-20T21:14:11.926+0000] {dag.py:2941} INFO - Sync 6 DAGs
[2023-12-20T21:14:11.947+0000] {logging_mixin.py:154} INFO - [2023-12-20T21:14:11.947+0000] {dag.py:3722} INFO - Setting next_dagrun for dataset_consumes_1 to None, run_after=None
[2023-12-20T21:14:11.950+0000] {logging_mixin.py:154} INFO - [2023-12-20T21:14:11.950+0000] {dag.py:3722} INFO - Setting next_dagrun for dataset_consumes_1_and_2 to None, run_after=None
[2023-12-20T21:14:11.952+0000] {logging_mixin.py:154} INFO - [2023-12-20T21:14:11.952+0000] {dag.py:3722} INFO - Setting next_dagrun for dataset_consumes_1_never_scheduled to None, run_after=None
[2023-12-20T21:14:11.954+0000] {logging_mixin.py:154} INFO - [2023-12-20T21:14:11.954+0000] {dag.py:3722} INFO - Setting next_dagrun for dataset_consumes_unknown_never_scheduled to None, run_after=None
[2023-12-20T21:14:11.958+0000] {logging_mixin.py:154} INFO - [2023-12-20T21:14:11.957+0000] {dag.py:3722} INFO - Setting next_dagrun for dataset_produces_1 to 2023-12-19T00:00:00+00:00, run_after=2023-12-20T00:00:00+00:00
[2023-12-20T21:14:11.960+0000] {logging_mixin.py:154} INFO - [2023-12-20T21:14:11.960+0000] {dag.py:3722} INFO - Setting next_dagrun for dataset_produces_2 to None, run_after=None
[2023-12-20T21:14:11.995+0000] {processor.py:179} INFO - Processing /home/airflow/.local/lib/python3.8/site-packages/airflow/example_dags/example_datasets.py took 0.115 seconds
[2023-12-20T21:14:42.763+0000] {processor.py:157} INFO - Started process (PID=741) to work on /home/airflow/.local/lib/python3.8/site-packages/airflow/example_dags/example_datasets.py
[2023-12-20T21:14:42.764+0000] {processor.py:829} INFO - Processing file /home/airflow/.local/lib/python3.8/site-packages/airflow/example_dags/example_datasets.py for tasks to queue
[2023-12-20T21:14:42.766+0000] {logging_mixin.py:154} INFO - [2023-12-20T21:14:42.766+0000] {dagbag.py:536} INFO - Filling up the DagBag from /home/airflow/.local/lib/python3.8/site-packages/airflow/example_dags/example_datasets.py
[2023-12-20T21:14:42.775+0000] {processor.py:839} INFO - DAG(s) dict_keys(['dataset_produces_2', 'dataset_consumes_1', 'dataset_consumes_1_and_2', 'dataset_consumes_unknown_never_scheduled', 'dataset_consumes_1_never_scheduled', 'dataset_produces_1']) retrieved from /home/airflow/.local/lib/python3.8/site-packages/airflow/example_dags/example_datasets.py
[2023-12-20T21:14:42.812+0000] {logging_mixin.py:154} INFO - [2023-12-20T21:14:42.812+0000] {dag.py:2941} INFO - Sync 6 DAGs
[2023-12-20T21:14:42.832+0000] {logging_mixin.py:154} INFO - [2023-12-20T21:14:42.832+0000] {dag.py:3722} INFO - Setting next_dagrun for dataset_consumes_1 to None, run_after=None
[2023-12-20T21:14:42.836+0000] {logging_mixin.py:154} INFO - [2023-12-20T21:14:42.835+0000] {dag.py:3722} INFO - Setting next_dagrun for dataset_consumes_1_and_2 to None, run_after=None
[2023-12-20T21:14:42.837+0000] {logging_mixin.py:154} INFO - [2023-12-20T21:14:42.837+0000] {dag.py:3722} INFO - Setting next_dagrun for dataset_consumes_1_never_scheduled to None, run_after=None
[2023-12-20T21:14:42.839+0000] {logging_mixin.py:154} INFO - [2023-12-20T21:14:42.839+0000] {dag.py:3722} INFO - Setting next_dagrun for dataset_consumes_unknown_never_scheduled to None, run_after=None
[2023-12-20T21:14:42.843+0000] {logging_mixin.py:154} INFO - [2023-12-20T21:14:42.842+0000] {dag.py:3722} INFO - Setting next_dagrun for dataset_produces_1 to 2023-12-19T00:00:00+00:00, run_after=2023-12-20T00:00:00+00:00
[2023-12-20T21:14:42.845+0000] {logging_mixin.py:154} INFO - [2023-12-20T21:14:42.845+0000] {dag.py:3722} INFO - Setting next_dagrun for dataset_produces_2 to None, run_after=None
[2023-12-20T21:14:42.880+0000] {processor.py:179} INFO - Processing /home/airflow/.local/lib/python3.8/site-packages/airflow/example_dags/example_datasets.py took 0.120 seconds
[2023-12-20T21:15:13.245+0000] {processor.py:157} INFO - Started process (PID=797) to work on /home/airflow/.local/lib/python3.8/site-packages/airflow/example_dags/example_datasets.py
[2023-12-20T21:15:13.246+0000] {processor.py:829} INFO - Processing file /home/airflow/.local/lib/python3.8/site-packages/airflow/example_dags/example_datasets.py for tasks to queue
[2023-12-20T21:15:13.248+0000] {logging_mixin.py:154} INFO - [2023-12-20T21:15:13.247+0000] {dagbag.py:536} INFO - Filling up the DagBag from /home/airflow/.local/lib/python3.8/site-packages/airflow/example_dags/example_datasets.py
[2023-12-20T21:15:13.255+0000] {processor.py:839} INFO - DAG(s) dict_keys(['dataset_consumes_1_and_2', 'dataset_consumes_1_never_scheduled', 'dataset_produces_2', 'dataset_consumes_unknown_never_scheduled', 'dataset_consumes_1', 'dataset_produces_1']) retrieved from /home/airflow/.local/lib/python3.8/site-packages/airflow/example_dags/example_datasets.py
[2023-12-20T21:15:13.290+0000] {logging_mixin.py:154} INFO - [2023-12-20T21:15:13.290+0000] {dag.py:2941} INFO - Sync 6 DAGs
[2023-12-20T21:15:13.311+0000] {logging_mixin.py:154} INFO - [2023-12-20T21:15:13.311+0000] {dag.py:3722} INFO - Setting next_dagrun for dataset_consumes_1 to None, run_after=None
[2023-12-20T21:15:13.315+0000] {logging_mixin.py:154} INFO - [2023-12-20T21:15:13.315+0000] {dag.py:3722} INFO - Setting next_dagrun for dataset_consumes_1_and_2 to None, run_after=None
[2023-12-20T21:15:13.317+0000] {logging_mixin.py:154} INFO - [2023-12-20T21:15:13.317+0000] {dag.py:3722} INFO - Setting next_dagrun for dataset_consumes_1_never_scheduled to None, run_after=None
[2023-12-20T21:15:13.319+0000] {logging_mixin.py:154} INFO - [2023-12-20T21:15:13.319+0000] {dag.py:3722} INFO - Setting next_dagrun for dataset_consumes_unknown_never_scheduled to None, run_after=None
[2023-12-20T21:15:13.322+0000] {logging_mixin.py:154} INFO - [2023-12-20T21:15:13.322+0000] {dag.py:3722} INFO - Setting next_dagrun for dataset_produces_1 to 2023-12-19T00:00:00+00:00, run_after=2023-12-20T00:00:00+00:00
[2023-12-20T21:15:13.324+0000] {logging_mixin.py:154} INFO - [2023-12-20T21:15:13.324+0000] {dag.py:3722} INFO - Setting next_dagrun for dataset_produces_2 to None, run_after=None
[2023-12-20T21:15:13.481+0000] {processor.py:179} INFO - Processing /home/airflow/.local/lib/python3.8/site-packages/airflow/example_dags/example_datasets.py took 0.238 seconds
[2023-12-20T21:15:43.864+0000] {processor.py:157} INFO - Started process (PID=853) to work on /home/airflow/.local/lib/python3.8/site-packages/airflow/example_dags/example_datasets.py
[2023-12-20T21:15:43.865+0000] {processor.py:829} INFO - Processing file /home/airflow/.local/lib/python3.8/site-packages/airflow/example_dags/example_datasets.py for tasks to queue
[2023-12-20T21:15:43.867+0000] {logging_mixin.py:154} INFO - [2023-12-20T21:15:43.866+0000] {dagbag.py:536} INFO - Filling up the DagBag from /home/airflow/.local/lib/python3.8/site-packages/airflow/example_dags/example_datasets.py
[2023-12-20T21:15:43.874+0000] {processor.py:839} INFO - DAG(s) dict_keys(['dataset_consumes_1_never_scheduled', 'dataset_consumes_1', 'dataset_consumes_unknown_never_scheduled', 'dataset_produces_1', 'dataset_produces_2', 'dataset_consumes_1_and_2']) retrieved from /home/airflow/.local/lib/python3.8/site-packages/airflow/example_dags/example_datasets.py
[2023-12-20T21:15:43.909+0000] {logging_mixin.py:154} INFO - [2023-12-20T21:15:43.909+0000] {dag.py:2941} INFO - Sync 6 DAGs
[2023-12-20T21:15:43.931+0000] {logging_mixin.py:154} INFO - [2023-12-20T21:15:43.930+0000] {dag.py:3722} INFO - Setting next_dagrun for dataset_consumes_1 to None, run_after=None
[2023-12-20T21:15:43.934+0000] {logging_mixin.py:154} INFO - [2023-12-20T21:15:43.934+0000] {dag.py:3722} INFO - Setting next_dagrun for dataset_consumes_1_and_2 to None, run_after=None
[2023-12-20T21:15:43.936+0000] {logging_mixin.py:154} INFO - [2023-12-20T21:15:43.936+0000] {dag.py:3722} INFO - Setting next_dagrun for dataset_consumes_1_never_scheduled to None, run_after=None
[2023-12-20T21:15:43.937+0000] {logging_mixin.py:154} INFO - [2023-12-20T21:15:43.937+0000] {dag.py:3722} INFO - Setting next_dagrun for dataset_consumes_unknown_never_scheduled to None, run_after=None
[2023-12-20T21:15:43.940+0000] {logging_mixin.py:154} INFO - [2023-12-20T21:15:43.940+0000] {dag.py:3722} INFO - Setting next_dagrun for dataset_produces_1 to 2023-12-19T00:00:00+00:00, run_after=2023-12-20T00:00:00+00:00
[2023-12-20T21:15:43.942+0000] {logging_mixin.py:154} INFO - [2023-12-20T21:15:43.942+0000] {dag.py:3722} INFO - Setting next_dagrun for dataset_produces_2 to None, run_after=None
[2023-12-20T21:15:43.976+0000] {processor.py:179} INFO - Processing /home/airflow/.local/lib/python3.8/site-packages/airflow/example_dags/example_datasets.py took 0.114 seconds
[2023-12-20T21:16:14.436+0000] {processor.py:157} INFO - Started process (PID=909) to work on /home/airflow/.local/lib/python3.8/site-packages/airflow/example_dags/example_datasets.py
[2023-12-20T21:16:14.437+0000] {processor.py:829} INFO - Processing file /home/airflow/.local/lib/python3.8/site-packages/airflow/example_dags/example_datasets.py for tasks to queue
[2023-12-20T21:16:14.440+0000] {logging_mixin.py:154} INFO - [2023-12-20T21:16:14.439+0000] {dagbag.py:536} INFO - Filling up the DagBag from /home/airflow/.local/lib/python3.8/site-packages/airflow/example_dags/example_datasets.py
[2023-12-20T21:16:14.447+0000] {processor.py:839} INFO - DAG(s) dict_keys(['dataset_produces_1', 'dataset_consumes_1', 'dataset_produces_2', 'dataset_consumes_1_never_scheduled', 'dataset_consumes_1_and_2', 'dataset_consumes_unknown_never_scheduled']) retrieved from /home/airflow/.local/lib/python3.8/site-packages/airflow/example_dags/example_datasets.py
[2023-12-20T21:16:14.483+0000] {logging_mixin.py:154} INFO - [2023-12-20T21:16:14.482+0000] {dag.py:2941} INFO - Sync 6 DAGs
[2023-12-20T21:16:14.502+0000] {logging_mixin.py:154} INFO - [2023-12-20T21:16:14.502+0000] {dag.py:3722} INFO - Setting next_dagrun for dataset_consumes_1 to None, run_after=None
[2023-12-20T21:16:14.506+0000] {logging_mixin.py:154} INFO - [2023-12-20T21:16:14.506+0000] {dag.py:3722} INFO - Setting next_dagrun for dataset_consumes_1_and_2 to None, run_after=None
[2023-12-20T21:16:14.508+0000] {logging_mixin.py:154} INFO - [2023-12-20T21:16:14.507+0000] {dag.py:3722} INFO - Setting next_dagrun for dataset_consumes_1_never_scheduled to None, run_after=None
[2023-12-20T21:16:14.509+0000] {logging_mixin.py:154} INFO - [2023-12-20T21:16:14.509+0000] {dag.py:3722} INFO - Setting next_dagrun for dataset_consumes_unknown_never_scheduled to None, run_after=None
[2023-12-20T21:16:14.513+0000] {logging_mixin.py:154} INFO - [2023-12-20T21:16:14.513+0000] {dag.py:3722} INFO - Setting next_dagrun for dataset_produces_1 to 2023-12-19T00:00:00+00:00, run_after=2023-12-20T00:00:00+00:00
[2023-12-20T21:16:14.515+0000] {logging_mixin.py:154} INFO - [2023-12-20T21:16:14.515+0000] {dag.py:3722} INFO - Setting next_dagrun for dataset_produces_2 to None, run_after=None
[2023-12-20T21:16:14.548+0000] {processor.py:179} INFO - Processing /home/airflow/.local/lib/python3.8/site-packages/airflow/example_dags/example_datasets.py took 0.114 seconds
[2023-12-20T21:16:44.601+0000] {processor.py:157} INFO - Started process (PID=965) to work on /home/airflow/.local/lib/python3.8/site-packages/airflow/example_dags/example_datasets.py
[2023-12-20T21:16:44.602+0000] {processor.py:829} INFO - Processing file /home/airflow/.local/lib/python3.8/site-packages/airflow/example_dags/example_datasets.py for tasks to queue
[2023-12-20T21:16:44.603+0000] {logging_mixin.py:154} INFO - [2023-12-20T21:16:44.603+0000] {dagbag.py:536} INFO - Filling up the DagBag from /home/airflow/.local/lib/python3.8/site-packages/airflow/example_dags/example_datasets.py
[2023-12-20T21:16:44.610+0000] {processor.py:839} INFO - DAG(s) dict_keys(['dataset_consumes_1', 'dataset_consumes_unknown_never_scheduled', 'dataset_produces_1', 'dataset_consumes_1_and_2', 'dataset_produces_2', 'dataset_consumes_1_never_scheduled']) retrieved from /home/airflow/.local/lib/python3.8/site-packages/airflow/example_dags/example_datasets.py
[2023-12-20T21:16:44.646+0000] {logging_mixin.py:154} INFO - [2023-12-20T21:16:44.646+0000] {dag.py:2941} INFO - Sync 6 DAGs
[2023-12-20T21:16:44.667+0000] {logging_mixin.py:154} INFO - [2023-12-20T21:16:44.666+0000] {dag.py:3722} INFO - Setting next_dagrun for dataset_consumes_1 to None, run_after=None
[2023-12-20T21:16:44.670+0000] {logging_mixin.py:154} INFO - [2023-12-20T21:16:44.670+0000] {dag.py:3722} INFO - Setting next_dagrun for dataset_consumes_1_and_2 to None, run_after=None
[2023-12-20T21:16:44.672+0000] {logging_mixin.py:154} INFO - [2023-12-20T21:16:44.672+0000] {dag.py:3722} INFO - Setting next_dagrun for dataset_consumes_1_never_scheduled to None, run_after=None
[2023-12-20T21:16:44.674+0000] {logging_mixin.py:154} INFO - [2023-12-20T21:16:44.674+0000] {dag.py:3722} INFO - Setting next_dagrun for dataset_consumes_unknown_never_scheduled to None, run_after=None
[2023-12-20T21:16:44.677+0000] {logging_mixin.py:154} INFO - [2023-12-20T21:16:44.677+0000] {dag.py:3722} INFO - Setting next_dagrun for dataset_produces_1 to 2023-12-19T00:00:00+00:00, run_after=2023-12-20T00:00:00+00:00
[2023-12-20T21:16:44.679+0000] {logging_mixin.py:154} INFO - [2023-12-20T21:16:44.679+0000] {dag.py:3722} INFO - Setting next_dagrun for dataset_produces_2 to None, run_after=None
[2023-12-20T21:16:44.714+0000] {processor.py:179} INFO - Processing /home/airflow/.local/lib/python3.8/site-packages/airflow/example_dags/example_datasets.py took 0.116 seconds
[2023-12-20T21:17:14.930+0000] {processor.py:157} INFO - Started process (PID=1021) to work on /home/airflow/.local/lib/python3.8/site-packages/airflow/example_dags/example_datasets.py
[2023-12-20T21:17:14.931+0000] {processor.py:829} INFO - Processing file /home/airflow/.local/lib/python3.8/site-packages/airflow/example_dags/example_datasets.py for tasks to queue
[2023-12-20T21:17:14.933+0000] {logging_mixin.py:154} INFO - [2023-12-20T21:17:14.933+0000] {dagbag.py:536} INFO - Filling up the DagBag from /home/airflow/.local/lib/python3.8/site-packages/airflow/example_dags/example_datasets.py
[2023-12-20T21:17:14.942+0000] {processor.py:839} INFO - DAG(s) dict_keys(['dataset_consumes_1_never_scheduled', 'dataset_consumes_1', 'dataset_consumes_unknown_never_scheduled', 'dataset_consumes_1_and_2', 'dataset_produces_1', 'dataset_produces_2']) retrieved from /home/airflow/.local/lib/python3.8/site-packages/airflow/example_dags/example_datasets.py
[2023-12-20T21:17:14.978+0000] {logging_mixin.py:154} INFO - [2023-12-20T21:17:14.978+0000] {dag.py:2941} INFO - Sync 6 DAGs
[2023-12-20T21:17:15.134+0000] {logging_mixin.py:154} INFO - [2023-12-20T21:17:15.134+0000] {dag.py:3722} INFO - Setting next_dagrun for dataset_consumes_1 to None, run_after=None
[2023-12-20T21:17:15.137+0000] {logging_mixin.py:154} INFO - [2023-12-20T21:17:15.137+0000] {dag.py:3722} INFO - Setting next_dagrun for dataset_consumes_1_and_2 to None, run_after=None
[2023-12-20T21:17:15.139+0000] {logging_mixin.py:154} INFO - [2023-12-20T21:17:15.139+0000] {dag.py:3722} INFO - Setting next_dagrun for dataset_consumes_1_never_scheduled to None, run_after=None
[2023-12-20T21:17:15.141+0000] {logging_mixin.py:154} INFO - [2023-12-20T21:17:15.141+0000] {dag.py:3722} INFO - Setting next_dagrun for dataset_consumes_unknown_never_scheduled to None, run_after=None
[2023-12-20T21:17:15.144+0000] {logging_mixin.py:154} INFO - [2023-12-20T21:17:15.144+0000] {dag.py:3722} INFO - Setting next_dagrun for dataset_produces_1 to 2023-12-19T00:00:00+00:00, run_after=2023-12-20T00:00:00+00:00
[2023-12-20T21:17:15.146+0000] {logging_mixin.py:154} INFO - [2023-12-20T21:17:15.146+0000] {dag.py:3722} INFO - Setting next_dagrun for dataset_produces_2 to None, run_after=None
[2023-12-20T21:17:15.176+0000] {processor.py:179} INFO - Processing /home/airflow/.local/lib/python3.8/site-packages/airflow/example_dags/example_datasets.py took 0.249 seconds
[2023-12-20T21:17:45.214+0000] {processor.py:157} INFO - Started process (PID=1076) to work on /home/airflow/.local/lib/python3.8/site-packages/airflow/example_dags/example_datasets.py
[2023-12-20T21:17:45.216+0000] {processor.py:829} INFO - Processing file /home/airflow/.local/lib/python3.8/site-packages/airflow/example_dags/example_datasets.py for tasks to queue
[2023-12-20T21:17:45.218+0000] {logging_mixin.py:154} INFO - [2023-12-20T21:17:45.217+0000] {dagbag.py:536} INFO - Filling up the DagBag from /home/airflow/.local/lib/python3.8/site-packages/airflow/example_dags/example_datasets.py
[2023-12-20T21:17:45.225+0000] {processor.py:839} INFO - DAG(s) dict_keys(['dataset_consumes_1_and_2', 'dataset_consumes_1', 'dataset_consumes_unknown_never_scheduled', 'dataset_produces_2', 'dataset_produces_1', 'dataset_consumes_1_never_scheduled']) retrieved from /home/airflow/.local/lib/python3.8/site-packages/airflow/example_dags/example_datasets.py
[2023-12-20T21:17:45.257+0000] {logging_mixin.py:154} INFO - [2023-12-20T21:17:45.256+0000] {dag.py:2941} INFO - Sync 6 DAGs
[2023-12-20T21:17:45.277+0000] {logging_mixin.py:154} INFO - [2023-12-20T21:17:45.276+0000] {dag.py:3722} INFO - Setting next_dagrun for dataset_consumes_1 to None, run_after=None
[2023-12-20T21:17:45.395+0000] {logging_mixin.py:154} INFO - [2023-12-20T21:17:45.395+0000] {dag.py:3722} INFO - Setting next_dagrun for dataset_consumes_1_and_2 to None, run_after=None
[2023-12-20T21:17:45.397+0000] {logging_mixin.py:154} INFO - [2023-12-20T21:17:45.397+0000] {dag.py:3722} INFO - Setting next_dagrun for dataset_consumes_1_never_scheduled to None, run_after=None
[2023-12-20T21:17:45.399+0000] {logging_mixin.py:154} INFO - [2023-12-20T21:17:45.398+0000] {dag.py:3722} INFO - Setting next_dagrun for dataset_consumes_unknown_never_scheduled to None, run_after=None
[2023-12-20T21:17:45.402+0000] {logging_mixin.py:154} INFO - [2023-12-20T21:17:45.401+0000] {dag.py:3722} INFO - Setting next_dagrun for dataset_produces_1 to 2023-12-19T00:00:00+00:00, run_after=2023-12-20T00:00:00+00:00
[2023-12-20T21:17:45.403+0000] {logging_mixin.py:154} INFO - [2023-12-20T21:17:45.403+0000] {dag.py:3722} INFO - Setting next_dagrun for dataset_produces_2 to None, run_after=None
[2023-12-20T21:17:45.436+0000] {processor.py:179} INFO - Processing /home/airflow/.local/lib/python3.8/site-packages/airflow/example_dags/example_datasets.py took 0.223 seconds
[2023-12-20T21:18:15.824+0000] {processor.py:157} INFO - Started process (PID=1132) to work on /home/airflow/.local/lib/python3.8/site-packages/airflow/example_dags/example_datasets.py
[2023-12-20T21:18:15.825+0000] {processor.py:829} INFO - Processing file /home/airflow/.local/lib/python3.8/site-packages/airflow/example_dags/example_datasets.py for tasks to queue
[2023-12-20T21:18:15.826+0000] {logging_mixin.py:154} INFO - [2023-12-20T21:18:15.826+0000] {dagbag.py:536} INFO - Filling up the DagBag from /home/airflow/.local/lib/python3.8/site-packages/airflow/example_dags/example_datasets.py
[2023-12-20T21:18:15.833+0000] {processor.py:839} INFO - DAG(s) dict_keys(['dataset_consumes_1_and_2', 'dataset_produces_1', 'dataset_consumes_1', 'dataset_consumes_unknown_never_scheduled', 'dataset_produces_2', 'dataset_consumes_1_never_scheduled']) retrieved from /home/airflow/.local/lib/python3.8/site-packages/airflow/example_dags/example_datasets.py
[2023-12-20T21:18:15.864+0000] {logging_mixin.py:154} INFO - [2023-12-20T21:18:15.863+0000] {dag.py:2941} INFO - Sync 6 DAGs
[2023-12-20T21:18:15.882+0000] {logging_mixin.py:154} INFO - [2023-12-20T21:18:15.882+0000] {dag.py:3722} INFO - Setting next_dagrun for dataset_consumes_1 to None, run_after=None
[2023-12-20T21:18:15.886+0000] {logging_mixin.py:154} INFO - [2023-12-20T21:18:15.886+0000] {dag.py:3722} INFO - Setting next_dagrun for dataset_consumes_1_and_2 to None, run_after=None
[2023-12-20T21:18:15.887+0000] {logging_mixin.py:154} INFO - [2023-12-20T21:18:15.887+0000] {dag.py:3722} INFO - Setting next_dagrun for dataset_consumes_1_never_scheduled to None, run_after=None
[2023-12-20T21:18:15.889+0000] {logging_mixin.py:154} INFO - [2023-12-20T21:18:15.888+0000] {dag.py:3722} INFO - Setting next_dagrun for dataset_consumes_unknown_never_scheduled to None, run_after=None
[2023-12-20T21:18:15.892+0000] {logging_mixin.py:154} INFO - [2023-12-20T21:18:15.891+0000] {dag.py:3722} INFO - Setting next_dagrun for dataset_produces_1 to 2023-12-19T00:00:00+00:00, run_after=2023-12-20T00:00:00+00:00
[2023-12-20T21:18:15.893+0000] {logging_mixin.py:154} INFO - [2023-12-20T21:18:15.893+0000] {dag.py:3722} INFO - Setting next_dagrun for dataset_produces_2 to None, run_after=None
[2023-12-20T21:18:15.924+0000] {processor.py:179} INFO - Processing /home/airflow/.local/lib/python3.8/site-packages/airflow/example_dags/example_datasets.py took 0.102 seconds
[2023-12-20T21:18:46.247+0000] {processor.py:157} INFO - Started process (PID=1188) to work on /home/airflow/.local/lib/python3.8/site-packages/airflow/example_dags/example_datasets.py
[2023-12-20T21:18:46.248+0000] {processor.py:829} INFO - Processing file /home/airflow/.local/lib/python3.8/site-packages/airflow/example_dags/example_datasets.py for tasks to queue
[2023-12-20T21:18:46.250+0000] {logging_mixin.py:154} INFO - [2023-12-20T21:18:46.250+0000] {dagbag.py:536} INFO - Filling up the DagBag from /home/airflow/.local/lib/python3.8/site-packages/airflow/example_dags/example_datasets.py
[2023-12-20T21:18:46.258+0000] {processor.py:839} INFO - DAG(s) dict_keys(['dataset_consumes_unknown_never_scheduled', 'dataset_produces_2', 'dataset_consumes_1', 'dataset_consumes_1_never_scheduled', 'dataset_consumes_1_and_2', 'dataset_produces_1']) retrieved from /home/airflow/.local/lib/python3.8/site-packages/airflow/example_dags/example_datasets.py
[2023-12-20T21:18:46.292+0000] {logging_mixin.py:154} INFO - [2023-12-20T21:18:46.292+0000] {dag.py:2941} INFO - Sync 6 DAGs
[2023-12-20T21:18:46.312+0000] {logging_mixin.py:154} INFO - [2023-12-20T21:18:46.311+0000] {dag.py:3722} INFO - Setting next_dagrun for dataset_consumes_1 to None, run_after=None
[2023-12-20T21:18:46.315+0000] {logging_mixin.py:154} INFO - [2023-12-20T21:18:46.315+0000] {dag.py:3722} INFO - Setting next_dagrun for dataset_consumes_1_and_2 to None, run_after=None
[2023-12-20T21:18:46.317+0000] {logging_mixin.py:154} INFO - [2023-12-20T21:18:46.317+0000] {dag.py:3722} INFO - Setting next_dagrun for dataset_consumes_1_never_scheduled to None, run_after=None
[2023-12-20T21:18:46.318+0000] {logging_mixin.py:154} INFO - [2023-12-20T21:18:46.318+0000] {dag.py:3722} INFO - Setting next_dagrun for dataset_consumes_unknown_never_scheduled to None, run_after=None
[2023-12-20T21:18:46.321+0000] {logging_mixin.py:154} INFO - [2023-12-20T21:18:46.321+0000] {dag.py:3722} INFO - Setting next_dagrun for dataset_produces_1 to 2023-12-19T00:00:00+00:00, run_after=2023-12-20T00:00:00+00:00
[2023-12-20T21:18:46.323+0000] {logging_mixin.py:154} INFO - [2023-12-20T21:18:46.323+0000] {dag.py:3722} INFO - Setting next_dagrun for dataset_produces_2 to None, run_after=None
[2023-12-20T21:18:46.356+0000] {processor.py:179} INFO - Processing /home/airflow/.local/lib/python3.8/site-packages/airflow/example_dags/example_datasets.py took 0.111 seconds
[2023-12-20T21:19:17.071+0000] {processor.py:157} INFO - Started process (PID=1245) to work on /home/airflow/.local/lib/python3.8/site-packages/airflow/example_dags/example_datasets.py
[2023-12-20T21:19:17.071+0000] {processor.py:829} INFO - Processing file /home/airflow/.local/lib/python3.8/site-packages/airflow/example_dags/example_datasets.py for tasks to queue
[2023-12-20T21:19:17.073+0000] {logging_mixin.py:154} INFO - [2023-12-20T21:19:17.073+0000] {dagbag.py:536} INFO - Filling up the DagBag from /home/airflow/.local/lib/python3.8/site-packages/airflow/example_dags/example_datasets.py
[2023-12-20T21:19:17.080+0000] {processor.py:839} INFO - DAG(s) dict_keys(['dataset_consumes_1', 'dataset_consumes_unknown_never_scheduled', 'dataset_produces_1', 'dataset_produces_2', 'dataset_consumes_1_never_scheduled', 'dataset_consumes_1_and_2']) retrieved from /home/airflow/.local/lib/python3.8/site-packages/airflow/example_dags/example_datasets.py
[2023-12-20T21:19:17.114+0000] {logging_mixin.py:154} INFO - [2023-12-20T21:19:17.114+0000] {dag.py:2941} INFO - Sync 6 DAGs
[2023-12-20T21:19:17.271+0000] {logging_mixin.py:154} INFO - [2023-12-20T21:19:17.271+0000] {dag.py:3722} INFO - Setting next_dagrun for dataset_consumes_1 to None, run_after=None
[2023-12-20T21:19:17.275+0000] {logging_mixin.py:154} INFO - [2023-12-20T21:19:17.274+0000] {dag.py:3722} INFO - Setting next_dagrun for dataset_consumes_1_and_2 to None, run_after=None
[2023-12-20T21:19:17.277+0000] {logging_mixin.py:154} INFO - [2023-12-20T21:19:17.276+0000] {dag.py:3722} INFO - Setting next_dagrun for dataset_consumes_1_never_scheduled to None, run_after=None
[2023-12-20T21:19:17.278+0000] {logging_mixin.py:154} INFO - [2023-12-20T21:19:17.278+0000] {dag.py:3722} INFO - Setting next_dagrun for dataset_consumes_unknown_never_scheduled to None, run_after=None
[2023-12-20T21:19:17.282+0000] {logging_mixin.py:154} INFO - [2023-12-20T21:19:17.282+0000] {dag.py:3722} INFO - Setting next_dagrun for dataset_produces_1 to 2023-12-19T00:00:00+00:00, run_after=2023-12-20T00:00:00+00:00
[2023-12-20T21:19:17.284+0000] {logging_mixin.py:154} INFO - [2023-12-20T21:19:17.284+0000] {dag.py:3722} INFO - Setting next_dagrun for dataset_produces_2 to None, run_after=None
[2023-12-20T21:19:17.315+0000] {processor.py:179} INFO - Processing /home/airflow/.local/lib/python3.8/site-packages/airflow/example_dags/example_datasets.py took 0.247 seconds
[2023-12-20T21:19:48.172+0000] {processor.py:157} INFO - Started process (PID=1301) to work on /home/airflow/.local/lib/python3.8/site-packages/airflow/example_dags/example_datasets.py
[2023-12-20T21:19:48.173+0000] {processor.py:829} INFO - Processing file /home/airflow/.local/lib/python3.8/site-packages/airflow/example_dags/example_datasets.py for tasks to queue
[2023-12-20T21:19:48.176+0000] {logging_mixin.py:154} INFO - [2023-12-20T21:19:48.175+0000] {dagbag.py:536} INFO - Filling up the DagBag from /home/airflow/.local/lib/python3.8/site-packages/airflow/example_dags/example_datasets.py
[2023-12-20T21:19:48.184+0000] {processor.py:839} INFO - DAG(s) dict_keys(['dataset_consumes_1_never_scheduled', 'dataset_produces_1', 'dataset_produces_2', 'dataset_consumes_1', 'dataset_consumes_unknown_never_scheduled', 'dataset_consumes_1_and_2']) retrieved from /home/airflow/.local/lib/python3.8/site-packages/airflow/example_dags/example_datasets.py
[2023-12-20T21:19:48.219+0000] {logging_mixin.py:154} INFO - [2023-12-20T21:19:48.219+0000] {dag.py:2941} INFO - Sync 6 DAGs
[2023-12-20T21:19:48.393+0000] {logging_mixin.py:154} INFO - [2023-12-20T21:19:48.393+0000] {dag.py:3722} INFO - Setting next_dagrun for dataset_consumes_1 to None, run_after=None
[2023-12-20T21:19:48.397+0000] {logging_mixin.py:154} INFO - [2023-12-20T21:19:48.397+0000] {dag.py:3722} INFO - Setting next_dagrun for dataset_consumes_1_and_2 to None, run_after=None
[2023-12-20T21:19:48.399+0000] {logging_mixin.py:154} INFO - [2023-12-20T21:19:48.399+0000] {dag.py:3722} INFO - Setting next_dagrun for dataset_consumes_1_never_scheduled to None, run_after=None
[2023-12-20T21:19:48.401+0000] {logging_mixin.py:154} INFO - [2023-12-20T21:19:48.401+0000] {dag.py:3722} INFO - Setting next_dagrun for dataset_consumes_unknown_never_scheduled to None, run_after=None
[2023-12-20T21:19:48.404+0000] {logging_mixin.py:154} INFO - [2023-12-20T21:19:48.404+0000] {dag.py:3722} INFO - Setting next_dagrun for dataset_produces_1 to 2023-12-19T00:00:00+00:00, run_after=2023-12-20T00:00:00+00:00
[2023-12-20T21:19:48.406+0000] {logging_mixin.py:154} INFO - [2023-12-20T21:19:48.406+0000] {dag.py:3722} INFO - Setting next_dagrun for dataset_produces_2 to None, run_after=None
[2023-12-20T21:19:48.441+0000] {processor.py:179} INFO - Processing /home/airflow/.local/lib/python3.8/site-packages/airflow/example_dags/example_datasets.py took 0.272 seconds
[2023-12-20T21:20:19.379+0000] {processor.py:157} INFO - Started process (PID=1357) to work on /home/airflow/.local/lib/python3.8/site-packages/airflow/example_dags/example_datasets.py
[2023-12-20T21:20:19.380+0000] {processor.py:829} INFO - Processing file /home/airflow/.local/lib/python3.8/site-packages/airflow/example_dags/example_datasets.py for tasks to queue
[2023-12-20T21:20:19.382+0000] {logging_mixin.py:154} INFO - [2023-12-20T21:20:19.382+0000] {dagbag.py:536} INFO - Filling up the DagBag from /home/airflow/.local/lib/python3.8/site-packages/airflow/example_dags/example_datasets.py
[2023-12-20T21:20:19.390+0000] {processor.py:839} INFO - DAG(s) dict_keys(['dataset_consumes_1', 'dataset_consumes_1_and_2', 'dataset_produces_2', 'dataset_consumes_unknown_never_scheduled', 'dataset_produces_1', 'dataset_consumes_1_never_scheduled']) retrieved from /home/airflow/.local/lib/python3.8/site-packages/airflow/example_dags/example_datasets.py
[2023-12-20T21:20:19.425+0000] {logging_mixin.py:154} INFO - [2023-12-20T21:20:19.425+0000] {dag.py:2941} INFO - Sync 6 DAGs
[2023-12-20T21:20:19.445+0000] {logging_mixin.py:154} INFO - [2023-12-20T21:20:19.445+0000] {dag.py:3722} INFO - Setting next_dagrun for dataset_consumes_1 to None, run_after=None
[2023-12-20T21:20:19.450+0000] {logging_mixin.py:154} INFO - [2023-12-20T21:20:19.450+0000] {dag.py:3722} INFO - Setting next_dagrun for dataset_consumes_1_and_2 to None, run_after=None
[2023-12-20T21:20:19.453+0000] {logging_mixin.py:154} INFO - [2023-12-20T21:20:19.452+0000] {dag.py:3722} INFO - Setting next_dagrun for dataset_consumes_1_never_scheduled to None, run_after=None
[2023-12-20T21:20:19.455+0000] {logging_mixin.py:154} INFO - [2023-12-20T21:20:19.455+0000] {dag.py:3722} INFO - Setting next_dagrun for dataset_consumes_unknown_never_scheduled to None, run_after=None
[2023-12-20T21:20:19.459+0000] {logging_mixin.py:154} INFO - [2023-12-20T21:20:19.459+0000] {dag.py:3722} INFO - Setting next_dagrun for dataset_produces_1 to 2023-12-19T00:00:00+00:00, run_after=2023-12-20T00:00:00+00:00
[2023-12-20T21:20:19.461+0000] {logging_mixin.py:154} INFO - [2023-12-20T21:20:19.461+0000] {dag.py:3722} INFO - Setting next_dagrun for dataset_produces_2 to None, run_after=None
[2023-12-20T21:20:19.642+0000] {processor.py:179} INFO - Processing /home/airflow/.local/lib/python3.8/site-packages/airflow/example_dags/example_datasets.py took 0.265 seconds
[2023-12-20T21:20:49.937+0000] {processor.py:157} INFO - Started process (PID=1413) to work on /home/airflow/.local/lib/python3.8/site-packages/airflow/example_dags/example_datasets.py
[2023-12-20T21:20:49.938+0000] {processor.py:829} INFO - Processing file /home/airflow/.local/lib/python3.8/site-packages/airflow/example_dags/example_datasets.py for tasks to queue
[2023-12-20T21:20:49.940+0000] {logging_mixin.py:154} INFO - [2023-12-20T21:20:49.940+0000] {dagbag.py:536} INFO - Filling up the DagBag from /home/airflow/.local/lib/python3.8/site-packages/airflow/example_dags/example_datasets.py
[2023-12-20T21:20:49.948+0000] {processor.py:839} INFO - DAG(s) dict_keys(['dataset_consumes_1_never_scheduled', 'dataset_consumes_1', 'dataset_produces_1', 'dataset_consumes_unknown_never_scheduled', 'dataset_produces_2', 'dataset_consumes_1_and_2']) retrieved from /home/airflow/.local/lib/python3.8/site-packages/airflow/example_dags/example_datasets.py
[2023-12-20T21:20:49.984+0000] {logging_mixin.py:154} INFO - [2023-12-20T21:20:49.984+0000] {dag.py:2941} INFO - Sync 6 DAGs
[2023-12-20T21:20:50.006+0000] {logging_mixin.py:154} INFO - [2023-12-20T21:20:50.006+0000] {dag.py:3722} INFO - Setting next_dagrun for dataset_consumes_1 to None, run_after=None
[2023-12-20T21:20:50.010+0000] {logging_mixin.py:154} INFO - [2023-12-20T21:20:50.010+0000] {dag.py:3722} INFO - Setting next_dagrun for dataset_consumes_1_and_2 to None, run_after=None
[2023-12-20T21:20:50.012+0000] {logging_mixin.py:154} INFO - [2023-12-20T21:20:50.011+0000] {dag.py:3722} INFO - Setting next_dagrun for dataset_consumes_1_never_scheduled to None, run_after=None
[2023-12-20T21:20:50.014+0000] {logging_mixin.py:154} INFO - [2023-12-20T21:20:50.013+0000] {dag.py:3722} INFO - Setting next_dagrun for dataset_consumes_unknown_never_scheduled to None, run_after=None
[2023-12-20T21:20:50.017+0000] {logging_mixin.py:154} INFO - [2023-12-20T21:20:50.017+0000] {dag.py:3722} INFO - Setting next_dagrun for dataset_produces_1 to 2023-12-19T00:00:00+00:00, run_after=2023-12-20T00:00:00+00:00
[2023-12-20T21:20:50.019+0000] {logging_mixin.py:154} INFO - [2023-12-20T21:20:50.019+0000] {dag.py:3722} INFO - Setting next_dagrun for dataset_produces_2 to None, run_after=None
[2023-12-20T21:20:50.057+0000] {processor.py:179} INFO - Processing /home/airflow/.local/lib/python3.8/site-packages/airflow/example_dags/example_datasets.py took 0.122 seconds
[2023-12-20T21:21:20.652+0000] {processor.py:157} INFO - Started process (PID=1469) to work on /home/airflow/.local/lib/python3.8/site-packages/airflow/example_dags/example_datasets.py
[2023-12-20T21:21:20.653+0000] {processor.py:829} INFO - Processing file /home/airflow/.local/lib/python3.8/site-packages/airflow/example_dags/example_datasets.py for tasks to queue
[2023-12-20T21:21:20.655+0000] {logging_mixin.py:154} INFO - [2023-12-20T21:21:20.655+0000] {dagbag.py:536} INFO - Filling up the DagBag from /home/airflow/.local/lib/python3.8/site-packages/airflow/example_dags/example_datasets.py
[2023-12-20T21:21:20.662+0000] {processor.py:839} INFO - DAG(s) dict_keys(['dataset_consumes_1', 'dataset_consumes_unknown_never_scheduled', 'dataset_produces_2', 'dataset_consumes_1_never_scheduled', 'dataset_produces_1', 'dataset_consumes_1_and_2']) retrieved from /home/airflow/.local/lib/python3.8/site-packages/airflow/example_dags/example_datasets.py
[2023-12-20T21:21:20.832+0000] {logging_mixin.py:154} INFO - [2023-12-20T21:21:20.832+0000] {dag.py:2941} INFO - Sync 6 DAGs
[2023-12-20T21:21:20.851+0000] {logging_mixin.py:154} INFO - [2023-12-20T21:21:20.851+0000] {dag.py:3722} INFO - Setting next_dagrun for dataset_consumes_1 to None, run_after=None
[2023-12-20T21:21:20.855+0000] {logging_mixin.py:154} INFO - [2023-12-20T21:21:20.855+0000] {dag.py:3722} INFO - Setting next_dagrun for dataset_consumes_1_and_2 to None, run_after=None
[2023-12-20T21:21:20.857+0000] {logging_mixin.py:154} INFO - [2023-12-20T21:21:20.857+0000] {dag.py:3722} INFO - Setting next_dagrun for dataset_consumes_1_never_scheduled to None, run_after=None
[2023-12-20T21:21:20.859+0000] {logging_mixin.py:154} INFO - [2023-12-20T21:21:20.859+0000] {dag.py:3722} INFO - Setting next_dagrun for dataset_consumes_unknown_never_scheduled to None, run_after=None
[2023-12-20T21:21:20.862+0000] {logging_mixin.py:154} INFO - [2023-12-20T21:21:20.862+0000] {dag.py:3722} INFO - Setting next_dagrun for dataset_produces_1 to 2023-12-19T00:00:00+00:00, run_after=2023-12-20T00:00:00+00:00
[2023-12-20T21:21:20.864+0000] {logging_mixin.py:154} INFO - [2023-12-20T21:21:20.864+0000] {dag.py:3722} INFO - Setting next_dagrun for dataset_produces_2 to None, run_after=None
[2023-12-20T21:21:20.899+0000] {processor.py:179} INFO - Processing /home/airflow/.local/lib/python3.8/site-packages/airflow/example_dags/example_datasets.py took 0.250 seconds
[2023-12-20T21:21:51.456+0000] {processor.py:157} INFO - Started process (PID=1525) to work on /home/airflow/.local/lib/python3.8/site-packages/airflow/example_dags/example_datasets.py
[2023-12-20T21:21:51.457+0000] {processor.py:829} INFO - Processing file /home/airflow/.local/lib/python3.8/site-packages/airflow/example_dags/example_datasets.py for tasks to queue
[2023-12-20T21:21:51.459+0000] {logging_mixin.py:154} INFO - [2023-12-20T21:21:51.459+0000] {dagbag.py:536} INFO - Filling up the DagBag from /home/airflow/.local/lib/python3.8/site-packages/airflow/example_dags/example_datasets.py
[2023-12-20T21:21:51.466+0000] {processor.py:839} INFO - DAG(s) dict_keys(['dataset_consumes_1_never_scheduled', 'dataset_produces_2', 'dataset_consumes_1', 'dataset_consumes_1_and_2', 'dataset_produces_1', 'dataset_consumes_unknown_never_scheduled']) retrieved from /home/airflow/.local/lib/python3.8/site-packages/airflow/example_dags/example_datasets.py
[2023-12-20T21:21:51.501+0000] {logging_mixin.py:154} INFO - [2023-12-20T21:21:51.501+0000] {dag.py:2941} INFO - Sync 6 DAGs
[2023-12-20T21:21:51.521+0000] {logging_mixin.py:154} INFO - [2023-12-20T21:21:51.521+0000] {dag.py:3722} INFO - Setting next_dagrun for dataset_consumes_1 to None, run_after=None
[2023-12-20T21:21:51.525+0000] {logging_mixin.py:154} INFO - [2023-12-20T21:21:51.525+0000] {dag.py:3722} INFO - Setting next_dagrun for dataset_consumes_1_and_2 to None, run_after=None
[2023-12-20T21:21:51.527+0000] {logging_mixin.py:154} INFO - [2023-12-20T21:21:51.526+0000] {dag.py:3722} INFO - Setting next_dagrun for dataset_consumes_1_never_scheduled to None, run_after=None
[2023-12-20T21:21:51.528+0000] {logging_mixin.py:154} INFO - [2023-12-20T21:21:51.528+0000] {dag.py:3722} INFO - Setting next_dagrun for dataset_consumes_unknown_never_scheduled to None, run_after=None
[2023-12-20T21:21:51.532+0000] {logging_mixin.py:154} INFO - [2023-12-20T21:21:51.532+0000] {dag.py:3722} INFO - Setting next_dagrun for dataset_produces_1 to 2023-12-19T00:00:00+00:00, run_after=2023-12-20T00:00:00+00:00
[2023-12-20T21:21:51.534+0000] {logging_mixin.py:154} INFO - [2023-12-20T21:21:51.534+0000] {dag.py:3722} INFO - Setting next_dagrun for dataset_produces_2 to None, run_after=None
[2023-12-20T21:21:51.569+0000] {processor.py:179} INFO - Processing /home/airflow/.local/lib/python3.8/site-packages/airflow/example_dags/example_datasets.py took 0.115 seconds
[2023-12-20T21:22:21.834+0000] {processor.py:157} INFO - Started process (PID=1581) to work on /home/airflow/.local/lib/python3.8/site-packages/airflow/example_dags/example_datasets.py
[2023-12-20T21:22:21.835+0000] {processor.py:829} INFO - Processing file /home/airflow/.local/lib/python3.8/site-packages/airflow/example_dags/example_datasets.py for tasks to queue
[2023-12-20T21:22:21.837+0000] {logging_mixin.py:154} INFO - [2023-12-20T21:22:21.837+0000] {dagbag.py:536} INFO - Filling up the DagBag from /home/airflow/.local/lib/python3.8/site-packages/airflow/example_dags/example_datasets.py
[2023-12-20T21:22:21.844+0000] {processor.py:839} INFO - DAG(s) dict_keys(['dataset_consumes_unknown_never_scheduled', 'dataset_produces_1', 'dataset_consumes_1_never_scheduled', 'dataset_consumes_1', 'dataset_consumes_1_and_2', 'dataset_produces_2']) retrieved from /home/airflow/.local/lib/python3.8/site-packages/airflow/example_dags/example_datasets.py
[2023-12-20T21:22:21.878+0000] {logging_mixin.py:154} INFO - [2023-12-20T21:22:21.878+0000] {dag.py:2941} INFO - Sync 6 DAGs
[2023-12-20T21:22:21.900+0000] {logging_mixin.py:154} INFO - [2023-12-20T21:22:21.900+0000] {dag.py:3722} INFO - Setting next_dagrun for dataset_consumes_1 to None, run_after=None
[2023-12-20T21:22:21.904+0000] {logging_mixin.py:154} INFO - [2023-12-20T21:22:21.904+0000] {dag.py:3722} INFO - Setting next_dagrun for dataset_consumes_1_and_2 to None, run_after=None
[2023-12-20T21:22:21.906+0000] {logging_mixin.py:154} INFO - [2023-12-20T21:22:21.906+0000] {dag.py:3722} INFO - Setting next_dagrun for dataset_consumes_1_never_scheduled to None, run_after=None
[2023-12-20T21:22:21.908+0000] {logging_mixin.py:154} INFO - [2023-12-20T21:22:21.908+0000] {dag.py:3722} INFO - Setting next_dagrun for dataset_consumes_unknown_never_scheduled to None, run_after=None
[2023-12-20T21:22:21.911+0000] {logging_mixin.py:154} INFO - [2023-12-20T21:22:21.911+0000] {dag.py:3722} INFO - Setting next_dagrun for dataset_produces_1 to 2023-12-19T00:00:00+00:00, run_after=2023-12-20T00:00:00+00:00
[2023-12-20T21:22:21.913+0000] {logging_mixin.py:154} INFO - [2023-12-20T21:22:21.913+0000] {dag.py:3722} INFO - Setting next_dagrun for dataset_produces_2 to None, run_after=None
[2023-12-20T21:22:21.947+0000] {processor.py:179} INFO - Processing /home/airflow/.local/lib/python3.8/site-packages/airflow/example_dags/example_datasets.py took 0.116 seconds
[2023-12-20T21:22:52.167+0000] {processor.py:157} INFO - Started process (PID=1637) to work on /home/airflow/.local/lib/python3.8/site-packages/airflow/example_dags/example_datasets.py
[2023-12-20T21:22:52.168+0000] {processor.py:829} INFO - Processing file /home/airflow/.local/lib/python3.8/site-packages/airflow/example_dags/example_datasets.py for tasks to queue
[2023-12-20T21:22:52.170+0000] {logging_mixin.py:154} INFO - [2023-12-20T21:22:52.170+0000] {dagbag.py:536} INFO - Filling up the DagBag from /home/airflow/.local/lib/python3.8/site-packages/airflow/example_dags/example_datasets.py
[2023-12-20T21:22:52.178+0000] {processor.py:839} INFO - DAG(s) dict_keys(['dataset_consumes_1_never_scheduled', 'dataset_produces_2', 'dataset_consumes_unknown_never_scheduled', 'dataset_consumes_1_and_2', 'dataset_consumes_1', 'dataset_produces_1']) retrieved from /home/airflow/.local/lib/python3.8/site-packages/airflow/example_dags/example_datasets.py
[2023-12-20T21:22:52.212+0000] {logging_mixin.py:154} INFO - [2023-12-20T21:22:52.212+0000] {dag.py:2941} INFO - Sync 6 DAGs
[2023-12-20T21:22:52.232+0000] {logging_mixin.py:154} INFO - [2023-12-20T21:22:52.232+0000] {dag.py:3722} INFO - Setting next_dagrun for dataset_consumes_1 to None, run_after=None
[2023-12-20T21:22:52.236+0000] {logging_mixin.py:154} INFO - [2023-12-20T21:22:52.236+0000] {dag.py:3722} INFO - Setting next_dagrun for dataset_consumes_1_and_2 to None, run_after=None
[2023-12-20T21:22:52.238+0000] {logging_mixin.py:154} INFO - [2023-12-20T21:22:52.238+0000] {dag.py:3722} INFO - Setting next_dagrun for dataset_consumes_1_never_scheduled to None, run_after=None
[2023-12-20T21:22:52.240+0000] {logging_mixin.py:154} INFO - [2023-12-20T21:22:52.240+0000] {dag.py:3722} INFO - Setting next_dagrun for dataset_consumes_unknown_never_scheduled to None, run_after=None
[2023-12-20T21:22:52.244+0000] {logging_mixin.py:154} INFO - [2023-12-20T21:22:52.243+0000] {dag.py:3722} INFO - Setting next_dagrun for dataset_produces_1 to 2023-12-19T00:00:00+00:00, run_after=2023-12-20T00:00:00+00:00
[2023-12-20T21:22:52.246+0000] {logging_mixin.py:154} INFO - [2023-12-20T21:22:52.245+0000] {dag.py:3722} INFO - Setting next_dagrun for dataset_produces_2 to None, run_after=None
[2023-12-20T21:22:52.279+0000] {processor.py:179} INFO - Processing /home/airflow/.local/lib/python3.8/site-packages/airflow/example_dags/example_datasets.py took 0.114 seconds
[2023-12-20T21:23:22.457+0000] {processor.py:157} INFO - Started process (PID=1693) to work on /home/airflow/.local/lib/python3.8/site-packages/airflow/example_dags/example_datasets.py
[2023-12-20T21:23:22.458+0000] {processor.py:829} INFO - Processing file /home/airflow/.local/lib/python3.8/site-packages/airflow/example_dags/example_datasets.py for tasks to queue
[2023-12-20T21:23:22.460+0000] {logging_mixin.py:154} INFO - [2023-12-20T21:23:22.459+0000] {dagbag.py:536} INFO - Filling up the DagBag from /home/airflow/.local/lib/python3.8/site-packages/airflow/example_dags/example_datasets.py
[2023-12-20T21:23:22.467+0000] {processor.py:839} INFO - DAG(s) dict_keys(['dataset_consumes_1_and_2', 'dataset_consumes_1', 'dataset_produces_2', 'dataset_consumes_unknown_never_scheduled', 'dataset_consumes_1_never_scheduled', 'dataset_produces_1']) retrieved from /home/airflow/.local/lib/python3.8/site-packages/airflow/example_dags/example_datasets.py
[2023-12-20T21:23:22.501+0000] {logging_mixin.py:154} INFO - [2023-12-20T21:23:22.501+0000] {dag.py:2941} INFO - Sync 6 DAGs
[2023-12-20T21:23:22.520+0000] {logging_mixin.py:154} INFO - [2023-12-20T21:23:22.520+0000] {dag.py:3722} INFO - Setting next_dagrun for dataset_consumes_1 to None, run_after=None
[2023-12-20T21:23:22.524+0000] {logging_mixin.py:154} INFO - [2023-12-20T21:23:22.523+0000] {dag.py:3722} INFO - Setting next_dagrun for dataset_consumes_1_and_2 to None, run_after=None
[2023-12-20T21:23:22.525+0000] {logging_mixin.py:154} INFO - [2023-12-20T21:23:22.525+0000] {dag.py:3722} INFO - Setting next_dagrun for dataset_consumes_1_never_scheduled to None, run_after=None
[2023-12-20T21:23:22.527+0000] {logging_mixin.py:154} INFO - [2023-12-20T21:23:22.527+0000] {dag.py:3722} INFO - Setting next_dagrun for dataset_consumes_unknown_never_scheduled to None, run_after=None
[2023-12-20T21:23:22.530+0000] {logging_mixin.py:154} INFO - [2023-12-20T21:23:22.530+0000] {dag.py:3722} INFO - Setting next_dagrun for dataset_produces_1 to 2023-12-19T00:00:00+00:00, run_after=2023-12-20T00:00:00+00:00
[2023-12-20T21:23:22.533+0000] {logging_mixin.py:154} INFO - [2023-12-20T21:23:22.532+0000] {dag.py:3722} INFO - Setting next_dagrun for dataset_produces_2 to None, run_after=None
[2023-12-20T21:23:22.566+0000] {processor.py:179} INFO - Processing /home/airflow/.local/lib/python3.8/site-packages/airflow/example_dags/example_datasets.py took 0.112 seconds
[2023-12-20T21:23:52.871+0000] {processor.py:157} INFO - Started process (PID=1749) to work on /home/airflow/.local/lib/python3.8/site-packages/airflow/example_dags/example_datasets.py
[2023-12-20T21:23:52.872+0000] {processor.py:829} INFO - Processing file /home/airflow/.local/lib/python3.8/site-packages/airflow/example_dags/example_datasets.py for tasks to queue
[2023-12-20T21:23:52.874+0000] {logging_mixin.py:154} INFO - [2023-12-20T21:23:52.874+0000] {dagbag.py:536} INFO - Filling up the DagBag from /home/airflow/.local/lib/python3.8/site-packages/airflow/example_dags/example_datasets.py
[2023-12-20T21:23:52.883+0000] {processor.py:839} INFO - DAG(s) dict_keys(['dataset_consumes_1_and_2', 'dataset_produces_2', 'dataset_consumes_1', 'dataset_consumes_unknown_never_scheduled', 'dataset_produces_1', 'dataset_consumes_1_never_scheduled']) retrieved from /home/airflow/.local/lib/python3.8/site-packages/airflow/example_dags/example_datasets.py
[2023-12-20T21:23:52.915+0000] {logging_mixin.py:154} INFO - [2023-12-20T21:23:52.915+0000] {dag.py:2941} INFO - Sync 6 DAGs
[2023-12-20T21:23:52.935+0000] {logging_mixin.py:154} INFO - [2023-12-20T21:23:52.935+0000] {dag.py:3722} INFO - Setting next_dagrun for dataset_consumes_1 to None, run_after=None
[2023-12-20T21:23:52.938+0000] {logging_mixin.py:154} INFO - [2023-12-20T21:23:52.938+0000] {dag.py:3722} INFO - Setting next_dagrun for dataset_consumes_1_and_2 to None, run_after=None
[2023-12-20T21:23:52.940+0000] {logging_mixin.py:154} INFO - [2023-12-20T21:23:52.940+0000] {dag.py:3722} INFO - Setting next_dagrun for dataset_consumes_1_never_scheduled to None, run_after=None
[2023-12-20T21:23:52.941+0000] {logging_mixin.py:154} INFO - [2023-12-20T21:23:52.941+0000] {dag.py:3722} INFO - Setting next_dagrun for dataset_consumes_unknown_never_scheduled to None, run_after=None
[2023-12-20T21:23:52.945+0000] {logging_mixin.py:154} INFO - [2023-12-20T21:23:52.944+0000] {dag.py:3722} INFO - Setting next_dagrun for dataset_produces_1 to 2023-12-19T00:00:00+00:00, run_after=2023-12-20T00:00:00+00:00
[2023-12-20T21:23:52.947+0000] {logging_mixin.py:154} INFO - [2023-12-20T21:23:52.946+0000] {dag.py:3722} INFO - Setting next_dagrun for dataset_produces_2 to None, run_after=None
[2023-12-20T21:23:52.980+0000] {processor.py:179} INFO - Processing /home/airflow/.local/lib/python3.8/site-packages/airflow/example_dags/example_datasets.py took 0.111 seconds
[2023-12-20T21:24:23.230+0000] {processor.py:157} INFO - Started process (PID=1805) to work on /home/airflow/.local/lib/python3.8/site-packages/airflow/example_dags/example_datasets.py
[2023-12-20T21:24:23.231+0000] {processor.py:829} INFO - Processing file /home/airflow/.local/lib/python3.8/site-packages/airflow/example_dags/example_datasets.py for tasks to queue
[2023-12-20T21:24:23.233+0000] {logging_mixin.py:154} INFO - [2023-12-20T21:24:23.233+0000] {dagbag.py:536} INFO - Filling up the DagBag from /home/airflow/.local/lib/python3.8/site-packages/airflow/example_dags/example_datasets.py
[2023-12-20T21:24:23.241+0000] {processor.py:839} INFO - DAG(s) dict_keys(['dataset_produces_1', 'dataset_consumes_1_never_scheduled', 'dataset_produces_2', 'dataset_consumes_1', 'dataset_consumes_unknown_never_scheduled', 'dataset_consumes_1_and_2']) retrieved from /home/airflow/.local/lib/python3.8/site-packages/airflow/example_dags/example_datasets.py
[2023-12-20T21:24:23.279+0000] {logging_mixin.py:154} INFO - [2023-12-20T21:24:23.279+0000] {dag.py:2941} INFO - Sync 6 DAGs
[2023-12-20T21:24:23.302+0000] {logging_mixin.py:154} INFO - [2023-12-20T21:24:23.302+0000] {dag.py:3722} INFO - Setting next_dagrun for dataset_consumes_1 to None, run_after=None
[2023-12-20T21:24:23.306+0000] {logging_mixin.py:154} INFO - [2023-12-20T21:24:23.305+0000] {dag.py:3722} INFO - Setting next_dagrun for dataset_consumes_1_and_2 to None, run_after=None
[2023-12-20T21:24:23.307+0000] {logging_mixin.py:154} INFO - [2023-12-20T21:24:23.307+0000] {dag.py:3722} INFO - Setting next_dagrun for dataset_consumes_1_never_scheduled to None, run_after=None
[2023-12-20T21:24:23.310+0000] {logging_mixin.py:154} INFO - [2023-12-20T21:24:23.309+0000] {dag.py:3722} INFO - Setting next_dagrun for dataset_consumes_unknown_never_scheduled to None, run_after=None
[2023-12-20T21:24:23.314+0000] {logging_mixin.py:154} INFO - [2023-12-20T21:24:23.314+0000] {dag.py:3722} INFO - Setting next_dagrun for dataset_produces_1 to 2023-12-19T00:00:00+00:00, run_after=2023-12-20T00:00:00+00:00
[2023-12-20T21:24:23.316+0000] {logging_mixin.py:154} INFO - [2023-12-20T21:24:23.316+0000] {dag.py:3722} INFO - Setting next_dagrun for dataset_produces_2 to None, run_after=None
[2023-12-20T21:24:23.358+0000] {processor.py:179} INFO - Processing /home/airflow/.local/lib/python3.8/site-packages/airflow/example_dags/example_datasets.py took 0.131 seconds
[2023-12-20T21:24:53.636+0000] {processor.py:157} INFO - Started process (PID=1861) to work on /home/airflow/.local/lib/python3.8/site-packages/airflow/example_dags/example_datasets.py
[2023-12-20T21:24:53.637+0000] {processor.py:829} INFO - Processing file /home/airflow/.local/lib/python3.8/site-packages/airflow/example_dags/example_datasets.py for tasks to queue
[2023-12-20T21:24:53.639+0000] {logging_mixin.py:154} INFO - [2023-12-20T21:24:53.639+0000] {dagbag.py:536} INFO - Filling up the DagBag from /home/airflow/.local/lib/python3.8/site-packages/airflow/example_dags/example_datasets.py
[2023-12-20T21:24:53.647+0000] {processor.py:839} INFO - DAG(s) dict_keys(['dataset_consumes_1_and_2', 'dataset_produces_2', 'dataset_consumes_1', 'dataset_produces_1', 'dataset_consumes_1_never_scheduled', 'dataset_consumes_unknown_never_scheduled']) retrieved from /home/airflow/.local/lib/python3.8/site-packages/airflow/example_dags/example_datasets.py
[2023-12-20T21:24:53.683+0000] {logging_mixin.py:154} INFO - [2023-12-20T21:24:53.682+0000] {dag.py:2941} INFO - Sync 6 DAGs
[2023-12-20T21:24:53.704+0000] {logging_mixin.py:154} INFO - [2023-12-20T21:24:53.704+0000] {dag.py:3722} INFO - Setting next_dagrun for dataset_consumes_1 to None, run_after=None
[2023-12-20T21:24:53.708+0000] {logging_mixin.py:154} INFO - [2023-12-20T21:24:53.708+0000] {dag.py:3722} INFO - Setting next_dagrun for dataset_consumes_1_and_2 to None, run_after=None
[2023-12-20T21:24:53.710+0000] {logging_mixin.py:154} INFO - [2023-12-20T21:24:53.710+0000] {dag.py:3722} INFO - Setting next_dagrun for dataset_consumes_1_never_scheduled to None, run_after=None
[2023-12-20T21:24:53.712+0000] {logging_mixin.py:154} INFO - [2023-12-20T21:24:53.712+0000] {dag.py:3722} INFO - Setting next_dagrun for dataset_consumes_unknown_never_scheduled to None, run_after=None
[2023-12-20T21:24:53.716+0000] {logging_mixin.py:154} INFO - [2023-12-20T21:24:53.715+0000] {dag.py:3722} INFO - Setting next_dagrun for dataset_produces_1 to 2023-12-19T00:00:00+00:00, run_after=2023-12-20T00:00:00+00:00
[2023-12-20T21:24:53.718+0000] {logging_mixin.py:154} INFO - [2023-12-20T21:24:53.718+0000] {dag.py:3722} INFO - Setting next_dagrun for dataset_produces_2 to None, run_after=None
[2023-12-20T21:24:53.752+0000] {processor.py:179} INFO - Processing /home/airflow/.local/lib/python3.8/site-packages/airflow/example_dags/example_datasets.py took 0.118 seconds
[2023-12-20T21:25:23.959+0000] {processor.py:157} INFO - Started process (PID=1917) to work on /home/airflow/.local/lib/python3.8/site-packages/airflow/example_dags/example_datasets.py
[2023-12-20T21:25:23.960+0000] {processor.py:829} INFO - Processing file /home/airflow/.local/lib/python3.8/site-packages/airflow/example_dags/example_datasets.py for tasks to queue
[2023-12-20T21:25:23.962+0000] {logging_mixin.py:154} INFO - [2023-12-20T21:25:23.962+0000] {dagbag.py:536} INFO - Filling up the DagBag from /home/airflow/.local/lib/python3.8/site-packages/airflow/example_dags/example_datasets.py
[2023-12-20T21:25:23.969+0000] {processor.py:839} INFO - DAG(s) dict_keys(['dataset_consumes_1_and_2', 'dataset_consumes_1', 'dataset_consumes_unknown_never_scheduled', 'dataset_consumes_1_never_scheduled', 'dataset_produces_1', 'dataset_produces_2']) retrieved from /home/airflow/.local/lib/python3.8/site-packages/airflow/example_dags/example_datasets.py
[2023-12-20T21:25:24.003+0000] {logging_mixin.py:154} INFO - [2023-12-20T21:25:24.003+0000] {dag.py:2941} INFO - Sync 6 DAGs
[2023-12-20T21:25:24.023+0000] {logging_mixin.py:154} INFO - [2023-12-20T21:25:24.022+0000] {dag.py:3722} INFO - Setting next_dagrun for dataset_consumes_1 to None, run_after=None
[2023-12-20T21:25:24.026+0000] {logging_mixin.py:154} INFO - [2023-12-20T21:25:24.026+0000] {dag.py:3722} INFO - Setting next_dagrun for dataset_consumes_1_and_2 to None, run_after=None
[2023-12-20T21:25:24.028+0000] {logging_mixin.py:154} INFO - [2023-12-20T21:25:24.028+0000] {dag.py:3722} INFO - Setting next_dagrun for dataset_consumes_1_never_scheduled to None, run_after=None
[2023-12-20T21:25:24.030+0000] {logging_mixin.py:154} INFO - [2023-12-20T21:25:24.030+0000] {dag.py:3722} INFO - Setting next_dagrun for dataset_consumes_unknown_never_scheduled to None, run_after=None
[2023-12-20T21:25:24.033+0000] {logging_mixin.py:154} INFO - [2023-12-20T21:25:24.033+0000] {dag.py:3722} INFO - Setting next_dagrun for dataset_produces_1 to 2023-12-19T00:00:00+00:00, run_after=2023-12-20T00:00:00+00:00
[2023-12-20T21:25:24.035+0000] {logging_mixin.py:154} INFO - [2023-12-20T21:25:24.035+0000] {dag.py:3722} INFO - Setting next_dagrun for dataset_produces_2 to None, run_after=None
[2023-12-20T21:25:24.072+0000] {processor.py:179} INFO - Processing /home/airflow/.local/lib/python3.8/site-packages/airflow/example_dags/example_datasets.py took 0.115 seconds
[2023-12-20T21:25:54.369+0000] {processor.py:157} INFO - Started process (PID=1973) to work on /home/airflow/.local/lib/python3.8/site-packages/airflow/example_dags/example_datasets.py
[2023-12-20T21:25:54.370+0000] {processor.py:829} INFO - Processing file /home/airflow/.local/lib/python3.8/site-packages/airflow/example_dags/example_datasets.py for tasks to queue
[2023-12-20T21:25:54.372+0000] {logging_mixin.py:154} INFO - [2023-12-20T21:25:54.371+0000] {dagbag.py:536} INFO - Filling up the DagBag from /home/airflow/.local/lib/python3.8/site-packages/airflow/example_dags/example_datasets.py
[2023-12-20T21:25:54.379+0000] {processor.py:839} INFO - DAG(s) dict_keys(['dataset_consumes_1', 'dataset_consumes_1_and_2', 'dataset_produces_2', 'dataset_consumes_unknown_never_scheduled', 'dataset_produces_1', 'dataset_consumes_1_never_scheduled']) retrieved from /home/airflow/.local/lib/python3.8/site-packages/airflow/example_dags/example_datasets.py
[2023-12-20T21:25:54.410+0000] {logging_mixin.py:154} INFO - [2023-12-20T21:25:54.410+0000] {dag.py:2941} INFO - Sync 6 DAGs
[2023-12-20T21:25:54.429+0000] {logging_mixin.py:154} INFO - [2023-12-20T21:25:54.429+0000] {dag.py:3722} INFO - Setting next_dagrun for dataset_consumes_1 to None, run_after=None
[2023-12-20T21:25:54.432+0000] {logging_mixin.py:154} INFO - [2023-12-20T21:25:54.432+0000] {dag.py:3722} INFO - Setting next_dagrun for dataset_consumes_1_and_2 to None, run_after=None
[2023-12-20T21:25:54.434+0000] {logging_mixin.py:154} INFO - [2023-12-20T21:25:54.434+0000] {dag.py:3722} INFO - Setting next_dagrun for dataset_consumes_1_never_scheduled to None, run_after=None
[2023-12-20T21:25:54.436+0000] {logging_mixin.py:154} INFO - [2023-12-20T21:25:54.436+0000] {dag.py:3722} INFO - Setting next_dagrun for dataset_consumes_unknown_never_scheduled to None, run_after=None
[2023-12-20T21:25:54.439+0000] {logging_mixin.py:154} INFO - [2023-12-20T21:25:54.439+0000] {dag.py:3722} INFO - Setting next_dagrun for dataset_produces_1 to 2023-12-19T00:00:00+00:00, run_after=2023-12-20T00:00:00+00:00
[2023-12-20T21:25:54.441+0000] {logging_mixin.py:154} INFO - [2023-12-20T21:25:54.441+0000] {dag.py:3722} INFO - Setting next_dagrun for dataset_produces_2 to None, run_after=None
[2023-12-20T21:25:54.479+0000] {processor.py:179} INFO - Processing /home/airflow/.local/lib/python3.8/site-packages/airflow/example_dags/example_datasets.py took 0.112 seconds
[2023-12-20T21:26:24.847+0000] {processor.py:157} INFO - Started process (PID=2029) to work on /home/airflow/.local/lib/python3.8/site-packages/airflow/example_dags/example_datasets.py
[2023-12-20T21:26:24.848+0000] {processor.py:829} INFO - Processing file /home/airflow/.local/lib/python3.8/site-packages/airflow/example_dags/example_datasets.py for tasks to queue
[2023-12-20T21:26:24.850+0000] {logging_mixin.py:154} INFO - [2023-12-20T21:26:24.850+0000] {dagbag.py:536} INFO - Filling up the DagBag from /home/airflow/.local/lib/python3.8/site-packages/airflow/example_dags/example_datasets.py
[2023-12-20T21:26:24.858+0000] {processor.py:839} INFO - DAG(s) dict_keys(['dataset_produces_1', 'dataset_consumes_unknown_never_scheduled', 'dataset_consumes_1', 'dataset_consumes_1_never_scheduled', 'dataset_produces_2', 'dataset_consumes_1_and_2']) retrieved from /home/airflow/.local/lib/python3.8/site-packages/airflow/example_dags/example_datasets.py
[2023-12-20T21:26:24.895+0000] {logging_mixin.py:154} INFO - [2023-12-20T21:26:24.895+0000] {dag.py:2941} INFO - Sync 6 DAGs
[2023-12-20T21:26:24.916+0000] {logging_mixin.py:154} INFO - [2023-12-20T21:26:24.916+0000] {dag.py:3722} INFO - Setting next_dagrun for dataset_consumes_1 to None, run_after=None
[2023-12-20T21:26:24.920+0000] {logging_mixin.py:154} INFO - [2023-12-20T21:26:24.919+0000] {dag.py:3722} INFO - Setting next_dagrun for dataset_consumes_1_and_2 to None, run_after=None
[2023-12-20T21:26:24.922+0000] {logging_mixin.py:154} INFO - [2023-12-20T21:26:24.922+0000] {dag.py:3722} INFO - Setting next_dagrun for dataset_consumes_1_never_scheduled to None, run_after=None
[2023-12-20T21:26:24.924+0000] {logging_mixin.py:154} INFO - [2023-12-20T21:26:24.924+0000] {dag.py:3722} INFO - Setting next_dagrun for dataset_consumes_unknown_never_scheduled to None, run_after=None
[2023-12-20T21:26:24.928+0000] {logging_mixin.py:154} INFO - [2023-12-20T21:26:24.928+0000] {dag.py:3722} INFO - Setting next_dagrun for dataset_produces_1 to 2023-12-19T00:00:00+00:00, run_after=2023-12-20T00:00:00+00:00
[2023-12-20T21:26:24.930+0000] {logging_mixin.py:154} INFO - [2023-12-20T21:26:24.930+0000] {dag.py:3722} INFO - Setting next_dagrun for dataset_produces_2 to None, run_after=None
[2023-12-20T21:26:24.966+0000] {processor.py:179} INFO - Processing /home/airflow/.local/lib/python3.8/site-packages/airflow/example_dags/example_datasets.py took 0.122 seconds
