[2023-12-20T21:08:33.925+0000] {processor.py:157} INFO - Started process (PID=50) to work on /home/airflow/.local/lib/python3.8/site-packages/airflow/example_dags/example_short_circuit_operator.py
[2023-12-20T21:08:33.926+0000] {processor.py:829} INFO - Processing file /home/airflow/.local/lib/python3.8/site-packages/airflow/example_dags/example_short_circuit_operator.py for tasks to queue
[2023-12-20T21:08:33.928+0000] {logging_mixin.py:154} INFO - [2023-12-20T21:08:33.928+0000] {dagbag.py:536} INFO - Filling up the DagBag from /home/airflow/.local/lib/python3.8/site-packages/airflow/example_dags/example_short_circuit_operator.py
[2023-12-20T21:08:33.937+0000] {processor.py:839} INFO - DAG(s) dict_keys(['example_short_circuit_operator']) retrieved from /home/airflow/.local/lib/python3.8/site-packages/airflow/example_dags/example_short_circuit_operator.py
[2023-12-20T21:08:33.950+0000] {logging_mixin.py:154} INFO - [2023-12-20T21:08:33.950+0000] {dag.py:2941} INFO - Sync 1 DAGs
[2023-12-20T21:08:33.979+0000] {logging_mixin.py:154} INFO - [2023-12-20T21:08:33.978+0000] {dag.py:3722} INFO - Setting next_dagrun for example_short_circuit_operator to 2023-12-19T21:08:33.978542+00:00, run_after=2023-12-20T21:08:33.978542+00:00
[2023-12-20T21:08:34.011+0000] {processor.py:179} INFO - Processing /home/airflow/.local/lib/python3.8/site-packages/airflow/example_dags/example_short_circuit_operator.py took 0.088 seconds
[2023-12-20T21:09:04.276+0000] {processor.py:157} INFO - Started process (PID=106) to work on /home/airflow/.local/lib/python3.8/site-packages/airflow/example_dags/example_short_circuit_operator.py
[2023-12-20T21:09:04.278+0000] {processor.py:829} INFO - Processing file /home/airflow/.local/lib/python3.8/site-packages/airflow/example_dags/example_short_circuit_operator.py for tasks to queue
[2023-12-20T21:09:04.280+0000] {logging_mixin.py:154} INFO - [2023-12-20T21:09:04.280+0000] {dagbag.py:536} INFO - Filling up the DagBag from /home/airflow/.local/lib/python3.8/site-packages/airflow/example_dags/example_short_circuit_operator.py
[2023-12-20T21:09:04.287+0000] {processor.py:839} INFO - DAG(s) dict_keys(['example_short_circuit_operator']) retrieved from /home/airflow/.local/lib/python3.8/site-packages/airflow/example_dags/example_short_circuit_operator.py
[2023-12-20T21:09:04.311+0000] {logging_mixin.py:154} INFO - [2023-12-20T21:09:04.310+0000] {dag.py:2941} INFO - Sync 1 DAGs
[2023-12-20T21:09:04.330+0000] {logging_mixin.py:154} INFO - [2023-12-20T21:09:04.330+0000] {dag.py:3722} INFO - Setting next_dagrun for example_short_circuit_operator to 2023-12-19T21:09:04.330142+00:00, run_after=2023-12-20T21:09:04.330142+00:00
[2023-12-20T21:09:04.350+0000] {processor.py:179} INFO - Processing /home/airflow/.local/lib/python3.8/site-packages/airflow/example_dags/example_short_circuit_operator.py took 0.077 seconds
[2023-12-20T21:09:35.255+0000] {processor.py:157} INFO - Started process (PID=162) to work on /home/airflow/.local/lib/python3.8/site-packages/airflow/example_dags/example_short_circuit_operator.py
[2023-12-20T21:09:35.256+0000] {processor.py:829} INFO - Processing file /home/airflow/.local/lib/python3.8/site-packages/airflow/example_dags/example_short_circuit_operator.py for tasks to queue
[2023-12-20T21:09:35.258+0000] {logging_mixin.py:154} INFO - [2023-12-20T21:09:35.258+0000] {dagbag.py:536} INFO - Filling up the DagBag from /home/airflow/.local/lib/python3.8/site-packages/airflow/example_dags/example_short_circuit_operator.py
[2023-12-20T21:09:35.264+0000] {processor.py:839} INFO - DAG(s) dict_keys(['example_short_circuit_operator']) retrieved from /home/airflow/.local/lib/python3.8/site-packages/airflow/example_dags/example_short_circuit_operator.py
[2023-12-20T21:09:35.285+0000] {logging_mixin.py:154} INFO - [2023-12-20T21:09:35.285+0000] {dag.py:2941} INFO - Sync 1 DAGs
[2023-12-20T21:09:35.305+0000] {logging_mixin.py:154} INFO - [2023-12-20T21:09:35.305+0000] {dag.py:3722} INFO - Setting next_dagrun for example_short_circuit_operator to 2023-12-19T21:09:35.304888+00:00, run_after=2023-12-20T21:09:35.304888+00:00
[2023-12-20T21:09:35.325+0000] {processor.py:179} INFO - Processing /home/airflow/.local/lib/python3.8/site-packages/airflow/example_dags/example_short_circuit_operator.py took 0.073 seconds
[2023-12-20T21:10:05.715+0000] {processor.py:157} INFO - Started process (PID=218) to work on /home/airflow/.local/lib/python3.8/site-packages/airflow/example_dags/example_short_circuit_operator.py
[2023-12-20T21:10:05.716+0000] {processor.py:829} INFO - Processing file /home/airflow/.local/lib/python3.8/site-packages/airflow/example_dags/example_short_circuit_operator.py for tasks to queue
[2023-12-20T21:10:05.719+0000] {logging_mixin.py:154} INFO - [2023-12-20T21:10:05.718+0000] {dagbag.py:536} INFO - Filling up the DagBag from /home/airflow/.local/lib/python3.8/site-packages/airflow/example_dags/example_short_circuit_operator.py
[2023-12-20T21:10:05.724+0000] {processor.py:839} INFO - DAG(s) dict_keys(['example_short_circuit_operator']) retrieved from /home/airflow/.local/lib/python3.8/site-packages/airflow/example_dags/example_short_circuit_operator.py
[2023-12-20T21:10:05.746+0000] {logging_mixin.py:154} INFO - [2023-12-20T21:10:05.746+0000] {dag.py:2941} INFO - Sync 1 DAGs
[2023-12-20T21:10:05.767+0000] {logging_mixin.py:154} INFO - [2023-12-20T21:10:05.767+0000] {dag.py:3722} INFO - Setting next_dagrun for example_short_circuit_operator to 2023-12-19T21:10:05.766822+00:00, run_after=2023-12-20T21:10:05.766822+00:00
[2023-12-20T21:10:05.786+0000] {processor.py:179} INFO - Processing /home/airflow/.local/lib/python3.8/site-packages/airflow/example_dags/example_short_circuit_operator.py took 0.073 seconds
[2023-12-20T21:10:35.922+0000] {processor.py:157} INFO - Started process (PID=274) to work on /home/airflow/.local/lib/python3.8/site-packages/airflow/example_dags/example_short_circuit_operator.py
[2023-12-20T21:10:35.923+0000] {processor.py:829} INFO - Processing file /home/airflow/.local/lib/python3.8/site-packages/airflow/example_dags/example_short_circuit_operator.py for tasks to queue
[2023-12-20T21:10:35.925+0000] {logging_mixin.py:154} INFO - [2023-12-20T21:10:35.925+0000] {dagbag.py:536} INFO - Filling up the DagBag from /home/airflow/.local/lib/python3.8/site-packages/airflow/example_dags/example_short_circuit_operator.py
[2023-12-20T21:10:35.931+0000] {processor.py:839} INFO - DAG(s) dict_keys(['example_short_circuit_operator']) retrieved from /home/airflow/.local/lib/python3.8/site-packages/airflow/example_dags/example_short_circuit_operator.py
[2023-12-20T21:10:35.950+0000] {logging_mixin.py:154} INFO - [2023-12-20T21:10:35.950+0000] {dag.py:2941} INFO - Sync 1 DAGs
[2023-12-20T21:10:35.970+0000] {logging_mixin.py:154} INFO - [2023-12-20T21:10:35.970+0000] {dag.py:3722} INFO - Setting next_dagrun for example_short_circuit_operator to 2023-12-19T21:10:35.969943+00:00, run_after=2023-12-20T21:10:35.969943+00:00
[2023-12-20T21:10:35.991+0000] {processor.py:179} INFO - Processing /home/airflow/.local/lib/python3.8/site-packages/airflow/example_dags/example_short_circuit_operator.py took 0.071 seconds
[2023-12-20T21:11:06.125+0000] {processor.py:157} INFO - Started process (PID=330) to work on /home/airflow/.local/lib/python3.8/site-packages/airflow/example_dags/example_short_circuit_operator.py
[2023-12-20T21:11:06.126+0000] {processor.py:829} INFO - Processing file /home/airflow/.local/lib/python3.8/site-packages/airflow/example_dags/example_short_circuit_operator.py for tasks to queue
[2023-12-20T21:11:06.128+0000] {logging_mixin.py:154} INFO - [2023-12-20T21:11:06.128+0000] {dagbag.py:536} INFO - Filling up the DagBag from /home/airflow/.local/lib/python3.8/site-packages/airflow/example_dags/example_short_circuit_operator.py
[2023-12-20T21:11:06.134+0000] {processor.py:839} INFO - DAG(s) dict_keys(['example_short_circuit_operator']) retrieved from /home/airflow/.local/lib/python3.8/site-packages/airflow/example_dags/example_short_circuit_operator.py
[2023-12-20T21:11:06.154+0000] {logging_mixin.py:154} INFO - [2023-12-20T21:11:06.154+0000] {dag.py:2941} INFO - Sync 1 DAGs
[2023-12-20T21:11:06.174+0000] {logging_mixin.py:154} INFO - [2023-12-20T21:11:06.174+0000] {dag.py:3722} INFO - Setting next_dagrun for example_short_circuit_operator to 2023-12-19T21:11:06.174111+00:00, run_after=2023-12-20T21:11:06.174111+00:00
[2023-12-20T21:11:06.194+0000] {processor.py:179} INFO - Processing /home/airflow/.local/lib/python3.8/site-packages/airflow/example_dags/example_short_circuit_operator.py took 0.072 seconds
[2023-12-20T21:11:36.302+0000] {processor.py:157} INFO - Started process (PID=386) to work on /home/airflow/.local/lib/python3.8/site-packages/airflow/example_dags/example_short_circuit_operator.py
[2023-12-20T21:11:36.303+0000] {processor.py:829} INFO - Processing file /home/airflow/.local/lib/python3.8/site-packages/airflow/example_dags/example_short_circuit_operator.py for tasks to queue
[2023-12-20T21:11:36.305+0000] {logging_mixin.py:154} INFO - [2023-12-20T21:11:36.305+0000] {dagbag.py:536} INFO - Filling up the DagBag from /home/airflow/.local/lib/python3.8/site-packages/airflow/example_dags/example_short_circuit_operator.py
[2023-12-20T21:11:36.311+0000] {processor.py:839} INFO - DAG(s) dict_keys(['example_short_circuit_operator']) retrieved from /home/airflow/.local/lib/python3.8/site-packages/airflow/example_dags/example_short_circuit_operator.py
[2023-12-20T21:11:36.331+0000] {logging_mixin.py:154} INFO - [2023-12-20T21:11:36.331+0000] {dag.py:2941} INFO - Sync 1 DAGs
[2023-12-20T21:11:36.349+0000] {logging_mixin.py:154} INFO - [2023-12-20T21:11:36.349+0000] {dag.py:3722} INFO - Setting next_dagrun for example_short_circuit_operator to 2023-12-19T21:11:36.349357+00:00, run_after=2023-12-20T21:11:36.349357+00:00
[2023-12-20T21:11:36.372+0000] {processor.py:179} INFO - Processing /home/airflow/.local/lib/python3.8/site-packages/airflow/example_dags/example_short_circuit_operator.py took 0.072 seconds
[2023-12-20T21:12:06.880+0000] {processor.py:157} INFO - Started process (PID=442) to work on /home/airflow/.local/lib/python3.8/site-packages/airflow/example_dags/example_short_circuit_operator.py
[2023-12-20T21:12:06.881+0000] {processor.py:829} INFO - Processing file /home/airflow/.local/lib/python3.8/site-packages/airflow/example_dags/example_short_circuit_operator.py for tasks to queue
[2023-12-20T21:12:06.883+0000] {logging_mixin.py:154} INFO - [2023-12-20T21:12:06.883+0000] {dagbag.py:536} INFO - Filling up the DagBag from /home/airflow/.local/lib/python3.8/site-packages/airflow/example_dags/example_short_circuit_operator.py
[2023-12-20T21:12:06.890+0000] {processor.py:839} INFO - DAG(s) dict_keys(['example_short_circuit_operator']) retrieved from /home/airflow/.local/lib/python3.8/site-packages/airflow/example_dags/example_short_circuit_operator.py
[2023-12-20T21:12:06.914+0000] {logging_mixin.py:154} INFO - [2023-12-20T21:12:06.913+0000] {dag.py:2941} INFO - Sync 1 DAGs
[2023-12-20T21:12:06.934+0000] {logging_mixin.py:154} INFO - [2023-12-20T21:12:06.934+0000] {dag.py:3722} INFO - Setting next_dagrun for example_short_circuit_operator to 2023-12-19T21:12:06.934278+00:00, run_after=2023-12-20T21:12:06.934278+00:00
[2023-12-20T21:12:06.956+0000] {processor.py:179} INFO - Processing /home/airflow/.local/lib/python3.8/site-packages/airflow/example_dags/example_short_circuit_operator.py took 0.078 seconds
[2023-12-20T21:12:37.283+0000] {processor.py:157} INFO - Started process (PID=498) to work on /home/airflow/.local/lib/python3.8/site-packages/airflow/example_dags/example_short_circuit_operator.py
[2023-12-20T21:12:37.284+0000] {processor.py:829} INFO - Processing file /home/airflow/.local/lib/python3.8/site-packages/airflow/example_dags/example_short_circuit_operator.py for tasks to queue
[2023-12-20T21:12:37.286+0000] {logging_mixin.py:154} INFO - [2023-12-20T21:12:37.286+0000] {dagbag.py:536} INFO - Filling up the DagBag from /home/airflow/.local/lib/python3.8/site-packages/airflow/example_dags/example_short_circuit_operator.py
[2023-12-20T21:12:37.292+0000] {processor.py:839} INFO - DAG(s) dict_keys(['example_short_circuit_operator']) retrieved from /home/airflow/.local/lib/python3.8/site-packages/airflow/example_dags/example_short_circuit_operator.py
[2023-12-20T21:12:37.315+0000] {logging_mixin.py:154} INFO - [2023-12-20T21:12:37.314+0000] {dag.py:2941} INFO - Sync 1 DAGs
[2023-12-20T21:12:37.335+0000] {logging_mixin.py:154} INFO - [2023-12-20T21:12:37.335+0000] {dag.py:3722} INFO - Setting next_dagrun for example_short_circuit_operator to 2023-12-19T21:12:37.335251+00:00, run_after=2023-12-20T21:12:37.335251+00:00
[2023-12-20T21:12:37.356+0000] {processor.py:179} INFO - Processing /home/airflow/.local/lib/python3.8/site-packages/airflow/example_dags/example_short_circuit_operator.py took 0.075 seconds
[2023-12-20T21:13:07.534+0000] {processor.py:157} INFO - Started process (PID=554) to work on /home/airflow/.local/lib/python3.8/site-packages/airflow/example_dags/example_short_circuit_operator.py
[2023-12-20T21:13:07.536+0000] {processor.py:829} INFO - Processing file /home/airflow/.local/lib/python3.8/site-packages/airflow/example_dags/example_short_circuit_operator.py for tasks to queue
[2023-12-20T21:13:07.538+0000] {logging_mixin.py:154} INFO - [2023-12-20T21:13:07.537+0000] {dagbag.py:536} INFO - Filling up the DagBag from /home/airflow/.local/lib/python3.8/site-packages/airflow/example_dags/example_short_circuit_operator.py
[2023-12-20T21:13:07.544+0000] {processor.py:839} INFO - DAG(s) dict_keys(['example_short_circuit_operator']) retrieved from /home/airflow/.local/lib/python3.8/site-packages/airflow/example_dags/example_short_circuit_operator.py
[2023-12-20T21:13:07.563+0000] {logging_mixin.py:154} INFO - [2023-12-20T21:13:07.563+0000] {dag.py:2941} INFO - Sync 1 DAGs
[2023-12-20T21:13:07.585+0000] {logging_mixin.py:154} INFO - [2023-12-20T21:13:07.584+0000] {dag.py:3722} INFO - Setting next_dagrun for example_short_circuit_operator to 2023-12-19T21:13:07.584706+00:00, run_after=2023-12-20T21:13:07.584706+00:00
[2023-12-20T21:13:07.605+0000] {processor.py:179} INFO - Processing /home/airflow/.local/lib/python3.8/site-packages/airflow/example_dags/example_short_circuit_operator.py took 0.073 seconds
[2023-12-20T21:13:38.468+0000] {processor.py:157} INFO - Started process (PID=610) to work on /home/airflow/.local/lib/python3.8/site-packages/airflow/example_dags/example_short_circuit_operator.py
[2023-12-20T21:13:38.469+0000] {processor.py:829} INFO - Processing file /home/airflow/.local/lib/python3.8/site-packages/airflow/example_dags/example_short_circuit_operator.py for tasks to queue
[2023-12-20T21:13:38.471+0000] {logging_mixin.py:154} INFO - [2023-12-20T21:13:38.471+0000] {dagbag.py:536} INFO - Filling up the DagBag from /home/airflow/.local/lib/python3.8/site-packages/airflow/example_dags/example_short_circuit_operator.py
[2023-12-20T21:13:38.479+0000] {processor.py:839} INFO - DAG(s) dict_keys(['example_short_circuit_operator']) retrieved from /home/airflow/.local/lib/python3.8/site-packages/airflow/example_dags/example_short_circuit_operator.py
[2023-12-20T21:13:38.502+0000] {logging_mixin.py:154} INFO - [2023-12-20T21:13:38.502+0000] {dag.py:2941} INFO - Sync 1 DAGs
[2023-12-20T21:13:38.525+0000] {logging_mixin.py:154} INFO - [2023-12-20T21:13:38.525+0000] {dag.py:3722} INFO - Setting next_dagrun for example_short_circuit_operator to 2023-12-19T21:13:38.525278+00:00, run_after=2023-12-20T21:13:38.525278+00:00
[2023-12-20T21:13:38.548+0000] {processor.py:179} INFO - Processing /home/airflow/.local/lib/python3.8/site-packages/airflow/example_dags/example_short_circuit_operator.py took 0.082 seconds
[2023-12-20T21:14:08.718+0000] {processor.py:157} INFO - Started process (PID=666) to work on /home/airflow/.local/lib/python3.8/site-packages/airflow/example_dags/example_short_circuit_operator.py
[2023-12-20T21:14:08.719+0000] {processor.py:829} INFO - Processing file /home/airflow/.local/lib/python3.8/site-packages/airflow/example_dags/example_short_circuit_operator.py for tasks to queue
[2023-12-20T21:14:08.721+0000] {logging_mixin.py:154} INFO - [2023-12-20T21:14:08.721+0000] {dagbag.py:536} INFO - Filling up the DagBag from /home/airflow/.local/lib/python3.8/site-packages/airflow/example_dags/example_short_circuit_operator.py
[2023-12-20T21:14:08.727+0000] {processor.py:839} INFO - DAG(s) dict_keys(['example_short_circuit_operator']) retrieved from /home/airflow/.local/lib/python3.8/site-packages/airflow/example_dags/example_short_circuit_operator.py
[2023-12-20T21:14:08.748+0000] {logging_mixin.py:154} INFO - [2023-12-20T21:14:08.747+0000] {dag.py:2941} INFO - Sync 1 DAGs
[2023-12-20T21:14:08.767+0000] {logging_mixin.py:154} INFO - [2023-12-20T21:14:08.767+0000] {dag.py:3722} INFO - Setting next_dagrun for example_short_circuit_operator to 2023-12-19T21:14:08.767030+00:00, run_after=2023-12-20T21:14:08.767030+00:00
[2023-12-20T21:14:08.788+0000] {processor.py:179} INFO - Processing /home/airflow/.local/lib/python3.8/site-packages/airflow/example_dags/example_short_circuit_operator.py took 0.071 seconds
[2023-12-20T21:14:39.715+0000] {processor.py:157} INFO - Started process (PID=722) to work on /home/airflow/.local/lib/python3.8/site-packages/airflow/example_dags/example_short_circuit_operator.py
[2023-12-20T21:14:39.716+0000] {processor.py:829} INFO - Processing file /home/airflow/.local/lib/python3.8/site-packages/airflow/example_dags/example_short_circuit_operator.py for tasks to queue
[2023-12-20T21:14:39.718+0000] {logging_mixin.py:154} INFO - [2023-12-20T21:14:39.718+0000] {dagbag.py:536} INFO - Filling up the DagBag from /home/airflow/.local/lib/python3.8/site-packages/airflow/example_dags/example_short_circuit_operator.py
[2023-12-20T21:14:39.724+0000] {processor.py:839} INFO - DAG(s) dict_keys(['example_short_circuit_operator']) retrieved from /home/airflow/.local/lib/python3.8/site-packages/airflow/example_dags/example_short_circuit_operator.py
[2023-12-20T21:14:39.745+0000] {logging_mixin.py:154} INFO - [2023-12-20T21:14:39.744+0000] {dag.py:2941} INFO - Sync 1 DAGs
[2023-12-20T21:14:39.764+0000] {logging_mixin.py:154} INFO - [2023-12-20T21:14:39.764+0000] {dag.py:3722} INFO - Setting next_dagrun for example_short_circuit_operator to 2023-12-19T21:14:39.764402+00:00, run_after=2023-12-20T21:14:39.764402+00:00
[2023-12-20T21:14:39.787+0000] {processor.py:179} INFO - Processing /home/airflow/.local/lib/python3.8/site-packages/airflow/example_dags/example_short_circuit_operator.py took 0.074 seconds
[2023-12-20T21:15:10.215+0000] {processor.py:157} INFO - Started process (PID=778) to work on /home/airflow/.local/lib/python3.8/site-packages/airflow/example_dags/example_short_circuit_operator.py
[2023-12-20T21:15:10.216+0000] {processor.py:829} INFO - Processing file /home/airflow/.local/lib/python3.8/site-packages/airflow/example_dags/example_short_circuit_operator.py for tasks to queue
[2023-12-20T21:15:10.218+0000] {logging_mixin.py:154} INFO - [2023-12-20T21:15:10.218+0000] {dagbag.py:536} INFO - Filling up the DagBag from /home/airflow/.local/lib/python3.8/site-packages/airflow/example_dags/example_short_circuit_operator.py
[2023-12-20T21:15:10.224+0000] {processor.py:839} INFO - DAG(s) dict_keys(['example_short_circuit_operator']) retrieved from /home/airflow/.local/lib/python3.8/site-packages/airflow/example_dags/example_short_circuit_operator.py
[2023-12-20T21:15:10.244+0000] {logging_mixin.py:154} INFO - [2023-12-20T21:15:10.243+0000] {dag.py:2941} INFO - Sync 1 DAGs
[2023-12-20T21:15:10.263+0000] {logging_mixin.py:154} INFO - [2023-12-20T21:15:10.263+0000] {dag.py:3722} INFO - Setting next_dagrun for example_short_circuit_operator to 2023-12-19T21:15:10.262993+00:00, run_after=2023-12-20T21:15:10.262993+00:00
[2023-12-20T21:15:10.282+0000] {processor.py:179} INFO - Processing /home/airflow/.local/lib/python3.8/site-packages/airflow/example_dags/example_short_circuit_operator.py took 0.069 seconds
[2023-12-20T21:15:40.845+0000] {processor.py:157} INFO - Started process (PID=834) to work on /home/airflow/.local/lib/python3.8/site-packages/airflow/example_dags/example_short_circuit_operator.py
[2023-12-20T21:15:40.846+0000] {processor.py:829} INFO - Processing file /home/airflow/.local/lib/python3.8/site-packages/airflow/example_dags/example_short_circuit_operator.py for tasks to queue
[2023-12-20T21:15:40.848+0000] {logging_mixin.py:154} INFO - [2023-12-20T21:15:40.848+0000] {dagbag.py:536} INFO - Filling up the DagBag from /home/airflow/.local/lib/python3.8/site-packages/airflow/example_dags/example_short_circuit_operator.py
[2023-12-20T21:15:40.853+0000] {processor.py:839} INFO - DAG(s) dict_keys(['example_short_circuit_operator']) retrieved from /home/airflow/.local/lib/python3.8/site-packages/airflow/example_dags/example_short_circuit_operator.py
[2023-12-20T21:15:40.873+0000] {logging_mixin.py:154} INFO - [2023-12-20T21:15:40.872+0000] {dag.py:2941} INFO - Sync 1 DAGs
[2023-12-20T21:15:40.892+0000] {logging_mixin.py:154} INFO - [2023-12-20T21:15:40.892+0000] {dag.py:3722} INFO - Setting next_dagrun for example_short_circuit_operator to 2023-12-19T21:15:40.892411+00:00, run_after=2023-12-20T21:15:40.892411+00:00
[2023-12-20T21:15:40.913+0000] {processor.py:179} INFO - Processing /home/airflow/.local/lib/python3.8/site-packages/airflow/example_dags/example_short_circuit_operator.py took 0.071 seconds
[2023-12-20T21:16:11.302+0000] {processor.py:157} INFO - Started process (PID=890) to work on /home/airflow/.local/lib/python3.8/site-packages/airflow/example_dags/example_short_circuit_operator.py
[2023-12-20T21:16:11.303+0000] {processor.py:829} INFO - Processing file /home/airflow/.local/lib/python3.8/site-packages/airflow/example_dags/example_short_circuit_operator.py for tasks to queue
[2023-12-20T21:16:11.305+0000] {logging_mixin.py:154} INFO - [2023-12-20T21:16:11.305+0000] {dagbag.py:536} INFO - Filling up the DagBag from /home/airflow/.local/lib/python3.8/site-packages/airflow/example_dags/example_short_circuit_operator.py
[2023-12-20T21:16:11.311+0000] {processor.py:839} INFO - DAG(s) dict_keys(['example_short_circuit_operator']) retrieved from /home/airflow/.local/lib/python3.8/site-packages/airflow/example_dags/example_short_circuit_operator.py
[2023-12-20T21:16:11.331+0000] {logging_mixin.py:154} INFO - [2023-12-20T21:16:11.331+0000] {dag.py:2941} INFO - Sync 1 DAGs
[2023-12-20T21:16:11.351+0000] {logging_mixin.py:154} INFO - [2023-12-20T21:16:11.351+0000] {dag.py:3722} INFO - Setting next_dagrun for example_short_circuit_operator to 2023-12-19T21:16:11.350908+00:00, run_after=2023-12-20T21:16:11.350908+00:00
[2023-12-20T21:16:11.372+0000] {processor.py:179} INFO - Processing /home/airflow/.local/lib/python3.8/site-packages/airflow/example_dags/example_short_circuit_operator.py took 0.072 seconds
[2023-12-20T21:16:42.235+0000] {processor.py:157} INFO - Started process (PID=946) to work on /home/airflow/.local/lib/python3.8/site-packages/airflow/example_dags/example_short_circuit_operator.py
[2023-12-20T21:16:42.236+0000] {processor.py:829} INFO - Processing file /home/airflow/.local/lib/python3.8/site-packages/airflow/example_dags/example_short_circuit_operator.py for tasks to queue
[2023-12-20T21:16:42.239+0000] {logging_mixin.py:154} INFO - [2023-12-20T21:16:42.238+0000] {dagbag.py:536} INFO - Filling up the DagBag from /home/airflow/.local/lib/python3.8/site-packages/airflow/example_dags/example_short_circuit_operator.py
[2023-12-20T21:16:42.245+0000] {processor.py:839} INFO - DAG(s) dict_keys(['example_short_circuit_operator']) retrieved from /home/airflow/.local/lib/python3.8/site-packages/airflow/example_dags/example_short_circuit_operator.py
[2023-12-20T21:16:42.268+0000] {logging_mixin.py:154} INFO - [2023-12-20T21:16:42.267+0000] {dag.py:2941} INFO - Sync 1 DAGs
[2023-12-20T21:16:42.292+0000] {logging_mixin.py:154} INFO - [2023-12-20T21:16:42.292+0000] {dag.py:3722} INFO - Setting next_dagrun for example_short_circuit_operator to 2023-12-19T21:16:42.292185+00:00, run_after=2023-12-20T21:16:42.292185+00:00
[2023-12-20T21:16:42.439+0000] {processor.py:179} INFO - Processing /home/airflow/.local/lib/python3.8/site-packages/airflow/example_dags/example_short_circuit_operator.py took 0.207 seconds
[2023-12-20T21:17:13.185+0000] {processor.py:157} INFO - Started process (PID=1002) to work on /home/airflow/.local/lib/python3.8/site-packages/airflow/example_dags/example_short_circuit_operator.py
[2023-12-20T21:17:13.186+0000] {processor.py:829} INFO - Processing file /home/airflow/.local/lib/python3.8/site-packages/airflow/example_dags/example_short_circuit_operator.py for tasks to queue
[2023-12-20T21:17:13.188+0000] {logging_mixin.py:154} INFO - [2023-12-20T21:17:13.188+0000] {dagbag.py:536} INFO - Filling up the DagBag from /home/airflow/.local/lib/python3.8/site-packages/airflow/example_dags/example_short_circuit_operator.py
[2023-12-20T21:17:13.194+0000] {processor.py:839} INFO - DAG(s) dict_keys(['example_short_circuit_operator']) retrieved from /home/airflow/.local/lib/python3.8/site-packages/airflow/example_dags/example_short_circuit_operator.py
[2023-12-20T21:17:13.217+0000] {logging_mixin.py:154} INFO - [2023-12-20T21:17:13.217+0000] {dag.py:2941} INFO - Sync 1 DAGs
[2023-12-20T21:17:13.240+0000] {logging_mixin.py:154} INFO - [2023-12-20T21:17:13.240+0000] {dag.py:3722} INFO - Setting next_dagrun for example_short_circuit_operator to 2023-12-19T21:17:13.240240+00:00, run_after=2023-12-20T21:17:13.240240+00:00
[2023-12-20T21:17:13.267+0000] {processor.py:179} INFO - Processing /home/airflow/.local/lib/python3.8/site-packages/airflow/example_dags/example_short_circuit_operator.py took 0.084 seconds
[2023-12-20T21:17:43.501+0000] {processor.py:157} INFO - Started process (PID=1058) to work on /home/airflow/.local/lib/python3.8/site-packages/airflow/example_dags/example_short_circuit_operator.py
[2023-12-20T21:17:43.502+0000] {processor.py:829} INFO - Processing file /home/airflow/.local/lib/python3.8/site-packages/airflow/example_dags/example_short_circuit_operator.py for tasks to queue
[2023-12-20T21:17:43.504+0000] {logging_mixin.py:154} INFO - [2023-12-20T21:17:43.504+0000] {dagbag.py:536} INFO - Filling up the DagBag from /home/airflow/.local/lib/python3.8/site-packages/airflow/example_dags/example_short_circuit_operator.py
[2023-12-20T21:17:43.510+0000] {processor.py:839} INFO - DAG(s) dict_keys(['example_short_circuit_operator']) retrieved from /home/airflow/.local/lib/python3.8/site-packages/airflow/example_dags/example_short_circuit_operator.py
[2023-12-20T21:17:43.531+0000] {logging_mixin.py:154} INFO - [2023-12-20T21:17:43.531+0000] {dag.py:2941} INFO - Sync 1 DAGs
[2023-12-20T21:17:43.552+0000] {logging_mixin.py:154} INFO - [2023-12-20T21:17:43.552+0000] {dag.py:3722} INFO - Setting next_dagrun for example_short_circuit_operator to 2023-12-19T21:17:43.551809+00:00, run_after=2023-12-20T21:17:43.551809+00:00
[2023-12-20T21:17:43.573+0000] {processor.py:179} INFO - Processing /home/airflow/.local/lib/python3.8/site-packages/airflow/example_dags/example_short_circuit_operator.py took 0.073 seconds
[2023-12-20T21:18:13.897+0000] {processor.py:157} INFO - Started process (PID=1114) to work on /home/airflow/.local/lib/python3.8/site-packages/airflow/example_dags/example_short_circuit_operator.py
[2023-12-20T21:18:13.898+0000] {processor.py:829} INFO - Processing file /home/airflow/.local/lib/python3.8/site-packages/airflow/example_dags/example_short_circuit_operator.py for tasks to queue
[2023-12-20T21:18:13.899+0000] {logging_mixin.py:154} INFO - [2023-12-20T21:18:13.899+0000] {dagbag.py:536} INFO - Filling up the DagBag from /home/airflow/.local/lib/python3.8/site-packages/airflow/example_dags/example_short_circuit_operator.py
[2023-12-20T21:18:13.905+0000] {processor.py:839} INFO - DAG(s) dict_keys(['example_short_circuit_operator']) retrieved from /home/airflow/.local/lib/python3.8/site-packages/airflow/example_dags/example_short_circuit_operator.py
[2023-12-20T21:18:13.924+0000] {logging_mixin.py:154} INFO - [2023-12-20T21:18:13.924+0000] {dag.py:2941} INFO - Sync 1 DAGs
[2023-12-20T21:18:13.941+0000] {logging_mixin.py:154} INFO - [2023-12-20T21:18:13.941+0000] {dag.py:3722} INFO - Setting next_dagrun for example_short_circuit_operator to 2023-12-19T21:18:13.941208+00:00, run_after=2023-12-20T21:18:13.941208+00:00
[2023-12-20T21:18:13.960+0000] {processor.py:179} INFO - Processing /home/airflow/.local/lib/python3.8/site-packages/airflow/example_dags/example_short_circuit_operator.py took 0.065 seconds
[2023-12-20T21:18:44.340+0000] {processor.py:157} INFO - Started process (PID=1170) to work on /home/airflow/.local/lib/python3.8/site-packages/airflow/example_dags/example_short_circuit_operator.py
[2023-12-20T21:18:44.341+0000] {processor.py:829} INFO - Processing file /home/airflow/.local/lib/python3.8/site-packages/airflow/example_dags/example_short_circuit_operator.py for tasks to queue
[2023-12-20T21:18:44.343+0000] {logging_mixin.py:154} INFO - [2023-12-20T21:18:44.342+0000] {dagbag.py:536} INFO - Filling up the DagBag from /home/airflow/.local/lib/python3.8/site-packages/airflow/example_dags/example_short_circuit_operator.py
[2023-12-20T21:18:44.348+0000] {processor.py:839} INFO - DAG(s) dict_keys(['example_short_circuit_operator']) retrieved from /home/airflow/.local/lib/python3.8/site-packages/airflow/example_dags/example_short_circuit_operator.py
[2023-12-20T21:18:44.368+0000] {logging_mixin.py:154} INFO - [2023-12-20T21:18:44.368+0000] {dag.py:2941} INFO - Sync 1 DAGs
[2023-12-20T21:18:44.389+0000] {logging_mixin.py:154} INFO - [2023-12-20T21:18:44.388+0000] {dag.py:3722} INFO - Setting next_dagrun for example_short_circuit_operator to 2023-12-19T21:18:44.388549+00:00, run_after=2023-12-20T21:18:44.388549+00:00
[2023-12-20T21:18:44.409+0000] {processor.py:179} INFO - Processing /home/airflow/.local/lib/python3.8/site-packages/airflow/example_dags/example_short_circuit_operator.py took 0.071 seconds
[2023-12-20T21:19:14.789+0000] {processor.py:157} INFO - Started process (PID=1226) to work on /home/airflow/.local/lib/python3.8/site-packages/airflow/example_dags/example_short_circuit_operator.py
[2023-12-20T21:19:14.791+0000] {processor.py:829} INFO - Processing file /home/airflow/.local/lib/python3.8/site-packages/airflow/example_dags/example_short_circuit_operator.py for tasks to queue
[2023-12-20T21:19:14.793+0000] {logging_mixin.py:154} INFO - [2023-12-20T21:19:14.792+0000] {dagbag.py:536} INFO - Filling up the DagBag from /home/airflow/.local/lib/python3.8/site-packages/airflow/example_dags/example_short_circuit_operator.py
[2023-12-20T21:19:14.799+0000] {processor.py:839} INFO - DAG(s) dict_keys(['example_short_circuit_operator']) retrieved from /home/airflow/.local/lib/python3.8/site-packages/airflow/example_dags/example_short_circuit_operator.py
[2023-12-20T21:19:14.819+0000] {logging_mixin.py:154} INFO - [2023-12-20T21:19:14.819+0000] {dag.py:2941} INFO - Sync 1 DAGs
[2023-12-20T21:19:14.840+0000] {logging_mixin.py:154} INFO - [2023-12-20T21:19:14.840+0000] {dag.py:3722} INFO - Setting next_dagrun for example_short_circuit_operator to 2023-12-19T21:19:14.839874+00:00, run_after=2023-12-20T21:19:14.839874+00:00
[2023-12-20T21:19:15.003+0000] {processor.py:179} INFO - Processing /home/airflow/.local/lib/python3.8/site-packages/airflow/example_dags/example_short_circuit_operator.py took 0.215 seconds
[2023-12-20T21:19:45.686+0000] {processor.py:157} INFO - Started process (PID=1282) to work on /home/airflow/.local/lib/python3.8/site-packages/airflow/example_dags/example_short_circuit_operator.py
[2023-12-20T21:19:45.687+0000] {processor.py:829} INFO - Processing file /home/airflow/.local/lib/python3.8/site-packages/airflow/example_dags/example_short_circuit_operator.py for tasks to queue
[2023-12-20T21:19:45.689+0000] {logging_mixin.py:154} INFO - [2023-12-20T21:19:45.688+0000] {dagbag.py:536} INFO - Filling up the DagBag from /home/airflow/.local/lib/python3.8/site-packages/airflow/example_dags/example_short_circuit_operator.py
[2023-12-20T21:19:45.694+0000] {processor.py:839} INFO - DAG(s) dict_keys(['example_short_circuit_operator']) retrieved from /home/airflow/.local/lib/python3.8/site-packages/airflow/example_dags/example_short_circuit_operator.py
[2023-12-20T21:19:45.716+0000] {logging_mixin.py:154} INFO - [2023-12-20T21:19:45.715+0000] {dag.py:2941} INFO - Sync 1 DAGs
[2023-12-20T21:19:45.735+0000] {logging_mixin.py:154} INFO - [2023-12-20T21:19:45.735+0000] {dag.py:3722} INFO - Setting next_dagrun for example_short_circuit_operator to 2023-12-19T21:19:45.734939+00:00, run_after=2023-12-20T21:19:45.734939+00:00
[2023-12-20T21:19:45.757+0000] {processor.py:179} INFO - Processing /home/airflow/.local/lib/python3.8/site-packages/airflow/example_dags/example_short_circuit_operator.py took 0.074 seconds
[2023-12-20T21:20:15.866+0000] {processor.py:157} INFO - Started process (PID=1337) to work on /home/airflow/.local/lib/python3.8/site-packages/airflow/example_dags/example_short_circuit_operator.py
[2023-12-20T21:20:15.866+0000] {processor.py:829} INFO - Processing file /home/airflow/.local/lib/python3.8/site-packages/airflow/example_dags/example_short_circuit_operator.py for tasks to queue
[2023-12-20T21:20:15.868+0000] {logging_mixin.py:154} INFO - [2023-12-20T21:20:15.868+0000] {dagbag.py:536} INFO - Filling up the DagBag from /home/airflow/.local/lib/python3.8/site-packages/airflow/example_dags/example_short_circuit_operator.py
[2023-12-20T21:20:15.874+0000] {processor.py:839} INFO - DAG(s) dict_keys(['example_short_circuit_operator']) retrieved from /home/airflow/.local/lib/python3.8/site-packages/airflow/example_dags/example_short_circuit_operator.py
[2023-12-20T21:20:15.895+0000] {logging_mixin.py:154} INFO - [2023-12-20T21:20:15.895+0000] {dag.py:2941} INFO - Sync 1 DAGs
[2023-12-20T21:20:15.916+0000] {logging_mixin.py:154} INFO - [2023-12-20T21:20:15.916+0000] {dag.py:3722} INFO - Setting next_dagrun for example_short_circuit_operator to 2023-12-19T21:20:15.915948+00:00, run_after=2023-12-20T21:20:15.915948+00:00
[2023-12-20T21:20:15.938+0000] {processor.py:179} INFO - Processing /home/airflow/.local/lib/python3.8/site-packages/airflow/example_dags/example_short_circuit_operator.py took 0.075 seconds
[2023-12-20T21:20:46.429+0000] {processor.py:157} INFO - Started process (PID=1393) to work on /home/airflow/.local/lib/python3.8/site-packages/airflow/example_dags/example_short_circuit_operator.py
[2023-12-20T21:20:46.430+0000] {processor.py:829} INFO - Processing file /home/airflow/.local/lib/python3.8/site-packages/airflow/example_dags/example_short_circuit_operator.py for tasks to queue
[2023-12-20T21:20:46.432+0000] {logging_mixin.py:154} INFO - [2023-12-20T21:20:46.432+0000] {dagbag.py:536} INFO - Filling up the DagBag from /home/airflow/.local/lib/python3.8/site-packages/airflow/example_dags/example_short_circuit_operator.py
[2023-12-20T21:20:46.438+0000] {processor.py:839} INFO - DAG(s) dict_keys(['example_short_circuit_operator']) retrieved from /home/airflow/.local/lib/python3.8/site-packages/airflow/example_dags/example_short_circuit_operator.py
[2023-12-20T21:20:46.592+0000] {logging_mixin.py:154} INFO - [2023-12-20T21:20:46.592+0000] {dag.py:2941} INFO - Sync 1 DAGs
[2023-12-20T21:20:46.610+0000] {logging_mixin.py:154} INFO - [2023-12-20T21:20:46.610+0000] {dag.py:3722} INFO - Setting next_dagrun for example_short_circuit_operator to 2023-12-19T21:20:46.610194+00:00, run_after=2023-12-20T21:20:46.610194+00:00
[2023-12-20T21:20:46.632+0000] {processor.py:179} INFO - Processing /home/airflow/.local/lib/python3.8/site-packages/airflow/example_dags/example_short_circuit_operator.py took 0.205 seconds
[2023-12-20T21:21:17.009+0000] {processor.py:157} INFO - Started process (PID=1449) to work on /home/airflow/.local/lib/python3.8/site-packages/airflow/example_dags/example_short_circuit_operator.py
[2023-12-20T21:21:17.010+0000] {processor.py:829} INFO - Processing file /home/airflow/.local/lib/python3.8/site-packages/airflow/example_dags/example_short_circuit_operator.py for tasks to queue
[2023-12-20T21:21:17.012+0000] {logging_mixin.py:154} INFO - [2023-12-20T21:21:17.012+0000] {dagbag.py:536} INFO - Filling up the DagBag from /home/airflow/.local/lib/python3.8/site-packages/airflow/example_dags/example_short_circuit_operator.py
[2023-12-20T21:21:17.018+0000] {processor.py:839} INFO - DAG(s) dict_keys(['example_short_circuit_operator']) retrieved from /home/airflow/.local/lib/python3.8/site-packages/airflow/example_dags/example_short_circuit_operator.py
[2023-12-20T21:21:17.038+0000] {logging_mixin.py:154} INFO - [2023-12-20T21:21:17.038+0000] {dag.py:2941} INFO - Sync 1 DAGs
[2023-12-20T21:21:17.198+0000] {logging_mixin.py:154} INFO - [2023-12-20T21:21:17.198+0000] {dag.py:3722} INFO - Setting next_dagrun for example_short_circuit_operator to 2023-12-19T21:21:17.198630+00:00, run_after=2023-12-20T21:21:17.198630+00:00
[2023-12-20T21:21:17.220+0000] {processor.py:179} INFO - Processing /home/airflow/.local/lib/python3.8/site-packages/airflow/example_dags/example_short_circuit_operator.py took 0.213 seconds
[2023-12-20T21:21:47.337+0000] {processor.py:157} INFO - Started process (PID=1505) to work on /home/airflow/.local/lib/python3.8/site-packages/airflow/example_dags/example_short_circuit_operator.py
[2023-12-20T21:21:47.338+0000] {processor.py:829} INFO - Processing file /home/airflow/.local/lib/python3.8/site-packages/airflow/example_dags/example_short_circuit_operator.py for tasks to queue
[2023-12-20T21:21:47.341+0000] {logging_mixin.py:154} INFO - [2023-12-20T21:21:47.340+0000] {dagbag.py:536} INFO - Filling up the DagBag from /home/airflow/.local/lib/python3.8/site-packages/airflow/example_dags/example_short_circuit_operator.py
[2023-12-20T21:21:47.347+0000] {processor.py:839} INFO - DAG(s) dict_keys(['example_short_circuit_operator']) retrieved from /home/airflow/.local/lib/python3.8/site-packages/airflow/example_dags/example_short_circuit_operator.py
[2023-12-20T21:21:47.367+0000] {logging_mixin.py:154} INFO - [2023-12-20T21:21:47.367+0000] {dag.py:2941} INFO - Sync 1 DAGs
[2023-12-20T21:21:47.394+0000] {logging_mixin.py:154} INFO - [2023-12-20T21:21:47.393+0000] {dag.py:3722} INFO - Setting next_dagrun for example_short_circuit_operator to 2023-12-19T21:21:47.393749+00:00, run_after=2023-12-20T21:21:47.393749+00:00
[2023-12-20T21:21:47.423+0000] {processor.py:179} INFO - Processing /home/airflow/.local/lib/python3.8/site-packages/airflow/example_dags/example_short_circuit_operator.py took 0.088 seconds
[2023-12-20T21:22:17.732+0000] {processor.py:157} INFO - Started process (PID=1561) to work on /home/airflow/.local/lib/python3.8/site-packages/airflow/example_dags/example_short_circuit_operator.py
[2023-12-20T21:22:17.733+0000] {processor.py:829} INFO - Processing file /home/airflow/.local/lib/python3.8/site-packages/airflow/example_dags/example_short_circuit_operator.py for tasks to queue
[2023-12-20T21:22:17.735+0000] {logging_mixin.py:154} INFO - [2023-12-20T21:22:17.735+0000] {dagbag.py:536} INFO - Filling up the DagBag from /home/airflow/.local/lib/python3.8/site-packages/airflow/example_dags/example_short_circuit_operator.py
[2023-12-20T21:22:17.741+0000] {processor.py:839} INFO - DAG(s) dict_keys(['example_short_circuit_operator']) retrieved from /home/airflow/.local/lib/python3.8/site-packages/airflow/example_dags/example_short_circuit_operator.py
[2023-12-20T21:22:17.764+0000] {logging_mixin.py:154} INFO - [2023-12-20T21:22:17.764+0000] {dag.py:2941} INFO - Sync 1 DAGs
[2023-12-20T21:22:17.786+0000] {logging_mixin.py:154} INFO - [2023-12-20T21:22:17.785+0000] {dag.py:3722} INFO - Setting next_dagrun for example_short_circuit_operator to 2023-12-19T21:22:17.785691+00:00, run_after=2023-12-20T21:22:17.785691+00:00
[2023-12-20T21:22:17.807+0000] {processor.py:179} INFO - Processing /home/airflow/.local/lib/python3.8/site-packages/airflow/example_dags/example_short_circuit_operator.py took 0.078 seconds
[2023-12-20T21:22:48.089+0000] {processor.py:157} INFO - Started process (PID=1617) to work on /home/airflow/.local/lib/python3.8/site-packages/airflow/example_dags/example_short_circuit_operator.py
[2023-12-20T21:22:48.090+0000] {processor.py:829} INFO - Processing file /home/airflow/.local/lib/python3.8/site-packages/airflow/example_dags/example_short_circuit_operator.py for tasks to queue
[2023-12-20T21:22:48.093+0000] {logging_mixin.py:154} INFO - [2023-12-20T21:22:48.092+0000] {dagbag.py:536} INFO - Filling up the DagBag from /home/airflow/.local/lib/python3.8/site-packages/airflow/example_dags/example_short_circuit_operator.py
[2023-12-20T21:22:48.099+0000] {processor.py:839} INFO - DAG(s) dict_keys(['example_short_circuit_operator']) retrieved from /home/airflow/.local/lib/python3.8/site-packages/airflow/example_dags/example_short_circuit_operator.py
[2023-12-20T21:22:48.120+0000] {logging_mixin.py:154} INFO - [2023-12-20T21:22:48.120+0000] {dag.py:2941} INFO - Sync 1 DAGs
[2023-12-20T21:22:48.140+0000] {logging_mixin.py:154} INFO - [2023-12-20T21:22:48.140+0000] {dag.py:3722} INFO - Setting next_dagrun for example_short_circuit_operator to 2023-12-19T21:22:48.139975+00:00, run_after=2023-12-20T21:22:48.139975+00:00
[2023-12-20T21:22:48.160+0000] {processor.py:179} INFO - Processing /home/airflow/.local/lib/python3.8/site-packages/airflow/example_dags/example_short_circuit_operator.py took 0.073 seconds
[2023-12-20T21:23:18.406+0000] {processor.py:157} INFO - Started process (PID=1673) to work on /home/airflow/.local/lib/python3.8/site-packages/airflow/example_dags/example_short_circuit_operator.py
[2023-12-20T21:23:18.407+0000] {processor.py:829} INFO - Processing file /home/airflow/.local/lib/python3.8/site-packages/airflow/example_dags/example_short_circuit_operator.py for tasks to queue
[2023-12-20T21:23:18.410+0000] {logging_mixin.py:154} INFO - [2023-12-20T21:23:18.410+0000] {dagbag.py:536} INFO - Filling up the DagBag from /home/airflow/.local/lib/python3.8/site-packages/airflow/example_dags/example_short_circuit_operator.py
[2023-12-20T21:23:18.416+0000] {processor.py:839} INFO - DAG(s) dict_keys(['example_short_circuit_operator']) retrieved from /home/airflow/.local/lib/python3.8/site-packages/airflow/example_dags/example_short_circuit_operator.py
[2023-12-20T21:23:18.441+0000] {logging_mixin.py:154} INFO - [2023-12-20T21:23:18.440+0000] {dag.py:2941} INFO - Sync 1 DAGs
[2023-12-20T21:23:18.463+0000] {logging_mixin.py:154} INFO - [2023-12-20T21:23:18.463+0000] {dag.py:3722} INFO - Setting next_dagrun for example_short_circuit_operator to 2023-12-19T21:23:18.463416+00:00, run_after=2023-12-20T21:23:18.463416+00:00
[2023-12-20T21:23:18.485+0000] {processor.py:179} INFO - Processing /home/airflow/.local/lib/python3.8/site-packages/airflow/example_dags/example_short_circuit_operator.py took 0.082 seconds
[2023-12-20T21:23:48.740+0000] {processor.py:157} INFO - Started process (PID=1729) to work on /home/airflow/.local/lib/python3.8/site-packages/airflow/example_dags/example_short_circuit_operator.py
[2023-12-20T21:23:48.741+0000] {processor.py:829} INFO - Processing file /home/airflow/.local/lib/python3.8/site-packages/airflow/example_dags/example_short_circuit_operator.py for tasks to queue
[2023-12-20T21:23:48.743+0000] {logging_mixin.py:154} INFO - [2023-12-20T21:23:48.743+0000] {dagbag.py:536} INFO - Filling up the DagBag from /home/airflow/.local/lib/python3.8/site-packages/airflow/example_dags/example_short_circuit_operator.py
[2023-12-20T21:23:48.749+0000] {processor.py:839} INFO - DAG(s) dict_keys(['example_short_circuit_operator']) retrieved from /home/airflow/.local/lib/python3.8/site-packages/airflow/example_dags/example_short_circuit_operator.py
[2023-12-20T21:23:48.768+0000] {logging_mixin.py:154} INFO - [2023-12-20T21:23:48.768+0000] {dag.py:2941} INFO - Sync 1 DAGs
[2023-12-20T21:23:48.788+0000] {logging_mixin.py:154} INFO - [2023-12-20T21:23:48.788+0000] {dag.py:3722} INFO - Setting next_dagrun for example_short_circuit_operator to 2023-12-19T21:23:48.788599+00:00, run_after=2023-12-20T21:23:48.788599+00:00
[2023-12-20T21:23:48.809+0000] {processor.py:179} INFO - Processing /home/airflow/.local/lib/python3.8/site-packages/airflow/example_dags/example_short_circuit_operator.py took 0.072 seconds
[2023-12-20T21:24:19.116+0000] {processor.py:157} INFO - Started process (PID=1785) to work on /home/airflow/.local/lib/python3.8/site-packages/airflow/example_dags/example_short_circuit_operator.py
[2023-12-20T21:24:19.117+0000] {processor.py:829} INFO - Processing file /home/airflow/.local/lib/python3.8/site-packages/airflow/example_dags/example_short_circuit_operator.py for tasks to queue
[2023-12-20T21:24:19.119+0000] {logging_mixin.py:154} INFO - [2023-12-20T21:24:19.119+0000] {dagbag.py:536} INFO - Filling up the DagBag from /home/airflow/.local/lib/python3.8/site-packages/airflow/example_dags/example_short_circuit_operator.py
[2023-12-20T21:24:19.125+0000] {processor.py:839} INFO - DAG(s) dict_keys(['example_short_circuit_operator']) retrieved from /home/airflow/.local/lib/python3.8/site-packages/airflow/example_dags/example_short_circuit_operator.py
[2023-12-20T21:24:19.147+0000] {logging_mixin.py:154} INFO - [2023-12-20T21:24:19.146+0000] {dag.py:2941} INFO - Sync 1 DAGs
[2023-12-20T21:24:19.168+0000] {logging_mixin.py:154} INFO - [2023-12-20T21:24:19.168+0000] {dag.py:3722} INFO - Setting next_dagrun for example_short_circuit_operator to 2023-12-19T21:24:19.168253+00:00, run_after=2023-12-20T21:24:19.168253+00:00
[2023-12-20T21:24:19.189+0000] {processor.py:179} INFO - Processing /home/airflow/.local/lib/python3.8/site-packages/airflow/example_dags/example_short_circuit_operator.py took 0.074 seconds
[2023-12-20T21:24:49.503+0000] {processor.py:157} INFO - Started process (PID=1841) to work on /home/airflow/.local/lib/python3.8/site-packages/airflow/example_dags/example_short_circuit_operator.py
[2023-12-20T21:24:49.504+0000] {processor.py:829} INFO - Processing file /home/airflow/.local/lib/python3.8/site-packages/airflow/example_dags/example_short_circuit_operator.py for tasks to queue
[2023-12-20T21:24:49.506+0000] {logging_mixin.py:154} INFO - [2023-12-20T21:24:49.506+0000] {dagbag.py:536} INFO - Filling up the DagBag from /home/airflow/.local/lib/python3.8/site-packages/airflow/example_dags/example_short_circuit_operator.py
[2023-12-20T21:24:49.513+0000] {processor.py:839} INFO - DAG(s) dict_keys(['example_short_circuit_operator']) retrieved from /home/airflow/.local/lib/python3.8/site-packages/airflow/example_dags/example_short_circuit_operator.py
[2023-12-20T21:24:49.535+0000] {logging_mixin.py:154} INFO - [2023-12-20T21:24:49.535+0000] {dag.py:2941} INFO - Sync 1 DAGs
[2023-12-20T21:24:49.556+0000] {logging_mixin.py:154} INFO - [2023-12-20T21:24:49.556+0000] {dag.py:3722} INFO - Setting next_dagrun for example_short_circuit_operator to 2023-12-19T21:24:49.555814+00:00, run_after=2023-12-20T21:24:49.555814+00:00
[2023-12-20T21:24:49.580+0000] {processor.py:179} INFO - Processing /home/airflow/.local/lib/python3.8/site-packages/airflow/example_dags/example_short_circuit_operator.py took 0.079 seconds
[2023-12-20T21:25:19.879+0000] {processor.py:157} INFO - Started process (PID=1897) to work on /home/airflow/.local/lib/python3.8/site-packages/airflow/example_dags/example_short_circuit_operator.py
[2023-12-20T21:25:19.880+0000] {processor.py:829} INFO - Processing file /home/airflow/.local/lib/python3.8/site-packages/airflow/example_dags/example_short_circuit_operator.py for tasks to queue
[2023-12-20T21:25:19.882+0000] {logging_mixin.py:154} INFO - [2023-12-20T21:25:19.882+0000] {dagbag.py:536} INFO - Filling up the DagBag from /home/airflow/.local/lib/python3.8/site-packages/airflow/example_dags/example_short_circuit_operator.py
[2023-12-20T21:25:19.888+0000] {processor.py:839} INFO - DAG(s) dict_keys(['example_short_circuit_operator']) retrieved from /home/airflow/.local/lib/python3.8/site-packages/airflow/example_dags/example_short_circuit_operator.py
[2023-12-20T21:25:19.908+0000] {logging_mixin.py:154} INFO - [2023-12-20T21:25:19.908+0000] {dag.py:2941} INFO - Sync 1 DAGs
[2023-12-20T21:25:19.928+0000] {logging_mixin.py:154} INFO - [2023-12-20T21:25:19.928+0000] {dag.py:3722} INFO - Setting next_dagrun for example_short_circuit_operator to 2023-12-19T21:25:19.927901+00:00, run_after=2023-12-20T21:25:19.927901+00:00
[2023-12-20T21:25:19.948+0000] {processor.py:179} INFO - Processing /home/airflow/.local/lib/python3.8/site-packages/airflow/example_dags/example_short_circuit_operator.py took 0.071 seconds
[2023-12-20T21:25:50.202+0000] {processor.py:157} INFO - Started process (PID=1953) to work on /home/airflow/.local/lib/python3.8/site-packages/airflow/example_dags/example_short_circuit_operator.py
[2023-12-20T21:25:50.203+0000] {processor.py:829} INFO - Processing file /home/airflow/.local/lib/python3.8/site-packages/airflow/example_dags/example_short_circuit_operator.py for tasks to queue
[2023-12-20T21:25:50.205+0000] {logging_mixin.py:154} INFO - [2023-12-20T21:25:50.204+0000] {dagbag.py:536} INFO - Filling up the DagBag from /home/airflow/.local/lib/python3.8/site-packages/airflow/example_dags/example_short_circuit_operator.py
[2023-12-20T21:25:50.210+0000] {processor.py:839} INFO - DAG(s) dict_keys(['example_short_circuit_operator']) retrieved from /home/airflow/.local/lib/python3.8/site-packages/airflow/example_dags/example_short_circuit_operator.py
[2023-12-20T21:25:50.229+0000] {logging_mixin.py:154} INFO - [2023-12-20T21:25:50.229+0000] {dag.py:2941} INFO - Sync 1 DAGs
[2023-12-20T21:25:50.249+0000] {logging_mixin.py:154} INFO - [2023-12-20T21:25:50.249+0000] {dag.py:3722} INFO - Setting next_dagrun for example_short_circuit_operator to 2023-12-19T21:25:50.249539+00:00, run_after=2023-12-20T21:25:50.249539+00:00
[2023-12-20T21:25:50.269+0000] {processor.py:179} INFO - Processing /home/airflow/.local/lib/python3.8/site-packages/airflow/example_dags/example_short_circuit_operator.py took 0.069 seconds
[2023-12-20T21:26:20.700+0000] {processor.py:157} INFO - Started process (PID=2009) to work on /home/airflow/.local/lib/python3.8/site-packages/airflow/example_dags/example_short_circuit_operator.py
[2023-12-20T21:26:20.701+0000] {processor.py:829} INFO - Processing file /home/airflow/.local/lib/python3.8/site-packages/airflow/example_dags/example_short_circuit_operator.py for tasks to queue
[2023-12-20T21:26:20.703+0000] {logging_mixin.py:154} INFO - [2023-12-20T21:26:20.703+0000] {dagbag.py:536} INFO - Filling up the DagBag from /home/airflow/.local/lib/python3.8/site-packages/airflow/example_dags/example_short_circuit_operator.py
[2023-12-20T21:26:20.709+0000] {processor.py:839} INFO - DAG(s) dict_keys(['example_short_circuit_operator']) retrieved from /home/airflow/.local/lib/python3.8/site-packages/airflow/example_dags/example_short_circuit_operator.py
[2023-12-20T21:26:20.731+0000] {logging_mixin.py:154} INFO - [2023-12-20T21:26:20.731+0000] {dag.py:2941} INFO - Sync 1 DAGs
[2023-12-20T21:26:20.753+0000] {logging_mixin.py:154} INFO - [2023-12-20T21:26:20.752+0000] {dag.py:3722} INFO - Setting next_dagrun for example_short_circuit_operator to 2023-12-19T21:26:20.752607+00:00, run_after=2023-12-20T21:26:20.752607+00:00
[2023-12-20T21:26:20.772+0000] {processor.py:179} INFO - Processing /home/airflow/.local/lib/python3.8/site-packages/airflow/example_dags/example_short_circuit_operator.py took 0.074 seconds
