[2023-12-20T21:08:35.223+0000] {processor.py:157} INFO - Started process (PID=70) to work on /home/airflow/.local/lib/python3.8/site-packages/airflow/example_dags/example_sla_dag.py
[2023-12-20T21:08:35.224+0000] {processor.py:829} INFO - Processing file /home/airflow/.local/lib/python3.8/site-packages/airflow/example_dags/example_sla_dag.py for tasks to queue
[2023-12-20T21:08:35.227+0000] {logging_mixin.py:154} INFO - [2023-12-20T21:08:35.226+0000] {dagbag.py:536} INFO - Filling up the DagBag from /home/airflow/.local/lib/python3.8/site-packages/airflow/example_dags/example_sla_dag.py
[2023-12-20T21:08:35.237+0000] {processor.py:839} INFO - DAG(s) dict_keys(['example_sla_dag']) retrieved from /home/airflow/.local/lib/python3.8/site-packages/airflow/example_dags/example_sla_dag.py
[2023-12-20T21:08:35.251+0000] {logging_mixin.py:154} INFO - [2023-12-20T21:08:35.251+0000] {dag.py:2941} INFO - Sync 1 DAGs
[2023-12-20T21:08:35.280+0000] {logging_mixin.py:154} INFO - [2023-12-20T21:08:35.280+0000] {dag.py:3722} INFO - Setting next_dagrun for example_sla_dag to 2023-12-20T21:06:00+00:00, run_after=2023-12-20T21:08:00+00:00
[2023-12-20T21:08:35.312+0000] {processor.py:179} INFO - Processing /home/airflow/.local/lib/python3.8/site-packages/airflow/example_dags/example_sla_dag.py took 0.091 seconds
[2023-12-20T21:09:05.492+0000] {processor.py:157} INFO - Started process (PID=126) to work on /home/airflow/.local/lib/python3.8/site-packages/airflow/example_dags/example_sla_dag.py
[2023-12-20T21:09:05.493+0000] {processor.py:829} INFO - Processing file /home/airflow/.local/lib/python3.8/site-packages/airflow/example_dags/example_sla_dag.py for tasks to queue
[2023-12-20T21:09:05.495+0000] {logging_mixin.py:154} INFO - [2023-12-20T21:09:05.495+0000] {dagbag.py:536} INFO - Filling up the DagBag from /home/airflow/.local/lib/python3.8/site-packages/airflow/example_dags/example_sla_dag.py
[2023-12-20T21:09:05.501+0000] {processor.py:839} INFO - DAG(s) dict_keys(['example_sla_dag']) retrieved from /home/airflow/.local/lib/python3.8/site-packages/airflow/example_dags/example_sla_dag.py
[2023-12-20T21:09:05.518+0000] {logging_mixin.py:154} INFO - [2023-12-20T21:09:05.518+0000] {dag.py:2941} INFO - Sync 1 DAGs
[2023-12-20T21:09:05.541+0000] {logging_mixin.py:154} INFO - [2023-12-20T21:09:05.541+0000] {dag.py:3722} INFO - Setting next_dagrun for example_sla_dag to 2023-12-20T21:06:00+00:00, run_after=2023-12-20T21:08:00+00:00
[2023-12-20T21:09:05.561+0000] {processor.py:179} INFO - Processing /home/airflow/.local/lib/python3.8/site-packages/airflow/example_dags/example_sla_dag.py took 0.071 seconds
[2023-12-20T21:09:36.272+0000] {processor.py:157} INFO - Started process (PID=182) to work on /home/airflow/.local/lib/python3.8/site-packages/airflow/example_dags/example_sla_dag.py
[2023-12-20T21:09:36.273+0000] {processor.py:829} INFO - Processing file /home/airflow/.local/lib/python3.8/site-packages/airflow/example_dags/example_sla_dag.py for tasks to queue
[2023-12-20T21:09:36.275+0000] {logging_mixin.py:154} INFO - [2023-12-20T21:09:36.275+0000] {dagbag.py:536} INFO - Filling up the DagBag from /home/airflow/.local/lib/python3.8/site-packages/airflow/example_dags/example_sla_dag.py
[2023-12-20T21:09:36.281+0000] {processor.py:839} INFO - DAG(s) dict_keys(['example_sla_dag']) retrieved from /home/airflow/.local/lib/python3.8/site-packages/airflow/example_dags/example_sla_dag.py
[2023-12-20T21:09:36.299+0000] {logging_mixin.py:154} INFO - [2023-12-20T21:09:36.298+0000] {dag.py:2941} INFO - Sync 1 DAGs
[2023-12-20T21:09:36.321+0000] {logging_mixin.py:154} INFO - [2023-12-20T21:09:36.321+0000] {dag.py:3722} INFO - Setting next_dagrun for example_sla_dag to 2023-12-20T21:06:00+00:00, run_after=2023-12-20T21:08:00+00:00
[2023-12-20T21:09:36.341+0000] {processor.py:179} INFO - Processing /home/airflow/.local/lib/python3.8/site-packages/airflow/example_dags/example_sla_dag.py took 0.071 seconds
[2023-12-20T21:10:07.278+0000] {processor.py:157} INFO - Started process (PID=238) to work on /home/airflow/.local/lib/python3.8/site-packages/airflow/example_dags/example_sla_dag.py
[2023-12-20T21:10:07.280+0000] {processor.py:829} INFO - Processing file /home/airflow/.local/lib/python3.8/site-packages/airflow/example_dags/example_sla_dag.py for tasks to queue
[2023-12-20T21:10:07.283+0000] {logging_mixin.py:154} INFO - [2023-12-20T21:10:07.283+0000] {dagbag.py:536} INFO - Filling up the DagBag from /home/airflow/.local/lib/python3.8/site-packages/airflow/example_dags/example_sla_dag.py
[2023-12-20T21:10:07.295+0000] {processor.py:839} INFO - DAG(s) dict_keys(['example_sla_dag']) retrieved from /home/airflow/.local/lib/python3.8/site-packages/airflow/example_dags/example_sla_dag.py
[2023-12-20T21:10:07.323+0000] {logging_mixin.py:154} INFO - [2023-12-20T21:10:07.322+0000] {dag.py:2941} INFO - Sync 1 DAGs
[2023-12-20T21:10:07.352+0000] {logging_mixin.py:154} INFO - [2023-12-20T21:10:07.352+0000] {dag.py:3722} INFO - Setting next_dagrun for example_sla_dag to 2023-12-20T21:08:00+00:00, run_after=2023-12-20T21:10:00+00:00
[2023-12-20T21:10:07.378+0000] {processor.py:179} INFO - Processing /home/airflow/.local/lib/python3.8/site-packages/airflow/example_dags/example_sla_dag.py took 0.103 seconds
[2023-12-20T21:10:38.104+0000] {processor.py:157} INFO - Started process (PID=294) to work on /home/airflow/.local/lib/python3.8/site-packages/airflow/example_dags/example_sla_dag.py
[2023-12-20T21:10:38.105+0000] {processor.py:829} INFO - Processing file /home/airflow/.local/lib/python3.8/site-packages/airflow/example_dags/example_sla_dag.py for tasks to queue
[2023-12-20T21:10:38.107+0000] {logging_mixin.py:154} INFO - [2023-12-20T21:10:38.107+0000] {dagbag.py:536} INFO - Filling up the DagBag from /home/airflow/.local/lib/python3.8/site-packages/airflow/example_dags/example_sla_dag.py
[2023-12-20T21:10:38.113+0000] {processor.py:839} INFO - DAG(s) dict_keys(['example_sla_dag']) retrieved from /home/airflow/.local/lib/python3.8/site-packages/airflow/example_dags/example_sla_dag.py
[2023-12-20T21:10:38.131+0000] {logging_mixin.py:154} INFO - [2023-12-20T21:10:38.130+0000] {dag.py:2941} INFO - Sync 1 DAGs
[2023-12-20T21:10:38.153+0000] {logging_mixin.py:154} INFO - [2023-12-20T21:10:38.153+0000] {dag.py:3722} INFO - Setting next_dagrun for example_sla_dag to 2023-12-20T21:08:00+00:00, run_after=2023-12-20T21:10:00+00:00
[2023-12-20T21:10:38.174+0000] {processor.py:179} INFO - Processing /home/airflow/.local/lib/python3.8/site-packages/airflow/example_dags/example_sla_dag.py took 0.073 seconds
[2023-12-20T21:11:08.360+0000] {processor.py:157} INFO - Started process (PID=350) to work on /home/airflow/.local/lib/python3.8/site-packages/airflow/example_dags/example_sla_dag.py
[2023-12-20T21:11:08.361+0000] {processor.py:829} INFO - Processing file /home/airflow/.local/lib/python3.8/site-packages/airflow/example_dags/example_sla_dag.py for tasks to queue
[2023-12-20T21:11:08.363+0000] {logging_mixin.py:154} INFO - [2023-12-20T21:11:08.363+0000] {dagbag.py:536} INFO - Filling up the DagBag from /home/airflow/.local/lib/python3.8/site-packages/airflow/example_dags/example_sla_dag.py
[2023-12-20T21:11:08.370+0000] {processor.py:839} INFO - DAG(s) dict_keys(['example_sla_dag']) retrieved from /home/airflow/.local/lib/python3.8/site-packages/airflow/example_dags/example_sla_dag.py
[2023-12-20T21:11:08.388+0000] {logging_mixin.py:154} INFO - [2023-12-20T21:11:08.387+0000] {dag.py:2941} INFO - Sync 1 DAGs
[2023-12-20T21:11:08.411+0000] {logging_mixin.py:154} INFO - [2023-12-20T21:11:08.411+0000] {dag.py:3722} INFO - Setting next_dagrun for example_sla_dag to 2023-12-20T21:08:00+00:00, run_after=2023-12-20T21:10:00+00:00
[2023-12-20T21:11:08.431+0000] {processor.py:179} INFO - Processing /home/airflow/.local/lib/python3.8/site-packages/airflow/example_dags/example_sla_dag.py took 0.073 seconds
[2023-12-20T21:11:39.372+0000] {processor.py:157} INFO - Started process (PID=406) to work on /home/airflow/.local/lib/python3.8/site-packages/airflow/example_dags/example_sla_dag.py
[2023-12-20T21:11:39.373+0000] {processor.py:829} INFO - Processing file /home/airflow/.local/lib/python3.8/site-packages/airflow/example_dags/example_sla_dag.py for tasks to queue
[2023-12-20T21:11:39.375+0000] {logging_mixin.py:154} INFO - [2023-12-20T21:11:39.375+0000] {dagbag.py:536} INFO - Filling up the DagBag from /home/airflow/.local/lib/python3.8/site-packages/airflow/example_dags/example_sla_dag.py
[2023-12-20T21:11:39.381+0000] {processor.py:839} INFO - DAG(s) dict_keys(['example_sla_dag']) retrieved from /home/airflow/.local/lib/python3.8/site-packages/airflow/example_dags/example_sla_dag.py
[2023-12-20T21:11:39.398+0000] {logging_mixin.py:154} INFO - [2023-12-20T21:11:39.398+0000] {dag.py:2941} INFO - Sync 1 DAGs
[2023-12-20T21:11:39.422+0000] {logging_mixin.py:154} INFO - [2023-12-20T21:11:39.422+0000] {dag.py:3722} INFO - Setting next_dagrun for example_sla_dag to 2023-12-20T21:08:00+00:00, run_after=2023-12-20T21:10:00+00:00
[2023-12-20T21:11:39.443+0000] {processor.py:179} INFO - Processing /home/airflow/.local/lib/python3.8/site-packages/airflow/example_dags/example_sla_dag.py took 0.073 seconds
[2023-12-20T21:12:10.054+0000] {processor.py:157} INFO - Started process (PID=462) to work on /home/airflow/.local/lib/python3.8/site-packages/airflow/example_dags/example_sla_dag.py
[2023-12-20T21:12:10.055+0000] {processor.py:829} INFO - Processing file /home/airflow/.local/lib/python3.8/site-packages/airflow/example_dags/example_sla_dag.py for tasks to queue
[2023-12-20T21:12:10.057+0000] {logging_mixin.py:154} INFO - [2023-12-20T21:12:10.056+0000] {dagbag.py:536} INFO - Filling up the DagBag from /home/airflow/.local/lib/python3.8/site-packages/airflow/example_dags/example_sla_dag.py
[2023-12-20T21:12:10.063+0000] {processor.py:839} INFO - DAG(s) dict_keys(['example_sla_dag']) retrieved from /home/airflow/.local/lib/python3.8/site-packages/airflow/example_dags/example_sla_dag.py
[2023-12-20T21:12:10.080+0000] {logging_mixin.py:154} INFO - [2023-12-20T21:12:10.080+0000] {dag.py:2941} INFO - Sync 1 DAGs
[2023-12-20T21:12:10.102+0000] {logging_mixin.py:154} INFO - [2023-12-20T21:12:10.102+0000] {dag.py:3722} INFO - Setting next_dagrun for example_sla_dag to 2023-12-20T21:10:00+00:00, run_after=2023-12-20T21:12:00+00:00
[2023-12-20T21:12:10.122+0000] {processor.py:179} INFO - Processing /home/airflow/.local/lib/python3.8/site-packages/airflow/example_dags/example_sla_dag.py took 0.071 seconds
[2023-12-20T21:12:40.417+0000] {processor.py:157} INFO - Started process (PID=518) to work on /home/airflow/.local/lib/python3.8/site-packages/airflow/example_dags/example_sla_dag.py
[2023-12-20T21:12:40.418+0000] {processor.py:829} INFO - Processing file /home/airflow/.local/lib/python3.8/site-packages/airflow/example_dags/example_sla_dag.py for tasks to queue
[2023-12-20T21:12:40.420+0000] {logging_mixin.py:154} INFO - [2023-12-20T21:12:40.420+0000] {dagbag.py:536} INFO - Filling up the DagBag from /home/airflow/.local/lib/python3.8/site-packages/airflow/example_dags/example_sla_dag.py
[2023-12-20T21:12:40.426+0000] {processor.py:839} INFO - DAG(s) dict_keys(['example_sla_dag']) retrieved from /home/airflow/.local/lib/python3.8/site-packages/airflow/example_dags/example_sla_dag.py
[2023-12-20T21:12:40.445+0000] {logging_mixin.py:154} INFO - [2023-12-20T21:12:40.445+0000] {dag.py:2941} INFO - Sync 1 DAGs
[2023-12-20T21:12:40.469+0000] {logging_mixin.py:154} INFO - [2023-12-20T21:12:40.469+0000] {dag.py:3722} INFO - Setting next_dagrun for example_sla_dag to 2023-12-20T21:10:00+00:00, run_after=2023-12-20T21:12:00+00:00
[2023-12-20T21:12:40.490+0000] {processor.py:179} INFO - Processing /home/airflow/.local/lib/python3.8/site-packages/airflow/example_dags/example_sla_dag.py took 0.075 seconds
[2023-12-20T21:13:10.814+0000] {processor.py:157} INFO - Started process (PID=574) to work on /home/airflow/.local/lib/python3.8/site-packages/airflow/example_dags/example_sla_dag.py
[2023-12-20T21:13:10.815+0000] {processor.py:829} INFO - Processing file /home/airflow/.local/lib/python3.8/site-packages/airflow/example_dags/example_sla_dag.py for tasks to queue
[2023-12-20T21:13:10.817+0000] {logging_mixin.py:154} INFO - [2023-12-20T21:13:10.816+0000] {dagbag.py:536} INFO - Filling up the DagBag from /home/airflow/.local/lib/python3.8/site-packages/airflow/example_dags/example_sla_dag.py
[2023-12-20T21:13:10.823+0000] {processor.py:839} INFO - DAG(s) dict_keys(['example_sla_dag']) retrieved from /home/airflow/.local/lib/python3.8/site-packages/airflow/example_dags/example_sla_dag.py
[2023-12-20T21:13:10.842+0000] {logging_mixin.py:154} INFO - [2023-12-20T21:13:10.842+0000] {dag.py:2941} INFO - Sync 1 DAGs
[2023-12-20T21:13:10.865+0000] {logging_mixin.py:154} INFO - [2023-12-20T21:13:10.865+0000] {dag.py:3722} INFO - Setting next_dagrun for example_sla_dag to 2023-12-20T21:10:00+00:00, run_after=2023-12-20T21:12:00+00:00
[2023-12-20T21:13:10.885+0000] {processor.py:179} INFO - Processing /home/airflow/.local/lib/python3.8/site-packages/airflow/example_dags/example_sla_dag.py took 0.073 seconds
[2023-12-20T21:13:41.563+0000] {processor.py:157} INFO - Started process (PID=630) to work on /home/airflow/.local/lib/python3.8/site-packages/airflow/example_dags/example_sla_dag.py
[2023-12-20T21:13:41.564+0000] {processor.py:829} INFO - Processing file /home/airflow/.local/lib/python3.8/site-packages/airflow/example_dags/example_sla_dag.py for tasks to queue
[2023-12-20T21:13:41.566+0000] {logging_mixin.py:154} INFO - [2023-12-20T21:13:41.566+0000] {dagbag.py:536} INFO - Filling up the DagBag from /home/airflow/.local/lib/python3.8/site-packages/airflow/example_dags/example_sla_dag.py
[2023-12-20T21:13:41.573+0000] {processor.py:839} INFO - DAG(s) dict_keys(['example_sla_dag']) retrieved from /home/airflow/.local/lib/python3.8/site-packages/airflow/example_dags/example_sla_dag.py
[2023-12-20T21:13:41.590+0000] {logging_mixin.py:154} INFO - [2023-12-20T21:13:41.590+0000] {dag.py:2941} INFO - Sync 1 DAGs
[2023-12-20T21:13:41.612+0000] {logging_mixin.py:154} INFO - [2023-12-20T21:13:41.612+0000] {dag.py:3722} INFO - Setting next_dagrun for example_sla_dag to 2023-12-20T21:10:00+00:00, run_after=2023-12-20T21:12:00+00:00
[2023-12-20T21:13:41.632+0000] {processor.py:179} INFO - Processing /home/airflow/.local/lib/python3.8/site-packages/airflow/example_dags/example_sla_dag.py took 0.071 seconds
[2023-12-20T21:14:11.883+0000] {processor.py:157} INFO - Started process (PID=686) to work on /home/airflow/.local/lib/python3.8/site-packages/airflow/example_dags/example_sla_dag.py
[2023-12-20T21:14:11.884+0000] {processor.py:829} INFO - Processing file /home/airflow/.local/lib/python3.8/site-packages/airflow/example_dags/example_sla_dag.py for tasks to queue
[2023-12-20T21:14:11.886+0000] {logging_mixin.py:154} INFO - [2023-12-20T21:14:11.886+0000] {dagbag.py:536} INFO - Filling up the DagBag from /home/airflow/.local/lib/python3.8/site-packages/airflow/example_dags/example_sla_dag.py
[2023-12-20T21:14:11.892+0000] {processor.py:839} INFO - DAG(s) dict_keys(['example_sla_dag']) retrieved from /home/airflow/.local/lib/python3.8/site-packages/airflow/example_dags/example_sla_dag.py
[2023-12-20T21:14:11.910+0000] {logging_mixin.py:154} INFO - [2023-12-20T21:14:11.910+0000] {dag.py:2941} INFO - Sync 1 DAGs
[2023-12-20T21:14:11.933+0000] {logging_mixin.py:154} INFO - [2023-12-20T21:14:11.933+0000] {dag.py:3722} INFO - Setting next_dagrun for example_sla_dag to 2023-12-20T21:12:00+00:00, run_after=2023-12-20T21:14:00+00:00
[2023-12-20T21:14:11.955+0000] {processor.py:179} INFO - Processing /home/airflow/.local/lib/python3.8/site-packages/airflow/example_dags/example_sla_dag.py took 0.074 seconds
[2023-12-20T21:14:42.783+0000] {processor.py:157} INFO - Started process (PID=742) to work on /home/airflow/.local/lib/python3.8/site-packages/airflow/example_dags/example_sla_dag.py
[2023-12-20T21:14:42.784+0000] {processor.py:829} INFO - Processing file /home/airflow/.local/lib/python3.8/site-packages/airflow/example_dags/example_sla_dag.py for tasks to queue
[2023-12-20T21:14:42.786+0000] {logging_mixin.py:154} INFO - [2023-12-20T21:14:42.786+0000] {dagbag.py:536} INFO - Filling up the DagBag from /home/airflow/.local/lib/python3.8/site-packages/airflow/example_dags/example_sla_dag.py
[2023-12-20T21:14:42.793+0000] {processor.py:839} INFO - DAG(s) dict_keys(['example_sla_dag']) retrieved from /home/airflow/.local/lib/python3.8/site-packages/airflow/example_dags/example_sla_dag.py
[2023-12-20T21:14:42.811+0000] {logging_mixin.py:154} INFO - [2023-12-20T21:14:42.810+0000] {dag.py:2941} INFO - Sync 1 DAGs
[2023-12-20T21:14:42.834+0000] {logging_mixin.py:154} INFO - [2023-12-20T21:14:42.834+0000] {dag.py:3722} INFO - Setting next_dagrun for example_sla_dag to 2023-12-20T21:12:00+00:00, run_after=2023-12-20T21:14:00+00:00
[2023-12-20T21:14:42.854+0000] {processor.py:179} INFO - Processing /home/airflow/.local/lib/python3.8/site-packages/airflow/example_dags/example_sla_dag.py took 0.073 seconds
[2023-12-20T21:15:13.279+0000] {processor.py:157} INFO - Started process (PID=798) to work on /home/airflow/.local/lib/python3.8/site-packages/airflow/example_dags/example_sla_dag.py
[2023-12-20T21:15:13.280+0000] {processor.py:829} INFO - Processing file /home/airflow/.local/lib/python3.8/site-packages/airflow/example_dags/example_sla_dag.py for tasks to queue
[2023-12-20T21:15:13.282+0000] {logging_mixin.py:154} INFO - [2023-12-20T21:15:13.282+0000] {dagbag.py:536} INFO - Filling up the DagBag from /home/airflow/.local/lib/python3.8/site-packages/airflow/example_dags/example_sla_dag.py
[2023-12-20T21:15:13.288+0000] {processor.py:839} INFO - DAG(s) dict_keys(['example_sla_dag']) retrieved from /home/airflow/.local/lib/python3.8/site-packages/airflow/example_dags/example_sla_dag.py
[2023-12-20T21:15:13.305+0000] {logging_mixin.py:154} INFO - [2023-12-20T21:15:13.305+0000] {dag.py:2941} INFO - Sync 1 DAGs
[2023-12-20T21:15:13.328+0000] {logging_mixin.py:154} INFO - [2023-12-20T21:15:13.327+0000] {dag.py:3722} INFO - Setting next_dagrun for example_sla_dag to 2023-12-20T21:12:00+00:00, run_after=2023-12-20T21:14:00+00:00
[2023-12-20T21:15:13.356+0000] {processor.py:179} INFO - Processing /home/airflow/.local/lib/python3.8/site-packages/airflow/example_dags/example_sla_dag.py took 0.079 seconds
[2023-12-20T21:15:43.890+0000] {processor.py:157} INFO - Started process (PID=854) to work on /home/airflow/.local/lib/python3.8/site-packages/airflow/example_dags/example_sla_dag.py
[2023-12-20T21:15:43.891+0000] {processor.py:829} INFO - Processing file /home/airflow/.local/lib/python3.8/site-packages/airflow/example_dags/example_sla_dag.py for tasks to queue
[2023-12-20T21:15:43.893+0000] {logging_mixin.py:154} INFO - [2023-12-20T21:15:43.893+0000] {dagbag.py:536} INFO - Filling up the DagBag from /home/airflow/.local/lib/python3.8/site-packages/airflow/example_dags/example_sla_dag.py
[2023-12-20T21:15:43.899+0000] {processor.py:839} INFO - DAG(s) dict_keys(['example_sla_dag']) retrieved from /home/airflow/.local/lib/python3.8/site-packages/airflow/example_dags/example_sla_dag.py
[2023-12-20T21:15:43.916+0000] {logging_mixin.py:154} INFO - [2023-12-20T21:15:43.916+0000] {dag.py:2941} INFO - Sync 1 DAGs
[2023-12-20T21:15:43.939+0000] {logging_mixin.py:154} INFO - [2023-12-20T21:15:43.939+0000] {dag.py:3722} INFO - Setting next_dagrun for example_sla_dag to 2023-12-20T21:12:00+00:00, run_after=2023-12-20T21:14:00+00:00
[2023-12-20T21:15:43.960+0000] {processor.py:179} INFO - Processing /home/airflow/.local/lib/python3.8/site-packages/airflow/example_dags/example_sla_dag.py took 0.072 seconds
[2023-12-20T21:16:14.456+0000] {processor.py:157} INFO - Started process (PID=910) to work on /home/airflow/.local/lib/python3.8/site-packages/airflow/example_dags/example_sla_dag.py
[2023-12-20T21:16:14.457+0000] {processor.py:829} INFO - Processing file /home/airflow/.local/lib/python3.8/site-packages/airflow/example_dags/example_sla_dag.py for tasks to queue
[2023-12-20T21:16:14.459+0000] {logging_mixin.py:154} INFO - [2023-12-20T21:16:14.458+0000] {dagbag.py:536} INFO - Filling up the DagBag from /home/airflow/.local/lib/python3.8/site-packages/airflow/example_dags/example_sla_dag.py
[2023-12-20T21:16:14.466+0000] {processor.py:839} INFO - DAG(s) dict_keys(['example_sla_dag']) retrieved from /home/airflow/.local/lib/python3.8/site-packages/airflow/example_dags/example_sla_dag.py
[2023-12-20T21:16:14.483+0000] {logging_mixin.py:154} INFO - [2023-12-20T21:16:14.483+0000] {dag.py:2941} INFO - Sync 1 DAGs
[2023-12-20T21:16:14.504+0000] {logging_mixin.py:154} INFO - [2023-12-20T21:16:14.504+0000] {dag.py:3722} INFO - Setting next_dagrun for example_sla_dag to 2023-12-20T21:14:00+00:00, run_after=2023-12-20T21:16:00+00:00
[2023-12-20T21:16:14.523+0000] {processor.py:179} INFO - Processing /home/airflow/.local/lib/python3.8/site-packages/airflow/example_dags/example_sla_dag.py took 0.069 seconds
[2023-12-20T21:16:44.735+0000] {processor.py:157} INFO - Started process (PID=966) to work on /home/airflow/.local/lib/python3.8/site-packages/airflow/example_dags/example_sla_dag.py
[2023-12-20T21:16:44.736+0000] {processor.py:829} INFO - Processing file /home/airflow/.local/lib/python3.8/site-packages/airflow/example_dags/example_sla_dag.py for tasks to queue
[2023-12-20T21:16:44.738+0000] {logging_mixin.py:154} INFO - [2023-12-20T21:16:44.738+0000] {dagbag.py:536} INFO - Filling up the DagBag from /home/airflow/.local/lib/python3.8/site-packages/airflow/example_dags/example_sla_dag.py
[2023-12-20T21:16:44.745+0000] {processor.py:839} INFO - DAG(s) dict_keys(['example_sla_dag']) retrieved from /home/airflow/.local/lib/python3.8/site-packages/airflow/example_dags/example_sla_dag.py
[2023-12-20T21:16:44.762+0000] {logging_mixin.py:154} INFO - [2023-12-20T21:16:44.762+0000] {dag.py:2941} INFO - Sync 1 DAGs
[2023-12-20T21:16:44.786+0000] {logging_mixin.py:154} INFO - [2023-12-20T21:16:44.786+0000] {dag.py:3722} INFO - Setting next_dagrun for example_sla_dag to 2023-12-20T21:14:00+00:00, run_after=2023-12-20T21:16:00+00:00
[2023-12-20T21:16:44.804+0000] {processor.py:179} INFO - Processing /home/airflow/.local/lib/python3.8/site-packages/airflow/example_dags/example_sla_dag.py took 0.072 seconds
[2023-12-20T21:17:15.197+0000] {processor.py:157} INFO - Started process (PID=1022) to work on /home/airflow/.local/lib/python3.8/site-packages/airflow/example_dags/example_sla_dag.py
[2023-12-20T21:17:15.198+0000] {processor.py:829} INFO - Processing file /home/airflow/.local/lib/python3.8/site-packages/airflow/example_dags/example_sla_dag.py for tasks to queue
[2023-12-20T21:17:15.200+0000] {logging_mixin.py:154} INFO - [2023-12-20T21:17:15.200+0000] {dagbag.py:536} INFO - Filling up the DagBag from /home/airflow/.local/lib/python3.8/site-packages/airflow/example_dags/example_sla_dag.py
[2023-12-20T21:17:15.206+0000] {processor.py:839} INFO - DAG(s) dict_keys(['example_sla_dag']) retrieved from /home/airflow/.local/lib/python3.8/site-packages/airflow/example_dags/example_sla_dag.py
[2023-12-20T21:17:15.223+0000] {logging_mixin.py:154} INFO - [2023-12-20T21:17:15.223+0000] {dag.py:2941} INFO - Sync 1 DAGs
[2023-12-20T21:17:15.245+0000] {logging_mixin.py:154} INFO - [2023-12-20T21:17:15.245+0000] {dag.py:3722} INFO - Setting next_dagrun for example_sla_dag to 2023-12-20T21:14:00+00:00, run_after=2023-12-20T21:16:00+00:00
[2023-12-20T21:17:15.397+0000] {processor.py:179} INFO - Processing /home/airflow/.local/lib/python3.8/site-packages/airflow/example_dags/example_sla_dag.py took 0.202 seconds
[2023-12-20T21:17:45.464+0000] {processor.py:157} INFO - Started process (PID=1078) to work on /home/airflow/.local/lib/python3.8/site-packages/airflow/example_dags/example_sla_dag.py
[2023-12-20T21:17:45.465+0000] {processor.py:829} INFO - Processing file /home/airflow/.local/lib/python3.8/site-packages/airflow/example_dags/example_sla_dag.py for tasks to queue
[2023-12-20T21:17:45.467+0000] {logging_mixin.py:154} INFO - [2023-12-20T21:17:45.467+0000] {dagbag.py:536} INFO - Filling up the DagBag from /home/airflow/.local/lib/python3.8/site-packages/airflow/example_dags/example_sla_dag.py
[2023-12-20T21:17:45.474+0000] {processor.py:839} INFO - DAG(s) dict_keys(['example_sla_dag']) retrieved from /home/airflow/.local/lib/python3.8/site-packages/airflow/example_dags/example_sla_dag.py
[2023-12-20T21:17:45.492+0000] {logging_mixin.py:154} INFO - [2023-12-20T21:17:45.492+0000] {dag.py:2941} INFO - Sync 1 DAGs
[2023-12-20T21:17:45.515+0000] {logging_mixin.py:154} INFO - [2023-12-20T21:17:45.514+0000] {dag.py:3722} INFO - Setting next_dagrun for example_sla_dag to 2023-12-20T21:14:00+00:00, run_after=2023-12-20T21:16:00+00:00
[2023-12-20T21:17:45.675+0000] {processor.py:179} INFO - Processing /home/airflow/.local/lib/python3.8/site-packages/airflow/example_dags/example_sla_dag.py took 0.213 seconds
[2023-12-20T21:18:15.950+0000] {processor.py:157} INFO - Started process (PID=1134) to work on /home/airflow/.local/lib/python3.8/site-packages/airflow/example_dags/example_sla_dag.py
[2023-12-20T21:18:15.951+0000] {processor.py:829} INFO - Processing file /home/airflow/.local/lib/python3.8/site-packages/airflow/example_dags/example_sla_dag.py for tasks to queue
[2023-12-20T21:18:15.953+0000] {logging_mixin.py:154} INFO - [2023-12-20T21:18:15.953+0000] {dagbag.py:536} INFO - Filling up the DagBag from /home/airflow/.local/lib/python3.8/site-packages/airflow/example_dags/example_sla_dag.py
[2023-12-20T21:18:15.960+0000] {processor.py:839} INFO - DAG(s) dict_keys(['example_sla_dag']) retrieved from /home/airflow/.local/lib/python3.8/site-packages/airflow/example_dags/example_sla_dag.py
[2023-12-20T21:18:15.976+0000] {logging_mixin.py:154} INFO - [2023-12-20T21:18:15.976+0000] {dag.py:2941} INFO - Sync 1 DAGs
[2023-12-20T21:18:15.997+0000] {logging_mixin.py:154} INFO - [2023-12-20T21:18:15.997+0000] {dag.py:3722} INFO - Setting next_dagrun for example_sla_dag to 2023-12-20T21:16:00+00:00, run_after=2023-12-20T21:18:00+00:00
[2023-12-20T21:18:16.018+0000] {processor.py:179} INFO - Processing /home/airflow/.local/lib/python3.8/site-packages/airflow/example_dags/example_sla_dag.py took 0.070 seconds
[2023-12-20T21:18:46.260+0000] {processor.py:157} INFO - Started process (PID=1189) to work on /home/airflow/.local/lib/python3.8/site-packages/airflow/example_dags/example_sla_dag.py
[2023-12-20T21:18:46.261+0000] {processor.py:829} INFO - Processing file /home/airflow/.local/lib/python3.8/site-packages/airflow/example_dags/example_sla_dag.py for tasks to queue
[2023-12-20T21:18:46.262+0000] {logging_mixin.py:154} INFO - [2023-12-20T21:18:46.262+0000] {dagbag.py:536} INFO - Filling up the DagBag from /home/airflow/.local/lib/python3.8/site-packages/airflow/example_dags/example_sla_dag.py
[2023-12-20T21:18:46.269+0000] {processor.py:839} INFO - DAG(s) dict_keys(['example_sla_dag']) retrieved from /home/airflow/.local/lib/python3.8/site-packages/airflow/example_dags/example_sla_dag.py
[2023-12-20T21:18:46.286+0000] {logging_mixin.py:154} INFO - [2023-12-20T21:18:46.285+0000] {dag.py:2941} INFO - Sync 1 DAGs
[2023-12-20T21:18:46.307+0000] {logging_mixin.py:154} INFO - [2023-12-20T21:18:46.307+0000] {dag.py:3722} INFO - Setting next_dagrun for example_sla_dag to 2023-12-20T21:16:00+00:00, run_after=2023-12-20T21:18:00+00:00
[2023-12-20T21:18:46.326+0000] {processor.py:179} INFO - Processing /home/airflow/.local/lib/python3.8/site-packages/airflow/example_dags/example_sla_dag.py took 0.069 seconds
[2023-12-20T21:19:17.149+0000] {processor.py:157} INFO - Started process (PID=1246) to work on /home/airflow/.local/lib/python3.8/site-packages/airflow/example_dags/example_sla_dag.py
[2023-12-20T21:19:17.151+0000] {processor.py:829} INFO - Processing file /home/airflow/.local/lib/python3.8/site-packages/airflow/example_dags/example_sla_dag.py for tasks to queue
[2023-12-20T21:19:17.153+0000] {logging_mixin.py:154} INFO - [2023-12-20T21:19:17.153+0000] {dagbag.py:536} INFO - Filling up the DagBag from /home/airflow/.local/lib/python3.8/site-packages/airflow/example_dags/example_sla_dag.py
[2023-12-20T21:19:17.160+0000] {processor.py:839} INFO - DAG(s) dict_keys(['example_sla_dag']) retrieved from /home/airflow/.local/lib/python3.8/site-packages/airflow/example_dags/example_sla_dag.py
[2023-12-20T21:19:17.177+0000] {logging_mixin.py:154} INFO - [2023-12-20T21:19:17.177+0000] {dag.py:2941} INFO - Sync 1 DAGs
[2023-12-20T21:19:17.319+0000] {logging_mixin.py:154} INFO - [2023-12-20T21:19:17.319+0000] {dag.py:3722} INFO - Setting next_dagrun for example_sla_dag to 2023-12-20T21:16:00+00:00, run_after=2023-12-20T21:18:00+00:00
[2023-12-20T21:19:17.342+0000] {processor.py:179} INFO - Processing /home/airflow/.local/lib/python3.8/site-packages/airflow/example_dags/example_sla_dag.py took 0.195 seconds
[2023-12-20T21:19:48.296+0000] {processor.py:157} INFO - Started process (PID=1302) to work on /home/airflow/.local/lib/python3.8/site-packages/airflow/example_dags/example_sla_dag.py
[2023-12-20T21:19:48.297+0000] {processor.py:829} INFO - Processing file /home/airflow/.local/lib/python3.8/site-packages/airflow/example_dags/example_sla_dag.py for tasks to queue
[2023-12-20T21:19:48.300+0000] {logging_mixin.py:154} INFO - [2023-12-20T21:19:48.300+0000] {dagbag.py:536} INFO - Filling up the DagBag from /home/airflow/.local/lib/python3.8/site-packages/airflow/example_dags/example_sla_dag.py
[2023-12-20T21:19:48.309+0000] {processor.py:839} INFO - DAG(s) dict_keys(['example_sla_dag']) retrieved from /home/airflow/.local/lib/python3.8/site-packages/airflow/example_dags/example_sla_dag.py
[2023-12-20T21:19:48.328+0000] {logging_mixin.py:154} INFO - [2023-12-20T21:19:48.328+0000] {dag.py:2941} INFO - Sync 1 DAGs
[2023-12-20T21:19:48.357+0000] {logging_mixin.py:154} INFO - [2023-12-20T21:19:48.357+0000] {dag.py:3722} INFO - Setting next_dagrun for example_sla_dag to 2023-12-20T21:16:00+00:00, run_after=2023-12-20T21:18:00+00:00
[2023-12-20T21:19:48.502+0000] {processor.py:179} INFO - Processing /home/airflow/.local/lib/python3.8/site-packages/airflow/example_dags/example_sla_dag.py took 0.210 seconds
[2023-12-20T21:20:19.379+0000] {processor.py:157} INFO - Started process (PID=1358) to work on /home/airflow/.local/lib/python3.8/site-packages/airflow/example_dags/example_sla_dag.py
[2023-12-20T21:20:19.381+0000] {processor.py:829} INFO - Processing file /home/airflow/.local/lib/python3.8/site-packages/airflow/example_dags/example_sla_dag.py for tasks to queue
[2023-12-20T21:20:19.383+0000] {logging_mixin.py:154} INFO - [2023-12-20T21:20:19.382+0000] {dagbag.py:536} INFO - Filling up the DagBag from /home/airflow/.local/lib/python3.8/site-packages/airflow/example_dags/example_sla_dag.py
[2023-12-20T21:20:19.389+0000] {processor.py:839} INFO - DAG(s) dict_keys(['example_sla_dag']) retrieved from /home/airflow/.local/lib/python3.8/site-packages/airflow/example_dags/example_sla_dag.py
[2023-12-20T21:20:19.406+0000] {logging_mixin.py:154} INFO - [2023-12-20T21:20:19.406+0000] {dag.py:2941} INFO - Sync 1 DAGs
[2023-12-20T21:20:19.427+0000] {logging_mixin.py:154} INFO - [2023-12-20T21:20:19.427+0000] {dag.py:3722} INFO - Setting next_dagrun for example_sla_dag to 2023-12-20T21:18:00+00:00, run_after=2023-12-20T21:20:00+00:00
[2023-12-20T21:20:19.448+0000] {processor.py:179} INFO - Processing /home/airflow/.local/lib/python3.8/site-packages/airflow/example_dags/example_sla_dag.py took 0.071 seconds
[2023-12-20T21:20:49.938+0000] {processor.py:157} INFO - Started process (PID=1414) to work on /home/airflow/.local/lib/python3.8/site-packages/airflow/example_dags/example_sla_dag.py
[2023-12-20T21:20:49.939+0000] {processor.py:829} INFO - Processing file /home/airflow/.local/lib/python3.8/site-packages/airflow/example_dags/example_sla_dag.py for tasks to queue
[2023-12-20T21:20:49.940+0000] {logging_mixin.py:154} INFO - [2023-12-20T21:20:49.940+0000] {dagbag.py:536} INFO - Filling up the DagBag from /home/airflow/.local/lib/python3.8/site-packages/airflow/example_dags/example_sla_dag.py
[2023-12-20T21:20:49.947+0000] {processor.py:839} INFO - DAG(s) dict_keys(['example_sla_dag']) retrieved from /home/airflow/.local/lib/python3.8/site-packages/airflow/example_dags/example_sla_dag.py
[2023-12-20T21:20:49.965+0000] {logging_mixin.py:154} INFO - [2023-12-20T21:20:49.965+0000] {dag.py:2941} INFO - Sync 1 DAGs
[2023-12-20T21:20:49.990+0000] {logging_mixin.py:154} INFO - [2023-12-20T21:20:49.989+0000] {dag.py:3722} INFO - Setting next_dagrun for example_sla_dag to 2023-12-20T21:18:00+00:00, run_after=2023-12-20T21:20:00+00:00
[2023-12-20T21:20:50.012+0000] {processor.py:179} INFO - Processing /home/airflow/.local/lib/python3.8/site-packages/airflow/example_dags/example_sla_dag.py took 0.076 seconds
[2023-12-20T21:21:20.652+0000] {processor.py:157} INFO - Started process (PID=1470) to work on /home/airflow/.local/lib/python3.8/site-packages/airflow/example_dags/example_sla_dag.py
[2023-12-20T21:21:20.653+0000] {processor.py:829} INFO - Processing file /home/airflow/.local/lib/python3.8/site-packages/airflow/example_dags/example_sla_dag.py for tasks to queue
[2023-12-20T21:21:20.655+0000] {logging_mixin.py:154} INFO - [2023-12-20T21:21:20.655+0000] {dagbag.py:536} INFO - Filling up the DagBag from /home/airflow/.local/lib/python3.8/site-packages/airflow/example_dags/example_sla_dag.py
[2023-12-20T21:21:20.661+0000] {processor.py:839} INFO - DAG(s) dict_keys(['example_sla_dag']) retrieved from /home/airflow/.local/lib/python3.8/site-packages/airflow/example_dags/example_sla_dag.py
[2023-12-20T21:21:20.680+0000] {logging_mixin.py:154} INFO - [2023-12-20T21:21:20.679+0000] {dag.py:2941} INFO - Sync 1 DAGs
[2023-12-20T21:21:20.835+0000] {logging_mixin.py:154} INFO - [2023-12-20T21:21:20.835+0000] {dag.py:3722} INFO - Setting next_dagrun for example_sla_dag to 2023-12-20T21:18:00+00:00, run_after=2023-12-20T21:20:00+00:00
[2023-12-20T21:21:20.854+0000] {processor.py:179} INFO - Processing /home/airflow/.local/lib/python3.8/site-packages/airflow/example_dags/example_sla_dag.py took 0.204 seconds
[2023-12-20T21:21:51.456+0000] {processor.py:157} INFO - Started process (PID=1526) to work on /home/airflow/.local/lib/python3.8/site-packages/airflow/example_dags/example_sla_dag.py
[2023-12-20T21:21:51.457+0000] {processor.py:829} INFO - Processing file /home/airflow/.local/lib/python3.8/site-packages/airflow/example_dags/example_sla_dag.py for tasks to queue
[2023-12-20T21:21:51.459+0000] {logging_mixin.py:154} INFO - [2023-12-20T21:21:51.459+0000] {dagbag.py:536} INFO - Filling up the DagBag from /home/airflow/.local/lib/python3.8/site-packages/airflow/example_dags/example_sla_dag.py
[2023-12-20T21:21:51.466+0000] {processor.py:839} INFO - DAG(s) dict_keys(['example_sla_dag']) retrieved from /home/airflow/.local/lib/python3.8/site-packages/airflow/example_dags/example_sla_dag.py
[2023-12-20T21:21:51.483+0000] {logging_mixin.py:154} INFO - [2023-12-20T21:21:51.483+0000] {dag.py:2941} INFO - Sync 1 DAGs
[2023-12-20T21:21:51.507+0000] {logging_mixin.py:154} INFO - [2023-12-20T21:21:51.507+0000] {dag.py:3722} INFO - Setting next_dagrun for example_sla_dag to 2023-12-20T21:18:00+00:00, run_after=2023-12-20T21:20:00+00:00
[2023-12-20T21:21:51.529+0000] {processor.py:179} INFO - Processing /home/airflow/.local/lib/python3.8/site-packages/airflow/example_dags/example_sla_dag.py took 0.075 seconds
[2023-12-20T21:22:21.834+0000] {processor.py:157} INFO - Started process (PID=1582) to work on /home/airflow/.local/lib/python3.8/site-packages/airflow/example_dags/example_sla_dag.py
[2023-12-20T21:22:21.835+0000] {processor.py:829} INFO - Processing file /home/airflow/.local/lib/python3.8/site-packages/airflow/example_dags/example_sla_dag.py for tasks to queue
[2023-12-20T21:22:21.837+0000] {logging_mixin.py:154} INFO - [2023-12-20T21:22:21.837+0000] {dagbag.py:536} INFO - Filling up the DagBag from /home/airflow/.local/lib/python3.8/site-packages/airflow/example_dags/example_sla_dag.py
[2023-12-20T21:22:21.843+0000] {processor.py:839} INFO - DAG(s) dict_keys(['example_sla_dag']) retrieved from /home/airflow/.local/lib/python3.8/site-packages/airflow/example_dags/example_sla_dag.py
[2023-12-20T21:22:21.861+0000] {logging_mixin.py:154} INFO - [2023-12-20T21:22:21.860+0000] {dag.py:2941} INFO - Sync 1 DAGs
[2023-12-20T21:22:21.882+0000] {logging_mixin.py:154} INFO - [2023-12-20T21:22:21.882+0000] {dag.py:3722} INFO - Setting next_dagrun for example_sla_dag to 2023-12-20T21:20:00+00:00, run_after=2023-12-20T21:22:00+00:00
[2023-12-20T21:22:21.901+0000] {processor.py:179} INFO - Processing /home/airflow/.local/lib/python3.8/site-packages/airflow/example_dags/example_sla_dag.py took 0.069 seconds
[2023-12-20T21:22:52.167+0000] {processor.py:157} INFO - Started process (PID=1638) to work on /home/airflow/.local/lib/python3.8/site-packages/airflow/example_dags/example_sla_dag.py
[2023-12-20T21:22:52.168+0000] {processor.py:829} INFO - Processing file /home/airflow/.local/lib/python3.8/site-packages/airflow/example_dags/example_sla_dag.py for tasks to queue
[2023-12-20T21:22:52.170+0000] {logging_mixin.py:154} INFO - [2023-12-20T21:22:52.170+0000] {dagbag.py:536} INFO - Filling up the DagBag from /home/airflow/.local/lib/python3.8/site-packages/airflow/example_dags/example_sla_dag.py
[2023-12-20T21:22:52.177+0000] {processor.py:839} INFO - DAG(s) dict_keys(['example_sla_dag']) retrieved from /home/airflow/.local/lib/python3.8/site-packages/airflow/example_dags/example_sla_dag.py
[2023-12-20T21:22:52.196+0000] {logging_mixin.py:154} INFO - [2023-12-20T21:22:52.195+0000] {dag.py:2941} INFO - Sync 1 DAGs
[2023-12-20T21:22:52.218+0000] {logging_mixin.py:154} INFO - [2023-12-20T21:22:52.218+0000] {dag.py:3722} INFO - Setting next_dagrun for example_sla_dag to 2023-12-20T21:20:00+00:00, run_after=2023-12-20T21:22:00+00:00
[2023-12-20T21:22:52.238+0000] {processor.py:179} INFO - Processing /home/airflow/.local/lib/python3.8/site-packages/airflow/example_dags/example_sla_dag.py took 0.074 seconds
[2023-12-20T21:23:22.457+0000] {processor.py:157} INFO - Started process (PID=1694) to work on /home/airflow/.local/lib/python3.8/site-packages/airflow/example_dags/example_sla_dag.py
[2023-12-20T21:23:22.458+0000] {processor.py:829} INFO - Processing file /home/airflow/.local/lib/python3.8/site-packages/airflow/example_dags/example_sla_dag.py for tasks to queue
[2023-12-20T21:23:22.460+0000] {logging_mixin.py:154} INFO - [2023-12-20T21:23:22.459+0000] {dagbag.py:536} INFO - Filling up the DagBag from /home/airflow/.local/lib/python3.8/site-packages/airflow/example_dags/example_sla_dag.py
[2023-12-20T21:23:22.466+0000] {processor.py:839} INFO - DAG(s) dict_keys(['example_sla_dag']) retrieved from /home/airflow/.local/lib/python3.8/site-packages/airflow/example_dags/example_sla_dag.py
[2023-12-20T21:23:22.484+0000] {logging_mixin.py:154} INFO - [2023-12-20T21:23:22.484+0000] {dag.py:2941} INFO - Sync 1 DAGs
[2023-12-20T21:23:22.507+0000] {logging_mixin.py:154} INFO - [2023-12-20T21:23:22.507+0000] {dag.py:3722} INFO - Setting next_dagrun for example_sla_dag to 2023-12-20T21:20:00+00:00, run_after=2023-12-20T21:22:00+00:00
[2023-12-20T21:23:22.526+0000] {processor.py:179} INFO - Processing /home/airflow/.local/lib/python3.8/site-packages/airflow/example_dags/example_sla_dag.py took 0.071 seconds
[2023-12-20T21:23:52.872+0000] {processor.py:157} INFO - Started process (PID=1750) to work on /home/airflow/.local/lib/python3.8/site-packages/airflow/example_dags/example_sla_dag.py
[2023-12-20T21:23:52.873+0000] {processor.py:829} INFO - Processing file /home/airflow/.local/lib/python3.8/site-packages/airflow/example_dags/example_sla_dag.py for tasks to queue
[2023-12-20T21:23:52.875+0000] {logging_mixin.py:154} INFO - [2023-12-20T21:23:52.874+0000] {dagbag.py:536} INFO - Filling up the DagBag from /home/airflow/.local/lib/python3.8/site-packages/airflow/example_dags/example_sla_dag.py
[2023-12-20T21:23:52.882+0000] {processor.py:839} INFO - DAG(s) dict_keys(['example_sla_dag']) retrieved from /home/airflow/.local/lib/python3.8/site-packages/airflow/example_dags/example_sla_dag.py
[2023-12-20T21:23:52.899+0000] {logging_mixin.py:154} INFO - [2023-12-20T21:23:52.899+0000] {dag.py:2941} INFO - Sync 1 DAGs
[2023-12-20T21:23:52.922+0000] {logging_mixin.py:154} INFO - [2023-12-20T21:23:52.922+0000] {dag.py:3722} INFO - Setting next_dagrun for example_sla_dag to 2023-12-20T21:20:00+00:00, run_after=2023-12-20T21:22:00+00:00
[2023-12-20T21:23:52.942+0000] {processor.py:179} INFO - Processing /home/airflow/.local/lib/python3.8/site-packages/airflow/example_dags/example_sla_dag.py took 0.073 seconds
[2023-12-20T21:24:23.230+0000] {processor.py:157} INFO - Started process (PID=1806) to work on /home/airflow/.local/lib/python3.8/site-packages/airflow/example_dags/example_sla_dag.py
[2023-12-20T21:24:23.231+0000] {processor.py:829} INFO - Processing file /home/airflow/.local/lib/python3.8/site-packages/airflow/example_dags/example_sla_dag.py for tasks to queue
[2023-12-20T21:24:23.233+0000] {logging_mixin.py:154} INFO - [2023-12-20T21:24:23.233+0000] {dagbag.py:536} INFO - Filling up the DagBag from /home/airflow/.local/lib/python3.8/site-packages/airflow/example_dags/example_sla_dag.py
[2023-12-20T21:24:23.240+0000] {processor.py:839} INFO - DAG(s) dict_keys(['example_sla_dag']) retrieved from /home/airflow/.local/lib/python3.8/site-packages/airflow/example_dags/example_sla_dag.py
[2023-12-20T21:24:23.259+0000] {logging_mixin.py:154} INFO - [2023-12-20T21:24:23.259+0000] {dag.py:2941} INFO - Sync 1 DAGs
[2023-12-20T21:24:23.286+0000] {logging_mixin.py:154} INFO - [2023-12-20T21:24:23.285+0000] {dag.py:3722} INFO - Setting next_dagrun for example_sla_dag to 2023-12-20T21:22:00+00:00, run_after=2023-12-20T21:24:00+00:00
[2023-12-20T21:24:23.313+0000] {processor.py:179} INFO - Processing /home/airflow/.local/lib/python3.8/site-packages/airflow/example_dags/example_sla_dag.py took 0.085 seconds
[2023-12-20T21:24:53.636+0000] {processor.py:157} INFO - Started process (PID=1862) to work on /home/airflow/.local/lib/python3.8/site-packages/airflow/example_dags/example_sla_dag.py
[2023-12-20T21:24:53.637+0000] {processor.py:829} INFO - Processing file /home/airflow/.local/lib/python3.8/site-packages/airflow/example_dags/example_sla_dag.py for tasks to queue
[2023-12-20T21:24:53.639+0000] {logging_mixin.py:154} INFO - [2023-12-20T21:24:53.639+0000] {dagbag.py:536} INFO - Filling up the DagBag from /home/airflow/.local/lib/python3.8/site-packages/airflow/example_dags/example_sla_dag.py
[2023-12-20T21:24:53.646+0000] {processor.py:839} INFO - DAG(s) dict_keys(['example_sla_dag']) retrieved from /home/airflow/.local/lib/python3.8/site-packages/airflow/example_dags/example_sla_dag.py
[2023-12-20T21:24:53.663+0000] {logging_mixin.py:154} INFO - [2023-12-20T21:24:53.662+0000] {dag.py:2941} INFO - Sync 1 DAGs
[2023-12-20T21:24:53.685+0000] {logging_mixin.py:154} INFO - [2023-12-20T21:24:53.685+0000] {dag.py:3722} INFO - Setting next_dagrun for example_sla_dag to 2023-12-20T21:22:00+00:00, run_after=2023-12-20T21:24:00+00:00
[2023-12-20T21:24:53.705+0000] {processor.py:179} INFO - Processing /home/airflow/.local/lib/python3.8/site-packages/airflow/example_dags/example_sla_dag.py took 0.071 seconds
[2023-12-20T21:25:23.959+0000] {processor.py:157} INFO - Started process (PID=1918) to work on /home/airflow/.local/lib/python3.8/site-packages/airflow/example_dags/example_sla_dag.py
[2023-12-20T21:25:23.960+0000] {processor.py:829} INFO - Processing file /home/airflow/.local/lib/python3.8/site-packages/airflow/example_dags/example_sla_dag.py for tasks to queue
[2023-12-20T21:25:23.962+0000] {logging_mixin.py:154} INFO - [2023-12-20T21:25:23.962+0000] {dagbag.py:536} INFO - Filling up the DagBag from /home/airflow/.local/lib/python3.8/site-packages/airflow/example_dags/example_sla_dag.py
[2023-12-20T21:25:23.968+0000] {processor.py:839} INFO - DAG(s) dict_keys(['example_sla_dag']) retrieved from /home/airflow/.local/lib/python3.8/site-packages/airflow/example_dags/example_sla_dag.py
[2023-12-20T21:25:23.985+0000] {logging_mixin.py:154} INFO - [2023-12-20T21:25:23.985+0000] {dag.py:2941} INFO - Sync 1 DAGs
[2023-12-20T21:25:24.007+0000] {logging_mixin.py:154} INFO - [2023-12-20T21:25:24.006+0000] {dag.py:3722} INFO - Setting next_dagrun for example_sla_dag to 2023-12-20T21:22:00+00:00, run_after=2023-12-20T21:24:00+00:00
[2023-12-20T21:25:24.025+0000] {processor.py:179} INFO - Processing /home/airflow/.local/lib/python3.8/site-packages/airflow/example_dags/example_sla_dag.py took 0.068 seconds
[2023-12-20T21:25:54.369+0000] {processor.py:157} INFO - Started process (PID=1974) to work on /home/airflow/.local/lib/python3.8/site-packages/airflow/example_dags/example_sla_dag.py
[2023-12-20T21:25:54.370+0000] {processor.py:829} INFO - Processing file /home/airflow/.local/lib/python3.8/site-packages/airflow/example_dags/example_sla_dag.py for tasks to queue
[2023-12-20T21:25:54.372+0000] {logging_mixin.py:154} INFO - [2023-12-20T21:25:54.371+0000] {dagbag.py:536} INFO - Filling up the DagBag from /home/airflow/.local/lib/python3.8/site-packages/airflow/example_dags/example_sla_dag.py
[2023-12-20T21:25:54.378+0000] {processor.py:839} INFO - DAG(s) dict_keys(['example_sla_dag']) retrieved from /home/airflow/.local/lib/python3.8/site-packages/airflow/example_dags/example_sla_dag.py
[2023-12-20T21:25:54.394+0000] {logging_mixin.py:154} INFO - [2023-12-20T21:25:54.394+0000] {dag.py:2941} INFO - Sync 1 DAGs
[2023-12-20T21:25:54.416+0000] {logging_mixin.py:154} INFO - [2023-12-20T21:25:54.416+0000] {dag.py:3722} INFO - Setting next_dagrun for example_sla_dag to 2023-12-20T21:22:00+00:00, run_after=2023-12-20T21:24:00+00:00
[2023-12-20T21:25:54.437+0000] {processor.py:179} INFO - Processing /home/airflow/.local/lib/python3.8/site-packages/airflow/example_dags/example_sla_dag.py took 0.070 seconds
[2023-12-20T21:26:24.847+0000] {processor.py:157} INFO - Started process (PID=2030) to work on /home/airflow/.local/lib/python3.8/site-packages/airflow/example_dags/example_sla_dag.py
[2023-12-20T21:26:24.848+0000] {processor.py:829} INFO - Processing file /home/airflow/.local/lib/python3.8/site-packages/airflow/example_dags/example_sla_dag.py for tasks to queue
[2023-12-20T21:26:24.850+0000] {logging_mixin.py:154} INFO - [2023-12-20T21:26:24.850+0000] {dagbag.py:536} INFO - Filling up the DagBag from /home/airflow/.local/lib/python3.8/site-packages/airflow/example_dags/example_sla_dag.py
[2023-12-20T21:26:24.857+0000] {processor.py:839} INFO - DAG(s) dict_keys(['example_sla_dag']) retrieved from /home/airflow/.local/lib/python3.8/site-packages/airflow/example_dags/example_sla_dag.py
[2023-12-20T21:26:24.876+0000] {logging_mixin.py:154} INFO - [2023-12-20T21:26:24.876+0000] {dag.py:2941} INFO - Sync 1 DAGs
[2023-12-20T21:26:24.898+0000] {logging_mixin.py:154} INFO - [2023-12-20T21:26:24.898+0000] {dag.py:3722} INFO - Setting next_dagrun for example_sla_dag to 2023-12-20T21:24:00+00:00, run_after=2023-12-20T21:26:00+00:00
[2023-12-20T21:26:24.919+0000] {processor.py:179} INFO - Processing /home/airflow/.local/lib/python3.8/site-packages/airflow/example_dags/example_sla_dag.py took 0.074 seconds
