[2023-12-20T21:08:35.789+0000] {processor.py:157} INFO - Started process (PID=80) to work on /home/airflow/.local/lib/python3.8/site-packages/airflow/example_dags/example_xcomargs.py
[2023-12-20T21:08:35.790+0000] {processor.py:829} INFO - Processing file /home/airflow/.local/lib/python3.8/site-packages/airflow/example_dags/example_xcomargs.py for tasks to queue
[2023-12-20T21:08:35.792+0000] {logging_mixin.py:154} INFO - [2023-12-20T21:08:35.792+0000] {dagbag.py:536} INFO - Filling up the DagBag from /home/airflow/.local/lib/python3.8/site-packages/airflow/example_dags/example_xcomargs.py
[2023-12-20T21:08:35.801+0000] {processor.py:839} INFO - DAG(s) dict_keys(['example_xcom_args_with_operators', 'example_xcom_args']) retrieved from /home/airflow/.local/lib/python3.8/site-packages/airflow/example_dags/example_xcomargs.py
[2023-12-20T21:08:35.817+0000] {logging_mixin.py:154} INFO - [2023-12-20T21:08:35.817+0000] {dag.py:2941} INFO - Sync 2 DAGs
[2023-12-20T21:08:35.833+0000] {logging_mixin.py:154} INFO - [2023-12-20T21:08:35.833+0000] {dag.py:3722} INFO - Setting next_dagrun for example_xcom_args to None, run_after=None
[2023-12-20T21:08:35.840+0000] {logging_mixin.py:154} INFO - [2023-12-20T21:08:35.839+0000] {dag.py:3722} INFO - Setting next_dagrun for example_xcom_args_with_operators to None, run_after=None
[2023-12-20T21:08:35.864+0000] {processor.py:179} INFO - Processing /home/airflow/.local/lib/python3.8/site-packages/airflow/example_dags/example_xcomargs.py took 0.078 seconds
[2023-12-20T21:09:05.958+0000] {processor.py:157} INFO - Started process (PID=136) to work on /home/airflow/.local/lib/python3.8/site-packages/airflow/example_dags/example_xcomargs.py
[2023-12-20T21:09:05.959+0000] {processor.py:829} INFO - Processing file /home/airflow/.local/lib/python3.8/site-packages/airflow/example_dags/example_xcomargs.py for tasks to queue
[2023-12-20T21:09:05.961+0000] {logging_mixin.py:154} INFO - [2023-12-20T21:09:05.961+0000] {dagbag.py:536} INFO - Filling up the DagBag from /home/airflow/.local/lib/python3.8/site-packages/airflow/example_dags/example_xcomargs.py
[2023-12-20T21:09:05.967+0000] {processor.py:839} INFO - DAG(s) dict_keys(['example_xcom_args', 'example_xcom_args_with_operators']) retrieved from /home/airflow/.local/lib/python3.8/site-packages/airflow/example_dags/example_xcomargs.py
[2023-12-20T21:09:05.989+0000] {logging_mixin.py:154} INFO - [2023-12-20T21:09:05.989+0000] {dag.py:2941} INFO - Sync 2 DAGs
[2023-12-20T21:09:06.002+0000] {logging_mixin.py:154} INFO - [2023-12-20T21:09:06.002+0000] {dag.py:3722} INFO - Setting next_dagrun for example_xcom_args to None, run_after=None
[2023-12-20T21:09:06.007+0000] {logging_mixin.py:154} INFO - [2023-12-20T21:09:06.006+0000] {dag.py:3722} INFO - Setting next_dagrun for example_xcom_args_with_operators to None, run_after=None
[2023-12-20T21:09:06.025+0000] {processor.py:179} INFO - Processing /home/airflow/.local/lib/python3.8/site-packages/airflow/example_dags/example_xcomargs.py took 0.070 seconds
[2023-12-20T21:09:36.818+0000] {processor.py:157} INFO - Started process (PID=192) to work on /home/airflow/.local/lib/python3.8/site-packages/airflow/example_dags/example_xcomargs.py
[2023-12-20T21:09:36.819+0000] {processor.py:829} INFO - Processing file /home/airflow/.local/lib/python3.8/site-packages/airflow/example_dags/example_xcomargs.py for tasks to queue
[2023-12-20T21:09:36.821+0000] {logging_mixin.py:154} INFO - [2023-12-20T21:09:36.821+0000] {dagbag.py:536} INFO - Filling up the DagBag from /home/airflow/.local/lib/python3.8/site-packages/airflow/example_dags/example_xcomargs.py
[2023-12-20T21:09:36.828+0000] {processor.py:839} INFO - DAG(s) dict_keys(['example_xcom_args', 'example_xcom_args_with_operators']) retrieved from /home/airflow/.local/lib/python3.8/site-packages/airflow/example_dags/example_xcomargs.py
[2023-12-20T21:09:36.849+0000] {logging_mixin.py:154} INFO - [2023-12-20T21:09:36.848+0000] {dag.py:2941} INFO - Sync 2 DAGs
[2023-12-20T21:09:36.860+0000] {logging_mixin.py:154} INFO - [2023-12-20T21:09:36.860+0000] {dag.py:3722} INFO - Setting next_dagrun for example_xcom_args to None, run_after=None
[2023-12-20T21:09:36.864+0000] {logging_mixin.py:154} INFO - [2023-12-20T21:09:36.864+0000] {dag.py:3722} INFO - Setting next_dagrun for example_xcom_args_with_operators to None, run_after=None
[2023-12-20T21:09:36.883+0000] {processor.py:179} INFO - Processing /home/airflow/.local/lib/python3.8/site-packages/airflow/example_dags/example_xcomargs.py took 0.068 seconds
[2023-12-20T21:10:07.910+0000] {processor.py:157} INFO - Started process (PID=248) to work on /home/airflow/.local/lib/python3.8/site-packages/airflow/example_dags/example_xcomargs.py
[2023-12-20T21:10:07.911+0000] {processor.py:829} INFO - Processing file /home/airflow/.local/lib/python3.8/site-packages/airflow/example_dags/example_xcomargs.py for tasks to queue
[2023-12-20T21:10:07.913+0000] {logging_mixin.py:154} INFO - [2023-12-20T21:10:07.913+0000] {dagbag.py:536} INFO - Filling up the DagBag from /home/airflow/.local/lib/python3.8/site-packages/airflow/example_dags/example_xcomargs.py
[2023-12-20T21:10:07.920+0000] {processor.py:839} INFO - DAG(s) dict_keys(['example_xcom_args_with_operators', 'example_xcom_args']) retrieved from /home/airflow/.local/lib/python3.8/site-packages/airflow/example_dags/example_xcomargs.py
[2023-12-20T21:10:07.948+0000] {logging_mixin.py:154} INFO - [2023-12-20T21:10:07.948+0000] {dag.py:2941} INFO - Sync 2 DAGs
[2023-12-20T21:10:07.972+0000] {logging_mixin.py:154} INFO - [2023-12-20T21:10:07.971+0000] {dag.py:3722} INFO - Setting next_dagrun for example_xcom_args to None, run_after=None
[2023-12-20T21:10:07.977+0000] {logging_mixin.py:154} INFO - [2023-12-20T21:10:07.977+0000] {dag.py:3722} INFO - Setting next_dagrun for example_xcom_args_with_operators to None, run_after=None
[2023-12-20T21:10:08.007+0000] {processor.py:179} INFO - Processing /home/airflow/.local/lib/python3.8/site-packages/airflow/example_dags/example_xcomargs.py took 0.100 seconds
[2023-12-20T21:10:38.580+0000] {processor.py:157} INFO - Started process (PID=304) to work on /home/airflow/.local/lib/python3.8/site-packages/airflow/example_dags/example_xcomargs.py
[2023-12-20T21:10:38.581+0000] {processor.py:829} INFO - Processing file /home/airflow/.local/lib/python3.8/site-packages/airflow/example_dags/example_xcomargs.py for tasks to queue
[2023-12-20T21:10:38.582+0000] {logging_mixin.py:154} INFO - [2023-12-20T21:10:38.582+0000] {dagbag.py:536} INFO - Filling up the DagBag from /home/airflow/.local/lib/python3.8/site-packages/airflow/example_dags/example_xcomargs.py
[2023-12-20T21:10:38.588+0000] {processor.py:839} INFO - DAG(s) dict_keys(['example_xcom_args_with_operators', 'example_xcom_args']) retrieved from /home/airflow/.local/lib/python3.8/site-packages/airflow/example_dags/example_xcomargs.py
[2023-12-20T21:10:38.610+0000] {logging_mixin.py:154} INFO - [2023-12-20T21:10:38.610+0000] {dag.py:2941} INFO - Sync 2 DAGs
[2023-12-20T21:10:38.620+0000] {logging_mixin.py:154} INFO - [2023-12-20T21:10:38.620+0000] {dag.py:3722} INFO - Setting next_dagrun for example_xcom_args to None, run_after=None
[2023-12-20T21:10:38.624+0000] {logging_mixin.py:154} INFO - [2023-12-20T21:10:38.624+0000] {dag.py:3722} INFO - Setting next_dagrun for example_xcom_args_with_operators to None, run_after=None
[2023-12-20T21:10:38.642+0000] {processor.py:179} INFO - Processing /home/airflow/.local/lib/python3.8/site-packages/airflow/example_dags/example_xcomargs.py took 0.065 seconds
[2023-12-20T21:11:08.935+0000] {processor.py:157} INFO - Started process (PID=360) to work on /home/airflow/.local/lib/python3.8/site-packages/airflow/example_dags/example_xcomargs.py
[2023-12-20T21:11:08.936+0000] {processor.py:829} INFO - Processing file /home/airflow/.local/lib/python3.8/site-packages/airflow/example_dags/example_xcomargs.py for tasks to queue
[2023-12-20T21:11:08.938+0000] {logging_mixin.py:154} INFO - [2023-12-20T21:11:08.938+0000] {dagbag.py:536} INFO - Filling up the DagBag from /home/airflow/.local/lib/python3.8/site-packages/airflow/example_dags/example_xcomargs.py
[2023-12-20T21:11:08.944+0000] {processor.py:839} INFO - DAG(s) dict_keys(['example_xcom_args', 'example_xcom_args_with_operators']) retrieved from /home/airflow/.local/lib/python3.8/site-packages/airflow/example_dags/example_xcomargs.py
[2023-12-20T21:11:08.966+0000] {logging_mixin.py:154} INFO - [2023-12-20T21:11:08.966+0000] {dag.py:2941} INFO - Sync 2 DAGs
[2023-12-20T21:11:08.977+0000] {logging_mixin.py:154} INFO - [2023-12-20T21:11:08.977+0000] {dag.py:3722} INFO - Setting next_dagrun for example_xcom_args to None, run_after=None
[2023-12-20T21:11:08.981+0000] {logging_mixin.py:154} INFO - [2023-12-20T21:11:08.980+0000] {dag.py:3722} INFO - Setting next_dagrun for example_xcom_args_with_operators to None, run_after=None
[2023-12-20T21:11:09.000+0000] {processor.py:179} INFO - Processing /home/airflow/.local/lib/python3.8/site-packages/airflow/example_dags/example_xcomargs.py took 0.067 seconds
[2023-12-20T21:11:39.869+0000] {processor.py:157} INFO - Started process (PID=416) to work on /home/airflow/.local/lib/python3.8/site-packages/airflow/example_dags/example_xcomargs.py
[2023-12-20T21:11:39.870+0000] {processor.py:829} INFO - Processing file /home/airflow/.local/lib/python3.8/site-packages/airflow/example_dags/example_xcomargs.py for tasks to queue
[2023-12-20T21:11:39.873+0000] {logging_mixin.py:154} INFO - [2023-12-20T21:11:39.872+0000] {dagbag.py:536} INFO - Filling up the DagBag from /home/airflow/.local/lib/python3.8/site-packages/airflow/example_dags/example_xcomargs.py
[2023-12-20T21:11:39.879+0000] {processor.py:839} INFO - DAG(s) dict_keys(['example_xcom_args_with_operators', 'example_xcom_args']) retrieved from /home/airflow/.local/lib/python3.8/site-packages/airflow/example_dags/example_xcomargs.py
[2023-12-20T21:11:39.901+0000] {logging_mixin.py:154} INFO - [2023-12-20T21:11:39.901+0000] {dag.py:2941} INFO - Sync 2 DAGs
[2023-12-20T21:11:39.913+0000] {logging_mixin.py:154} INFO - [2023-12-20T21:11:39.913+0000] {dag.py:3722} INFO - Setting next_dagrun for example_xcom_args to None, run_after=None
[2023-12-20T21:11:39.917+0000] {logging_mixin.py:154} INFO - [2023-12-20T21:11:39.917+0000] {dag.py:3722} INFO - Setting next_dagrun for example_xcom_args_with_operators to None, run_after=None
[2023-12-20T21:11:39.936+0000] {processor.py:179} INFO - Processing /home/airflow/.local/lib/python3.8/site-packages/airflow/example_dags/example_xcomargs.py took 0.069 seconds
[2023-12-20T21:12:10.687+0000] {processor.py:157} INFO - Started process (PID=472) to work on /home/airflow/.local/lib/python3.8/site-packages/airflow/example_dags/example_xcomargs.py
[2023-12-20T21:12:10.688+0000] {processor.py:829} INFO - Processing file /home/airflow/.local/lib/python3.8/site-packages/airflow/example_dags/example_xcomargs.py for tasks to queue
[2023-12-20T21:12:10.690+0000] {logging_mixin.py:154} INFO - [2023-12-20T21:12:10.690+0000] {dagbag.py:536} INFO - Filling up the DagBag from /home/airflow/.local/lib/python3.8/site-packages/airflow/example_dags/example_xcomargs.py
[2023-12-20T21:12:10.696+0000] {processor.py:839} INFO - DAG(s) dict_keys(['example_xcom_args_with_operators', 'example_xcom_args']) retrieved from /home/airflow/.local/lib/python3.8/site-packages/airflow/example_dags/example_xcomargs.py
[2023-12-20T21:12:10.719+0000] {logging_mixin.py:154} INFO - [2023-12-20T21:12:10.719+0000] {dag.py:2941} INFO - Sync 2 DAGs
[2023-12-20T21:12:10.731+0000] {logging_mixin.py:154} INFO - [2023-12-20T21:12:10.731+0000] {dag.py:3722} INFO - Setting next_dagrun for example_xcom_args to None, run_after=None
[2023-12-20T21:12:10.735+0000] {logging_mixin.py:154} INFO - [2023-12-20T21:12:10.735+0000] {dag.py:3722} INFO - Setting next_dagrun for example_xcom_args_with_operators to None, run_after=None
[2023-12-20T21:12:10.753+0000] {processor.py:179} INFO - Processing /home/airflow/.local/lib/python3.8/site-packages/airflow/example_dags/example_xcomargs.py took 0.068 seconds
[2023-12-20T21:12:40.946+0000] {processor.py:157} INFO - Started process (PID=528) to work on /home/airflow/.local/lib/python3.8/site-packages/airflow/example_dags/example_xcomargs.py
[2023-12-20T21:12:40.947+0000] {processor.py:829} INFO - Processing file /home/airflow/.local/lib/python3.8/site-packages/airflow/example_dags/example_xcomargs.py for tasks to queue
[2023-12-20T21:12:40.949+0000] {logging_mixin.py:154} INFO - [2023-12-20T21:12:40.949+0000] {dagbag.py:536} INFO - Filling up the DagBag from /home/airflow/.local/lib/python3.8/site-packages/airflow/example_dags/example_xcomargs.py
[2023-12-20T21:12:40.955+0000] {processor.py:839} INFO - DAG(s) dict_keys(['example_xcom_args_with_operators', 'example_xcom_args']) retrieved from /home/airflow/.local/lib/python3.8/site-packages/airflow/example_dags/example_xcomargs.py
[2023-12-20T21:12:40.977+0000] {logging_mixin.py:154} INFO - [2023-12-20T21:12:40.977+0000] {dag.py:2941} INFO - Sync 2 DAGs
[2023-12-20T21:12:40.989+0000] {logging_mixin.py:154} INFO - [2023-12-20T21:12:40.988+0000] {dag.py:3722} INFO - Setting next_dagrun for example_xcom_args to None, run_after=None
[2023-12-20T21:12:40.993+0000] {logging_mixin.py:154} INFO - [2023-12-20T21:12:40.992+0000] {dag.py:3722} INFO - Setting next_dagrun for example_xcom_args_with_operators to None, run_after=None
[2023-12-20T21:12:41.014+0000] {processor.py:179} INFO - Processing /home/airflow/.local/lib/python3.8/site-packages/airflow/example_dags/example_xcomargs.py took 0.070 seconds
[2023-12-20T21:13:11.349+0000] {processor.py:157} INFO - Started process (PID=584) to work on /home/airflow/.local/lib/python3.8/site-packages/airflow/example_dags/example_xcomargs.py
[2023-12-20T21:13:11.350+0000] {processor.py:829} INFO - Processing file /home/airflow/.local/lib/python3.8/site-packages/airflow/example_dags/example_xcomargs.py for tasks to queue
[2023-12-20T21:13:11.352+0000] {logging_mixin.py:154} INFO - [2023-12-20T21:13:11.352+0000] {dagbag.py:536} INFO - Filling up the DagBag from /home/airflow/.local/lib/python3.8/site-packages/airflow/example_dags/example_xcomargs.py
[2023-12-20T21:13:11.358+0000] {processor.py:839} INFO - DAG(s) dict_keys(['example_xcom_args', 'example_xcom_args_with_operators']) retrieved from /home/airflow/.local/lib/python3.8/site-packages/airflow/example_dags/example_xcomargs.py
[2023-12-20T21:13:11.381+0000] {logging_mixin.py:154} INFO - [2023-12-20T21:13:11.381+0000] {dag.py:2941} INFO - Sync 2 DAGs
[2023-12-20T21:13:11.394+0000] {logging_mixin.py:154} INFO - [2023-12-20T21:13:11.393+0000] {dag.py:3722} INFO - Setting next_dagrun for example_xcom_args to None, run_after=None
[2023-12-20T21:13:11.397+0000] {logging_mixin.py:154} INFO - [2023-12-20T21:13:11.397+0000] {dag.py:3722} INFO - Setting next_dagrun for example_xcom_args_with_operators to None, run_after=None
[2023-12-20T21:13:11.417+0000] {processor.py:179} INFO - Processing /home/airflow/.local/lib/python3.8/site-packages/airflow/example_dags/example_xcomargs.py took 0.070 seconds
[2023-12-20T21:13:42.118+0000] {processor.py:157} INFO - Started process (PID=640) to work on /home/airflow/.local/lib/python3.8/site-packages/airflow/example_dags/example_xcomargs.py
[2023-12-20T21:13:42.120+0000] {processor.py:829} INFO - Processing file /home/airflow/.local/lib/python3.8/site-packages/airflow/example_dags/example_xcomargs.py for tasks to queue
[2023-12-20T21:13:42.123+0000] {logging_mixin.py:154} INFO - [2023-12-20T21:13:42.123+0000] {dagbag.py:536} INFO - Filling up the DagBag from /home/airflow/.local/lib/python3.8/site-packages/airflow/example_dags/example_xcomargs.py
[2023-12-20T21:13:42.130+0000] {processor.py:839} INFO - DAG(s) dict_keys(['example_xcom_args', 'example_xcom_args_with_operators']) retrieved from /home/airflow/.local/lib/python3.8/site-packages/airflow/example_dags/example_xcomargs.py
[2023-12-20T21:13:42.159+0000] {logging_mixin.py:154} INFO - [2023-12-20T21:13:42.159+0000] {dag.py:2941} INFO - Sync 2 DAGs
[2023-12-20T21:13:42.172+0000] {logging_mixin.py:154} INFO - [2023-12-20T21:13:42.172+0000] {dag.py:3722} INFO - Setting next_dagrun for example_xcom_args to None, run_after=None
[2023-12-20T21:13:42.177+0000] {logging_mixin.py:154} INFO - [2023-12-20T21:13:42.177+0000] {dag.py:3722} INFO - Setting next_dagrun for example_xcom_args_with_operators to None, run_after=None
[2023-12-20T21:13:42.202+0000] {processor.py:179} INFO - Processing /home/airflow/.local/lib/python3.8/site-packages/airflow/example_dags/example_xcomargs.py took 0.087 seconds
[2023-12-20T21:14:12.405+0000] {processor.py:157} INFO - Started process (PID=696) to work on /home/airflow/.local/lib/python3.8/site-packages/airflow/example_dags/example_xcomargs.py
[2023-12-20T21:14:12.406+0000] {processor.py:829} INFO - Processing file /home/airflow/.local/lib/python3.8/site-packages/airflow/example_dags/example_xcomargs.py for tasks to queue
[2023-12-20T21:14:12.408+0000] {logging_mixin.py:154} INFO - [2023-12-20T21:14:12.408+0000] {dagbag.py:536} INFO - Filling up the DagBag from /home/airflow/.local/lib/python3.8/site-packages/airflow/example_dags/example_xcomargs.py
[2023-12-20T21:14:12.414+0000] {processor.py:839} INFO - DAG(s) dict_keys(['example_xcom_args_with_operators', 'example_xcom_args']) retrieved from /home/airflow/.local/lib/python3.8/site-packages/airflow/example_dags/example_xcomargs.py
[2023-12-20T21:14:12.435+0000] {logging_mixin.py:154} INFO - [2023-12-20T21:14:12.435+0000] {dag.py:2941} INFO - Sync 2 DAGs
[2023-12-20T21:14:12.446+0000] {logging_mixin.py:154} INFO - [2023-12-20T21:14:12.446+0000] {dag.py:3722} INFO - Setting next_dagrun for example_xcom_args to None, run_after=None
[2023-12-20T21:14:12.450+0000] {logging_mixin.py:154} INFO - [2023-12-20T21:14:12.450+0000] {dag.py:3722} INFO - Setting next_dagrun for example_xcom_args_with_operators to None, run_after=None
[2023-12-20T21:14:12.470+0000] {processor.py:179} INFO - Processing /home/airflow/.local/lib/python3.8/site-packages/airflow/example_dags/example_xcomargs.py took 0.069 seconds
[2023-12-20T21:14:43.275+0000] {processor.py:157} INFO - Started process (PID=752) to work on /home/airflow/.local/lib/python3.8/site-packages/airflow/example_dags/example_xcomargs.py
[2023-12-20T21:14:43.276+0000] {processor.py:829} INFO - Processing file /home/airflow/.local/lib/python3.8/site-packages/airflow/example_dags/example_xcomargs.py for tasks to queue
[2023-12-20T21:14:43.278+0000] {logging_mixin.py:154} INFO - [2023-12-20T21:14:43.278+0000] {dagbag.py:536} INFO - Filling up the DagBag from /home/airflow/.local/lib/python3.8/site-packages/airflow/example_dags/example_xcomargs.py
[2023-12-20T21:14:43.284+0000] {processor.py:839} INFO - DAG(s) dict_keys(['example_xcom_args_with_operators', 'example_xcom_args']) retrieved from /home/airflow/.local/lib/python3.8/site-packages/airflow/example_dags/example_xcomargs.py
[2023-12-20T21:14:43.307+0000] {logging_mixin.py:154} INFO - [2023-12-20T21:14:43.307+0000] {dag.py:2941} INFO - Sync 2 DAGs
[2023-12-20T21:14:43.319+0000] {logging_mixin.py:154} INFO - [2023-12-20T21:14:43.318+0000] {dag.py:3722} INFO - Setting next_dagrun for example_xcom_args to None, run_after=None
[2023-12-20T21:14:43.323+0000] {logging_mixin.py:154} INFO - [2023-12-20T21:14:43.323+0000] {dag.py:3722} INFO - Setting next_dagrun for example_xcom_args_with_operators to None, run_after=None
[2023-12-20T21:14:43.343+0000] {processor.py:179} INFO - Processing /home/airflow/.local/lib/python3.8/site-packages/airflow/example_dags/example_xcomargs.py took 0.071 seconds
[2023-12-20T21:15:13.849+0000] {processor.py:157} INFO - Started process (PID=808) to work on /home/airflow/.local/lib/python3.8/site-packages/airflow/example_dags/example_xcomargs.py
[2023-12-20T21:15:13.850+0000] {processor.py:829} INFO - Processing file /home/airflow/.local/lib/python3.8/site-packages/airflow/example_dags/example_xcomargs.py for tasks to queue
[2023-12-20T21:15:13.852+0000] {logging_mixin.py:154} INFO - [2023-12-20T21:15:13.852+0000] {dagbag.py:536} INFO - Filling up the DagBag from /home/airflow/.local/lib/python3.8/site-packages/airflow/example_dags/example_xcomargs.py
[2023-12-20T21:15:13.857+0000] {processor.py:839} INFO - DAG(s) dict_keys(['example_xcom_args', 'example_xcom_args_with_operators']) retrieved from /home/airflow/.local/lib/python3.8/site-packages/airflow/example_dags/example_xcomargs.py
[2023-12-20T21:15:13.879+0000] {logging_mixin.py:154} INFO - [2023-12-20T21:15:13.879+0000] {dag.py:2941} INFO - Sync 2 DAGs
[2023-12-20T21:15:13.890+0000] {logging_mixin.py:154} INFO - [2023-12-20T21:15:13.890+0000] {dag.py:3722} INFO - Setting next_dagrun for example_xcom_args to None, run_after=None
[2023-12-20T21:15:13.894+0000] {logging_mixin.py:154} INFO - [2023-12-20T21:15:13.894+0000] {dag.py:3722} INFO - Setting next_dagrun for example_xcom_args_with_operators to None, run_after=None
[2023-12-20T21:15:13.913+0000] {processor.py:179} INFO - Processing /home/airflow/.local/lib/python3.8/site-packages/airflow/example_dags/example_xcomargs.py took 0.066 seconds
[2023-12-20T21:15:44.373+0000] {processor.py:157} INFO - Started process (PID=864) to work on /home/airflow/.local/lib/python3.8/site-packages/airflow/example_dags/example_xcomargs.py
[2023-12-20T21:15:44.374+0000] {processor.py:829} INFO - Processing file /home/airflow/.local/lib/python3.8/site-packages/airflow/example_dags/example_xcomargs.py for tasks to queue
[2023-12-20T21:15:44.376+0000] {logging_mixin.py:154} INFO - [2023-12-20T21:15:44.375+0000] {dagbag.py:536} INFO - Filling up the DagBag from /home/airflow/.local/lib/python3.8/site-packages/airflow/example_dags/example_xcomargs.py
[2023-12-20T21:15:44.381+0000] {processor.py:839} INFO - DAG(s) dict_keys(['example_xcom_args_with_operators', 'example_xcom_args']) retrieved from /home/airflow/.local/lib/python3.8/site-packages/airflow/example_dags/example_xcomargs.py
[2023-12-20T21:15:44.403+0000] {logging_mixin.py:154} INFO - [2023-12-20T21:15:44.402+0000] {dag.py:2941} INFO - Sync 2 DAGs
[2023-12-20T21:15:44.414+0000] {logging_mixin.py:154} INFO - [2023-12-20T21:15:44.413+0000] {dag.py:3722} INFO - Setting next_dagrun for example_xcom_args to None, run_after=None
[2023-12-20T21:15:44.417+0000] {logging_mixin.py:154} INFO - [2023-12-20T21:15:44.417+0000] {dag.py:3722} INFO - Setting next_dagrun for example_xcom_args_with_operators to None, run_after=None
[2023-12-20T21:15:44.438+0000] {processor.py:179} INFO - Processing /home/airflow/.local/lib/python3.8/site-packages/airflow/example_dags/example_xcomargs.py took 0.067 seconds
[2023-12-20T21:16:14.937+0000] {processor.py:157} INFO - Started process (PID=920) to work on /home/airflow/.local/lib/python3.8/site-packages/airflow/example_dags/example_xcomargs.py
[2023-12-20T21:16:14.938+0000] {processor.py:829} INFO - Processing file /home/airflow/.local/lib/python3.8/site-packages/airflow/example_dags/example_xcomargs.py for tasks to queue
[2023-12-20T21:16:14.939+0000] {logging_mixin.py:154} INFO - [2023-12-20T21:16:14.939+0000] {dagbag.py:536} INFO - Filling up the DagBag from /home/airflow/.local/lib/python3.8/site-packages/airflow/example_dags/example_xcomargs.py
[2023-12-20T21:16:14.945+0000] {processor.py:839} INFO - DAG(s) dict_keys(['example_xcom_args', 'example_xcom_args_with_operators']) retrieved from /home/airflow/.local/lib/python3.8/site-packages/airflow/example_dags/example_xcomargs.py
[2023-12-20T21:16:14.967+0000] {logging_mixin.py:154} INFO - [2023-12-20T21:16:14.967+0000] {dag.py:2941} INFO - Sync 2 DAGs
[2023-12-20T21:16:14.978+0000] {logging_mixin.py:154} INFO - [2023-12-20T21:16:14.978+0000] {dag.py:3722} INFO - Setting next_dagrun for example_xcom_args to None, run_after=None
[2023-12-20T21:16:14.982+0000] {logging_mixin.py:154} INFO - [2023-12-20T21:16:14.982+0000] {dag.py:3722} INFO - Setting next_dagrun for example_xcom_args_with_operators to None, run_after=None
[2023-12-20T21:16:15.002+0000] {processor.py:179} INFO - Processing /home/airflow/.local/lib/python3.8/site-packages/airflow/example_dags/example_xcomargs.py took 0.068 seconds
[2023-12-20T21:16:45.216+0000] {processor.py:157} INFO - Started process (PID=976) to work on /home/airflow/.local/lib/python3.8/site-packages/airflow/example_dags/example_xcomargs.py
[2023-12-20T21:16:45.217+0000] {processor.py:829} INFO - Processing file /home/airflow/.local/lib/python3.8/site-packages/airflow/example_dags/example_xcomargs.py for tasks to queue
[2023-12-20T21:16:45.219+0000] {logging_mixin.py:154} INFO - [2023-12-20T21:16:45.219+0000] {dagbag.py:536} INFO - Filling up the DagBag from /home/airflow/.local/lib/python3.8/site-packages/airflow/example_dags/example_xcomargs.py
[2023-12-20T21:16:45.225+0000] {processor.py:839} INFO - DAG(s) dict_keys(['example_xcom_args', 'example_xcom_args_with_operators']) retrieved from /home/airflow/.local/lib/python3.8/site-packages/airflow/example_dags/example_xcomargs.py
[2023-12-20T21:16:45.247+0000] {logging_mixin.py:154} INFO - [2023-12-20T21:16:45.247+0000] {dag.py:2941} INFO - Sync 2 DAGs
[2023-12-20T21:16:45.258+0000] {logging_mixin.py:154} INFO - [2023-12-20T21:16:45.258+0000] {dag.py:3722} INFO - Setting next_dagrun for example_xcom_args to None, run_after=None
[2023-12-20T21:16:45.262+0000] {logging_mixin.py:154} INFO - [2023-12-20T21:16:45.262+0000] {dag.py:3722} INFO - Setting next_dagrun for example_xcom_args_with_operators to None, run_after=None
[2023-12-20T21:16:45.283+0000] {processor.py:179} INFO - Processing /home/airflow/.local/lib/python3.8/site-packages/airflow/example_dags/example_xcomargs.py took 0.070 seconds
[2023-12-20T21:17:16.207+0000] {processor.py:157} INFO - Started process (PID=1032) to work on /home/airflow/.local/lib/python3.8/site-packages/airflow/example_dags/example_xcomargs.py
[2023-12-20T21:17:16.208+0000] {processor.py:829} INFO - Processing file /home/airflow/.local/lib/python3.8/site-packages/airflow/example_dags/example_xcomargs.py for tasks to queue
[2023-12-20T21:17:16.209+0000] {logging_mixin.py:154} INFO - [2023-12-20T21:17:16.209+0000] {dagbag.py:536} INFO - Filling up the DagBag from /home/airflow/.local/lib/python3.8/site-packages/airflow/example_dags/example_xcomargs.py
[2023-12-20T21:17:16.216+0000] {processor.py:839} INFO - DAG(s) dict_keys(['example_xcom_args', 'example_xcom_args_with_operators']) retrieved from /home/airflow/.local/lib/python3.8/site-packages/airflow/example_dags/example_xcomargs.py
[2023-12-20T21:17:16.237+0000] {logging_mixin.py:154} INFO - [2023-12-20T21:17:16.236+0000] {dag.py:2941} INFO - Sync 2 DAGs
[2023-12-20T21:17:16.247+0000] {logging_mixin.py:154} INFO - [2023-12-20T21:17:16.247+0000] {dag.py:3722} INFO - Setting next_dagrun for example_xcom_args to None, run_after=None
[2023-12-20T21:17:16.251+0000] {logging_mixin.py:154} INFO - [2023-12-20T21:17:16.251+0000] {dag.py:3722} INFO - Setting next_dagrun for example_xcom_args_with_operators to None, run_after=None
[2023-12-20T21:17:16.271+0000] {processor.py:179} INFO - Processing /home/airflow/.local/lib/python3.8/site-packages/airflow/example_dags/example_xcomargs.py took 0.067 seconds
[2023-12-20T21:17:46.584+0000] {processor.py:157} INFO - Started process (PID=1088) to work on /home/airflow/.local/lib/python3.8/site-packages/airflow/example_dags/example_xcomargs.py
[2023-12-20T21:17:46.586+0000] {processor.py:829} INFO - Processing file /home/airflow/.local/lib/python3.8/site-packages/airflow/example_dags/example_xcomargs.py for tasks to queue
[2023-12-20T21:17:46.588+0000] {logging_mixin.py:154} INFO - [2023-12-20T21:17:46.588+0000] {dagbag.py:536} INFO - Filling up the DagBag from /home/airflow/.local/lib/python3.8/site-packages/airflow/example_dags/example_xcomargs.py
[2023-12-20T21:17:46.594+0000] {processor.py:839} INFO - DAG(s) dict_keys(['example_xcom_args', 'example_xcom_args_with_operators']) retrieved from /home/airflow/.local/lib/python3.8/site-packages/airflow/example_dags/example_xcomargs.py
[2023-12-20T21:17:46.618+0000] {logging_mixin.py:154} INFO - [2023-12-20T21:17:46.617+0000] {dag.py:2941} INFO - Sync 2 DAGs
[2023-12-20T21:17:46.629+0000] {logging_mixin.py:154} INFO - [2023-12-20T21:17:46.629+0000] {dag.py:3722} INFO - Setting next_dagrun for example_xcom_args to None, run_after=None
[2023-12-20T21:17:46.634+0000] {logging_mixin.py:154} INFO - [2023-12-20T21:17:46.634+0000] {dag.py:3722} INFO - Setting next_dagrun for example_xcom_args_with_operators to None, run_after=None
[2023-12-20T21:17:46.777+0000] {processor.py:179} INFO - Processing /home/airflow/.local/lib/python3.8/site-packages/airflow/example_dags/example_xcomargs.py took 0.195 seconds
[2023-12-20T21:18:17.570+0000] {processor.py:157} INFO - Started process (PID=1144) to work on /home/airflow/.local/lib/python3.8/site-packages/airflow/example_dags/example_xcomargs.py
[2023-12-20T21:18:17.571+0000] {processor.py:829} INFO - Processing file /home/airflow/.local/lib/python3.8/site-packages/airflow/example_dags/example_xcomargs.py for tasks to queue
[2023-12-20T21:18:17.573+0000] {logging_mixin.py:154} INFO - [2023-12-20T21:18:17.573+0000] {dagbag.py:536} INFO - Filling up the DagBag from /home/airflow/.local/lib/python3.8/site-packages/airflow/example_dags/example_xcomargs.py
[2023-12-20T21:18:17.579+0000] {processor.py:839} INFO - DAG(s) dict_keys(['example_xcom_args', 'example_xcom_args_with_operators']) retrieved from /home/airflow/.local/lib/python3.8/site-packages/airflow/example_dags/example_xcomargs.py
[2023-12-20T21:18:17.600+0000] {logging_mixin.py:154} INFO - [2023-12-20T21:18:17.600+0000] {dag.py:2941} INFO - Sync 2 DAGs
[2023-12-20T21:18:17.611+0000] {logging_mixin.py:154} INFO - [2023-12-20T21:18:17.611+0000] {dag.py:3722} INFO - Setting next_dagrun for example_xcom_args to None, run_after=None
[2023-12-20T21:18:17.615+0000] {logging_mixin.py:154} INFO - [2023-12-20T21:18:17.615+0000] {dag.py:3722} INFO - Setting next_dagrun for example_xcom_args_with_operators to None, run_after=None
[2023-12-20T21:18:17.637+0000] {processor.py:179} INFO - Processing /home/airflow/.local/lib/python3.8/site-packages/airflow/example_dags/example_xcomargs.py took 0.069 seconds
[2023-12-20T21:18:47.955+0000] {processor.py:157} INFO - Started process (PID=1199) to work on /home/airflow/.local/lib/python3.8/site-packages/airflow/example_dags/example_xcomargs.py
[2023-12-20T21:18:47.956+0000] {processor.py:829} INFO - Processing file /home/airflow/.local/lib/python3.8/site-packages/airflow/example_dags/example_xcomargs.py for tasks to queue
[2023-12-20T21:18:47.958+0000] {logging_mixin.py:154} INFO - [2023-12-20T21:18:47.958+0000] {dagbag.py:536} INFO - Filling up the DagBag from /home/airflow/.local/lib/python3.8/site-packages/airflow/example_dags/example_xcomargs.py
[2023-12-20T21:18:47.966+0000] {processor.py:839} INFO - DAG(s) dict_keys(['example_xcom_args', 'example_xcom_args_with_operators']) retrieved from /home/airflow/.local/lib/python3.8/site-packages/airflow/example_dags/example_xcomargs.py
[2023-12-20T21:18:47.987+0000] {logging_mixin.py:154} INFO - [2023-12-20T21:18:47.987+0000] {dag.py:2941} INFO - Sync 2 DAGs
[2023-12-20T21:18:48.003+0000] {logging_mixin.py:154} INFO - [2023-12-20T21:18:48.003+0000] {dag.py:3722} INFO - Setting next_dagrun for example_xcom_args to None, run_after=None
[2023-12-20T21:18:48.007+0000] {logging_mixin.py:154} INFO - [2023-12-20T21:18:48.007+0000] {dag.py:3722} INFO - Setting next_dagrun for example_xcom_args_with_operators to None, run_after=None
[2023-12-20T21:18:48.025+0000] {processor.py:179} INFO - Processing /home/airflow/.local/lib/python3.8/site-packages/airflow/example_dags/example_xcomargs.py took 0.073 seconds
[2023-12-20T21:19:18.441+0000] {processor.py:157} INFO - Started process (PID=1256) to work on /home/airflow/.local/lib/python3.8/site-packages/airflow/example_dags/example_xcomargs.py
[2023-12-20T21:19:18.442+0000] {processor.py:829} INFO - Processing file /home/airflow/.local/lib/python3.8/site-packages/airflow/example_dags/example_xcomargs.py for tasks to queue
[2023-12-20T21:19:18.443+0000] {logging_mixin.py:154} INFO - [2023-12-20T21:19:18.443+0000] {dagbag.py:536} INFO - Filling up the DagBag from /home/airflow/.local/lib/python3.8/site-packages/airflow/example_dags/example_xcomargs.py
[2023-12-20T21:19:18.449+0000] {processor.py:839} INFO - DAG(s) dict_keys(['example_xcom_args_with_operators', 'example_xcom_args']) retrieved from /home/airflow/.local/lib/python3.8/site-packages/airflow/example_dags/example_xcomargs.py
[2023-12-20T21:19:18.471+0000] {logging_mixin.py:154} INFO - [2023-12-20T21:19:18.471+0000] {dag.py:2941} INFO - Sync 2 DAGs
[2023-12-20T21:19:18.482+0000] {logging_mixin.py:154} INFO - [2023-12-20T21:19:18.482+0000] {dag.py:3722} INFO - Setting next_dagrun for example_xcom_args to None, run_after=None
[2023-12-20T21:19:18.486+0000] {logging_mixin.py:154} INFO - [2023-12-20T21:19:18.485+0000] {dag.py:3722} INFO - Setting next_dagrun for example_xcom_args_with_operators to None, run_after=None
[2023-12-20T21:19:18.503+0000] {processor.py:179} INFO - Processing /home/airflow/.local/lib/python3.8/site-packages/airflow/example_dags/example_xcomargs.py took 0.064 seconds
[2023-12-20T21:19:49.448+0000] {processor.py:157} INFO - Started process (PID=1312) to work on /home/airflow/.local/lib/python3.8/site-packages/airflow/example_dags/example_xcomargs.py
[2023-12-20T21:19:49.449+0000] {processor.py:829} INFO - Processing file /home/airflow/.local/lib/python3.8/site-packages/airflow/example_dags/example_xcomargs.py for tasks to queue
[2023-12-20T21:19:49.451+0000] {logging_mixin.py:154} INFO - [2023-12-20T21:19:49.451+0000] {dagbag.py:536} INFO - Filling up the DagBag from /home/airflow/.local/lib/python3.8/site-packages/airflow/example_dags/example_xcomargs.py
[2023-12-20T21:19:49.457+0000] {processor.py:839} INFO - DAG(s) dict_keys(['example_xcom_args', 'example_xcom_args_with_operators']) retrieved from /home/airflow/.local/lib/python3.8/site-packages/airflow/example_dags/example_xcomargs.py
[2023-12-20T21:19:49.479+0000] {logging_mixin.py:154} INFO - [2023-12-20T21:19:49.479+0000] {dag.py:2941} INFO - Sync 2 DAGs
[2023-12-20T21:19:49.630+0000] {logging_mixin.py:154} INFO - [2023-12-20T21:19:49.629+0000] {dag.py:3722} INFO - Setting next_dagrun for example_xcom_args to None, run_after=None
[2023-12-20T21:19:49.634+0000] {logging_mixin.py:154} INFO - [2023-12-20T21:19:49.634+0000] {dag.py:3722} INFO - Setting next_dagrun for example_xcom_args_with_operators to None, run_after=None
[2023-12-20T21:19:49.652+0000] {processor.py:179} INFO - Processing /home/airflow/.local/lib/python3.8/site-packages/airflow/example_dags/example_xcomargs.py took 0.206 seconds
[2023-12-20T21:20:20.035+0000] {processor.py:157} INFO - Started process (PID=1368) to work on /home/airflow/.local/lib/python3.8/site-packages/airflow/example_dags/example_xcomargs.py
[2023-12-20T21:20:20.036+0000] {processor.py:829} INFO - Processing file /home/airflow/.local/lib/python3.8/site-packages/airflow/example_dags/example_xcomargs.py for tasks to queue
[2023-12-20T21:20:20.038+0000] {logging_mixin.py:154} INFO - [2023-12-20T21:20:20.037+0000] {dagbag.py:536} INFO - Filling up the DagBag from /home/airflow/.local/lib/python3.8/site-packages/airflow/example_dags/example_xcomargs.py
[2023-12-20T21:20:20.044+0000] {processor.py:839} INFO - DAG(s) dict_keys(['example_xcom_args', 'example_xcom_args_with_operators']) retrieved from /home/airflow/.local/lib/python3.8/site-packages/airflow/example_dags/example_xcomargs.py
[2023-12-20T21:20:20.067+0000] {logging_mixin.py:154} INFO - [2023-12-20T21:20:20.066+0000] {dag.py:2941} INFO - Sync 2 DAGs
[2023-12-20T21:20:20.078+0000] {logging_mixin.py:154} INFO - [2023-12-20T21:20:20.078+0000] {dag.py:3722} INFO - Setting next_dagrun for example_xcom_args to None, run_after=None
[2023-12-20T21:20:20.082+0000] {logging_mixin.py:154} INFO - [2023-12-20T21:20:20.082+0000] {dag.py:3722} INFO - Setting next_dagrun for example_xcom_args_with_operators to None, run_after=None
[2023-12-20T21:20:20.233+0000] {processor.py:179} INFO - Processing /home/airflow/.local/lib/python3.8/site-packages/airflow/example_dags/example_xcomargs.py took 0.202 seconds
[2023-12-20T21:20:50.440+0000] {processor.py:157} INFO - Started process (PID=1424) to work on /home/airflow/.local/lib/python3.8/site-packages/airflow/example_dags/example_xcomargs.py
[2023-12-20T21:20:50.441+0000] {processor.py:829} INFO - Processing file /home/airflow/.local/lib/python3.8/site-packages/airflow/example_dags/example_xcomargs.py for tasks to queue
[2023-12-20T21:20:50.443+0000] {logging_mixin.py:154} INFO - [2023-12-20T21:20:50.443+0000] {dagbag.py:536} INFO - Filling up the DagBag from /home/airflow/.local/lib/python3.8/site-packages/airflow/example_dags/example_xcomargs.py
[2023-12-20T21:20:50.449+0000] {processor.py:839} INFO - DAG(s) dict_keys(['example_xcom_args_with_operators', 'example_xcom_args']) retrieved from /home/airflow/.local/lib/python3.8/site-packages/airflow/example_dags/example_xcomargs.py
[2023-12-20T21:20:50.473+0000] {logging_mixin.py:154} INFO - [2023-12-20T21:20:50.473+0000] {dag.py:2941} INFO - Sync 2 DAGs
[2023-12-20T21:20:50.486+0000] {logging_mixin.py:154} INFO - [2023-12-20T21:20:50.486+0000] {dag.py:3722} INFO - Setting next_dagrun for example_xcom_args to None, run_after=None
[2023-12-20T21:20:50.490+0000] {logging_mixin.py:154} INFO - [2023-12-20T21:20:50.490+0000] {dag.py:3722} INFO - Setting next_dagrun for example_xcom_args_with_operators to None, run_after=None
[2023-12-20T21:20:50.514+0000] {processor.py:179} INFO - Processing /home/airflow/.local/lib/python3.8/site-packages/airflow/example_dags/example_xcomargs.py took 0.076 seconds
[2023-12-20T21:21:21.804+0000] {processor.py:157} INFO - Started process (PID=1480) to work on /home/airflow/.local/lib/python3.8/site-packages/airflow/example_dags/example_xcomargs.py
[2023-12-20T21:21:21.805+0000] {processor.py:829} INFO - Processing file /home/airflow/.local/lib/python3.8/site-packages/airflow/example_dags/example_xcomargs.py for tasks to queue
[2023-12-20T21:21:21.807+0000] {logging_mixin.py:154} INFO - [2023-12-20T21:21:21.807+0000] {dagbag.py:536} INFO - Filling up the DagBag from /home/airflow/.local/lib/python3.8/site-packages/airflow/example_dags/example_xcomargs.py
[2023-12-20T21:21:21.942+0000] {processor.py:839} INFO - DAG(s) dict_keys(['example_xcom_args_with_operators', 'example_xcom_args']) retrieved from /home/airflow/.local/lib/python3.8/site-packages/airflow/example_dags/example_xcomargs.py
[2023-12-20T21:21:21.961+0000] {logging_mixin.py:154} INFO - [2023-12-20T21:21:21.961+0000] {dag.py:2941} INFO - Sync 2 DAGs
[2023-12-20T21:21:21.972+0000] {logging_mixin.py:154} INFO - [2023-12-20T21:21:21.971+0000] {dag.py:3722} INFO - Setting next_dagrun for example_xcom_args to None, run_after=None
[2023-12-20T21:21:21.975+0000] {logging_mixin.py:154} INFO - [2023-12-20T21:21:21.975+0000] {dag.py:3722} INFO - Setting next_dagrun for example_xcom_args_with_operators to None, run_after=None
[2023-12-20T21:21:21.993+0000] {processor.py:179} INFO - Processing /home/airflow/.local/lib/python3.8/site-packages/airflow/example_dags/example_xcomargs.py took 0.191 seconds
[2023-12-20T21:21:52.941+0000] {processor.py:157} INFO - Started process (PID=1536) to work on /home/airflow/.local/lib/python3.8/site-packages/airflow/example_dags/example_xcomargs.py
[2023-12-20T21:21:52.942+0000] {processor.py:829} INFO - Processing file /home/airflow/.local/lib/python3.8/site-packages/airflow/example_dags/example_xcomargs.py for tasks to queue
[2023-12-20T21:21:52.944+0000] {logging_mixin.py:154} INFO - [2023-12-20T21:21:52.943+0000] {dagbag.py:536} INFO - Filling up the DagBag from /home/airflow/.local/lib/python3.8/site-packages/airflow/example_dags/example_xcomargs.py
[2023-12-20T21:21:52.950+0000] {processor.py:839} INFO - DAG(s) dict_keys(['example_xcom_args', 'example_xcom_args_with_operators']) retrieved from /home/airflow/.local/lib/python3.8/site-packages/airflow/example_dags/example_xcomargs.py
[2023-12-20T21:21:52.974+0000] {logging_mixin.py:154} INFO - [2023-12-20T21:21:52.973+0000] {dag.py:2941} INFO - Sync 2 DAGs
[2023-12-20T21:21:52.985+0000] {logging_mixin.py:154} INFO - [2023-12-20T21:21:52.985+0000] {dag.py:3722} INFO - Setting next_dagrun for example_xcom_args to None, run_after=None
[2023-12-20T21:21:52.989+0000] {logging_mixin.py:154} INFO - [2023-12-20T21:21:52.989+0000] {dag.py:3722} INFO - Setting next_dagrun for example_xcom_args_with_operators to None, run_after=None
[2023-12-20T21:21:53.007+0000] {processor.py:179} INFO - Processing /home/airflow/.local/lib/python3.8/site-packages/airflow/example_dags/example_xcomargs.py took 0.069 seconds
[2023-12-20T21:22:23.306+0000] {processor.py:157} INFO - Started process (PID=1592) to work on /home/airflow/.local/lib/python3.8/site-packages/airflow/example_dags/example_xcomargs.py
[2023-12-20T21:22:23.307+0000] {processor.py:829} INFO - Processing file /home/airflow/.local/lib/python3.8/site-packages/airflow/example_dags/example_xcomargs.py for tasks to queue
[2023-12-20T21:22:23.309+0000] {logging_mixin.py:154} INFO - [2023-12-20T21:22:23.308+0000] {dagbag.py:536} INFO - Filling up the DagBag from /home/airflow/.local/lib/python3.8/site-packages/airflow/example_dags/example_xcomargs.py
[2023-12-20T21:22:23.315+0000] {processor.py:839} INFO - DAG(s) dict_keys(['example_xcom_args_with_operators', 'example_xcom_args']) retrieved from /home/airflow/.local/lib/python3.8/site-packages/airflow/example_dags/example_xcomargs.py
[2023-12-20T21:22:23.338+0000] {logging_mixin.py:154} INFO - [2023-12-20T21:22:23.337+0000] {dag.py:2941} INFO - Sync 2 DAGs
[2023-12-20T21:22:23.350+0000] {logging_mixin.py:154} INFO - [2023-12-20T21:22:23.350+0000] {dag.py:3722} INFO - Setting next_dagrun for example_xcom_args to None, run_after=None
[2023-12-20T21:22:23.354+0000] {logging_mixin.py:154} INFO - [2023-12-20T21:22:23.354+0000] {dag.py:3722} INFO - Setting next_dagrun for example_xcom_args_with_operators to None, run_after=None
[2023-12-20T21:22:23.374+0000] {processor.py:179} INFO - Processing /home/airflow/.local/lib/python3.8/site-packages/airflow/example_dags/example_xcomargs.py took 0.070 seconds
[2023-12-20T21:22:53.623+0000] {processor.py:157} INFO - Started process (PID=1648) to work on /home/airflow/.local/lib/python3.8/site-packages/airflow/example_dags/example_xcomargs.py
[2023-12-20T21:22:53.624+0000] {processor.py:829} INFO - Processing file /home/airflow/.local/lib/python3.8/site-packages/airflow/example_dags/example_xcomargs.py for tasks to queue
[2023-12-20T21:22:53.626+0000] {logging_mixin.py:154} INFO - [2023-12-20T21:22:53.626+0000] {dagbag.py:536} INFO - Filling up the DagBag from /home/airflow/.local/lib/python3.8/site-packages/airflow/example_dags/example_xcomargs.py
[2023-12-20T21:22:53.632+0000] {processor.py:839} INFO - DAG(s) dict_keys(['example_xcom_args_with_operators', 'example_xcom_args']) retrieved from /home/airflow/.local/lib/python3.8/site-packages/airflow/example_dags/example_xcomargs.py
[2023-12-20T21:22:53.655+0000] {logging_mixin.py:154} INFO - [2023-12-20T21:22:53.654+0000] {dag.py:2941} INFO - Sync 2 DAGs
[2023-12-20T21:22:53.667+0000] {logging_mixin.py:154} INFO - [2023-12-20T21:22:53.667+0000] {dag.py:3722} INFO - Setting next_dagrun for example_xcom_args to None, run_after=None
[2023-12-20T21:22:53.671+0000] {logging_mixin.py:154} INFO - [2023-12-20T21:22:53.670+0000] {dag.py:3722} INFO - Setting next_dagrun for example_xcom_args_with_operators to None, run_after=None
[2023-12-20T21:22:53.689+0000] {processor.py:179} INFO - Processing /home/airflow/.local/lib/python3.8/site-packages/airflow/example_dags/example_xcomargs.py took 0.069 seconds
[2023-12-20T21:23:23.920+0000] {processor.py:157} INFO - Started process (PID=1704) to work on /home/airflow/.local/lib/python3.8/site-packages/airflow/example_dags/example_xcomargs.py
[2023-12-20T21:23:23.921+0000] {processor.py:829} INFO - Processing file /home/airflow/.local/lib/python3.8/site-packages/airflow/example_dags/example_xcomargs.py for tasks to queue
[2023-12-20T21:23:23.923+0000] {logging_mixin.py:154} INFO - [2023-12-20T21:23:23.923+0000] {dagbag.py:536} INFO - Filling up the DagBag from /home/airflow/.local/lib/python3.8/site-packages/airflow/example_dags/example_xcomargs.py
[2023-12-20T21:23:23.930+0000] {processor.py:839} INFO - DAG(s) dict_keys(['example_xcom_args', 'example_xcom_args_with_operators']) retrieved from /home/airflow/.local/lib/python3.8/site-packages/airflow/example_dags/example_xcomargs.py
[2023-12-20T21:23:23.952+0000] {logging_mixin.py:154} INFO - [2023-12-20T21:23:23.952+0000] {dag.py:2941} INFO - Sync 2 DAGs
[2023-12-20T21:23:23.963+0000] {logging_mixin.py:154} INFO - [2023-12-20T21:23:23.962+0000] {dag.py:3722} INFO - Setting next_dagrun for example_xcom_args to None, run_after=None
[2023-12-20T21:23:23.966+0000] {logging_mixin.py:154} INFO - [2023-12-20T21:23:23.966+0000] {dag.py:3722} INFO - Setting next_dagrun for example_xcom_args_with_operators to None, run_after=None
[2023-12-20T21:23:23.985+0000] {processor.py:179} INFO - Processing /home/airflow/.local/lib/python3.8/site-packages/airflow/example_dags/example_xcomargs.py took 0.067 seconds
[2023-12-20T21:23:54.335+0000] {processor.py:157} INFO - Started process (PID=1760) to work on /home/airflow/.local/lib/python3.8/site-packages/airflow/example_dags/example_xcomargs.py
[2023-12-20T21:23:54.336+0000] {processor.py:829} INFO - Processing file /home/airflow/.local/lib/python3.8/site-packages/airflow/example_dags/example_xcomargs.py for tasks to queue
[2023-12-20T21:23:54.338+0000] {logging_mixin.py:154} INFO - [2023-12-20T21:23:54.338+0000] {dagbag.py:536} INFO - Filling up the DagBag from /home/airflow/.local/lib/python3.8/site-packages/airflow/example_dags/example_xcomargs.py
[2023-12-20T21:23:54.344+0000] {processor.py:839} INFO - DAG(s) dict_keys(['example_xcom_args_with_operators', 'example_xcom_args']) retrieved from /home/airflow/.local/lib/python3.8/site-packages/airflow/example_dags/example_xcomargs.py
[2023-12-20T21:23:54.366+0000] {logging_mixin.py:154} INFO - [2023-12-20T21:23:54.365+0000] {dag.py:2941} INFO - Sync 2 DAGs
[2023-12-20T21:23:54.376+0000] {logging_mixin.py:154} INFO - [2023-12-20T21:23:54.376+0000] {dag.py:3722} INFO - Setting next_dagrun for example_xcom_args to None, run_after=None
[2023-12-20T21:23:54.380+0000] {logging_mixin.py:154} INFO - [2023-12-20T21:23:54.379+0000] {dag.py:3722} INFO - Setting next_dagrun for example_xcom_args_with_operators to None, run_after=None
[2023-12-20T21:23:54.397+0000] {processor.py:179} INFO - Processing /home/airflow/.local/lib/python3.8/site-packages/airflow/example_dags/example_xcomargs.py took 0.065 seconds
[2023-12-20T21:24:24.746+0000] {processor.py:157} INFO - Started process (PID=1816) to work on /home/airflow/.local/lib/python3.8/site-packages/airflow/example_dags/example_xcomargs.py
[2023-12-20T21:24:24.747+0000] {processor.py:829} INFO - Processing file /home/airflow/.local/lib/python3.8/site-packages/airflow/example_dags/example_xcomargs.py for tasks to queue
[2023-12-20T21:24:24.749+0000] {logging_mixin.py:154} INFO - [2023-12-20T21:24:24.749+0000] {dagbag.py:536} INFO - Filling up the DagBag from /home/airflow/.local/lib/python3.8/site-packages/airflow/example_dags/example_xcomargs.py
[2023-12-20T21:24:24.755+0000] {processor.py:839} INFO - DAG(s) dict_keys(['example_xcom_args', 'example_xcom_args_with_operators']) retrieved from /home/airflow/.local/lib/python3.8/site-packages/airflow/example_dags/example_xcomargs.py
[2023-12-20T21:24:24.778+0000] {logging_mixin.py:154} INFO - [2023-12-20T21:24:24.778+0000] {dag.py:2941} INFO - Sync 2 DAGs
[2023-12-20T21:24:24.790+0000] {logging_mixin.py:154} INFO - [2023-12-20T21:24:24.790+0000] {dag.py:3722} INFO - Setting next_dagrun for example_xcom_args to None, run_after=None
[2023-12-20T21:24:24.794+0000] {logging_mixin.py:154} INFO - [2023-12-20T21:24:24.794+0000] {dag.py:3722} INFO - Setting next_dagrun for example_xcom_args_with_operators to None, run_after=None
[2023-12-20T21:24:24.814+0000] {processor.py:179} INFO - Processing /home/airflow/.local/lib/python3.8/site-packages/airflow/example_dags/example_xcomargs.py took 0.071 seconds
[2023-12-20T21:24:55.091+0000] {processor.py:157} INFO - Started process (PID=1872) to work on /home/airflow/.local/lib/python3.8/site-packages/airflow/example_dags/example_xcomargs.py
[2023-12-20T21:24:55.092+0000] {processor.py:829} INFO - Processing file /home/airflow/.local/lib/python3.8/site-packages/airflow/example_dags/example_xcomargs.py for tasks to queue
[2023-12-20T21:24:55.095+0000] {logging_mixin.py:154} INFO - [2023-12-20T21:24:55.095+0000] {dagbag.py:536} INFO - Filling up the DagBag from /home/airflow/.local/lib/python3.8/site-packages/airflow/example_dags/example_xcomargs.py
[2023-12-20T21:24:55.101+0000] {processor.py:839} INFO - DAG(s) dict_keys(['example_xcom_args_with_operators', 'example_xcom_args']) retrieved from /home/airflow/.local/lib/python3.8/site-packages/airflow/example_dags/example_xcomargs.py
[2023-12-20T21:24:55.126+0000] {logging_mixin.py:154} INFO - [2023-12-20T21:24:55.126+0000] {dag.py:2941} INFO - Sync 2 DAGs
[2023-12-20T21:24:55.140+0000] {logging_mixin.py:154} INFO - [2023-12-20T21:24:55.140+0000] {dag.py:3722} INFO - Setting next_dagrun for example_xcom_args to None, run_after=None
[2023-12-20T21:24:55.145+0000] {logging_mixin.py:154} INFO - [2023-12-20T21:24:55.144+0000] {dag.py:3722} INFO - Setting next_dagrun for example_xcom_args_with_operators to None, run_after=None
[2023-12-20T21:24:55.166+0000] {processor.py:179} INFO - Processing /home/airflow/.local/lib/python3.8/site-packages/airflow/example_dags/example_xcomargs.py took 0.077 seconds
[2023-12-20T21:25:25.424+0000] {processor.py:157} INFO - Started process (PID=1928) to work on /home/airflow/.local/lib/python3.8/site-packages/airflow/example_dags/example_xcomargs.py
[2023-12-20T21:25:25.425+0000] {processor.py:829} INFO - Processing file /home/airflow/.local/lib/python3.8/site-packages/airflow/example_dags/example_xcomargs.py for tasks to queue
[2023-12-20T21:25:25.427+0000] {logging_mixin.py:154} INFO - [2023-12-20T21:25:25.427+0000] {dagbag.py:536} INFO - Filling up the DagBag from /home/airflow/.local/lib/python3.8/site-packages/airflow/example_dags/example_xcomargs.py
[2023-12-20T21:25:25.434+0000] {processor.py:839} INFO - DAG(s) dict_keys(['example_xcom_args_with_operators', 'example_xcom_args']) retrieved from /home/airflow/.local/lib/python3.8/site-packages/airflow/example_dags/example_xcomargs.py
[2023-12-20T21:25:25.456+0000] {logging_mixin.py:154} INFO - [2023-12-20T21:25:25.455+0000] {dag.py:2941} INFO - Sync 2 DAGs
[2023-12-20T21:25:25.467+0000] {logging_mixin.py:154} INFO - [2023-12-20T21:25:25.467+0000] {dag.py:3722} INFO - Setting next_dagrun for example_xcom_args to None, run_after=None
[2023-12-20T21:25:25.471+0000] {logging_mixin.py:154} INFO - [2023-12-20T21:25:25.471+0000] {dag.py:3722} INFO - Setting next_dagrun for example_xcom_args_with_operators to None, run_after=None
[2023-12-20T21:25:25.490+0000] {processor.py:179} INFO - Processing /home/airflow/.local/lib/python3.8/site-packages/airflow/example_dags/example_xcomargs.py took 0.067 seconds
[2023-12-20T21:25:55.831+0000] {processor.py:157} INFO - Started process (PID=1984) to work on /home/airflow/.local/lib/python3.8/site-packages/airflow/example_dags/example_xcomargs.py
[2023-12-20T21:25:55.832+0000] {processor.py:829} INFO - Processing file /home/airflow/.local/lib/python3.8/site-packages/airflow/example_dags/example_xcomargs.py for tasks to queue
[2023-12-20T21:25:55.834+0000] {logging_mixin.py:154} INFO - [2023-12-20T21:25:55.834+0000] {dagbag.py:536} INFO - Filling up the DagBag from /home/airflow/.local/lib/python3.8/site-packages/airflow/example_dags/example_xcomargs.py
[2023-12-20T21:25:55.840+0000] {processor.py:839} INFO - DAG(s) dict_keys(['example_xcom_args_with_operators', 'example_xcom_args']) retrieved from /home/airflow/.local/lib/python3.8/site-packages/airflow/example_dags/example_xcomargs.py
[2023-12-20T21:25:55.863+0000] {logging_mixin.py:154} INFO - [2023-12-20T21:25:55.863+0000] {dag.py:2941} INFO - Sync 2 DAGs
[2023-12-20T21:25:55.875+0000] {logging_mixin.py:154} INFO - [2023-12-20T21:25:55.874+0000] {dag.py:3722} INFO - Setting next_dagrun for example_xcom_args to None, run_after=None
[2023-12-20T21:25:55.878+0000] {logging_mixin.py:154} INFO - [2023-12-20T21:25:55.878+0000] {dag.py:3722} INFO - Setting next_dagrun for example_xcom_args_with_operators to None, run_after=None
[2023-12-20T21:25:55.897+0000] {processor.py:179} INFO - Processing /home/airflow/.local/lib/python3.8/site-packages/airflow/example_dags/example_xcomargs.py took 0.068 seconds
[2023-12-20T21:26:26.348+0000] {processor.py:157} INFO - Started process (PID=2040) to work on /home/airflow/.local/lib/python3.8/site-packages/airflow/example_dags/example_xcomargs.py
[2023-12-20T21:26:26.350+0000] {processor.py:829} INFO - Processing file /home/airflow/.local/lib/python3.8/site-packages/airflow/example_dags/example_xcomargs.py for tasks to queue
[2023-12-20T21:26:26.352+0000] {logging_mixin.py:154} INFO - [2023-12-20T21:26:26.352+0000] {dagbag.py:536} INFO - Filling up the DagBag from /home/airflow/.local/lib/python3.8/site-packages/airflow/example_dags/example_xcomargs.py
[2023-12-20T21:26:26.358+0000] {processor.py:839} INFO - DAG(s) dict_keys(['example_xcom_args_with_operators', 'example_xcom_args']) retrieved from /home/airflow/.local/lib/python3.8/site-packages/airflow/example_dags/example_xcomargs.py
[2023-12-20T21:26:26.382+0000] {logging_mixin.py:154} INFO - [2023-12-20T21:26:26.382+0000] {dag.py:2941} INFO - Sync 2 DAGs
[2023-12-20T21:26:26.403+0000] {logging_mixin.py:154} INFO - [2023-12-20T21:26:26.402+0000] {dag.py:3722} INFO - Setting next_dagrun for example_xcom_args to None, run_after=None
[2023-12-20T21:26:26.408+0000] {logging_mixin.py:154} INFO - [2023-12-20T21:26:26.408+0000] {dag.py:3722} INFO - Setting next_dagrun for example_xcom_args_with_operators to None, run_after=None
[2023-12-20T21:26:26.431+0000] {processor.py:179} INFO - Processing /home/airflow/.local/lib/python3.8/site-packages/airflow/example_dags/example_xcomargs.py took 0.085 seconds
