[2023-12-20T21:08:33.769+0000] {processor.py:157} INFO - Started process (PID=47) to work on /home/airflow/.local/lib/python3.8/site-packages/airflow/example_dags/example_skip_dag.py
[2023-12-20T21:08:33.771+0000] {processor.py:829} INFO - Processing file /home/airflow/.local/lib/python3.8/site-packages/airflow/example_dags/example_skip_dag.py for tasks to queue
[2023-12-20T21:08:33.773+0000] {logging_mixin.py:154} INFO - [2023-12-20T21:08:33.773+0000] {dagbag.py:536} INFO - Filling up the DagBag from /home/airflow/.local/lib/python3.8/site-packages/airflow/example_dags/example_skip_dag.py
[2023-12-20T21:08:33.782+0000] {processor.py:839} INFO - DAG(s) dict_keys(['example_skip_dag']) retrieved from /home/airflow/.local/lib/python3.8/site-packages/airflow/example_dags/example_skip_dag.py
[2023-12-20T21:08:33.795+0000] {logging_mixin.py:154} INFO - [2023-12-20T21:08:33.795+0000] {dag.py:2941} INFO - Sync 1 DAGs
[2023-12-20T21:08:33.817+0000] {logging_mixin.py:154} INFO - [2023-12-20T21:08:33.817+0000] {dag.py:3722} INFO - Setting next_dagrun for example_skip_dag to 2023-12-19T21:08:33.817032+00:00, run_after=2023-12-20T21:08:33.817032+00:00
[2023-12-20T21:08:33.838+0000] {processor.py:179} INFO - Processing /home/airflow/.local/lib/python3.8/site-packages/airflow/example_dags/example_skip_dag.py took 0.071 seconds
[2023-12-20T21:09:04.083+0000] {processor.py:157} INFO - Started process (PID=103) to work on /home/airflow/.local/lib/python3.8/site-packages/airflow/example_dags/example_skip_dag.py
[2023-12-20T21:09:04.084+0000] {processor.py:829} INFO - Processing file /home/airflow/.local/lib/python3.8/site-packages/airflow/example_dags/example_skip_dag.py for tasks to queue
[2023-12-20T21:09:04.087+0000] {logging_mixin.py:154} INFO - [2023-12-20T21:09:04.086+0000] {dagbag.py:536} INFO - Filling up the DagBag from /home/airflow/.local/lib/python3.8/site-packages/airflow/example_dags/example_skip_dag.py
[2023-12-20T21:09:04.092+0000] {processor.py:839} INFO - DAG(s) dict_keys(['example_skip_dag']) retrieved from /home/airflow/.local/lib/python3.8/site-packages/airflow/example_dags/example_skip_dag.py
[2023-12-20T21:09:04.113+0000] {logging_mixin.py:154} INFO - [2023-12-20T21:09:04.113+0000] {dag.py:2941} INFO - Sync 1 DAGs
[2023-12-20T21:09:04.136+0000] {logging_mixin.py:154} INFO - [2023-12-20T21:09:04.136+0000] {dag.py:3722} INFO - Setting next_dagrun for example_skip_dag to 2023-12-19T21:09:04.136346+00:00, run_after=2023-12-20T21:09:04.136346+00:00
[2023-12-20T21:09:04.159+0000] {processor.py:179} INFO - Processing /home/airflow/.local/lib/python3.8/site-packages/airflow/example_dags/example_skip_dag.py took 0.078 seconds
[2023-12-20T21:09:35.071+0000] {processor.py:157} INFO - Started process (PID=159) to work on /home/airflow/.local/lib/python3.8/site-packages/airflow/example_dags/example_skip_dag.py
[2023-12-20T21:09:35.072+0000] {processor.py:829} INFO - Processing file /home/airflow/.local/lib/python3.8/site-packages/airflow/example_dags/example_skip_dag.py for tasks to queue
[2023-12-20T21:09:35.074+0000] {logging_mixin.py:154} INFO - [2023-12-20T21:09:35.074+0000] {dagbag.py:536} INFO - Filling up the DagBag from /home/airflow/.local/lib/python3.8/site-packages/airflow/example_dags/example_skip_dag.py
[2023-12-20T21:09:35.079+0000] {processor.py:839} INFO - DAG(s) dict_keys(['example_skip_dag']) retrieved from /home/airflow/.local/lib/python3.8/site-packages/airflow/example_dags/example_skip_dag.py
[2023-12-20T21:09:35.099+0000] {logging_mixin.py:154} INFO - [2023-12-20T21:09:35.098+0000] {dag.py:2941} INFO - Sync 1 DAGs
[2023-12-20T21:09:35.119+0000] {logging_mixin.py:154} INFO - [2023-12-20T21:09:35.119+0000] {dag.py:3722} INFO - Setting next_dagrun for example_skip_dag to 2023-12-19T21:09:35.118961+00:00, run_after=2023-12-20T21:09:35.118961+00:00
[2023-12-20T21:09:35.141+0000] {processor.py:179} INFO - Processing /home/airflow/.local/lib/python3.8/site-packages/airflow/example_dags/example_skip_dag.py took 0.072 seconds
[2023-12-20T21:10:05.537+0000] {processor.py:157} INFO - Started process (PID=215) to work on /home/airflow/.local/lib/python3.8/site-packages/airflow/example_dags/example_skip_dag.py
[2023-12-20T21:10:05.538+0000] {processor.py:829} INFO - Processing file /home/airflow/.local/lib/python3.8/site-packages/airflow/example_dags/example_skip_dag.py for tasks to queue
[2023-12-20T21:10:05.540+0000] {logging_mixin.py:154} INFO - [2023-12-20T21:10:05.540+0000] {dagbag.py:536} INFO - Filling up the DagBag from /home/airflow/.local/lib/python3.8/site-packages/airflow/example_dags/example_skip_dag.py
[2023-12-20T21:10:05.545+0000] {processor.py:839} INFO - DAG(s) dict_keys(['example_skip_dag']) retrieved from /home/airflow/.local/lib/python3.8/site-packages/airflow/example_dags/example_skip_dag.py
[2023-12-20T21:10:05.564+0000] {logging_mixin.py:154} INFO - [2023-12-20T21:10:05.563+0000] {dag.py:2941} INFO - Sync 1 DAGs
[2023-12-20T21:10:05.583+0000] {logging_mixin.py:154} INFO - [2023-12-20T21:10:05.583+0000] {dag.py:3722} INFO - Setting next_dagrun for example_skip_dag to 2023-12-19T21:10:05.583045+00:00, run_after=2023-12-20T21:10:05.583045+00:00
[2023-12-20T21:10:05.602+0000] {processor.py:179} INFO - Processing /home/airflow/.local/lib/python3.8/site-packages/airflow/example_dags/example_skip_dag.py took 0.068 seconds
[2023-12-20T21:10:35.722+0000] {processor.py:157} INFO - Started process (PID=271) to work on /home/airflow/.local/lib/python3.8/site-packages/airflow/example_dags/example_skip_dag.py
[2023-12-20T21:10:35.723+0000] {processor.py:829} INFO - Processing file /home/airflow/.local/lib/python3.8/site-packages/airflow/example_dags/example_skip_dag.py for tasks to queue
[2023-12-20T21:10:35.726+0000] {logging_mixin.py:154} INFO - [2023-12-20T21:10:35.725+0000] {dagbag.py:536} INFO - Filling up the DagBag from /home/airflow/.local/lib/python3.8/site-packages/airflow/example_dags/example_skip_dag.py
[2023-12-20T21:10:35.731+0000] {processor.py:839} INFO - DAG(s) dict_keys(['example_skip_dag']) retrieved from /home/airflow/.local/lib/python3.8/site-packages/airflow/example_dags/example_skip_dag.py
[2023-12-20T21:10:35.752+0000] {logging_mixin.py:154} INFO - [2023-12-20T21:10:35.751+0000] {dag.py:2941} INFO - Sync 1 DAGs
[2023-12-20T21:10:35.775+0000] {logging_mixin.py:154} INFO - [2023-12-20T21:10:35.775+0000] {dag.py:3722} INFO - Setting next_dagrun for example_skip_dag to 2023-12-19T21:10:35.774632+00:00, run_after=2023-12-20T21:10:35.774632+00:00
[2023-12-20T21:10:35.798+0000] {processor.py:179} INFO - Processing /home/airflow/.local/lib/python3.8/site-packages/airflow/example_dags/example_skip_dag.py took 0.078 seconds
[2023-12-20T21:11:05.875+0000] {processor.py:157} INFO - Started process (PID=327) to work on /home/airflow/.local/lib/python3.8/site-packages/airflow/example_dags/example_skip_dag.py
[2023-12-20T21:11:05.876+0000] {processor.py:829} INFO - Processing file /home/airflow/.local/lib/python3.8/site-packages/airflow/example_dags/example_skip_dag.py for tasks to queue
[2023-12-20T21:11:05.878+0000] {logging_mixin.py:154} INFO - [2023-12-20T21:11:05.878+0000] {dagbag.py:536} INFO - Filling up the DagBag from /home/airflow/.local/lib/python3.8/site-packages/airflow/example_dags/example_skip_dag.py
[2023-12-20T21:11:05.883+0000] {processor.py:839} INFO - DAG(s) dict_keys(['example_skip_dag']) retrieved from /home/airflow/.local/lib/python3.8/site-packages/airflow/example_dags/example_skip_dag.py
[2023-12-20T21:11:05.901+0000] {logging_mixin.py:154} INFO - [2023-12-20T21:11:05.900+0000] {dag.py:2941} INFO - Sync 1 DAGs
[2023-12-20T21:11:05.922+0000] {logging_mixin.py:154} INFO - [2023-12-20T21:11:05.922+0000] {dag.py:3722} INFO - Setting next_dagrun for example_skip_dag to 2023-12-19T21:11:05.922104+00:00, run_after=2023-12-20T21:11:05.922104+00:00
[2023-12-20T21:11:05.947+0000] {processor.py:179} INFO - Processing /home/airflow/.local/lib/python3.8/site-packages/airflow/example_dags/example_skip_dag.py took 0.075 seconds
[2023-12-20T21:11:36.039+0000] {processor.py:157} INFO - Started process (PID=382) to work on /home/airflow/.local/lib/python3.8/site-packages/airflow/example_dags/example_skip_dag.py
[2023-12-20T21:11:36.040+0000] {processor.py:829} INFO - Processing file /home/airflow/.local/lib/python3.8/site-packages/airflow/example_dags/example_skip_dag.py for tasks to queue
[2023-12-20T21:11:36.042+0000] {logging_mixin.py:154} INFO - [2023-12-20T21:11:36.042+0000] {dagbag.py:536} INFO - Filling up the DagBag from /home/airflow/.local/lib/python3.8/site-packages/airflow/example_dags/example_skip_dag.py
[2023-12-20T21:11:36.047+0000] {processor.py:839} INFO - DAG(s) dict_keys(['example_skip_dag']) retrieved from /home/airflow/.local/lib/python3.8/site-packages/airflow/example_dags/example_skip_dag.py
[2023-12-20T21:11:36.065+0000] {logging_mixin.py:154} INFO - [2023-12-20T21:11:36.065+0000] {dag.py:2941} INFO - Sync 1 DAGs
[2023-12-20T21:11:36.084+0000] {logging_mixin.py:154} INFO - [2023-12-20T21:11:36.083+0000] {dag.py:3722} INFO - Setting next_dagrun for example_skip_dag to 2023-12-19T21:11:36.083650+00:00, run_after=2023-12-20T21:11:36.083650+00:00
[2023-12-20T21:11:36.103+0000] {processor.py:179} INFO - Processing /home/airflow/.local/lib/python3.8/site-packages/airflow/example_dags/example_skip_dag.py took 0.066 seconds
[2023-12-20T21:12:06.680+0000] {processor.py:157} INFO - Started process (PID=439) to work on /home/airflow/.local/lib/python3.8/site-packages/airflow/example_dags/example_skip_dag.py
[2023-12-20T21:12:06.681+0000] {processor.py:829} INFO - Processing file /home/airflow/.local/lib/python3.8/site-packages/airflow/example_dags/example_skip_dag.py for tasks to queue
[2023-12-20T21:12:06.684+0000] {logging_mixin.py:154} INFO - [2023-12-20T21:12:06.683+0000] {dagbag.py:536} INFO - Filling up the DagBag from /home/airflow/.local/lib/python3.8/site-packages/airflow/example_dags/example_skip_dag.py
[2023-12-20T21:12:06.690+0000] {processor.py:839} INFO - DAG(s) dict_keys(['example_skip_dag']) retrieved from /home/airflow/.local/lib/python3.8/site-packages/airflow/example_dags/example_skip_dag.py
[2023-12-20T21:12:06.711+0000] {logging_mixin.py:154} INFO - [2023-12-20T21:12:06.711+0000] {dag.py:2941} INFO - Sync 1 DAGs
[2023-12-20T21:12:06.732+0000] {logging_mixin.py:154} INFO - [2023-12-20T21:12:06.732+0000] {dag.py:3722} INFO - Setting next_dagrun for example_skip_dag to 2023-12-19T21:12:06.732422+00:00, run_after=2023-12-20T21:12:06.732422+00:00
[2023-12-20T21:12:06.756+0000] {processor.py:179} INFO - Processing /home/airflow/.local/lib/python3.8/site-packages/airflow/example_dags/example_skip_dag.py took 0.079 seconds
[2023-12-20T21:12:37.080+0000] {processor.py:157} INFO - Started process (PID=495) to work on /home/airflow/.local/lib/python3.8/site-packages/airflow/example_dags/example_skip_dag.py
[2023-12-20T21:12:37.081+0000] {processor.py:829} INFO - Processing file /home/airflow/.local/lib/python3.8/site-packages/airflow/example_dags/example_skip_dag.py for tasks to queue
[2023-12-20T21:12:37.083+0000] {logging_mixin.py:154} INFO - [2023-12-20T21:12:37.083+0000] {dagbag.py:536} INFO - Filling up the DagBag from /home/airflow/.local/lib/python3.8/site-packages/airflow/example_dags/example_skip_dag.py
[2023-12-20T21:12:37.088+0000] {processor.py:839} INFO - DAG(s) dict_keys(['example_skip_dag']) retrieved from /home/airflow/.local/lib/python3.8/site-packages/airflow/example_dags/example_skip_dag.py
[2023-12-20T21:12:37.108+0000] {logging_mixin.py:154} INFO - [2023-12-20T21:12:37.108+0000] {dag.py:2941} INFO - Sync 1 DAGs
[2023-12-20T21:12:37.132+0000] {logging_mixin.py:154} INFO - [2023-12-20T21:12:37.132+0000] {dag.py:3722} INFO - Setting next_dagrun for example_skip_dag to 2023-12-19T21:12:37.132010+00:00, run_after=2023-12-20T21:12:37.132010+00:00
[2023-12-20T21:12:37.154+0000] {processor.py:179} INFO - Processing /home/airflow/.local/lib/python3.8/site-packages/airflow/example_dags/example_skip_dag.py took 0.076 seconds
[2023-12-20T21:13:07.354+0000] {processor.py:157} INFO - Started process (PID=551) to work on /home/airflow/.local/lib/python3.8/site-packages/airflow/example_dags/example_skip_dag.py
[2023-12-20T21:13:07.355+0000] {processor.py:829} INFO - Processing file /home/airflow/.local/lib/python3.8/site-packages/airflow/example_dags/example_skip_dag.py for tasks to queue
[2023-12-20T21:13:07.357+0000] {logging_mixin.py:154} INFO - [2023-12-20T21:13:07.357+0000] {dagbag.py:536} INFO - Filling up the DagBag from /home/airflow/.local/lib/python3.8/site-packages/airflow/example_dags/example_skip_dag.py
[2023-12-20T21:13:07.362+0000] {processor.py:839} INFO - DAG(s) dict_keys(['example_skip_dag']) retrieved from /home/airflow/.local/lib/python3.8/site-packages/airflow/example_dags/example_skip_dag.py
[2023-12-20T21:13:07.379+0000] {logging_mixin.py:154} INFO - [2023-12-20T21:13:07.379+0000] {dag.py:2941} INFO - Sync 1 DAGs
[2023-12-20T21:13:07.397+0000] {logging_mixin.py:154} INFO - [2023-12-20T21:13:07.396+0000] {dag.py:3722} INFO - Setting next_dagrun for example_skip_dag to 2023-12-19T21:13:07.396731+00:00, run_after=2023-12-20T21:13:07.396731+00:00
[2023-12-20T21:13:07.415+0000] {processor.py:179} INFO - Processing /home/airflow/.local/lib/python3.8/site-packages/airflow/example_dags/example_skip_dag.py took 0.063 seconds
[2023-12-20T21:13:38.249+0000] {processor.py:157} INFO - Started process (PID=607) to work on /home/airflow/.local/lib/python3.8/site-packages/airflow/example_dags/example_skip_dag.py
[2023-12-20T21:13:38.250+0000] {processor.py:829} INFO - Processing file /home/airflow/.local/lib/python3.8/site-packages/airflow/example_dags/example_skip_dag.py for tasks to queue
[2023-12-20T21:13:38.252+0000] {logging_mixin.py:154} INFO - [2023-12-20T21:13:38.252+0000] {dagbag.py:536} INFO - Filling up the DagBag from /home/airflow/.local/lib/python3.8/site-packages/airflow/example_dags/example_skip_dag.py
[2023-12-20T21:13:38.258+0000] {processor.py:839} INFO - DAG(s) dict_keys(['example_skip_dag']) retrieved from /home/airflow/.local/lib/python3.8/site-packages/airflow/example_dags/example_skip_dag.py
[2023-12-20T21:13:38.279+0000] {logging_mixin.py:154} INFO - [2023-12-20T21:13:38.278+0000] {dag.py:2941} INFO - Sync 1 DAGs
[2023-12-20T21:13:38.299+0000] {logging_mixin.py:154} INFO - [2023-12-20T21:13:38.299+0000] {dag.py:3722} INFO - Setting next_dagrun for example_skip_dag to 2023-12-19T21:13:38.298854+00:00, run_after=2023-12-20T21:13:38.298854+00:00
[2023-12-20T21:13:38.319+0000] {processor.py:179} INFO - Processing /home/airflow/.local/lib/python3.8/site-packages/airflow/example_dags/example_skip_dag.py took 0.073 seconds
[2023-12-20T21:14:08.412+0000] {processor.py:157} INFO - Started process (PID=663) to work on /home/airflow/.local/lib/python3.8/site-packages/airflow/example_dags/example_skip_dag.py
[2023-12-20T21:14:08.413+0000] {processor.py:829} INFO - Processing file /home/airflow/.local/lib/python3.8/site-packages/airflow/example_dags/example_skip_dag.py for tasks to queue
[2023-12-20T21:14:08.415+0000] {logging_mixin.py:154} INFO - [2023-12-20T21:14:08.415+0000] {dagbag.py:536} INFO - Filling up the DagBag from /home/airflow/.local/lib/python3.8/site-packages/airflow/example_dags/example_skip_dag.py
[2023-12-20T21:14:08.420+0000] {processor.py:839} INFO - DAG(s) dict_keys(['example_skip_dag']) retrieved from /home/airflow/.local/lib/python3.8/site-packages/airflow/example_dags/example_skip_dag.py
[2023-12-20T21:14:08.439+0000] {logging_mixin.py:154} INFO - [2023-12-20T21:14:08.438+0000] {dag.py:2941} INFO - Sync 1 DAGs
[2023-12-20T21:14:08.460+0000] {logging_mixin.py:154} INFO - [2023-12-20T21:14:08.459+0000] {dag.py:3722} INFO - Setting next_dagrun for example_skip_dag to 2023-12-19T21:14:08.459639+00:00, run_after=2023-12-20T21:14:08.459639+00:00
[2023-12-20T21:14:08.483+0000] {processor.py:179} INFO - Processing /home/airflow/.local/lib/python3.8/site-packages/airflow/example_dags/example_skip_dag.py took 0.073 seconds
[2023-12-20T21:14:38.542+0000] {processor.py:157} INFO - Started process (PID=718) to work on /home/airflow/.local/lib/python3.8/site-packages/airflow/example_dags/example_skip_dag.py
[2023-12-20T21:14:38.543+0000] {processor.py:829} INFO - Processing file /home/airflow/.local/lib/python3.8/site-packages/airflow/example_dags/example_skip_dag.py for tasks to queue
[2023-12-20T21:14:38.545+0000] {logging_mixin.py:154} INFO - [2023-12-20T21:14:38.545+0000] {dagbag.py:536} INFO - Filling up the DagBag from /home/airflow/.local/lib/python3.8/site-packages/airflow/example_dags/example_skip_dag.py
[2023-12-20T21:14:38.551+0000] {processor.py:839} INFO - DAG(s) dict_keys(['example_skip_dag']) retrieved from /home/airflow/.local/lib/python3.8/site-packages/airflow/example_dags/example_skip_dag.py
[2023-12-20T21:14:38.570+0000] {logging_mixin.py:154} INFO - [2023-12-20T21:14:38.569+0000] {dag.py:2941} INFO - Sync 1 DAGs
[2023-12-20T21:14:38.587+0000] {logging_mixin.py:154} INFO - [2023-12-20T21:14:38.586+0000] {dag.py:3722} INFO - Setting next_dagrun for example_skip_dag to 2023-12-19T21:14:38.586792+00:00, run_after=2023-12-20T21:14:38.586792+00:00
[2023-12-20T21:14:38.604+0000] {processor.py:179} INFO - Processing /home/airflow/.local/lib/python3.8/site-packages/airflow/example_dags/example_skip_dag.py took 0.064 seconds
[2023-12-20T21:15:08.954+0000] {processor.py:157} INFO - Started process (PID=774) to work on /home/airflow/.local/lib/python3.8/site-packages/airflow/example_dags/example_skip_dag.py
[2023-12-20T21:15:08.955+0000] {processor.py:829} INFO - Processing file /home/airflow/.local/lib/python3.8/site-packages/airflow/example_dags/example_skip_dag.py for tasks to queue
[2023-12-20T21:15:08.957+0000] {logging_mixin.py:154} INFO - [2023-12-20T21:15:08.957+0000] {dagbag.py:536} INFO - Filling up the DagBag from /home/airflow/.local/lib/python3.8/site-packages/airflow/example_dags/example_skip_dag.py
[2023-12-20T21:15:08.962+0000] {processor.py:839} INFO - DAG(s) dict_keys(['example_skip_dag']) retrieved from /home/airflow/.local/lib/python3.8/site-packages/airflow/example_dags/example_skip_dag.py
[2023-12-20T21:15:08.979+0000] {logging_mixin.py:154} INFO - [2023-12-20T21:15:08.979+0000] {dag.py:2941} INFO - Sync 1 DAGs
[2023-12-20T21:15:08.998+0000] {logging_mixin.py:154} INFO - [2023-12-20T21:15:08.998+0000] {dag.py:3722} INFO - Setting next_dagrun for example_skip_dag to 2023-12-19T21:15:08.998311+00:00, run_after=2023-12-20T21:15:08.998311+00:00
[2023-12-20T21:15:09.017+0000] {processor.py:179} INFO - Processing /home/airflow/.local/lib/python3.8/site-packages/airflow/example_dags/example_skip_dag.py took 0.065 seconds
[2023-12-20T21:15:39.585+0000] {processor.py:157} INFO - Started process (PID=830) to work on /home/airflow/.local/lib/python3.8/site-packages/airflow/example_dags/example_skip_dag.py
[2023-12-20T21:15:39.586+0000] {processor.py:829} INFO - Processing file /home/airflow/.local/lib/python3.8/site-packages/airflow/example_dags/example_skip_dag.py for tasks to queue
[2023-12-20T21:15:39.587+0000] {logging_mixin.py:154} INFO - [2023-12-20T21:15:39.587+0000] {dagbag.py:536} INFO - Filling up the DagBag from /home/airflow/.local/lib/python3.8/site-packages/airflow/example_dags/example_skip_dag.py
[2023-12-20T21:15:39.592+0000] {processor.py:839} INFO - DAG(s) dict_keys(['example_skip_dag']) retrieved from /home/airflow/.local/lib/python3.8/site-packages/airflow/example_dags/example_skip_dag.py
[2023-12-20T21:15:39.608+0000] {logging_mixin.py:154} INFO - [2023-12-20T21:15:39.608+0000] {dag.py:2941} INFO - Sync 1 DAGs
[2023-12-20T21:15:39.626+0000] {logging_mixin.py:154} INFO - [2023-12-20T21:15:39.625+0000] {dag.py:3722} INFO - Setting next_dagrun for example_skip_dag to 2023-12-19T21:15:39.625687+00:00, run_after=2023-12-20T21:15:39.625687+00:00
[2023-12-20T21:15:39.643+0000] {processor.py:179} INFO - Processing /home/airflow/.local/lib/python3.8/site-packages/airflow/example_dags/example_skip_dag.py took 0.060 seconds
[2023-12-20T21:16:10.041+0000] {processor.py:157} INFO - Started process (PID=886) to work on /home/airflow/.local/lib/python3.8/site-packages/airflow/example_dags/example_skip_dag.py
[2023-12-20T21:16:10.041+0000] {processor.py:829} INFO - Processing file /home/airflow/.local/lib/python3.8/site-packages/airflow/example_dags/example_skip_dag.py for tasks to queue
[2023-12-20T21:16:10.043+0000] {logging_mixin.py:154} INFO - [2023-12-20T21:16:10.043+0000] {dagbag.py:536} INFO - Filling up the DagBag from /home/airflow/.local/lib/python3.8/site-packages/airflow/example_dags/example_skip_dag.py
[2023-12-20T21:16:10.048+0000] {processor.py:839} INFO - DAG(s) dict_keys(['example_skip_dag']) retrieved from /home/airflow/.local/lib/python3.8/site-packages/airflow/example_dags/example_skip_dag.py
[2023-12-20T21:16:10.065+0000] {logging_mixin.py:154} INFO - [2023-12-20T21:16:10.065+0000] {dag.py:2941} INFO - Sync 1 DAGs
[2023-12-20T21:16:10.083+0000] {logging_mixin.py:154} INFO - [2023-12-20T21:16:10.083+0000] {dag.py:3722} INFO - Setting next_dagrun for example_skip_dag to 2023-12-19T21:16:10.083238+00:00, run_after=2023-12-20T21:16:10.083238+00:00
[2023-12-20T21:16:10.101+0000] {processor.py:179} INFO - Processing /home/airflow/.local/lib/python3.8/site-packages/airflow/example_dags/example_skip_dag.py took 0.063 seconds
[2023-12-20T21:16:40.781+0000] {processor.py:157} INFO - Started process (PID=942) to work on /home/airflow/.local/lib/python3.8/site-packages/airflow/example_dags/example_skip_dag.py
[2023-12-20T21:16:40.782+0000] {processor.py:829} INFO - Processing file /home/airflow/.local/lib/python3.8/site-packages/airflow/example_dags/example_skip_dag.py for tasks to queue
[2023-12-20T21:16:40.785+0000] {logging_mixin.py:154} INFO - [2023-12-20T21:16:40.784+0000] {dagbag.py:536} INFO - Filling up the DagBag from /home/airflow/.local/lib/python3.8/site-packages/airflow/example_dags/example_skip_dag.py
[2023-12-20T21:16:40.790+0000] {processor.py:839} INFO - DAG(s) dict_keys(['example_skip_dag']) retrieved from /home/airflow/.local/lib/python3.8/site-packages/airflow/example_dags/example_skip_dag.py
[2023-12-20T21:16:40.810+0000] {logging_mixin.py:154} INFO - [2023-12-20T21:16:40.810+0000] {dag.py:2941} INFO - Sync 1 DAGs
[2023-12-20T21:16:40.830+0000] {logging_mixin.py:154} INFO - [2023-12-20T21:16:40.830+0000] {dag.py:3722} INFO - Setting next_dagrun for example_skip_dag to 2023-12-19T21:16:40.830233+00:00, run_after=2023-12-20T21:16:40.830233+00:00
[2023-12-20T21:16:40.973+0000] {processor.py:179} INFO - Processing /home/airflow/.local/lib/python3.8/site-packages/airflow/example_dags/example_skip_dag.py took 0.194 seconds
[2023-12-20T21:17:11.870+0000] {processor.py:157} INFO - Started process (PID=998) to work on /home/airflow/.local/lib/python3.8/site-packages/airflow/example_dags/example_skip_dag.py
[2023-12-20T21:17:11.871+0000] {processor.py:829} INFO - Processing file /home/airflow/.local/lib/python3.8/site-packages/airflow/example_dags/example_skip_dag.py for tasks to queue
[2023-12-20T21:17:11.873+0000] {logging_mixin.py:154} INFO - [2023-12-20T21:17:11.872+0000] {dagbag.py:536} INFO - Filling up the DagBag from /home/airflow/.local/lib/python3.8/site-packages/airflow/example_dags/example_skip_dag.py
[2023-12-20T21:17:11.877+0000] {processor.py:839} INFO - DAG(s) dict_keys(['example_skip_dag']) retrieved from /home/airflow/.local/lib/python3.8/site-packages/airflow/example_dags/example_skip_dag.py
[2023-12-20T21:17:11.896+0000] {logging_mixin.py:154} INFO - [2023-12-20T21:17:11.896+0000] {dag.py:2941} INFO - Sync 1 DAGs
[2023-12-20T21:17:11.915+0000] {logging_mixin.py:154} INFO - [2023-12-20T21:17:11.915+0000] {dag.py:3722} INFO - Setting next_dagrun for example_skip_dag to 2023-12-19T21:17:11.915481+00:00, run_after=2023-12-20T21:17:11.915481+00:00
[2023-12-20T21:17:11.934+0000] {processor.py:179} INFO - Processing /home/airflow/.local/lib/python3.8/site-packages/airflow/example_dags/example_skip_dag.py took 0.067 seconds
[2023-12-20T21:17:42.208+0000] {processor.py:157} INFO - Started process (PID=1054) to work on /home/airflow/.local/lib/python3.8/site-packages/airflow/example_dags/example_skip_dag.py
[2023-12-20T21:17:42.209+0000] {processor.py:829} INFO - Processing file /home/airflow/.local/lib/python3.8/site-packages/airflow/example_dags/example_skip_dag.py for tasks to queue
[2023-12-20T21:17:42.211+0000] {logging_mixin.py:154} INFO - [2023-12-20T21:17:42.211+0000] {dagbag.py:536} INFO - Filling up the DagBag from /home/airflow/.local/lib/python3.8/site-packages/airflow/example_dags/example_skip_dag.py
[2023-12-20T21:17:42.217+0000] {processor.py:839} INFO - DAG(s) dict_keys(['example_skip_dag']) retrieved from /home/airflow/.local/lib/python3.8/site-packages/airflow/example_dags/example_skip_dag.py
[2023-12-20T21:17:42.237+0000] {logging_mixin.py:154} INFO - [2023-12-20T21:17:42.237+0000] {dag.py:2941} INFO - Sync 1 DAGs
[2023-12-20T21:17:42.257+0000] {logging_mixin.py:154} INFO - [2023-12-20T21:17:42.257+0000] {dag.py:3722} INFO - Setting next_dagrun for example_skip_dag to 2023-12-19T21:17:42.257126+00:00, run_after=2023-12-20T21:17:42.257126+00:00
[2023-12-20T21:17:42.279+0000] {processor.py:179} INFO - Processing /home/airflow/.local/lib/python3.8/site-packages/airflow/example_dags/example_skip_dag.py took 0.073 seconds
[2023-12-20T21:18:12.421+0000] {processor.py:157} INFO - Started process (PID=1110) to work on /home/airflow/.local/lib/python3.8/site-packages/airflow/example_dags/example_skip_dag.py
[2023-12-20T21:18:12.422+0000] {processor.py:829} INFO - Processing file /home/airflow/.local/lib/python3.8/site-packages/airflow/example_dags/example_skip_dag.py for tasks to queue
[2023-12-20T21:18:12.424+0000] {logging_mixin.py:154} INFO - [2023-12-20T21:18:12.424+0000] {dagbag.py:536} INFO - Filling up the DagBag from /home/airflow/.local/lib/python3.8/site-packages/airflow/example_dags/example_skip_dag.py
[2023-12-20T21:18:12.429+0000] {processor.py:839} INFO - DAG(s) dict_keys(['example_skip_dag']) retrieved from /home/airflow/.local/lib/python3.8/site-packages/airflow/example_dags/example_skip_dag.py
[2023-12-20T21:18:12.449+0000] {logging_mixin.py:154} INFO - [2023-12-20T21:18:12.449+0000] {dag.py:2941} INFO - Sync 1 DAGs
[2023-12-20T21:18:12.470+0000] {logging_mixin.py:154} INFO - [2023-12-20T21:18:12.470+0000] {dag.py:3722} INFO - Setting next_dagrun for example_skip_dag to 2023-12-19T21:18:12.469828+00:00, run_after=2023-12-20T21:18:12.469828+00:00
[2023-12-20T21:18:12.493+0000] {processor.py:179} INFO - Processing /home/airflow/.local/lib/python3.8/site-packages/airflow/example_dags/example_skip_dag.py took 0.074 seconds
[2023-12-20T21:18:43.044+0000] {processor.py:157} INFO - Started process (PID=1166) to work on /home/airflow/.local/lib/python3.8/site-packages/airflow/example_dags/example_skip_dag.py
[2023-12-20T21:18:43.045+0000] {processor.py:829} INFO - Processing file /home/airflow/.local/lib/python3.8/site-packages/airflow/example_dags/example_skip_dag.py for tasks to queue
[2023-12-20T21:18:43.047+0000] {logging_mixin.py:154} INFO - [2023-12-20T21:18:43.047+0000] {dagbag.py:536} INFO - Filling up the DagBag from /home/airflow/.local/lib/python3.8/site-packages/airflow/example_dags/example_skip_dag.py
[2023-12-20T21:18:43.052+0000] {processor.py:839} INFO - DAG(s) dict_keys(['example_skip_dag']) retrieved from /home/airflow/.local/lib/python3.8/site-packages/airflow/example_dags/example_skip_dag.py
[2023-12-20T21:18:43.071+0000] {logging_mixin.py:154} INFO - [2023-12-20T21:18:43.071+0000] {dag.py:2941} INFO - Sync 1 DAGs
[2023-12-20T21:18:43.219+0000] {logging_mixin.py:154} INFO - [2023-12-20T21:18:43.219+0000] {dag.py:3722} INFO - Setting next_dagrun for example_skip_dag to 2023-12-19T21:18:43.218897+00:00, run_after=2023-12-20T21:18:43.218897+00:00
[2023-12-20T21:18:43.239+0000] {processor.py:179} INFO - Processing /home/airflow/.local/lib/python3.8/site-packages/airflow/example_dags/example_skip_dag.py took 0.198 seconds
[2023-12-20T21:19:14.048+0000] {processor.py:157} INFO - Started process (PID=1222) to work on /home/airflow/.local/lib/python3.8/site-packages/airflow/example_dags/example_skip_dag.py
[2023-12-20T21:19:14.049+0000] {processor.py:829} INFO - Processing file /home/airflow/.local/lib/python3.8/site-packages/airflow/example_dags/example_skip_dag.py for tasks to queue
[2023-12-20T21:19:14.051+0000] {logging_mixin.py:154} INFO - [2023-12-20T21:19:14.051+0000] {dagbag.py:536} INFO - Filling up the DagBag from /home/airflow/.local/lib/python3.8/site-packages/airflow/example_dags/example_skip_dag.py
[2023-12-20T21:19:14.056+0000] {processor.py:839} INFO - DAG(s) dict_keys(['example_skip_dag']) retrieved from /home/airflow/.local/lib/python3.8/site-packages/airflow/example_dags/example_skip_dag.py
[2023-12-20T21:19:14.075+0000] {logging_mixin.py:154} INFO - [2023-12-20T21:19:14.075+0000] {dag.py:2941} INFO - Sync 1 DAGs
[2023-12-20T21:19:14.095+0000] {logging_mixin.py:154} INFO - [2023-12-20T21:19:14.095+0000] {dag.py:3722} INFO - Setting next_dagrun for example_skip_dag to 2023-12-19T21:19:14.095302+00:00, run_after=2023-12-20T21:19:14.095302+00:00
[2023-12-20T21:19:14.251+0000] {processor.py:179} INFO - Processing /home/airflow/.local/lib/python3.8/site-packages/airflow/example_dags/example_skip_dag.py took 0.206 seconds
[2023-12-20T21:19:44.468+0000] {processor.py:157} INFO - Started process (PID=1278) to work on /home/airflow/.local/lib/python3.8/site-packages/airflow/example_dags/example_skip_dag.py
[2023-12-20T21:19:44.469+0000] {processor.py:829} INFO - Processing file /home/airflow/.local/lib/python3.8/site-packages/airflow/example_dags/example_skip_dag.py for tasks to queue
[2023-12-20T21:19:44.471+0000] {logging_mixin.py:154} INFO - [2023-12-20T21:19:44.471+0000] {dagbag.py:536} INFO - Filling up the DagBag from /home/airflow/.local/lib/python3.8/site-packages/airflow/example_dags/example_skip_dag.py
[2023-12-20T21:19:44.476+0000] {processor.py:839} INFO - DAG(s) dict_keys(['example_skip_dag']) retrieved from /home/airflow/.local/lib/python3.8/site-packages/airflow/example_dags/example_skip_dag.py
[2023-12-20T21:19:44.495+0000] {logging_mixin.py:154} INFO - [2023-12-20T21:19:44.495+0000] {dag.py:2941} INFO - Sync 1 DAGs
[2023-12-20T21:19:44.515+0000] {logging_mixin.py:154} INFO - [2023-12-20T21:19:44.515+0000] {dag.py:3722} INFO - Setting next_dagrun for example_skip_dag to 2023-12-19T21:19:44.515632+00:00, run_after=2023-12-20T21:19:44.515632+00:00
[2023-12-20T21:19:44.538+0000] {processor.py:179} INFO - Processing /home/airflow/.local/lib/python3.8/site-packages/airflow/example_dags/example_skip_dag.py took 0.073 seconds
[2023-12-20T21:20:14.582+0000] {processor.py:157} INFO - Started process (PID=1334) to work on /home/airflow/.local/lib/python3.8/site-packages/airflow/example_dags/example_skip_dag.py
[2023-12-20T21:20:14.583+0000] {processor.py:829} INFO - Processing file /home/airflow/.local/lib/python3.8/site-packages/airflow/example_dags/example_skip_dag.py for tasks to queue
[2023-12-20T21:20:14.585+0000] {logging_mixin.py:154} INFO - [2023-12-20T21:20:14.584+0000] {dagbag.py:536} INFO - Filling up the DagBag from /home/airflow/.local/lib/python3.8/site-packages/airflow/example_dags/example_skip_dag.py
[2023-12-20T21:20:14.590+0000] {processor.py:839} INFO - DAG(s) dict_keys(['example_skip_dag']) retrieved from /home/airflow/.local/lib/python3.8/site-packages/airflow/example_dags/example_skip_dag.py
[2023-12-20T21:20:14.608+0000] {logging_mixin.py:154} INFO - [2023-12-20T21:20:14.607+0000] {dag.py:2941} INFO - Sync 1 DAGs
[2023-12-20T21:20:14.627+0000] {logging_mixin.py:154} INFO - [2023-12-20T21:20:14.627+0000] {dag.py:3722} INFO - Setting next_dagrun for example_skip_dag to 2023-12-19T21:20:14.627405+00:00, run_after=2023-12-20T21:20:14.627405+00:00
[2023-12-20T21:20:14.648+0000] {processor.py:179} INFO - Processing /home/airflow/.local/lib/python3.8/site-packages/airflow/example_dags/example_skip_dag.py took 0.069 seconds
[2023-12-20T21:20:45.174+0000] {processor.py:157} INFO - Started process (PID=1390) to work on /home/airflow/.local/lib/python3.8/site-packages/airflow/example_dags/example_skip_dag.py
[2023-12-20T21:20:45.175+0000] {processor.py:829} INFO - Processing file /home/airflow/.local/lib/python3.8/site-packages/airflow/example_dags/example_skip_dag.py for tasks to queue
[2023-12-20T21:20:45.177+0000] {logging_mixin.py:154} INFO - [2023-12-20T21:20:45.177+0000] {dagbag.py:536} INFO - Filling up the DagBag from /home/airflow/.local/lib/python3.8/site-packages/airflow/example_dags/example_skip_dag.py
[2023-12-20T21:20:45.182+0000] {processor.py:839} INFO - DAG(s) dict_keys(['example_skip_dag']) retrieved from /home/airflow/.local/lib/python3.8/site-packages/airflow/example_dags/example_skip_dag.py
[2023-12-20T21:20:45.201+0000] {logging_mixin.py:154} INFO - [2023-12-20T21:20:45.201+0000] {dag.py:2941} INFO - Sync 1 DAGs
[2023-12-20T21:20:45.347+0000] {logging_mixin.py:154} INFO - [2023-12-20T21:20:45.347+0000] {dag.py:3722} INFO - Setting next_dagrun for example_skip_dag to 2023-12-19T21:20:45.347582+00:00, run_after=2023-12-20T21:20:45.347582+00:00
[2023-12-20T21:20:45.371+0000] {processor.py:179} INFO - Processing /home/airflow/.local/lib/python3.8/site-packages/airflow/example_dags/example_skip_dag.py took 0.199 seconds
[2023-12-20T21:21:15.550+0000] {processor.py:157} INFO - Started process (PID=1446) to work on /home/airflow/.local/lib/python3.8/site-packages/airflow/example_dags/example_skip_dag.py
[2023-12-20T21:21:15.551+0000] {processor.py:829} INFO - Processing file /home/airflow/.local/lib/python3.8/site-packages/airflow/example_dags/example_skip_dag.py for tasks to queue
[2023-12-20T21:21:15.553+0000] {logging_mixin.py:154} INFO - [2023-12-20T21:21:15.553+0000] {dagbag.py:536} INFO - Filling up the DagBag from /home/airflow/.local/lib/python3.8/site-packages/airflow/example_dags/example_skip_dag.py
[2023-12-20T21:21:15.558+0000] {processor.py:839} INFO - DAG(s) dict_keys(['example_skip_dag']) retrieved from /home/airflow/.local/lib/python3.8/site-packages/airflow/example_dags/example_skip_dag.py
[2023-12-20T21:21:15.577+0000] {logging_mixin.py:154} INFO - [2023-12-20T21:21:15.577+0000] {dag.py:2941} INFO - Sync 1 DAGs
[2023-12-20T21:21:15.738+0000] {logging_mixin.py:154} INFO - [2023-12-20T21:21:15.738+0000] {dag.py:3722} INFO - Setting next_dagrun for example_skip_dag to 2023-12-19T21:21:15.737972+00:00, run_after=2023-12-20T21:21:15.737972+00:00
[2023-12-20T21:21:15.759+0000] {processor.py:179} INFO - Processing /home/airflow/.local/lib/python3.8/site-packages/airflow/example_dags/example_skip_dag.py took 0.211 seconds
[2023-12-20T21:21:46.214+0000] {processor.py:157} INFO - Started process (PID=1502) to work on /home/airflow/.local/lib/python3.8/site-packages/airflow/example_dags/example_skip_dag.py
[2023-12-20T21:21:46.215+0000] {processor.py:829} INFO - Processing file /home/airflow/.local/lib/python3.8/site-packages/airflow/example_dags/example_skip_dag.py for tasks to queue
[2023-12-20T21:21:46.218+0000] {logging_mixin.py:154} INFO - [2023-12-20T21:21:46.218+0000] {dagbag.py:536} INFO - Filling up the DagBag from /home/airflow/.local/lib/python3.8/site-packages/airflow/example_dags/example_skip_dag.py
[2023-12-20T21:21:46.223+0000] {processor.py:839} INFO - DAG(s) dict_keys(['example_skip_dag']) retrieved from /home/airflow/.local/lib/python3.8/site-packages/airflow/example_dags/example_skip_dag.py
[2023-12-20T21:21:46.242+0000] {logging_mixin.py:154} INFO - [2023-12-20T21:21:46.241+0000] {dag.py:2941} INFO - Sync 1 DAGs
[2023-12-20T21:21:46.262+0000] {logging_mixin.py:154} INFO - [2023-12-20T21:21:46.262+0000] {dag.py:3722} INFO - Setting next_dagrun for example_skip_dag to 2023-12-19T21:21:46.262291+00:00, run_after=2023-12-20T21:21:46.262291+00:00
[2023-12-20T21:21:46.285+0000] {processor.py:179} INFO - Processing /home/airflow/.local/lib/python3.8/site-packages/airflow/example_dags/example_skip_dag.py took 0.073 seconds
[2023-12-20T21:22:16.603+0000] {processor.py:157} INFO - Started process (PID=1558) to work on /home/airflow/.local/lib/python3.8/site-packages/airflow/example_dags/example_skip_dag.py
[2023-12-20T21:22:16.604+0000] {processor.py:829} INFO - Processing file /home/airflow/.local/lib/python3.8/site-packages/airflow/example_dags/example_skip_dag.py for tasks to queue
[2023-12-20T21:22:16.606+0000] {logging_mixin.py:154} INFO - [2023-12-20T21:22:16.606+0000] {dagbag.py:536} INFO - Filling up the DagBag from /home/airflow/.local/lib/python3.8/site-packages/airflow/example_dags/example_skip_dag.py
[2023-12-20T21:22:16.611+0000] {processor.py:839} INFO - DAG(s) dict_keys(['example_skip_dag']) retrieved from /home/airflow/.local/lib/python3.8/site-packages/airflow/example_dags/example_skip_dag.py
[2023-12-20T21:22:16.630+0000] {logging_mixin.py:154} INFO - [2023-12-20T21:22:16.630+0000] {dag.py:2941} INFO - Sync 1 DAGs
[2023-12-20T21:22:16.650+0000] {logging_mixin.py:154} INFO - [2023-12-20T21:22:16.649+0000] {dag.py:3722} INFO - Setting next_dagrun for example_skip_dag to 2023-12-19T21:22:16.649740+00:00, run_after=2023-12-20T21:22:16.649740+00:00
[2023-12-20T21:22:16.671+0000] {processor.py:179} INFO - Processing /home/airflow/.local/lib/python3.8/site-packages/airflow/example_dags/example_skip_dag.py took 0.071 seconds
[2023-12-20T21:22:46.955+0000] {processor.py:157} INFO - Started process (PID=1614) to work on /home/airflow/.local/lib/python3.8/site-packages/airflow/example_dags/example_skip_dag.py
[2023-12-20T21:22:46.956+0000] {processor.py:829} INFO - Processing file /home/airflow/.local/lib/python3.8/site-packages/airflow/example_dags/example_skip_dag.py for tasks to queue
[2023-12-20T21:22:46.959+0000] {logging_mixin.py:154} INFO - [2023-12-20T21:22:46.959+0000] {dagbag.py:536} INFO - Filling up the DagBag from /home/airflow/.local/lib/python3.8/site-packages/airflow/example_dags/example_skip_dag.py
[2023-12-20T21:22:46.965+0000] {processor.py:839} INFO - DAG(s) dict_keys(['example_skip_dag']) retrieved from /home/airflow/.local/lib/python3.8/site-packages/airflow/example_dags/example_skip_dag.py
[2023-12-20T21:22:46.984+0000] {logging_mixin.py:154} INFO - [2023-12-20T21:22:46.984+0000] {dag.py:2941} INFO - Sync 1 DAGs
[2023-12-20T21:22:47.006+0000] {logging_mixin.py:154} INFO - [2023-12-20T21:22:47.006+0000] {dag.py:3722} INFO - Setting next_dagrun for example_skip_dag to 2023-12-19T21:22:47.005847+00:00, run_after=2023-12-20T21:22:47.005847+00:00
[2023-12-20T21:22:47.028+0000] {processor.py:179} INFO - Processing /home/airflow/.local/lib/python3.8/site-packages/airflow/example_dags/example_skip_dag.py took 0.075 seconds
[2023-12-20T21:23:17.270+0000] {processor.py:157} INFO - Started process (PID=1670) to work on /home/airflow/.local/lib/python3.8/site-packages/airflow/example_dags/example_skip_dag.py
[2023-12-20T21:23:17.271+0000] {processor.py:829} INFO - Processing file /home/airflow/.local/lib/python3.8/site-packages/airflow/example_dags/example_skip_dag.py for tasks to queue
[2023-12-20T21:23:17.274+0000] {logging_mixin.py:154} INFO - [2023-12-20T21:23:17.273+0000] {dagbag.py:536} INFO - Filling up the DagBag from /home/airflow/.local/lib/python3.8/site-packages/airflow/example_dags/example_skip_dag.py
[2023-12-20T21:23:17.279+0000] {processor.py:839} INFO - DAG(s) dict_keys(['example_skip_dag']) retrieved from /home/airflow/.local/lib/python3.8/site-packages/airflow/example_dags/example_skip_dag.py
[2023-12-20T21:23:17.298+0000] {logging_mixin.py:154} INFO - [2023-12-20T21:23:17.297+0000] {dag.py:2941} INFO - Sync 1 DAGs
[2023-12-20T21:23:17.316+0000] {logging_mixin.py:154} INFO - [2023-12-20T21:23:17.316+0000] {dag.py:3722} INFO - Setting next_dagrun for example_skip_dag to 2023-12-19T21:23:17.316282+00:00, run_after=2023-12-20T21:23:17.316282+00:00
[2023-12-20T21:23:17.336+0000] {processor.py:179} INFO - Processing /home/airflow/.local/lib/python3.8/site-packages/airflow/example_dags/example_skip_dag.py took 0.068 seconds
[2023-12-20T21:23:47.611+0000] {processor.py:157} INFO - Started process (PID=1726) to work on /home/airflow/.local/lib/python3.8/site-packages/airflow/example_dags/example_skip_dag.py
[2023-12-20T21:23:47.612+0000] {processor.py:829} INFO - Processing file /home/airflow/.local/lib/python3.8/site-packages/airflow/example_dags/example_skip_dag.py for tasks to queue
[2023-12-20T21:23:47.614+0000] {logging_mixin.py:154} INFO - [2023-12-20T21:23:47.613+0000] {dagbag.py:536} INFO - Filling up the DagBag from /home/airflow/.local/lib/python3.8/site-packages/airflow/example_dags/example_skip_dag.py
[2023-12-20T21:23:47.618+0000] {processor.py:839} INFO - DAG(s) dict_keys(['example_skip_dag']) retrieved from /home/airflow/.local/lib/python3.8/site-packages/airflow/example_dags/example_skip_dag.py
[2023-12-20T21:23:47.638+0000] {logging_mixin.py:154} INFO - [2023-12-20T21:23:47.638+0000] {dag.py:2941} INFO - Sync 1 DAGs
[2023-12-20T21:23:47.657+0000] {logging_mixin.py:154} INFO - [2023-12-20T21:23:47.657+0000] {dag.py:3722} INFO - Setting next_dagrun for example_skip_dag to 2023-12-19T21:23:47.657406+00:00, run_after=2023-12-20T21:23:47.657406+00:00
[2023-12-20T21:23:47.678+0000] {processor.py:179} INFO - Processing /home/airflow/.local/lib/python3.8/site-packages/airflow/example_dags/example_skip_dag.py took 0.070 seconds
[2023-12-20T21:24:17.985+0000] {processor.py:157} INFO - Started process (PID=1782) to work on /home/airflow/.local/lib/python3.8/site-packages/airflow/example_dags/example_skip_dag.py
[2023-12-20T21:24:17.986+0000] {processor.py:829} INFO - Processing file /home/airflow/.local/lib/python3.8/site-packages/airflow/example_dags/example_skip_dag.py for tasks to queue
[2023-12-20T21:24:17.988+0000] {logging_mixin.py:154} INFO - [2023-12-20T21:24:17.988+0000] {dagbag.py:536} INFO - Filling up the DagBag from /home/airflow/.local/lib/python3.8/site-packages/airflow/example_dags/example_skip_dag.py
[2023-12-20T21:24:17.994+0000] {processor.py:839} INFO - DAG(s) dict_keys(['example_skip_dag']) retrieved from /home/airflow/.local/lib/python3.8/site-packages/airflow/example_dags/example_skip_dag.py
[2023-12-20T21:24:18.014+0000] {logging_mixin.py:154} INFO - [2023-12-20T21:24:18.014+0000] {dag.py:2941} INFO - Sync 1 DAGs
[2023-12-20T21:24:18.036+0000] {logging_mixin.py:154} INFO - [2023-12-20T21:24:18.036+0000] {dag.py:3722} INFO - Setting next_dagrun for example_skip_dag to 2023-12-19T21:24:18.035872+00:00, run_after=2023-12-20T21:24:18.035872+00:00
[2023-12-20T21:24:18.059+0000] {processor.py:179} INFO - Processing /home/airflow/.local/lib/python3.8/site-packages/airflow/example_dags/example_skip_dag.py took 0.077 seconds
[2023-12-20T21:24:48.312+0000] {processor.py:157} INFO - Started process (PID=1838) to work on /home/airflow/.local/lib/python3.8/site-packages/airflow/example_dags/example_skip_dag.py
[2023-12-20T21:24:48.313+0000] {processor.py:829} INFO - Processing file /home/airflow/.local/lib/python3.8/site-packages/airflow/example_dags/example_skip_dag.py for tasks to queue
[2023-12-20T21:24:48.315+0000] {logging_mixin.py:154} INFO - [2023-12-20T21:24:48.314+0000] {dagbag.py:536} INFO - Filling up the DagBag from /home/airflow/.local/lib/python3.8/site-packages/airflow/example_dags/example_skip_dag.py
[2023-12-20T21:24:48.320+0000] {processor.py:839} INFO - DAG(s) dict_keys(['example_skip_dag']) retrieved from /home/airflow/.local/lib/python3.8/site-packages/airflow/example_dags/example_skip_dag.py
[2023-12-20T21:24:48.339+0000] {logging_mixin.py:154} INFO - [2023-12-20T21:24:48.338+0000] {dag.py:2941} INFO - Sync 1 DAGs
[2023-12-20T21:24:48.358+0000] {logging_mixin.py:154} INFO - [2023-12-20T21:24:48.358+0000] {dag.py:3722} INFO - Setting next_dagrun for example_skip_dag to 2023-12-19T21:24:48.358678+00:00, run_after=2023-12-20T21:24:48.358678+00:00
[2023-12-20T21:24:48.382+0000] {processor.py:179} INFO - Processing /home/airflow/.local/lib/python3.8/site-packages/airflow/example_dags/example_skip_dag.py took 0.072 seconds
[2023-12-20T21:25:18.761+0000] {processor.py:157} INFO - Started process (PID=1894) to work on /home/airflow/.local/lib/python3.8/site-packages/airflow/example_dags/example_skip_dag.py
[2023-12-20T21:25:18.762+0000] {processor.py:829} INFO - Processing file /home/airflow/.local/lib/python3.8/site-packages/airflow/example_dags/example_skip_dag.py for tasks to queue
[2023-12-20T21:25:18.764+0000] {logging_mixin.py:154} INFO - [2023-12-20T21:25:18.764+0000] {dagbag.py:536} INFO - Filling up the DagBag from /home/airflow/.local/lib/python3.8/site-packages/airflow/example_dags/example_skip_dag.py
[2023-12-20T21:25:18.770+0000] {processor.py:839} INFO - DAG(s) dict_keys(['example_skip_dag']) retrieved from /home/airflow/.local/lib/python3.8/site-packages/airflow/example_dags/example_skip_dag.py
[2023-12-20T21:25:18.788+0000] {logging_mixin.py:154} INFO - [2023-12-20T21:25:18.788+0000] {dag.py:2941} INFO - Sync 1 DAGs
[2023-12-20T21:25:18.807+0000] {logging_mixin.py:154} INFO - [2023-12-20T21:25:18.806+0000] {dag.py:3722} INFO - Setting next_dagrun for example_skip_dag to 2023-12-19T21:25:18.806761+00:00, run_after=2023-12-20T21:25:18.806761+00:00
[2023-12-20T21:25:18.828+0000] {processor.py:179} INFO - Processing /home/airflow/.local/lib/python3.8/site-packages/airflow/example_dags/example_skip_dag.py took 0.069 seconds
[2023-12-20T21:25:49.083+0000] {processor.py:157} INFO - Started process (PID=1950) to work on /home/airflow/.local/lib/python3.8/site-packages/airflow/example_dags/example_skip_dag.py
[2023-12-20T21:25:49.084+0000] {processor.py:829} INFO - Processing file /home/airflow/.local/lib/python3.8/site-packages/airflow/example_dags/example_skip_dag.py for tasks to queue
[2023-12-20T21:25:49.086+0000] {logging_mixin.py:154} INFO - [2023-12-20T21:25:49.086+0000] {dagbag.py:536} INFO - Filling up the DagBag from /home/airflow/.local/lib/python3.8/site-packages/airflow/example_dags/example_skip_dag.py
[2023-12-20T21:25:49.092+0000] {processor.py:839} INFO - DAG(s) dict_keys(['example_skip_dag']) retrieved from /home/airflow/.local/lib/python3.8/site-packages/airflow/example_dags/example_skip_dag.py
[2023-12-20T21:25:49.113+0000] {logging_mixin.py:154} INFO - [2023-12-20T21:25:49.113+0000] {dag.py:2941} INFO - Sync 1 DAGs
[2023-12-20T21:25:49.134+0000] {logging_mixin.py:154} INFO - [2023-12-20T21:25:49.134+0000] {dag.py:3722} INFO - Setting next_dagrun for example_skip_dag to 2023-12-19T21:25:49.133855+00:00, run_after=2023-12-20T21:25:49.133855+00:00
[2023-12-20T21:25:49.153+0000] {processor.py:179} INFO - Processing /home/airflow/.local/lib/python3.8/site-packages/airflow/example_dags/example_skip_dag.py took 0.072 seconds
[2023-12-20T21:26:19.489+0000] {processor.py:157} INFO - Started process (PID=2006) to work on /home/airflow/.local/lib/python3.8/site-packages/airflow/example_dags/example_skip_dag.py
[2023-12-20T21:26:19.490+0000] {processor.py:829} INFO - Processing file /home/airflow/.local/lib/python3.8/site-packages/airflow/example_dags/example_skip_dag.py for tasks to queue
[2023-12-20T21:26:19.492+0000] {logging_mixin.py:154} INFO - [2023-12-20T21:26:19.491+0000] {dagbag.py:536} INFO - Filling up the DagBag from /home/airflow/.local/lib/python3.8/site-packages/airflow/example_dags/example_skip_dag.py
[2023-12-20T21:26:19.497+0000] {processor.py:839} INFO - DAG(s) dict_keys(['example_skip_dag']) retrieved from /home/airflow/.local/lib/python3.8/site-packages/airflow/example_dags/example_skip_dag.py
[2023-12-20T21:26:19.515+0000] {logging_mixin.py:154} INFO - [2023-12-20T21:26:19.515+0000] {dag.py:2941} INFO - Sync 1 DAGs
[2023-12-20T21:26:19.534+0000] {logging_mixin.py:154} INFO - [2023-12-20T21:26:19.534+0000] {dag.py:3722} INFO - Setting next_dagrun for example_skip_dag to 2023-12-19T21:26:19.534235+00:00, run_after=2023-12-20T21:26:19.534235+00:00
[2023-12-20T21:26:19.552+0000] {processor.py:179} INFO - Processing /home/airflow/.local/lib/python3.8/site-packages/airflow/example_dags/example_skip_dag.py took 0.065 seconds
