[2023-12-20T21:08:34.430+0000] {processor.py:157} INFO - Started process (PID=59) to work on /home/airflow/.local/lib/python3.8/site-packages/airflow/example_dags/example_branch_operator.py
[2023-12-20T21:08:34.432+0000] {processor.py:829} INFO - Processing file /home/airflow/.local/lib/python3.8/site-packages/airflow/example_dags/example_branch_operator.py for tasks to queue
[2023-12-20T21:08:34.435+0000] {logging_mixin.py:154} INFO - [2023-12-20T21:08:34.434+0000] {dagbag.py:536} INFO - Filling up the DagBag from /home/airflow/.local/lib/python3.8/site-packages/airflow/example_dags/example_branch_operator.py
[2023-12-20T21:08:34.447+0000] {processor.py:839} INFO - DAG(s) dict_keys(['example_branch_operator']) retrieved from /home/airflow/.local/lib/python3.8/site-packages/airflow/example_dags/example_branch_operator.py
[2023-12-20T21:08:34.462+0000] {logging_mixin.py:154} INFO - [2023-12-20T21:08:34.462+0000] {dag.py:2941} INFO - Sync 1 DAGs
[2023-12-20T21:08:34.487+0000] {logging_mixin.py:154} INFO - [2023-12-20T21:08:34.487+0000] {dag.py:3722} INFO - Setting next_dagrun for example_branch_operator to 2023-12-19T00:00:00+00:00, run_after=2023-12-20T00:00:00+00:00
[2023-12-20T21:08:34.511+0000] {processor.py:179} INFO - Processing /home/airflow/.local/lib/python3.8/site-packages/airflow/example_dags/example_branch_operator.py took 0.083 seconds
[2023-12-20T21:09:04.798+0000] {processor.py:157} INFO - Started process (PID=115) to work on /home/airflow/.local/lib/python3.8/site-packages/airflow/example_dags/example_branch_operator.py
[2023-12-20T21:09:04.799+0000] {processor.py:829} INFO - Processing file /home/airflow/.local/lib/python3.8/site-packages/airflow/example_dags/example_branch_operator.py for tasks to queue
[2023-12-20T21:09:04.801+0000] {logging_mixin.py:154} INFO - [2023-12-20T21:09:04.800+0000] {dagbag.py:536} INFO - Filling up the DagBag from /home/airflow/.local/lib/python3.8/site-packages/airflow/example_dags/example_branch_operator.py
[2023-12-20T21:09:04.808+0000] {processor.py:839} INFO - DAG(s) dict_keys(['example_branch_operator']) retrieved from /home/airflow/.local/lib/python3.8/site-packages/airflow/example_dags/example_branch_operator.py
[2023-12-20T21:09:04.828+0000] {logging_mixin.py:154} INFO - [2023-12-20T21:09:04.827+0000] {dag.py:2941} INFO - Sync 1 DAGs
[2023-12-20T21:09:04.849+0000] {logging_mixin.py:154} INFO - [2023-12-20T21:09:04.849+0000] {dag.py:3722} INFO - Setting next_dagrun for example_branch_operator to 2023-12-19T00:00:00+00:00, run_after=2023-12-20T00:00:00+00:00
[2023-12-20T21:09:04.870+0000] {processor.py:179} INFO - Processing /home/airflow/.local/lib/python3.8/site-packages/airflow/example_dags/example_branch_operator.py took 0.074 seconds
[2023-12-20T21:09:35.685+0000] {processor.py:157} INFO - Started process (PID=171) to work on /home/airflow/.local/lib/python3.8/site-packages/airflow/example_dags/example_branch_operator.py
[2023-12-20T21:09:35.686+0000] {processor.py:829} INFO - Processing file /home/airflow/.local/lib/python3.8/site-packages/airflow/example_dags/example_branch_operator.py for tasks to queue
[2023-12-20T21:09:35.688+0000] {logging_mixin.py:154} INFO - [2023-12-20T21:09:35.687+0000] {dagbag.py:536} INFO - Filling up the DagBag from /home/airflow/.local/lib/python3.8/site-packages/airflow/example_dags/example_branch_operator.py
[2023-12-20T21:09:35.695+0000] {processor.py:839} INFO - DAG(s) dict_keys(['example_branch_operator']) retrieved from /home/airflow/.local/lib/python3.8/site-packages/airflow/example_dags/example_branch_operator.py
[2023-12-20T21:09:35.715+0000] {logging_mixin.py:154} INFO - [2023-12-20T21:09:35.714+0000] {dag.py:2941} INFO - Sync 1 DAGs
[2023-12-20T21:09:35.736+0000] {logging_mixin.py:154} INFO - [2023-12-20T21:09:35.735+0000] {dag.py:3722} INFO - Setting next_dagrun for example_branch_operator to 2023-12-19T00:00:00+00:00, run_after=2023-12-20T00:00:00+00:00
[2023-12-20T21:09:35.756+0000] {processor.py:179} INFO - Processing /home/airflow/.local/lib/python3.8/site-packages/airflow/example_dags/example_branch_operator.py took 0.073 seconds
[2023-12-20T21:10:06.232+0000] {processor.py:157} INFO - Started process (PID=227) to work on /home/airflow/.local/lib/python3.8/site-packages/airflow/example_dags/example_branch_operator.py
[2023-12-20T21:10:06.233+0000] {processor.py:829} INFO - Processing file /home/airflow/.local/lib/python3.8/site-packages/airflow/example_dags/example_branch_operator.py for tasks to queue
[2023-12-20T21:10:06.235+0000] {logging_mixin.py:154} INFO - [2023-12-20T21:10:06.235+0000] {dagbag.py:536} INFO - Filling up the DagBag from /home/airflow/.local/lib/python3.8/site-packages/airflow/example_dags/example_branch_operator.py
[2023-12-20T21:10:06.242+0000] {processor.py:839} INFO - DAG(s) dict_keys(['example_branch_operator']) retrieved from /home/airflow/.local/lib/python3.8/site-packages/airflow/example_dags/example_branch_operator.py
[2023-12-20T21:10:06.261+0000] {logging_mixin.py:154} INFO - [2023-12-20T21:10:06.261+0000] {dag.py:2941} INFO - Sync 1 DAGs
[2023-12-20T21:10:06.281+0000] {logging_mixin.py:154} INFO - [2023-12-20T21:10:06.281+0000] {dag.py:3722} INFO - Setting next_dagrun for example_branch_operator to 2023-12-19T00:00:00+00:00, run_after=2023-12-20T00:00:00+00:00
[2023-12-20T21:10:06.300+0000] {processor.py:179} INFO - Processing /home/airflow/.local/lib/python3.8/site-packages/airflow/example_dags/example_branch_operator.py took 0.070 seconds
[2023-12-20T21:10:36.469+0000] {processor.py:157} INFO - Started process (PID=283) to work on /home/airflow/.local/lib/python3.8/site-packages/airflow/example_dags/example_branch_operator.py
[2023-12-20T21:10:36.470+0000] {processor.py:829} INFO - Processing file /home/airflow/.local/lib/python3.8/site-packages/airflow/example_dags/example_branch_operator.py for tasks to queue
[2023-12-20T21:10:36.472+0000] {logging_mixin.py:154} INFO - [2023-12-20T21:10:36.472+0000] {dagbag.py:536} INFO - Filling up the DagBag from /home/airflow/.local/lib/python3.8/site-packages/airflow/example_dags/example_branch_operator.py
[2023-12-20T21:10:36.479+0000] {processor.py:839} INFO - DAG(s) dict_keys(['example_branch_operator']) retrieved from /home/airflow/.local/lib/python3.8/site-packages/airflow/example_dags/example_branch_operator.py
[2023-12-20T21:10:36.498+0000] {logging_mixin.py:154} INFO - [2023-12-20T21:10:36.498+0000] {dag.py:2941} INFO - Sync 1 DAGs
[2023-12-20T21:10:36.519+0000] {logging_mixin.py:154} INFO - [2023-12-20T21:10:36.519+0000] {dag.py:3722} INFO - Setting next_dagrun for example_branch_operator to 2023-12-19T00:00:00+00:00, run_after=2023-12-20T00:00:00+00:00
[2023-12-20T21:10:36.538+0000] {processor.py:179} INFO - Processing /home/airflow/.local/lib/python3.8/site-packages/airflow/example_dags/example_branch_operator.py took 0.072 seconds
[2023-12-20T21:11:06.662+0000] {processor.py:157} INFO - Started process (PID=340) to work on /home/airflow/.local/lib/python3.8/site-packages/airflow/example_dags/example_branch_operator.py
[2023-12-20T21:11:06.663+0000] {processor.py:829} INFO - Processing file /home/airflow/.local/lib/python3.8/site-packages/airflow/example_dags/example_branch_operator.py for tasks to queue
[2023-12-20T21:11:06.664+0000] {logging_mixin.py:154} INFO - [2023-12-20T21:11:06.664+0000] {dagbag.py:536} INFO - Filling up the DagBag from /home/airflow/.local/lib/python3.8/site-packages/airflow/example_dags/example_branch_operator.py
[2023-12-20T21:11:06.673+0000] {processor.py:839} INFO - DAG(s) dict_keys(['example_branch_operator']) retrieved from /home/airflow/.local/lib/python3.8/site-packages/airflow/example_dags/example_branch_operator.py
[2023-12-20T21:11:06.694+0000] {logging_mixin.py:154} INFO - [2023-12-20T21:11:06.694+0000] {dag.py:2941} INFO - Sync 1 DAGs
[2023-12-20T21:11:06.716+0000] {logging_mixin.py:154} INFO - [2023-12-20T21:11:06.716+0000] {dag.py:3722} INFO - Setting next_dagrun for example_branch_operator to 2023-12-19T00:00:00+00:00, run_after=2023-12-20T00:00:00+00:00
[2023-12-20T21:11:06.739+0000] {processor.py:179} INFO - Processing /home/airflow/.local/lib/python3.8/site-packages/airflow/example_dags/example_branch_operator.py took 0.080 seconds
[2023-12-20T21:11:36.844+0000] {processor.py:157} INFO - Started process (PID=397) to work on /home/airflow/.local/lib/python3.8/site-packages/airflow/example_dags/example_branch_operator.py
[2023-12-20T21:11:36.845+0000] {processor.py:829} INFO - Processing file /home/airflow/.local/lib/python3.8/site-packages/airflow/example_dags/example_branch_operator.py for tasks to queue
[2023-12-20T21:11:36.847+0000] {logging_mixin.py:154} INFO - [2023-12-20T21:11:36.846+0000] {dagbag.py:536} INFO - Filling up the DagBag from /home/airflow/.local/lib/python3.8/site-packages/airflow/example_dags/example_branch_operator.py
[2023-12-20T21:11:36.855+0000] {processor.py:839} INFO - DAG(s) dict_keys(['example_branch_operator']) retrieved from /home/airflow/.local/lib/python3.8/site-packages/airflow/example_dags/example_branch_operator.py
[2023-12-20T21:11:36.874+0000] {logging_mixin.py:154} INFO - [2023-12-20T21:11:36.874+0000] {dag.py:2941} INFO - Sync 1 DAGs
[2023-12-20T21:11:36.895+0000] {logging_mixin.py:154} INFO - [2023-12-20T21:11:36.894+0000] {dag.py:3722} INFO - Setting next_dagrun for example_branch_operator to 2023-12-19T00:00:00+00:00, run_after=2023-12-20T00:00:00+00:00
[2023-12-20T21:11:36.913+0000] {processor.py:179} INFO - Processing /home/airflow/.local/lib/python3.8/site-packages/airflow/example_dags/example_branch_operator.py took 0.072 seconds
[2023-12-20T21:12:07.324+0000] {processor.py:157} INFO - Started process (PID=451) to work on /home/airflow/.local/lib/python3.8/site-packages/airflow/example_dags/example_branch_operator.py
[2023-12-20T21:12:07.325+0000] {processor.py:829} INFO - Processing file /home/airflow/.local/lib/python3.8/site-packages/airflow/example_dags/example_branch_operator.py for tasks to queue
[2023-12-20T21:12:07.327+0000] {logging_mixin.py:154} INFO - [2023-12-20T21:12:07.327+0000] {dagbag.py:536} INFO - Filling up the DagBag from /home/airflow/.local/lib/python3.8/site-packages/airflow/example_dags/example_branch_operator.py
[2023-12-20T21:12:07.335+0000] {processor.py:839} INFO - DAG(s) dict_keys(['example_branch_operator']) retrieved from /home/airflow/.local/lib/python3.8/site-packages/airflow/example_dags/example_branch_operator.py
[2023-12-20T21:12:07.357+0000] {logging_mixin.py:154} INFO - [2023-12-20T21:12:07.357+0000] {dag.py:2941} INFO - Sync 1 DAGs
[2023-12-20T21:12:07.379+0000] {logging_mixin.py:154} INFO - [2023-12-20T21:12:07.379+0000] {dag.py:3722} INFO - Setting next_dagrun for example_branch_operator to 2023-12-19T00:00:00+00:00, run_after=2023-12-20T00:00:00+00:00
[2023-12-20T21:12:07.403+0000] {processor.py:179} INFO - Processing /home/airflow/.local/lib/python3.8/site-packages/airflow/example_dags/example_branch_operator.py took 0.082 seconds
[2023-12-20T21:12:37.750+0000] {processor.py:157} INFO - Started process (PID=507) to work on /home/airflow/.local/lib/python3.8/site-packages/airflow/example_dags/example_branch_operator.py
[2023-12-20T21:12:37.751+0000] {processor.py:829} INFO - Processing file /home/airflow/.local/lib/python3.8/site-packages/airflow/example_dags/example_branch_operator.py for tasks to queue
[2023-12-20T21:12:37.753+0000] {logging_mixin.py:154} INFO - [2023-12-20T21:12:37.753+0000] {dagbag.py:536} INFO - Filling up the DagBag from /home/airflow/.local/lib/python3.8/site-packages/airflow/example_dags/example_branch_operator.py
[2023-12-20T21:12:37.761+0000] {processor.py:839} INFO - DAG(s) dict_keys(['example_branch_operator']) retrieved from /home/airflow/.local/lib/python3.8/site-packages/airflow/example_dags/example_branch_operator.py
[2023-12-20T21:12:37.784+0000] {logging_mixin.py:154} INFO - [2023-12-20T21:12:37.784+0000] {dag.py:2941} INFO - Sync 1 DAGs
[2023-12-20T21:12:37.808+0000] {logging_mixin.py:154} INFO - [2023-12-20T21:12:37.808+0000] {dag.py:3722} INFO - Setting next_dagrun for example_branch_operator to 2023-12-19T00:00:00+00:00, run_after=2023-12-20T00:00:00+00:00
[2023-12-20T21:12:37.834+0000] {processor.py:179} INFO - Processing /home/airflow/.local/lib/python3.8/site-packages/airflow/example_dags/example_branch_operator.py took 0.086 seconds
[2023-12-20T21:13:07.974+0000] {processor.py:157} INFO - Started process (PID=563) to work on /home/airflow/.local/lib/python3.8/site-packages/airflow/example_dags/example_branch_operator.py
[2023-12-20T21:13:07.975+0000] {processor.py:829} INFO - Processing file /home/airflow/.local/lib/python3.8/site-packages/airflow/example_dags/example_branch_operator.py for tasks to queue
[2023-12-20T21:13:07.977+0000] {logging_mixin.py:154} INFO - [2023-12-20T21:13:07.977+0000] {dagbag.py:536} INFO - Filling up the DagBag from /home/airflow/.local/lib/python3.8/site-packages/airflow/example_dags/example_branch_operator.py
[2023-12-20T21:13:07.984+0000] {processor.py:839} INFO - DAG(s) dict_keys(['example_branch_operator']) retrieved from /home/airflow/.local/lib/python3.8/site-packages/airflow/example_dags/example_branch_operator.py
[2023-12-20T21:13:08.004+0000] {logging_mixin.py:154} INFO - [2023-12-20T21:13:08.004+0000] {dag.py:2941} INFO - Sync 1 DAGs
[2023-12-20T21:13:08.026+0000] {logging_mixin.py:154} INFO - [2023-12-20T21:13:08.026+0000] {dag.py:3722} INFO - Setting next_dagrun for example_branch_operator to 2023-12-19T00:00:00+00:00, run_after=2023-12-20T00:00:00+00:00
[2023-12-20T21:13:08.047+0000] {processor.py:179} INFO - Processing /home/airflow/.local/lib/python3.8/site-packages/airflow/example_dags/example_branch_operator.py took 0.075 seconds
[2023-12-20T21:13:38.906+0000] {processor.py:157} INFO - Started process (PID=619) to work on /home/airflow/.local/lib/python3.8/site-packages/airflow/example_dags/example_branch_operator.py
[2023-12-20T21:13:38.907+0000] {processor.py:829} INFO - Processing file /home/airflow/.local/lib/python3.8/site-packages/airflow/example_dags/example_branch_operator.py for tasks to queue
[2023-12-20T21:13:38.909+0000] {logging_mixin.py:154} INFO - [2023-12-20T21:13:38.908+0000] {dagbag.py:536} INFO - Filling up the DagBag from /home/airflow/.local/lib/python3.8/site-packages/airflow/example_dags/example_branch_operator.py
[2023-12-20T21:13:38.916+0000] {processor.py:839} INFO - DAG(s) dict_keys(['example_branch_operator']) retrieved from /home/airflow/.local/lib/python3.8/site-packages/airflow/example_dags/example_branch_operator.py
[2023-12-20T21:13:38.935+0000] {logging_mixin.py:154} INFO - [2023-12-20T21:13:38.935+0000] {dag.py:2941} INFO - Sync 1 DAGs
[2023-12-20T21:13:38.956+0000] {logging_mixin.py:154} INFO - [2023-12-20T21:13:38.956+0000] {dag.py:3722} INFO - Setting next_dagrun for example_branch_operator to 2023-12-19T00:00:00+00:00, run_after=2023-12-20T00:00:00+00:00
[2023-12-20T21:13:38.977+0000] {processor.py:179} INFO - Processing /home/airflow/.local/lib/python3.8/site-packages/airflow/example_dags/example_branch_operator.py took 0.073 seconds
[2023-12-20T21:14:09.146+0000] {processor.py:157} INFO - Started process (PID=675) to work on /home/airflow/.local/lib/python3.8/site-packages/airflow/example_dags/example_branch_operator.py
[2023-12-20T21:14:09.147+0000] {processor.py:829} INFO - Processing file /home/airflow/.local/lib/python3.8/site-packages/airflow/example_dags/example_branch_operator.py for tasks to queue
[2023-12-20T21:14:09.149+0000] {logging_mixin.py:154} INFO - [2023-12-20T21:14:09.149+0000] {dagbag.py:536} INFO - Filling up the DagBag from /home/airflow/.local/lib/python3.8/site-packages/airflow/example_dags/example_branch_operator.py
[2023-12-20T21:14:09.157+0000] {processor.py:839} INFO - DAG(s) dict_keys(['example_branch_operator']) retrieved from /home/airflow/.local/lib/python3.8/site-packages/airflow/example_dags/example_branch_operator.py
[2023-12-20T21:14:09.176+0000] {logging_mixin.py:154} INFO - [2023-12-20T21:14:09.176+0000] {dag.py:2941} INFO - Sync 1 DAGs
[2023-12-20T21:14:09.199+0000] {logging_mixin.py:154} INFO - [2023-12-20T21:14:09.199+0000] {dag.py:3722} INFO - Setting next_dagrun for example_branch_operator to 2023-12-19T00:00:00+00:00, run_after=2023-12-20T00:00:00+00:00
[2023-12-20T21:14:09.219+0000] {processor.py:179} INFO - Processing /home/airflow/.local/lib/python3.8/site-packages/airflow/example_dags/example_branch_operator.py took 0.075 seconds
[2023-12-20T21:14:40.173+0000] {processor.py:157} INFO - Started process (PID=731) to work on /home/airflow/.local/lib/python3.8/site-packages/airflow/example_dags/example_branch_operator.py
[2023-12-20T21:14:40.174+0000] {processor.py:829} INFO - Processing file /home/airflow/.local/lib/python3.8/site-packages/airflow/example_dags/example_branch_operator.py for tasks to queue
[2023-12-20T21:14:40.176+0000] {logging_mixin.py:154} INFO - [2023-12-20T21:14:40.176+0000] {dagbag.py:536} INFO - Filling up the DagBag from /home/airflow/.local/lib/python3.8/site-packages/airflow/example_dags/example_branch_operator.py
[2023-12-20T21:14:40.183+0000] {processor.py:839} INFO - DAG(s) dict_keys(['example_branch_operator']) retrieved from /home/airflow/.local/lib/python3.8/site-packages/airflow/example_dags/example_branch_operator.py
[2023-12-20T21:14:40.202+0000] {logging_mixin.py:154} INFO - [2023-12-20T21:14:40.202+0000] {dag.py:2941} INFO - Sync 1 DAGs
[2023-12-20T21:14:40.222+0000] {logging_mixin.py:154} INFO - [2023-12-20T21:14:40.222+0000] {dag.py:3722} INFO - Setting next_dagrun for example_branch_operator to 2023-12-19T00:00:00+00:00, run_after=2023-12-20T00:00:00+00:00
[2023-12-20T21:14:40.244+0000] {processor.py:179} INFO - Processing /home/airflow/.local/lib/python3.8/site-packages/airflow/example_dags/example_branch_operator.py took 0.073 seconds
[2023-12-20T21:15:10.656+0000] {processor.py:157} INFO - Started process (PID=787) to work on /home/airflow/.local/lib/python3.8/site-packages/airflow/example_dags/example_branch_operator.py
[2023-12-20T21:15:10.657+0000] {processor.py:829} INFO - Processing file /home/airflow/.local/lib/python3.8/site-packages/airflow/example_dags/example_branch_operator.py for tasks to queue
[2023-12-20T21:15:10.659+0000] {logging_mixin.py:154} INFO - [2023-12-20T21:15:10.659+0000] {dagbag.py:536} INFO - Filling up the DagBag from /home/airflow/.local/lib/python3.8/site-packages/airflow/example_dags/example_branch_operator.py
[2023-12-20T21:15:10.666+0000] {processor.py:839} INFO - DAG(s) dict_keys(['example_branch_operator']) retrieved from /home/airflow/.local/lib/python3.8/site-packages/airflow/example_dags/example_branch_operator.py
[2023-12-20T21:15:10.686+0000] {logging_mixin.py:154} INFO - [2023-12-20T21:15:10.685+0000] {dag.py:2941} INFO - Sync 1 DAGs
[2023-12-20T21:15:10.706+0000] {logging_mixin.py:154} INFO - [2023-12-20T21:15:10.706+0000] {dag.py:3722} INFO - Setting next_dagrun for example_branch_operator to 2023-12-19T00:00:00+00:00, run_after=2023-12-20T00:00:00+00:00
[2023-12-20T21:15:10.727+0000] {processor.py:179} INFO - Processing /home/airflow/.local/lib/python3.8/site-packages/airflow/example_dags/example_branch_operator.py took 0.073 seconds
[2023-12-20T21:15:41.281+0000] {processor.py:157} INFO - Started process (PID=843) to work on /home/airflow/.local/lib/python3.8/site-packages/airflow/example_dags/example_branch_operator.py
[2023-12-20T21:15:41.282+0000] {processor.py:829} INFO - Processing file /home/airflow/.local/lib/python3.8/site-packages/airflow/example_dags/example_branch_operator.py for tasks to queue
[2023-12-20T21:15:41.284+0000] {logging_mixin.py:154} INFO - [2023-12-20T21:15:41.284+0000] {dagbag.py:536} INFO - Filling up the DagBag from /home/airflow/.local/lib/python3.8/site-packages/airflow/example_dags/example_branch_operator.py
[2023-12-20T21:15:41.292+0000] {processor.py:839} INFO - DAG(s) dict_keys(['example_branch_operator']) retrieved from /home/airflow/.local/lib/python3.8/site-packages/airflow/example_dags/example_branch_operator.py
[2023-12-20T21:15:41.312+0000] {logging_mixin.py:154} INFO - [2023-12-20T21:15:41.311+0000] {dag.py:2941} INFO - Sync 1 DAGs
[2023-12-20T21:15:41.331+0000] {logging_mixin.py:154} INFO - [2023-12-20T21:15:41.331+0000] {dag.py:3722} INFO - Setting next_dagrun for example_branch_operator to 2023-12-19T00:00:00+00:00, run_after=2023-12-20T00:00:00+00:00
[2023-12-20T21:15:41.351+0000] {processor.py:179} INFO - Processing /home/airflow/.local/lib/python3.8/site-packages/airflow/example_dags/example_branch_operator.py took 0.072 seconds
[2023-12-20T21:16:11.767+0000] {processor.py:157} INFO - Started process (PID=899) to work on /home/airflow/.local/lib/python3.8/site-packages/airflow/example_dags/example_branch_operator.py
[2023-12-20T21:16:11.768+0000] {processor.py:829} INFO - Processing file /home/airflow/.local/lib/python3.8/site-packages/airflow/example_dags/example_branch_operator.py for tasks to queue
[2023-12-20T21:16:11.769+0000] {logging_mixin.py:154} INFO - [2023-12-20T21:16:11.769+0000] {dagbag.py:536} INFO - Filling up the DagBag from /home/airflow/.local/lib/python3.8/site-packages/airflow/example_dags/example_branch_operator.py
[2023-12-20T21:16:11.776+0000] {processor.py:839} INFO - DAG(s) dict_keys(['example_branch_operator']) retrieved from /home/airflow/.local/lib/python3.8/site-packages/airflow/example_dags/example_branch_operator.py
[2023-12-20T21:16:11.794+0000] {logging_mixin.py:154} INFO - [2023-12-20T21:16:11.794+0000] {dag.py:2941} INFO - Sync 1 DAGs
[2023-12-20T21:16:11.813+0000] {logging_mixin.py:154} INFO - [2023-12-20T21:16:11.813+0000] {dag.py:3722} INFO - Setting next_dagrun for example_branch_operator to 2023-12-19T00:00:00+00:00, run_after=2023-12-20T00:00:00+00:00
[2023-12-20T21:16:11.829+0000] {processor.py:179} INFO - Processing /home/airflow/.local/lib/python3.8/site-packages/airflow/example_dags/example_branch_operator.py took 0.064 seconds
[2023-12-20T21:16:42.941+0000] {processor.py:157} INFO - Started process (PID=955) to work on /home/airflow/.local/lib/python3.8/site-packages/airflow/example_dags/example_branch_operator.py
[2023-12-20T21:16:42.942+0000] {processor.py:829} INFO - Processing file /home/airflow/.local/lib/python3.8/site-packages/airflow/example_dags/example_branch_operator.py for tasks to queue
[2023-12-20T21:16:42.944+0000] {logging_mixin.py:154} INFO - [2023-12-20T21:16:42.943+0000] {dagbag.py:536} INFO - Filling up the DagBag from /home/airflow/.local/lib/python3.8/site-packages/airflow/example_dags/example_branch_operator.py
[2023-12-20T21:16:42.950+0000] {processor.py:839} INFO - DAG(s) dict_keys(['example_branch_operator']) retrieved from /home/airflow/.local/lib/python3.8/site-packages/airflow/example_dags/example_branch_operator.py
[2023-12-20T21:16:42.969+0000] {logging_mixin.py:154} INFO - [2023-12-20T21:16:42.969+0000] {dag.py:2941} INFO - Sync 1 DAGs
[2023-12-20T21:16:42.989+0000] {logging_mixin.py:154} INFO - [2023-12-20T21:16:42.989+0000] {dag.py:3722} INFO - Setting next_dagrun for example_branch_operator to 2023-12-19T00:00:00+00:00, run_after=2023-12-20T00:00:00+00:00
[2023-12-20T21:16:43.007+0000] {processor.py:179} INFO - Processing /home/airflow/.local/lib/python3.8/site-packages/airflow/example_dags/example_branch_operator.py took 0.069 seconds
[2023-12-20T21:17:13.799+0000] {processor.py:157} INFO - Started process (PID=1011) to work on /home/airflow/.local/lib/python3.8/site-packages/airflow/example_dags/example_branch_operator.py
[2023-12-20T21:17:13.800+0000] {processor.py:829} INFO - Processing file /home/airflow/.local/lib/python3.8/site-packages/airflow/example_dags/example_branch_operator.py for tasks to queue
[2023-12-20T21:17:13.802+0000] {logging_mixin.py:154} INFO - [2023-12-20T21:17:13.802+0000] {dagbag.py:536} INFO - Filling up the DagBag from /home/airflow/.local/lib/python3.8/site-packages/airflow/example_dags/example_branch_operator.py
[2023-12-20T21:17:13.809+0000] {processor.py:839} INFO - DAG(s) dict_keys(['example_branch_operator']) retrieved from /home/airflow/.local/lib/python3.8/site-packages/airflow/example_dags/example_branch_operator.py
[2023-12-20T21:17:13.829+0000] {logging_mixin.py:154} INFO - [2023-12-20T21:17:13.829+0000] {dag.py:2941} INFO - Sync 1 DAGs
[2023-12-20T21:17:13.849+0000] {logging_mixin.py:154} INFO - [2023-12-20T21:17:13.849+0000] {dag.py:3722} INFO - Setting next_dagrun for example_branch_operator to 2023-12-19T00:00:00+00:00, run_after=2023-12-20T00:00:00+00:00
[2023-12-20T21:17:14.006+0000] {processor.py:179} INFO - Processing /home/airflow/.local/lib/python3.8/site-packages/airflow/example_dags/example_branch_operator.py took 0.209 seconds
[2023-12-20T21:17:44.086+0000] {processor.py:157} INFO - Started process (PID=1067) to work on /home/airflow/.local/lib/python3.8/site-packages/airflow/example_dags/example_branch_operator.py
[2023-12-20T21:17:44.087+0000] {processor.py:829} INFO - Processing file /home/airflow/.local/lib/python3.8/site-packages/airflow/example_dags/example_branch_operator.py for tasks to queue
[2023-12-20T21:17:44.088+0000] {logging_mixin.py:154} INFO - [2023-12-20T21:17:44.088+0000] {dagbag.py:536} INFO - Filling up the DagBag from /home/airflow/.local/lib/python3.8/site-packages/airflow/example_dags/example_branch_operator.py
[2023-12-20T21:17:44.095+0000] {processor.py:839} INFO - DAG(s) dict_keys(['example_branch_operator']) retrieved from /home/airflow/.local/lib/python3.8/site-packages/airflow/example_dags/example_branch_operator.py
[2023-12-20T21:17:44.114+0000] {logging_mixin.py:154} INFO - [2023-12-20T21:17:44.114+0000] {dag.py:2941} INFO - Sync 1 DAGs
[2023-12-20T21:17:44.135+0000] {logging_mixin.py:154} INFO - [2023-12-20T21:17:44.134+0000] {dag.py:3722} INFO - Setting next_dagrun for example_branch_operator to 2023-12-19T00:00:00+00:00, run_after=2023-12-20T00:00:00+00:00
[2023-12-20T21:17:44.156+0000] {processor.py:179} INFO - Processing /home/airflow/.local/lib/python3.8/site-packages/airflow/example_dags/example_branch_operator.py took 0.072 seconds
[2023-12-20T21:18:14.370+0000] {processor.py:157} INFO - Started process (PID=1123) to work on /home/airflow/.local/lib/python3.8/site-packages/airflow/example_dags/example_branch_operator.py
[2023-12-20T21:18:14.371+0000] {processor.py:829} INFO - Processing file /home/airflow/.local/lib/python3.8/site-packages/airflow/example_dags/example_branch_operator.py for tasks to queue
[2023-12-20T21:18:14.373+0000] {logging_mixin.py:154} INFO - [2023-12-20T21:18:14.373+0000] {dagbag.py:536} INFO - Filling up the DagBag from /home/airflow/.local/lib/python3.8/site-packages/airflow/example_dags/example_branch_operator.py
[2023-12-20T21:18:14.381+0000] {processor.py:839} INFO - DAG(s) dict_keys(['example_branch_operator']) retrieved from /home/airflow/.local/lib/python3.8/site-packages/airflow/example_dags/example_branch_operator.py
[2023-12-20T21:18:14.401+0000] {logging_mixin.py:154} INFO - [2023-12-20T21:18:14.401+0000] {dag.py:2941} INFO - Sync 1 DAGs
[2023-12-20T21:18:14.421+0000] {logging_mixin.py:154} INFO - [2023-12-20T21:18:14.421+0000] {dag.py:3722} INFO - Setting next_dagrun for example_branch_operator to 2023-12-19T00:00:00+00:00, run_after=2023-12-20T00:00:00+00:00
[2023-12-20T21:18:14.442+0000] {processor.py:179} INFO - Processing /home/airflow/.local/lib/python3.8/site-packages/airflow/example_dags/example_branch_operator.py took 0.074 seconds
[2023-12-20T21:18:44.767+0000] {processor.py:157} INFO - Started process (PID=1179) to work on /home/airflow/.local/lib/python3.8/site-packages/airflow/example_dags/example_branch_operator.py
[2023-12-20T21:18:44.768+0000] {processor.py:829} INFO - Processing file /home/airflow/.local/lib/python3.8/site-packages/airflow/example_dags/example_branch_operator.py for tasks to queue
[2023-12-20T21:18:44.769+0000] {logging_mixin.py:154} INFO - [2023-12-20T21:18:44.769+0000] {dagbag.py:536} INFO - Filling up the DagBag from /home/airflow/.local/lib/python3.8/site-packages/airflow/example_dags/example_branch_operator.py
[2023-12-20T21:18:44.776+0000] {processor.py:839} INFO - DAG(s) dict_keys(['example_branch_operator']) retrieved from /home/airflow/.local/lib/python3.8/site-packages/airflow/example_dags/example_branch_operator.py
[2023-12-20T21:18:44.794+0000] {logging_mixin.py:154} INFO - [2023-12-20T21:18:44.794+0000] {dag.py:2941} INFO - Sync 1 DAGs
[2023-12-20T21:18:44.813+0000] {logging_mixin.py:154} INFO - [2023-12-20T21:18:44.813+0000] {dag.py:3722} INFO - Setting next_dagrun for example_branch_operator to 2023-12-19T00:00:00+00:00, run_after=2023-12-20T00:00:00+00:00
[2023-12-20T21:18:44.831+0000] {processor.py:179} INFO - Processing /home/airflow/.local/lib/python3.8/site-packages/airflow/example_dags/example_branch_operator.py took 0.067 seconds
[2023-12-20T21:19:15.791+0000] {processor.py:157} INFO - Started process (PID=1235) to work on /home/airflow/.local/lib/python3.8/site-packages/airflow/example_dags/example_branch_operator.py
[2023-12-20T21:19:15.792+0000] {processor.py:829} INFO - Processing file /home/airflow/.local/lib/python3.8/site-packages/airflow/example_dags/example_branch_operator.py for tasks to queue
[2023-12-20T21:19:15.794+0000] {logging_mixin.py:154} INFO - [2023-12-20T21:19:15.794+0000] {dagbag.py:536} INFO - Filling up the DagBag from /home/airflow/.local/lib/python3.8/site-packages/airflow/example_dags/example_branch_operator.py
[2023-12-20T21:19:15.802+0000] {processor.py:839} INFO - DAG(s) dict_keys(['example_branch_operator']) retrieved from /home/airflow/.local/lib/python3.8/site-packages/airflow/example_dags/example_branch_operator.py
[2023-12-20T21:19:15.825+0000] {logging_mixin.py:154} INFO - [2023-12-20T21:19:15.824+0000] {dag.py:2941} INFO - Sync 1 DAGs
[2023-12-20T21:19:15.973+0000] {logging_mixin.py:154} INFO - [2023-12-20T21:19:15.973+0000] {dag.py:3722} INFO - Setting next_dagrun for example_branch_operator to 2023-12-19T00:00:00+00:00, run_after=2023-12-20T00:00:00+00:00
[2023-12-20T21:19:15.994+0000] {processor.py:179} INFO - Processing /home/airflow/.local/lib/python3.8/site-packages/airflow/example_dags/example_branch_operator.py took 0.205 seconds
[2023-12-20T21:19:46.244+0000] {processor.py:157} INFO - Started process (PID=1291) to work on /home/airflow/.local/lib/python3.8/site-packages/airflow/example_dags/example_branch_operator.py
[2023-12-20T21:19:46.245+0000] {processor.py:829} INFO - Processing file /home/airflow/.local/lib/python3.8/site-packages/airflow/example_dags/example_branch_operator.py for tasks to queue
[2023-12-20T21:19:46.247+0000] {logging_mixin.py:154} INFO - [2023-12-20T21:19:46.247+0000] {dagbag.py:536} INFO - Filling up the DagBag from /home/airflow/.local/lib/python3.8/site-packages/airflow/example_dags/example_branch_operator.py
[2023-12-20T21:19:46.254+0000] {processor.py:839} INFO - DAG(s) dict_keys(['example_branch_operator']) retrieved from /home/airflow/.local/lib/python3.8/site-packages/airflow/example_dags/example_branch_operator.py
[2023-12-20T21:19:46.273+0000] {logging_mixin.py:154} INFO - [2023-12-20T21:19:46.273+0000] {dag.py:2941} INFO - Sync 1 DAGs
[2023-12-20T21:19:46.293+0000] {logging_mixin.py:154} INFO - [2023-12-20T21:19:46.293+0000] {dag.py:3722} INFO - Setting next_dagrun for example_branch_operator to 2023-12-19T00:00:00+00:00, run_after=2023-12-20T00:00:00+00:00
[2023-12-20T21:19:46.314+0000] {processor.py:179} INFO - Processing /home/airflow/.local/lib/python3.8/site-packages/airflow/example_dags/example_branch_operator.py took 0.072 seconds
[2023-12-20T21:20:16.587+0000] {processor.py:157} INFO - Started process (PID=1347) to work on /home/airflow/.local/lib/python3.8/site-packages/airflow/example_dags/example_branch_operator.py
[2023-12-20T21:20:16.588+0000] {processor.py:829} INFO - Processing file /home/airflow/.local/lib/python3.8/site-packages/airflow/example_dags/example_branch_operator.py for tasks to queue
[2023-12-20T21:20:16.590+0000] {logging_mixin.py:154} INFO - [2023-12-20T21:20:16.590+0000] {dagbag.py:536} INFO - Filling up the DagBag from /home/airflow/.local/lib/python3.8/site-packages/airflow/example_dags/example_branch_operator.py
[2023-12-20T21:20:16.596+0000] {processor.py:839} INFO - DAG(s) dict_keys(['example_branch_operator']) retrieved from /home/airflow/.local/lib/python3.8/site-packages/airflow/example_dags/example_branch_operator.py
[2023-12-20T21:20:16.615+0000] {logging_mixin.py:154} INFO - [2023-12-20T21:20:16.615+0000] {dag.py:2941} INFO - Sync 1 DAGs
[2023-12-20T21:20:16.634+0000] {logging_mixin.py:154} INFO - [2023-12-20T21:20:16.634+0000] {dag.py:3722} INFO - Setting next_dagrun for example_branch_operator to 2023-12-19T00:00:00+00:00, run_after=2023-12-20T00:00:00+00:00
[2023-12-20T21:20:16.653+0000] {processor.py:179} INFO - Processing /home/airflow/.local/lib/python3.8/site-packages/airflow/example_dags/example_branch_operator.py took 0.068 seconds
[2023-12-20T21:20:47.306+0000] {processor.py:157} INFO - Started process (PID=1403) to work on /home/airflow/.local/lib/python3.8/site-packages/airflow/example_dags/example_branch_operator.py
[2023-12-20T21:20:47.307+0000] {processor.py:829} INFO - Processing file /home/airflow/.local/lib/python3.8/site-packages/airflow/example_dags/example_branch_operator.py for tasks to queue
[2023-12-20T21:20:47.309+0000] {logging_mixin.py:154} INFO - [2023-12-20T21:20:47.309+0000] {dagbag.py:536} INFO - Filling up the DagBag from /home/airflow/.local/lib/python3.8/site-packages/airflow/example_dags/example_branch_operator.py
[2023-12-20T21:20:47.317+0000] {processor.py:839} INFO - DAG(s) dict_keys(['example_branch_operator']) retrieved from /home/airflow/.local/lib/python3.8/site-packages/airflow/example_dags/example_branch_operator.py
[2023-12-20T21:20:47.336+0000] {logging_mixin.py:154} INFO - [2023-12-20T21:20:47.335+0000] {dag.py:2941} INFO - Sync 1 DAGs
[2023-12-20T21:20:47.356+0000] {logging_mixin.py:154} INFO - [2023-12-20T21:20:47.356+0000] {dag.py:3722} INFO - Setting next_dagrun for example_branch_operator to 2023-12-19T00:00:00+00:00, run_after=2023-12-20T00:00:00+00:00
[2023-12-20T21:20:47.376+0000] {processor.py:179} INFO - Processing /home/airflow/.local/lib/python3.8/site-packages/airflow/example_dags/example_branch_operator.py took 0.072 seconds
[2023-12-20T21:21:18.219+0000] {processor.py:157} INFO - Started process (PID=1459) to work on /home/airflow/.local/lib/python3.8/site-packages/airflow/example_dags/example_branch_operator.py
[2023-12-20T21:21:18.220+0000] {processor.py:829} INFO - Processing file /home/airflow/.local/lib/python3.8/site-packages/airflow/example_dags/example_branch_operator.py for tasks to queue
[2023-12-20T21:21:18.222+0000] {logging_mixin.py:154} INFO - [2023-12-20T21:21:18.222+0000] {dagbag.py:536} INFO - Filling up the DagBag from /home/airflow/.local/lib/python3.8/site-packages/airflow/example_dags/example_branch_operator.py
[2023-12-20T21:21:18.230+0000] {processor.py:839} INFO - DAG(s) dict_keys(['example_branch_operator']) retrieved from /home/airflow/.local/lib/python3.8/site-packages/airflow/example_dags/example_branch_operator.py
[2023-12-20T21:21:18.249+0000] {logging_mixin.py:154} INFO - [2023-12-20T21:21:18.249+0000] {dag.py:2941} INFO - Sync 1 DAGs
[2023-12-20T21:21:18.381+0000] {logging_mixin.py:154} INFO - [2023-12-20T21:21:18.381+0000] {dag.py:3722} INFO - Setting next_dagrun for example_branch_operator to 2023-12-19T00:00:00+00:00, run_after=2023-12-20T00:00:00+00:00
[2023-12-20T21:21:18.401+0000] {processor.py:179} INFO - Processing /home/airflow/.local/lib/python3.8/site-packages/airflow/example_dags/example_branch_operator.py took 0.183 seconds
[2023-12-20T21:21:48.887+0000] {processor.py:157} INFO - Started process (PID=1515) to work on /home/airflow/.local/lib/python3.8/site-packages/airflow/example_dags/example_branch_operator.py
[2023-12-20T21:21:48.888+0000] {processor.py:829} INFO - Processing file /home/airflow/.local/lib/python3.8/site-packages/airflow/example_dags/example_branch_operator.py for tasks to queue
[2023-12-20T21:21:48.890+0000] {logging_mixin.py:154} INFO - [2023-12-20T21:21:48.889+0000] {dagbag.py:536} INFO - Filling up the DagBag from /home/airflow/.local/lib/python3.8/site-packages/airflow/example_dags/example_branch_operator.py
[2023-12-20T21:21:48.897+0000] {processor.py:839} INFO - DAG(s) dict_keys(['example_branch_operator']) retrieved from /home/airflow/.local/lib/python3.8/site-packages/airflow/example_dags/example_branch_operator.py
[2023-12-20T21:21:48.916+0000] {logging_mixin.py:154} INFO - [2023-12-20T21:21:48.916+0000] {dag.py:2941} INFO - Sync 1 DAGs
[2023-12-20T21:21:48.938+0000] {logging_mixin.py:154} INFO - [2023-12-20T21:21:48.937+0000] {dag.py:3722} INFO - Setting next_dagrun for example_branch_operator to 2023-12-19T00:00:00+00:00, run_after=2023-12-20T00:00:00+00:00
[2023-12-20T21:21:48.958+0000] {processor.py:179} INFO - Processing /home/airflow/.local/lib/python3.8/site-packages/airflow/example_dags/example_branch_operator.py took 0.074 seconds
[2023-12-20T21:22:19.269+0000] {processor.py:157} INFO - Started process (PID=1571) to work on /home/airflow/.local/lib/python3.8/site-packages/airflow/example_dags/example_branch_operator.py
[2023-12-20T21:22:19.270+0000] {processor.py:829} INFO - Processing file /home/airflow/.local/lib/python3.8/site-packages/airflow/example_dags/example_branch_operator.py for tasks to queue
[2023-12-20T21:22:19.272+0000] {logging_mixin.py:154} INFO - [2023-12-20T21:22:19.271+0000] {dagbag.py:536} INFO - Filling up the DagBag from /home/airflow/.local/lib/python3.8/site-packages/airflow/example_dags/example_branch_operator.py
[2023-12-20T21:22:19.279+0000] {processor.py:839} INFO - DAG(s) dict_keys(['example_branch_operator']) retrieved from /home/airflow/.local/lib/python3.8/site-packages/airflow/example_dags/example_branch_operator.py
[2023-12-20T21:22:19.299+0000] {logging_mixin.py:154} INFO - [2023-12-20T21:22:19.299+0000] {dag.py:2941} INFO - Sync 1 DAGs
[2023-12-20T21:22:19.322+0000] {logging_mixin.py:154} INFO - [2023-12-20T21:22:19.322+0000] {dag.py:3722} INFO - Setting next_dagrun for example_branch_operator to 2023-12-19T00:00:00+00:00, run_after=2023-12-20T00:00:00+00:00
[2023-12-20T21:22:19.346+0000] {processor.py:179} INFO - Processing /home/airflow/.local/lib/python3.8/site-packages/airflow/example_dags/example_branch_operator.py took 0.079 seconds
[2023-12-20T21:22:49.625+0000] {processor.py:157} INFO - Started process (PID=1627) to work on /home/airflow/.local/lib/python3.8/site-packages/airflow/example_dags/example_branch_operator.py
[2023-12-20T21:22:49.626+0000] {processor.py:829} INFO - Processing file /home/airflow/.local/lib/python3.8/site-packages/airflow/example_dags/example_branch_operator.py for tasks to queue
[2023-12-20T21:22:49.629+0000] {logging_mixin.py:154} INFO - [2023-12-20T21:22:49.628+0000] {dagbag.py:536} INFO - Filling up the DagBag from /home/airflow/.local/lib/python3.8/site-packages/airflow/example_dags/example_branch_operator.py
[2023-12-20T21:22:49.636+0000] {processor.py:839} INFO - DAG(s) dict_keys(['example_branch_operator']) retrieved from /home/airflow/.local/lib/python3.8/site-packages/airflow/example_dags/example_branch_operator.py
[2023-12-20T21:22:49.657+0000] {logging_mixin.py:154} INFO - [2023-12-20T21:22:49.657+0000] {dag.py:2941} INFO - Sync 1 DAGs
[2023-12-20T21:22:49.679+0000] {logging_mixin.py:154} INFO - [2023-12-20T21:22:49.678+0000] {dag.py:3722} INFO - Setting next_dagrun for example_branch_operator to 2023-12-19T00:00:00+00:00, run_after=2023-12-20T00:00:00+00:00
[2023-12-20T21:22:49.697+0000] {processor.py:179} INFO - Processing /home/airflow/.local/lib/python3.8/site-packages/airflow/example_dags/example_branch_operator.py took 0.074 seconds
[2023-12-20T21:23:19.977+0000] {processor.py:157} INFO - Started process (PID=1683) to work on /home/airflow/.local/lib/python3.8/site-packages/airflow/example_dags/example_branch_operator.py
[2023-12-20T21:23:19.978+0000] {processor.py:829} INFO - Processing file /home/airflow/.local/lib/python3.8/site-packages/airflow/example_dags/example_branch_operator.py for tasks to queue
[2023-12-20T21:23:19.980+0000] {logging_mixin.py:154} INFO - [2023-12-20T21:23:19.979+0000] {dagbag.py:536} INFO - Filling up the DagBag from /home/airflow/.local/lib/python3.8/site-packages/airflow/example_dags/example_branch_operator.py
[2023-12-20T21:23:19.987+0000] {processor.py:839} INFO - DAG(s) dict_keys(['example_branch_operator']) retrieved from /home/airflow/.local/lib/python3.8/site-packages/airflow/example_dags/example_branch_operator.py
[2023-12-20T21:23:20.009+0000] {logging_mixin.py:154} INFO - [2023-12-20T21:23:20.009+0000] {dag.py:2941} INFO - Sync 1 DAGs
[2023-12-20T21:23:20.031+0000] {logging_mixin.py:154} INFO - [2023-12-20T21:23:20.031+0000] {dag.py:3722} INFO - Setting next_dagrun for example_branch_operator to 2023-12-19T00:00:00+00:00, run_after=2023-12-20T00:00:00+00:00
[2023-12-20T21:23:20.052+0000] {processor.py:179} INFO - Processing /home/airflow/.local/lib/python3.8/site-packages/airflow/example_dags/example_branch_operator.py took 0.078 seconds
[2023-12-20T21:23:50.282+0000] {processor.py:157} INFO - Started process (PID=1739) to work on /home/airflow/.local/lib/python3.8/site-packages/airflow/example_dags/example_branch_operator.py
[2023-12-20T21:23:50.283+0000] {processor.py:829} INFO - Processing file /home/airflow/.local/lib/python3.8/site-packages/airflow/example_dags/example_branch_operator.py for tasks to queue
[2023-12-20T21:23:50.285+0000] {logging_mixin.py:154} INFO - [2023-12-20T21:23:50.285+0000] {dagbag.py:536} INFO - Filling up the DagBag from /home/airflow/.local/lib/python3.8/site-packages/airflow/example_dags/example_branch_operator.py
[2023-12-20T21:23:50.292+0000] {processor.py:839} INFO - DAG(s) dict_keys(['example_branch_operator']) retrieved from /home/airflow/.local/lib/python3.8/site-packages/airflow/example_dags/example_branch_operator.py
[2023-12-20T21:23:50.313+0000] {logging_mixin.py:154} INFO - [2023-12-20T21:23:50.313+0000] {dag.py:2941} INFO - Sync 1 DAGs
[2023-12-20T21:23:50.334+0000] {logging_mixin.py:154} INFO - [2023-12-20T21:23:50.334+0000] {dag.py:3722} INFO - Setting next_dagrun for example_branch_operator to 2023-12-19T00:00:00+00:00, run_after=2023-12-20T00:00:00+00:00
[2023-12-20T21:23:50.353+0000] {processor.py:179} INFO - Processing /home/airflow/.local/lib/python3.8/site-packages/airflow/example_dags/example_branch_operator.py took 0.074 seconds
[2023-12-20T21:24:20.647+0000] {processor.py:157} INFO - Started process (PID=1795) to work on /home/airflow/.local/lib/python3.8/site-packages/airflow/example_dags/example_branch_operator.py
[2023-12-20T21:24:20.647+0000] {processor.py:829} INFO - Processing file /home/airflow/.local/lib/python3.8/site-packages/airflow/example_dags/example_branch_operator.py for tasks to queue
[2023-12-20T21:24:20.649+0000] {logging_mixin.py:154} INFO - [2023-12-20T21:24:20.649+0000] {dagbag.py:536} INFO - Filling up the DagBag from /home/airflow/.local/lib/python3.8/site-packages/airflow/example_dags/example_branch_operator.py
[2023-12-20T21:24:20.656+0000] {processor.py:839} INFO - DAG(s) dict_keys(['example_branch_operator']) retrieved from /home/airflow/.local/lib/python3.8/site-packages/airflow/example_dags/example_branch_operator.py
[2023-12-20T21:24:20.674+0000] {logging_mixin.py:154} INFO - [2023-12-20T21:24:20.674+0000] {dag.py:2941} INFO - Sync 1 DAGs
[2023-12-20T21:24:20.695+0000] {logging_mixin.py:154} INFO - [2023-12-20T21:24:20.694+0000] {dag.py:3722} INFO - Setting next_dagrun for example_branch_operator to 2023-12-19T00:00:00+00:00, run_after=2023-12-20T00:00:00+00:00
[2023-12-20T21:24:20.713+0000] {processor.py:179} INFO - Processing /home/airflow/.local/lib/python3.8/site-packages/airflow/example_dags/example_branch_operator.py took 0.069 seconds
[2023-12-20T21:24:51.024+0000] {processor.py:157} INFO - Started process (PID=1851) to work on /home/airflow/.local/lib/python3.8/site-packages/airflow/example_dags/example_branch_operator.py
[2023-12-20T21:24:51.025+0000] {processor.py:829} INFO - Processing file /home/airflow/.local/lib/python3.8/site-packages/airflow/example_dags/example_branch_operator.py for tasks to queue
[2023-12-20T21:24:51.027+0000] {logging_mixin.py:154} INFO - [2023-12-20T21:24:51.027+0000] {dagbag.py:536} INFO - Filling up the DagBag from /home/airflow/.local/lib/python3.8/site-packages/airflow/example_dags/example_branch_operator.py
[2023-12-20T21:24:51.035+0000] {processor.py:839} INFO - DAG(s) dict_keys(['example_branch_operator']) retrieved from /home/airflow/.local/lib/python3.8/site-packages/airflow/example_dags/example_branch_operator.py
[2023-12-20T21:24:51.054+0000] {logging_mixin.py:154} INFO - [2023-12-20T21:24:51.054+0000] {dag.py:2941} INFO - Sync 1 DAGs
[2023-12-20T21:24:51.075+0000] {logging_mixin.py:154} INFO - [2023-12-20T21:24:51.075+0000] {dag.py:3722} INFO - Setting next_dagrun for example_branch_operator to 2023-12-19T00:00:00+00:00, run_after=2023-12-20T00:00:00+00:00
[2023-12-20T21:24:51.096+0000] {processor.py:179} INFO - Processing /home/airflow/.local/lib/python3.8/site-packages/airflow/example_dags/example_branch_operator.py took 0.074 seconds
[2023-12-20T21:25:21.418+0000] {processor.py:157} INFO - Started process (PID=1907) to work on /home/airflow/.local/lib/python3.8/site-packages/airflow/example_dags/example_branch_operator.py
[2023-12-20T21:25:21.419+0000] {processor.py:829} INFO - Processing file /home/airflow/.local/lib/python3.8/site-packages/airflow/example_dags/example_branch_operator.py for tasks to queue
[2023-12-20T21:25:21.421+0000] {logging_mixin.py:154} INFO - [2023-12-20T21:25:21.420+0000] {dagbag.py:536} INFO - Filling up the DagBag from /home/airflow/.local/lib/python3.8/site-packages/airflow/example_dags/example_branch_operator.py
[2023-12-20T21:25:21.427+0000] {processor.py:839} INFO - DAG(s) dict_keys(['example_branch_operator']) retrieved from /home/airflow/.local/lib/python3.8/site-packages/airflow/example_dags/example_branch_operator.py
[2023-12-20T21:25:21.447+0000] {logging_mixin.py:154} INFO - [2023-12-20T21:25:21.447+0000] {dag.py:2941} INFO - Sync 1 DAGs
[2023-12-20T21:25:21.468+0000] {logging_mixin.py:154} INFO - [2023-12-20T21:25:21.468+0000] {dag.py:3722} INFO - Setting next_dagrun for example_branch_operator to 2023-12-19T00:00:00+00:00, run_after=2023-12-20T00:00:00+00:00
[2023-12-20T21:25:21.487+0000] {processor.py:179} INFO - Processing /home/airflow/.local/lib/python3.8/site-packages/airflow/example_dags/example_branch_operator.py took 0.071 seconds
[2023-12-20T21:25:51.742+0000] {processor.py:157} INFO - Started process (PID=1963) to work on /home/airflow/.local/lib/python3.8/site-packages/airflow/example_dags/example_branch_operator.py
[2023-12-20T21:25:51.743+0000] {processor.py:829} INFO - Processing file /home/airflow/.local/lib/python3.8/site-packages/airflow/example_dags/example_branch_operator.py for tasks to queue
[2023-12-20T21:25:51.745+0000] {logging_mixin.py:154} INFO - [2023-12-20T21:25:51.744+0000] {dagbag.py:536} INFO - Filling up the DagBag from /home/airflow/.local/lib/python3.8/site-packages/airflow/example_dags/example_branch_operator.py
[2023-12-20T21:25:51.752+0000] {processor.py:839} INFO - DAG(s) dict_keys(['example_branch_operator']) retrieved from /home/airflow/.local/lib/python3.8/site-packages/airflow/example_dags/example_branch_operator.py
[2023-12-20T21:25:51.771+0000] {logging_mixin.py:154} INFO - [2023-12-20T21:25:51.770+0000] {dag.py:2941} INFO - Sync 1 DAGs
[2023-12-20T21:25:51.789+0000] {logging_mixin.py:154} INFO - [2023-12-20T21:25:51.789+0000] {dag.py:3722} INFO - Setting next_dagrun for example_branch_operator to 2023-12-19T00:00:00+00:00, run_after=2023-12-20T00:00:00+00:00
[2023-12-20T21:25:51.807+0000] {processor.py:179} INFO - Processing /home/airflow/.local/lib/python3.8/site-packages/airflow/example_dags/example_branch_operator.py took 0.067 seconds
[2023-12-20T21:26:22.223+0000] {processor.py:157} INFO - Started process (PID=2019) to work on /home/airflow/.local/lib/python3.8/site-packages/airflow/example_dags/example_branch_operator.py
[2023-12-20T21:26:22.224+0000] {processor.py:829} INFO - Processing file /home/airflow/.local/lib/python3.8/site-packages/airflow/example_dags/example_branch_operator.py for tasks to queue
[2023-12-20T21:26:22.226+0000] {logging_mixin.py:154} INFO - [2023-12-20T21:26:22.226+0000] {dagbag.py:536} INFO - Filling up the DagBag from /home/airflow/.local/lib/python3.8/site-packages/airflow/example_dags/example_branch_operator.py
[2023-12-20T21:26:22.233+0000] {processor.py:839} INFO - DAG(s) dict_keys(['example_branch_operator']) retrieved from /home/airflow/.local/lib/python3.8/site-packages/airflow/example_dags/example_branch_operator.py
[2023-12-20T21:26:22.253+0000] {logging_mixin.py:154} INFO - [2023-12-20T21:26:22.252+0000] {dag.py:2941} INFO - Sync 1 DAGs
[2023-12-20T21:26:22.274+0000] {logging_mixin.py:154} INFO - [2023-12-20T21:26:22.274+0000] {dag.py:3722} INFO - Setting next_dagrun for example_branch_operator to 2023-12-19T00:00:00+00:00, run_after=2023-12-20T00:00:00+00:00
[2023-12-20T21:26:22.294+0000] {processor.py:179} INFO - Processing /home/airflow/.local/lib/python3.8/site-packages/airflow/example_dags/example_branch_operator.py took 0.073 seconds
