[2023-12-20T21:08:35.344+0000] {processor.py:157} INFO - Started process (PID=72) to work on /home/airflow/.local/lib/python3.8/site-packages/airflow/example_dags/example_short_circuit_decorator.py
[2023-12-20T21:08:35.345+0000] {processor.py:829} INFO - Processing file /home/airflow/.local/lib/python3.8/site-packages/airflow/example_dags/example_short_circuit_decorator.py for tasks to queue
[2023-12-20T21:08:35.348+0000] {logging_mixin.py:154} INFO - [2023-12-20T21:08:35.347+0000] {dagbag.py:536} INFO - Filling up the DagBag from /home/airflow/.local/lib/python3.8/site-packages/airflow/example_dags/example_short_circuit_decorator.py
[2023-12-20T21:08:35.362+0000] {processor.py:839} INFO - DAG(s) dict_keys(['example_short_circuit_decorator']) retrieved from /home/airflow/.local/lib/python3.8/site-packages/airflow/example_dags/example_short_circuit_decorator.py
[2023-12-20T21:08:35.382+0000] {logging_mixin.py:154} INFO - [2023-12-20T21:08:35.381+0000] {dag.py:2941} INFO - Sync 1 DAGs
[2023-12-20T21:08:35.417+0000] {logging_mixin.py:154} INFO - [2023-12-20T21:08:35.417+0000] {dag.py:3722} INFO - Setting next_dagrun for example_short_circuit_decorator to 2023-12-19T21:08:35.416970+00:00, run_after=2023-12-20T21:08:35.416970+00:00
[2023-12-20T21:08:35.449+0000] {processor.py:179} INFO - Processing /home/airflow/.local/lib/python3.8/site-packages/airflow/example_dags/example_short_circuit_decorator.py took 0.108 seconds
[2023-12-20T21:09:05.582+0000] {processor.py:157} INFO - Started process (PID=128) to work on /home/airflow/.local/lib/python3.8/site-packages/airflow/example_dags/example_short_circuit_decorator.py
[2023-12-20T21:09:05.583+0000] {processor.py:829} INFO - Processing file /home/airflow/.local/lib/python3.8/site-packages/airflow/example_dags/example_short_circuit_decorator.py for tasks to queue
[2023-12-20T21:09:05.584+0000] {logging_mixin.py:154} INFO - [2023-12-20T21:09:05.584+0000] {dagbag.py:536} INFO - Filling up the DagBag from /home/airflow/.local/lib/python3.8/site-packages/airflow/example_dags/example_short_circuit_decorator.py
[2023-12-20T21:09:05.591+0000] {processor.py:839} INFO - DAG(s) dict_keys(['example_short_circuit_decorator']) retrieved from /home/airflow/.local/lib/python3.8/site-packages/airflow/example_dags/example_short_circuit_decorator.py
[2023-12-20T21:09:05.611+0000] {logging_mixin.py:154} INFO - [2023-12-20T21:09:05.611+0000] {dag.py:2941} INFO - Sync 1 DAGs
[2023-12-20T21:09:05.632+0000] {logging_mixin.py:154} INFO - [2023-12-20T21:09:05.632+0000] {dag.py:3722} INFO - Setting next_dagrun for example_short_circuit_decorator to 2023-12-19T21:09:05.631908+00:00, run_after=2023-12-20T21:09:05.631908+00:00
[2023-12-20T21:09:05.651+0000] {processor.py:179} INFO - Processing /home/airflow/.local/lib/python3.8/site-packages/airflow/example_dags/example_short_circuit_decorator.py took 0.072 seconds
[2023-12-20T21:09:36.380+0000] {processor.py:157} INFO - Started process (PID=184) to work on /home/airflow/.local/lib/python3.8/site-packages/airflow/example_dags/example_short_circuit_decorator.py
[2023-12-20T21:09:36.381+0000] {processor.py:829} INFO - Processing file /home/airflow/.local/lib/python3.8/site-packages/airflow/example_dags/example_short_circuit_decorator.py for tasks to queue
[2023-12-20T21:09:36.384+0000] {logging_mixin.py:154} INFO - [2023-12-20T21:09:36.384+0000] {dagbag.py:536} INFO - Filling up the DagBag from /home/airflow/.local/lib/python3.8/site-packages/airflow/example_dags/example_short_circuit_decorator.py
[2023-12-20T21:09:36.392+0000] {processor.py:839} INFO - DAG(s) dict_keys(['example_short_circuit_decorator']) retrieved from /home/airflow/.local/lib/python3.8/site-packages/airflow/example_dags/example_short_circuit_decorator.py
[2023-12-20T21:09:36.412+0000] {logging_mixin.py:154} INFO - [2023-12-20T21:09:36.412+0000] {dag.py:2941} INFO - Sync 1 DAGs
[2023-12-20T21:09:36.432+0000] {logging_mixin.py:154} INFO - [2023-12-20T21:09:36.432+0000] {dag.py:3722} INFO - Setting next_dagrun for example_short_circuit_decorator to 2023-12-19T21:09:36.432350+00:00, run_after=2023-12-20T21:09:36.432350+00:00
[2023-12-20T21:09:36.451+0000] {processor.py:179} INFO - Processing /home/airflow/.local/lib/python3.8/site-packages/airflow/example_dags/example_short_circuit_decorator.py took 0.073 seconds
[2023-12-20T21:10:07.409+0000] {processor.py:157} INFO - Started process (PID=240) to work on /home/airflow/.local/lib/python3.8/site-packages/airflow/example_dags/example_short_circuit_decorator.py
[2023-12-20T21:10:07.410+0000] {processor.py:829} INFO - Processing file /home/airflow/.local/lib/python3.8/site-packages/airflow/example_dags/example_short_circuit_decorator.py for tasks to queue
[2023-12-20T21:10:07.412+0000] {logging_mixin.py:154} INFO - [2023-12-20T21:10:07.411+0000] {dagbag.py:536} INFO - Filling up the DagBag from /home/airflow/.local/lib/python3.8/site-packages/airflow/example_dags/example_short_circuit_decorator.py
[2023-12-20T21:10:07.420+0000] {processor.py:839} INFO - DAG(s) dict_keys(['example_short_circuit_decorator']) retrieved from /home/airflow/.local/lib/python3.8/site-packages/airflow/example_dags/example_short_circuit_decorator.py
[2023-12-20T21:10:07.442+0000] {logging_mixin.py:154} INFO - [2023-12-20T21:10:07.442+0000] {dag.py:2941} INFO - Sync 1 DAGs
[2023-12-20T21:10:07.461+0000] {logging_mixin.py:154} INFO - [2023-12-20T21:10:07.461+0000] {dag.py:3722} INFO - Setting next_dagrun for example_short_circuit_decorator to 2023-12-19T21:10:07.461301+00:00, run_after=2023-12-20T21:10:07.461301+00:00
[2023-12-20T21:10:07.481+0000] {processor.py:179} INFO - Processing /home/airflow/.local/lib/python3.8/site-packages/airflow/example_dags/example_short_circuit_decorator.py took 0.075 seconds
[2023-12-20T21:10:38.214+0000] {processor.py:157} INFO - Started process (PID=296) to work on /home/airflow/.local/lib/python3.8/site-packages/airflow/example_dags/example_short_circuit_decorator.py
[2023-12-20T21:10:38.216+0000] {processor.py:829} INFO - Processing file /home/airflow/.local/lib/python3.8/site-packages/airflow/example_dags/example_short_circuit_decorator.py for tasks to queue
[2023-12-20T21:10:38.218+0000] {logging_mixin.py:154} INFO - [2023-12-20T21:10:38.218+0000] {dagbag.py:536} INFO - Filling up the DagBag from /home/airflow/.local/lib/python3.8/site-packages/airflow/example_dags/example_short_circuit_decorator.py
[2023-12-20T21:10:38.225+0000] {processor.py:839} INFO - DAG(s) dict_keys(['example_short_circuit_decorator']) retrieved from /home/airflow/.local/lib/python3.8/site-packages/airflow/example_dags/example_short_circuit_decorator.py
[2023-12-20T21:10:38.244+0000] {logging_mixin.py:154} INFO - [2023-12-20T21:10:38.244+0000] {dag.py:2941} INFO - Sync 1 DAGs
[2023-12-20T21:10:38.265+0000] {logging_mixin.py:154} INFO - [2023-12-20T21:10:38.265+0000] {dag.py:3722} INFO - Setting next_dagrun for example_short_circuit_decorator to 2023-12-19T21:10:38.264920+00:00, run_after=2023-12-20T21:10:38.264920+00:00
[2023-12-20T21:10:38.286+0000] {processor.py:179} INFO - Processing /home/airflow/.local/lib/python3.8/site-packages/airflow/example_dags/example_short_circuit_decorator.py took 0.074 seconds
[2023-12-20T21:11:08.452+0000] {processor.py:157} INFO - Started process (PID=352) to work on /home/airflow/.local/lib/python3.8/site-packages/airflow/example_dags/example_short_circuit_decorator.py
[2023-12-20T21:11:08.453+0000] {processor.py:829} INFO - Processing file /home/airflow/.local/lib/python3.8/site-packages/airflow/example_dags/example_short_circuit_decorator.py for tasks to queue
[2023-12-20T21:11:08.455+0000] {logging_mixin.py:154} INFO - [2023-12-20T21:11:08.455+0000] {dagbag.py:536} INFO - Filling up the DagBag from /home/airflow/.local/lib/python3.8/site-packages/airflow/example_dags/example_short_circuit_decorator.py
[2023-12-20T21:11:08.462+0000] {processor.py:839} INFO - DAG(s) dict_keys(['example_short_circuit_decorator']) retrieved from /home/airflow/.local/lib/python3.8/site-packages/airflow/example_dags/example_short_circuit_decorator.py
[2023-12-20T21:11:08.482+0000] {logging_mixin.py:154} INFO - [2023-12-20T21:11:08.482+0000] {dag.py:2941} INFO - Sync 1 DAGs
[2023-12-20T21:11:08.502+0000] {logging_mixin.py:154} INFO - [2023-12-20T21:11:08.502+0000] {dag.py:3722} INFO - Setting next_dagrun for example_short_circuit_decorator to 2023-12-19T21:11:08.502203+00:00, run_after=2023-12-20T21:11:08.502203+00:00
[2023-12-20T21:11:08.523+0000] {processor.py:179} INFO - Processing /home/airflow/.local/lib/python3.8/site-packages/airflow/example_dags/example_short_circuit_decorator.py took 0.073 seconds
[2023-12-20T21:11:39.492+0000] {processor.py:157} INFO - Started process (PID=408) to work on /home/airflow/.local/lib/python3.8/site-packages/airflow/example_dags/example_short_circuit_decorator.py
[2023-12-20T21:11:39.493+0000] {processor.py:829} INFO - Processing file /home/airflow/.local/lib/python3.8/site-packages/airflow/example_dags/example_short_circuit_decorator.py for tasks to queue
[2023-12-20T21:11:39.495+0000] {logging_mixin.py:154} INFO - [2023-12-20T21:11:39.494+0000] {dagbag.py:536} INFO - Filling up the DagBag from /home/airflow/.local/lib/python3.8/site-packages/airflow/example_dags/example_short_circuit_decorator.py
[2023-12-20T21:11:39.502+0000] {processor.py:839} INFO - DAG(s) dict_keys(['example_short_circuit_decorator']) retrieved from /home/airflow/.local/lib/python3.8/site-packages/airflow/example_dags/example_short_circuit_decorator.py
[2023-12-20T21:11:39.523+0000] {logging_mixin.py:154} INFO - [2023-12-20T21:11:39.523+0000] {dag.py:2941} INFO - Sync 1 DAGs
[2023-12-20T21:11:39.543+0000] {logging_mixin.py:154} INFO - [2023-12-20T21:11:39.543+0000] {dag.py:3722} INFO - Setting next_dagrun for example_short_circuit_decorator to 2023-12-19T21:11:39.543283+00:00, run_after=2023-12-20T21:11:39.543283+00:00
[2023-12-20T21:11:39.567+0000] {processor.py:179} INFO - Processing /home/airflow/.local/lib/python3.8/site-packages/airflow/example_dags/example_short_circuit_decorator.py took 0.078 seconds
[2023-12-20T21:12:10.154+0000] {processor.py:157} INFO - Started process (PID=464) to work on /home/airflow/.local/lib/python3.8/site-packages/airflow/example_dags/example_short_circuit_decorator.py
[2023-12-20T21:12:10.155+0000] {processor.py:829} INFO - Processing file /home/airflow/.local/lib/python3.8/site-packages/airflow/example_dags/example_short_circuit_decorator.py for tasks to queue
[2023-12-20T21:12:10.157+0000] {logging_mixin.py:154} INFO - [2023-12-20T21:12:10.157+0000] {dagbag.py:536} INFO - Filling up the DagBag from /home/airflow/.local/lib/python3.8/site-packages/airflow/example_dags/example_short_circuit_decorator.py
[2023-12-20T21:12:10.164+0000] {processor.py:839} INFO - DAG(s) dict_keys(['example_short_circuit_decorator']) retrieved from /home/airflow/.local/lib/python3.8/site-packages/airflow/example_dags/example_short_circuit_decorator.py
[2023-12-20T21:12:10.184+0000] {logging_mixin.py:154} INFO - [2023-12-20T21:12:10.184+0000] {dag.py:2941} INFO - Sync 1 DAGs
[2023-12-20T21:12:10.203+0000] {logging_mixin.py:154} INFO - [2023-12-20T21:12:10.203+0000] {dag.py:3722} INFO - Setting next_dagrun for example_short_circuit_decorator to 2023-12-19T21:12:10.203191+00:00, run_after=2023-12-20T21:12:10.203191+00:00
[2023-12-20T21:12:10.223+0000] {processor.py:179} INFO - Processing /home/airflow/.local/lib/python3.8/site-packages/airflow/example_dags/example_short_circuit_decorator.py took 0.071 seconds
[2023-12-20T21:12:40.524+0000] {processor.py:157} INFO - Started process (PID=520) to work on /home/airflow/.local/lib/python3.8/site-packages/airflow/example_dags/example_short_circuit_decorator.py
[2023-12-20T21:12:40.525+0000] {processor.py:829} INFO - Processing file /home/airflow/.local/lib/python3.8/site-packages/airflow/example_dags/example_short_circuit_decorator.py for tasks to queue
[2023-12-20T21:12:40.527+0000] {logging_mixin.py:154} INFO - [2023-12-20T21:12:40.527+0000] {dagbag.py:536} INFO - Filling up the DagBag from /home/airflow/.local/lib/python3.8/site-packages/airflow/example_dags/example_short_circuit_decorator.py
[2023-12-20T21:12:40.535+0000] {processor.py:839} INFO - DAG(s) dict_keys(['example_short_circuit_decorator']) retrieved from /home/airflow/.local/lib/python3.8/site-packages/airflow/example_dags/example_short_circuit_decorator.py
[2023-12-20T21:12:40.555+0000] {logging_mixin.py:154} INFO - [2023-12-20T21:12:40.555+0000] {dag.py:2941} INFO - Sync 1 DAGs
[2023-12-20T21:12:40.573+0000] {logging_mixin.py:154} INFO - [2023-12-20T21:12:40.573+0000] {dag.py:3722} INFO - Setting next_dagrun for example_short_circuit_decorator to 2023-12-19T21:12:40.573169+00:00, run_after=2023-12-20T21:12:40.573169+00:00
[2023-12-20T21:12:40.592+0000] {processor.py:179} INFO - Processing /home/airflow/.local/lib/python3.8/site-packages/airflow/example_dags/example_short_circuit_decorator.py took 0.070 seconds
[2023-12-20T21:13:10.958+0000] {processor.py:157} INFO - Started process (PID=576) to work on /home/airflow/.local/lib/python3.8/site-packages/airflow/example_dags/example_short_circuit_decorator.py
[2023-12-20T21:13:10.959+0000] {processor.py:829} INFO - Processing file /home/airflow/.local/lib/python3.8/site-packages/airflow/example_dags/example_short_circuit_decorator.py for tasks to queue
[2023-12-20T21:13:10.961+0000] {logging_mixin.py:154} INFO - [2023-12-20T21:13:10.961+0000] {dagbag.py:536} INFO - Filling up the DagBag from /home/airflow/.local/lib/python3.8/site-packages/airflow/example_dags/example_short_circuit_decorator.py
[2023-12-20T21:13:10.969+0000] {processor.py:839} INFO - DAG(s) dict_keys(['example_short_circuit_decorator']) retrieved from /home/airflow/.local/lib/python3.8/site-packages/airflow/example_dags/example_short_circuit_decorator.py
[2023-12-20T21:13:10.990+0000] {logging_mixin.py:154} INFO - [2023-12-20T21:13:10.990+0000] {dag.py:2941} INFO - Sync 1 DAGs
[2023-12-20T21:13:11.012+0000] {logging_mixin.py:154} INFO - [2023-12-20T21:13:11.012+0000] {dag.py:3722} INFO - Setting next_dagrun for example_short_circuit_decorator to 2023-12-19T21:13:11.012000+00:00, run_after=2023-12-20T21:13:11.012000+00:00
[2023-12-20T21:13:11.036+0000] {processor.py:179} INFO - Processing /home/airflow/.local/lib/python3.8/site-packages/airflow/example_dags/example_short_circuit_decorator.py took 0.081 seconds
[2023-12-20T21:13:41.683+0000] {processor.py:157} INFO - Started process (PID=632) to work on /home/airflow/.local/lib/python3.8/site-packages/airflow/example_dags/example_short_circuit_decorator.py
[2023-12-20T21:13:41.684+0000] {processor.py:829} INFO - Processing file /home/airflow/.local/lib/python3.8/site-packages/airflow/example_dags/example_short_circuit_decorator.py for tasks to queue
[2023-12-20T21:13:41.686+0000] {logging_mixin.py:154} INFO - [2023-12-20T21:13:41.686+0000] {dagbag.py:536} INFO - Filling up the DagBag from /home/airflow/.local/lib/python3.8/site-packages/airflow/example_dags/example_short_circuit_decorator.py
[2023-12-20T21:13:41.693+0000] {processor.py:839} INFO - DAG(s) dict_keys(['example_short_circuit_decorator']) retrieved from /home/airflow/.local/lib/python3.8/site-packages/airflow/example_dags/example_short_circuit_decorator.py
[2023-12-20T21:13:41.714+0000] {logging_mixin.py:154} INFO - [2023-12-20T21:13:41.714+0000] {dag.py:2941} INFO - Sync 1 DAGs
[2023-12-20T21:13:41.736+0000] {logging_mixin.py:154} INFO - [2023-12-20T21:13:41.735+0000] {dag.py:3722} INFO - Setting next_dagrun for example_short_circuit_decorator to 2023-12-19T21:13:41.735605+00:00, run_after=2023-12-20T21:13:41.735605+00:00
[2023-12-20T21:13:41.769+0000] {processor.py:179} INFO - Processing /home/airflow/.local/lib/python3.8/site-packages/airflow/example_dags/example_short_circuit_decorator.py took 0.088 seconds
[2023-12-20T21:14:12.016+0000] {processor.py:157} INFO - Started process (PID=688) to work on /home/airflow/.local/lib/python3.8/site-packages/airflow/example_dags/example_short_circuit_decorator.py
[2023-12-20T21:14:12.017+0000] {processor.py:829} INFO - Processing file /home/airflow/.local/lib/python3.8/site-packages/airflow/example_dags/example_short_circuit_decorator.py for tasks to queue
[2023-12-20T21:14:12.019+0000] {logging_mixin.py:154} INFO - [2023-12-20T21:14:12.019+0000] {dagbag.py:536} INFO - Filling up the DagBag from /home/airflow/.local/lib/python3.8/site-packages/airflow/example_dags/example_short_circuit_decorator.py
[2023-12-20T21:14:12.026+0000] {processor.py:839} INFO - DAG(s) dict_keys(['example_short_circuit_decorator']) retrieved from /home/airflow/.local/lib/python3.8/site-packages/airflow/example_dags/example_short_circuit_decorator.py
[2023-12-20T21:14:12.046+0000] {logging_mixin.py:154} INFO - [2023-12-20T21:14:12.045+0000] {dag.py:2941} INFO - Sync 1 DAGs
[2023-12-20T21:14:12.070+0000] {logging_mixin.py:154} INFO - [2023-12-20T21:14:12.069+0000] {dag.py:3722} INFO - Setting next_dagrun for example_short_circuit_decorator to 2023-12-19T21:14:12.069211+00:00, run_after=2023-12-20T21:14:12.069211+00:00
[2023-12-20T21:14:12.097+0000] {processor.py:179} INFO - Processing /home/airflow/.local/lib/python3.8/site-packages/airflow/example_dags/example_short_circuit_decorator.py took 0.083 seconds
[2023-12-20T21:14:42.902+0000] {processor.py:157} INFO - Started process (PID=744) to work on /home/airflow/.local/lib/python3.8/site-packages/airflow/example_dags/example_short_circuit_decorator.py
[2023-12-20T21:14:42.903+0000] {processor.py:829} INFO - Processing file /home/airflow/.local/lib/python3.8/site-packages/airflow/example_dags/example_short_circuit_decorator.py for tasks to queue
[2023-12-20T21:14:42.905+0000] {logging_mixin.py:154} INFO - [2023-12-20T21:14:42.904+0000] {dagbag.py:536} INFO - Filling up the DagBag from /home/airflow/.local/lib/python3.8/site-packages/airflow/example_dags/example_short_circuit_decorator.py
[2023-12-20T21:14:42.912+0000] {processor.py:839} INFO - DAG(s) dict_keys(['example_short_circuit_decorator']) retrieved from /home/airflow/.local/lib/python3.8/site-packages/airflow/example_dags/example_short_circuit_decorator.py
[2023-12-20T21:14:42.931+0000] {logging_mixin.py:154} INFO - [2023-12-20T21:14:42.931+0000] {dag.py:2941} INFO - Sync 1 DAGs
[2023-12-20T21:14:42.952+0000] {logging_mixin.py:154} INFO - [2023-12-20T21:14:42.952+0000] {dag.py:3722} INFO - Setting next_dagrun for example_short_circuit_decorator to 2023-12-19T21:14:42.952233+00:00, run_after=2023-12-20T21:14:42.952233+00:00
[2023-12-20T21:14:42.973+0000] {processor.py:179} INFO - Processing /home/airflow/.local/lib/python3.8/site-packages/airflow/example_dags/example_short_circuit_decorator.py took 0.074 seconds
[2023-12-20T21:15:13.484+0000] {processor.py:157} INFO - Started process (PID=800) to work on /home/airflow/.local/lib/python3.8/site-packages/airflow/example_dags/example_short_circuit_decorator.py
[2023-12-20T21:15:13.486+0000] {processor.py:829} INFO - Processing file /home/airflow/.local/lib/python3.8/site-packages/airflow/example_dags/example_short_circuit_decorator.py for tasks to queue
[2023-12-20T21:15:13.487+0000] {logging_mixin.py:154} INFO - [2023-12-20T21:15:13.487+0000] {dagbag.py:536} INFO - Filling up the DagBag from /home/airflow/.local/lib/python3.8/site-packages/airflow/example_dags/example_short_circuit_decorator.py
[2023-12-20T21:15:13.495+0000] {processor.py:839} INFO - DAG(s) dict_keys(['example_short_circuit_decorator']) retrieved from /home/airflow/.local/lib/python3.8/site-packages/airflow/example_dags/example_short_circuit_decorator.py
[2023-12-20T21:15:13.516+0000] {logging_mixin.py:154} INFO - [2023-12-20T21:15:13.516+0000] {dag.py:2941} INFO - Sync 1 DAGs
[2023-12-20T21:15:13.535+0000] {logging_mixin.py:154} INFO - [2023-12-20T21:15:13.535+0000] {dag.py:3722} INFO - Setting next_dagrun for example_short_circuit_decorator to 2023-12-19T21:15:13.535181+00:00, run_after=2023-12-20T21:15:13.535181+00:00
[2023-12-20T21:15:13.555+0000] {processor.py:179} INFO - Processing /home/airflow/.local/lib/python3.8/site-packages/airflow/example_dags/example_short_circuit_decorator.py took 0.072 seconds
[2023-12-20T21:15:44.000+0000] {processor.py:157} INFO - Started process (PID=856) to work on /home/airflow/.local/lib/python3.8/site-packages/airflow/example_dags/example_short_circuit_decorator.py
[2023-12-20T21:15:44.001+0000] {processor.py:829} INFO - Processing file /home/airflow/.local/lib/python3.8/site-packages/airflow/example_dags/example_short_circuit_decorator.py for tasks to queue
[2023-12-20T21:15:44.003+0000] {logging_mixin.py:154} INFO - [2023-12-20T21:15:44.003+0000] {dagbag.py:536} INFO - Filling up the DagBag from /home/airflow/.local/lib/python3.8/site-packages/airflow/example_dags/example_short_circuit_decorator.py
[2023-12-20T21:15:44.010+0000] {processor.py:839} INFO - DAG(s) dict_keys(['example_short_circuit_decorator']) retrieved from /home/airflow/.local/lib/python3.8/site-packages/airflow/example_dags/example_short_circuit_decorator.py
[2023-12-20T21:15:44.032+0000] {logging_mixin.py:154} INFO - [2023-12-20T21:15:44.031+0000] {dag.py:2941} INFO - Sync 1 DAGs
[2023-12-20T21:15:44.051+0000] {logging_mixin.py:154} INFO - [2023-12-20T21:15:44.051+0000] {dag.py:3722} INFO - Setting next_dagrun for example_short_circuit_decorator to 2023-12-19T21:15:44.051347+00:00, run_after=2023-12-20T21:15:44.051347+00:00
[2023-12-20T21:15:44.072+0000] {processor.py:179} INFO - Processing /home/airflow/.local/lib/python3.8/site-packages/airflow/example_dags/example_short_circuit_decorator.py took 0.074 seconds
[2023-12-20T21:16:14.570+0000] {processor.py:157} INFO - Started process (PID=912) to work on /home/airflow/.local/lib/python3.8/site-packages/airflow/example_dags/example_short_circuit_decorator.py
[2023-12-20T21:16:14.571+0000] {processor.py:829} INFO - Processing file /home/airflow/.local/lib/python3.8/site-packages/airflow/example_dags/example_short_circuit_decorator.py for tasks to queue
[2023-12-20T21:16:14.573+0000] {logging_mixin.py:154} INFO - [2023-12-20T21:16:14.573+0000] {dagbag.py:536} INFO - Filling up the DagBag from /home/airflow/.local/lib/python3.8/site-packages/airflow/example_dags/example_short_circuit_decorator.py
[2023-12-20T21:16:14.580+0000] {processor.py:839} INFO - DAG(s) dict_keys(['example_short_circuit_decorator']) retrieved from /home/airflow/.local/lib/python3.8/site-packages/airflow/example_dags/example_short_circuit_decorator.py
[2023-12-20T21:16:14.601+0000] {logging_mixin.py:154} INFO - [2023-12-20T21:16:14.600+0000] {dag.py:2941} INFO - Sync 1 DAGs
[2023-12-20T21:16:14.619+0000] {logging_mixin.py:154} INFO - [2023-12-20T21:16:14.619+0000] {dag.py:3722} INFO - Setting next_dagrun for example_short_circuit_decorator to 2023-12-19T21:16:14.619533+00:00, run_after=2023-12-20T21:16:14.619533+00:00
[2023-12-20T21:16:14.639+0000] {processor.py:179} INFO - Processing /home/airflow/.local/lib/python3.8/site-packages/airflow/example_dags/example_short_circuit_decorator.py took 0.072 seconds
[2023-12-20T21:16:44.854+0000] {processor.py:157} INFO - Started process (PID=968) to work on /home/airflow/.local/lib/python3.8/site-packages/airflow/example_dags/example_short_circuit_decorator.py
[2023-12-20T21:16:44.855+0000] {processor.py:829} INFO - Processing file /home/airflow/.local/lib/python3.8/site-packages/airflow/example_dags/example_short_circuit_decorator.py for tasks to queue
[2023-12-20T21:16:44.857+0000] {logging_mixin.py:154} INFO - [2023-12-20T21:16:44.857+0000] {dagbag.py:536} INFO - Filling up the DagBag from /home/airflow/.local/lib/python3.8/site-packages/airflow/example_dags/example_short_circuit_decorator.py
[2023-12-20T21:16:44.864+0000] {processor.py:839} INFO - DAG(s) dict_keys(['example_short_circuit_decorator']) retrieved from /home/airflow/.local/lib/python3.8/site-packages/airflow/example_dags/example_short_circuit_decorator.py
[2023-12-20T21:16:44.884+0000] {logging_mixin.py:154} INFO - [2023-12-20T21:16:44.884+0000] {dag.py:2941} INFO - Sync 1 DAGs
[2023-12-20T21:16:44.902+0000] {logging_mixin.py:154} INFO - [2023-12-20T21:16:44.902+0000] {dag.py:3722} INFO - Setting next_dagrun for example_short_circuit_decorator to 2023-12-19T21:16:44.901875+00:00, run_after=2023-12-20T21:16:44.901875+00:00
[2023-12-20T21:16:44.923+0000] {processor.py:179} INFO - Processing /home/airflow/.local/lib/python3.8/site-packages/airflow/example_dags/example_short_circuit_decorator.py took 0.070 seconds
[2023-12-20T21:17:15.420+0000] {processor.py:157} INFO - Started process (PID=1024) to work on /home/airflow/.local/lib/python3.8/site-packages/airflow/example_dags/example_short_circuit_decorator.py
[2023-12-20T21:17:15.420+0000] {processor.py:829} INFO - Processing file /home/airflow/.local/lib/python3.8/site-packages/airflow/example_dags/example_short_circuit_decorator.py for tasks to queue
[2023-12-20T21:17:15.423+0000] {logging_mixin.py:154} INFO - [2023-12-20T21:17:15.422+0000] {dagbag.py:536} INFO - Filling up the DagBag from /home/airflow/.local/lib/python3.8/site-packages/airflow/example_dags/example_short_circuit_decorator.py
[2023-12-20T21:17:15.429+0000] {processor.py:839} INFO - DAG(s) dict_keys(['example_short_circuit_decorator']) retrieved from /home/airflow/.local/lib/python3.8/site-packages/airflow/example_dags/example_short_circuit_decorator.py
[2023-12-20T21:17:15.448+0000] {logging_mixin.py:154} INFO - [2023-12-20T21:17:15.448+0000] {dag.py:2941} INFO - Sync 1 DAGs
[2023-12-20T21:17:15.603+0000] {logging_mixin.py:154} INFO - [2023-12-20T21:17:15.602+0000] {dag.py:3722} INFO - Setting next_dagrun for example_short_circuit_decorator to 2023-12-19T21:17:15.602752+00:00, run_after=2023-12-20T21:17:15.602752+00:00
[2023-12-20T21:17:15.626+0000] {processor.py:179} INFO - Processing /home/airflow/.local/lib/python3.8/site-packages/airflow/example_dags/example_short_circuit_decorator.py took 0.208 seconds
[2023-12-20T21:17:45.818+0000] {processor.py:157} INFO - Started process (PID=1080) to work on /home/airflow/.local/lib/python3.8/site-packages/airflow/example_dags/example_short_circuit_decorator.py
[2023-12-20T21:17:45.819+0000] {processor.py:829} INFO - Processing file /home/airflow/.local/lib/python3.8/site-packages/airflow/example_dags/example_short_circuit_decorator.py for tasks to queue
[2023-12-20T21:17:45.821+0000] {logging_mixin.py:154} INFO - [2023-12-20T21:17:45.821+0000] {dagbag.py:536} INFO - Filling up the DagBag from /home/airflow/.local/lib/python3.8/site-packages/airflow/example_dags/example_short_circuit_decorator.py
[2023-12-20T21:17:45.829+0000] {processor.py:839} INFO - DAG(s) dict_keys(['example_short_circuit_decorator']) retrieved from /home/airflow/.local/lib/python3.8/site-packages/airflow/example_dags/example_short_circuit_decorator.py
[2023-12-20T21:17:45.850+0000] {logging_mixin.py:154} INFO - [2023-12-20T21:17:45.850+0000] {dag.py:2941} INFO - Sync 1 DAGs
[2023-12-20T21:17:45.869+0000] {logging_mixin.py:154} INFO - [2023-12-20T21:17:45.869+0000] {dag.py:3722} INFO - Setting next_dagrun for example_short_circuit_decorator to 2023-12-19T21:17:45.869032+00:00, run_after=2023-12-20T21:17:45.869032+00:00
[2023-12-20T21:17:46.016+0000] {processor.py:179} INFO - Processing /home/airflow/.local/lib/python3.8/site-packages/airflow/example_dags/example_short_circuit_decorator.py took 0.200 seconds
[2023-12-20T21:18:16.149+0000] {processor.py:157} INFO - Started process (PID=1136) to work on /home/airflow/.local/lib/python3.8/site-packages/airflow/example_dags/example_short_circuit_decorator.py
[2023-12-20T21:18:16.150+0000] {processor.py:829} INFO - Processing file /home/airflow/.local/lib/python3.8/site-packages/airflow/example_dags/example_short_circuit_decorator.py for tasks to queue
[2023-12-20T21:18:16.152+0000] {logging_mixin.py:154} INFO - [2023-12-20T21:18:16.152+0000] {dagbag.py:536} INFO - Filling up the DagBag from /home/airflow/.local/lib/python3.8/site-packages/airflow/example_dags/example_short_circuit_decorator.py
[2023-12-20T21:18:16.159+0000] {processor.py:839} INFO - DAG(s) dict_keys(['example_short_circuit_decorator']) retrieved from /home/airflow/.local/lib/python3.8/site-packages/airflow/example_dags/example_short_circuit_decorator.py
[2023-12-20T21:18:16.179+0000] {logging_mixin.py:154} INFO - [2023-12-20T21:18:16.179+0000] {dag.py:2941} INFO - Sync 1 DAGs
[2023-12-20T21:18:16.198+0000] {logging_mixin.py:154} INFO - [2023-12-20T21:18:16.198+0000] {dag.py:3722} INFO - Setting next_dagrun for example_short_circuit_decorator to 2023-12-19T21:18:16.198414+00:00, run_after=2023-12-20T21:18:16.198414+00:00
[2023-12-20T21:18:16.222+0000] {processor.py:179} INFO - Processing /home/airflow/.local/lib/python3.8/site-packages/airflow/example_dags/example_short_circuit_decorator.py took 0.076 seconds
[2023-12-20T21:18:46.474+0000] {processor.py:157} INFO - Started process (PID=1192) to work on /home/airflow/.local/lib/python3.8/site-packages/airflow/example_dags/example_short_circuit_decorator.py
[2023-12-20T21:18:46.476+0000] {processor.py:829} INFO - Processing file /home/airflow/.local/lib/python3.8/site-packages/airflow/example_dags/example_short_circuit_decorator.py for tasks to queue
[2023-12-20T21:18:46.479+0000] {logging_mixin.py:154} INFO - [2023-12-20T21:18:46.479+0000] {dagbag.py:536} INFO - Filling up the DagBag from /home/airflow/.local/lib/python3.8/site-packages/airflow/example_dags/example_short_circuit_decorator.py
[2023-12-20T21:18:46.488+0000] {processor.py:839} INFO - DAG(s) dict_keys(['example_short_circuit_decorator']) retrieved from /home/airflow/.local/lib/python3.8/site-packages/airflow/example_dags/example_short_circuit_decorator.py
[2023-12-20T21:18:46.511+0000] {logging_mixin.py:154} INFO - [2023-12-20T21:18:46.510+0000] {dag.py:2941} INFO - Sync 1 DAGs
[2023-12-20T21:18:46.531+0000] {logging_mixin.py:154} INFO - [2023-12-20T21:18:46.531+0000] {dag.py:3722} INFO - Setting next_dagrun for example_short_circuit_decorator to 2023-12-19T21:18:46.531124+00:00, run_after=2023-12-20T21:18:46.531124+00:00
[2023-12-20T21:18:46.551+0000] {processor.py:179} INFO - Processing /home/airflow/.local/lib/python3.8/site-packages/airflow/example_dags/example_short_circuit_decorator.py took 0.080 seconds
[2023-12-20T21:19:17.366+0000] {processor.py:157} INFO - Started process (PID=1248) to work on /home/airflow/.local/lib/python3.8/site-packages/airflow/example_dags/example_short_circuit_decorator.py
[2023-12-20T21:19:17.367+0000] {processor.py:829} INFO - Processing file /home/airflow/.local/lib/python3.8/site-packages/airflow/example_dags/example_short_circuit_decorator.py for tasks to queue
[2023-12-20T21:19:17.370+0000] {logging_mixin.py:154} INFO - [2023-12-20T21:19:17.369+0000] {dagbag.py:536} INFO - Filling up the DagBag from /home/airflow/.local/lib/python3.8/site-packages/airflow/example_dags/example_short_circuit_decorator.py
[2023-12-20T21:19:17.377+0000] {processor.py:839} INFO - DAG(s) dict_keys(['example_short_circuit_decorator']) retrieved from /home/airflow/.local/lib/python3.8/site-packages/airflow/example_dags/example_short_circuit_decorator.py
[2023-12-20T21:19:17.400+0000] {logging_mixin.py:154} INFO - [2023-12-20T21:19:17.400+0000] {dag.py:2941} INFO - Sync 1 DAGs
[2023-12-20T21:19:17.548+0000] {logging_mixin.py:154} INFO - [2023-12-20T21:19:17.548+0000] {dag.py:3722} INFO - Setting next_dagrun for example_short_circuit_decorator to 2023-12-19T21:19:17.547907+00:00, run_after=2023-12-20T21:19:17.547907+00:00
[2023-12-20T21:19:17.567+0000] {processor.py:179} INFO - Processing /home/airflow/.local/lib/python3.8/site-packages/airflow/example_dags/example_short_circuit_decorator.py took 0.204 seconds
[2023-12-20T21:19:48.527+0000] {processor.py:157} INFO - Started process (PID=1304) to work on /home/airflow/.local/lib/python3.8/site-packages/airflow/example_dags/example_short_circuit_decorator.py
[2023-12-20T21:19:48.528+0000] {processor.py:829} INFO - Processing file /home/airflow/.local/lib/python3.8/site-packages/airflow/example_dags/example_short_circuit_decorator.py for tasks to queue
[2023-12-20T21:19:48.531+0000] {logging_mixin.py:154} INFO - [2023-12-20T21:19:48.530+0000] {dagbag.py:536} INFO - Filling up the DagBag from /home/airflow/.local/lib/python3.8/site-packages/airflow/example_dags/example_short_circuit_decorator.py
[2023-12-20T21:19:48.540+0000] {processor.py:839} INFO - DAG(s) dict_keys(['example_short_circuit_decorator']) retrieved from /home/airflow/.local/lib/python3.8/site-packages/airflow/example_dags/example_short_circuit_decorator.py
[2023-12-20T21:19:48.564+0000] {logging_mixin.py:154} INFO - [2023-12-20T21:19:48.563+0000] {dag.py:2941} INFO - Sync 1 DAGs
[2023-12-20T21:19:48.588+0000] {logging_mixin.py:154} INFO - [2023-12-20T21:19:48.587+0000] {dag.py:3722} INFO - Setting next_dagrun for example_short_circuit_decorator to 2023-12-19T21:19:48.587654+00:00, run_after=2023-12-20T21:19:48.587654+00:00
[2023-12-20T21:19:48.745+0000] {processor.py:179} INFO - Processing /home/airflow/.local/lib/python3.8/site-packages/airflow/example_dags/example_short_circuit_decorator.py took 0.220 seconds
[2023-12-20T21:20:19.666+0000] {processor.py:157} INFO - Started process (PID=1360) to work on /home/airflow/.local/lib/python3.8/site-packages/airflow/example_dags/example_short_circuit_decorator.py
[2023-12-20T21:20:19.667+0000] {processor.py:829} INFO - Processing file /home/airflow/.local/lib/python3.8/site-packages/airflow/example_dags/example_short_circuit_decorator.py for tasks to queue
[2023-12-20T21:20:19.670+0000] {logging_mixin.py:154} INFO - [2023-12-20T21:20:19.669+0000] {dagbag.py:536} INFO - Filling up the DagBag from /home/airflow/.local/lib/python3.8/site-packages/airflow/example_dags/example_short_circuit_decorator.py
[2023-12-20T21:20:19.677+0000] {processor.py:839} INFO - DAG(s) dict_keys(['example_short_circuit_decorator']) retrieved from /home/airflow/.local/lib/python3.8/site-packages/airflow/example_dags/example_short_circuit_decorator.py
[2023-12-20T21:20:19.698+0000] {logging_mixin.py:154} INFO - [2023-12-20T21:20:19.697+0000] {dag.py:2941} INFO - Sync 1 DAGs
[2023-12-20T21:20:19.718+0000] {logging_mixin.py:154} INFO - [2023-12-20T21:20:19.718+0000] {dag.py:3722} INFO - Setting next_dagrun for example_short_circuit_decorator to 2023-12-19T21:20:19.718130+00:00, run_after=2023-12-20T21:20:19.718130+00:00
[2023-12-20T21:20:19.739+0000] {processor.py:179} INFO - Processing /home/airflow/.local/lib/python3.8/site-packages/airflow/example_dags/example_short_circuit_decorator.py took 0.074 seconds
[2023-12-20T21:20:50.078+0000] {processor.py:157} INFO - Started process (PID=1416) to work on /home/airflow/.local/lib/python3.8/site-packages/airflow/example_dags/example_short_circuit_decorator.py
[2023-12-20T21:20:50.079+0000] {processor.py:829} INFO - Processing file /home/airflow/.local/lib/python3.8/site-packages/airflow/example_dags/example_short_circuit_decorator.py for tasks to queue
[2023-12-20T21:20:50.081+0000] {logging_mixin.py:154} INFO - [2023-12-20T21:20:50.081+0000] {dagbag.py:536} INFO - Filling up the DagBag from /home/airflow/.local/lib/python3.8/site-packages/airflow/example_dags/example_short_circuit_decorator.py
[2023-12-20T21:20:50.088+0000] {processor.py:839} INFO - DAG(s) dict_keys(['example_short_circuit_decorator']) retrieved from /home/airflow/.local/lib/python3.8/site-packages/airflow/example_dags/example_short_circuit_decorator.py
[2023-12-20T21:20:50.108+0000] {logging_mixin.py:154} INFO - [2023-12-20T21:20:50.108+0000] {dag.py:2941} INFO - Sync 1 DAGs
[2023-12-20T21:20:50.129+0000] {logging_mixin.py:154} INFO - [2023-12-20T21:20:50.129+0000] {dag.py:3722} INFO - Setting next_dagrun for example_short_circuit_decorator to 2023-12-19T21:20:50.128935+00:00, run_after=2023-12-20T21:20:50.128935+00:00
[2023-12-20T21:20:50.150+0000] {processor.py:179} INFO - Processing /home/airflow/.local/lib/python3.8/site-packages/airflow/example_dags/example_short_circuit_decorator.py took 0.074 seconds
[2023-12-20T21:21:20.927+0000] {processor.py:157} INFO - Started process (PID=1472) to work on /home/airflow/.local/lib/python3.8/site-packages/airflow/example_dags/example_short_circuit_decorator.py
[2023-12-20T21:21:20.928+0000] {processor.py:829} INFO - Processing file /home/airflow/.local/lib/python3.8/site-packages/airflow/example_dags/example_short_circuit_decorator.py for tasks to queue
[2023-12-20T21:21:20.931+0000] {logging_mixin.py:154} INFO - [2023-12-20T21:21:20.931+0000] {dagbag.py:536} INFO - Filling up the DagBag from /home/airflow/.local/lib/python3.8/site-packages/airflow/example_dags/example_short_circuit_decorator.py
[2023-12-20T21:21:20.939+0000] {processor.py:839} INFO - DAG(s) dict_keys(['example_short_circuit_decorator']) retrieved from /home/airflow/.local/lib/python3.8/site-packages/airflow/example_dags/example_short_circuit_decorator.py
[2023-12-20T21:21:21.082+0000] {logging_mixin.py:154} INFO - [2023-12-20T21:21:21.082+0000] {dag.py:2941} INFO - Sync 1 DAGs
[2023-12-20T21:21:21.101+0000] {logging_mixin.py:154} INFO - [2023-12-20T21:21:21.101+0000] {dag.py:3722} INFO - Setting next_dagrun for example_short_circuit_decorator to 2023-12-19T21:21:21.101376+00:00, run_after=2023-12-20T21:21:21.101376+00:00
[2023-12-20T21:21:21.124+0000] {processor.py:179} INFO - Processing /home/airflow/.local/lib/python3.8/site-packages/airflow/example_dags/example_short_circuit_decorator.py took 0.200 seconds
[2023-12-20T21:21:51.592+0000] {processor.py:157} INFO - Started process (PID=1528) to work on /home/airflow/.local/lib/python3.8/site-packages/airflow/example_dags/example_short_circuit_decorator.py
[2023-12-20T21:21:51.593+0000] {processor.py:829} INFO - Processing file /home/airflow/.local/lib/python3.8/site-packages/airflow/example_dags/example_short_circuit_decorator.py for tasks to queue
[2023-12-20T21:21:51.596+0000] {logging_mixin.py:154} INFO - [2023-12-20T21:21:51.595+0000] {dagbag.py:536} INFO - Filling up the DagBag from /home/airflow/.local/lib/python3.8/site-packages/airflow/example_dags/example_short_circuit_decorator.py
[2023-12-20T21:21:51.602+0000] {processor.py:839} INFO - DAG(s) dict_keys(['example_short_circuit_decorator']) retrieved from /home/airflow/.local/lib/python3.8/site-packages/airflow/example_dags/example_short_circuit_decorator.py
[2023-12-20T21:21:51.623+0000] {logging_mixin.py:154} INFO - [2023-12-20T21:21:51.622+0000] {dag.py:2941} INFO - Sync 1 DAGs
[2023-12-20T21:21:51.643+0000] {logging_mixin.py:154} INFO - [2023-12-20T21:21:51.642+0000] {dag.py:3722} INFO - Setting next_dagrun for example_short_circuit_decorator to 2023-12-19T21:21:51.642599+00:00, run_after=2023-12-20T21:21:51.642599+00:00
[2023-12-20T21:21:51.664+0000] {processor.py:179} INFO - Processing /home/airflow/.local/lib/python3.8/site-packages/airflow/example_dags/example_short_circuit_decorator.py took 0.075 seconds
[2023-12-20T21:22:21.969+0000] {processor.py:157} INFO - Started process (PID=1584) to work on /home/airflow/.local/lib/python3.8/site-packages/airflow/example_dags/example_short_circuit_decorator.py
[2023-12-20T21:22:21.970+0000] {processor.py:829} INFO - Processing file /home/airflow/.local/lib/python3.8/site-packages/airflow/example_dags/example_short_circuit_decorator.py for tasks to queue
[2023-12-20T21:22:21.972+0000] {logging_mixin.py:154} INFO - [2023-12-20T21:22:21.972+0000] {dagbag.py:536} INFO - Filling up the DagBag from /home/airflow/.local/lib/python3.8/site-packages/airflow/example_dags/example_short_circuit_decorator.py
[2023-12-20T21:22:21.980+0000] {processor.py:839} INFO - DAG(s) dict_keys(['example_short_circuit_decorator']) retrieved from /home/airflow/.local/lib/python3.8/site-packages/airflow/example_dags/example_short_circuit_decorator.py
[2023-12-20T21:22:22.000+0000] {logging_mixin.py:154} INFO - [2023-12-20T21:22:22.000+0000] {dag.py:2941} INFO - Sync 1 DAGs
[2023-12-20T21:22:22.021+0000] {logging_mixin.py:154} INFO - [2023-12-20T21:22:22.020+0000] {dag.py:3722} INFO - Setting next_dagrun for example_short_circuit_decorator to 2023-12-19T21:22:22.020398+00:00, run_after=2023-12-20T21:22:22.020398+00:00
[2023-12-20T21:22:22.044+0000] {processor.py:179} INFO - Processing /home/airflow/.local/lib/python3.8/site-packages/airflow/example_dags/example_short_circuit_decorator.py took 0.077 seconds
[2023-12-20T21:22:52.301+0000] {processor.py:157} INFO - Started process (PID=1640) to work on /home/airflow/.local/lib/python3.8/site-packages/airflow/example_dags/example_short_circuit_decorator.py
[2023-12-20T21:22:52.302+0000] {processor.py:829} INFO - Processing file /home/airflow/.local/lib/python3.8/site-packages/airflow/example_dags/example_short_circuit_decorator.py for tasks to queue
[2023-12-20T21:22:52.304+0000] {logging_mixin.py:154} INFO - [2023-12-20T21:22:52.304+0000] {dagbag.py:536} INFO - Filling up the DagBag from /home/airflow/.local/lib/python3.8/site-packages/airflow/example_dags/example_short_circuit_decorator.py
[2023-12-20T21:22:52.311+0000] {processor.py:839} INFO - DAG(s) dict_keys(['example_short_circuit_decorator']) retrieved from /home/airflow/.local/lib/python3.8/site-packages/airflow/example_dags/example_short_circuit_decorator.py
[2023-12-20T21:22:52.331+0000] {logging_mixin.py:154} INFO - [2023-12-20T21:22:52.330+0000] {dag.py:2941} INFO - Sync 1 DAGs
[2023-12-20T21:22:52.351+0000] {logging_mixin.py:154} INFO - [2023-12-20T21:22:52.350+0000] {dag.py:3722} INFO - Setting next_dagrun for example_short_circuit_decorator to 2023-12-19T21:22:52.350675+00:00, run_after=2023-12-20T21:22:52.350675+00:00
[2023-12-20T21:22:52.371+0000] {processor.py:179} INFO - Processing /home/airflow/.local/lib/python3.8/site-packages/airflow/example_dags/example_short_circuit_decorator.py took 0.072 seconds
[2023-12-20T21:23:22.587+0000] {processor.py:157} INFO - Started process (PID=1696) to work on /home/airflow/.local/lib/python3.8/site-packages/airflow/example_dags/example_short_circuit_decorator.py
[2023-12-20T21:23:22.589+0000] {processor.py:829} INFO - Processing file /home/airflow/.local/lib/python3.8/site-packages/airflow/example_dags/example_short_circuit_decorator.py for tasks to queue
[2023-12-20T21:23:22.591+0000] {logging_mixin.py:154} INFO - [2023-12-20T21:23:22.590+0000] {dagbag.py:536} INFO - Filling up the DagBag from /home/airflow/.local/lib/python3.8/site-packages/airflow/example_dags/example_short_circuit_decorator.py
[2023-12-20T21:23:22.597+0000] {processor.py:839} INFO - DAG(s) dict_keys(['example_short_circuit_decorator']) retrieved from /home/airflow/.local/lib/python3.8/site-packages/airflow/example_dags/example_short_circuit_decorator.py
[2023-12-20T21:23:22.618+0000] {logging_mixin.py:154} INFO - [2023-12-20T21:23:22.618+0000] {dag.py:2941} INFO - Sync 1 DAGs
[2023-12-20T21:23:22.640+0000] {logging_mixin.py:154} INFO - [2023-12-20T21:23:22.640+0000] {dag.py:3722} INFO - Setting next_dagrun for example_short_circuit_decorator to 2023-12-19T21:23:22.639828+00:00, run_after=2023-12-20T21:23:22.639828+00:00
[2023-12-20T21:23:22.660+0000] {processor.py:179} INFO - Processing /home/airflow/.local/lib/python3.8/site-packages/airflow/example_dags/example_short_circuit_decorator.py took 0.075 seconds
[2023-12-20T21:23:53.002+0000] {processor.py:157} INFO - Started process (PID=1752) to work on /home/airflow/.local/lib/python3.8/site-packages/airflow/example_dags/example_short_circuit_decorator.py
[2023-12-20T21:23:53.003+0000] {processor.py:829} INFO - Processing file /home/airflow/.local/lib/python3.8/site-packages/airflow/example_dags/example_short_circuit_decorator.py for tasks to queue
[2023-12-20T21:23:53.005+0000] {logging_mixin.py:154} INFO - [2023-12-20T21:23:53.005+0000] {dagbag.py:536} INFO - Filling up the DagBag from /home/airflow/.local/lib/python3.8/site-packages/airflow/example_dags/example_short_circuit_decorator.py
[2023-12-20T21:23:53.012+0000] {processor.py:839} INFO - DAG(s) dict_keys(['example_short_circuit_decorator']) retrieved from /home/airflow/.local/lib/python3.8/site-packages/airflow/example_dags/example_short_circuit_decorator.py
[2023-12-20T21:23:53.031+0000] {logging_mixin.py:154} INFO - [2023-12-20T21:23:53.031+0000] {dag.py:2941} INFO - Sync 1 DAGs
[2023-12-20T21:23:53.050+0000] {logging_mixin.py:154} INFO - [2023-12-20T21:23:53.050+0000] {dag.py:3722} INFO - Setting next_dagrun for example_short_circuit_decorator to 2023-12-19T21:23:53.050226+00:00, run_after=2023-12-20T21:23:53.050226+00:00
[2023-12-20T21:23:53.069+0000] {processor.py:179} INFO - Processing /home/airflow/.local/lib/python3.8/site-packages/airflow/example_dags/example_short_circuit_decorator.py took 0.070 seconds
[2023-12-20T21:24:23.382+0000] {processor.py:157} INFO - Started process (PID=1808) to work on /home/airflow/.local/lib/python3.8/site-packages/airflow/example_dags/example_short_circuit_decorator.py
[2023-12-20T21:24:23.383+0000] {processor.py:829} INFO - Processing file /home/airflow/.local/lib/python3.8/site-packages/airflow/example_dags/example_short_circuit_decorator.py for tasks to queue
[2023-12-20T21:24:23.386+0000] {logging_mixin.py:154} INFO - [2023-12-20T21:24:23.385+0000] {dagbag.py:536} INFO - Filling up the DagBag from /home/airflow/.local/lib/python3.8/site-packages/airflow/example_dags/example_short_circuit_decorator.py
[2023-12-20T21:24:23.393+0000] {processor.py:839} INFO - DAG(s) dict_keys(['example_short_circuit_decorator']) retrieved from /home/airflow/.local/lib/python3.8/site-packages/airflow/example_dags/example_short_circuit_decorator.py
[2023-12-20T21:24:23.414+0000] {logging_mixin.py:154} INFO - [2023-12-20T21:24:23.414+0000] {dag.py:2941} INFO - Sync 1 DAGs
[2023-12-20T21:24:23.435+0000] {logging_mixin.py:154} INFO - [2023-12-20T21:24:23.435+0000] {dag.py:3722} INFO - Setting next_dagrun for example_short_circuit_decorator to 2023-12-19T21:24:23.434883+00:00, run_after=2023-12-20T21:24:23.434883+00:00
[2023-12-20T21:24:23.457+0000] {processor.py:179} INFO - Processing /home/airflow/.local/lib/python3.8/site-packages/airflow/example_dags/example_short_circuit_decorator.py took 0.077 seconds
[2023-12-20T21:24:53.774+0000] {processor.py:157} INFO - Started process (PID=1864) to work on /home/airflow/.local/lib/python3.8/site-packages/airflow/example_dags/example_short_circuit_decorator.py
[2023-12-20T21:24:53.776+0000] {processor.py:829} INFO - Processing file /home/airflow/.local/lib/python3.8/site-packages/airflow/example_dags/example_short_circuit_decorator.py for tasks to queue
[2023-12-20T21:24:53.778+0000] {logging_mixin.py:154} INFO - [2023-12-20T21:24:53.777+0000] {dagbag.py:536} INFO - Filling up the DagBag from /home/airflow/.local/lib/python3.8/site-packages/airflow/example_dags/example_short_circuit_decorator.py
[2023-12-20T21:24:53.785+0000] {processor.py:839} INFO - DAG(s) dict_keys(['example_short_circuit_decorator']) retrieved from /home/airflow/.local/lib/python3.8/site-packages/airflow/example_dags/example_short_circuit_decorator.py
[2023-12-20T21:24:53.804+0000] {logging_mixin.py:154} INFO - [2023-12-20T21:24:53.804+0000] {dag.py:2941} INFO - Sync 1 DAGs
[2023-12-20T21:24:53.825+0000] {logging_mixin.py:154} INFO - [2023-12-20T21:24:53.825+0000] {dag.py:3722} INFO - Setting next_dagrun for example_short_circuit_decorator to 2023-12-19T21:24:53.824909+00:00, run_after=2023-12-20T21:24:53.824909+00:00
[2023-12-20T21:24:53.845+0000] {processor.py:179} INFO - Processing /home/airflow/.local/lib/python3.8/site-packages/airflow/example_dags/example_short_circuit_decorator.py took 0.072 seconds
[2023-12-20T21:25:24.093+0000] {processor.py:157} INFO - Started process (PID=1920) to work on /home/airflow/.local/lib/python3.8/site-packages/airflow/example_dags/example_short_circuit_decorator.py
[2023-12-20T21:25:24.094+0000] {processor.py:829} INFO - Processing file /home/airflow/.local/lib/python3.8/site-packages/airflow/example_dags/example_short_circuit_decorator.py for tasks to queue
[2023-12-20T21:25:24.097+0000] {logging_mixin.py:154} INFO - [2023-12-20T21:25:24.096+0000] {dagbag.py:536} INFO - Filling up the DagBag from /home/airflow/.local/lib/python3.8/site-packages/airflow/example_dags/example_short_circuit_decorator.py
[2023-12-20T21:25:24.104+0000] {processor.py:839} INFO - DAG(s) dict_keys(['example_short_circuit_decorator']) retrieved from /home/airflow/.local/lib/python3.8/site-packages/airflow/example_dags/example_short_circuit_decorator.py
[2023-12-20T21:25:24.124+0000] {logging_mixin.py:154} INFO - [2023-12-20T21:25:24.124+0000] {dag.py:2941} INFO - Sync 1 DAGs
[2023-12-20T21:25:24.144+0000] {logging_mixin.py:154} INFO - [2023-12-20T21:25:24.144+0000] {dag.py:3722} INFO - Setting next_dagrun for example_short_circuit_decorator to 2023-12-19T21:25:24.144399+00:00, run_after=2023-12-20T21:25:24.144399+00:00
[2023-12-20T21:25:24.165+0000] {processor.py:179} INFO - Processing /home/airflow/.local/lib/python3.8/site-packages/airflow/example_dags/example_short_circuit_decorator.py took 0.074 seconds
[2023-12-20T21:25:54.501+0000] {processor.py:157} INFO - Started process (PID=1976) to work on /home/airflow/.local/lib/python3.8/site-packages/airflow/example_dags/example_short_circuit_decorator.py
[2023-12-20T21:25:54.502+0000] {processor.py:829} INFO - Processing file /home/airflow/.local/lib/python3.8/site-packages/airflow/example_dags/example_short_circuit_decorator.py for tasks to queue
[2023-12-20T21:25:54.504+0000] {logging_mixin.py:154} INFO - [2023-12-20T21:25:54.504+0000] {dagbag.py:536} INFO - Filling up the DagBag from /home/airflow/.local/lib/python3.8/site-packages/airflow/example_dags/example_short_circuit_decorator.py
[2023-12-20T21:25:54.511+0000] {processor.py:839} INFO - DAG(s) dict_keys(['example_short_circuit_decorator']) retrieved from /home/airflow/.local/lib/python3.8/site-packages/airflow/example_dags/example_short_circuit_decorator.py
[2023-12-20T21:25:54.531+0000] {logging_mixin.py:154} INFO - [2023-12-20T21:25:54.531+0000] {dag.py:2941} INFO - Sync 1 DAGs
[2023-12-20T21:25:54.552+0000] {logging_mixin.py:154} INFO - [2023-12-20T21:25:54.552+0000] {dag.py:3722} INFO - Setting next_dagrun for example_short_circuit_decorator to 2023-12-19T21:25:54.551849+00:00, run_after=2023-12-20T21:25:54.551849+00:00
[2023-12-20T21:25:54.574+0000] {processor.py:179} INFO - Processing /home/airflow/.local/lib/python3.8/site-packages/airflow/example_dags/example_short_circuit_decorator.py took 0.076 seconds
[2023-12-20T21:26:24.989+0000] {processor.py:157} INFO - Started process (PID=2032) to work on /home/airflow/.local/lib/python3.8/site-packages/airflow/example_dags/example_short_circuit_decorator.py
[2023-12-20T21:26:24.990+0000] {processor.py:829} INFO - Processing file /home/airflow/.local/lib/python3.8/site-packages/airflow/example_dags/example_short_circuit_decorator.py for tasks to queue
[2023-12-20T21:26:24.992+0000] {logging_mixin.py:154} INFO - [2023-12-20T21:26:24.992+0000] {dagbag.py:536} INFO - Filling up the DagBag from /home/airflow/.local/lib/python3.8/site-packages/airflow/example_dags/example_short_circuit_decorator.py
[2023-12-20T21:26:25.000+0000] {processor.py:839} INFO - DAG(s) dict_keys(['example_short_circuit_decorator']) retrieved from /home/airflow/.local/lib/python3.8/site-packages/airflow/example_dags/example_short_circuit_decorator.py
[2023-12-20T21:26:25.019+0000] {logging_mixin.py:154} INFO - [2023-12-20T21:26:25.019+0000] {dag.py:2941} INFO - Sync 1 DAGs
[2023-12-20T21:26:25.041+0000] {logging_mixin.py:154} INFO - [2023-12-20T21:26:25.040+0000] {dag.py:3722} INFO - Setting next_dagrun for example_short_circuit_decorator to 2023-12-19T21:26:25.040664+00:00, run_after=2023-12-20T21:26:25.040664+00:00
[2023-12-20T21:26:25.064+0000] {processor.py:179} INFO - Processing /home/airflow/.local/lib/python3.8/site-packages/airflow/example_dags/example_short_circuit_decorator.py took 0.077 seconds
