[2023-12-20T21:08:34.644+0000] {processor.py:157} INFO - Started process (PID=62) to work on /home/airflow/.local/lib/python3.8/site-packages/airflow/example_dags/example_sensors.py
[2023-12-20T21:08:34.645+0000] {processor.py:829} INFO - Processing file /home/airflow/.local/lib/python3.8/site-packages/airflow/example_dags/example_sensors.py for tasks to queue
[2023-12-20T21:08:34.648+0000] {logging_mixin.py:154} INFO - [2023-12-20T21:08:34.647+0000] {dagbag.py:536} INFO - Filling up the DagBag from /home/airflow/.local/lib/python3.8/site-packages/airflow/example_dags/example_sensors.py
[2023-12-20T21:08:34.658+0000] {processor.py:839} INFO - DAG(s) dict_keys(['example_sensors']) retrieved from /home/airflow/.local/lib/python3.8/site-packages/airflow/example_dags/example_sensors.py
[2023-12-20T21:08:34.670+0000] {logging_mixin.py:154} INFO - [2023-12-20T21:08:34.670+0000] {dag.py:2941} INFO - Sync 1 DAGs
[2023-12-20T21:08:34.683+0000] {logging_mixin.py:154} INFO - [2023-12-20T21:08:34.682+0000] {dag.py:3722} INFO - Setting next_dagrun for example_sensors to None, run_after=None
[2023-12-20T21:08:34.709+0000] {processor.py:179} INFO - Processing /home/airflow/.local/lib/python3.8/site-packages/airflow/example_dags/example_sensors.py took 0.067 seconds
[2023-12-20T21:09:04.901+0000] {processor.py:157} INFO - Started process (PID=118) to work on /home/airflow/.local/lib/python3.8/site-packages/airflow/example_dags/example_sensors.py
[2023-12-20T21:09:04.902+0000] {processor.py:829} INFO - Processing file /home/airflow/.local/lib/python3.8/site-packages/airflow/example_dags/example_sensors.py for tasks to queue
[2023-12-20T21:09:04.904+0000] {logging_mixin.py:154} INFO - [2023-12-20T21:09:04.904+0000] {dagbag.py:536} INFO - Filling up the DagBag from /home/airflow/.local/lib/python3.8/site-packages/airflow/example_dags/example_sensors.py
[2023-12-20T21:09:04.911+0000] {processor.py:839} INFO - DAG(s) dict_keys(['example_sensors']) retrieved from /home/airflow/.local/lib/python3.8/site-packages/airflow/example_dags/example_sensors.py
[2023-12-20T21:09:04.933+0000] {logging_mixin.py:154} INFO - [2023-12-20T21:09:04.933+0000] {dag.py:2941} INFO - Sync 1 DAGs
[2023-12-20T21:09:04.945+0000] {logging_mixin.py:154} INFO - [2023-12-20T21:09:04.945+0000] {dag.py:3722} INFO - Setting next_dagrun for example_sensors to None, run_after=None
[2023-12-20T21:09:04.965+0000] {processor.py:179} INFO - Processing /home/airflow/.local/lib/python3.8/site-packages/airflow/example_dags/example_sensors.py took 0.066 seconds
[2023-12-20T21:09:35.869+0000] {processor.py:157} INFO - Started process (PID=174) to work on /home/airflow/.local/lib/python3.8/site-packages/airflow/example_dags/example_sensors.py
[2023-12-20T21:09:35.870+0000] {processor.py:829} INFO - Processing file /home/airflow/.local/lib/python3.8/site-packages/airflow/example_dags/example_sensors.py for tasks to queue
[2023-12-20T21:09:35.872+0000] {logging_mixin.py:154} INFO - [2023-12-20T21:09:35.872+0000] {dagbag.py:536} INFO - Filling up the DagBag from /home/airflow/.local/lib/python3.8/site-packages/airflow/example_dags/example_sensors.py
[2023-12-20T21:09:35.879+0000] {processor.py:839} INFO - DAG(s) dict_keys(['example_sensors']) retrieved from /home/airflow/.local/lib/python3.8/site-packages/airflow/example_dags/example_sensors.py
[2023-12-20T21:09:35.902+0000] {logging_mixin.py:154} INFO - [2023-12-20T21:09:35.902+0000] {dag.py:2941} INFO - Sync 1 DAGs
[2023-12-20T21:09:35.914+0000] {logging_mixin.py:154} INFO - [2023-12-20T21:09:35.914+0000] {dag.py:3722} INFO - Setting next_dagrun for example_sensors to None, run_after=None
[2023-12-20T21:09:35.933+0000] {processor.py:179} INFO - Processing /home/airflow/.local/lib/python3.8/site-packages/airflow/example_dags/example_sensors.py took 0.066 seconds
[2023-12-20T21:10:06.417+0000] {processor.py:157} INFO - Started process (PID=230) to work on /home/airflow/.local/lib/python3.8/site-packages/airflow/example_dags/example_sensors.py
[2023-12-20T21:10:06.418+0000] {processor.py:829} INFO - Processing file /home/airflow/.local/lib/python3.8/site-packages/airflow/example_dags/example_sensors.py for tasks to queue
[2023-12-20T21:10:06.420+0000] {logging_mixin.py:154} INFO - [2023-12-20T21:10:06.420+0000] {dagbag.py:536} INFO - Filling up the DagBag from /home/airflow/.local/lib/python3.8/site-packages/airflow/example_dags/example_sensors.py
[2023-12-20T21:10:06.428+0000] {processor.py:839} INFO - DAG(s) dict_keys(['example_sensors']) retrieved from /home/airflow/.local/lib/python3.8/site-packages/airflow/example_dags/example_sensors.py
[2023-12-20T21:10:06.449+0000] {logging_mixin.py:154} INFO - [2023-12-20T21:10:06.449+0000] {dag.py:2941} INFO - Sync 1 DAGs
[2023-12-20T21:10:06.459+0000] {logging_mixin.py:154} INFO - [2023-12-20T21:10:06.459+0000] {dag.py:3722} INFO - Setting next_dagrun for example_sensors to None, run_after=None
[2023-12-20T21:10:06.485+0000] {processor.py:179} INFO - Processing /home/airflow/.local/lib/python3.8/site-packages/airflow/example_dags/example_sensors.py took 0.071 seconds
[2023-12-20T21:10:36.666+0000] {processor.py:157} INFO - Started process (PID=286) to work on /home/airflow/.local/lib/python3.8/site-packages/airflow/example_dags/example_sensors.py
[2023-12-20T21:10:36.667+0000] {processor.py:829} INFO - Processing file /home/airflow/.local/lib/python3.8/site-packages/airflow/example_dags/example_sensors.py for tasks to queue
[2023-12-20T21:10:36.669+0000] {logging_mixin.py:154} INFO - [2023-12-20T21:10:36.669+0000] {dagbag.py:536} INFO - Filling up the DagBag from /home/airflow/.local/lib/python3.8/site-packages/airflow/example_dags/example_sensors.py
[2023-12-20T21:10:36.676+0000] {processor.py:839} INFO - DAG(s) dict_keys(['example_sensors']) retrieved from /home/airflow/.local/lib/python3.8/site-packages/airflow/example_dags/example_sensors.py
[2023-12-20T21:10:36.699+0000] {logging_mixin.py:154} INFO - [2023-12-20T21:10:36.699+0000] {dag.py:2941} INFO - Sync 1 DAGs
[2023-12-20T21:10:36.710+0000] {logging_mixin.py:154} INFO - [2023-12-20T21:10:36.710+0000] {dag.py:3722} INFO - Setting next_dagrun for example_sensors to None, run_after=None
[2023-12-20T21:10:36.732+0000] {processor.py:179} INFO - Processing /home/airflow/.local/lib/python3.8/site-packages/airflow/example_dags/example_sensors.py took 0.068 seconds
[2023-12-20T21:11:06.761+0000] {processor.py:157} INFO - Started process (PID=342) to work on /home/airflow/.local/lib/python3.8/site-packages/airflow/example_dags/example_sensors.py
[2023-12-20T21:11:06.762+0000] {processor.py:829} INFO - Processing file /home/airflow/.local/lib/python3.8/site-packages/airflow/example_dags/example_sensors.py for tasks to queue
[2023-12-20T21:11:06.764+0000] {logging_mixin.py:154} INFO - [2023-12-20T21:11:06.763+0000] {dagbag.py:536} INFO - Filling up the DagBag from /home/airflow/.local/lib/python3.8/site-packages/airflow/example_dags/example_sensors.py
[2023-12-20T21:11:06.771+0000] {processor.py:839} INFO - DAG(s) dict_keys(['example_sensors']) retrieved from /home/airflow/.local/lib/python3.8/site-packages/airflow/example_dags/example_sensors.py
[2023-12-20T21:11:06.793+0000] {logging_mixin.py:154} INFO - [2023-12-20T21:11:06.793+0000] {dag.py:2941} INFO - Sync 1 DAGs
[2023-12-20T21:11:06.804+0000] {logging_mixin.py:154} INFO - [2023-12-20T21:11:06.803+0000] {dag.py:3722} INFO - Setting next_dagrun for example_sensors to None, run_after=None
[2023-12-20T21:11:06.822+0000] {processor.py:179} INFO - Processing /home/airflow/.local/lib/python3.8/site-packages/airflow/example_dags/example_sensors.py took 0.064 seconds
[2023-12-20T21:11:36.856+0000] {processor.py:157} INFO - Started process (PID=398) to work on /home/airflow/.local/lib/python3.8/site-packages/airflow/example_dags/example_sensors.py
[2023-12-20T21:11:36.857+0000] {processor.py:829} INFO - Processing file /home/airflow/.local/lib/python3.8/site-packages/airflow/example_dags/example_sensors.py for tasks to queue
[2023-12-20T21:11:36.860+0000] {logging_mixin.py:154} INFO - [2023-12-20T21:11:36.859+0000] {dagbag.py:536} INFO - Filling up the DagBag from /home/airflow/.local/lib/python3.8/site-packages/airflow/example_dags/example_sensors.py
[2023-12-20T21:11:36.867+0000] {processor.py:839} INFO - DAG(s) dict_keys(['example_sensors']) retrieved from /home/airflow/.local/lib/python3.8/site-packages/airflow/example_dags/example_sensors.py
[2023-12-20T21:11:36.888+0000] {logging_mixin.py:154} INFO - [2023-12-20T21:11:36.888+0000] {dag.py:2941} INFO - Sync 1 DAGs
[2023-12-20T21:11:36.899+0000] {logging_mixin.py:154} INFO - [2023-12-20T21:11:36.899+0000] {dag.py:3722} INFO - Setting next_dagrun for example_sensors to None, run_after=None
[2023-12-20T21:11:36.920+0000] {processor.py:179} INFO - Processing /home/airflow/.local/lib/python3.8/site-packages/airflow/example_dags/example_sensors.py took 0.066 seconds
[2023-12-20T21:12:07.527+0000] {processor.py:157} INFO - Started process (PID=454) to work on /home/airflow/.local/lib/python3.8/site-packages/airflow/example_dags/example_sensors.py
[2023-12-20T21:12:07.528+0000] {processor.py:829} INFO - Processing file /home/airflow/.local/lib/python3.8/site-packages/airflow/example_dags/example_sensors.py for tasks to queue
[2023-12-20T21:12:07.530+0000] {logging_mixin.py:154} INFO - [2023-12-20T21:12:07.530+0000] {dagbag.py:536} INFO - Filling up the DagBag from /home/airflow/.local/lib/python3.8/site-packages/airflow/example_dags/example_sensors.py
[2023-12-20T21:12:07.537+0000] {processor.py:839} INFO - DAG(s) dict_keys(['example_sensors']) retrieved from /home/airflow/.local/lib/python3.8/site-packages/airflow/example_dags/example_sensors.py
[2023-12-20T21:12:07.557+0000] {logging_mixin.py:154} INFO - [2023-12-20T21:12:07.557+0000] {dag.py:2941} INFO - Sync 1 DAGs
[2023-12-20T21:12:07.567+0000] {logging_mixin.py:154} INFO - [2023-12-20T21:12:07.567+0000] {dag.py:3722} INFO - Setting next_dagrun for example_sensors to None, run_after=None
[2023-12-20T21:12:07.585+0000] {processor.py:179} INFO - Processing /home/airflow/.local/lib/python3.8/site-packages/airflow/example_dags/example_sensors.py took 0.060 seconds
[2023-12-20T21:12:37.944+0000] {processor.py:157} INFO - Started process (PID=510) to work on /home/airflow/.local/lib/python3.8/site-packages/airflow/example_dags/example_sensors.py
[2023-12-20T21:12:37.945+0000] {processor.py:829} INFO - Processing file /home/airflow/.local/lib/python3.8/site-packages/airflow/example_dags/example_sensors.py for tasks to queue
[2023-12-20T21:12:37.948+0000] {logging_mixin.py:154} INFO - [2023-12-20T21:12:37.948+0000] {dagbag.py:536} INFO - Filling up the DagBag from /home/airflow/.local/lib/python3.8/site-packages/airflow/example_dags/example_sensors.py
[2023-12-20T21:12:37.957+0000] {processor.py:839} INFO - DAG(s) dict_keys(['example_sensors']) retrieved from /home/airflow/.local/lib/python3.8/site-packages/airflow/example_dags/example_sensors.py
[2023-12-20T21:12:37.985+0000] {logging_mixin.py:154} INFO - [2023-12-20T21:12:37.985+0000] {dag.py:2941} INFO - Sync 1 DAGs
[2023-12-20T21:12:37.999+0000] {logging_mixin.py:154} INFO - [2023-12-20T21:12:37.998+0000] {dag.py:3722} INFO - Setting next_dagrun for example_sensors to None, run_after=None
[2023-12-20T21:12:38.022+0000] {processor.py:179} INFO - Processing /home/airflow/.local/lib/python3.8/site-packages/airflow/example_dags/example_sensors.py took 0.082 seconds
[2023-12-20T21:13:08.139+0000] {processor.py:157} INFO - Started process (PID=566) to work on /home/airflow/.local/lib/python3.8/site-packages/airflow/example_dags/example_sensors.py
[2023-12-20T21:13:08.140+0000] {processor.py:829} INFO - Processing file /home/airflow/.local/lib/python3.8/site-packages/airflow/example_dags/example_sensors.py for tasks to queue
[2023-12-20T21:13:08.142+0000] {logging_mixin.py:154} INFO - [2023-12-20T21:13:08.142+0000] {dagbag.py:536} INFO - Filling up the DagBag from /home/airflow/.local/lib/python3.8/site-packages/airflow/example_dags/example_sensors.py
[2023-12-20T21:13:08.149+0000] {processor.py:839} INFO - DAG(s) dict_keys(['example_sensors']) retrieved from /home/airflow/.local/lib/python3.8/site-packages/airflow/example_dags/example_sensors.py
[2023-12-20T21:13:08.181+0000] {logging_mixin.py:154} INFO - [2023-12-20T21:13:08.181+0000] {dag.py:2941} INFO - Sync 1 DAGs
[2023-12-20T21:13:08.193+0000] {logging_mixin.py:154} INFO - [2023-12-20T21:13:08.193+0000] {dag.py:3722} INFO - Setting next_dagrun for example_sensors to None, run_after=None
[2023-12-20T21:13:08.214+0000] {processor.py:179} INFO - Processing /home/airflow/.local/lib/python3.8/site-packages/airflow/example_dags/example_sensors.py took 0.077 seconds
[2023-12-20T21:13:39.076+0000] {processor.py:157} INFO - Started process (PID=622) to work on /home/airflow/.local/lib/python3.8/site-packages/airflow/example_dags/example_sensors.py
[2023-12-20T21:13:39.077+0000] {processor.py:829} INFO - Processing file /home/airflow/.local/lib/python3.8/site-packages/airflow/example_dags/example_sensors.py for tasks to queue
[2023-12-20T21:13:39.079+0000] {logging_mixin.py:154} INFO - [2023-12-20T21:13:39.078+0000] {dagbag.py:536} INFO - Filling up the DagBag from /home/airflow/.local/lib/python3.8/site-packages/airflow/example_dags/example_sensors.py
[2023-12-20T21:13:39.086+0000] {processor.py:839} INFO - DAG(s) dict_keys(['example_sensors']) retrieved from /home/airflow/.local/lib/python3.8/site-packages/airflow/example_dags/example_sensors.py
[2023-12-20T21:13:39.108+0000] {logging_mixin.py:154} INFO - [2023-12-20T21:13:39.107+0000] {dag.py:2941} INFO - Sync 1 DAGs
[2023-12-20T21:13:39.119+0000] {logging_mixin.py:154} INFO - [2023-12-20T21:13:39.119+0000] {dag.py:3722} INFO - Setting next_dagrun for example_sensors to None, run_after=None
[2023-12-20T21:13:39.139+0000] {processor.py:179} INFO - Processing /home/airflow/.local/lib/python3.8/site-packages/airflow/example_dags/example_sensors.py took 0.065 seconds
[2023-12-20T21:14:09.316+0000] {processor.py:157} INFO - Started process (PID=678) to work on /home/airflow/.local/lib/python3.8/site-packages/airflow/example_dags/example_sensors.py
[2023-12-20T21:14:09.317+0000] {processor.py:829} INFO - Processing file /home/airflow/.local/lib/python3.8/site-packages/airflow/example_dags/example_sensors.py for tasks to queue
[2023-12-20T21:14:09.319+0000] {logging_mixin.py:154} INFO - [2023-12-20T21:14:09.319+0000] {dagbag.py:536} INFO - Filling up the DagBag from /home/airflow/.local/lib/python3.8/site-packages/airflow/example_dags/example_sensors.py
[2023-12-20T21:14:09.327+0000] {processor.py:839} INFO - DAG(s) dict_keys(['example_sensors']) retrieved from /home/airflow/.local/lib/python3.8/site-packages/airflow/example_dags/example_sensors.py
[2023-12-20T21:14:09.352+0000] {logging_mixin.py:154} INFO - [2023-12-20T21:14:09.352+0000] {dag.py:2941} INFO - Sync 1 DAGs
[2023-12-20T21:14:09.366+0000] {logging_mixin.py:154} INFO - [2023-12-20T21:14:09.365+0000] {dag.py:3722} INFO - Setting next_dagrun for example_sensors to None, run_after=None
[2023-12-20T21:14:09.391+0000] {processor.py:179} INFO - Processing /home/airflow/.local/lib/python3.8/site-packages/airflow/example_dags/example_sensors.py took 0.077 seconds
[2023-12-20T21:14:40.338+0000] {processor.py:157} INFO - Started process (PID=734) to work on /home/airflow/.local/lib/python3.8/site-packages/airflow/example_dags/example_sensors.py
[2023-12-20T21:14:40.340+0000] {processor.py:829} INFO - Processing file /home/airflow/.local/lib/python3.8/site-packages/airflow/example_dags/example_sensors.py for tasks to queue
[2023-12-20T21:14:40.342+0000] {logging_mixin.py:154} INFO - [2023-12-20T21:14:40.341+0000] {dagbag.py:536} INFO - Filling up the DagBag from /home/airflow/.local/lib/python3.8/site-packages/airflow/example_dags/example_sensors.py
[2023-12-20T21:14:40.348+0000] {processor.py:839} INFO - DAG(s) dict_keys(['example_sensors']) retrieved from /home/airflow/.local/lib/python3.8/site-packages/airflow/example_dags/example_sensors.py
[2023-12-20T21:14:40.370+0000] {logging_mixin.py:154} INFO - [2023-12-20T21:14:40.370+0000] {dag.py:2941} INFO - Sync 1 DAGs
[2023-12-20T21:14:40.381+0000] {logging_mixin.py:154} INFO - [2023-12-20T21:14:40.380+0000] {dag.py:3722} INFO - Setting next_dagrun for example_sensors to None, run_after=None
[2023-12-20T21:14:40.402+0000] {processor.py:179} INFO - Processing /home/airflow/.local/lib/python3.8/site-packages/airflow/example_dags/example_sensors.py took 0.066 seconds
[2023-12-20T21:15:10.811+0000] {processor.py:157} INFO - Started process (PID=790) to work on /home/airflow/.local/lib/python3.8/site-packages/airflow/example_dags/example_sensors.py
[2023-12-20T21:15:10.812+0000] {processor.py:829} INFO - Processing file /home/airflow/.local/lib/python3.8/site-packages/airflow/example_dags/example_sensors.py for tasks to queue
[2023-12-20T21:15:10.814+0000] {logging_mixin.py:154} INFO - [2023-12-20T21:15:10.814+0000] {dagbag.py:536} INFO - Filling up the DagBag from /home/airflow/.local/lib/python3.8/site-packages/airflow/example_dags/example_sensors.py
[2023-12-20T21:15:10.821+0000] {processor.py:839} INFO - DAG(s) dict_keys(['example_sensors']) retrieved from /home/airflow/.local/lib/python3.8/site-packages/airflow/example_dags/example_sensors.py
[2023-12-20T21:15:10.843+0000] {logging_mixin.py:154} INFO - [2023-12-20T21:15:10.843+0000] {dag.py:2941} INFO - Sync 1 DAGs
[2023-12-20T21:15:10.854+0000] {logging_mixin.py:154} INFO - [2023-12-20T21:15:10.854+0000] {dag.py:3722} INFO - Setting next_dagrun for example_sensors to None, run_after=None
[2023-12-20T21:15:10.875+0000] {processor.py:179} INFO - Processing /home/airflow/.local/lib/python3.8/site-packages/airflow/example_dags/example_sensors.py took 0.066 seconds
[2023-12-20T21:15:41.445+0000] {processor.py:157} INFO - Started process (PID=846) to work on /home/airflow/.local/lib/python3.8/site-packages/airflow/example_dags/example_sensors.py
[2023-12-20T21:15:41.446+0000] {processor.py:829} INFO - Processing file /home/airflow/.local/lib/python3.8/site-packages/airflow/example_dags/example_sensors.py for tasks to queue
[2023-12-20T21:15:41.448+0000] {logging_mixin.py:154} INFO - [2023-12-20T21:15:41.448+0000] {dagbag.py:536} INFO - Filling up the DagBag from /home/airflow/.local/lib/python3.8/site-packages/airflow/example_dags/example_sensors.py
[2023-12-20T21:15:41.455+0000] {processor.py:839} INFO - DAG(s) dict_keys(['example_sensors']) retrieved from /home/airflow/.local/lib/python3.8/site-packages/airflow/example_dags/example_sensors.py
[2023-12-20T21:15:41.477+0000] {logging_mixin.py:154} INFO - [2023-12-20T21:15:41.476+0000] {dag.py:2941} INFO - Sync 1 DAGs
[2023-12-20T21:15:41.488+0000] {logging_mixin.py:154} INFO - [2023-12-20T21:15:41.488+0000] {dag.py:3722} INFO - Setting next_dagrun for example_sensors to None, run_after=None
[2023-12-20T21:15:41.508+0000] {processor.py:179} INFO - Processing /home/airflow/.local/lib/python3.8/site-packages/airflow/example_dags/example_sensors.py took 0.065 seconds
[2023-12-20T21:16:11.943+0000] {processor.py:157} INFO - Started process (PID=902) to work on /home/airflow/.local/lib/python3.8/site-packages/airflow/example_dags/example_sensors.py
[2023-12-20T21:16:11.944+0000] {processor.py:829} INFO - Processing file /home/airflow/.local/lib/python3.8/site-packages/airflow/example_dags/example_sensors.py for tasks to queue
[2023-12-20T21:16:11.946+0000] {logging_mixin.py:154} INFO - [2023-12-20T21:16:11.946+0000] {dagbag.py:536} INFO - Filling up the DagBag from /home/airflow/.local/lib/python3.8/site-packages/airflow/example_dags/example_sensors.py
[2023-12-20T21:16:11.953+0000] {processor.py:839} INFO - DAG(s) dict_keys(['example_sensors']) retrieved from /home/airflow/.local/lib/python3.8/site-packages/airflow/example_dags/example_sensors.py
[2023-12-20T21:16:11.975+0000] {logging_mixin.py:154} INFO - [2023-12-20T21:16:11.975+0000] {dag.py:2941} INFO - Sync 1 DAGs
[2023-12-20T21:16:11.986+0000] {logging_mixin.py:154} INFO - [2023-12-20T21:16:11.986+0000] {dag.py:3722} INFO - Setting next_dagrun for example_sensors to None, run_after=None
[2023-12-20T21:16:12.006+0000] {processor.py:179} INFO - Processing /home/airflow/.local/lib/python3.8/site-packages/airflow/example_dags/example_sensors.py took 0.065 seconds
[2023-12-20T21:16:43.130+0000] {processor.py:157} INFO - Started process (PID=958) to work on /home/airflow/.local/lib/python3.8/site-packages/airflow/example_dags/example_sensors.py
[2023-12-20T21:16:43.131+0000] {processor.py:829} INFO - Processing file /home/airflow/.local/lib/python3.8/site-packages/airflow/example_dags/example_sensors.py for tasks to queue
[2023-12-20T21:16:43.133+0000] {logging_mixin.py:154} INFO - [2023-12-20T21:16:43.133+0000] {dagbag.py:536} INFO - Filling up the DagBag from /home/airflow/.local/lib/python3.8/site-packages/airflow/example_dags/example_sensors.py
[2023-12-20T21:16:43.140+0000] {processor.py:839} INFO - DAG(s) dict_keys(['example_sensors']) retrieved from /home/airflow/.local/lib/python3.8/site-packages/airflow/example_dags/example_sensors.py
[2023-12-20T21:16:43.162+0000] {logging_mixin.py:154} INFO - [2023-12-20T21:16:43.161+0000] {dag.py:2941} INFO - Sync 1 DAGs
[2023-12-20T21:16:43.172+0000] {logging_mixin.py:154} INFO - [2023-12-20T21:16:43.171+0000] {dag.py:3722} INFO - Setting next_dagrun for example_sensors to None, run_after=None
[2023-12-20T21:16:43.188+0000] {processor.py:179} INFO - Processing /home/airflow/.local/lib/python3.8/site-packages/airflow/example_dags/example_sensors.py took 0.060 seconds
[2023-12-20T21:17:14.132+0000] {processor.py:157} INFO - Started process (PID=1014) to work on /home/airflow/.local/lib/python3.8/site-packages/airflow/example_dags/example_sensors.py
[2023-12-20T21:17:14.133+0000] {processor.py:829} INFO - Processing file /home/airflow/.local/lib/python3.8/site-packages/airflow/example_dags/example_sensors.py for tasks to queue
[2023-12-20T21:17:14.135+0000] {logging_mixin.py:154} INFO - [2023-12-20T21:17:14.135+0000] {dagbag.py:536} INFO - Filling up the DagBag from /home/airflow/.local/lib/python3.8/site-packages/airflow/example_dags/example_sensors.py
[2023-12-20T21:17:14.143+0000] {processor.py:839} INFO - DAG(s) dict_keys(['example_sensors']) retrieved from /home/airflow/.local/lib/python3.8/site-packages/airflow/example_dags/example_sensors.py
[2023-12-20T21:17:14.167+0000] {logging_mixin.py:154} INFO - [2023-12-20T21:17:14.166+0000] {dag.py:2941} INFO - Sync 1 DAGs
[2023-12-20T21:17:14.179+0000] {logging_mixin.py:154} INFO - [2023-12-20T21:17:14.179+0000] {dag.py:3722} INFO - Setting next_dagrun for example_sensors to None, run_after=None
[2023-12-20T21:17:14.343+0000] {processor.py:179} INFO - Processing /home/airflow/.local/lib/python3.8/site-packages/airflow/example_dags/example_sensors.py took 0.213 seconds
[2023-12-20T21:17:44.407+0000] {processor.py:157} INFO - Started process (PID=1071) to work on /home/airflow/.local/lib/python3.8/site-packages/airflow/example_dags/example_sensors.py
[2023-12-20T21:17:44.408+0000] {processor.py:829} INFO - Processing file /home/airflow/.local/lib/python3.8/site-packages/airflow/example_dags/example_sensors.py for tasks to queue
[2023-12-20T21:17:44.410+0000] {logging_mixin.py:154} INFO - [2023-12-20T21:17:44.409+0000] {dagbag.py:536} INFO - Filling up the DagBag from /home/airflow/.local/lib/python3.8/site-packages/airflow/example_dags/example_sensors.py
[2023-12-20T21:17:44.416+0000] {processor.py:839} INFO - DAG(s) dict_keys(['example_sensors']) retrieved from /home/airflow/.local/lib/python3.8/site-packages/airflow/example_dags/example_sensors.py
[2023-12-20T21:17:44.437+0000] {logging_mixin.py:154} INFO - [2023-12-20T21:17:44.437+0000] {dag.py:2941} INFO - Sync 1 DAGs
[2023-12-20T21:17:44.448+0000] {logging_mixin.py:154} INFO - [2023-12-20T21:17:44.448+0000] {dag.py:3722} INFO - Setting next_dagrun for example_sensors to None, run_after=None
[2023-12-20T21:17:44.469+0000] {processor.py:179} INFO - Processing /home/airflow/.local/lib/python3.8/site-packages/airflow/example_dags/example_sensors.py took 0.064 seconds
[2023-12-20T21:18:14.561+0000] {processor.py:157} INFO - Started process (PID=1127) to work on /home/airflow/.local/lib/python3.8/site-packages/airflow/example_dags/example_sensors.py
[2023-12-20T21:18:14.562+0000] {processor.py:829} INFO - Processing file /home/airflow/.local/lib/python3.8/site-packages/airflow/example_dags/example_sensors.py for tasks to queue
[2023-12-20T21:18:14.564+0000] {logging_mixin.py:154} INFO - [2023-12-20T21:18:14.563+0000] {dagbag.py:536} INFO - Filling up the DagBag from /home/airflow/.local/lib/python3.8/site-packages/airflow/example_dags/example_sensors.py
[2023-12-20T21:18:14.570+0000] {processor.py:839} INFO - DAG(s) dict_keys(['example_sensors']) retrieved from /home/airflow/.local/lib/python3.8/site-packages/airflow/example_dags/example_sensors.py
[2023-12-20T21:18:14.591+0000] {logging_mixin.py:154} INFO - [2023-12-20T21:18:14.591+0000] {dag.py:2941} INFO - Sync 1 DAGs
[2023-12-20T21:18:14.602+0000] {logging_mixin.py:154} INFO - [2023-12-20T21:18:14.602+0000] {dag.py:3722} INFO - Setting next_dagrun for example_sensors to None, run_after=None
[2023-12-20T21:18:14.620+0000] {processor.py:179} INFO - Processing /home/airflow/.local/lib/python3.8/site-packages/airflow/example_dags/example_sensors.py took 0.062 seconds
[2023-12-20T21:18:44.950+0000] {processor.py:157} INFO - Started process (PID=1182) to work on /home/airflow/.local/lib/python3.8/site-packages/airflow/example_dags/example_sensors.py
[2023-12-20T21:18:44.951+0000] {processor.py:829} INFO - Processing file /home/airflow/.local/lib/python3.8/site-packages/airflow/example_dags/example_sensors.py for tasks to queue
[2023-12-20T21:18:44.953+0000] {logging_mixin.py:154} INFO - [2023-12-20T21:18:44.952+0000] {dagbag.py:536} INFO - Filling up the DagBag from /home/airflow/.local/lib/python3.8/site-packages/airflow/example_dags/example_sensors.py
[2023-12-20T21:18:44.960+0000] {processor.py:839} INFO - DAG(s) dict_keys(['example_sensors']) retrieved from /home/airflow/.local/lib/python3.8/site-packages/airflow/example_dags/example_sensors.py
[2023-12-20T21:18:44.980+0000] {logging_mixin.py:154} INFO - [2023-12-20T21:18:44.980+0000] {dag.py:2941} INFO - Sync 1 DAGs
[2023-12-20T21:18:44.991+0000] {logging_mixin.py:154} INFO - [2023-12-20T21:18:44.991+0000] {dag.py:3722} INFO - Setting next_dagrun for example_sensors to None, run_after=None
[2023-12-20T21:18:45.011+0000] {processor.py:179} INFO - Processing /home/airflow/.local/lib/python3.8/site-packages/airflow/example_dags/example_sensors.py took 0.062 seconds
[2023-12-20T21:19:16.174+0000] {processor.py:157} INFO - Started process (PID=1238) to work on /home/airflow/.local/lib/python3.8/site-packages/airflow/example_dags/example_sensors.py
[2023-12-20T21:19:16.175+0000] {processor.py:829} INFO - Processing file /home/airflow/.local/lib/python3.8/site-packages/airflow/example_dags/example_sensors.py for tasks to queue
[2023-12-20T21:19:16.177+0000] {logging_mixin.py:154} INFO - [2023-12-20T21:19:16.177+0000] {dagbag.py:536} INFO - Filling up the DagBag from /home/airflow/.local/lib/python3.8/site-packages/airflow/example_dags/example_sensors.py
[2023-12-20T21:19:16.184+0000] {processor.py:839} INFO - DAG(s) dict_keys(['example_sensors']) retrieved from /home/airflow/.local/lib/python3.8/site-packages/airflow/example_dags/example_sensors.py
[2023-12-20T21:19:16.205+0000] {logging_mixin.py:154} INFO - [2023-12-20T21:19:16.205+0000] {dag.py:2941} INFO - Sync 1 DAGs
[2023-12-20T21:19:16.364+0000] {logging_mixin.py:154} INFO - [2023-12-20T21:19:16.364+0000] {dag.py:3722} INFO - Setting next_dagrun for example_sensors to None, run_after=None
[2023-12-20T21:19:16.387+0000] {processor.py:179} INFO - Processing /home/airflow/.local/lib/python3.8/site-packages/airflow/example_dags/example_sensors.py took 0.215 seconds
[2023-12-20T21:19:46.440+0000] {processor.py:157} INFO - Started process (PID=1294) to work on /home/airflow/.local/lib/python3.8/site-packages/airflow/example_dags/example_sensors.py
[2023-12-20T21:19:46.442+0000] {processor.py:829} INFO - Processing file /home/airflow/.local/lib/python3.8/site-packages/airflow/example_dags/example_sensors.py for tasks to queue
[2023-12-20T21:19:46.444+0000] {logging_mixin.py:154} INFO - [2023-12-20T21:19:46.443+0000] {dagbag.py:536} INFO - Filling up the DagBag from /home/airflow/.local/lib/python3.8/site-packages/airflow/example_dags/example_sensors.py
[2023-12-20T21:19:46.451+0000] {processor.py:839} INFO - DAG(s) dict_keys(['example_sensors']) retrieved from /home/airflow/.local/lib/python3.8/site-packages/airflow/example_dags/example_sensors.py
[2023-12-20T21:19:46.474+0000] {logging_mixin.py:154} INFO - [2023-12-20T21:19:46.474+0000] {dag.py:2941} INFO - Sync 1 DAGs
[2023-12-20T21:19:46.486+0000] {logging_mixin.py:154} INFO - [2023-12-20T21:19:46.486+0000] {dag.py:3722} INFO - Setting next_dagrun for example_sensors to None, run_after=None
[2023-12-20T21:19:46.510+0000] {processor.py:179} INFO - Processing /home/airflow/.local/lib/python3.8/site-packages/airflow/example_dags/example_sensors.py took 0.072 seconds
[2023-12-20T21:20:16.770+0000] {processor.py:157} INFO - Started process (PID=1350) to work on /home/airflow/.local/lib/python3.8/site-packages/airflow/example_dags/example_sensors.py
[2023-12-20T21:20:16.771+0000] {processor.py:829} INFO - Processing file /home/airflow/.local/lib/python3.8/site-packages/airflow/example_dags/example_sensors.py for tasks to queue
[2023-12-20T21:20:16.773+0000] {logging_mixin.py:154} INFO - [2023-12-20T21:20:16.772+0000] {dagbag.py:536} INFO - Filling up the DagBag from /home/airflow/.local/lib/python3.8/site-packages/airflow/example_dags/example_sensors.py
[2023-12-20T21:20:16.779+0000] {processor.py:839} INFO - DAG(s) dict_keys(['example_sensors']) retrieved from /home/airflow/.local/lib/python3.8/site-packages/airflow/example_dags/example_sensors.py
[2023-12-20T21:20:16.801+0000] {logging_mixin.py:154} INFO - [2023-12-20T21:20:16.801+0000] {dag.py:2941} INFO - Sync 1 DAGs
[2023-12-20T21:20:16.812+0000] {logging_mixin.py:154} INFO - [2023-12-20T21:20:16.812+0000] {dag.py:3722} INFO - Setting next_dagrun for example_sensors to None, run_after=None
[2023-12-20T21:20:16.833+0000] {processor.py:179} INFO - Processing /home/airflow/.local/lib/python3.8/site-packages/airflow/example_dags/example_sensors.py took 0.065 seconds
[2023-12-20T21:20:47.493+0000] {processor.py:157} INFO - Started process (PID=1406) to work on /home/airflow/.local/lib/python3.8/site-packages/airflow/example_dags/example_sensors.py
[2023-12-20T21:20:47.494+0000] {processor.py:829} INFO - Processing file /home/airflow/.local/lib/python3.8/site-packages/airflow/example_dags/example_sensors.py for tasks to queue
[2023-12-20T21:20:47.496+0000] {logging_mixin.py:154} INFO - [2023-12-20T21:20:47.496+0000] {dagbag.py:536} INFO - Filling up the DagBag from /home/airflow/.local/lib/python3.8/site-packages/airflow/example_dags/example_sensors.py
[2023-12-20T21:20:47.503+0000] {processor.py:839} INFO - DAG(s) dict_keys(['example_sensors']) retrieved from /home/airflow/.local/lib/python3.8/site-packages/airflow/example_dags/example_sensors.py
[2023-12-20T21:20:47.526+0000] {logging_mixin.py:154} INFO - [2023-12-20T21:20:47.526+0000] {dag.py:2941} INFO - Sync 1 DAGs
[2023-12-20T21:20:47.537+0000] {logging_mixin.py:154} INFO - [2023-12-20T21:20:47.537+0000] {dag.py:3722} INFO - Setting next_dagrun for example_sensors to None, run_after=None
[2023-12-20T21:20:47.557+0000] {processor.py:179} INFO - Processing /home/airflow/.local/lib/python3.8/site-packages/airflow/example_dags/example_sensors.py took 0.066 seconds
[2023-12-20T21:21:18.648+0000] {processor.py:157} INFO - Started process (PID=1462) to work on /home/airflow/.local/lib/python3.8/site-packages/airflow/example_dags/example_sensors.py
[2023-12-20T21:21:18.649+0000] {processor.py:829} INFO - Processing file /home/airflow/.local/lib/python3.8/site-packages/airflow/example_dags/example_sensors.py for tasks to queue
[2023-12-20T21:21:18.650+0000] {logging_mixin.py:154} INFO - [2023-12-20T21:21:18.650+0000] {dagbag.py:536} INFO - Filling up the DagBag from /home/airflow/.local/lib/python3.8/site-packages/airflow/example_dags/example_sensors.py
[2023-12-20T21:21:18.657+0000] {processor.py:839} INFO - DAG(s) dict_keys(['example_sensors']) retrieved from /home/airflow/.local/lib/python3.8/site-packages/airflow/example_dags/example_sensors.py
[2023-12-20T21:21:18.791+0000] {logging_mixin.py:154} INFO - [2023-12-20T21:21:18.791+0000] {dag.py:2941} INFO - Sync 1 DAGs
[2023-12-20T21:21:18.801+0000] {logging_mixin.py:154} INFO - [2023-12-20T21:21:18.801+0000] {dag.py:3722} INFO - Setting next_dagrun for example_sensors to None, run_after=None
[2023-12-20T21:21:18.824+0000] {processor.py:179} INFO - Processing /home/airflow/.local/lib/python3.8/site-packages/airflow/example_dags/example_sensors.py took 0.179 seconds
[2023-12-20T21:21:49.095+0000] {processor.py:157} INFO - Started process (PID=1518) to work on /home/airflow/.local/lib/python3.8/site-packages/airflow/example_dags/example_sensors.py
[2023-12-20T21:21:49.095+0000] {processor.py:829} INFO - Processing file /home/airflow/.local/lib/python3.8/site-packages/airflow/example_dags/example_sensors.py for tasks to queue
[2023-12-20T21:21:49.098+0000] {logging_mixin.py:154} INFO - [2023-12-20T21:21:49.097+0000] {dagbag.py:536} INFO - Filling up the DagBag from /home/airflow/.local/lib/python3.8/site-packages/airflow/example_dags/example_sensors.py
[2023-12-20T21:21:49.106+0000] {processor.py:839} INFO - DAG(s) dict_keys(['example_sensors']) retrieved from /home/airflow/.local/lib/python3.8/site-packages/airflow/example_dags/example_sensors.py
[2023-12-20T21:21:49.128+0000] {logging_mixin.py:154} INFO - [2023-12-20T21:21:49.128+0000] {dag.py:2941} INFO - Sync 1 DAGs
[2023-12-20T21:21:49.140+0000] {logging_mixin.py:154} INFO - [2023-12-20T21:21:49.140+0000] {dag.py:3722} INFO - Setting next_dagrun for example_sensors to None, run_after=None
[2023-12-20T21:21:49.160+0000] {processor.py:179} INFO - Processing /home/airflow/.local/lib/python3.8/site-packages/airflow/example_dags/example_sensors.py took 0.068 seconds
[2023-12-20T21:22:19.475+0000] {processor.py:157} INFO - Started process (PID=1574) to work on /home/airflow/.local/lib/python3.8/site-packages/airflow/example_dags/example_sensors.py
[2023-12-20T21:22:19.476+0000] {processor.py:829} INFO - Processing file /home/airflow/.local/lib/python3.8/site-packages/airflow/example_dags/example_sensors.py for tasks to queue
[2023-12-20T21:22:19.477+0000] {logging_mixin.py:154} INFO - [2023-12-20T21:22:19.477+0000] {dagbag.py:536} INFO - Filling up the DagBag from /home/airflow/.local/lib/python3.8/site-packages/airflow/example_dags/example_sensors.py
[2023-12-20T21:22:19.484+0000] {processor.py:839} INFO - DAG(s) dict_keys(['example_sensors']) retrieved from /home/airflow/.local/lib/python3.8/site-packages/airflow/example_dags/example_sensors.py
[2023-12-20T21:22:19.507+0000] {logging_mixin.py:154} INFO - [2023-12-20T21:22:19.506+0000] {dag.py:2941} INFO - Sync 1 DAGs
[2023-12-20T21:22:19.518+0000] {logging_mixin.py:154} INFO - [2023-12-20T21:22:19.517+0000] {dag.py:3722} INFO - Setting next_dagrun for example_sensors to None, run_after=None
[2023-12-20T21:22:19.538+0000] {processor.py:179} INFO - Processing /home/airflow/.local/lib/python3.8/site-packages/airflow/example_dags/example_sensors.py took 0.067 seconds
[2023-12-20T21:22:49.816+0000] {processor.py:157} INFO - Started process (PID=1630) to work on /home/airflow/.local/lib/python3.8/site-packages/airflow/example_dags/example_sensors.py
[2023-12-20T21:22:49.817+0000] {processor.py:829} INFO - Processing file /home/airflow/.local/lib/python3.8/site-packages/airflow/example_dags/example_sensors.py for tasks to queue
[2023-12-20T21:22:49.819+0000] {logging_mixin.py:154} INFO - [2023-12-20T21:22:49.819+0000] {dagbag.py:536} INFO - Filling up the DagBag from /home/airflow/.local/lib/python3.8/site-packages/airflow/example_dags/example_sensors.py
[2023-12-20T21:22:49.826+0000] {processor.py:839} INFO - DAG(s) dict_keys(['example_sensors']) retrieved from /home/airflow/.local/lib/python3.8/site-packages/airflow/example_dags/example_sensors.py
[2023-12-20T21:22:49.848+0000] {logging_mixin.py:154} INFO - [2023-12-20T21:22:49.848+0000] {dag.py:2941} INFO - Sync 1 DAGs
[2023-12-20T21:22:49.859+0000] {logging_mixin.py:154} INFO - [2023-12-20T21:22:49.859+0000] {dag.py:3722} INFO - Setting next_dagrun for example_sensors to None, run_after=None
[2023-12-20T21:22:49.879+0000] {processor.py:179} INFO - Processing /home/airflow/.local/lib/python3.8/site-packages/airflow/example_dags/example_sensors.py took 0.065 seconds
[2023-12-20T21:23:20.086+0000] {processor.py:157} INFO - Started process (PID=1686) to work on /home/airflow/.local/lib/python3.8/site-packages/airflow/example_dags/example_sensors.py
[2023-12-20T21:23:20.087+0000] {processor.py:829} INFO - Processing file /home/airflow/.local/lib/python3.8/site-packages/airflow/example_dags/example_sensors.py for tasks to queue
[2023-12-20T21:23:20.089+0000] {logging_mixin.py:154} INFO - [2023-12-20T21:23:20.088+0000] {dagbag.py:536} INFO - Filling up the DagBag from /home/airflow/.local/lib/python3.8/site-packages/airflow/example_dags/example_sensors.py
[2023-12-20T21:23:20.096+0000] {processor.py:839} INFO - DAG(s) dict_keys(['example_sensors']) retrieved from /home/airflow/.local/lib/python3.8/site-packages/airflow/example_dags/example_sensors.py
[2023-12-20T21:23:20.118+0000] {logging_mixin.py:154} INFO - [2023-12-20T21:23:20.118+0000] {dag.py:2941} INFO - Sync 1 DAGs
[2023-12-20T21:23:20.129+0000] {logging_mixin.py:154} INFO - [2023-12-20T21:23:20.129+0000] {dag.py:3722} INFO - Setting next_dagrun for example_sensors to None, run_after=None
[2023-12-20T21:23:20.150+0000] {processor.py:179} INFO - Processing /home/airflow/.local/lib/python3.8/site-packages/airflow/example_dags/example_sensors.py took 0.066 seconds
[2023-12-20T21:23:50.478+0000] {processor.py:157} INFO - Started process (PID=1742) to work on /home/airflow/.local/lib/python3.8/site-packages/airflow/example_dags/example_sensors.py
[2023-12-20T21:23:50.479+0000] {processor.py:829} INFO - Processing file /home/airflow/.local/lib/python3.8/site-packages/airflow/example_dags/example_sensors.py for tasks to queue
[2023-12-20T21:23:50.481+0000] {logging_mixin.py:154} INFO - [2023-12-20T21:23:50.480+0000] {dagbag.py:536} INFO - Filling up the DagBag from /home/airflow/.local/lib/python3.8/site-packages/airflow/example_dags/example_sensors.py
[2023-12-20T21:23:50.487+0000] {processor.py:839} INFO - DAG(s) dict_keys(['example_sensors']) retrieved from /home/airflow/.local/lib/python3.8/site-packages/airflow/example_dags/example_sensors.py
[2023-12-20T21:23:50.510+0000] {logging_mixin.py:154} INFO - [2023-12-20T21:23:50.509+0000] {dag.py:2941} INFO - Sync 1 DAGs
[2023-12-20T21:23:50.520+0000] {logging_mixin.py:154} INFO - [2023-12-20T21:23:50.520+0000] {dag.py:3722} INFO - Setting next_dagrun for example_sensors to None, run_after=None
[2023-12-20T21:23:50.538+0000] {processor.py:179} INFO - Processing /home/airflow/.local/lib/python3.8/site-packages/airflow/example_dags/example_sensors.py took 0.062 seconds
[2023-12-20T21:24:20.841+0000] {processor.py:157} INFO - Started process (PID=1798) to work on /home/airflow/.local/lib/python3.8/site-packages/airflow/example_dags/example_sensors.py
[2023-12-20T21:24:20.841+0000] {processor.py:829} INFO - Processing file /home/airflow/.local/lib/python3.8/site-packages/airflow/example_dags/example_sensors.py for tasks to queue
[2023-12-20T21:24:20.843+0000] {logging_mixin.py:154} INFO - [2023-12-20T21:24:20.843+0000] {dagbag.py:536} INFO - Filling up the DagBag from /home/airflow/.local/lib/python3.8/site-packages/airflow/example_dags/example_sensors.py
[2023-12-20T21:24:20.850+0000] {processor.py:839} INFO - DAG(s) dict_keys(['example_sensors']) retrieved from /home/airflow/.local/lib/python3.8/site-packages/airflow/example_dags/example_sensors.py
[2023-12-20T21:24:20.872+0000] {logging_mixin.py:154} INFO - [2023-12-20T21:24:20.872+0000] {dag.py:2941} INFO - Sync 1 DAGs
[2023-12-20T21:24:20.883+0000] {logging_mixin.py:154} INFO - [2023-12-20T21:24:20.883+0000] {dag.py:3722} INFO - Setting next_dagrun for example_sensors to None, run_after=None
[2023-12-20T21:24:20.904+0000] {processor.py:179} INFO - Processing /home/airflow/.local/lib/python3.8/site-packages/airflow/example_dags/example_sensors.py took 0.065 seconds
[2023-12-20T21:24:51.216+0000] {processor.py:157} INFO - Started process (PID=1854) to work on /home/airflow/.local/lib/python3.8/site-packages/airflow/example_dags/example_sensors.py
[2023-12-20T21:24:51.217+0000] {processor.py:829} INFO - Processing file /home/airflow/.local/lib/python3.8/site-packages/airflow/example_dags/example_sensors.py for tasks to queue
[2023-12-20T21:24:51.219+0000] {logging_mixin.py:154} INFO - [2023-12-20T21:24:51.219+0000] {dagbag.py:536} INFO - Filling up the DagBag from /home/airflow/.local/lib/python3.8/site-packages/airflow/example_dags/example_sensors.py
[2023-12-20T21:24:51.225+0000] {processor.py:839} INFO - DAG(s) dict_keys(['example_sensors']) retrieved from /home/airflow/.local/lib/python3.8/site-packages/airflow/example_dags/example_sensors.py
[2023-12-20T21:24:51.245+0000] {logging_mixin.py:154} INFO - [2023-12-20T21:24:51.245+0000] {dag.py:2941} INFO - Sync 1 DAGs
[2023-12-20T21:24:51.256+0000] {logging_mixin.py:154} INFO - [2023-12-20T21:24:51.256+0000] {dag.py:3722} INFO - Setting next_dagrun for example_sensors to None, run_after=None
[2023-12-20T21:24:51.276+0000] {processor.py:179} INFO - Processing /home/airflow/.local/lib/python3.8/site-packages/airflow/example_dags/example_sensors.py took 0.062 seconds
[2023-12-20T21:25:21.608+0000] {processor.py:157} INFO - Started process (PID=1910) to work on /home/airflow/.local/lib/python3.8/site-packages/airflow/example_dags/example_sensors.py
[2023-12-20T21:25:21.609+0000] {processor.py:829} INFO - Processing file /home/airflow/.local/lib/python3.8/site-packages/airflow/example_dags/example_sensors.py for tasks to queue
[2023-12-20T21:25:21.611+0000] {logging_mixin.py:154} INFO - [2023-12-20T21:25:21.611+0000] {dagbag.py:536} INFO - Filling up the DagBag from /home/airflow/.local/lib/python3.8/site-packages/airflow/example_dags/example_sensors.py
[2023-12-20T21:25:21.618+0000] {processor.py:839} INFO - DAG(s) dict_keys(['example_sensors']) retrieved from /home/airflow/.local/lib/python3.8/site-packages/airflow/example_dags/example_sensors.py
[2023-12-20T21:25:21.640+0000] {logging_mixin.py:154} INFO - [2023-12-20T21:25:21.640+0000] {dag.py:2941} INFO - Sync 1 DAGs
[2023-12-20T21:25:21.651+0000] {logging_mixin.py:154} INFO - [2023-12-20T21:25:21.651+0000] {dag.py:3722} INFO - Setting next_dagrun for example_sensors to None, run_after=None
[2023-12-20T21:25:21.671+0000] {processor.py:179} INFO - Processing /home/airflow/.local/lib/python3.8/site-packages/airflow/example_dags/example_sensors.py took 0.065 seconds
[2023-12-20T21:25:51.928+0000] {processor.py:157} INFO - Started process (PID=1966) to work on /home/airflow/.local/lib/python3.8/site-packages/airflow/example_dags/example_sensors.py
[2023-12-20T21:25:51.929+0000] {processor.py:829} INFO - Processing file /home/airflow/.local/lib/python3.8/site-packages/airflow/example_dags/example_sensors.py for tasks to queue
[2023-12-20T21:25:51.931+0000] {logging_mixin.py:154} INFO - [2023-12-20T21:25:51.931+0000] {dagbag.py:536} INFO - Filling up the DagBag from /home/airflow/.local/lib/python3.8/site-packages/airflow/example_dags/example_sensors.py
[2023-12-20T21:25:51.938+0000] {processor.py:839} INFO - DAG(s) dict_keys(['example_sensors']) retrieved from /home/airflow/.local/lib/python3.8/site-packages/airflow/example_dags/example_sensors.py
[2023-12-20T21:25:51.958+0000] {logging_mixin.py:154} INFO - [2023-12-20T21:25:51.958+0000] {dag.py:2941} INFO - Sync 1 DAGs
[2023-12-20T21:25:51.970+0000] {logging_mixin.py:154} INFO - [2023-12-20T21:25:51.970+0000] {dag.py:3722} INFO - Setting next_dagrun for example_sensors to None, run_after=None
[2023-12-20T21:25:51.988+0000] {processor.py:179} INFO - Processing /home/airflow/.local/lib/python3.8/site-packages/airflow/example_dags/example_sensors.py took 0.062 seconds
[2023-12-20T21:26:22.418+0000] {processor.py:157} INFO - Started process (PID=2022) to work on /home/airflow/.local/lib/python3.8/site-packages/airflow/example_dags/example_sensors.py
[2023-12-20T21:26:22.419+0000] {processor.py:829} INFO - Processing file /home/airflow/.local/lib/python3.8/site-packages/airflow/example_dags/example_sensors.py for tasks to queue
[2023-12-20T21:26:22.421+0000] {logging_mixin.py:154} INFO - [2023-12-20T21:26:22.420+0000] {dagbag.py:536} INFO - Filling up the DagBag from /home/airflow/.local/lib/python3.8/site-packages/airflow/example_dags/example_sensors.py
[2023-12-20T21:26:22.427+0000] {processor.py:839} INFO - DAG(s) dict_keys(['example_sensors']) retrieved from /home/airflow/.local/lib/python3.8/site-packages/airflow/example_dags/example_sensors.py
[2023-12-20T21:26:22.448+0000] {logging_mixin.py:154} INFO - [2023-12-20T21:26:22.448+0000] {dag.py:2941} INFO - Sync 1 DAGs
[2023-12-20T21:26:22.459+0000] {logging_mixin.py:154} INFO - [2023-12-20T21:26:22.459+0000] {dag.py:3722} INFO - Setting next_dagrun for example_sensors to None, run_after=None
[2023-12-20T21:26:22.479+0000] {processor.py:179} INFO - Processing /home/airflow/.local/lib/python3.8/site-packages/airflow/example_dags/example_sensors.py took 0.064 seconds
