[2023-12-20T21:08:34.830+0000] {processor.py:157} INFO - Started process (PID=65) to work on /home/airflow/.local/lib/python3.8/site-packages/airflow/example_dags/example_nested_branch_dag.py
[2023-12-20T21:08:34.831+0000] {processor.py:829} INFO - Processing file /home/airflow/.local/lib/python3.8/site-packages/airflow/example_dags/example_nested_branch_dag.py for tasks to queue
[2023-12-20T21:08:34.833+0000] {logging_mixin.py:154} INFO - [2023-12-20T21:08:34.833+0000] {dagbag.py:536} INFO - Filling up the DagBag from /home/airflow/.local/lib/python3.8/site-packages/airflow/example_dags/example_nested_branch_dag.py
[2023-12-20T21:08:34.846+0000] {processor.py:839} INFO - DAG(s) dict_keys(['example_nested_branch_dag']) retrieved from /home/airflow/.local/lib/python3.8/site-packages/airflow/example_dags/example_nested_branch_dag.py
[2023-12-20T21:08:34.859+0000] {logging_mixin.py:154} INFO - [2023-12-20T21:08:34.859+0000] {dag.py:2941} INFO - Sync 1 DAGs
[2023-12-20T21:08:34.885+0000] {logging_mixin.py:154} INFO - [2023-12-20T21:08:34.885+0000] {dag.py:3722} INFO - Setting next_dagrun for example_nested_branch_dag to 2023-12-19T00:00:00+00:00, run_after=2023-12-20T00:00:00+00:00
[2023-12-20T21:08:34.911+0000] {processor.py:179} INFO - Processing /home/airflow/.local/lib/python3.8/site-packages/airflow/example_dags/example_nested_branch_dag.py took 0.083 seconds
[2023-12-20T21:09:05.072+0000] {processor.py:157} INFO - Started process (PID=121) to work on /home/airflow/.local/lib/python3.8/site-packages/airflow/example_dags/example_nested_branch_dag.py
[2023-12-20T21:09:05.073+0000] {processor.py:829} INFO - Processing file /home/airflow/.local/lib/python3.8/site-packages/airflow/example_dags/example_nested_branch_dag.py for tasks to queue
[2023-12-20T21:09:05.075+0000] {logging_mixin.py:154} INFO - [2023-12-20T21:09:05.075+0000] {dagbag.py:536} INFO - Filling up the DagBag from /home/airflow/.local/lib/python3.8/site-packages/airflow/example_dags/example_nested_branch_dag.py
[2023-12-20T21:09:05.084+0000] {processor.py:839} INFO - DAG(s) dict_keys(['example_nested_branch_dag']) retrieved from /home/airflow/.local/lib/python3.8/site-packages/airflow/example_dags/example_nested_branch_dag.py
[2023-12-20T21:09:05.103+0000] {logging_mixin.py:154} INFO - [2023-12-20T21:09:05.103+0000] {dag.py:2941} INFO - Sync 1 DAGs
[2023-12-20T21:09:05.124+0000] {logging_mixin.py:154} INFO - [2023-12-20T21:09:05.124+0000] {dag.py:3722} INFO - Setting next_dagrun for example_nested_branch_dag to 2023-12-19T00:00:00+00:00, run_after=2023-12-20T00:00:00+00:00
[2023-12-20T21:09:05.145+0000] {processor.py:179} INFO - Processing /home/airflow/.local/lib/python3.8/site-packages/airflow/example_dags/example_nested_branch_dag.py took 0.075 seconds
[2023-12-20T21:09:36.028+0000] {processor.py:157} INFO - Started process (PID=177) to work on /home/airflow/.local/lib/python3.8/site-packages/airflow/example_dags/example_nested_branch_dag.py
[2023-12-20T21:09:36.028+0000] {processor.py:829} INFO - Processing file /home/airflow/.local/lib/python3.8/site-packages/airflow/example_dags/example_nested_branch_dag.py for tasks to queue
[2023-12-20T21:09:36.030+0000] {logging_mixin.py:154} INFO - [2023-12-20T21:09:36.030+0000] {dagbag.py:536} INFO - Filling up the DagBag from /home/airflow/.local/lib/python3.8/site-packages/airflow/example_dags/example_nested_branch_dag.py
[2023-12-20T21:09:36.038+0000] {processor.py:839} INFO - DAG(s) dict_keys(['example_nested_branch_dag']) retrieved from /home/airflow/.local/lib/python3.8/site-packages/airflow/example_dags/example_nested_branch_dag.py
[2023-12-20T21:09:36.057+0000] {logging_mixin.py:154} INFO - [2023-12-20T21:09:36.056+0000] {dag.py:2941} INFO - Sync 1 DAGs
[2023-12-20T21:09:36.078+0000] {logging_mixin.py:154} INFO - [2023-12-20T21:09:36.078+0000] {dag.py:3722} INFO - Setting next_dagrun for example_nested_branch_dag to 2023-12-19T00:00:00+00:00, run_after=2023-12-20T00:00:00+00:00
[2023-12-20T21:09:36.097+0000] {processor.py:179} INFO - Processing /home/airflow/.local/lib/python3.8/site-packages/airflow/example_dags/example_nested_branch_dag.py took 0.072 seconds
[2023-12-20T21:10:06.594+0000] {processor.py:157} INFO - Started process (PID=233) to work on /home/airflow/.local/lib/python3.8/site-packages/airflow/example_dags/example_nested_branch_dag.py
[2023-12-20T21:10:06.596+0000] {processor.py:829} INFO - Processing file /home/airflow/.local/lib/python3.8/site-packages/airflow/example_dags/example_nested_branch_dag.py for tasks to queue
[2023-12-20T21:10:06.599+0000] {logging_mixin.py:154} INFO - [2023-12-20T21:10:06.599+0000] {dagbag.py:536} INFO - Filling up the DagBag from /home/airflow/.local/lib/python3.8/site-packages/airflow/example_dags/example_nested_branch_dag.py
[2023-12-20T21:10:06.610+0000] {processor.py:839} INFO - DAG(s) dict_keys(['example_nested_branch_dag']) retrieved from /home/airflow/.local/lib/python3.8/site-packages/airflow/example_dags/example_nested_branch_dag.py
[2023-12-20T21:10:06.632+0000] {logging_mixin.py:154} INFO - [2023-12-20T21:10:06.632+0000] {dag.py:2941} INFO - Sync 1 DAGs
[2023-12-20T21:10:06.664+0000] {logging_mixin.py:154} INFO - [2023-12-20T21:10:06.663+0000] {dag.py:3722} INFO - Setting next_dagrun for example_nested_branch_dag to 2023-12-19T00:00:00+00:00, run_after=2023-12-20T00:00:00+00:00
[2023-12-20T21:10:06.710+0000] {processor.py:179} INFO - Processing /home/airflow/.local/lib/python3.8/site-packages/airflow/example_dags/example_nested_branch_dag.py took 0.125 seconds
[2023-12-20T21:10:36.743+0000] {processor.py:157} INFO - Started process (PID=288) to work on /home/airflow/.local/lib/python3.8/site-packages/airflow/example_dags/example_nested_branch_dag.py
[2023-12-20T21:10:36.745+0000] {processor.py:829} INFO - Processing file /home/airflow/.local/lib/python3.8/site-packages/airflow/example_dags/example_nested_branch_dag.py for tasks to queue
[2023-12-20T21:10:36.747+0000] {logging_mixin.py:154} INFO - [2023-12-20T21:10:36.746+0000] {dagbag.py:536} INFO - Filling up the DagBag from /home/airflow/.local/lib/python3.8/site-packages/airflow/example_dags/example_nested_branch_dag.py
[2023-12-20T21:10:36.755+0000] {processor.py:839} INFO - DAG(s) dict_keys(['example_nested_branch_dag']) retrieved from /home/airflow/.local/lib/python3.8/site-packages/airflow/example_dags/example_nested_branch_dag.py
[2023-12-20T21:10:36.773+0000] {logging_mixin.py:154} INFO - [2023-12-20T21:10:36.773+0000] {dag.py:2941} INFO - Sync 1 DAGs
[2023-12-20T21:10:36.793+0000] {logging_mixin.py:154} INFO - [2023-12-20T21:10:36.792+0000] {dag.py:3722} INFO - Setting next_dagrun for example_nested_branch_dag to 2023-12-19T00:00:00+00:00, run_after=2023-12-20T00:00:00+00:00
[2023-12-20T21:10:36.810+0000] {processor.py:179} INFO - Processing /home/airflow/.local/lib/python3.8/site-packages/airflow/example_dags/example_nested_branch_dag.py took 0.069 seconds
[2023-12-20T21:11:06.932+0000] {processor.py:157} INFO - Started process (PID=344) to work on /home/airflow/.local/lib/python3.8/site-packages/airflow/example_dags/example_nested_branch_dag.py
[2023-12-20T21:11:06.933+0000] {processor.py:829} INFO - Processing file /home/airflow/.local/lib/python3.8/site-packages/airflow/example_dags/example_nested_branch_dag.py for tasks to queue
[2023-12-20T21:11:06.935+0000] {logging_mixin.py:154} INFO - [2023-12-20T21:11:06.934+0000] {dagbag.py:536} INFO - Filling up the DagBag from /home/airflow/.local/lib/python3.8/site-packages/airflow/example_dags/example_nested_branch_dag.py
[2023-12-20T21:11:06.943+0000] {processor.py:839} INFO - DAG(s) dict_keys(['example_nested_branch_dag']) retrieved from /home/airflow/.local/lib/python3.8/site-packages/airflow/example_dags/example_nested_branch_dag.py
[2023-12-20T21:11:06.964+0000] {logging_mixin.py:154} INFO - [2023-12-20T21:11:06.964+0000] {dag.py:2941} INFO - Sync 1 DAGs
[2023-12-20T21:11:06.986+0000] {logging_mixin.py:154} INFO - [2023-12-20T21:11:06.986+0000] {dag.py:3722} INFO - Setting next_dagrun for example_nested_branch_dag to 2023-12-19T00:00:00+00:00, run_after=2023-12-20T00:00:00+00:00
[2023-12-20T21:11:07.008+0000] {processor.py:179} INFO - Processing /home/airflow/.local/lib/python3.8/site-packages/airflow/example_dags/example_nested_branch_dag.py took 0.078 seconds
[2023-12-20T21:11:37.950+0000] {processor.py:157} INFO - Started process (PID=400) to work on /home/airflow/.local/lib/python3.8/site-packages/airflow/example_dags/example_nested_branch_dag.py
[2023-12-20T21:11:37.951+0000] {processor.py:829} INFO - Processing file /home/airflow/.local/lib/python3.8/site-packages/airflow/example_dags/example_nested_branch_dag.py for tasks to queue
[2023-12-20T21:11:37.953+0000] {logging_mixin.py:154} INFO - [2023-12-20T21:11:37.952+0000] {dagbag.py:536} INFO - Filling up the DagBag from /home/airflow/.local/lib/python3.8/site-packages/airflow/example_dags/example_nested_branch_dag.py
[2023-12-20T21:11:37.960+0000] {processor.py:839} INFO - DAG(s) dict_keys(['example_nested_branch_dag']) retrieved from /home/airflow/.local/lib/python3.8/site-packages/airflow/example_dags/example_nested_branch_dag.py
[2023-12-20T21:11:37.978+0000] {logging_mixin.py:154} INFO - [2023-12-20T21:11:37.978+0000] {dag.py:2941} INFO - Sync 1 DAGs
[2023-12-20T21:11:37.998+0000] {logging_mixin.py:154} INFO - [2023-12-20T21:11:37.998+0000] {dag.py:3722} INFO - Setting next_dagrun for example_nested_branch_dag to 2023-12-19T00:00:00+00:00, run_after=2023-12-20T00:00:00+00:00
[2023-12-20T21:11:38.019+0000] {processor.py:179} INFO - Processing /home/airflow/.local/lib/python3.8/site-packages/airflow/example_dags/example_nested_branch_dag.py took 0.071 seconds
[2023-12-20T21:12:08.623+0000] {processor.py:157} INFO - Started process (PID=456) to work on /home/airflow/.local/lib/python3.8/site-packages/airflow/example_dags/example_nested_branch_dag.py
[2023-12-20T21:12:08.624+0000] {processor.py:829} INFO - Processing file /home/airflow/.local/lib/python3.8/site-packages/airflow/example_dags/example_nested_branch_dag.py for tasks to queue
[2023-12-20T21:12:08.626+0000] {logging_mixin.py:154} INFO - [2023-12-20T21:12:08.626+0000] {dagbag.py:536} INFO - Filling up the DagBag from /home/airflow/.local/lib/python3.8/site-packages/airflow/example_dags/example_nested_branch_dag.py
[2023-12-20T21:12:08.633+0000] {processor.py:839} INFO - DAG(s) dict_keys(['example_nested_branch_dag']) retrieved from /home/airflow/.local/lib/python3.8/site-packages/airflow/example_dags/example_nested_branch_dag.py
[2023-12-20T21:12:08.652+0000] {logging_mixin.py:154} INFO - [2023-12-20T21:12:08.652+0000] {dag.py:2941} INFO - Sync 1 DAGs
[2023-12-20T21:12:08.672+0000] {logging_mixin.py:154} INFO - [2023-12-20T21:12:08.672+0000] {dag.py:3722} INFO - Setting next_dagrun for example_nested_branch_dag to 2023-12-19T00:00:00+00:00, run_after=2023-12-20T00:00:00+00:00
[2023-12-20T21:12:08.695+0000] {processor.py:179} INFO - Processing /home/airflow/.local/lib/python3.8/site-packages/airflow/example_dags/example_nested_branch_dag.py took 0.074 seconds
[2023-12-20T21:12:39.058+0000] {processor.py:157} INFO - Started process (PID=512) to work on /home/airflow/.local/lib/python3.8/site-packages/airflow/example_dags/example_nested_branch_dag.py
[2023-12-20T21:12:39.059+0000] {processor.py:829} INFO - Processing file /home/airflow/.local/lib/python3.8/site-packages/airflow/example_dags/example_nested_branch_dag.py for tasks to queue
[2023-12-20T21:12:39.061+0000] {logging_mixin.py:154} INFO - [2023-12-20T21:12:39.061+0000] {dagbag.py:536} INFO - Filling up the DagBag from /home/airflow/.local/lib/python3.8/site-packages/airflow/example_dags/example_nested_branch_dag.py
[2023-12-20T21:12:39.068+0000] {processor.py:839} INFO - DAG(s) dict_keys(['example_nested_branch_dag']) retrieved from /home/airflow/.local/lib/python3.8/site-packages/airflow/example_dags/example_nested_branch_dag.py
[2023-12-20T21:12:39.086+0000] {logging_mixin.py:154} INFO - [2023-12-20T21:12:39.086+0000] {dag.py:2941} INFO - Sync 1 DAGs
[2023-12-20T21:12:39.106+0000] {logging_mixin.py:154} INFO - [2023-12-20T21:12:39.106+0000] {dag.py:3722} INFO - Setting next_dagrun for example_nested_branch_dag to 2023-12-19T00:00:00+00:00, run_after=2023-12-20T00:00:00+00:00
[2023-12-20T21:12:39.125+0000] {processor.py:179} INFO - Processing /home/airflow/.local/lib/python3.8/site-packages/airflow/example_dags/example_nested_branch_dag.py took 0.069 seconds
[2023-12-20T21:13:09.248+0000] {processor.py:157} INFO - Started process (PID=568) to work on /home/airflow/.local/lib/python3.8/site-packages/airflow/example_dags/example_nested_branch_dag.py
[2023-12-20T21:13:09.249+0000] {processor.py:829} INFO - Processing file /home/airflow/.local/lib/python3.8/site-packages/airflow/example_dags/example_nested_branch_dag.py for tasks to queue
[2023-12-20T21:13:09.250+0000] {logging_mixin.py:154} INFO - [2023-12-20T21:13:09.250+0000] {dagbag.py:536} INFO - Filling up the DagBag from /home/airflow/.local/lib/python3.8/site-packages/airflow/example_dags/example_nested_branch_dag.py
[2023-12-20T21:13:09.257+0000] {processor.py:839} INFO - DAG(s) dict_keys(['example_nested_branch_dag']) retrieved from /home/airflow/.local/lib/python3.8/site-packages/airflow/example_dags/example_nested_branch_dag.py
[2023-12-20T21:13:09.276+0000] {logging_mixin.py:154} INFO - [2023-12-20T21:13:09.276+0000] {dag.py:2941} INFO - Sync 1 DAGs
[2023-12-20T21:13:09.296+0000] {logging_mixin.py:154} INFO - [2023-12-20T21:13:09.296+0000] {dag.py:3722} INFO - Setting next_dagrun for example_nested_branch_dag to 2023-12-19T00:00:00+00:00, run_after=2023-12-20T00:00:00+00:00
[2023-12-20T21:13:09.315+0000] {processor.py:179} INFO - Processing /home/airflow/.local/lib/python3.8/site-packages/airflow/example_dags/example_nested_branch_dag.py took 0.069 seconds
[2023-12-20T21:13:40.176+0000] {processor.py:157} INFO - Started process (PID=624) to work on /home/airflow/.local/lib/python3.8/site-packages/airflow/example_dags/example_nested_branch_dag.py
[2023-12-20T21:13:40.177+0000] {processor.py:829} INFO - Processing file /home/airflow/.local/lib/python3.8/site-packages/airflow/example_dags/example_nested_branch_dag.py for tasks to queue
[2023-12-20T21:13:40.179+0000] {logging_mixin.py:154} INFO - [2023-12-20T21:13:40.178+0000] {dagbag.py:536} INFO - Filling up the DagBag from /home/airflow/.local/lib/python3.8/site-packages/airflow/example_dags/example_nested_branch_dag.py
[2023-12-20T21:13:40.186+0000] {processor.py:839} INFO - DAG(s) dict_keys(['example_nested_branch_dag']) retrieved from /home/airflow/.local/lib/python3.8/site-packages/airflow/example_dags/example_nested_branch_dag.py
[2023-12-20T21:13:40.207+0000] {logging_mixin.py:154} INFO - [2023-12-20T21:13:40.206+0000] {dag.py:2941} INFO - Sync 1 DAGs
[2023-12-20T21:13:40.229+0000] {logging_mixin.py:154} INFO - [2023-12-20T21:13:40.229+0000] {dag.py:3722} INFO - Setting next_dagrun for example_nested_branch_dag to 2023-12-19T00:00:00+00:00, run_after=2023-12-20T00:00:00+00:00
[2023-12-20T21:13:40.250+0000] {processor.py:179} INFO - Processing /home/airflow/.local/lib/python3.8/site-packages/airflow/example_dags/example_nested_branch_dag.py took 0.076 seconds
[2023-12-20T21:14:10.353+0000] {processor.py:157} INFO - Started process (PID=680) to work on /home/airflow/.local/lib/python3.8/site-packages/airflow/example_dags/example_nested_branch_dag.py
[2023-12-20T21:14:10.354+0000] {processor.py:829} INFO - Processing file /home/airflow/.local/lib/python3.8/site-packages/airflow/example_dags/example_nested_branch_dag.py for tasks to queue
[2023-12-20T21:14:10.356+0000] {logging_mixin.py:154} INFO - [2023-12-20T21:14:10.356+0000] {dagbag.py:536} INFO - Filling up the DagBag from /home/airflow/.local/lib/python3.8/site-packages/airflow/example_dags/example_nested_branch_dag.py
[2023-12-20T21:14:10.363+0000] {processor.py:839} INFO - DAG(s) dict_keys(['example_nested_branch_dag']) retrieved from /home/airflow/.local/lib/python3.8/site-packages/airflow/example_dags/example_nested_branch_dag.py
[2023-12-20T21:14:10.381+0000] {logging_mixin.py:154} INFO - [2023-12-20T21:14:10.381+0000] {dag.py:2941} INFO - Sync 1 DAGs
[2023-12-20T21:14:10.400+0000] {logging_mixin.py:154} INFO - [2023-12-20T21:14:10.400+0000] {dag.py:3722} INFO - Setting next_dagrun for example_nested_branch_dag to 2023-12-19T00:00:00+00:00, run_after=2023-12-20T00:00:00+00:00
[2023-12-20T21:14:10.420+0000] {processor.py:179} INFO - Processing /home/airflow/.local/lib/python3.8/site-packages/airflow/example_dags/example_nested_branch_dag.py took 0.069 seconds
[2023-12-20T21:14:41.437+0000] {processor.py:157} INFO - Started process (PID=736) to work on /home/airflow/.local/lib/python3.8/site-packages/airflow/example_dags/example_nested_branch_dag.py
[2023-12-20T21:14:41.438+0000] {processor.py:829} INFO - Processing file /home/airflow/.local/lib/python3.8/site-packages/airflow/example_dags/example_nested_branch_dag.py for tasks to queue
[2023-12-20T21:14:41.440+0000] {logging_mixin.py:154} INFO - [2023-12-20T21:14:41.440+0000] {dagbag.py:536} INFO - Filling up the DagBag from /home/airflow/.local/lib/python3.8/site-packages/airflow/example_dags/example_nested_branch_dag.py
[2023-12-20T21:14:41.448+0000] {processor.py:839} INFO - DAG(s) dict_keys(['example_nested_branch_dag']) retrieved from /home/airflow/.local/lib/python3.8/site-packages/airflow/example_dags/example_nested_branch_dag.py
[2023-12-20T21:14:41.466+0000] {logging_mixin.py:154} INFO - [2023-12-20T21:14:41.466+0000] {dag.py:2941} INFO - Sync 1 DAGs
[2023-12-20T21:14:41.484+0000] {logging_mixin.py:154} INFO - [2023-12-20T21:14:41.484+0000] {dag.py:3722} INFO - Setting next_dagrun for example_nested_branch_dag to 2023-12-19T00:00:00+00:00, run_after=2023-12-20T00:00:00+00:00
[2023-12-20T21:14:41.504+0000] {processor.py:179} INFO - Processing /home/airflow/.local/lib/python3.8/site-packages/airflow/example_dags/example_nested_branch_dag.py took 0.069 seconds
[2023-12-20T21:15:11.911+0000] {processor.py:157} INFO - Started process (PID=792) to work on /home/airflow/.local/lib/python3.8/site-packages/airflow/example_dags/example_nested_branch_dag.py
[2023-12-20T21:15:11.911+0000] {processor.py:829} INFO - Processing file /home/airflow/.local/lib/python3.8/site-packages/airflow/example_dags/example_nested_branch_dag.py for tasks to queue
[2023-12-20T21:15:11.913+0000] {logging_mixin.py:154} INFO - [2023-12-20T21:15:11.913+0000] {dagbag.py:536} INFO - Filling up the DagBag from /home/airflow/.local/lib/python3.8/site-packages/airflow/example_dags/example_nested_branch_dag.py
[2023-12-20T21:15:11.920+0000] {processor.py:839} INFO - DAG(s) dict_keys(['example_nested_branch_dag']) retrieved from /home/airflow/.local/lib/python3.8/site-packages/airflow/example_dags/example_nested_branch_dag.py
[2023-12-20T21:15:11.938+0000] {logging_mixin.py:154} INFO - [2023-12-20T21:15:11.937+0000] {dag.py:2941} INFO - Sync 1 DAGs
[2023-12-20T21:15:11.957+0000] {logging_mixin.py:154} INFO - [2023-12-20T21:15:11.957+0000] {dag.py:3722} INFO - Setting next_dagrun for example_nested_branch_dag to 2023-12-19T00:00:00+00:00, run_after=2023-12-20T00:00:00+00:00
[2023-12-20T21:15:11.977+0000] {processor.py:179} INFO - Processing /home/airflow/.local/lib/python3.8/site-packages/airflow/example_dags/example_nested_branch_dag.py took 0.068 seconds
[2023-12-20T21:15:42.542+0000] {processor.py:157} INFO - Started process (PID=848) to work on /home/airflow/.local/lib/python3.8/site-packages/airflow/example_dags/example_nested_branch_dag.py
[2023-12-20T21:15:42.543+0000] {processor.py:829} INFO - Processing file /home/airflow/.local/lib/python3.8/site-packages/airflow/example_dags/example_nested_branch_dag.py for tasks to queue
[2023-12-20T21:15:42.544+0000] {logging_mixin.py:154} INFO - [2023-12-20T21:15:42.544+0000] {dagbag.py:536} INFO - Filling up the DagBag from /home/airflow/.local/lib/python3.8/site-packages/airflow/example_dags/example_nested_branch_dag.py
[2023-12-20T21:15:42.551+0000] {processor.py:839} INFO - DAG(s) dict_keys(['example_nested_branch_dag']) retrieved from /home/airflow/.local/lib/python3.8/site-packages/airflow/example_dags/example_nested_branch_dag.py
[2023-12-20T21:15:42.569+0000] {logging_mixin.py:154} INFO - [2023-12-20T21:15:42.568+0000] {dag.py:2941} INFO - Sync 1 DAGs
[2023-12-20T21:15:42.587+0000] {logging_mixin.py:154} INFO - [2023-12-20T21:15:42.587+0000] {dag.py:3722} INFO - Setting next_dagrun for example_nested_branch_dag to 2023-12-19T00:00:00+00:00, run_after=2023-12-20T00:00:00+00:00
[2023-12-20T21:15:42.604+0000] {processor.py:179} INFO - Processing /home/airflow/.local/lib/python3.8/site-packages/airflow/example_dags/example_nested_branch_dag.py took 0.064 seconds
[2023-12-20T21:16:13.050+0000] {processor.py:157} INFO - Started process (PID=904) to work on /home/airflow/.local/lib/python3.8/site-packages/airflow/example_dags/example_nested_branch_dag.py
[2023-12-20T21:16:13.051+0000] {processor.py:829} INFO - Processing file /home/airflow/.local/lib/python3.8/site-packages/airflow/example_dags/example_nested_branch_dag.py for tasks to queue
[2023-12-20T21:16:13.053+0000] {logging_mixin.py:154} INFO - [2023-12-20T21:16:13.052+0000] {dagbag.py:536} INFO - Filling up the DagBag from /home/airflow/.local/lib/python3.8/site-packages/airflow/example_dags/example_nested_branch_dag.py
[2023-12-20T21:16:13.060+0000] {processor.py:839} INFO - DAG(s) dict_keys(['example_nested_branch_dag']) retrieved from /home/airflow/.local/lib/python3.8/site-packages/airflow/example_dags/example_nested_branch_dag.py
[2023-12-20T21:16:13.078+0000] {logging_mixin.py:154} INFO - [2023-12-20T21:16:13.077+0000] {dag.py:2941} INFO - Sync 1 DAGs
[2023-12-20T21:16:13.098+0000] {logging_mixin.py:154} INFO - [2023-12-20T21:16:13.098+0000] {dag.py:3722} INFO - Setting next_dagrun for example_nested_branch_dag to 2023-12-19T00:00:00+00:00, run_after=2023-12-20T00:00:00+00:00
[2023-12-20T21:16:13.117+0000] {processor.py:179} INFO - Processing /home/airflow/.local/lib/python3.8/site-packages/airflow/example_dags/example_nested_branch_dag.py took 0.069 seconds
[2023-12-20T21:16:43.291+0000] {processor.py:157} INFO - Started process (PID=960) to work on /home/airflow/.local/lib/python3.8/site-packages/airflow/example_dags/example_nested_branch_dag.py
[2023-12-20T21:16:43.292+0000] {processor.py:829} INFO - Processing file /home/airflow/.local/lib/python3.8/site-packages/airflow/example_dags/example_nested_branch_dag.py for tasks to queue
[2023-12-20T21:16:43.294+0000] {logging_mixin.py:154} INFO - [2023-12-20T21:16:43.294+0000] {dagbag.py:536} INFO - Filling up the DagBag from /home/airflow/.local/lib/python3.8/site-packages/airflow/example_dags/example_nested_branch_dag.py
[2023-12-20T21:16:43.301+0000] {processor.py:839} INFO - DAG(s) dict_keys(['example_nested_branch_dag']) retrieved from /home/airflow/.local/lib/python3.8/site-packages/airflow/example_dags/example_nested_branch_dag.py
[2023-12-20T21:16:43.319+0000] {logging_mixin.py:154} INFO - [2023-12-20T21:16:43.319+0000] {dag.py:2941} INFO - Sync 1 DAGs
[2023-12-20T21:16:43.341+0000] {logging_mixin.py:154} INFO - [2023-12-20T21:16:43.340+0000] {dag.py:3722} INFO - Setting next_dagrun for example_nested_branch_dag to 2023-12-19T00:00:00+00:00, run_after=2023-12-20T00:00:00+00:00
[2023-12-20T21:16:43.362+0000] {processor.py:179} INFO - Processing /home/airflow/.local/lib/python3.8/site-packages/airflow/example_dags/example_nested_branch_dag.py took 0.072 seconds
[2023-12-20T21:17:14.229+0000] {processor.py:157} INFO - Started process (PID=1016) to work on /home/airflow/.local/lib/python3.8/site-packages/airflow/example_dags/example_nested_branch_dag.py
[2023-12-20T21:17:14.231+0000] {processor.py:829} INFO - Processing file /home/airflow/.local/lib/python3.8/site-packages/airflow/example_dags/example_nested_branch_dag.py for tasks to queue
[2023-12-20T21:17:14.233+0000] {logging_mixin.py:154} INFO - [2023-12-20T21:17:14.232+0000] {dagbag.py:536} INFO - Filling up the DagBag from /home/airflow/.local/lib/python3.8/site-packages/airflow/example_dags/example_nested_branch_dag.py
[2023-12-20T21:17:14.240+0000] {processor.py:839} INFO - DAG(s) dict_keys(['example_nested_branch_dag']) retrieved from /home/airflow/.local/lib/python3.8/site-packages/airflow/example_dags/example_nested_branch_dag.py
[2023-12-20T21:17:14.260+0000] {logging_mixin.py:154} INFO - [2023-12-20T21:17:14.260+0000] {dag.py:2941} INFO - Sync 1 DAGs
[2023-12-20T21:17:14.283+0000] {logging_mixin.py:154} INFO - [2023-12-20T21:17:14.283+0000] {dag.py:3722} INFO - Setting next_dagrun for example_nested_branch_dag to 2023-12-19T00:00:00+00:00, run_after=2023-12-20T00:00:00+00:00
[2023-12-20T21:17:14.422+0000] {processor.py:179} INFO - Processing /home/airflow/.local/lib/python3.8/site-packages/airflow/example_dags/example_nested_branch_dag.py took 0.195 seconds
[2023-12-20T21:17:44.496+0000] {processor.py:157} INFO - Started process (PID=1072) to work on /home/airflow/.local/lib/python3.8/site-packages/airflow/example_dags/example_nested_branch_dag.py
[2023-12-20T21:17:44.497+0000] {processor.py:829} INFO - Processing file /home/airflow/.local/lib/python3.8/site-packages/airflow/example_dags/example_nested_branch_dag.py for tasks to queue
[2023-12-20T21:17:44.498+0000] {logging_mixin.py:154} INFO - [2023-12-20T21:17:44.498+0000] {dagbag.py:536} INFO - Filling up the DagBag from /home/airflow/.local/lib/python3.8/site-packages/airflow/example_dags/example_nested_branch_dag.py
[2023-12-20T21:17:44.505+0000] {processor.py:839} INFO - DAG(s) dict_keys(['example_nested_branch_dag']) retrieved from /home/airflow/.local/lib/python3.8/site-packages/airflow/example_dags/example_nested_branch_dag.py
[2023-12-20T21:17:44.524+0000] {logging_mixin.py:154} INFO - [2023-12-20T21:17:44.523+0000] {dag.py:2941} INFO - Sync 1 DAGs
[2023-12-20T21:17:44.543+0000] {logging_mixin.py:154} INFO - [2023-12-20T21:17:44.542+0000] {dag.py:3722} INFO - Setting next_dagrun for example_nested_branch_dag to 2023-12-19T00:00:00+00:00, run_after=2023-12-20T00:00:00+00:00
[2023-12-20T21:17:44.690+0000] {processor.py:179} INFO - Processing /home/airflow/.local/lib/python3.8/site-packages/airflow/example_dags/example_nested_branch_dag.py took 0.197 seconds
[2023-12-20T21:18:15.626+0000] {processor.py:157} INFO - Started process (PID=1128) to work on /home/airflow/.local/lib/python3.8/site-packages/airflow/example_dags/example_nested_branch_dag.py
[2023-12-20T21:18:15.627+0000] {processor.py:829} INFO - Processing file /home/airflow/.local/lib/python3.8/site-packages/airflow/example_dags/example_nested_branch_dag.py for tasks to queue
[2023-12-20T21:18:15.629+0000] {logging_mixin.py:154} INFO - [2023-12-20T21:18:15.629+0000] {dagbag.py:536} INFO - Filling up the DagBag from /home/airflow/.local/lib/python3.8/site-packages/airflow/example_dags/example_nested_branch_dag.py
[2023-12-20T21:18:15.636+0000] {processor.py:839} INFO - DAG(s) dict_keys(['example_nested_branch_dag']) retrieved from /home/airflow/.local/lib/python3.8/site-packages/airflow/example_dags/example_nested_branch_dag.py
[2023-12-20T21:18:15.655+0000] {logging_mixin.py:154} INFO - [2023-12-20T21:18:15.655+0000] {dag.py:2941} INFO - Sync 1 DAGs
[2023-12-20T21:18:15.675+0000] {logging_mixin.py:154} INFO - [2023-12-20T21:18:15.675+0000] {dag.py:3722} INFO - Setting next_dagrun for example_nested_branch_dag to 2023-12-19T00:00:00+00:00, run_after=2023-12-20T00:00:00+00:00
[2023-12-20T21:18:15.695+0000] {processor.py:179} INFO - Processing /home/airflow/.local/lib/python3.8/site-packages/airflow/example_dags/example_nested_branch_dag.py took 0.071 seconds
[2023-12-20T21:18:46.046+0000] {processor.py:157} INFO - Started process (PID=1184) to work on /home/airflow/.local/lib/python3.8/site-packages/airflow/example_dags/example_nested_branch_dag.py
[2023-12-20T21:18:46.047+0000] {processor.py:829} INFO - Processing file /home/airflow/.local/lib/python3.8/site-packages/airflow/example_dags/example_nested_branch_dag.py for tasks to queue
[2023-12-20T21:18:46.049+0000] {logging_mixin.py:154} INFO - [2023-12-20T21:18:46.049+0000] {dagbag.py:536} INFO - Filling up the DagBag from /home/airflow/.local/lib/python3.8/site-packages/airflow/example_dags/example_nested_branch_dag.py
[2023-12-20T21:18:46.057+0000] {processor.py:839} INFO - DAG(s) dict_keys(['example_nested_branch_dag']) retrieved from /home/airflow/.local/lib/python3.8/site-packages/airflow/example_dags/example_nested_branch_dag.py
[2023-12-20T21:18:46.076+0000] {logging_mixin.py:154} INFO - [2023-12-20T21:18:46.076+0000] {dag.py:2941} INFO - Sync 1 DAGs
[2023-12-20T21:18:46.097+0000] {logging_mixin.py:154} INFO - [2023-12-20T21:18:46.097+0000] {dag.py:3722} INFO - Setting next_dagrun for example_nested_branch_dag to 2023-12-19T00:00:00+00:00, run_after=2023-12-20T00:00:00+00:00
[2023-12-20T21:18:46.121+0000] {processor.py:179} INFO - Processing /home/airflow/.local/lib/python3.8/site-packages/airflow/example_dags/example_nested_branch_dag.py took 0.077 seconds
[2023-12-20T21:19:16.411+0000] {processor.py:157} INFO - Started process (PID=1240) to work on /home/airflow/.local/lib/python3.8/site-packages/airflow/example_dags/example_nested_branch_dag.py
[2023-12-20T21:19:16.412+0000] {processor.py:829} INFO - Processing file /home/airflow/.local/lib/python3.8/site-packages/airflow/example_dags/example_nested_branch_dag.py for tasks to queue
[2023-12-20T21:19:16.414+0000] {logging_mixin.py:154} INFO - [2023-12-20T21:19:16.414+0000] {dagbag.py:536} INFO - Filling up the DagBag from /home/airflow/.local/lib/python3.8/site-packages/airflow/example_dags/example_nested_branch_dag.py
[2023-12-20T21:19:16.422+0000] {processor.py:839} INFO - DAG(s) dict_keys(['example_nested_branch_dag']) retrieved from /home/airflow/.local/lib/python3.8/site-packages/airflow/example_dags/example_nested_branch_dag.py
[2023-12-20T21:19:16.441+0000] {logging_mixin.py:154} INFO - [2023-12-20T21:19:16.441+0000] {dag.py:2941} INFO - Sync 1 DAGs
[2023-12-20T21:19:16.601+0000] {logging_mixin.py:154} INFO - [2023-12-20T21:19:16.600+0000] {dag.py:3722} INFO - Setting next_dagrun for example_nested_branch_dag to 2023-12-19T00:00:00+00:00, run_after=2023-12-20T00:00:00+00:00
[2023-12-20T21:19:16.622+0000] {processor.py:179} INFO - Processing /home/airflow/.local/lib/python3.8/site-packages/airflow/example_dags/example_nested_branch_dag.py took 0.213 seconds
[2023-12-20T21:19:47.577+0000] {processor.py:157} INFO - Started process (PID=1297) to work on /home/airflow/.local/lib/python3.8/site-packages/airflow/example_dags/example_nested_branch_dag.py
[2023-12-20T21:19:47.578+0000] {processor.py:829} INFO - Processing file /home/airflow/.local/lib/python3.8/site-packages/airflow/example_dags/example_nested_branch_dag.py for tasks to queue
[2023-12-20T21:19:47.580+0000] {logging_mixin.py:154} INFO - [2023-12-20T21:19:47.580+0000] {dagbag.py:536} INFO - Filling up the DagBag from /home/airflow/.local/lib/python3.8/site-packages/airflow/example_dags/example_nested_branch_dag.py
[2023-12-20T21:19:47.587+0000] {processor.py:839} INFO - DAG(s) dict_keys(['example_nested_branch_dag']) retrieved from /home/airflow/.local/lib/python3.8/site-packages/airflow/example_dags/example_nested_branch_dag.py
[2023-12-20T21:19:47.607+0000] {logging_mixin.py:154} INFO - [2023-12-20T21:19:47.607+0000] {dag.py:2941} INFO - Sync 1 DAGs
[2023-12-20T21:19:47.627+0000] {logging_mixin.py:154} INFO - [2023-12-20T21:19:47.626+0000] {dag.py:3722} INFO - Setting next_dagrun for example_nested_branch_dag to 2023-12-19T00:00:00+00:00, run_after=2023-12-20T00:00:00+00:00
[2023-12-20T21:19:47.789+0000] {processor.py:179} INFO - Processing /home/airflow/.local/lib/python3.8/site-packages/airflow/example_dags/example_nested_branch_dag.py took 0.214 seconds
[2023-12-20T21:20:17.872+0000] {processor.py:157} INFO - Started process (PID=1352) to work on /home/airflow/.local/lib/python3.8/site-packages/airflow/example_dags/example_nested_branch_dag.py
[2023-12-20T21:20:17.873+0000] {processor.py:829} INFO - Processing file /home/airflow/.local/lib/python3.8/site-packages/airflow/example_dags/example_nested_branch_dag.py for tasks to queue
[2023-12-20T21:20:17.874+0000] {logging_mixin.py:154} INFO - [2023-12-20T21:20:17.874+0000] {dagbag.py:536} INFO - Filling up the DagBag from /home/airflow/.local/lib/python3.8/site-packages/airflow/example_dags/example_nested_branch_dag.py
[2023-12-20T21:20:17.882+0000] {processor.py:839} INFO - DAG(s) dict_keys(['example_nested_branch_dag']) retrieved from /home/airflow/.local/lib/python3.8/site-packages/airflow/example_dags/example_nested_branch_dag.py
[2023-12-20T21:20:17.900+0000] {logging_mixin.py:154} INFO - [2023-12-20T21:20:17.900+0000] {dag.py:2941} INFO - Sync 1 DAGs
[2023-12-20T21:20:17.920+0000] {logging_mixin.py:154} INFO - [2023-12-20T21:20:17.919+0000] {dag.py:3722} INFO - Setting next_dagrun for example_nested_branch_dag to 2023-12-19T00:00:00+00:00, run_after=2023-12-20T00:00:00+00:00
[2023-12-20T21:20:17.943+0000] {processor.py:179} INFO - Processing /home/airflow/.local/lib/python3.8/site-packages/airflow/example_dags/example_nested_branch_dag.py took 0.074 seconds
[2023-12-20T21:20:48.582+0000] {processor.py:157} INFO - Started process (PID=1409) to work on /home/airflow/.local/lib/python3.8/site-packages/airflow/example_dags/example_nested_branch_dag.py
[2023-12-20T21:20:48.583+0000] {processor.py:829} INFO - Processing file /home/airflow/.local/lib/python3.8/site-packages/airflow/example_dags/example_nested_branch_dag.py for tasks to queue
[2023-12-20T21:20:48.585+0000] {logging_mixin.py:154} INFO - [2023-12-20T21:20:48.585+0000] {dagbag.py:536} INFO - Filling up the DagBag from /home/airflow/.local/lib/python3.8/site-packages/airflow/example_dags/example_nested_branch_dag.py
[2023-12-20T21:20:48.592+0000] {processor.py:839} INFO - DAG(s) dict_keys(['example_nested_branch_dag']) retrieved from /home/airflow/.local/lib/python3.8/site-packages/airflow/example_dags/example_nested_branch_dag.py
[2023-12-20T21:20:48.610+0000] {logging_mixin.py:154} INFO - [2023-12-20T21:20:48.610+0000] {dag.py:2941} INFO - Sync 1 DAGs
[2023-12-20T21:20:48.630+0000] {logging_mixin.py:154} INFO - [2023-12-20T21:20:48.630+0000] {dag.py:3722} INFO - Setting next_dagrun for example_nested_branch_dag to 2023-12-19T00:00:00+00:00, run_after=2023-12-20T00:00:00+00:00
[2023-12-20T21:20:48.658+0000] {processor.py:179} INFO - Processing /home/airflow/.local/lib/python3.8/site-packages/airflow/example_dags/example_nested_branch_dag.py took 0.077 seconds
[2023-12-20T21:21:19.057+0000] {processor.py:157} INFO - Started process (PID=1465) to work on /home/airflow/.local/lib/python3.8/site-packages/airflow/example_dags/example_nested_branch_dag.py
[2023-12-20T21:21:19.058+0000] {processor.py:829} INFO - Processing file /home/airflow/.local/lib/python3.8/site-packages/airflow/example_dags/example_nested_branch_dag.py for tasks to queue
[2023-12-20T21:21:19.059+0000] {logging_mixin.py:154} INFO - [2023-12-20T21:21:19.059+0000] {dagbag.py:536} INFO - Filling up the DagBag from /home/airflow/.local/lib/python3.8/site-packages/airflow/example_dags/example_nested_branch_dag.py
[2023-12-20T21:21:19.067+0000] {processor.py:839} INFO - DAG(s) dict_keys(['example_nested_branch_dag']) retrieved from /home/airflow/.local/lib/python3.8/site-packages/airflow/example_dags/example_nested_branch_dag.py
[2023-12-20T21:21:19.089+0000] {logging_mixin.py:154} INFO - [2023-12-20T21:21:19.089+0000] {dag.py:2941} INFO - Sync 1 DAGs
[2023-12-20T21:21:19.239+0000] {logging_mixin.py:154} INFO - [2023-12-20T21:21:19.239+0000] {dag.py:3722} INFO - Setting next_dagrun for example_nested_branch_dag to 2023-12-19T00:00:00+00:00, run_after=2023-12-20T00:00:00+00:00
[2023-12-20T21:21:19.258+0000] {processor.py:179} INFO - Processing /home/airflow/.local/lib/python3.8/site-packages/airflow/example_dags/example_nested_branch_dag.py took 0.203 seconds
[2023-12-20T21:21:50.121+0000] {processor.py:157} INFO - Started process (PID=1521) to work on /home/airflow/.local/lib/python3.8/site-packages/airflow/example_dags/example_nested_branch_dag.py
[2023-12-20T21:21:50.122+0000] {processor.py:829} INFO - Processing file /home/airflow/.local/lib/python3.8/site-packages/airflow/example_dags/example_nested_branch_dag.py for tasks to queue
[2023-12-20T21:21:50.124+0000] {logging_mixin.py:154} INFO - [2023-12-20T21:21:50.124+0000] {dagbag.py:536} INFO - Filling up the DagBag from /home/airflow/.local/lib/python3.8/site-packages/airflow/example_dags/example_nested_branch_dag.py
[2023-12-20T21:21:50.132+0000] {processor.py:839} INFO - DAG(s) dict_keys(['example_nested_branch_dag']) retrieved from /home/airflow/.local/lib/python3.8/site-packages/airflow/example_dags/example_nested_branch_dag.py
[2023-12-20T21:21:50.151+0000] {logging_mixin.py:154} INFO - [2023-12-20T21:21:50.151+0000] {dag.py:2941} INFO - Sync 1 DAGs
[2023-12-20T21:21:50.172+0000] {logging_mixin.py:154} INFO - [2023-12-20T21:21:50.172+0000] {dag.py:3722} INFO - Setting next_dagrun for example_nested_branch_dag to 2023-12-19T00:00:00+00:00, run_after=2023-12-20T00:00:00+00:00
[2023-12-20T21:21:50.193+0000] {processor.py:179} INFO - Processing /home/airflow/.local/lib/python3.8/site-packages/airflow/example_dags/example_nested_branch_dag.py took 0.074 seconds
[2023-12-20T21:22:20.565+0000] {processor.py:157} INFO - Started process (PID=1577) to work on /home/airflow/.local/lib/python3.8/site-packages/airflow/example_dags/example_nested_branch_dag.py
[2023-12-20T21:22:20.566+0000] {processor.py:829} INFO - Processing file /home/airflow/.local/lib/python3.8/site-packages/airflow/example_dags/example_nested_branch_dag.py for tasks to queue
[2023-12-20T21:22:20.568+0000] {logging_mixin.py:154} INFO - [2023-12-20T21:22:20.568+0000] {dagbag.py:536} INFO - Filling up the DagBag from /home/airflow/.local/lib/python3.8/site-packages/airflow/example_dags/example_nested_branch_dag.py
[2023-12-20T21:22:20.576+0000] {processor.py:839} INFO - DAG(s) dict_keys(['example_nested_branch_dag']) retrieved from /home/airflow/.local/lib/python3.8/site-packages/airflow/example_dags/example_nested_branch_dag.py
[2023-12-20T21:22:20.594+0000] {logging_mixin.py:154} INFO - [2023-12-20T21:22:20.594+0000] {dag.py:2941} INFO - Sync 1 DAGs
[2023-12-20T21:22:20.613+0000] {logging_mixin.py:154} INFO - [2023-12-20T21:22:20.613+0000] {dag.py:3722} INFO - Setting next_dagrun for example_nested_branch_dag to 2023-12-19T00:00:00+00:00, run_after=2023-12-20T00:00:00+00:00
[2023-12-20T21:22:20.636+0000] {processor.py:179} INFO - Processing /home/airflow/.local/lib/python3.8/site-packages/airflow/example_dags/example_nested_branch_dag.py took 0.073 seconds
[2023-12-20T21:22:50.905+0000] {processor.py:157} INFO - Started process (PID=1633) to work on /home/airflow/.local/lib/python3.8/site-packages/airflow/example_dags/example_nested_branch_dag.py
[2023-12-20T21:22:50.907+0000] {processor.py:829} INFO - Processing file /home/airflow/.local/lib/python3.8/site-packages/airflow/example_dags/example_nested_branch_dag.py for tasks to queue
[2023-12-20T21:22:50.908+0000] {logging_mixin.py:154} INFO - [2023-12-20T21:22:50.908+0000] {dagbag.py:536} INFO - Filling up the DagBag from /home/airflow/.local/lib/python3.8/site-packages/airflow/example_dags/example_nested_branch_dag.py
[2023-12-20T21:22:50.916+0000] {processor.py:839} INFO - DAG(s) dict_keys(['example_nested_branch_dag']) retrieved from /home/airflow/.local/lib/python3.8/site-packages/airflow/example_dags/example_nested_branch_dag.py
[2023-12-20T21:22:50.935+0000] {logging_mixin.py:154} INFO - [2023-12-20T21:22:50.934+0000] {dag.py:2941} INFO - Sync 1 DAGs
[2023-12-20T21:22:50.954+0000] {logging_mixin.py:154} INFO - [2023-12-20T21:22:50.954+0000] {dag.py:3722} INFO - Setting next_dagrun for example_nested_branch_dag to 2023-12-19T00:00:00+00:00, run_after=2023-12-20T00:00:00+00:00
[2023-12-20T21:22:50.974+0000] {processor.py:179} INFO - Processing /home/airflow/.local/lib/python3.8/site-packages/airflow/example_dags/example_nested_branch_dag.py took 0.071 seconds
[2023-12-20T21:23:21.186+0000] {processor.py:157} INFO - Started process (PID=1689) to work on /home/airflow/.local/lib/python3.8/site-packages/airflow/example_dags/example_nested_branch_dag.py
[2023-12-20T21:23:21.187+0000] {processor.py:829} INFO - Processing file /home/airflow/.local/lib/python3.8/site-packages/airflow/example_dags/example_nested_branch_dag.py for tasks to queue
[2023-12-20T21:23:21.189+0000] {logging_mixin.py:154} INFO - [2023-12-20T21:23:21.188+0000] {dagbag.py:536} INFO - Filling up the DagBag from /home/airflow/.local/lib/python3.8/site-packages/airflow/example_dags/example_nested_branch_dag.py
[2023-12-20T21:23:21.196+0000] {processor.py:839} INFO - DAG(s) dict_keys(['example_nested_branch_dag']) retrieved from /home/airflow/.local/lib/python3.8/site-packages/airflow/example_dags/example_nested_branch_dag.py
[2023-12-20T21:23:21.215+0000] {logging_mixin.py:154} INFO - [2023-12-20T21:23:21.215+0000] {dag.py:2941} INFO - Sync 1 DAGs
[2023-12-20T21:23:21.234+0000] {logging_mixin.py:154} INFO - [2023-12-20T21:23:21.234+0000] {dag.py:3722} INFO - Setting next_dagrun for example_nested_branch_dag to 2023-12-19T00:00:00+00:00, run_after=2023-12-20T00:00:00+00:00
[2023-12-20T21:23:21.253+0000] {processor.py:179} INFO - Processing /home/airflow/.local/lib/python3.8/site-packages/airflow/example_dags/example_nested_branch_dag.py took 0.069 seconds
[2023-12-20T21:23:51.577+0000] {processor.py:157} INFO - Started process (PID=1745) to work on /home/airflow/.local/lib/python3.8/site-packages/airflow/example_dags/example_nested_branch_dag.py
[2023-12-20T21:23:51.578+0000] {processor.py:829} INFO - Processing file /home/airflow/.local/lib/python3.8/site-packages/airflow/example_dags/example_nested_branch_dag.py for tasks to queue
[2023-12-20T21:23:51.580+0000] {logging_mixin.py:154} INFO - [2023-12-20T21:23:51.580+0000] {dagbag.py:536} INFO - Filling up the DagBag from /home/airflow/.local/lib/python3.8/site-packages/airflow/example_dags/example_nested_branch_dag.py
[2023-12-20T21:23:51.588+0000] {processor.py:839} INFO - DAG(s) dict_keys(['example_nested_branch_dag']) retrieved from /home/airflow/.local/lib/python3.8/site-packages/airflow/example_dags/example_nested_branch_dag.py
[2023-12-20T21:23:51.607+0000] {logging_mixin.py:154} INFO - [2023-12-20T21:23:51.607+0000] {dag.py:2941} INFO - Sync 1 DAGs
[2023-12-20T21:23:51.627+0000] {logging_mixin.py:154} INFO - [2023-12-20T21:23:51.627+0000] {dag.py:3722} INFO - Setting next_dagrun for example_nested_branch_dag to 2023-12-19T00:00:00+00:00, run_after=2023-12-20T00:00:00+00:00
[2023-12-20T21:23:51.649+0000] {processor.py:179} INFO - Processing /home/airflow/.local/lib/python3.8/site-packages/airflow/example_dags/example_nested_branch_dag.py took 0.075 seconds
[2023-12-20T21:24:21.942+0000] {processor.py:157} INFO - Started process (PID=1801) to work on /home/airflow/.local/lib/python3.8/site-packages/airflow/example_dags/example_nested_branch_dag.py
[2023-12-20T21:24:21.943+0000] {processor.py:829} INFO - Processing file /home/airflow/.local/lib/python3.8/site-packages/airflow/example_dags/example_nested_branch_dag.py for tasks to queue
[2023-12-20T21:24:21.945+0000] {logging_mixin.py:154} INFO - [2023-12-20T21:24:21.945+0000] {dagbag.py:536} INFO - Filling up the DagBag from /home/airflow/.local/lib/python3.8/site-packages/airflow/example_dags/example_nested_branch_dag.py
[2023-12-20T21:24:21.953+0000] {processor.py:839} INFO - DAG(s) dict_keys(['example_nested_branch_dag']) retrieved from /home/airflow/.local/lib/python3.8/site-packages/airflow/example_dags/example_nested_branch_dag.py
[2023-12-20T21:24:21.973+0000] {logging_mixin.py:154} INFO - [2023-12-20T21:24:21.972+0000] {dag.py:2941} INFO - Sync 1 DAGs
[2023-12-20T21:24:21.994+0000] {logging_mixin.py:154} INFO - [2023-12-20T21:24:21.994+0000] {dag.py:3722} INFO - Setting next_dagrun for example_nested_branch_dag to 2023-12-19T00:00:00+00:00, run_after=2023-12-20T00:00:00+00:00
[2023-12-20T21:24:22.016+0000] {processor.py:179} INFO - Processing /home/airflow/.local/lib/python3.8/site-packages/airflow/example_dags/example_nested_branch_dag.py took 0.076 seconds
[2023-12-20T21:24:52.317+0000] {processor.py:157} INFO - Started process (PID=1857) to work on /home/airflow/.local/lib/python3.8/site-packages/airflow/example_dags/example_nested_branch_dag.py
[2023-12-20T21:24:52.317+0000] {processor.py:829} INFO - Processing file /home/airflow/.local/lib/python3.8/site-packages/airflow/example_dags/example_nested_branch_dag.py for tasks to queue
[2023-12-20T21:24:52.319+0000] {logging_mixin.py:154} INFO - [2023-12-20T21:24:52.319+0000] {dagbag.py:536} INFO - Filling up the DagBag from /home/airflow/.local/lib/python3.8/site-packages/airflow/example_dags/example_nested_branch_dag.py
[2023-12-20T21:24:52.327+0000] {processor.py:839} INFO - DAG(s) dict_keys(['example_nested_branch_dag']) retrieved from /home/airflow/.local/lib/python3.8/site-packages/airflow/example_dags/example_nested_branch_dag.py
[2023-12-20T21:24:52.345+0000] {logging_mixin.py:154} INFO - [2023-12-20T21:24:52.345+0000] {dag.py:2941} INFO - Sync 1 DAGs
[2023-12-20T21:24:52.365+0000] {logging_mixin.py:154} INFO - [2023-12-20T21:24:52.365+0000] {dag.py:3722} INFO - Setting next_dagrun for example_nested_branch_dag to 2023-12-19T00:00:00+00:00, run_after=2023-12-20T00:00:00+00:00
[2023-12-20T21:24:52.387+0000] {processor.py:179} INFO - Processing /home/airflow/.local/lib/python3.8/site-packages/airflow/example_dags/example_nested_branch_dag.py took 0.072 seconds
[2023-12-20T21:25:22.635+0000] {processor.py:157} INFO - Started process (PID=1913) to work on /home/airflow/.local/lib/python3.8/site-packages/airflow/example_dags/example_nested_branch_dag.py
[2023-12-20T21:25:22.635+0000] {processor.py:829} INFO - Processing file /home/airflow/.local/lib/python3.8/site-packages/airflow/example_dags/example_nested_branch_dag.py for tasks to queue
[2023-12-20T21:25:22.638+0000] {logging_mixin.py:154} INFO - [2023-12-20T21:25:22.637+0000] {dagbag.py:536} INFO - Filling up the DagBag from /home/airflow/.local/lib/python3.8/site-packages/airflow/example_dags/example_nested_branch_dag.py
[2023-12-20T21:25:22.645+0000] {processor.py:839} INFO - DAG(s) dict_keys(['example_nested_branch_dag']) retrieved from /home/airflow/.local/lib/python3.8/site-packages/airflow/example_dags/example_nested_branch_dag.py
[2023-12-20T21:25:22.663+0000] {logging_mixin.py:154} INFO - [2023-12-20T21:25:22.663+0000] {dag.py:2941} INFO - Sync 1 DAGs
[2023-12-20T21:25:22.682+0000] {logging_mixin.py:154} INFO - [2023-12-20T21:25:22.682+0000] {dag.py:3722} INFO - Setting next_dagrun for example_nested_branch_dag to 2023-12-19T00:00:00+00:00, run_after=2023-12-20T00:00:00+00:00
[2023-12-20T21:25:22.705+0000] {processor.py:179} INFO - Processing /home/airflow/.local/lib/python3.8/site-packages/airflow/example_dags/example_nested_branch_dag.py took 0.072 seconds
[2023-12-20T21:25:53.027+0000] {processor.py:157} INFO - Started process (PID=1969) to work on /home/airflow/.local/lib/python3.8/site-packages/airflow/example_dags/example_nested_branch_dag.py
[2023-12-20T21:25:53.028+0000] {processor.py:829} INFO - Processing file /home/airflow/.local/lib/python3.8/site-packages/airflow/example_dags/example_nested_branch_dag.py for tasks to queue
[2023-12-20T21:25:53.030+0000] {logging_mixin.py:154} INFO - [2023-12-20T21:25:53.029+0000] {dagbag.py:536} INFO - Filling up the DagBag from /home/airflow/.local/lib/python3.8/site-packages/airflow/example_dags/example_nested_branch_dag.py
[2023-12-20T21:25:53.038+0000] {processor.py:839} INFO - DAG(s) dict_keys(['example_nested_branch_dag']) retrieved from /home/airflow/.local/lib/python3.8/site-packages/airflow/example_dags/example_nested_branch_dag.py
[2023-12-20T21:25:53.057+0000] {logging_mixin.py:154} INFO - [2023-12-20T21:25:53.057+0000] {dag.py:2941} INFO - Sync 1 DAGs
[2023-12-20T21:25:53.077+0000] {logging_mixin.py:154} INFO - [2023-12-20T21:25:53.077+0000] {dag.py:3722} INFO - Setting next_dagrun for example_nested_branch_dag to 2023-12-19T00:00:00+00:00, run_after=2023-12-20T00:00:00+00:00
[2023-12-20T21:25:53.098+0000] {processor.py:179} INFO - Processing /home/airflow/.local/lib/python3.8/site-packages/airflow/example_dags/example_nested_branch_dag.py took 0.074 seconds
[2023-12-20T21:26:23.519+0000] {processor.py:157} INFO - Started process (PID=2025) to work on /home/airflow/.local/lib/python3.8/site-packages/airflow/example_dags/example_nested_branch_dag.py
[2023-12-20T21:26:23.520+0000] {processor.py:829} INFO - Processing file /home/airflow/.local/lib/python3.8/site-packages/airflow/example_dags/example_nested_branch_dag.py for tasks to queue
[2023-12-20T21:26:23.522+0000] {logging_mixin.py:154} INFO - [2023-12-20T21:26:23.522+0000] {dagbag.py:536} INFO - Filling up the DagBag from /home/airflow/.local/lib/python3.8/site-packages/airflow/example_dags/example_nested_branch_dag.py
[2023-12-20T21:26:23.532+0000] {processor.py:839} INFO - DAG(s) dict_keys(['example_nested_branch_dag']) retrieved from /home/airflow/.local/lib/python3.8/site-packages/airflow/example_dags/example_nested_branch_dag.py
[2023-12-20T21:26:23.553+0000] {logging_mixin.py:154} INFO - [2023-12-20T21:26:23.553+0000] {dag.py:2941} INFO - Sync 1 DAGs
[2023-12-20T21:26:23.576+0000] {logging_mixin.py:154} INFO - [2023-12-20T21:26:23.575+0000] {dag.py:3722} INFO - Setting next_dagrun for example_nested_branch_dag to 2023-12-19T00:00:00+00:00, run_after=2023-12-20T00:00:00+00:00
[2023-12-20T21:26:23.596+0000] {processor.py:179} INFO - Processing /home/airflow/.local/lib/python3.8/site-packages/airflow/example_dags/example_nested_branch_dag.py took 0.081 seconds
