[2023-12-20T21:08:33.688+0000] {processor.py:157} INFO - Started process (PID=46) to work on /home/airflow/.local/lib/python3.8/site-packages/airflow/example_dags/example_setup_teardown_taskflow.py
[2023-12-20T21:08:33.689+0000] {processor.py:829} INFO - Processing file /home/airflow/.local/lib/python3.8/site-packages/airflow/example_dags/example_setup_teardown_taskflow.py for tasks to queue
[2023-12-20T21:08:33.691+0000] {logging_mixin.py:154} INFO - [2023-12-20T21:08:33.691+0000] {dagbag.py:536} INFO - Filling up the DagBag from /home/airflow/.local/lib/python3.8/site-packages/airflow/example_dags/example_setup_teardown_taskflow.py
[2023-12-20T21:08:33.705+0000] {processor.py:839} INFO - DAG(s) dict_keys(['example_setup_teardown_taskflow']) retrieved from /home/airflow/.local/lib/python3.8/site-packages/airflow/example_dags/example_setup_teardown_taskflow.py
[2023-12-20T21:08:33.717+0000] {logging_mixin.py:154} INFO - [2023-12-20T21:08:33.717+0000] {dag.py:2941} INFO - Sync 1 DAGs
[2023-12-20T21:08:33.739+0000] {logging_mixin.py:154} INFO - [2023-12-20T21:08:33.738+0000] {dag.py:3722} INFO - Setting next_dagrun for example_setup_teardown_taskflow to 2023-12-19T21:08:33.738634+00:00, run_after=2023-12-20T21:08:33.738634+00:00
[2023-12-20T21:08:33.767+0000] {processor.py:179} INFO - Processing /home/airflow/.local/lib/python3.8/site-packages/airflow/example_dags/example_setup_teardown_taskflow.py took 0.081 seconds
[2023-12-20T21:09:04.021+0000] {processor.py:157} INFO - Started process (PID=102) to work on /home/airflow/.local/lib/python3.8/site-packages/airflow/example_dags/example_setup_teardown_taskflow.py
[2023-12-20T21:09:04.022+0000] {processor.py:829} INFO - Processing file /home/airflow/.local/lib/python3.8/site-packages/airflow/example_dags/example_setup_teardown_taskflow.py for tasks to queue
[2023-12-20T21:09:04.024+0000] {logging_mixin.py:154} INFO - [2023-12-20T21:09:04.024+0000] {dagbag.py:536} INFO - Filling up the DagBag from /home/airflow/.local/lib/python3.8/site-packages/airflow/example_dags/example_setup_teardown_taskflow.py
[2023-12-20T21:09:04.031+0000] {processor.py:839} INFO - DAG(s) dict_keys(['example_setup_teardown_taskflow']) retrieved from /home/airflow/.local/lib/python3.8/site-packages/airflow/example_dags/example_setup_teardown_taskflow.py
[2023-12-20T21:09:04.054+0000] {logging_mixin.py:154} INFO - [2023-12-20T21:09:04.053+0000] {dag.py:2941} INFO - Sync 1 DAGs
[2023-12-20T21:09:04.076+0000] {logging_mixin.py:154} INFO - [2023-12-20T21:09:04.076+0000] {dag.py:3722} INFO - Setting next_dagrun for example_setup_teardown_taskflow to 2023-12-19T21:09:04.076106+00:00, run_after=2023-12-20T21:09:04.076106+00:00
[2023-12-20T21:09:04.101+0000] {processor.py:179} INFO - Processing /home/airflow/.local/lib/python3.8/site-packages/airflow/example_dags/example_setup_teardown_taskflow.py took 0.084 seconds
[2023-12-20T21:09:35.056+0000] {processor.py:157} INFO - Started process (PID=158) to work on /home/airflow/.local/lib/python3.8/site-packages/airflow/example_dags/example_setup_teardown_taskflow.py
[2023-12-20T21:09:35.057+0000] {processor.py:829} INFO - Processing file /home/airflow/.local/lib/python3.8/site-packages/airflow/example_dags/example_setup_teardown_taskflow.py for tasks to queue
[2023-12-20T21:09:35.059+0000] {logging_mixin.py:154} INFO - [2023-12-20T21:09:35.059+0000] {dagbag.py:536} INFO - Filling up the DagBag from /home/airflow/.local/lib/python3.8/site-packages/airflow/example_dags/example_setup_teardown_taskflow.py
[2023-12-20T21:09:35.067+0000] {processor.py:839} INFO - DAG(s) dict_keys(['example_setup_teardown_taskflow']) retrieved from /home/airflow/.local/lib/python3.8/site-packages/airflow/example_dags/example_setup_teardown_taskflow.py
[2023-12-20T21:09:35.087+0000] {logging_mixin.py:154} INFO - [2023-12-20T21:09:35.087+0000] {dag.py:2941} INFO - Sync 1 DAGs
[2023-12-20T21:09:35.108+0000] {logging_mixin.py:154} INFO - [2023-12-20T21:09:35.108+0000] {dag.py:3722} INFO - Setting next_dagrun for example_setup_teardown_taskflow to 2023-12-19T21:09:35.108270+00:00, run_after=2023-12-20T21:09:35.108270+00:00
[2023-12-20T21:09:35.130+0000] {processor.py:179} INFO - Processing /home/airflow/.local/lib/python3.8/site-packages/airflow/example_dags/example_setup_teardown_taskflow.py took 0.076 seconds
[2023-12-20T21:10:05.522+0000] {processor.py:157} INFO - Started process (PID=214) to work on /home/airflow/.local/lib/python3.8/site-packages/airflow/example_dags/example_setup_teardown_taskflow.py
[2023-12-20T21:10:05.523+0000] {processor.py:829} INFO - Processing file /home/airflow/.local/lib/python3.8/site-packages/airflow/example_dags/example_setup_teardown_taskflow.py for tasks to queue
[2023-12-20T21:10:05.525+0000] {logging_mixin.py:154} INFO - [2023-12-20T21:10:05.525+0000] {dagbag.py:536} INFO - Filling up the DagBag from /home/airflow/.local/lib/python3.8/site-packages/airflow/example_dags/example_setup_teardown_taskflow.py
[2023-12-20T21:10:05.532+0000] {processor.py:839} INFO - DAG(s) dict_keys(['example_setup_teardown_taskflow']) retrieved from /home/airflow/.local/lib/python3.8/site-packages/airflow/example_dags/example_setup_teardown_taskflow.py
[2023-12-20T21:10:05.551+0000] {logging_mixin.py:154} INFO - [2023-12-20T21:10:05.551+0000] {dag.py:2941} INFO - Sync 1 DAGs
[2023-12-20T21:10:05.570+0000] {logging_mixin.py:154} INFO - [2023-12-20T21:10:05.570+0000] {dag.py:3722} INFO - Setting next_dagrun for example_setup_teardown_taskflow to 2023-12-19T21:10:05.570204+00:00, run_after=2023-12-20T21:10:05.570204+00:00
[2023-12-20T21:10:05.588+0000] {processor.py:179} INFO - Processing /home/airflow/.local/lib/python3.8/site-packages/airflow/example_dags/example_setup_teardown_taskflow.py took 0.068 seconds
[2023-12-20T21:10:35.663+0000] {processor.py:157} INFO - Started process (PID=270) to work on /home/airflow/.local/lib/python3.8/site-packages/airflow/example_dags/example_setup_teardown_taskflow.py
[2023-12-20T21:10:35.664+0000] {processor.py:829} INFO - Processing file /home/airflow/.local/lib/python3.8/site-packages/airflow/example_dags/example_setup_teardown_taskflow.py for tasks to queue
[2023-12-20T21:10:35.666+0000] {logging_mixin.py:154} INFO - [2023-12-20T21:10:35.666+0000] {dagbag.py:536} INFO - Filling up the DagBag from /home/airflow/.local/lib/python3.8/site-packages/airflow/example_dags/example_setup_teardown_taskflow.py
[2023-12-20T21:10:35.673+0000] {processor.py:839} INFO - DAG(s) dict_keys(['example_setup_teardown_taskflow']) retrieved from /home/airflow/.local/lib/python3.8/site-packages/airflow/example_dags/example_setup_teardown_taskflow.py
[2023-12-20T21:10:35.692+0000] {logging_mixin.py:154} INFO - [2023-12-20T21:10:35.692+0000] {dag.py:2941} INFO - Sync 1 DAGs
[2023-12-20T21:10:35.713+0000] {logging_mixin.py:154} INFO - [2023-12-20T21:10:35.713+0000] {dag.py:3722} INFO - Setting next_dagrun for example_setup_teardown_taskflow to 2023-12-19T21:10:35.712842+00:00, run_after=2023-12-20T21:10:35.712842+00:00
[2023-12-20T21:10:35.736+0000] {processor.py:179} INFO - Processing /home/airflow/.local/lib/python3.8/site-packages/airflow/example_dags/example_setup_teardown_taskflow.py took 0.076 seconds
[2023-12-20T21:11:05.782+0000] {processor.py:157} INFO - Started process (PID=326) to work on /home/airflow/.local/lib/python3.8/site-packages/airflow/example_dags/example_setup_teardown_taskflow.py
[2023-12-20T21:11:05.783+0000] {processor.py:829} INFO - Processing file /home/airflow/.local/lib/python3.8/site-packages/airflow/example_dags/example_setup_teardown_taskflow.py for tasks to queue
[2023-12-20T21:11:05.785+0000] {logging_mixin.py:154} INFO - [2023-12-20T21:11:05.784+0000] {dagbag.py:536} INFO - Filling up the DagBag from /home/airflow/.local/lib/python3.8/site-packages/airflow/example_dags/example_setup_teardown_taskflow.py
[2023-12-20T21:11:05.793+0000] {processor.py:839} INFO - DAG(s) dict_keys(['example_setup_teardown_taskflow']) retrieved from /home/airflow/.local/lib/python3.8/site-packages/airflow/example_dags/example_setup_teardown_taskflow.py
[2023-12-20T21:11:05.811+0000] {logging_mixin.py:154} INFO - [2023-12-20T21:11:05.811+0000] {dag.py:2941} INFO - Sync 1 DAGs
[2023-12-20T21:11:05.830+0000] {logging_mixin.py:154} INFO - [2023-12-20T21:11:05.830+0000] {dag.py:3722} INFO - Setting next_dagrun for example_setup_teardown_taskflow to 2023-12-19T21:11:05.830250+00:00, run_after=2023-12-20T21:11:05.830250+00:00
[2023-12-20T21:11:05.849+0000] {processor.py:179} INFO - Processing /home/airflow/.local/lib/python3.8/site-packages/airflow/example_dags/example_setup_teardown_taskflow.py took 0.069 seconds
[2023-12-20T21:11:35.946+0000] {processor.py:157} INFO - Started process (PID=381) to work on /home/airflow/.local/lib/python3.8/site-packages/airflow/example_dags/example_setup_teardown_taskflow.py
[2023-12-20T21:11:35.946+0000] {processor.py:829} INFO - Processing file /home/airflow/.local/lib/python3.8/site-packages/airflow/example_dags/example_setup_teardown_taskflow.py for tasks to queue
[2023-12-20T21:11:35.948+0000] {logging_mixin.py:154} INFO - [2023-12-20T21:11:35.948+0000] {dagbag.py:536} INFO - Filling up the DagBag from /home/airflow/.local/lib/python3.8/site-packages/airflow/example_dags/example_setup_teardown_taskflow.py
[2023-12-20T21:11:35.955+0000] {processor.py:839} INFO - DAG(s) dict_keys(['example_setup_teardown_taskflow']) retrieved from /home/airflow/.local/lib/python3.8/site-packages/airflow/example_dags/example_setup_teardown_taskflow.py
[2023-12-20T21:11:35.973+0000] {logging_mixin.py:154} INFO - [2023-12-20T21:11:35.973+0000] {dag.py:2941} INFO - Sync 1 DAGs
[2023-12-20T21:11:35.992+0000] {logging_mixin.py:154} INFO - [2023-12-20T21:11:35.992+0000] {dag.py:3722} INFO - Setting next_dagrun for example_setup_teardown_taskflow to 2023-12-19T21:11:35.992367+00:00, run_after=2023-12-20T21:11:35.992367+00:00
[2023-12-20T21:11:36.012+0000] {processor.py:179} INFO - Processing /home/airflow/.local/lib/python3.8/site-packages/airflow/example_dags/example_setup_teardown_taskflow.py took 0.069 seconds
[2023-12-20T21:12:06.664+0000] {processor.py:157} INFO - Started process (PID=438) to work on /home/airflow/.local/lib/python3.8/site-packages/airflow/example_dags/example_setup_teardown_taskflow.py
[2023-12-20T21:12:06.665+0000] {processor.py:829} INFO - Processing file /home/airflow/.local/lib/python3.8/site-packages/airflow/example_dags/example_setup_teardown_taskflow.py for tasks to queue
[2023-12-20T21:12:06.668+0000] {logging_mixin.py:154} INFO - [2023-12-20T21:12:06.667+0000] {dagbag.py:536} INFO - Filling up the DagBag from /home/airflow/.local/lib/python3.8/site-packages/airflow/example_dags/example_setup_teardown_taskflow.py
[2023-12-20T21:12:06.677+0000] {processor.py:839} INFO - DAG(s) dict_keys(['example_setup_teardown_taskflow']) retrieved from /home/airflow/.local/lib/python3.8/site-packages/airflow/example_dags/example_setup_teardown_taskflow.py
[2023-12-20T21:12:06.699+0000] {logging_mixin.py:154} INFO - [2023-12-20T21:12:06.699+0000] {dag.py:2941} INFO - Sync 1 DAGs
[2023-12-20T21:12:06.721+0000] {logging_mixin.py:154} INFO - [2023-12-20T21:12:06.720+0000] {dag.py:3722} INFO - Setting next_dagrun for example_setup_teardown_taskflow to 2023-12-19T21:12:06.720603+00:00, run_after=2023-12-20T21:12:06.720603+00:00
[2023-12-20T21:12:06.743+0000] {processor.py:179} INFO - Processing /home/airflow/.local/lib/python3.8/site-packages/airflow/example_dags/example_setup_teardown_taskflow.py took 0.081 seconds
[2023-12-20T21:12:36.981+0000] {processor.py:157} INFO - Started process (PID=494) to work on /home/airflow/.local/lib/python3.8/site-packages/airflow/example_dags/example_setup_teardown_taskflow.py
[2023-12-20T21:12:36.982+0000] {processor.py:829} INFO - Processing file /home/airflow/.local/lib/python3.8/site-packages/airflow/example_dags/example_setup_teardown_taskflow.py for tasks to queue
[2023-12-20T21:12:36.984+0000] {logging_mixin.py:154} INFO - [2023-12-20T21:12:36.984+0000] {dagbag.py:536} INFO - Filling up the DagBag from /home/airflow/.local/lib/python3.8/site-packages/airflow/example_dags/example_setup_teardown_taskflow.py
[2023-12-20T21:12:36.992+0000] {processor.py:839} INFO - DAG(s) dict_keys(['example_setup_teardown_taskflow']) retrieved from /home/airflow/.local/lib/python3.8/site-packages/airflow/example_dags/example_setup_teardown_taskflow.py
[2023-12-20T21:12:37.012+0000] {logging_mixin.py:154} INFO - [2023-12-20T21:12:37.012+0000] {dag.py:2941} INFO - Sync 1 DAGs
[2023-12-20T21:12:37.034+0000] {logging_mixin.py:154} INFO - [2023-12-20T21:12:37.033+0000] {dag.py:3722} INFO - Setting next_dagrun for example_setup_teardown_taskflow to 2023-12-19T21:12:37.033607+00:00, run_after=2023-12-20T21:12:37.033607+00:00
[2023-12-20T21:12:37.057+0000] {processor.py:179} INFO - Processing /home/airflow/.local/lib/python3.8/site-packages/airflow/example_dags/example_setup_teardown_taskflow.py took 0.078 seconds
[2023-12-20T21:13:07.261+0000] {processor.py:157} INFO - Started process (PID=550) to work on /home/airflow/.local/lib/python3.8/site-packages/airflow/example_dags/example_setup_teardown_taskflow.py
[2023-12-20T21:13:07.262+0000] {processor.py:829} INFO - Processing file /home/airflow/.local/lib/python3.8/site-packages/airflow/example_dags/example_setup_teardown_taskflow.py for tasks to queue
[2023-12-20T21:13:07.264+0000] {logging_mixin.py:154} INFO - [2023-12-20T21:13:07.263+0000] {dagbag.py:536} INFO - Filling up the DagBag from /home/airflow/.local/lib/python3.8/site-packages/airflow/example_dags/example_setup_teardown_taskflow.py
[2023-12-20T21:13:07.271+0000] {processor.py:839} INFO - DAG(s) dict_keys(['example_setup_teardown_taskflow']) retrieved from /home/airflow/.local/lib/python3.8/site-packages/airflow/example_dags/example_setup_teardown_taskflow.py
[2023-12-20T21:13:07.289+0000] {logging_mixin.py:154} INFO - [2023-12-20T21:13:07.289+0000] {dag.py:2941} INFO - Sync 1 DAGs
[2023-12-20T21:13:07.309+0000] {logging_mixin.py:154} INFO - [2023-12-20T21:13:07.309+0000] {dag.py:3722} INFO - Setting next_dagrun for example_setup_teardown_taskflow to 2023-12-19T21:13:07.308930+00:00, run_after=2023-12-20T21:13:07.308930+00:00
[2023-12-20T21:13:07.329+0000] {processor.py:179} INFO - Processing /home/airflow/.local/lib/python3.8/site-packages/airflow/example_dags/example_setup_teardown_taskflow.py took 0.070 seconds
[2023-12-20T21:13:38.143+0000] {processor.py:157} INFO - Started process (PID=606) to work on /home/airflow/.local/lib/python3.8/site-packages/airflow/example_dags/example_setup_teardown_taskflow.py
[2023-12-20T21:13:38.144+0000] {processor.py:829} INFO - Processing file /home/airflow/.local/lib/python3.8/site-packages/airflow/example_dags/example_setup_teardown_taskflow.py for tasks to queue
[2023-12-20T21:13:38.146+0000] {logging_mixin.py:154} INFO - [2023-12-20T21:13:38.146+0000] {dagbag.py:536} INFO - Filling up the DagBag from /home/airflow/.local/lib/python3.8/site-packages/airflow/example_dags/example_setup_teardown_taskflow.py
[2023-12-20T21:13:38.154+0000] {processor.py:839} INFO - DAG(s) dict_keys(['example_setup_teardown_taskflow']) retrieved from /home/airflow/.local/lib/python3.8/site-packages/airflow/example_dags/example_setup_teardown_taskflow.py
[2023-12-20T21:13:38.174+0000] {logging_mixin.py:154} INFO - [2023-12-20T21:13:38.174+0000] {dag.py:2941} INFO - Sync 1 DAGs
[2023-12-20T21:13:38.197+0000] {logging_mixin.py:154} INFO - [2023-12-20T21:13:38.196+0000] {dag.py:3722} INFO - Setting next_dagrun for example_setup_teardown_taskflow to 2023-12-19T21:13:38.196622+00:00, run_after=2023-12-20T21:13:38.196622+00:00
[2023-12-20T21:13:38.222+0000] {processor.py:179} INFO - Processing /home/airflow/.local/lib/python3.8/site-packages/airflow/example_dags/example_setup_teardown_taskflow.py took 0.081 seconds
[2023-12-20T21:14:08.316+0000] {processor.py:157} INFO - Started process (PID=661) to work on /home/airflow/.local/lib/python3.8/site-packages/airflow/example_dags/example_setup_teardown_taskflow.py
[2023-12-20T21:14:08.317+0000] {processor.py:829} INFO - Processing file /home/airflow/.local/lib/python3.8/site-packages/airflow/example_dags/example_setup_teardown_taskflow.py for tasks to queue
[2023-12-20T21:14:08.318+0000] {logging_mixin.py:154} INFO - [2023-12-20T21:14:08.318+0000] {dagbag.py:536} INFO - Filling up the DagBag from /home/airflow/.local/lib/python3.8/site-packages/airflow/example_dags/example_setup_teardown_taskflow.py
[2023-12-20T21:14:08.324+0000] {processor.py:839} INFO - DAG(s) dict_keys(['example_setup_teardown_taskflow']) retrieved from /home/airflow/.local/lib/python3.8/site-packages/airflow/example_dags/example_setup_teardown_taskflow.py
[2023-12-20T21:14:08.342+0000] {logging_mixin.py:154} INFO - [2023-12-20T21:14:08.342+0000] {dag.py:2941} INFO - Sync 1 DAGs
[2023-12-20T21:14:08.360+0000] {logging_mixin.py:154} INFO - [2023-12-20T21:14:08.359+0000] {dag.py:3722} INFO - Setting next_dagrun for example_setup_teardown_taskflow to 2023-12-19T21:14:08.359669+00:00, run_after=2023-12-20T21:14:08.359669+00:00
[2023-12-20T21:14:08.379+0000] {processor.py:179} INFO - Processing /home/airflow/.local/lib/python3.8/site-packages/airflow/example_dags/example_setup_teardown_taskflow.py took 0.066 seconds
[2023-12-20T21:14:38.452+0000] {processor.py:157} INFO - Started process (PID=717) to work on /home/airflow/.local/lib/python3.8/site-packages/airflow/example_dags/example_setup_teardown_taskflow.py
[2023-12-20T21:14:38.453+0000] {processor.py:829} INFO - Processing file /home/airflow/.local/lib/python3.8/site-packages/airflow/example_dags/example_setup_teardown_taskflow.py for tasks to queue
[2023-12-20T21:14:38.454+0000] {logging_mixin.py:154} INFO - [2023-12-20T21:14:38.454+0000] {dagbag.py:536} INFO - Filling up the DagBag from /home/airflow/.local/lib/python3.8/site-packages/airflow/example_dags/example_setup_teardown_taskflow.py
[2023-12-20T21:14:38.461+0000] {processor.py:839} INFO - DAG(s) dict_keys(['example_setup_teardown_taskflow']) retrieved from /home/airflow/.local/lib/python3.8/site-packages/airflow/example_dags/example_setup_teardown_taskflow.py
[2023-12-20T21:14:38.478+0000] {logging_mixin.py:154} INFO - [2023-12-20T21:14:38.478+0000] {dag.py:2941} INFO - Sync 1 DAGs
[2023-12-20T21:14:38.495+0000] {logging_mixin.py:154} INFO - [2023-12-20T21:14:38.495+0000] {dag.py:3722} INFO - Setting next_dagrun for example_setup_teardown_taskflow to 2023-12-19T21:14:38.495445+00:00, run_after=2023-12-20T21:14:38.495445+00:00
[2023-12-20T21:14:38.515+0000] {processor.py:179} INFO - Processing /home/airflow/.local/lib/python3.8/site-packages/airflow/example_dags/example_setup_teardown_taskflow.py took 0.065 seconds
[2023-12-20T21:15:08.861+0000] {processor.py:157} INFO - Started process (PID=773) to work on /home/airflow/.local/lib/python3.8/site-packages/airflow/example_dags/example_setup_teardown_taskflow.py
[2023-12-20T21:15:08.862+0000] {processor.py:829} INFO - Processing file /home/airflow/.local/lib/python3.8/site-packages/airflow/example_dags/example_setup_teardown_taskflow.py for tasks to queue
[2023-12-20T21:15:08.864+0000] {logging_mixin.py:154} INFO - [2023-12-20T21:15:08.864+0000] {dagbag.py:536} INFO - Filling up the DagBag from /home/airflow/.local/lib/python3.8/site-packages/airflow/example_dags/example_setup_teardown_taskflow.py
[2023-12-20T21:15:08.871+0000] {processor.py:839} INFO - DAG(s) dict_keys(['example_setup_teardown_taskflow']) retrieved from /home/airflow/.local/lib/python3.8/site-packages/airflow/example_dags/example_setup_teardown_taskflow.py
[2023-12-20T21:15:08.889+0000] {logging_mixin.py:154} INFO - [2023-12-20T21:15:08.889+0000] {dag.py:2941} INFO - Sync 1 DAGs
[2023-12-20T21:15:08.908+0000] {logging_mixin.py:154} INFO - [2023-12-20T21:15:08.908+0000] {dag.py:3722} INFO - Setting next_dagrun for example_setup_teardown_taskflow to 2023-12-19T21:15:08.907989+00:00, run_after=2023-12-20T21:15:08.907989+00:00
[2023-12-20T21:15:08.929+0000] {processor.py:179} INFO - Processing /home/airflow/.local/lib/python3.8/site-packages/airflow/example_dags/example_setup_teardown_taskflow.py took 0.071 seconds
[2023-12-20T21:15:39.497+0000] {processor.py:157} INFO - Started process (PID=829) to work on /home/airflow/.local/lib/python3.8/site-packages/airflow/example_dags/example_setup_teardown_taskflow.py
[2023-12-20T21:15:39.498+0000] {processor.py:829} INFO - Processing file /home/airflow/.local/lib/python3.8/site-packages/airflow/example_dags/example_setup_teardown_taskflow.py for tasks to queue
[2023-12-20T21:15:39.500+0000] {logging_mixin.py:154} INFO - [2023-12-20T21:15:39.500+0000] {dagbag.py:536} INFO - Filling up the DagBag from /home/airflow/.local/lib/python3.8/site-packages/airflow/example_dags/example_setup_teardown_taskflow.py
[2023-12-20T21:15:39.506+0000] {processor.py:839} INFO - DAG(s) dict_keys(['example_setup_teardown_taskflow']) retrieved from /home/airflow/.local/lib/python3.8/site-packages/airflow/example_dags/example_setup_teardown_taskflow.py
[2023-12-20T21:15:39.524+0000] {logging_mixin.py:154} INFO - [2023-12-20T21:15:39.524+0000] {dag.py:2941} INFO - Sync 1 DAGs
[2023-12-20T21:15:39.543+0000] {logging_mixin.py:154} INFO - [2023-12-20T21:15:39.543+0000] {dag.py:3722} INFO - Setting next_dagrun for example_setup_teardown_taskflow to 2023-12-19T21:15:39.542922+00:00, run_after=2023-12-20T21:15:39.542922+00:00
[2023-12-20T21:15:39.561+0000] {processor.py:179} INFO - Processing /home/airflow/.local/lib/python3.8/site-packages/airflow/example_dags/example_setup_teardown_taskflow.py took 0.066 seconds
[2023-12-20T21:16:09.949+0000] {processor.py:157} INFO - Started process (PID=885) to work on /home/airflow/.local/lib/python3.8/site-packages/airflow/example_dags/example_setup_teardown_taskflow.py
[2023-12-20T21:16:09.950+0000] {processor.py:829} INFO - Processing file /home/airflow/.local/lib/python3.8/site-packages/airflow/example_dags/example_setup_teardown_taskflow.py for tasks to queue
[2023-12-20T21:16:09.952+0000] {logging_mixin.py:154} INFO - [2023-12-20T21:16:09.952+0000] {dagbag.py:536} INFO - Filling up the DagBag from /home/airflow/.local/lib/python3.8/site-packages/airflow/example_dags/example_setup_teardown_taskflow.py
[2023-12-20T21:16:09.959+0000] {processor.py:839} INFO - DAG(s) dict_keys(['example_setup_teardown_taskflow']) retrieved from /home/airflow/.local/lib/python3.8/site-packages/airflow/example_dags/example_setup_teardown_taskflow.py
[2023-12-20T21:16:09.977+0000] {logging_mixin.py:154} INFO - [2023-12-20T21:16:09.977+0000] {dag.py:2941} INFO - Sync 1 DAGs
[2023-12-20T21:16:09.996+0000] {logging_mixin.py:154} INFO - [2023-12-20T21:16:09.996+0000] {dag.py:3722} INFO - Setting next_dagrun for example_setup_teardown_taskflow to 2023-12-19T21:16:09.996086+00:00, run_after=2023-12-20T21:16:09.996086+00:00
[2023-12-20T21:16:10.016+0000] {processor.py:179} INFO - Processing /home/airflow/.local/lib/python3.8/site-packages/airflow/example_dags/example_setup_teardown_taskflow.py took 0.069 seconds
[2023-12-20T21:16:40.677+0000] {processor.py:157} INFO - Started process (PID=941) to work on /home/airflow/.local/lib/python3.8/site-packages/airflow/example_dags/example_setup_teardown_taskflow.py
[2023-12-20T21:16:40.678+0000] {processor.py:829} INFO - Processing file /home/airflow/.local/lib/python3.8/site-packages/airflow/example_dags/example_setup_teardown_taskflow.py for tasks to queue
[2023-12-20T21:16:40.680+0000] {logging_mixin.py:154} INFO - [2023-12-20T21:16:40.680+0000] {dagbag.py:536} INFO - Filling up the DagBag from /home/airflow/.local/lib/python3.8/site-packages/airflow/example_dags/example_setup_teardown_taskflow.py
[2023-12-20T21:16:40.688+0000] {processor.py:839} INFO - DAG(s) dict_keys(['example_setup_teardown_taskflow']) retrieved from /home/airflow/.local/lib/python3.8/site-packages/airflow/example_dags/example_setup_teardown_taskflow.py
[2023-12-20T21:16:40.707+0000] {logging_mixin.py:154} INFO - [2023-12-20T21:16:40.707+0000] {dag.py:2941} INFO - Sync 1 DAGs
[2023-12-20T21:16:40.727+0000] {logging_mixin.py:154} INFO - [2023-12-20T21:16:40.727+0000] {dag.py:3722} INFO - Setting next_dagrun for example_setup_teardown_taskflow to 2023-12-19T21:16:40.726874+00:00, run_after=2023-12-20T21:16:40.726874+00:00
[2023-12-20T21:16:40.887+0000] {processor.py:179} INFO - Processing /home/airflow/.local/lib/python3.8/site-packages/airflow/example_dags/example_setup_teardown_taskflow.py took 0.211 seconds
[2023-12-20T21:17:11.870+0000] {processor.py:157} INFO - Started process (PID=997) to work on /home/airflow/.local/lib/python3.8/site-packages/airflow/example_dags/example_setup_teardown_taskflow.py
[2023-12-20T21:17:11.871+0000] {processor.py:829} INFO - Processing file /home/airflow/.local/lib/python3.8/site-packages/airflow/example_dags/example_setup_teardown_taskflow.py for tasks to queue
[2023-12-20T21:17:11.873+0000] {logging_mixin.py:154} INFO - [2023-12-20T21:17:11.872+0000] {dagbag.py:536} INFO - Filling up the DagBag from /home/airflow/.local/lib/python3.8/site-packages/airflow/example_dags/example_setup_teardown_taskflow.py
[2023-12-20T21:17:11.879+0000] {processor.py:839} INFO - DAG(s) dict_keys(['example_setup_teardown_taskflow']) retrieved from /home/airflow/.local/lib/python3.8/site-packages/airflow/example_dags/example_setup_teardown_taskflow.py
[2023-12-20T21:17:11.898+0000] {logging_mixin.py:154} INFO - [2023-12-20T21:17:11.897+0000] {dag.py:2941} INFO - Sync 1 DAGs
[2023-12-20T21:17:11.917+0000] {logging_mixin.py:154} INFO - [2023-12-20T21:17:11.916+0000] {dag.py:3722} INFO - Setting next_dagrun for example_setup_teardown_taskflow to 2023-12-19T21:17:11.916603+00:00, run_after=2023-12-20T21:17:11.916603+00:00
[2023-12-20T21:17:11.937+0000] {processor.py:179} INFO - Processing /home/airflow/.local/lib/python3.8/site-packages/airflow/example_dags/example_setup_teardown_taskflow.py took 0.070 seconds
[2023-12-20T21:17:42.208+0000] {processor.py:157} INFO - Started process (PID=1053) to work on /home/airflow/.local/lib/python3.8/site-packages/airflow/example_dags/example_setup_teardown_taskflow.py
[2023-12-20T21:17:42.209+0000] {processor.py:829} INFO - Processing file /home/airflow/.local/lib/python3.8/site-packages/airflow/example_dags/example_setup_teardown_taskflow.py for tasks to queue
[2023-12-20T21:17:42.211+0000] {logging_mixin.py:154} INFO - [2023-12-20T21:17:42.211+0000] {dagbag.py:536} INFO - Filling up the DagBag from /home/airflow/.local/lib/python3.8/site-packages/airflow/example_dags/example_setup_teardown_taskflow.py
[2023-12-20T21:17:42.219+0000] {processor.py:839} INFO - DAG(s) dict_keys(['example_setup_teardown_taskflow']) retrieved from /home/airflow/.local/lib/python3.8/site-packages/airflow/example_dags/example_setup_teardown_taskflow.py
[2023-12-20T21:17:42.240+0000] {logging_mixin.py:154} INFO - [2023-12-20T21:17:42.240+0000] {dag.py:2941} INFO - Sync 1 DAGs
[2023-12-20T21:17:42.261+0000] {logging_mixin.py:154} INFO - [2023-12-20T21:17:42.260+0000] {dag.py:3722} INFO - Setting next_dagrun for example_setup_teardown_taskflow to 2023-12-19T21:17:42.260764+00:00, run_after=2023-12-20T21:17:42.260764+00:00
[2023-12-20T21:17:42.283+0000] {processor.py:179} INFO - Processing /home/airflow/.local/lib/python3.8/site-packages/airflow/example_dags/example_setup_teardown_taskflow.py took 0.078 seconds
[2023-12-20T21:18:12.421+0000] {processor.py:157} INFO - Started process (PID=1109) to work on /home/airflow/.local/lib/python3.8/site-packages/airflow/example_dags/example_setup_teardown_taskflow.py
[2023-12-20T21:18:12.422+0000] {processor.py:829} INFO - Processing file /home/airflow/.local/lib/python3.8/site-packages/airflow/example_dags/example_setup_teardown_taskflow.py for tasks to queue
[2023-12-20T21:18:12.424+0000] {logging_mixin.py:154} INFO - [2023-12-20T21:18:12.424+0000] {dagbag.py:536} INFO - Filling up the DagBag from /home/airflow/.local/lib/python3.8/site-packages/airflow/example_dags/example_setup_teardown_taskflow.py
[2023-12-20T21:18:12.432+0000] {processor.py:839} INFO - DAG(s) dict_keys(['example_setup_teardown_taskflow']) retrieved from /home/airflow/.local/lib/python3.8/site-packages/airflow/example_dags/example_setup_teardown_taskflow.py
[2023-12-20T21:18:12.452+0000] {logging_mixin.py:154} INFO - [2023-12-20T21:18:12.451+0000] {dag.py:2941} INFO - Sync 1 DAGs
[2023-12-20T21:18:12.471+0000] {logging_mixin.py:154} INFO - [2023-12-20T21:18:12.471+0000] {dag.py:3722} INFO - Setting next_dagrun for example_setup_teardown_taskflow to 2023-12-19T21:18:12.471003+00:00, run_after=2023-12-20T21:18:12.471003+00:00
[2023-12-20T21:18:12.495+0000] {processor.py:179} INFO - Processing /home/airflow/.local/lib/python3.8/site-packages/airflow/example_dags/example_setup_teardown_taskflow.py took 0.076 seconds
[2023-12-20T21:18:43.044+0000] {processor.py:157} INFO - Started process (PID=1165) to work on /home/airflow/.local/lib/python3.8/site-packages/airflow/example_dags/example_setup_teardown_taskflow.py
[2023-12-20T21:18:43.045+0000] {processor.py:829} INFO - Processing file /home/airflow/.local/lib/python3.8/site-packages/airflow/example_dags/example_setup_teardown_taskflow.py for tasks to queue
[2023-12-20T21:18:43.047+0000] {logging_mixin.py:154} INFO - [2023-12-20T21:18:43.047+0000] {dagbag.py:536} INFO - Filling up the DagBag from /home/airflow/.local/lib/python3.8/site-packages/airflow/example_dags/example_setup_teardown_taskflow.py
[2023-12-20T21:18:43.054+0000] {processor.py:839} INFO - DAG(s) dict_keys(['example_setup_teardown_taskflow']) retrieved from /home/airflow/.local/lib/python3.8/site-packages/airflow/example_dags/example_setup_teardown_taskflow.py
[2023-12-20T21:18:43.073+0000] {logging_mixin.py:154} INFO - [2023-12-20T21:18:43.073+0000] {dag.py:2941} INFO - Sync 1 DAGs
[2023-12-20T21:18:43.221+0000] {logging_mixin.py:154} INFO - [2023-12-20T21:18:43.221+0000] {dag.py:3722} INFO - Setting next_dagrun for example_setup_teardown_taskflow to 2023-12-19T21:18:43.221578+00:00, run_after=2023-12-20T21:18:43.221578+00:00
[2023-12-20T21:18:43.240+0000] {processor.py:179} INFO - Processing /home/airflow/.local/lib/python3.8/site-packages/airflow/example_dags/example_setup_teardown_taskflow.py took 0.199 seconds
[2023-12-20T21:19:14.048+0000] {processor.py:157} INFO - Started process (PID=1221) to work on /home/airflow/.local/lib/python3.8/site-packages/airflow/example_dags/example_setup_teardown_taskflow.py
[2023-12-20T21:19:14.049+0000] {processor.py:829} INFO - Processing file /home/airflow/.local/lib/python3.8/site-packages/airflow/example_dags/example_setup_teardown_taskflow.py for tasks to queue
[2023-12-20T21:19:14.051+0000] {logging_mixin.py:154} INFO - [2023-12-20T21:19:14.051+0000] {dagbag.py:536} INFO - Filling up the DagBag from /home/airflow/.local/lib/python3.8/site-packages/airflow/example_dags/example_setup_teardown_taskflow.py
[2023-12-20T21:19:14.058+0000] {processor.py:839} INFO - DAG(s) dict_keys(['example_setup_teardown_taskflow']) retrieved from /home/airflow/.local/lib/python3.8/site-packages/airflow/example_dags/example_setup_teardown_taskflow.py
[2023-12-20T21:19:14.078+0000] {logging_mixin.py:154} INFO - [2023-12-20T21:19:14.078+0000] {dag.py:2941} INFO - Sync 1 DAGs
[2023-12-20T21:19:14.098+0000] {logging_mixin.py:154} INFO - [2023-12-20T21:19:14.098+0000] {dag.py:3722} INFO - Setting next_dagrun for example_setup_teardown_taskflow to 2023-12-19T21:19:14.098236+00:00, run_after=2023-12-20T21:19:14.098236+00:00
[2023-12-20T21:19:14.251+0000] {processor.py:179} INFO - Processing /home/airflow/.local/lib/python3.8/site-packages/airflow/example_dags/example_setup_teardown_taskflow.py took 0.206 seconds
[2023-12-20T21:19:44.468+0000] {processor.py:157} INFO - Started process (PID=1277) to work on /home/airflow/.local/lib/python3.8/site-packages/airflow/example_dags/example_setup_teardown_taskflow.py
[2023-12-20T21:19:44.469+0000] {processor.py:829} INFO - Processing file /home/airflow/.local/lib/python3.8/site-packages/airflow/example_dags/example_setup_teardown_taskflow.py for tasks to queue
[2023-12-20T21:19:44.471+0000] {logging_mixin.py:154} INFO - [2023-12-20T21:19:44.471+0000] {dagbag.py:536} INFO - Filling up the DagBag from /home/airflow/.local/lib/python3.8/site-packages/airflow/example_dags/example_setup_teardown_taskflow.py
[2023-12-20T21:19:44.478+0000] {processor.py:839} INFO - DAG(s) dict_keys(['example_setup_teardown_taskflow']) retrieved from /home/airflow/.local/lib/python3.8/site-packages/airflow/example_dags/example_setup_teardown_taskflow.py
[2023-12-20T21:19:44.497+0000] {logging_mixin.py:154} INFO - [2023-12-20T21:19:44.496+0000] {dag.py:2941} INFO - Sync 1 DAGs
[2023-12-20T21:19:44.515+0000] {logging_mixin.py:154} INFO - [2023-12-20T21:19:44.515+0000] {dag.py:3722} INFO - Setting next_dagrun for example_setup_teardown_taskflow to 2023-12-19T21:19:44.515561+00:00, run_after=2023-12-20T21:19:44.515561+00:00
[2023-12-20T21:19:44.536+0000] {processor.py:179} INFO - Processing /home/airflow/.local/lib/python3.8/site-packages/airflow/example_dags/example_setup_teardown_taskflow.py took 0.071 seconds
[2023-12-20T21:20:14.582+0000] {processor.py:157} INFO - Started process (PID=1333) to work on /home/airflow/.local/lib/python3.8/site-packages/airflow/example_dags/example_setup_teardown_taskflow.py
[2023-12-20T21:20:14.583+0000] {processor.py:829} INFO - Processing file /home/airflow/.local/lib/python3.8/site-packages/airflow/example_dags/example_setup_teardown_taskflow.py for tasks to queue
[2023-12-20T21:20:14.585+0000] {logging_mixin.py:154} INFO - [2023-12-20T21:20:14.584+0000] {dagbag.py:536} INFO - Filling up the DagBag from /home/airflow/.local/lib/python3.8/site-packages/airflow/example_dags/example_setup_teardown_taskflow.py
[2023-12-20T21:20:14.592+0000] {processor.py:839} INFO - DAG(s) dict_keys(['example_setup_teardown_taskflow']) retrieved from /home/airflow/.local/lib/python3.8/site-packages/airflow/example_dags/example_setup_teardown_taskflow.py
[2023-12-20T21:20:14.611+0000] {logging_mixin.py:154} INFO - [2023-12-20T21:20:14.610+0000] {dag.py:2941} INFO - Sync 1 DAGs
[2023-12-20T21:20:14.631+0000] {logging_mixin.py:154} INFO - [2023-12-20T21:20:14.631+0000] {dag.py:3722} INFO - Setting next_dagrun for example_setup_teardown_taskflow to 2023-12-19T21:20:14.631274+00:00, run_after=2023-12-20T21:20:14.631274+00:00
[2023-12-20T21:20:14.652+0000] {processor.py:179} INFO - Processing /home/airflow/.local/lib/python3.8/site-packages/airflow/example_dags/example_setup_teardown_taskflow.py took 0.072 seconds
[2023-12-20T21:20:45.174+0000] {processor.py:157} INFO - Started process (PID=1389) to work on /home/airflow/.local/lib/python3.8/site-packages/airflow/example_dags/example_setup_teardown_taskflow.py
[2023-12-20T21:20:45.175+0000] {processor.py:829} INFO - Processing file /home/airflow/.local/lib/python3.8/site-packages/airflow/example_dags/example_setup_teardown_taskflow.py for tasks to queue
[2023-12-20T21:20:45.177+0000] {logging_mixin.py:154} INFO - [2023-12-20T21:20:45.177+0000] {dagbag.py:536} INFO - Filling up the DagBag from /home/airflow/.local/lib/python3.8/site-packages/airflow/example_dags/example_setup_teardown_taskflow.py
[2023-12-20T21:20:45.184+0000] {processor.py:839} INFO - DAG(s) dict_keys(['example_setup_teardown_taskflow']) retrieved from /home/airflow/.local/lib/python3.8/site-packages/airflow/example_dags/example_setup_teardown_taskflow.py
[2023-12-20T21:20:45.201+0000] {logging_mixin.py:154} INFO - [2023-12-20T21:20:45.201+0000] {dag.py:2941} INFO - Sync 1 DAGs
[2023-12-20T21:20:45.347+0000] {logging_mixin.py:154} INFO - [2023-12-20T21:20:45.347+0000] {dag.py:3722} INFO - Setting next_dagrun for example_setup_teardown_taskflow to 2023-12-19T21:20:45.347487+00:00, run_after=2023-12-20T21:20:45.347487+00:00
[2023-12-20T21:20:45.367+0000] {processor.py:179} INFO - Processing /home/airflow/.local/lib/python3.8/site-packages/airflow/example_dags/example_setup_teardown_taskflow.py took 0.195 seconds
[2023-12-20T21:21:15.550+0000] {processor.py:157} INFO - Started process (PID=1445) to work on /home/airflow/.local/lib/python3.8/site-packages/airflow/example_dags/example_setup_teardown_taskflow.py
[2023-12-20T21:21:15.551+0000] {processor.py:829} INFO - Processing file /home/airflow/.local/lib/python3.8/site-packages/airflow/example_dags/example_setup_teardown_taskflow.py for tasks to queue
[2023-12-20T21:21:15.553+0000] {logging_mixin.py:154} INFO - [2023-12-20T21:21:15.553+0000] {dagbag.py:536} INFO - Filling up the DagBag from /home/airflow/.local/lib/python3.8/site-packages/airflow/example_dags/example_setup_teardown_taskflow.py
[2023-12-20T21:21:15.560+0000] {processor.py:839} INFO - DAG(s) dict_keys(['example_setup_teardown_taskflow']) retrieved from /home/airflow/.local/lib/python3.8/site-packages/airflow/example_dags/example_setup_teardown_taskflow.py
[2023-12-20T21:21:15.579+0000] {logging_mixin.py:154} INFO - [2023-12-20T21:21:15.579+0000] {dag.py:2941} INFO - Sync 1 DAGs
[2023-12-20T21:21:15.733+0000] {logging_mixin.py:154} INFO - [2023-12-20T21:21:15.733+0000] {dag.py:3722} INFO - Setting next_dagrun for example_setup_teardown_taskflow to 2023-12-19T21:21:15.732827+00:00, run_after=2023-12-20T21:21:15.732827+00:00
[2023-12-20T21:21:15.753+0000] {processor.py:179} INFO - Processing /home/airflow/.local/lib/python3.8/site-packages/airflow/example_dags/example_setup_teardown_taskflow.py took 0.205 seconds
[2023-12-20T21:21:46.214+0000] {processor.py:157} INFO - Started process (PID=1501) to work on /home/airflow/.local/lib/python3.8/site-packages/airflow/example_dags/example_setup_teardown_taskflow.py
[2023-12-20T21:21:46.215+0000] {processor.py:829} INFO - Processing file /home/airflow/.local/lib/python3.8/site-packages/airflow/example_dags/example_setup_teardown_taskflow.py for tasks to queue
[2023-12-20T21:21:46.218+0000] {logging_mixin.py:154} INFO - [2023-12-20T21:21:46.218+0000] {dagbag.py:536} INFO - Filling up the DagBag from /home/airflow/.local/lib/python3.8/site-packages/airflow/example_dags/example_setup_teardown_taskflow.py
[2023-12-20T21:21:46.225+0000] {processor.py:839} INFO - DAG(s) dict_keys(['example_setup_teardown_taskflow']) retrieved from /home/airflow/.local/lib/python3.8/site-packages/airflow/example_dags/example_setup_teardown_taskflow.py
[2023-12-20T21:21:46.243+0000] {logging_mixin.py:154} INFO - [2023-12-20T21:21:46.243+0000] {dag.py:2941} INFO - Sync 1 DAGs
[2023-12-20T21:21:46.262+0000] {logging_mixin.py:154} INFO - [2023-12-20T21:21:46.262+0000] {dag.py:3722} INFO - Setting next_dagrun for example_setup_teardown_taskflow to 2023-12-19T21:21:46.262438+00:00, run_after=2023-12-20T21:21:46.262438+00:00
[2023-12-20T21:21:46.284+0000] {processor.py:179} INFO - Processing /home/airflow/.local/lib/python3.8/site-packages/airflow/example_dags/example_setup_teardown_taskflow.py took 0.072 seconds
[2023-12-20T21:22:16.603+0000] {processor.py:157} INFO - Started process (PID=1557) to work on /home/airflow/.local/lib/python3.8/site-packages/airflow/example_dags/example_setup_teardown_taskflow.py
[2023-12-20T21:22:16.604+0000] {processor.py:829} INFO - Processing file /home/airflow/.local/lib/python3.8/site-packages/airflow/example_dags/example_setup_teardown_taskflow.py for tasks to queue
[2023-12-20T21:22:16.606+0000] {logging_mixin.py:154} INFO - [2023-12-20T21:22:16.606+0000] {dagbag.py:536} INFO - Filling up the DagBag from /home/airflow/.local/lib/python3.8/site-packages/airflow/example_dags/example_setup_teardown_taskflow.py
[2023-12-20T21:22:16.613+0000] {processor.py:839} INFO - DAG(s) dict_keys(['example_setup_teardown_taskflow']) retrieved from /home/airflow/.local/lib/python3.8/site-packages/airflow/example_dags/example_setup_teardown_taskflow.py
[2023-12-20T21:22:16.632+0000] {logging_mixin.py:154} INFO - [2023-12-20T21:22:16.632+0000] {dag.py:2941} INFO - Sync 1 DAGs
[2023-12-20T21:22:16.650+0000] {logging_mixin.py:154} INFO - [2023-12-20T21:22:16.650+0000] {dag.py:3722} INFO - Setting next_dagrun for example_setup_teardown_taskflow to 2023-12-19T21:22:16.650479+00:00, run_after=2023-12-20T21:22:16.650479+00:00
[2023-12-20T21:22:16.674+0000] {processor.py:179} INFO - Processing /home/airflow/.local/lib/python3.8/site-packages/airflow/example_dags/example_setup_teardown_taskflow.py took 0.074 seconds
[2023-12-20T21:22:46.955+0000] {processor.py:157} INFO - Started process (PID=1613) to work on /home/airflow/.local/lib/python3.8/site-packages/airflow/example_dags/example_setup_teardown_taskflow.py
[2023-12-20T21:22:46.956+0000] {processor.py:829} INFO - Processing file /home/airflow/.local/lib/python3.8/site-packages/airflow/example_dags/example_setup_teardown_taskflow.py for tasks to queue
[2023-12-20T21:22:46.959+0000] {logging_mixin.py:154} INFO - [2023-12-20T21:22:46.959+0000] {dagbag.py:536} INFO - Filling up the DagBag from /home/airflow/.local/lib/python3.8/site-packages/airflow/example_dags/example_setup_teardown_taskflow.py
[2023-12-20T21:22:46.966+0000] {processor.py:839} INFO - DAG(s) dict_keys(['example_setup_teardown_taskflow']) retrieved from /home/airflow/.local/lib/python3.8/site-packages/airflow/example_dags/example_setup_teardown_taskflow.py
[2023-12-20T21:22:46.986+0000] {logging_mixin.py:154} INFO - [2023-12-20T21:22:46.986+0000] {dag.py:2941} INFO - Sync 1 DAGs
[2023-12-20T21:22:47.006+0000] {logging_mixin.py:154} INFO - [2023-12-20T21:22:47.006+0000] {dag.py:3722} INFO - Setting next_dagrun for example_setup_teardown_taskflow to 2023-12-19T21:22:47.005923+00:00, run_after=2023-12-20T21:22:47.005923+00:00
[2023-12-20T21:22:47.030+0000] {processor.py:179} INFO - Processing /home/airflow/.local/lib/python3.8/site-packages/airflow/example_dags/example_setup_teardown_taskflow.py took 0.078 seconds
[2023-12-20T21:23:17.270+0000] {processor.py:157} INFO - Started process (PID=1669) to work on /home/airflow/.local/lib/python3.8/site-packages/airflow/example_dags/example_setup_teardown_taskflow.py
[2023-12-20T21:23:17.271+0000] {processor.py:829} INFO - Processing file /home/airflow/.local/lib/python3.8/site-packages/airflow/example_dags/example_setup_teardown_taskflow.py for tasks to queue
[2023-12-20T21:23:17.274+0000] {logging_mixin.py:154} INFO - [2023-12-20T21:23:17.273+0000] {dagbag.py:536} INFO - Filling up the DagBag from /home/airflow/.local/lib/python3.8/site-packages/airflow/example_dags/example_setup_teardown_taskflow.py
[2023-12-20T21:23:17.281+0000] {processor.py:839} INFO - DAG(s) dict_keys(['example_setup_teardown_taskflow']) retrieved from /home/airflow/.local/lib/python3.8/site-packages/airflow/example_dags/example_setup_teardown_taskflow.py
[2023-12-20T21:23:17.299+0000] {logging_mixin.py:154} INFO - [2023-12-20T21:23:17.299+0000] {dag.py:2941} INFO - Sync 1 DAGs
[2023-12-20T21:23:17.317+0000] {logging_mixin.py:154} INFO - [2023-12-20T21:23:17.317+0000] {dag.py:3722} INFO - Setting next_dagrun for example_setup_teardown_taskflow to 2023-12-19T21:23:17.316955+00:00, run_after=2023-12-20T21:23:17.316955+00:00
[2023-12-20T21:23:17.336+0000] {processor.py:179} INFO - Processing /home/airflow/.local/lib/python3.8/site-packages/airflow/example_dags/example_setup_teardown_taskflow.py took 0.068 seconds
[2023-12-20T21:23:47.611+0000] {processor.py:157} INFO - Started process (PID=1725) to work on /home/airflow/.local/lib/python3.8/site-packages/airflow/example_dags/example_setup_teardown_taskflow.py
[2023-12-20T21:23:47.612+0000] {processor.py:829} INFO - Processing file /home/airflow/.local/lib/python3.8/site-packages/airflow/example_dags/example_setup_teardown_taskflow.py for tasks to queue
[2023-12-20T21:23:47.614+0000] {logging_mixin.py:154} INFO - [2023-12-20T21:23:47.613+0000] {dagbag.py:536} INFO - Filling up the DagBag from /home/airflow/.local/lib/python3.8/site-packages/airflow/example_dags/example_setup_teardown_taskflow.py
[2023-12-20T21:23:47.621+0000] {processor.py:839} INFO - DAG(s) dict_keys(['example_setup_teardown_taskflow']) retrieved from /home/airflow/.local/lib/python3.8/site-packages/airflow/example_dags/example_setup_teardown_taskflow.py
[2023-12-20T21:23:47.638+0000] {logging_mixin.py:154} INFO - [2023-12-20T21:23:47.638+0000] {dag.py:2941} INFO - Sync 1 DAGs
[2023-12-20T21:23:47.657+0000] {logging_mixin.py:154} INFO - [2023-12-20T21:23:47.657+0000] {dag.py:3722} INFO - Setting next_dagrun for example_setup_teardown_taskflow to 2023-12-19T21:23:47.657253+00:00, run_after=2023-12-20T21:23:47.657253+00:00
[2023-12-20T21:23:47.676+0000] {processor.py:179} INFO - Processing /home/airflow/.local/lib/python3.8/site-packages/airflow/example_dags/example_setup_teardown_taskflow.py took 0.067 seconds
[2023-12-20T21:24:17.981+0000] {processor.py:157} INFO - Started process (PID=1781) to work on /home/airflow/.local/lib/python3.8/site-packages/airflow/example_dags/example_setup_teardown_taskflow.py
[2023-12-20T21:24:17.982+0000] {processor.py:829} INFO - Processing file /home/airflow/.local/lib/python3.8/site-packages/airflow/example_dags/example_setup_teardown_taskflow.py for tasks to queue
[2023-12-20T21:24:17.984+0000] {logging_mixin.py:154} INFO - [2023-12-20T21:24:17.984+0000] {dagbag.py:536} INFO - Filling up the DagBag from /home/airflow/.local/lib/python3.8/site-packages/airflow/example_dags/example_setup_teardown_taskflow.py
[2023-12-20T21:24:17.991+0000] {processor.py:839} INFO - DAG(s) dict_keys(['example_setup_teardown_taskflow']) retrieved from /home/airflow/.local/lib/python3.8/site-packages/airflow/example_dags/example_setup_teardown_taskflow.py
[2023-12-20T21:24:18.013+0000] {logging_mixin.py:154} INFO - [2023-12-20T21:24:18.013+0000] {dag.py:2941} INFO - Sync 1 DAGs
[2023-12-20T21:24:18.036+0000] {logging_mixin.py:154} INFO - [2023-12-20T21:24:18.036+0000] {dag.py:3722} INFO - Setting next_dagrun for example_setup_teardown_taskflow to 2023-12-19T21:24:18.035933+00:00, run_after=2023-12-20T21:24:18.035933+00:00
[2023-12-20T21:24:18.062+0000] {processor.py:179} INFO - Processing /home/airflow/.local/lib/python3.8/site-packages/airflow/example_dags/example_setup_teardown_taskflow.py took 0.084 seconds
[2023-12-20T21:24:48.312+0000] {processor.py:157} INFO - Started process (PID=1837) to work on /home/airflow/.local/lib/python3.8/site-packages/airflow/example_dags/example_setup_teardown_taskflow.py
[2023-12-20T21:24:48.313+0000] {processor.py:829} INFO - Processing file /home/airflow/.local/lib/python3.8/site-packages/airflow/example_dags/example_setup_teardown_taskflow.py for tasks to queue
[2023-12-20T21:24:48.315+0000] {logging_mixin.py:154} INFO - [2023-12-20T21:24:48.314+0000] {dagbag.py:536} INFO - Filling up the DagBag from /home/airflow/.local/lib/python3.8/site-packages/airflow/example_dags/example_setup_teardown_taskflow.py
[2023-12-20T21:24:48.321+0000] {processor.py:839} INFO - DAG(s) dict_keys(['example_setup_teardown_taskflow']) retrieved from /home/airflow/.local/lib/python3.8/site-packages/airflow/example_dags/example_setup_teardown_taskflow.py
[2023-12-20T21:24:48.339+0000] {logging_mixin.py:154} INFO - [2023-12-20T21:24:48.339+0000] {dag.py:2941} INFO - Sync 1 DAGs
[2023-12-20T21:24:48.358+0000] {logging_mixin.py:154} INFO - [2023-12-20T21:24:48.358+0000] {dag.py:3722} INFO - Setting next_dagrun for example_setup_teardown_taskflow to 2023-12-19T21:24:48.358521+00:00, run_after=2023-12-20T21:24:48.358521+00:00
[2023-12-20T21:24:48.378+0000] {processor.py:179} INFO - Processing /home/airflow/.local/lib/python3.8/site-packages/airflow/example_dags/example_setup_teardown_taskflow.py took 0.069 seconds
[2023-12-20T21:25:18.761+0000] {processor.py:157} INFO - Started process (PID=1893) to work on /home/airflow/.local/lib/python3.8/site-packages/airflow/example_dags/example_setup_teardown_taskflow.py
[2023-12-20T21:25:18.762+0000] {processor.py:829} INFO - Processing file /home/airflow/.local/lib/python3.8/site-packages/airflow/example_dags/example_setup_teardown_taskflow.py for tasks to queue
[2023-12-20T21:25:18.764+0000] {logging_mixin.py:154} INFO - [2023-12-20T21:25:18.764+0000] {dagbag.py:536} INFO - Filling up the DagBag from /home/airflow/.local/lib/python3.8/site-packages/airflow/example_dags/example_setup_teardown_taskflow.py
[2023-12-20T21:25:18.771+0000] {processor.py:839} INFO - DAG(s) dict_keys(['example_setup_teardown_taskflow']) retrieved from /home/airflow/.local/lib/python3.8/site-packages/airflow/example_dags/example_setup_teardown_taskflow.py
[2023-12-20T21:25:18.788+0000] {logging_mixin.py:154} INFO - [2023-12-20T21:25:18.788+0000] {dag.py:2941} INFO - Sync 1 DAGs
[2023-12-20T21:25:18.807+0000] {logging_mixin.py:154} INFO - [2023-12-20T21:25:18.806+0000] {dag.py:3722} INFO - Setting next_dagrun for example_setup_teardown_taskflow to 2023-12-19T21:25:18.806641+00:00, run_after=2023-12-20T21:25:18.806641+00:00
[2023-12-20T21:25:18.825+0000] {processor.py:179} INFO - Processing /home/airflow/.local/lib/python3.8/site-packages/airflow/example_dags/example_setup_teardown_taskflow.py took 0.066 seconds
[2023-12-20T21:25:49.083+0000] {processor.py:157} INFO - Started process (PID=1949) to work on /home/airflow/.local/lib/python3.8/site-packages/airflow/example_dags/example_setup_teardown_taskflow.py
[2023-12-20T21:25:49.084+0000] {processor.py:829} INFO - Processing file /home/airflow/.local/lib/python3.8/site-packages/airflow/example_dags/example_setup_teardown_taskflow.py for tasks to queue
[2023-12-20T21:25:49.086+0000] {logging_mixin.py:154} INFO - [2023-12-20T21:25:49.086+0000] {dagbag.py:536} INFO - Filling up the DagBag from /home/airflow/.local/lib/python3.8/site-packages/airflow/example_dags/example_setup_teardown_taskflow.py
[2023-12-20T21:25:49.095+0000] {processor.py:839} INFO - DAG(s) dict_keys(['example_setup_teardown_taskflow']) retrieved from /home/airflow/.local/lib/python3.8/site-packages/airflow/example_dags/example_setup_teardown_taskflow.py
[2023-12-20T21:25:49.113+0000] {logging_mixin.py:154} INFO - [2023-12-20T21:25:49.113+0000] {dag.py:2941} INFO - Sync 1 DAGs
[2023-12-20T21:25:49.134+0000] {logging_mixin.py:154} INFO - [2023-12-20T21:25:49.134+0000] {dag.py:3722} INFO - Setting next_dagrun for example_setup_teardown_taskflow to 2023-12-19T21:25:49.133850+00:00, run_after=2023-12-20T21:25:49.133850+00:00
[2023-12-20T21:25:49.153+0000] {processor.py:179} INFO - Processing /home/airflow/.local/lib/python3.8/site-packages/airflow/example_dags/example_setup_teardown_taskflow.py took 0.073 seconds
[2023-12-20T21:26:19.489+0000] {processor.py:157} INFO - Started process (PID=2005) to work on /home/airflow/.local/lib/python3.8/site-packages/airflow/example_dags/example_setup_teardown_taskflow.py
[2023-12-20T21:26:19.490+0000] {processor.py:829} INFO - Processing file /home/airflow/.local/lib/python3.8/site-packages/airflow/example_dags/example_setup_teardown_taskflow.py for tasks to queue
[2023-12-20T21:26:19.492+0000] {logging_mixin.py:154} INFO - [2023-12-20T21:26:19.491+0000] {dagbag.py:536} INFO - Filling up the DagBag from /home/airflow/.local/lib/python3.8/site-packages/airflow/example_dags/example_setup_teardown_taskflow.py
[2023-12-20T21:26:19.499+0000] {processor.py:839} INFO - DAG(s) dict_keys(['example_setup_teardown_taskflow']) retrieved from /home/airflow/.local/lib/python3.8/site-packages/airflow/example_dags/example_setup_teardown_taskflow.py
[2023-12-20T21:26:19.517+0000] {logging_mixin.py:154} INFO - [2023-12-20T21:26:19.517+0000] {dag.py:2941} INFO - Sync 1 DAGs
[2023-12-20T21:26:19.537+0000] {logging_mixin.py:154} INFO - [2023-12-20T21:26:19.537+0000] {dag.py:3722} INFO - Setting next_dagrun for example_setup_teardown_taskflow to 2023-12-19T21:26:19.537001+00:00, run_after=2023-12-20T21:26:19.537001+00:00
[2023-12-20T21:26:19.559+0000] {processor.py:179} INFO - Processing /home/airflow/.local/lib/python3.8/site-packages/airflow/example_dags/example_setup_teardown_taskflow.py took 0.072 seconds
