[2023-12-20T21:08:34.330+0000] {processor.py:157} INFO - Started process (PID=57) to work on /home/airflow/.local/lib/python3.8/site-packages/airflow/example_dags/example_setup_teardown.py
[2023-12-20T21:08:34.332+0000] {processor.py:829} INFO - Processing file /home/airflow/.local/lib/python3.8/site-packages/airflow/example_dags/example_setup_teardown.py for tasks to queue
[2023-12-20T21:08:34.334+0000] {logging_mixin.py:154} INFO - [2023-12-20T21:08:34.333+0000] {dagbag.py:536} INFO - Filling up the DagBag from /home/airflow/.local/lib/python3.8/site-packages/airflow/example_dags/example_setup_teardown.py
[2023-12-20T21:08:34.342+0000] {processor.py:839} INFO - DAG(s) dict_keys(['example_setup_teardown']) retrieved from /home/airflow/.local/lib/python3.8/site-packages/airflow/example_dags/example_setup_teardown.py
[2023-12-20T21:08:34.354+0000] {logging_mixin.py:154} INFO - [2023-12-20T21:08:34.354+0000] {dag.py:2941} INFO - Sync 1 DAGs
[2023-12-20T21:08:34.381+0000] {logging_mixin.py:154} INFO - [2023-12-20T21:08:34.381+0000] {dag.py:3722} INFO - Setting next_dagrun for example_setup_teardown to 2023-12-19T21:08:34.380807+00:00, run_after=2023-12-20T21:08:34.380807+00:00
[2023-12-20T21:08:34.407+0000] {processor.py:179} INFO - Processing /home/airflow/.local/lib/python3.8/site-packages/airflow/example_dags/example_setup_teardown.py took 0.079 seconds
[2023-12-20T21:09:04.720+0000] {processor.py:157} INFO - Started process (PID=113) to work on /home/airflow/.local/lib/python3.8/site-packages/airflow/example_dags/example_setup_teardown.py
[2023-12-20T21:09:04.721+0000] {processor.py:829} INFO - Processing file /home/airflow/.local/lib/python3.8/site-packages/airflow/example_dags/example_setup_teardown.py for tasks to queue
[2023-12-20T21:09:04.723+0000] {logging_mixin.py:154} INFO - [2023-12-20T21:09:04.723+0000] {dagbag.py:536} INFO - Filling up the DagBag from /home/airflow/.local/lib/python3.8/site-packages/airflow/example_dags/example_setup_teardown.py
[2023-12-20T21:09:04.728+0000] {processor.py:839} INFO - DAG(s) dict_keys(['example_setup_teardown']) retrieved from /home/airflow/.local/lib/python3.8/site-packages/airflow/example_dags/example_setup_teardown.py
[2023-12-20T21:09:04.745+0000] {logging_mixin.py:154} INFO - [2023-12-20T21:09:04.745+0000] {dag.py:2941} INFO - Sync 1 DAGs
[2023-12-20T21:09:04.765+0000] {logging_mixin.py:154} INFO - [2023-12-20T21:09:04.764+0000] {dag.py:3722} INFO - Setting next_dagrun for example_setup_teardown to 2023-12-19T21:09:04.764633+00:00, run_after=2023-12-20T21:09:04.764633+00:00
[2023-12-20T21:09:04.786+0000] {processor.py:179} INFO - Processing /home/airflow/.local/lib/python3.8/site-packages/airflow/example_dags/example_setup_teardown.py took 0.068 seconds
[2023-12-20T21:09:35.603+0000] {processor.py:157} INFO - Started process (PID=169) to work on /home/airflow/.local/lib/python3.8/site-packages/airflow/example_dags/example_setup_teardown.py
[2023-12-20T21:09:35.604+0000] {processor.py:829} INFO - Processing file /home/airflow/.local/lib/python3.8/site-packages/airflow/example_dags/example_setup_teardown.py for tasks to queue
[2023-12-20T21:09:35.606+0000] {logging_mixin.py:154} INFO - [2023-12-20T21:09:35.605+0000] {dagbag.py:536} INFO - Filling up the DagBag from /home/airflow/.local/lib/python3.8/site-packages/airflow/example_dags/example_setup_teardown.py
[2023-12-20T21:09:35.610+0000] {processor.py:839} INFO - DAG(s) dict_keys(['example_setup_teardown']) retrieved from /home/airflow/.local/lib/python3.8/site-packages/airflow/example_dags/example_setup_teardown.py
[2023-12-20T21:09:35.629+0000] {logging_mixin.py:154} INFO - [2023-12-20T21:09:35.628+0000] {dag.py:2941} INFO - Sync 1 DAGs
[2023-12-20T21:09:35.648+0000] {logging_mixin.py:154} INFO - [2023-12-20T21:09:35.648+0000] {dag.py:3722} INFO - Setting next_dagrun for example_setup_teardown to 2023-12-19T21:09:35.647866+00:00, run_after=2023-12-20T21:09:35.647866+00:00
[2023-12-20T21:09:35.668+0000] {processor.py:179} INFO - Processing /home/airflow/.local/lib/python3.8/site-packages/airflow/example_dags/example_setup_teardown.py took 0.068 seconds
[2023-12-20T21:10:06.062+0000] {processor.py:157} INFO - Started process (PID=225) to work on /home/airflow/.local/lib/python3.8/site-packages/airflow/example_dags/example_setup_teardown.py
[2023-12-20T21:10:06.063+0000] {processor.py:829} INFO - Processing file /home/airflow/.local/lib/python3.8/site-packages/airflow/example_dags/example_setup_teardown.py for tasks to queue
[2023-12-20T21:10:06.065+0000] {logging_mixin.py:154} INFO - [2023-12-20T21:10:06.065+0000] {dagbag.py:536} INFO - Filling up the DagBag from /home/airflow/.local/lib/python3.8/site-packages/airflow/example_dags/example_setup_teardown.py
[2023-12-20T21:10:06.071+0000] {processor.py:839} INFO - DAG(s) dict_keys(['example_setup_teardown']) retrieved from /home/airflow/.local/lib/python3.8/site-packages/airflow/example_dags/example_setup_teardown.py
[2023-12-20T21:10:06.088+0000] {logging_mixin.py:154} INFO - [2023-12-20T21:10:06.088+0000] {dag.py:2941} INFO - Sync 1 DAGs
[2023-12-20T21:10:06.106+0000] {logging_mixin.py:154} INFO - [2023-12-20T21:10:06.106+0000] {dag.py:3722} INFO - Setting next_dagrun for example_setup_teardown to 2023-12-19T21:10:06.106182+00:00, run_after=2023-12-20T21:10:06.106182+00:00
[2023-12-20T21:10:06.125+0000] {processor.py:179} INFO - Processing /home/airflow/.local/lib/python3.8/site-packages/airflow/example_dags/example_setup_teardown.py took 0.065 seconds
[2023-12-20T21:10:36.303+0000] {processor.py:157} INFO - Started process (PID=281) to work on /home/airflow/.local/lib/python3.8/site-packages/airflow/example_dags/example_setup_teardown.py
[2023-12-20T21:10:36.304+0000] {processor.py:829} INFO - Processing file /home/airflow/.local/lib/python3.8/site-packages/airflow/example_dags/example_setup_teardown.py for tasks to queue
[2023-12-20T21:10:36.305+0000] {logging_mixin.py:154} INFO - [2023-12-20T21:10:36.305+0000] {dagbag.py:536} INFO - Filling up the DagBag from /home/airflow/.local/lib/python3.8/site-packages/airflow/example_dags/example_setup_teardown.py
[2023-12-20T21:10:36.310+0000] {processor.py:839} INFO - DAG(s) dict_keys(['example_setup_teardown']) retrieved from /home/airflow/.local/lib/python3.8/site-packages/airflow/example_dags/example_setup_teardown.py
[2023-12-20T21:10:36.327+0000] {logging_mixin.py:154} INFO - [2023-12-20T21:10:36.327+0000] {dag.py:2941} INFO - Sync 1 DAGs
[2023-12-20T21:10:36.346+0000] {logging_mixin.py:154} INFO - [2023-12-20T21:10:36.346+0000] {dag.py:3722} INFO - Setting next_dagrun for example_setup_teardown to 2023-12-19T21:10:36.345991+00:00, run_after=2023-12-20T21:10:36.345991+00:00
[2023-12-20T21:10:36.363+0000] {processor.py:179} INFO - Processing /home/airflow/.local/lib/python3.8/site-packages/airflow/example_dags/example_setup_teardown.py took 0.063 seconds
[2023-12-20T21:11:06.468+0000] {processor.py:157} INFO - Started process (PID=337) to work on /home/airflow/.local/lib/python3.8/site-packages/airflow/example_dags/example_setup_teardown.py
[2023-12-20T21:11:06.468+0000] {processor.py:829} INFO - Processing file /home/airflow/.local/lib/python3.8/site-packages/airflow/example_dags/example_setup_teardown.py for tasks to queue
[2023-12-20T21:11:06.470+0000] {logging_mixin.py:154} INFO - [2023-12-20T21:11:06.470+0000] {dagbag.py:536} INFO - Filling up the DagBag from /home/airflow/.local/lib/python3.8/site-packages/airflow/example_dags/example_setup_teardown.py
[2023-12-20T21:11:06.475+0000] {processor.py:839} INFO - DAG(s) dict_keys(['example_setup_teardown']) retrieved from /home/airflow/.local/lib/python3.8/site-packages/airflow/example_dags/example_setup_teardown.py
[2023-12-20T21:11:06.494+0000] {logging_mixin.py:154} INFO - [2023-12-20T21:11:06.494+0000] {dag.py:2941} INFO - Sync 1 DAGs
[2023-12-20T21:11:06.514+0000] {logging_mixin.py:154} INFO - [2023-12-20T21:11:06.514+0000] {dag.py:3722} INFO - Setting next_dagrun for example_setup_teardown to 2023-12-19T21:11:06.514567+00:00, run_after=2023-12-20T21:11:06.514567+00:00
[2023-12-20T21:11:06.538+0000] {processor.py:179} INFO - Processing /home/airflow/.local/lib/python3.8/site-packages/airflow/example_dags/example_setup_teardown.py took 0.073 seconds
[2023-12-20T21:11:36.659+0000] {processor.py:157} INFO - Started process (PID=393) to work on /home/airflow/.local/lib/python3.8/site-packages/airflow/example_dags/example_setup_teardown.py
[2023-12-20T21:11:36.660+0000] {processor.py:829} INFO - Processing file /home/airflow/.local/lib/python3.8/site-packages/airflow/example_dags/example_setup_teardown.py for tasks to queue
[2023-12-20T21:11:36.662+0000] {logging_mixin.py:154} INFO - [2023-12-20T21:11:36.661+0000] {dagbag.py:536} INFO - Filling up the DagBag from /home/airflow/.local/lib/python3.8/site-packages/airflow/example_dags/example_setup_teardown.py
[2023-12-20T21:11:36.668+0000] {processor.py:839} INFO - DAG(s) dict_keys(['example_setup_teardown']) retrieved from /home/airflow/.local/lib/python3.8/site-packages/airflow/example_dags/example_setup_teardown.py
[2023-12-20T21:11:36.687+0000] {logging_mixin.py:154} INFO - [2023-12-20T21:11:36.687+0000] {dag.py:2941} INFO - Sync 1 DAGs
[2023-12-20T21:11:36.706+0000] {logging_mixin.py:154} INFO - [2023-12-20T21:11:36.706+0000] {dag.py:3722} INFO - Setting next_dagrun for example_setup_teardown to 2023-12-19T21:11:36.706075+00:00, run_after=2023-12-20T21:11:36.706075+00:00
[2023-12-20T21:11:36.726+0000] {processor.py:179} INFO - Processing /home/airflow/.local/lib/python3.8/site-packages/airflow/example_dags/example_setup_teardown.py took 0.069 seconds
[2023-12-20T21:12:07.229+0000] {processor.py:157} INFO - Started process (PID=449) to work on /home/airflow/.local/lib/python3.8/site-packages/airflow/example_dags/example_setup_teardown.py
[2023-12-20T21:12:07.230+0000] {processor.py:829} INFO - Processing file /home/airflow/.local/lib/python3.8/site-packages/airflow/example_dags/example_setup_teardown.py for tasks to queue
[2023-12-20T21:12:07.232+0000] {logging_mixin.py:154} INFO - [2023-12-20T21:12:07.232+0000] {dagbag.py:536} INFO - Filling up the DagBag from /home/airflow/.local/lib/python3.8/site-packages/airflow/example_dags/example_setup_teardown.py
[2023-12-20T21:12:07.238+0000] {processor.py:839} INFO - DAG(s) dict_keys(['example_setup_teardown']) retrieved from /home/airflow/.local/lib/python3.8/site-packages/airflow/example_dags/example_setup_teardown.py
[2023-12-20T21:12:07.258+0000] {logging_mixin.py:154} INFO - [2023-12-20T21:12:07.258+0000] {dag.py:2941} INFO - Sync 1 DAGs
[2023-12-20T21:12:07.278+0000] {logging_mixin.py:154} INFO - [2023-12-20T21:12:07.278+0000] {dag.py:3722} INFO - Setting next_dagrun for example_setup_teardown to 2023-12-19T21:12:07.278521+00:00, run_after=2023-12-20T21:12:07.278521+00:00
[2023-12-20T21:12:07.302+0000] {processor.py:179} INFO - Processing /home/airflow/.local/lib/python3.8/site-packages/airflow/example_dags/example_setup_teardown.py took 0.075 seconds
[2023-12-20T21:12:37.652+0000] {processor.py:157} INFO - Started process (PID=505) to work on /home/airflow/.local/lib/python3.8/site-packages/airflow/example_dags/example_setup_teardown.py
[2023-12-20T21:12:37.653+0000] {processor.py:829} INFO - Processing file /home/airflow/.local/lib/python3.8/site-packages/airflow/example_dags/example_setup_teardown.py for tasks to queue
[2023-12-20T21:12:37.655+0000] {logging_mixin.py:154} INFO - [2023-12-20T21:12:37.655+0000] {dagbag.py:536} INFO - Filling up the DagBag from /home/airflow/.local/lib/python3.8/site-packages/airflow/example_dags/example_setup_teardown.py
[2023-12-20T21:12:37.662+0000] {processor.py:839} INFO - DAG(s) dict_keys(['example_setup_teardown']) retrieved from /home/airflow/.local/lib/python3.8/site-packages/airflow/example_dags/example_setup_teardown.py
[2023-12-20T21:12:37.680+0000] {logging_mixin.py:154} INFO - [2023-12-20T21:12:37.680+0000] {dag.py:2941} INFO - Sync 1 DAGs
[2023-12-20T21:12:37.699+0000] {logging_mixin.py:154} INFO - [2023-12-20T21:12:37.699+0000] {dag.py:3722} INFO - Setting next_dagrun for example_setup_teardown to 2023-12-19T21:12:37.699391+00:00, run_after=2023-12-20T21:12:37.699391+00:00
[2023-12-20T21:12:37.720+0000] {processor.py:179} INFO - Processing /home/airflow/.local/lib/python3.8/site-packages/airflow/example_dags/example_setup_teardown.py took 0.070 seconds
[2023-12-20T21:13:07.886+0000] {processor.py:157} INFO - Started process (PID=561) to work on /home/airflow/.local/lib/python3.8/site-packages/airflow/example_dags/example_setup_teardown.py
[2023-12-20T21:13:07.887+0000] {processor.py:829} INFO - Processing file /home/airflow/.local/lib/python3.8/site-packages/airflow/example_dags/example_setup_teardown.py for tasks to queue
[2023-12-20T21:13:07.889+0000] {logging_mixin.py:154} INFO - [2023-12-20T21:13:07.888+0000] {dagbag.py:536} INFO - Filling up the DagBag from /home/airflow/.local/lib/python3.8/site-packages/airflow/example_dags/example_setup_teardown.py
[2023-12-20T21:13:07.893+0000] {processor.py:839} INFO - DAG(s) dict_keys(['example_setup_teardown']) retrieved from /home/airflow/.local/lib/python3.8/site-packages/airflow/example_dags/example_setup_teardown.py
[2023-12-20T21:13:07.911+0000] {logging_mixin.py:154} INFO - [2023-12-20T21:13:07.910+0000] {dag.py:2941} INFO - Sync 1 DAGs
[2023-12-20T21:13:07.929+0000] {logging_mixin.py:154} INFO - [2023-12-20T21:13:07.929+0000] {dag.py:3722} INFO - Setting next_dagrun for example_setup_teardown to 2023-12-19T21:13:07.929128+00:00, run_after=2023-12-20T21:13:07.929128+00:00
[2023-12-20T21:13:07.947+0000] {processor.py:179} INFO - Processing /home/airflow/.local/lib/python3.8/site-packages/airflow/example_dags/example_setup_teardown.py took 0.063 seconds
[2023-12-20T21:13:38.817+0000] {processor.py:157} INFO - Started process (PID=617) to work on /home/airflow/.local/lib/python3.8/site-packages/airflow/example_dags/example_setup_teardown.py
[2023-12-20T21:13:38.818+0000] {processor.py:829} INFO - Processing file /home/airflow/.local/lib/python3.8/site-packages/airflow/example_dags/example_setup_teardown.py for tasks to queue
[2023-12-20T21:13:38.820+0000] {logging_mixin.py:154} INFO - [2023-12-20T21:13:38.820+0000] {dagbag.py:536} INFO - Filling up the DagBag from /home/airflow/.local/lib/python3.8/site-packages/airflow/example_dags/example_setup_teardown.py
[2023-12-20T21:13:38.825+0000] {processor.py:839} INFO - DAG(s) dict_keys(['example_setup_teardown']) retrieved from /home/airflow/.local/lib/python3.8/site-packages/airflow/example_dags/example_setup_teardown.py
[2023-12-20T21:13:38.841+0000] {logging_mixin.py:154} INFO - [2023-12-20T21:13:38.841+0000] {dag.py:2941} INFO - Sync 1 DAGs
[2023-12-20T21:13:38.859+0000] {logging_mixin.py:154} INFO - [2023-12-20T21:13:38.859+0000] {dag.py:3722} INFO - Setting next_dagrun for example_setup_teardown to 2023-12-19T21:13:38.859177+00:00, run_after=2023-12-20T21:13:38.859177+00:00
[2023-12-20T21:13:38.878+0000] {processor.py:179} INFO - Processing /home/airflow/.local/lib/python3.8/site-packages/airflow/example_dags/example_setup_teardown.py took 0.063 seconds
[2023-12-20T21:14:09.060+0000] {processor.py:157} INFO - Started process (PID=673) to work on /home/airflow/.local/lib/python3.8/site-packages/airflow/example_dags/example_setup_teardown.py
[2023-12-20T21:14:09.061+0000] {processor.py:829} INFO - Processing file /home/airflow/.local/lib/python3.8/site-packages/airflow/example_dags/example_setup_teardown.py for tasks to queue
[2023-12-20T21:14:09.063+0000] {logging_mixin.py:154} INFO - [2023-12-20T21:14:09.062+0000] {dagbag.py:536} INFO - Filling up the DagBag from /home/airflow/.local/lib/python3.8/site-packages/airflow/example_dags/example_setup_teardown.py
[2023-12-20T21:14:09.067+0000] {processor.py:839} INFO - DAG(s) dict_keys(['example_setup_teardown']) retrieved from /home/airflow/.local/lib/python3.8/site-packages/airflow/example_dags/example_setup_teardown.py
[2023-12-20T21:14:09.085+0000] {logging_mixin.py:154} INFO - [2023-12-20T21:14:09.085+0000] {dag.py:2941} INFO - Sync 1 DAGs
[2023-12-20T21:14:09.103+0000] {logging_mixin.py:154} INFO - [2023-12-20T21:14:09.103+0000] {dag.py:3722} INFO - Setting next_dagrun for example_setup_teardown to 2023-12-19T21:14:09.103537+00:00, run_after=2023-12-20T21:14:09.103537+00:00
[2023-12-20T21:14:09.121+0000] {processor.py:179} INFO - Processing /home/airflow/.local/lib/python3.8/site-packages/airflow/example_dags/example_setup_teardown.py took 0.063 seconds
[2023-12-20T21:14:40.090+0000] {processor.py:157} INFO - Started process (PID=729) to work on /home/airflow/.local/lib/python3.8/site-packages/airflow/example_dags/example_setup_teardown.py
[2023-12-20T21:14:40.091+0000] {processor.py:829} INFO - Processing file /home/airflow/.local/lib/python3.8/site-packages/airflow/example_dags/example_setup_teardown.py for tasks to queue
[2023-12-20T21:14:40.093+0000] {logging_mixin.py:154} INFO - [2023-12-20T21:14:40.093+0000] {dagbag.py:536} INFO - Filling up the DagBag from /home/airflow/.local/lib/python3.8/site-packages/airflow/example_dags/example_setup_teardown.py
[2023-12-20T21:14:40.098+0000] {processor.py:839} INFO - DAG(s) dict_keys(['example_setup_teardown']) retrieved from /home/airflow/.local/lib/python3.8/site-packages/airflow/example_dags/example_setup_teardown.py
[2023-12-20T21:14:40.114+0000] {logging_mixin.py:154} INFO - [2023-12-20T21:14:40.114+0000] {dag.py:2941} INFO - Sync 1 DAGs
[2023-12-20T21:14:40.131+0000] {logging_mixin.py:154} INFO - [2023-12-20T21:14:40.131+0000] {dag.py:3722} INFO - Setting next_dagrun for example_setup_teardown to 2023-12-19T21:14:40.131143+00:00, run_after=2023-12-20T21:14:40.131143+00:00
[2023-12-20T21:14:40.148+0000] {processor.py:179} INFO - Processing /home/airflow/.local/lib/python3.8/site-packages/airflow/example_dags/example_setup_teardown.py took 0.060 seconds
[2023-12-20T21:15:10.568+0000] {processor.py:157} INFO - Started process (PID=785) to work on /home/airflow/.local/lib/python3.8/site-packages/airflow/example_dags/example_setup_teardown.py
[2023-12-20T21:15:10.569+0000] {processor.py:829} INFO - Processing file /home/airflow/.local/lib/python3.8/site-packages/airflow/example_dags/example_setup_teardown.py for tasks to queue
[2023-12-20T21:15:10.571+0000] {logging_mixin.py:154} INFO - [2023-12-20T21:15:10.571+0000] {dagbag.py:536} INFO - Filling up the DagBag from /home/airflow/.local/lib/python3.8/site-packages/airflow/example_dags/example_setup_teardown.py
[2023-12-20T21:15:10.576+0000] {processor.py:839} INFO - DAG(s) dict_keys(['example_setup_teardown']) retrieved from /home/airflow/.local/lib/python3.8/site-packages/airflow/example_dags/example_setup_teardown.py
[2023-12-20T21:15:10.593+0000] {logging_mixin.py:154} INFO - [2023-12-20T21:15:10.593+0000] {dag.py:2941} INFO - Sync 1 DAGs
[2023-12-20T21:15:10.612+0000] {logging_mixin.py:154} INFO - [2023-12-20T21:15:10.612+0000] {dag.py:3722} INFO - Setting next_dagrun for example_setup_teardown to 2023-12-19T21:15:10.611939+00:00, run_after=2023-12-20T21:15:10.611939+00:00
[2023-12-20T21:15:10.634+0000] {processor.py:179} INFO - Processing /home/airflow/.local/lib/python3.8/site-packages/airflow/example_dags/example_setup_teardown.py took 0.067 seconds
[2023-12-20T21:15:41.196+0000] {processor.py:157} INFO - Started process (PID=841) to work on /home/airflow/.local/lib/python3.8/site-packages/airflow/example_dags/example_setup_teardown.py
[2023-12-20T21:15:41.197+0000] {processor.py:829} INFO - Processing file /home/airflow/.local/lib/python3.8/site-packages/airflow/example_dags/example_setup_teardown.py for tasks to queue
[2023-12-20T21:15:41.199+0000] {logging_mixin.py:154} INFO - [2023-12-20T21:15:41.199+0000] {dagbag.py:536} INFO - Filling up the DagBag from /home/airflow/.local/lib/python3.8/site-packages/airflow/example_dags/example_setup_teardown.py
[2023-12-20T21:15:41.203+0000] {processor.py:839} INFO - DAG(s) dict_keys(['example_setup_teardown']) retrieved from /home/airflow/.local/lib/python3.8/site-packages/airflow/example_dags/example_setup_teardown.py
[2023-12-20T21:15:41.220+0000] {logging_mixin.py:154} INFO - [2023-12-20T21:15:41.219+0000] {dag.py:2941} INFO - Sync 1 DAGs
[2023-12-20T21:15:41.238+0000] {logging_mixin.py:154} INFO - [2023-12-20T21:15:41.237+0000] {dag.py:3722} INFO - Setting next_dagrun for example_setup_teardown to 2023-12-19T21:15:41.237814+00:00, run_after=2023-12-20T21:15:41.237814+00:00
[2023-12-20T21:15:41.256+0000] {processor.py:179} INFO - Processing /home/airflow/.local/lib/python3.8/site-packages/airflow/example_dags/example_setup_teardown.py took 0.062 seconds
[2023-12-20T21:16:11.671+0000] {processor.py:157} INFO - Started process (PID=897) to work on /home/airflow/.local/lib/python3.8/site-packages/airflow/example_dags/example_setup_teardown.py
[2023-12-20T21:16:11.672+0000] {processor.py:829} INFO - Processing file /home/airflow/.local/lib/python3.8/site-packages/airflow/example_dags/example_setup_teardown.py for tasks to queue
[2023-12-20T21:16:11.674+0000] {logging_mixin.py:154} INFO - [2023-12-20T21:16:11.674+0000] {dagbag.py:536} INFO - Filling up the DagBag from /home/airflow/.local/lib/python3.8/site-packages/airflow/example_dags/example_setup_teardown.py
[2023-12-20T21:16:11.680+0000] {processor.py:839} INFO - DAG(s) dict_keys(['example_setup_teardown']) retrieved from /home/airflow/.local/lib/python3.8/site-packages/airflow/example_dags/example_setup_teardown.py
[2023-12-20T21:16:11.699+0000] {logging_mixin.py:154} INFO - [2023-12-20T21:16:11.699+0000] {dag.py:2941} INFO - Sync 1 DAGs
[2023-12-20T21:16:11.719+0000] {logging_mixin.py:154} INFO - [2023-12-20T21:16:11.719+0000] {dag.py:3722} INFO - Setting next_dagrun for example_setup_teardown to 2023-12-19T21:16:11.718972+00:00, run_after=2023-12-20T21:16:11.718972+00:00
[2023-12-20T21:16:11.741+0000] {processor.py:179} INFO - Processing /home/airflow/.local/lib/python3.8/site-packages/airflow/example_dags/example_setup_teardown.py took 0.072 seconds
[2023-12-20T21:16:42.853+0000] {processor.py:157} INFO - Started process (PID=953) to work on /home/airflow/.local/lib/python3.8/site-packages/airflow/example_dags/example_setup_teardown.py
[2023-12-20T21:16:42.854+0000] {processor.py:829} INFO - Processing file /home/airflow/.local/lib/python3.8/site-packages/airflow/example_dags/example_setup_teardown.py for tasks to queue
[2023-12-20T21:16:42.856+0000] {logging_mixin.py:154} INFO - [2023-12-20T21:16:42.855+0000] {dagbag.py:536} INFO - Filling up the DagBag from /home/airflow/.local/lib/python3.8/site-packages/airflow/example_dags/example_setup_teardown.py
[2023-12-20T21:16:42.861+0000] {processor.py:839} INFO - DAG(s) dict_keys(['example_setup_teardown']) retrieved from /home/airflow/.local/lib/python3.8/site-packages/airflow/example_dags/example_setup_teardown.py
[2023-12-20T21:16:42.878+0000] {logging_mixin.py:154} INFO - [2023-12-20T21:16:42.878+0000] {dag.py:2941} INFO - Sync 1 DAGs
[2023-12-20T21:16:42.896+0000] {logging_mixin.py:154} INFO - [2023-12-20T21:16:42.896+0000] {dag.py:3722} INFO - Setting next_dagrun for example_setup_teardown to 2023-12-19T21:16:42.896198+00:00, run_after=2023-12-20T21:16:42.896198+00:00
[2023-12-20T21:16:42.916+0000] {processor.py:179} INFO - Processing /home/airflow/.local/lib/python3.8/site-packages/airflow/example_dags/example_setup_teardown.py took 0.065 seconds
[2023-12-20T21:17:13.686+0000] {processor.py:157} INFO - Started process (PID=1009) to work on /home/airflow/.local/lib/python3.8/site-packages/airflow/example_dags/example_setup_teardown.py
[2023-12-20T21:17:13.687+0000] {processor.py:829} INFO - Processing file /home/airflow/.local/lib/python3.8/site-packages/airflow/example_dags/example_setup_teardown.py for tasks to queue
[2023-12-20T21:17:13.689+0000] {logging_mixin.py:154} INFO - [2023-12-20T21:17:13.689+0000] {dagbag.py:536} INFO - Filling up the DagBag from /home/airflow/.local/lib/python3.8/site-packages/airflow/example_dags/example_setup_teardown.py
[2023-12-20T21:17:13.694+0000] {processor.py:839} INFO - DAG(s) dict_keys(['example_setup_teardown']) retrieved from /home/airflow/.local/lib/python3.8/site-packages/airflow/example_dags/example_setup_teardown.py
[2023-12-20T21:17:13.714+0000] {logging_mixin.py:154} INFO - [2023-12-20T21:17:13.713+0000] {dag.py:2941} INFO - Sync 1 DAGs
[2023-12-20T21:17:13.735+0000] {logging_mixin.py:154} INFO - [2023-12-20T21:17:13.735+0000] {dag.py:3722} INFO - Setting next_dagrun for example_setup_teardown to 2023-12-19T21:17:13.735011+00:00, run_after=2023-12-20T21:17:13.735011+00:00
[2023-12-20T21:17:13.887+0000] {processor.py:179} INFO - Processing /home/airflow/.local/lib/python3.8/site-packages/airflow/example_dags/example_setup_teardown.py took 0.202 seconds
[2023-12-20T21:17:43.990+0000] {processor.py:157} INFO - Started process (PID=1066) to work on /home/airflow/.local/lib/python3.8/site-packages/airflow/example_dags/example_setup_teardown.py
[2023-12-20T21:17:43.990+0000] {processor.py:829} INFO - Processing file /home/airflow/.local/lib/python3.8/site-packages/airflow/example_dags/example_setup_teardown.py for tasks to queue
[2023-12-20T21:17:43.992+0000] {logging_mixin.py:154} INFO - [2023-12-20T21:17:43.992+0000] {dagbag.py:536} INFO - Filling up the DagBag from /home/airflow/.local/lib/python3.8/site-packages/airflow/example_dags/example_setup_teardown.py
[2023-12-20T21:17:43.997+0000] {processor.py:839} INFO - DAG(s) dict_keys(['example_setup_teardown']) retrieved from /home/airflow/.local/lib/python3.8/site-packages/airflow/example_dags/example_setup_teardown.py
[2023-12-20T21:17:44.014+0000] {logging_mixin.py:154} INFO - [2023-12-20T21:17:44.014+0000] {dag.py:2941} INFO - Sync 1 DAGs
[2023-12-20T21:17:44.034+0000] {logging_mixin.py:154} INFO - [2023-12-20T21:17:44.033+0000] {dag.py:3722} INFO - Setting next_dagrun for example_setup_teardown to 2023-12-19T21:17:44.033631+00:00, run_after=2023-12-20T21:17:44.033631+00:00
[2023-12-20T21:17:44.058+0000] {processor.py:179} INFO - Processing /home/airflow/.local/lib/python3.8/site-packages/airflow/example_dags/example_setup_teardown.py took 0.070 seconds
[2023-12-20T21:18:14.355+0000] {processor.py:157} INFO - Started process (PID=1122) to work on /home/airflow/.local/lib/python3.8/site-packages/airflow/example_dags/example_setup_teardown.py
[2023-12-20T21:18:14.356+0000] {processor.py:829} INFO - Processing file /home/airflow/.local/lib/python3.8/site-packages/airflow/example_dags/example_setup_teardown.py for tasks to queue
[2023-12-20T21:18:14.358+0000] {logging_mixin.py:154} INFO - [2023-12-20T21:18:14.358+0000] {dagbag.py:536} INFO - Filling up the DagBag from /home/airflow/.local/lib/python3.8/site-packages/airflow/example_dags/example_setup_teardown.py
[2023-12-20T21:18:14.363+0000] {processor.py:839} INFO - DAG(s) dict_keys(['example_setup_teardown']) retrieved from /home/airflow/.local/lib/python3.8/site-packages/airflow/example_dags/example_setup_teardown.py
[2023-12-20T21:18:14.381+0000] {logging_mixin.py:154} INFO - [2023-12-20T21:18:14.381+0000] {dag.py:2941} INFO - Sync 1 DAGs
[2023-12-20T21:18:14.401+0000] {logging_mixin.py:154} INFO - [2023-12-20T21:18:14.401+0000] {dag.py:3722} INFO - Setting next_dagrun for example_setup_teardown to 2023-12-19T21:18:14.401447+00:00, run_after=2023-12-20T21:18:14.401447+00:00
[2023-12-20T21:18:14.423+0000] {processor.py:179} INFO - Processing /home/airflow/.local/lib/python3.8/site-packages/airflow/example_dags/example_setup_teardown.py took 0.070 seconds
[2023-12-20T21:18:44.677+0000] {processor.py:157} INFO - Started process (PID=1177) to work on /home/airflow/.local/lib/python3.8/site-packages/airflow/example_dags/example_setup_teardown.py
[2023-12-20T21:18:44.678+0000] {processor.py:829} INFO - Processing file /home/airflow/.local/lib/python3.8/site-packages/airflow/example_dags/example_setup_teardown.py for tasks to queue
[2023-12-20T21:18:44.680+0000] {logging_mixin.py:154} INFO - [2023-12-20T21:18:44.680+0000] {dagbag.py:536} INFO - Filling up the DagBag from /home/airflow/.local/lib/python3.8/site-packages/airflow/example_dags/example_setup_teardown.py
[2023-12-20T21:18:44.685+0000] {processor.py:839} INFO - DAG(s) dict_keys(['example_setup_teardown']) retrieved from /home/airflow/.local/lib/python3.8/site-packages/airflow/example_dags/example_setup_teardown.py
[2023-12-20T21:18:44.705+0000] {logging_mixin.py:154} INFO - [2023-12-20T21:18:44.705+0000] {dag.py:2941} INFO - Sync 1 DAGs
[2023-12-20T21:18:44.724+0000] {logging_mixin.py:154} INFO - [2023-12-20T21:18:44.724+0000] {dag.py:3722} INFO - Setting next_dagrun for example_setup_teardown to 2023-12-19T21:18:44.723998+00:00, run_after=2023-12-20T21:18:44.723998+00:00
[2023-12-20T21:18:44.742+0000] {processor.py:179} INFO - Processing /home/airflow/.local/lib/python3.8/site-packages/airflow/example_dags/example_setup_teardown.py took 0.068 seconds
[2023-12-20T21:19:15.568+0000] {processor.py:157} INFO - Started process (PID=1233) to work on /home/airflow/.local/lib/python3.8/site-packages/airflow/example_dags/example_setup_teardown.py
[2023-12-20T21:19:15.569+0000] {processor.py:829} INFO - Processing file /home/airflow/.local/lib/python3.8/site-packages/airflow/example_dags/example_setup_teardown.py for tasks to queue
[2023-12-20T21:19:15.571+0000] {logging_mixin.py:154} INFO - [2023-12-20T21:19:15.571+0000] {dagbag.py:536} INFO - Filling up the DagBag from /home/airflow/.local/lib/python3.8/site-packages/airflow/example_dags/example_setup_teardown.py
[2023-12-20T21:19:15.576+0000] {processor.py:839} INFO - DAG(s) dict_keys(['example_setup_teardown']) retrieved from /home/airflow/.local/lib/python3.8/site-packages/airflow/example_dags/example_setup_teardown.py
[2023-12-20T21:19:15.593+0000] {logging_mixin.py:154} INFO - [2023-12-20T21:19:15.593+0000] {dag.py:2941} INFO - Sync 1 DAGs
[2023-12-20T21:19:15.739+0000] {logging_mixin.py:154} INFO - [2023-12-20T21:19:15.739+0000] {dag.py:3722} INFO - Setting next_dagrun for example_setup_teardown to 2023-12-19T21:19:15.738837+00:00, run_after=2023-12-20T21:19:15.738837+00:00
[2023-12-20T21:19:15.763+0000] {processor.py:179} INFO - Processing /home/airflow/.local/lib/python3.8/site-packages/airflow/example_dags/example_setup_teardown.py took 0.198 seconds
[2023-12-20T21:19:46.152+0000] {processor.py:157} INFO - Started process (PID=1289) to work on /home/airflow/.local/lib/python3.8/site-packages/airflow/example_dags/example_setup_teardown.py
[2023-12-20T21:19:46.153+0000] {processor.py:829} INFO - Processing file /home/airflow/.local/lib/python3.8/site-packages/airflow/example_dags/example_setup_teardown.py for tasks to queue
[2023-12-20T21:19:46.155+0000] {logging_mixin.py:154} INFO - [2023-12-20T21:19:46.155+0000] {dagbag.py:536} INFO - Filling up the DagBag from /home/airflow/.local/lib/python3.8/site-packages/airflow/example_dags/example_setup_teardown.py
[2023-12-20T21:19:46.161+0000] {processor.py:839} INFO - DAG(s) dict_keys(['example_setup_teardown']) retrieved from /home/airflow/.local/lib/python3.8/site-packages/airflow/example_dags/example_setup_teardown.py
[2023-12-20T21:19:46.179+0000] {logging_mixin.py:154} INFO - [2023-12-20T21:19:46.178+0000] {dag.py:2941} INFO - Sync 1 DAGs
[2023-12-20T21:19:46.198+0000] {logging_mixin.py:154} INFO - [2023-12-20T21:19:46.198+0000] {dag.py:3722} INFO - Setting next_dagrun for example_setup_teardown to 2023-12-19T21:19:46.197818+00:00, run_after=2023-12-20T21:19:46.197818+00:00
[2023-12-20T21:19:46.219+0000] {processor.py:179} INFO - Processing /home/airflow/.local/lib/python3.8/site-packages/airflow/example_dags/example_setup_teardown.py took 0.070 seconds
[2023-12-20T21:20:16.500+0000] {processor.py:157} INFO - Started process (PID=1345) to work on /home/airflow/.local/lib/python3.8/site-packages/airflow/example_dags/example_setup_teardown.py
[2023-12-20T21:20:16.501+0000] {processor.py:829} INFO - Processing file /home/airflow/.local/lib/python3.8/site-packages/airflow/example_dags/example_setup_teardown.py for tasks to queue
[2023-12-20T21:20:16.502+0000] {logging_mixin.py:154} INFO - [2023-12-20T21:20:16.502+0000] {dagbag.py:536} INFO - Filling up the DagBag from /home/airflow/.local/lib/python3.8/site-packages/airflow/example_dags/example_setup_teardown.py
[2023-12-20T21:20:16.508+0000] {processor.py:839} INFO - DAG(s) dict_keys(['example_setup_teardown']) retrieved from /home/airflow/.local/lib/python3.8/site-packages/airflow/example_dags/example_setup_teardown.py
[2023-12-20T21:20:16.527+0000] {logging_mixin.py:154} INFO - [2023-12-20T21:20:16.526+0000] {dag.py:2941} INFO - Sync 1 DAGs
[2023-12-20T21:20:16.545+0000] {logging_mixin.py:154} INFO - [2023-12-20T21:20:16.545+0000] {dag.py:3722} INFO - Setting next_dagrun for example_setup_teardown to 2023-12-19T21:20:16.545454+00:00, run_after=2023-12-20T21:20:16.545454+00:00
[2023-12-20T21:20:16.565+0000] {processor.py:179} INFO - Processing /home/airflow/.local/lib/python3.8/site-packages/airflow/example_dags/example_setup_teardown.py took 0.067 seconds
[2023-12-20T21:20:47.124+0000] {processor.py:157} INFO - Started process (PID=1401) to work on /home/airflow/.local/lib/python3.8/site-packages/airflow/example_dags/example_setup_teardown.py
[2023-12-20T21:20:47.125+0000] {processor.py:829} INFO - Processing file /home/airflow/.local/lib/python3.8/site-packages/airflow/example_dags/example_setup_teardown.py for tasks to queue
[2023-12-20T21:20:47.127+0000] {logging_mixin.py:154} INFO - [2023-12-20T21:20:47.127+0000] {dagbag.py:536} INFO - Filling up the DagBag from /home/airflow/.local/lib/python3.8/site-packages/airflow/example_dags/example_setup_teardown.py
[2023-12-20T21:20:47.132+0000] {processor.py:839} INFO - DAG(s) dict_keys(['example_setup_teardown']) retrieved from /home/airflow/.local/lib/python3.8/site-packages/airflow/example_dags/example_setup_teardown.py
[2023-12-20T21:20:47.149+0000] {logging_mixin.py:154} INFO - [2023-12-20T21:20:47.149+0000] {dag.py:2941} INFO - Sync 1 DAGs
[2023-12-20T21:20:47.175+0000] {logging_mixin.py:154} INFO - [2023-12-20T21:20:47.174+0000] {dag.py:3722} INFO - Setting next_dagrun for example_setup_teardown to 2023-12-19T21:20:47.174685+00:00, run_after=2023-12-20T21:20:47.174685+00:00
[2023-12-20T21:20:47.200+0000] {processor.py:179} INFO - Processing /home/airflow/.local/lib/python3.8/site-packages/airflow/example_dags/example_setup_teardown.py took 0.078 seconds
[2023-12-20T21:21:17.991+0000] {processor.py:157} INFO - Started process (PID=1457) to work on /home/airflow/.local/lib/python3.8/site-packages/airflow/example_dags/example_setup_teardown.py
[2023-12-20T21:21:17.992+0000] {processor.py:829} INFO - Processing file /home/airflow/.local/lib/python3.8/site-packages/airflow/example_dags/example_setup_teardown.py for tasks to queue
[2023-12-20T21:21:17.995+0000] {logging_mixin.py:154} INFO - [2023-12-20T21:21:17.995+0000] {dagbag.py:536} INFO - Filling up the DagBag from /home/airflow/.local/lib/python3.8/site-packages/airflow/example_dags/example_setup_teardown.py
[2023-12-20T21:21:18.001+0000] {processor.py:839} INFO - DAG(s) dict_keys(['example_setup_teardown']) retrieved from /home/airflow/.local/lib/python3.8/site-packages/airflow/example_dags/example_setup_teardown.py
[2023-12-20T21:21:18.018+0000] {logging_mixin.py:154} INFO - [2023-12-20T21:21:18.018+0000] {dag.py:2941} INFO - Sync 1 DAGs
[2023-12-20T21:21:18.172+0000] {logging_mixin.py:154} INFO - [2023-12-20T21:21:18.171+0000] {dag.py:3722} INFO - Setting next_dagrun for example_setup_teardown to 2023-12-19T21:21:18.171769+00:00, run_after=2023-12-20T21:21:18.171769+00:00
[2023-12-20T21:21:18.192+0000] {processor.py:179} INFO - Processing /home/airflow/.local/lib/python3.8/site-packages/airflow/example_dags/example_setup_teardown.py took 0.202 seconds
[2023-12-20T21:21:48.795+0000] {processor.py:157} INFO - Started process (PID=1513) to work on /home/airflow/.local/lib/python3.8/site-packages/airflow/example_dags/example_setup_teardown.py
[2023-12-20T21:21:48.796+0000] {processor.py:829} INFO - Processing file /home/airflow/.local/lib/python3.8/site-packages/airflow/example_dags/example_setup_teardown.py for tasks to queue
[2023-12-20T21:21:48.798+0000] {logging_mixin.py:154} INFO - [2023-12-20T21:21:48.798+0000] {dagbag.py:536} INFO - Filling up the DagBag from /home/airflow/.local/lib/python3.8/site-packages/airflow/example_dags/example_setup_teardown.py
[2023-12-20T21:21:48.804+0000] {processor.py:839} INFO - DAG(s) dict_keys(['example_setup_teardown']) retrieved from /home/airflow/.local/lib/python3.8/site-packages/airflow/example_dags/example_setup_teardown.py
[2023-12-20T21:21:48.821+0000] {logging_mixin.py:154} INFO - [2023-12-20T21:21:48.821+0000] {dag.py:2941} INFO - Sync 1 DAGs
[2023-12-20T21:21:48.841+0000] {logging_mixin.py:154} INFO - [2023-12-20T21:21:48.841+0000] {dag.py:3722} INFO - Setting next_dagrun for example_setup_teardown to 2023-12-19T21:21:48.841603+00:00, run_after=2023-12-20T21:21:48.841603+00:00
[2023-12-20T21:21:48.861+0000] {processor.py:179} INFO - Processing /home/airflow/.local/lib/python3.8/site-packages/airflow/example_dags/example_setup_teardown.py took 0.069 seconds
[2023-12-20T21:22:19.165+0000] {processor.py:157} INFO - Started process (PID=1569) to work on /home/airflow/.local/lib/python3.8/site-packages/airflow/example_dags/example_setup_teardown.py
[2023-12-20T21:22:19.166+0000] {processor.py:829} INFO - Processing file /home/airflow/.local/lib/python3.8/site-packages/airflow/example_dags/example_setup_teardown.py for tasks to queue
[2023-12-20T21:22:19.168+0000] {logging_mixin.py:154} INFO - [2023-12-20T21:22:19.168+0000] {dagbag.py:536} INFO - Filling up the DagBag from /home/airflow/.local/lib/python3.8/site-packages/airflow/example_dags/example_setup_teardown.py
[2023-12-20T21:22:19.178+0000] {processor.py:839} INFO - DAG(s) dict_keys(['example_setup_teardown']) retrieved from /home/airflow/.local/lib/python3.8/site-packages/airflow/example_dags/example_setup_teardown.py
[2023-12-20T21:22:19.200+0000] {logging_mixin.py:154} INFO - [2023-12-20T21:22:19.200+0000] {dag.py:2941} INFO - Sync 1 DAGs
[2023-12-20T21:22:19.219+0000] {logging_mixin.py:154} INFO - [2023-12-20T21:22:19.219+0000] {dag.py:3722} INFO - Setting next_dagrun for example_setup_teardown to 2023-12-19T21:22:19.219420+00:00, run_after=2023-12-20T21:22:19.219420+00:00
[2023-12-20T21:22:19.244+0000] {processor.py:179} INFO - Processing /home/airflow/.local/lib/python3.8/site-packages/airflow/example_dags/example_setup_teardown.py took 0.081 seconds
[2023-12-20T21:22:49.534+0000] {processor.py:157} INFO - Started process (PID=1625) to work on /home/airflow/.local/lib/python3.8/site-packages/airflow/example_dags/example_setup_teardown.py
[2023-12-20T21:22:49.534+0000] {processor.py:829} INFO - Processing file /home/airflow/.local/lib/python3.8/site-packages/airflow/example_dags/example_setup_teardown.py for tasks to queue
[2023-12-20T21:22:49.536+0000] {logging_mixin.py:154} INFO - [2023-12-20T21:22:49.536+0000] {dagbag.py:536} INFO - Filling up the DagBag from /home/airflow/.local/lib/python3.8/site-packages/airflow/example_dags/example_setup_teardown.py
[2023-12-20T21:22:49.542+0000] {processor.py:839} INFO - DAG(s) dict_keys(['example_setup_teardown']) retrieved from /home/airflow/.local/lib/python3.8/site-packages/airflow/example_dags/example_setup_teardown.py
[2023-12-20T21:22:49.559+0000] {logging_mixin.py:154} INFO - [2023-12-20T21:22:49.559+0000] {dag.py:2941} INFO - Sync 1 DAGs
[2023-12-20T21:22:49.580+0000] {logging_mixin.py:154} INFO - [2023-12-20T21:22:49.579+0000] {dag.py:3722} INFO - Setting next_dagrun for example_setup_teardown to 2023-12-19T21:22:49.579641+00:00, run_after=2023-12-20T21:22:49.579641+00:00
[2023-12-20T21:22:49.599+0000] {processor.py:179} INFO - Processing /home/airflow/.local/lib/python3.8/site-packages/airflow/example_dags/example_setup_teardown.py took 0.068 seconds
[2023-12-20T21:23:19.880+0000] {processor.py:157} INFO - Started process (PID=1681) to work on /home/airflow/.local/lib/python3.8/site-packages/airflow/example_dags/example_setup_teardown.py
[2023-12-20T21:23:19.881+0000] {processor.py:829} INFO - Processing file /home/airflow/.local/lib/python3.8/site-packages/airflow/example_dags/example_setup_teardown.py for tasks to queue
[2023-12-20T21:23:19.884+0000] {logging_mixin.py:154} INFO - [2023-12-20T21:23:19.883+0000] {dagbag.py:536} INFO - Filling up the DagBag from /home/airflow/.local/lib/python3.8/site-packages/airflow/example_dags/example_setup_teardown.py
[2023-12-20T21:23:19.889+0000] {processor.py:839} INFO - DAG(s) dict_keys(['example_setup_teardown']) retrieved from /home/airflow/.local/lib/python3.8/site-packages/airflow/example_dags/example_setup_teardown.py
[2023-12-20T21:23:19.908+0000] {logging_mixin.py:154} INFO - [2023-12-20T21:23:19.908+0000] {dag.py:2941} INFO - Sync 1 DAGs
[2023-12-20T21:23:19.930+0000] {logging_mixin.py:154} INFO - [2023-12-20T21:23:19.929+0000] {dag.py:3722} INFO - Setting next_dagrun for example_setup_teardown to 2023-12-19T21:23:19.929751+00:00, run_after=2023-12-20T21:23:19.929751+00:00
[2023-12-20T21:23:19.952+0000] {processor.py:179} INFO - Processing /home/airflow/.local/lib/python3.8/site-packages/airflow/example_dags/example_setup_teardown.py took 0.074 seconds
[2023-12-20T21:23:50.178+0000] {processor.py:157} INFO - Started process (PID=1737) to work on /home/airflow/.local/lib/python3.8/site-packages/airflow/example_dags/example_setup_teardown.py
[2023-12-20T21:23:50.180+0000] {processor.py:829} INFO - Processing file /home/airflow/.local/lib/python3.8/site-packages/airflow/example_dags/example_setup_teardown.py for tasks to queue
[2023-12-20T21:23:50.183+0000] {logging_mixin.py:154} INFO - [2023-12-20T21:23:50.182+0000] {dagbag.py:536} INFO - Filling up the DagBag from /home/airflow/.local/lib/python3.8/site-packages/airflow/example_dags/example_setup_teardown.py
[2023-12-20T21:23:50.189+0000] {processor.py:839} INFO - DAG(s) dict_keys(['example_setup_teardown']) retrieved from /home/airflow/.local/lib/python3.8/site-packages/airflow/example_dags/example_setup_teardown.py
[2023-12-20T21:23:50.209+0000] {logging_mixin.py:154} INFO - [2023-12-20T21:23:50.208+0000] {dag.py:2941} INFO - Sync 1 DAGs
[2023-12-20T21:23:50.229+0000] {logging_mixin.py:154} INFO - [2023-12-20T21:23:50.229+0000] {dag.py:3722} INFO - Setting next_dagrun for example_setup_teardown to 2023-12-19T21:23:50.229516+00:00, run_after=2023-12-20T21:23:50.229516+00:00
[2023-12-20T21:23:50.251+0000] {processor.py:179} INFO - Processing /home/airflow/.local/lib/python3.8/site-packages/airflow/example_dags/example_setup_teardown.py took 0.076 seconds
[2023-12-20T21:24:20.559+0000] {processor.py:157} INFO - Started process (PID=1793) to work on /home/airflow/.local/lib/python3.8/site-packages/airflow/example_dags/example_setup_teardown.py
[2023-12-20T21:24:20.560+0000] {processor.py:829} INFO - Processing file /home/airflow/.local/lib/python3.8/site-packages/airflow/example_dags/example_setup_teardown.py for tasks to queue
[2023-12-20T21:24:20.562+0000] {logging_mixin.py:154} INFO - [2023-12-20T21:24:20.562+0000] {dagbag.py:536} INFO - Filling up the DagBag from /home/airflow/.local/lib/python3.8/site-packages/airflow/example_dags/example_setup_teardown.py
[2023-12-20T21:24:20.567+0000] {processor.py:839} INFO - DAG(s) dict_keys(['example_setup_teardown']) retrieved from /home/airflow/.local/lib/python3.8/site-packages/airflow/example_dags/example_setup_teardown.py
[2023-12-20T21:24:20.585+0000] {logging_mixin.py:154} INFO - [2023-12-20T21:24:20.584+0000] {dag.py:2941} INFO - Sync 1 DAGs
[2023-12-20T21:24:20.604+0000] {logging_mixin.py:154} INFO - [2023-12-20T21:24:20.604+0000] {dag.py:3722} INFO - Setting next_dagrun for example_setup_teardown to 2023-12-19T21:24:20.603864+00:00, run_after=2023-12-20T21:24:20.603864+00:00
[2023-12-20T21:24:20.624+0000] {processor.py:179} INFO - Processing /home/airflow/.local/lib/python3.8/site-packages/airflow/example_dags/example_setup_teardown.py took 0.067 seconds
[2023-12-20T21:24:50.939+0000] {processor.py:157} INFO - Started process (PID=1849) to work on /home/airflow/.local/lib/python3.8/site-packages/airflow/example_dags/example_setup_teardown.py
[2023-12-20T21:24:50.940+0000] {processor.py:829} INFO - Processing file /home/airflow/.local/lib/python3.8/site-packages/airflow/example_dags/example_setup_teardown.py for tasks to queue
[2023-12-20T21:24:50.942+0000] {logging_mixin.py:154} INFO - [2023-12-20T21:24:50.942+0000] {dagbag.py:536} INFO - Filling up the DagBag from /home/airflow/.local/lib/python3.8/site-packages/airflow/example_dags/example_setup_teardown.py
[2023-12-20T21:24:50.947+0000] {processor.py:839} INFO - DAG(s) dict_keys(['example_setup_teardown']) retrieved from /home/airflow/.local/lib/python3.8/site-packages/airflow/example_dags/example_setup_teardown.py
[2023-12-20T21:24:50.964+0000] {logging_mixin.py:154} INFO - [2023-12-20T21:24:50.964+0000] {dag.py:2941} INFO - Sync 1 DAGs
[2023-12-20T21:24:50.982+0000] {logging_mixin.py:154} INFO - [2023-12-20T21:24:50.982+0000] {dag.py:3722} INFO - Setting next_dagrun for example_setup_teardown to 2023-12-19T21:24:50.981881+00:00, run_after=2023-12-20T21:24:50.981881+00:00
[2023-12-20T21:24:51.000+0000] {processor.py:179} INFO - Processing /home/airflow/.local/lib/python3.8/site-packages/airflow/example_dags/example_setup_teardown.py took 0.063 seconds
[2023-12-20T21:25:21.321+0000] {processor.py:157} INFO - Started process (PID=1905) to work on /home/airflow/.local/lib/python3.8/site-packages/airflow/example_dags/example_setup_teardown.py
[2023-12-20T21:25:21.322+0000] {processor.py:829} INFO - Processing file /home/airflow/.local/lib/python3.8/site-packages/airflow/example_dags/example_setup_teardown.py for tasks to queue
[2023-12-20T21:25:21.324+0000] {logging_mixin.py:154} INFO - [2023-12-20T21:25:21.323+0000] {dagbag.py:536} INFO - Filling up the DagBag from /home/airflow/.local/lib/python3.8/site-packages/airflow/example_dags/example_setup_teardown.py
[2023-12-20T21:25:21.329+0000] {processor.py:839} INFO - DAG(s) dict_keys(['example_setup_teardown']) retrieved from /home/airflow/.local/lib/python3.8/site-packages/airflow/example_dags/example_setup_teardown.py
[2023-12-20T21:25:21.348+0000] {logging_mixin.py:154} INFO - [2023-12-20T21:25:21.348+0000] {dag.py:2941} INFO - Sync 1 DAGs
[2023-12-20T21:25:21.369+0000] {logging_mixin.py:154} INFO - [2023-12-20T21:25:21.369+0000] {dag.py:3722} INFO - Setting next_dagrun for example_setup_teardown to 2023-12-19T21:25:21.369072+00:00, run_after=2023-12-20T21:25:21.369072+00:00
[2023-12-20T21:25:21.391+0000] {processor.py:179} INFO - Processing /home/airflow/.local/lib/python3.8/site-packages/airflow/example_dags/example_setup_teardown.py took 0.072 seconds
[2023-12-20T21:25:51.639+0000] {processor.py:157} INFO - Started process (PID=1961) to work on /home/airflow/.local/lib/python3.8/site-packages/airflow/example_dags/example_setup_teardown.py
[2023-12-20T21:25:51.640+0000] {processor.py:829} INFO - Processing file /home/airflow/.local/lib/python3.8/site-packages/airflow/example_dags/example_setup_teardown.py for tasks to queue
[2023-12-20T21:25:51.643+0000] {logging_mixin.py:154} INFO - [2023-12-20T21:25:51.643+0000] {dagbag.py:536} INFO - Filling up the DagBag from /home/airflow/.local/lib/python3.8/site-packages/airflow/example_dags/example_setup_teardown.py
[2023-12-20T21:25:51.650+0000] {processor.py:839} INFO - DAG(s) dict_keys(['example_setup_teardown']) retrieved from /home/airflow/.local/lib/python3.8/site-packages/airflow/example_dags/example_setup_teardown.py
[2023-12-20T21:25:51.669+0000] {logging_mixin.py:154} INFO - [2023-12-20T21:25:51.669+0000] {dag.py:2941} INFO - Sync 1 DAGs
[2023-12-20T21:25:51.690+0000] {logging_mixin.py:154} INFO - [2023-12-20T21:25:51.690+0000] {dag.py:3722} INFO - Setting next_dagrun for example_setup_teardown to 2023-12-19T21:25:51.690260+00:00, run_after=2023-12-20T21:25:51.690260+00:00
[2023-12-20T21:25:51.714+0000] {processor.py:179} INFO - Processing /home/airflow/.local/lib/python3.8/site-packages/airflow/example_dags/example_setup_teardown.py took 0.077 seconds
[2023-12-20T21:26:22.128+0000] {processor.py:157} INFO - Started process (PID=2017) to work on /home/airflow/.local/lib/python3.8/site-packages/airflow/example_dags/example_setup_teardown.py
[2023-12-20T21:26:22.129+0000] {processor.py:829} INFO - Processing file /home/airflow/.local/lib/python3.8/site-packages/airflow/example_dags/example_setup_teardown.py for tasks to queue
[2023-12-20T21:26:22.131+0000] {logging_mixin.py:154} INFO - [2023-12-20T21:26:22.131+0000] {dagbag.py:536} INFO - Filling up the DagBag from /home/airflow/.local/lib/python3.8/site-packages/airflow/example_dags/example_setup_teardown.py
[2023-12-20T21:26:22.137+0000] {processor.py:839} INFO - DAG(s) dict_keys(['example_setup_teardown']) retrieved from /home/airflow/.local/lib/python3.8/site-packages/airflow/example_dags/example_setup_teardown.py
[2023-12-20T21:26:22.156+0000] {logging_mixin.py:154} INFO - [2023-12-20T21:26:22.155+0000] {dag.py:2941} INFO - Sync 1 DAGs
[2023-12-20T21:26:22.174+0000] {logging_mixin.py:154} INFO - [2023-12-20T21:26:22.174+0000] {dag.py:3722} INFO - Setting next_dagrun for example_setup_teardown to 2023-12-19T21:26:22.174496+00:00, run_after=2023-12-20T21:26:22.174496+00:00
[2023-12-20T21:26:22.194+0000] {processor.py:179} INFO - Processing /home/airflow/.local/lib/python3.8/site-packages/airflow/example_dags/example_setup_teardown.py took 0.068 seconds
