[2023-12-20T21:08:34.137+0000] {processor.py:157} INFO - Started process (PID=54) to work on /home/airflow/.local/lib/python3.8/site-packages/airflow/example_dags/example_python_operator.py
[2023-12-20T21:08:34.139+0000] {processor.py:829} INFO - Processing file /home/airflow/.local/lib/python3.8/site-packages/airflow/example_dags/example_python_operator.py for tasks to queue
[2023-12-20T21:08:34.141+0000] {logging_mixin.py:154} INFO - [2023-12-20T21:08:34.141+0000] {dagbag.py:536} INFO - Filling up the DagBag from /home/airflow/.local/lib/python3.8/site-packages/airflow/example_dags/example_python_operator.py
[2023-12-20T21:08:34.153+0000] {processor.py:839} INFO - DAG(s) dict_keys(['example_python_operator']) retrieved from /home/airflow/.local/lib/python3.8/site-packages/airflow/example_dags/example_python_operator.py
[2023-12-20T21:08:34.166+0000] {logging_mixin.py:154} INFO - [2023-12-20T21:08:34.165+0000] {dag.py:2941} INFO - Sync 1 DAGs
[2023-12-20T21:08:34.178+0000] {logging_mixin.py:154} INFO - [2023-12-20T21:08:34.177+0000] {dag.py:3722} INFO - Setting next_dagrun for example_python_operator to None, run_after=None
[2023-12-20T21:08:34.206+0000] {processor.py:179} INFO - Processing /home/airflow/.local/lib/python3.8/site-packages/airflow/example_dags/example_python_operator.py took 0.071 seconds
[2023-12-20T21:09:04.457+0000] {processor.py:157} INFO - Started process (PID=110) to work on /home/airflow/.local/lib/python3.8/site-packages/airflow/example_dags/example_python_operator.py
[2023-12-20T21:09:04.458+0000] {processor.py:829} INFO - Processing file /home/airflow/.local/lib/python3.8/site-packages/airflow/example_dags/example_python_operator.py for tasks to queue
[2023-12-20T21:09:04.460+0000] {logging_mixin.py:154} INFO - [2023-12-20T21:09:04.460+0000] {dagbag.py:536} INFO - Filling up the DagBag from /home/airflow/.local/lib/python3.8/site-packages/airflow/example_dags/example_python_operator.py
[2023-12-20T21:09:04.469+0000] {processor.py:839} INFO - DAG(s) dict_keys(['example_python_operator']) retrieved from /home/airflow/.local/lib/python3.8/site-packages/airflow/example_dags/example_python_operator.py
[2023-12-20T21:09:04.560+0000] {logging_mixin.py:154} INFO - [2023-12-20T21:09:04.559+0000] {dag.py:2941} INFO - Sync 1 DAGs
[2023-12-20T21:09:04.571+0000] {logging_mixin.py:154} INFO - [2023-12-20T21:09:04.571+0000] {dag.py:3722} INFO - Setting next_dagrun for example_python_operator to None, run_after=None
[2023-12-20T21:09:04.592+0000] {processor.py:179} INFO - Processing /home/airflow/.local/lib/python3.8/site-packages/airflow/example_dags/example_python_operator.py took 0.137 seconds
[2023-12-20T21:09:35.434+0000] {processor.py:157} INFO - Started process (PID=166) to work on /home/airflow/.local/lib/python3.8/site-packages/airflow/example_dags/example_python_operator.py
[2023-12-20T21:09:35.435+0000] {processor.py:829} INFO - Processing file /home/airflow/.local/lib/python3.8/site-packages/airflow/example_dags/example_python_operator.py for tasks to queue
[2023-12-20T21:09:35.438+0000] {logging_mixin.py:154} INFO - [2023-12-20T21:09:35.437+0000] {dagbag.py:536} INFO - Filling up the DagBag from /home/airflow/.local/lib/python3.8/site-packages/airflow/example_dags/example_python_operator.py
[2023-12-20T21:09:35.445+0000] {processor.py:839} INFO - DAG(s) dict_keys(['example_python_operator']) retrieved from /home/airflow/.local/lib/python3.8/site-packages/airflow/example_dags/example_python_operator.py
[2023-12-20T21:09:35.466+0000] {logging_mixin.py:154} INFO - [2023-12-20T21:09:35.465+0000] {dag.py:2941} INFO - Sync 1 DAGs
[2023-12-20T21:09:35.477+0000] {logging_mixin.py:154} INFO - [2023-12-20T21:09:35.476+0000] {dag.py:3722} INFO - Setting next_dagrun for example_python_operator to None, run_after=None
[2023-12-20T21:09:35.499+0000] {processor.py:179} INFO - Processing /home/airflow/.local/lib/python3.8/site-packages/airflow/example_dags/example_python_operator.py took 0.067 seconds
[2023-12-20T21:10:05.897+0000] {processor.py:157} INFO - Started process (PID=222) to work on /home/airflow/.local/lib/python3.8/site-packages/airflow/example_dags/example_python_operator.py
[2023-12-20T21:10:05.898+0000] {processor.py:829} INFO - Processing file /home/airflow/.local/lib/python3.8/site-packages/airflow/example_dags/example_python_operator.py for tasks to queue
[2023-12-20T21:10:05.900+0000] {logging_mixin.py:154} INFO - [2023-12-20T21:10:05.899+0000] {dagbag.py:536} INFO - Filling up the DagBag from /home/airflow/.local/lib/python3.8/site-packages/airflow/example_dags/example_python_operator.py
[2023-12-20T21:10:05.908+0000] {processor.py:839} INFO - DAG(s) dict_keys(['example_python_operator']) retrieved from /home/airflow/.local/lib/python3.8/site-packages/airflow/example_dags/example_python_operator.py
[2023-12-20T21:10:05.928+0000] {logging_mixin.py:154} INFO - [2023-12-20T21:10:05.928+0000] {dag.py:2941} INFO - Sync 1 DAGs
[2023-12-20T21:10:05.940+0000] {logging_mixin.py:154} INFO - [2023-12-20T21:10:05.940+0000] {dag.py:3722} INFO - Setting next_dagrun for example_python_operator to None, run_after=None
[2023-12-20T21:10:05.959+0000] {processor.py:179} INFO - Processing /home/airflow/.local/lib/python3.8/site-packages/airflow/example_dags/example_python_operator.py took 0.065 seconds
[2023-12-20T21:10:36.112+0000] {processor.py:157} INFO - Started process (PID=278) to work on /home/airflow/.local/lib/python3.8/site-packages/airflow/example_dags/example_python_operator.py
[2023-12-20T21:10:36.113+0000] {processor.py:829} INFO - Processing file /home/airflow/.local/lib/python3.8/site-packages/airflow/example_dags/example_python_operator.py for tasks to queue
[2023-12-20T21:10:36.115+0000] {logging_mixin.py:154} INFO - [2023-12-20T21:10:36.114+0000] {dagbag.py:536} INFO - Filling up the DagBag from /home/airflow/.local/lib/python3.8/site-packages/airflow/example_dags/example_python_operator.py
[2023-12-20T21:10:36.122+0000] {processor.py:839} INFO - DAG(s) dict_keys(['example_python_operator']) retrieved from /home/airflow/.local/lib/python3.8/site-packages/airflow/example_dags/example_python_operator.py
[2023-12-20T21:10:36.142+0000] {logging_mixin.py:154} INFO - [2023-12-20T21:10:36.142+0000] {dag.py:2941} INFO - Sync 1 DAGs
[2023-12-20T21:10:36.153+0000] {logging_mixin.py:154} INFO - [2023-12-20T21:10:36.153+0000] {dag.py:3722} INFO - Setting next_dagrun for example_python_operator to None, run_after=None
[2023-12-20T21:10:36.172+0000] {processor.py:179} INFO - Processing /home/airflow/.local/lib/python3.8/site-packages/airflow/example_dags/example_python_operator.py took 0.063 seconds
[2023-12-20T21:11:06.302+0000] {processor.py:157} INFO - Started process (PID=334) to work on /home/airflow/.local/lib/python3.8/site-packages/airflow/example_dags/example_python_operator.py
[2023-12-20T21:11:06.303+0000] {processor.py:829} INFO - Processing file /home/airflow/.local/lib/python3.8/site-packages/airflow/example_dags/example_python_operator.py for tasks to queue
[2023-12-20T21:11:06.305+0000] {logging_mixin.py:154} INFO - [2023-12-20T21:11:06.305+0000] {dagbag.py:536} INFO - Filling up the DagBag from /home/airflow/.local/lib/python3.8/site-packages/airflow/example_dags/example_python_operator.py
[2023-12-20T21:11:06.313+0000] {processor.py:839} INFO - DAG(s) dict_keys(['example_python_operator']) retrieved from /home/airflow/.local/lib/python3.8/site-packages/airflow/example_dags/example_python_operator.py
[2023-12-20T21:11:06.333+0000] {logging_mixin.py:154} INFO - [2023-12-20T21:11:06.332+0000] {dag.py:2941} INFO - Sync 1 DAGs
[2023-12-20T21:11:06.344+0000] {logging_mixin.py:154} INFO - [2023-12-20T21:11:06.344+0000] {dag.py:3722} INFO - Setting next_dagrun for example_python_operator to None, run_after=None
[2023-12-20T21:11:06.366+0000] {processor.py:179} INFO - Processing /home/airflow/.local/lib/python3.8/site-packages/airflow/example_dags/example_python_operator.py took 0.066 seconds
[2023-12-20T21:11:36.482+0000] {processor.py:157} INFO - Started process (PID=390) to work on /home/airflow/.local/lib/python3.8/site-packages/airflow/example_dags/example_python_operator.py
[2023-12-20T21:11:36.483+0000] {processor.py:829} INFO - Processing file /home/airflow/.local/lib/python3.8/site-packages/airflow/example_dags/example_python_operator.py for tasks to queue
[2023-12-20T21:11:36.486+0000] {logging_mixin.py:154} INFO - [2023-12-20T21:11:36.486+0000] {dagbag.py:536} INFO - Filling up the DagBag from /home/airflow/.local/lib/python3.8/site-packages/airflow/example_dags/example_python_operator.py
[2023-12-20T21:11:36.495+0000] {processor.py:839} INFO - DAG(s) dict_keys(['example_python_operator']) retrieved from /home/airflow/.local/lib/python3.8/site-packages/airflow/example_dags/example_python_operator.py
[2023-12-20T21:11:36.517+0000] {logging_mixin.py:154} INFO - [2023-12-20T21:11:36.517+0000] {dag.py:2941} INFO - Sync 1 DAGs
[2023-12-20T21:11:36.528+0000] {logging_mixin.py:154} INFO - [2023-12-20T21:11:36.528+0000] {dag.py:3722} INFO - Setting next_dagrun for example_python_operator to None, run_after=None
[2023-12-20T21:11:36.553+0000] {processor.py:179} INFO - Processing /home/airflow/.local/lib/python3.8/site-packages/airflow/example_dags/example_python_operator.py took 0.073 seconds
[2023-12-20T21:12:07.068+0000] {processor.py:157} INFO - Started process (PID=446) to work on /home/airflow/.local/lib/python3.8/site-packages/airflow/example_dags/example_python_operator.py
[2023-12-20T21:12:07.069+0000] {processor.py:829} INFO - Processing file /home/airflow/.local/lib/python3.8/site-packages/airflow/example_dags/example_python_operator.py for tasks to queue
[2023-12-20T21:12:07.070+0000] {logging_mixin.py:154} INFO - [2023-12-20T21:12:07.070+0000] {dagbag.py:536} INFO - Filling up the DagBag from /home/airflow/.local/lib/python3.8/site-packages/airflow/example_dags/example_python_operator.py
[2023-12-20T21:12:07.079+0000] {processor.py:839} INFO - DAG(s) dict_keys(['example_python_operator']) retrieved from /home/airflow/.local/lib/python3.8/site-packages/airflow/example_dags/example_python_operator.py
[2023-12-20T21:12:07.100+0000] {logging_mixin.py:154} INFO - [2023-12-20T21:12:07.100+0000] {dag.py:2941} INFO - Sync 1 DAGs
[2023-12-20T21:12:07.113+0000] {logging_mixin.py:154} INFO - [2023-12-20T21:12:07.113+0000] {dag.py:3722} INFO - Setting next_dagrun for example_python_operator to None, run_after=None
[2023-12-20T21:12:07.138+0000] {processor.py:179} INFO - Processing /home/airflow/.local/lib/python3.8/site-packages/airflow/example_dags/example_python_operator.py took 0.073 seconds
[2023-12-20T21:12:37.474+0000] {processor.py:157} INFO - Started process (PID=502) to work on /home/airflow/.local/lib/python3.8/site-packages/airflow/example_dags/example_python_operator.py
[2023-12-20T21:12:37.475+0000] {processor.py:829} INFO - Processing file /home/airflow/.local/lib/python3.8/site-packages/airflow/example_dags/example_python_operator.py for tasks to queue
[2023-12-20T21:12:37.477+0000] {logging_mixin.py:154} INFO - [2023-12-20T21:12:37.477+0000] {dagbag.py:536} INFO - Filling up the DagBag from /home/airflow/.local/lib/python3.8/site-packages/airflow/example_dags/example_python_operator.py
[2023-12-20T21:12:37.488+0000] {processor.py:839} INFO - DAG(s) dict_keys(['example_python_operator']) retrieved from /home/airflow/.local/lib/python3.8/site-packages/airflow/example_dags/example_python_operator.py
[2023-12-20T21:12:37.508+0000] {logging_mixin.py:154} INFO - [2023-12-20T21:12:37.508+0000] {dag.py:2941} INFO - Sync 1 DAGs
[2023-12-20T21:12:37.521+0000] {logging_mixin.py:154} INFO - [2023-12-20T21:12:37.521+0000] {dag.py:3722} INFO - Setting next_dagrun for example_python_operator to None, run_after=None
[2023-12-20T21:12:37.543+0000] {processor.py:179} INFO - Processing /home/airflow/.local/lib/python3.8/site-packages/airflow/example_dags/example_python_operator.py took 0.072 seconds
[2023-12-20T21:13:07.718+0000] {processor.py:157} INFO - Started process (PID=558) to work on /home/airflow/.local/lib/python3.8/site-packages/airflow/example_dags/example_python_operator.py
[2023-12-20T21:13:07.719+0000] {processor.py:829} INFO - Processing file /home/airflow/.local/lib/python3.8/site-packages/airflow/example_dags/example_python_operator.py for tasks to queue
[2023-12-20T21:13:07.721+0000] {logging_mixin.py:154} INFO - [2023-12-20T21:13:07.721+0000] {dagbag.py:536} INFO - Filling up the DagBag from /home/airflow/.local/lib/python3.8/site-packages/airflow/example_dags/example_python_operator.py
[2023-12-20T21:13:07.729+0000] {processor.py:839} INFO - DAG(s) dict_keys(['example_python_operator']) retrieved from /home/airflow/.local/lib/python3.8/site-packages/airflow/example_dags/example_python_operator.py
[2023-12-20T21:13:07.752+0000] {logging_mixin.py:154} INFO - [2023-12-20T21:13:07.752+0000] {dag.py:2941} INFO - Sync 1 DAGs
[2023-12-20T21:13:07.763+0000] {logging_mixin.py:154} INFO - [2023-12-20T21:13:07.763+0000] {dag.py:3722} INFO - Setting next_dagrun for example_python_operator to None, run_after=None
[2023-12-20T21:13:07.783+0000] {processor.py:179} INFO - Processing /home/airflow/.local/lib/python3.8/site-packages/airflow/example_dags/example_python_operator.py took 0.068 seconds
[2023-12-20T21:13:38.660+0000] {processor.py:157} INFO - Started process (PID=614) to work on /home/airflow/.local/lib/python3.8/site-packages/airflow/example_dags/example_python_operator.py
[2023-12-20T21:13:38.660+0000] {processor.py:829} INFO - Processing file /home/airflow/.local/lib/python3.8/site-packages/airflow/example_dags/example_python_operator.py for tasks to queue
[2023-12-20T21:13:38.662+0000] {logging_mixin.py:154} INFO - [2023-12-20T21:13:38.662+0000] {dagbag.py:536} INFO - Filling up the DagBag from /home/airflow/.local/lib/python3.8/site-packages/airflow/example_dags/example_python_operator.py
[2023-12-20T21:13:38.671+0000] {processor.py:839} INFO - DAG(s) dict_keys(['example_python_operator']) retrieved from /home/airflow/.local/lib/python3.8/site-packages/airflow/example_dags/example_python_operator.py
[2023-12-20T21:13:38.691+0000] {logging_mixin.py:154} INFO - [2023-12-20T21:13:38.690+0000] {dag.py:2941} INFO - Sync 1 DAGs
[2023-12-20T21:13:38.702+0000] {logging_mixin.py:154} INFO - [2023-12-20T21:13:38.702+0000] {dag.py:3722} INFO - Setting next_dagrun for example_python_operator to None, run_after=None
[2023-12-20T21:13:38.723+0000] {processor.py:179} INFO - Processing /home/airflow/.local/lib/python3.8/site-packages/airflow/example_dags/example_python_operator.py took 0.066 seconds
[2023-12-20T21:14:08.895+0000] {processor.py:157} INFO - Started process (PID=670) to work on /home/airflow/.local/lib/python3.8/site-packages/airflow/example_dags/example_python_operator.py
[2023-12-20T21:14:08.896+0000] {processor.py:829} INFO - Processing file /home/airflow/.local/lib/python3.8/site-packages/airflow/example_dags/example_python_operator.py for tasks to queue
[2023-12-20T21:14:08.897+0000] {logging_mixin.py:154} INFO - [2023-12-20T21:14:08.897+0000] {dagbag.py:536} INFO - Filling up the DagBag from /home/airflow/.local/lib/python3.8/site-packages/airflow/example_dags/example_python_operator.py
[2023-12-20T21:14:08.905+0000] {processor.py:839} INFO - DAG(s) dict_keys(['example_python_operator']) retrieved from /home/airflow/.local/lib/python3.8/site-packages/airflow/example_dags/example_python_operator.py
[2023-12-20T21:14:08.926+0000] {logging_mixin.py:154} INFO - [2023-12-20T21:14:08.926+0000] {dag.py:2941} INFO - Sync 1 DAGs
[2023-12-20T21:14:08.937+0000] {logging_mixin.py:154} INFO - [2023-12-20T21:14:08.937+0000] {dag.py:3722} INFO - Setting next_dagrun for example_python_operator to None, run_after=None
[2023-12-20T21:14:08.958+0000] {processor.py:179} INFO - Processing /home/airflow/.local/lib/python3.8/site-packages/airflow/example_dags/example_python_operator.py took 0.065 seconds
[2023-12-20T21:14:39.900+0000] {processor.py:157} INFO - Started process (PID=726) to work on /home/airflow/.local/lib/python3.8/site-packages/airflow/example_dags/example_python_operator.py
[2023-12-20T21:14:39.902+0000] {processor.py:829} INFO - Processing file /home/airflow/.local/lib/python3.8/site-packages/airflow/example_dags/example_python_operator.py for tasks to queue
[2023-12-20T21:14:39.904+0000] {logging_mixin.py:154} INFO - [2023-12-20T21:14:39.904+0000] {dagbag.py:536} INFO - Filling up the DagBag from /home/airflow/.local/lib/python3.8/site-packages/airflow/example_dags/example_python_operator.py
[2023-12-20T21:14:39.914+0000] {processor.py:839} INFO - DAG(s) dict_keys(['example_python_operator']) retrieved from /home/airflow/.local/lib/python3.8/site-packages/airflow/example_dags/example_python_operator.py
[2023-12-20T21:14:39.935+0000] {logging_mixin.py:154} INFO - [2023-12-20T21:14:39.935+0000] {dag.py:2941} INFO - Sync 1 DAGs
[2023-12-20T21:14:39.946+0000] {logging_mixin.py:154} INFO - [2023-12-20T21:14:39.946+0000] {dag.py:3722} INFO - Setting next_dagrun for example_python_operator to None, run_after=None
[2023-12-20T21:14:39.967+0000] {processor.py:179} INFO - Processing /home/airflow/.local/lib/python3.8/site-packages/airflow/example_dags/example_python_operator.py took 0.069 seconds
[2023-12-20T21:15:10.386+0000] {processor.py:157} INFO - Started process (PID=782) to work on /home/airflow/.local/lib/python3.8/site-packages/airflow/example_dags/example_python_operator.py
[2023-12-20T21:15:10.387+0000] {processor.py:829} INFO - Processing file /home/airflow/.local/lib/python3.8/site-packages/airflow/example_dags/example_python_operator.py for tasks to queue
[2023-12-20T21:15:10.389+0000] {logging_mixin.py:154} INFO - [2023-12-20T21:15:10.388+0000] {dagbag.py:536} INFO - Filling up the DagBag from /home/airflow/.local/lib/python3.8/site-packages/airflow/example_dags/example_python_operator.py
[2023-12-20T21:15:10.396+0000] {processor.py:839} INFO - DAG(s) dict_keys(['example_python_operator']) retrieved from /home/airflow/.local/lib/python3.8/site-packages/airflow/example_dags/example_python_operator.py
[2023-12-20T21:15:10.416+0000] {logging_mixin.py:154} INFO - [2023-12-20T21:15:10.416+0000] {dag.py:2941} INFO - Sync 1 DAGs
[2023-12-20T21:15:10.427+0000] {logging_mixin.py:154} INFO - [2023-12-20T21:15:10.426+0000] {dag.py:3722} INFO - Setting next_dagrun for example_python_operator to None, run_after=None
[2023-12-20T21:15:10.448+0000] {processor.py:179} INFO - Processing /home/airflow/.local/lib/python3.8/site-packages/airflow/example_dags/example_python_operator.py took 0.064 seconds
[2023-12-20T21:15:41.033+0000] {processor.py:157} INFO - Started process (PID=838) to work on /home/airflow/.local/lib/python3.8/site-packages/airflow/example_dags/example_python_operator.py
[2023-12-20T21:15:41.034+0000] {processor.py:829} INFO - Processing file /home/airflow/.local/lib/python3.8/site-packages/airflow/example_dags/example_python_operator.py for tasks to queue
[2023-12-20T21:15:41.035+0000] {logging_mixin.py:154} INFO - [2023-12-20T21:15:41.035+0000] {dagbag.py:536} INFO - Filling up the DagBag from /home/airflow/.local/lib/python3.8/site-packages/airflow/example_dags/example_python_operator.py
[2023-12-20T21:15:41.043+0000] {processor.py:839} INFO - DAG(s) dict_keys(['example_python_operator']) retrieved from /home/airflow/.local/lib/python3.8/site-packages/airflow/example_dags/example_python_operator.py
[2023-12-20T21:15:41.062+0000] {logging_mixin.py:154} INFO - [2023-12-20T21:15:41.062+0000] {dag.py:2941} INFO - Sync 1 DAGs
[2023-12-20T21:15:41.073+0000] {logging_mixin.py:154} INFO - [2023-12-20T21:15:41.073+0000] {dag.py:3722} INFO - Setting next_dagrun for example_python_operator to None, run_after=None
[2023-12-20T21:15:41.096+0000] {processor.py:179} INFO - Processing /home/airflow/.local/lib/python3.8/site-packages/airflow/example_dags/example_python_operator.py took 0.065 seconds
[2023-12-20T21:16:11.483+0000] {processor.py:157} INFO - Started process (PID=894) to work on /home/airflow/.local/lib/python3.8/site-packages/airflow/example_dags/example_python_operator.py
[2023-12-20T21:16:11.484+0000] {processor.py:829} INFO - Processing file /home/airflow/.local/lib/python3.8/site-packages/airflow/example_dags/example_python_operator.py for tasks to queue
[2023-12-20T21:16:11.486+0000] {logging_mixin.py:154} INFO - [2023-12-20T21:16:11.486+0000] {dagbag.py:536} INFO - Filling up the DagBag from /home/airflow/.local/lib/python3.8/site-packages/airflow/example_dags/example_python_operator.py
[2023-12-20T21:16:11.494+0000] {processor.py:839} INFO - DAG(s) dict_keys(['example_python_operator']) retrieved from /home/airflow/.local/lib/python3.8/site-packages/airflow/example_dags/example_python_operator.py
[2023-12-20T21:16:11.518+0000] {logging_mixin.py:154} INFO - [2023-12-20T21:16:11.518+0000] {dag.py:2941} INFO - Sync 1 DAGs
[2023-12-20T21:16:11.531+0000] {logging_mixin.py:154} INFO - [2023-12-20T21:16:11.531+0000] {dag.py:3722} INFO - Setting next_dagrun for example_python_operator to None, run_after=None
[2023-12-20T21:16:11.555+0000] {processor.py:179} INFO - Processing /home/airflow/.local/lib/python3.8/site-packages/airflow/example_dags/example_python_operator.py took 0.075 seconds
[2023-12-20T21:16:42.681+0000] {processor.py:157} INFO - Started process (PID=950) to work on /home/airflow/.local/lib/python3.8/site-packages/airflow/example_dags/example_python_operator.py
[2023-12-20T21:16:42.682+0000] {processor.py:829} INFO - Processing file /home/airflow/.local/lib/python3.8/site-packages/airflow/example_dags/example_python_operator.py for tasks to queue
[2023-12-20T21:16:42.684+0000] {logging_mixin.py:154} INFO - [2023-12-20T21:16:42.684+0000] {dagbag.py:536} INFO - Filling up the DagBag from /home/airflow/.local/lib/python3.8/site-packages/airflow/example_dags/example_python_operator.py
[2023-12-20T21:16:42.692+0000] {processor.py:839} INFO - DAG(s) dict_keys(['example_python_operator']) retrieved from /home/airflow/.local/lib/python3.8/site-packages/airflow/example_dags/example_python_operator.py
[2023-12-20T21:16:42.712+0000] {logging_mixin.py:154} INFO - [2023-12-20T21:16:42.712+0000] {dag.py:2941} INFO - Sync 1 DAGs
[2023-12-20T21:16:42.724+0000] {logging_mixin.py:154} INFO - [2023-12-20T21:16:42.723+0000] {dag.py:3722} INFO - Setting next_dagrun for example_python_operator to None, run_after=None
[2023-12-20T21:16:42.743+0000] {processor.py:179} INFO - Processing /home/airflow/.local/lib/python3.8/site-packages/airflow/example_dags/example_python_operator.py took 0.064 seconds
[2023-12-20T21:17:13.381+0000] {processor.py:157} INFO - Started process (PID=1006) to work on /home/airflow/.local/lib/python3.8/site-packages/airflow/example_dags/example_python_operator.py
[2023-12-20T21:17:13.381+0000] {processor.py:829} INFO - Processing file /home/airflow/.local/lib/python3.8/site-packages/airflow/example_dags/example_python_operator.py for tasks to queue
[2023-12-20T21:17:13.383+0000] {logging_mixin.py:154} INFO - [2023-12-20T21:17:13.383+0000] {dagbag.py:536} INFO - Filling up the DagBag from /home/airflow/.local/lib/python3.8/site-packages/airflow/example_dags/example_python_operator.py
[2023-12-20T21:17:13.392+0000] {processor.py:839} INFO - DAG(s) dict_keys(['example_python_operator']) retrieved from /home/airflow/.local/lib/python3.8/site-packages/airflow/example_dags/example_python_operator.py
[2023-12-20T21:17:13.413+0000] {logging_mixin.py:154} INFO - [2023-12-20T21:17:13.413+0000] {dag.py:2941} INFO - Sync 1 DAGs
[2023-12-20T21:17:13.424+0000] {logging_mixin.py:154} INFO - [2023-12-20T21:17:13.424+0000] {dag.py:3722} INFO - Setting next_dagrun for example_python_operator to None, run_after=None
[2023-12-20T21:17:13.449+0000] {processor.py:179} INFO - Processing /home/airflow/.local/lib/python3.8/site-packages/airflow/example_dags/example_python_operator.py took 0.071 seconds
[2023-12-20T21:17:43.631+0000] {processor.py:157} INFO - Started process (PID=1061) to work on /home/airflow/.local/lib/python3.8/site-packages/airflow/example_dags/example_python_operator.py
[2023-12-20T21:17:43.632+0000] {processor.py:829} INFO - Processing file /home/airflow/.local/lib/python3.8/site-packages/airflow/example_dags/example_python_operator.py for tasks to queue
[2023-12-20T21:17:43.634+0000] {logging_mixin.py:154} INFO - [2023-12-20T21:17:43.634+0000] {dagbag.py:536} INFO - Filling up the DagBag from /home/airflow/.local/lib/python3.8/site-packages/airflow/example_dags/example_python_operator.py
[2023-12-20T21:17:43.642+0000] {processor.py:839} INFO - DAG(s) dict_keys(['example_python_operator']) retrieved from /home/airflow/.local/lib/python3.8/site-packages/airflow/example_dags/example_python_operator.py
[2023-12-20T21:17:43.663+0000] {logging_mixin.py:154} INFO - [2023-12-20T21:17:43.663+0000] {dag.py:2941} INFO - Sync 1 DAGs
[2023-12-20T21:17:43.675+0000] {logging_mixin.py:154} INFO - [2023-12-20T21:17:43.675+0000] {dag.py:3722} INFO - Setting next_dagrun for example_python_operator to None, run_after=None
[2023-12-20T21:17:43.695+0000] {processor.py:179} INFO - Processing /home/airflow/.local/lib/python3.8/site-packages/airflow/example_dags/example_python_operator.py took 0.065 seconds
[2023-12-20T21:18:14.193+0000] {processor.py:157} INFO - Started process (PID=1118) to work on /home/airflow/.local/lib/python3.8/site-packages/airflow/example_dags/example_python_operator.py
[2023-12-20T21:18:14.194+0000] {processor.py:829} INFO - Processing file /home/airflow/.local/lib/python3.8/site-packages/airflow/example_dags/example_python_operator.py for tasks to queue
[2023-12-20T21:18:14.196+0000] {logging_mixin.py:154} INFO - [2023-12-20T21:18:14.196+0000] {dagbag.py:536} INFO - Filling up the DagBag from /home/airflow/.local/lib/python3.8/site-packages/airflow/example_dags/example_python_operator.py
[2023-12-20T21:18:14.204+0000] {processor.py:839} INFO - DAG(s) dict_keys(['example_python_operator']) retrieved from /home/airflow/.local/lib/python3.8/site-packages/airflow/example_dags/example_python_operator.py
[2023-12-20T21:18:14.224+0000] {logging_mixin.py:154} INFO - [2023-12-20T21:18:14.224+0000] {dag.py:2941} INFO - Sync 1 DAGs
[2023-12-20T21:18:14.235+0000] {logging_mixin.py:154} INFO - [2023-12-20T21:18:14.234+0000] {dag.py:3722} INFO - Setting next_dagrun for example_python_operator to None, run_after=None
[2023-12-20T21:18:14.253+0000] {processor.py:179} INFO - Processing /home/airflow/.local/lib/python3.8/site-packages/airflow/example_dags/example_python_operator.py took 0.063 seconds
[2023-12-20T21:18:44.520+0000] {processor.py:157} INFO - Started process (PID=1174) to work on /home/airflow/.local/lib/python3.8/site-packages/airflow/example_dags/example_python_operator.py
[2023-12-20T21:18:44.521+0000] {processor.py:829} INFO - Processing file /home/airflow/.local/lib/python3.8/site-packages/airflow/example_dags/example_python_operator.py for tasks to queue
[2023-12-20T21:18:44.524+0000] {logging_mixin.py:154} INFO - [2023-12-20T21:18:44.523+0000] {dagbag.py:536} INFO - Filling up the DagBag from /home/airflow/.local/lib/python3.8/site-packages/airflow/example_dags/example_python_operator.py
[2023-12-20T21:18:44.531+0000] {processor.py:839} INFO - DAG(s) dict_keys(['example_python_operator']) retrieved from /home/airflow/.local/lib/python3.8/site-packages/airflow/example_dags/example_python_operator.py
[2023-12-20T21:18:44.550+0000] {logging_mixin.py:154} INFO - [2023-12-20T21:18:44.550+0000] {dag.py:2941} INFO - Sync 1 DAGs
[2023-12-20T21:18:44.561+0000] {logging_mixin.py:154} INFO - [2023-12-20T21:18:44.560+0000] {dag.py:3722} INFO - Setting next_dagrun for example_python_operator to None, run_after=None
[2023-12-20T21:18:44.581+0000] {processor.py:179} INFO - Processing /home/airflow/.local/lib/python3.8/site-packages/airflow/example_dags/example_python_operator.py took 0.062 seconds
[2023-12-20T21:19:15.247+0000] {processor.py:157} INFO - Started process (PID=1230) to work on /home/airflow/.local/lib/python3.8/site-packages/airflow/example_dags/example_python_operator.py
[2023-12-20T21:19:15.248+0000] {processor.py:829} INFO - Processing file /home/airflow/.local/lib/python3.8/site-packages/airflow/example_dags/example_python_operator.py for tasks to queue
[2023-12-20T21:19:15.250+0000] {logging_mixin.py:154} INFO - [2023-12-20T21:19:15.249+0000] {dagbag.py:536} INFO - Filling up the DagBag from /home/airflow/.local/lib/python3.8/site-packages/airflow/example_dags/example_python_operator.py
[2023-12-20T21:19:15.259+0000] {processor.py:839} INFO - DAG(s) dict_keys(['example_python_operator']) retrieved from /home/airflow/.local/lib/python3.8/site-packages/airflow/example_dags/example_python_operator.py
[2023-12-20T21:19:15.281+0000] {logging_mixin.py:154} INFO - [2023-12-20T21:19:15.281+0000] {dag.py:2941} INFO - Sync 1 DAGs
[2023-12-20T21:19:15.294+0000] {logging_mixin.py:154} INFO - [2023-12-20T21:19:15.294+0000] {dag.py:3722} INFO - Setting next_dagrun for example_python_operator to None, run_after=None
[2023-12-20T21:19:15.465+0000] {processor.py:179} INFO - Processing /home/airflow/.local/lib/python3.8/site-packages/airflow/example_dags/example_python_operator.py took 0.221 seconds
[2023-12-20T21:19:45.954+0000] {processor.py:157} INFO - Started process (PID=1286) to work on /home/airflow/.local/lib/python3.8/site-packages/airflow/example_dags/example_python_operator.py
[2023-12-20T21:19:45.955+0000] {processor.py:829} INFO - Processing file /home/airflow/.local/lib/python3.8/site-packages/airflow/example_dags/example_python_operator.py for tasks to queue
[2023-12-20T21:19:45.957+0000] {logging_mixin.py:154} INFO - [2023-12-20T21:19:45.956+0000] {dagbag.py:536} INFO - Filling up the DagBag from /home/airflow/.local/lib/python3.8/site-packages/airflow/example_dags/example_python_operator.py
[2023-12-20T21:19:45.965+0000] {processor.py:839} INFO - DAG(s) dict_keys(['example_python_operator']) retrieved from /home/airflow/.local/lib/python3.8/site-packages/airflow/example_dags/example_python_operator.py
[2023-12-20T21:19:45.986+0000] {logging_mixin.py:154} INFO - [2023-12-20T21:19:45.985+0000] {dag.py:2941} INFO - Sync 1 DAGs
[2023-12-20T21:19:45.996+0000] {logging_mixin.py:154} INFO - [2023-12-20T21:19:45.996+0000] {dag.py:3722} INFO - Setting next_dagrun for example_python_operator to None, run_after=None
[2023-12-20T21:19:46.018+0000] {processor.py:179} INFO - Processing /home/airflow/.local/lib/python3.8/site-packages/airflow/example_dags/example_python_operator.py took 0.066 seconds
[2023-12-20T21:20:16.316+0000] {processor.py:157} INFO - Started process (PID=1342) to work on /home/airflow/.local/lib/python3.8/site-packages/airflow/example_dags/example_python_operator.py
[2023-12-20T21:20:16.317+0000] {processor.py:829} INFO - Processing file /home/airflow/.local/lib/python3.8/site-packages/airflow/example_dags/example_python_operator.py for tasks to queue
[2023-12-20T21:20:16.319+0000] {logging_mixin.py:154} INFO - [2023-12-20T21:20:16.318+0000] {dagbag.py:536} INFO - Filling up the DagBag from /home/airflow/.local/lib/python3.8/site-packages/airflow/example_dags/example_python_operator.py
[2023-12-20T21:20:16.327+0000] {processor.py:839} INFO - DAG(s) dict_keys(['example_python_operator']) retrieved from /home/airflow/.local/lib/python3.8/site-packages/airflow/example_dags/example_python_operator.py
[2023-12-20T21:20:16.347+0000] {logging_mixin.py:154} INFO - [2023-12-20T21:20:16.347+0000] {dag.py:2941} INFO - Sync 1 DAGs
[2023-12-20T21:20:16.357+0000] {logging_mixin.py:154} INFO - [2023-12-20T21:20:16.357+0000] {dag.py:3722} INFO - Setting next_dagrun for example_python_operator to None, run_after=None
[2023-12-20T21:20:16.376+0000] {processor.py:179} INFO - Processing /home/airflow/.local/lib/python3.8/site-packages/airflow/example_dags/example_python_operator.py took 0.062 seconds
[2023-12-20T21:20:46.960+0000] {processor.py:157} INFO - Started process (PID=1398) to work on /home/airflow/.local/lib/python3.8/site-packages/airflow/example_dags/example_python_operator.py
[2023-12-20T21:20:46.961+0000] {processor.py:829} INFO - Processing file /home/airflow/.local/lib/python3.8/site-packages/airflow/example_dags/example_python_operator.py for tasks to queue
[2023-12-20T21:20:46.963+0000] {logging_mixin.py:154} INFO - [2023-12-20T21:20:46.962+0000] {dagbag.py:536} INFO - Filling up the DagBag from /home/airflow/.local/lib/python3.8/site-packages/airflow/example_dags/example_python_operator.py
[2023-12-20T21:20:46.971+0000] {processor.py:839} INFO - DAG(s) dict_keys(['example_python_operator']) retrieved from /home/airflow/.local/lib/python3.8/site-packages/airflow/example_dags/example_python_operator.py
[2023-12-20T21:20:46.990+0000] {logging_mixin.py:154} INFO - [2023-12-20T21:20:46.990+0000] {dag.py:2941} INFO - Sync 1 DAGs
[2023-12-20T21:20:47.001+0000] {logging_mixin.py:154} INFO - [2023-12-20T21:20:47.001+0000] {dag.py:3722} INFO - Setting next_dagrun for example_python_operator to None, run_after=None
[2023-12-20T21:20:47.022+0000] {processor.py:179} INFO - Processing /home/airflow/.local/lib/python3.8/site-packages/airflow/example_dags/example_python_operator.py took 0.065 seconds
[2023-12-20T21:21:17.567+0000] {processor.py:157} INFO - Started process (PID=1454) to work on /home/airflow/.local/lib/python3.8/site-packages/airflow/example_dags/example_python_operator.py
[2023-12-20T21:21:17.568+0000] {processor.py:829} INFO - Processing file /home/airflow/.local/lib/python3.8/site-packages/airflow/example_dags/example_python_operator.py for tasks to queue
[2023-12-20T21:21:17.570+0000] {logging_mixin.py:154} INFO - [2023-12-20T21:21:17.570+0000] {dagbag.py:536} INFO - Filling up the DagBag from /home/airflow/.local/lib/python3.8/site-packages/airflow/example_dags/example_python_operator.py
[2023-12-20T21:21:17.578+0000] {processor.py:839} INFO - DAG(s) dict_keys(['example_python_operator']) retrieved from /home/airflow/.local/lib/python3.8/site-packages/airflow/example_dags/example_python_operator.py
[2023-12-20T21:21:17.602+0000] {logging_mixin.py:154} INFO - [2023-12-20T21:21:17.602+0000] {dag.py:2941} INFO - Sync 1 DAGs
[2023-12-20T21:21:17.736+0000] {logging_mixin.py:154} INFO - [2023-12-20T21:21:17.735+0000] {dag.py:3722} INFO - Setting next_dagrun for example_python_operator to None, run_after=None
[2023-12-20T21:21:17.756+0000] {processor.py:179} INFO - Processing /home/airflow/.local/lib/python3.8/site-packages/airflow/example_dags/example_python_operator.py took 0.191 seconds
[2023-12-20T21:21:48.639+0000] {processor.py:157} INFO - Started process (PID=1510) to work on /home/airflow/.local/lib/python3.8/site-packages/airflow/example_dags/example_python_operator.py
[2023-12-20T21:21:48.640+0000] {processor.py:829} INFO - Processing file /home/airflow/.local/lib/python3.8/site-packages/airflow/example_dags/example_python_operator.py for tasks to queue
[2023-12-20T21:21:48.642+0000] {logging_mixin.py:154} INFO - [2023-12-20T21:21:48.642+0000] {dagbag.py:536} INFO - Filling up the DagBag from /home/airflow/.local/lib/python3.8/site-packages/airflow/example_dags/example_python_operator.py
[2023-12-20T21:21:48.650+0000] {processor.py:839} INFO - DAG(s) dict_keys(['example_python_operator']) retrieved from /home/airflow/.local/lib/python3.8/site-packages/airflow/example_dags/example_python_operator.py
[2023-12-20T21:21:48.671+0000] {logging_mixin.py:154} INFO - [2023-12-20T21:21:48.671+0000] {dag.py:2941} INFO - Sync 1 DAGs
[2023-12-20T21:21:48.682+0000] {logging_mixin.py:154} INFO - [2023-12-20T21:21:48.682+0000] {dag.py:3722} INFO - Setting next_dagrun for example_python_operator to None, run_after=None
[2023-12-20T21:21:48.704+0000] {processor.py:179} INFO - Processing /home/airflow/.local/lib/python3.8/site-packages/airflow/example_dags/example_python_operator.py took 0.067 seconds
[2023-12-20T21:22:19.015+0000] {processor.py:157} INFO - Started process (PID=1566) to work on /home/airflow/.local/lib/python3.8/site-packages/airflow/example_dags/example_python_operator.py
[2023-12-20T21:22:19.016+0000] {processor.py:829} INFO - Processing file /home/airflow/.local/lib/python3.8/site-packages/airflow/example_dags/example_python_operator.py for tasks to queue
[2023-12-20T21:22:19.018+0000] {logging_mixin.py:154} INFO - [2023-12-20T21:22:19.018+0000] {dagbag.py:536} INFO - Filling up the DagBag from /home/airflow/.local/lib/python3.8/site-packages/airflow/example_dags/example_python_operator.py
[2023-12-20T21:22:19.027+0000] {processor.py:839} INFO - DAG(s) dict_keys(['example_python_operator']) retrieved from /home/airflow/.local/lib/python3.8/site-packages/airflow/example_dags/example_python_operator.py
[2023-12-20T21:22:19.047+0000] {logging_mixin.py:154} INFO - [2023-12-20T21:22:19.047+0000] {dag.py:2941} INFO - Sync 1 DAGs
[2023-12-20T21:22:19.059+0000] {logging_mixin.py:154} INFO - [2023-12-20T21:22:19.059+0000] {dag.py:3722} INFO - Setting next_dagrun for example_python_operator to None, run_after=None
[2023-12-20T21:22:19.079+0000] {processor.py:179} INFO - Processing /home/airflow/.local/lib/python3.8/site-packages/airflow/example_dags/example_python_operator.py took 0.066 seconds
[2023-12-20T21:22:49.380+0000] {processor.py:157} INFO - Started process (PID=1622) to work on /home/airflow/.local/lib/python3.8/site-packages/airflow/example_dags/example_python_operator.py
[2023-12-20T21:22:49.382+0000] {processor.py:829} INFO - Processing file /home/airflow/.local/lib/python3.8/site-packages/airflow/example_dags/example_python_operator.py for tasks to queue
[2023-12-20T21:22:49.384+0000] {logging_mixin.py:154} INFO - [2023-12-20T21:22:49.384+0000] {dagbag.py:536} INFO - Filling up the DagBag from /home/airflow/.local/lib/python3.8/site-packages/airflow/example_dags/example_python_operator.py
[2023-12-20T21:22:49.394+0000] {processor.py:839} INFO - DAG(s) dict_keys(['example_python_operator']) retrieved from /home/airflow/.local/lib/python3.8/site-packages/airflow/example_dags/example_python_operator.py
[2023-12-20T21:22:49.416+0000] {logging_mixin.py:154} INFO - [2023-12-20T21:22:49.416+0000] {dag.py:2941} INFO - Sync 1 DAGs
[2023-12-20T21:22:49.428+0000] {logging_mixin.py:154} INFO - [2023-12-20T21:22:49.428+0000] {dag.py:3722} INFO - Setting next_dagrun for example_python_operator to None, run_after=None
[2023-12-20T21:22:49.447+0000] {processor.py:179} INFO - Processing /home/airflow/.local/lib/python3.8/site-packages/airflow/example_dags/example_python_operator.py took 0.069 seconds
[2023-12-20T21:23:19.727+0000] {processor.py:157} INFO - Started process (PID=1678) to work on /home/airflow/.local/lib/python3.8/site-packages/airflow/example_dags/example_python_operator.py
[2023-12-20T21:23:19.728+0000] {processor.py:829} INFO - Processing file /home/airflow/.local/lib/python3.8/site-packages/airflow/example_dags/example_python_operator.py for tasks to queue
[2023-12-20T21:23:19.731+0000] {logging_mixin.py:154} INFO - [2023-12-20T21:23:19.730+0000] {dagbag.py:536} INFO - Filling up the DagBag from /home/airflow/.local/lib/python3.8/site-packages/airflow/example_dags/example_python_operator.py
[2023-12-20T21:23:19.740+0000] {processor.py:839} INFO - DAG(s) dict_keys(['example_python_operator']) retrieved from /home/airflow/.local/lib/python3.8/site-packages/airflow/example_dags/example_python_operator.py
[2023-12-20T21:23:19.765+0000] {logging_mixin.py:154} INFO - [2023-12-20T21:23:19.764+0000] {dag.py:2941} INFO - Sync 1 DAGs
[2023-12-20T21:23:19.778+0000] {logging_mixin.py:154} INFO - [2023-12-20T21:23:19.777+0000] {dag.py:3722} INFO - Setting next_dagrun for example_python_operator to None, run_after=None
[2023-12-20T21:23:19.799+0000] {processor.py:179} INFO - Processing /home/airflow/.local/lib/python3.8/site-packages/airflow/example_dags/example_python_operator.py took 0.075 seconds
[2023-12-20T21:23:50.022+0000] {processor.py:157} INFO - Started process (PID=1734) to work on /home/airflow/.local/lib/python3.8/site-packages/airflow/example_dags/example_python_operator.py
[2023-12-20T21:23:50.023+0000] {processor.py:829} INFO - Processing file /home/airflow/.local/lib/python3.8/site-packages/airflow/example_dags/example_python_operator.py for tasks to queue
[2023-12-20T21:23:50.025+0000] {logging_mixin.py:154} INFO - [2023-12-20T21:23:50.025+0000] {dagbag.py:536} INFO - Filling up the DagBag from /home/airflow/.local/lib/python3.8/site-packages/airflow/example_dags/example_python_operator.py
[2023-12-20T21:23:50.035+0000] {processor.py:839} INFO - DAG(s) dict_keys(['example_python_operator']) retrieved from /home/airflow/.local/lib/python3.8/site-packages/airflow/example_dags/example_python_operator.py
[2023-12-20T21:23:50.057+0000] {logging_mixin.py:154} INFO - [2023-12-20T21:23:50.057+0000] {dag.py:2941} INFO - Sync 1 DAGs
[2023-12-20T21:23:50.069+0000] {logging_mixin.py:154} INFO - [2023-12-20T21:23:50.069+0000] {dag.py:3722} INFO - Setting next_dagrun for example_python_operator to None, run_after=None
[2023-12-20T21:23:50.091+0000] {processor.py:179} INFO - Processing /home/airflow/.local/lib/python3.8/site-packages/airflow/example_dags/example_python_operator.py took 0.071 seconds
[2023-12-20T21:24:20.399+0000] {processor.py:157} INFO - Started process (PID=1790) to work on /home/airflow/.local/lib/python3.8/site-packages/airflow/example_dags/example_python_operator.py
[2023-12-20T21:24:20.400+0000] {processor.py:829} INFO - Processing file /home/airflow/.local/lib/python3.8/site-packages/airflow/example_dags/example_python_operator.py for tasks to queue
[2023-12-20T21:24:20.402+0000] {logging_mixin.py:154} INFO - [2023-12-20T21:24:20.402+0000] {dagbag.py:536} INFO - Filling up the DagBag from /home/airflow/.local/lib/python3.8/site-packages/airflow/example_dags/example_python_operator.py
[2023-12-20T21:24:20.410+0000] {processor.py:839} INFO - DAG(s) dict_keys(['example_python_operator']) retrieved from /home/airflow/.local/lib/python3.8/site-packages/airflow/example_dags/example_python_operator.py
[2023-12-20T21:24:20.430+0000] {logging_mixin.py:154} INFO - [2023-12-20T21:24:20.430+0000] {dag.py:2941} INFO - Sync 1 DAGs
[2023-12-20T21:24:20.442+0000] {logging_mixin.py:154} INFO - [2023-12-20T21:24:20.442+0000] {dag.py:3722} INFO - Setting next_dagrun for example_python_operator to None, run_after=None
[2023-12-20T21:24:20.464+0000] {processor.py:179} INFO - Processing /home/airflow/.local/lib/python3.8/site-packages/airflow/example_dags/example_python_operator.py took 0.067 seconds
[2023-12-20T21:24:50.781+0000] {processor.py:157} INFO - Started process (PID=1846) to work on /home/airflow/.local/lib/python3.8/site-packages/airflow/example_dags/example_python_operator.py
[2023-12-20T21:24:50.782+0000] {processor.py:829} INFO - Processing file /home/airflow/.local/lib/python3.8/site-packages/airflow/example_dags/example_python_operator.py for tasks to queue
[2023-12-20T21:24:50.784+0000] {logging_mixin.py:154} INFO - [2023-12-20T21:24:50.784+0000] {dagbag.py:536} INFO - Filling up the DagBag from /home/airflow/.local/lib/python3.8/site-packages/airflow/example_dags/example_python_operator.py
[2023-12-20T21:24:50.792+0000] {processor.py:839} INFO - DAG(s) dict_keys(['example_python_operator']) retrieved from /home/airflow/.local/lib/python3.8/site-packages/airflow/example_dags/example_python_operator.py
[2023-12-20T21:24:50.812+0000] {logging_mixin.py:154} INFO - [2023-12-20T21:24:50.811+0000] {dag.py:2941} INFO - Sync 1 DAGs
[2023-12-20T21:24:50.822+0000] {logging_mixin.py:154} INFO - [2023-12-20T21:24:50.822+0000] {dag.py:3722} INFO - Setting next_dagrun for example_python_operator to None, run_after=None
[2023-12-20T21:24:50.843+0000] {processor.py:179} INFO - Processing /home/airflow/.local/lib/python3.8/site-packages/airflow/example_dags/example_python_operator.py took 0.064 seconds
[2023-12-20T21:25:21.162+0000] {processor.py:157} INFO - Started process (PID=1902) to work on /home/airflow/.local/lib/python3.8/site-packages/airflow/example_dags/example_python_operator.py
[2023-12-20T21:25:21.163+0000] {processor.py:829} INFO - Processing file /home/airflow/.local/lib/python3.8/site-packages/airflow/example_dags/example_python_operator.py for tasks to queue
[2023-12-20T21:25:21.165+0000] {logging_mixin.py:154} INFO - [2023-12-20T21:25:21.165+0000] {dagbag.py:536} INFO - Filling up the DagBag from /home/airflow/.local/lib/python3.8/site-packages/airflow/example_dags/example_python_operator.py
[2023-12-20T21:25:21.174+0000] {processor.py:839} INFO - DAG(s) dict_keys(['example_python_operator']) retrieved from /home/airflow/.local/lib/python3.8/site-packages/airflow/example_dags/example_python_operator.py
[2023-12-20T21:25:21.195+0000] {logging_mixin.py:154} INFO - [2023-12-20T21:25:21.195+0000] {dag.py:2941} INFO - Sync 1 DAGs
[2023-12-20T21:25:21.208+0000] {logging_mixin.py:154} INFO - [2023-12-20T21:25:21.207+0000] {dag.py:3722} INFO - Setting next_dagrun for example_python_operator to None, run_after=None
[2023-12-20T21:25:21.231+0000] {processor.py:179} INFO - Processing /home/airflow/.local/lib/python3.8/site-packages/airflow/example_dags/example_python_operator.py took 0.071 seconds
[2023-12-20T21:25:51.480+0000] {processor.py:157} INFO - Started process (PID=1958) to work on /home/airflow/.local/lib/python3.8/site-packages/airflow/example_dags/example_python_operator.py
[2023-12-20T21:25:51.481+0000] {processor.py:829} INFO - Processing file /home/airflow/.local/lib/python3.8/site-packages/airflow/example_dags/example_python_operator.py for tasks to queue
[2023-12-20T21:25:51.484+0000] {logging_mixin.py:154} INFO - [2023-12-20T21:25:51.483+0000] {dagbag.py:536} INFO - Filling up the DagBag from /home/airflow/.local/lib/python3.8/site-packages/airflow/example_dags/example_python_operator.py
[2023-12-20T21:25:51.491+0000] {processor.py:839} INFO - DAG(s) dict_keys(['example_python_operator']) retrieved from /home/airflow/.local/lib/python3.8/site-packages/airflow/example_dags/example_python_operator.py
[2023-12-20T21:25:51.512+0000] {logging_mixin.py:154} INFO - [2023-12-20T21:25:51.511+0000] {dag.py:2941} INFO - Sync 1 DAGs
[2023-12-20T21:25:51.524+0000] {logging_mixin.py:154} INFO - [2023-12-20T21:25:51.523+0000] {dag.py:3722} INFO - Setting next_dagrun for example_python_operator to None, run_after=None
[2023-12-20T21:25:51.545+0000] {processor.py:179} INFO - Processing /home/airflow/.local/lib/python3.8/site-packages/airflow/example_dags/example_python_operator.py took 0.067 seconds
[2023-12-20T21:26:21.982+0000] {processor.py:157} INFO - Started process (PID=2014) to work on /home/airflow/.local/lib/python3.8/site-packages/airflow/example_dags/example_python_operator.py
[2023-12-20T21:26:21.983+0000] {processor.py:829} INFO - Processing file /home/airflow/.local/lib/python3.8/site-packages/airflow/example_dags/example_python_operator.py for tasks to queue
[2023-12-20T21:26:21.985+0000] {logging_mixin.py:154} INFO - [2023-12-20T21:26:21.985+0000] {dagbag.py:536} INFO - Filling up the DagBag from /home/airflow/.local/lib/python3.8/site-packages/airflow/example_dags/example_python_operator.py
[2023-12-20T21:26:21.995+0000] {processor.py:839} INFO - DAG(s) dict_keys(['example_python_operator']) retrieved from /home/airflow/.local/lib/python3.8/site-packages/airflow/example_dags/example_python_operator.py
[2023-12-20T21:26:22.014+0000] {logging_mixin.py:154} INFO - [2023-12-20T21:26:22.014+0000] {dag.py:2941} INFO - Sync 1 DAGs
[2023-12-20T21:26:22.026+0000] {logging_mixin.py:154} INFO - [2023-12-20T21:26:22.026+0000] {dag.py:3722} INFO - Setting next_dagrun for example_python_operator to None, run_after=None
[2023-12-20T21:26:22.047+0000] {processor.py:179} INFO - Processing /home/airflow/.local/lib/python3.8/site-packages/airflow/example_dags/example_python_operator.py took 0.067 seconds
