[2023-12-20T21:08:35.692+0000] {processor.py:157} INFO - Started process (PID=78) to work on /home/airflow/.local/lib/python3.8/site-packages/airflow/example_dags/example_external_task_marker_dag.py
[2023-12-20T21:08:35.693+0000] {processor.py:829} INFO - Processing file /home/airflow/.local/lib/python3.8/site-packages/airflow/example_dags/example_external_task_marker_dag.py for tasks to queue
[2023-12-20T21:08:35.695+0000] {logging_mixin.py:154} INFO - [2023-12-20T21:08:35.695+0000] {dagbag.py:536} INFO - Filling up the DagBag from /home/airflow/.local/lib/python3.8/site-packages/airflow/example_dags/example_external_task_marker_dag.py
[2023-12-20T21:08:35.701+0000] {processor.py:839} INFO - DAG(s) dict_keys(['example_external_task_marker_parent', 'example_external_task_marker_child']) retrieved from /home/airflow/.local/lib/python3.8/site-packages/airflow/example_dags/example_external_task_marker_dag.py
[2023-12-20T21:08:35.714+0000] {logging_mixin.py:154} INFO - [2023-12-20T21:08:35.714+0000] {dag.py:2941} INFO - Sync 2 DAGs
[2023-12-20T21:08:35.732+0000] {logging_mixin.py:154} INFO - [2023-12-20T21:08:35.732+0000] {dag.py:3722} INFO - Setting next_dagrun for example_external_task_marker_child to None, run_after=None
[2023-12-20T21:08:35.737+0000] {logging_mixin.py:154} INFO - [2023-12-20T21:08:35.737+0000] {dag.py:3722} INFO - Setting next_dagrun for example_external_task_marker_parent to None, run_after=None
[2023-12-20T21:08:35.761+0000] {processor.py:179} INFO - Processing /home/airflow/.local/lib/python3.8/site-packages/airflow/example_dags/example_external_task_marker_dag.py took 0.071 seconds
[2023-12-20T21:09:05.859+0000] {processor.py:157} INFO - Started process (PID=134) to work on /home/airflow/.local/lib/python3.8/site-packages/airflow/example_dags/example_external_task_marker_dag.py
[2023-12-20T21:09:05.860+0000] {processor.py:829} INFO - Processing file /home/airflow/.local/lib/python3.8/site-packages/airflow/example_dags/example_external_task_marker_dag.py for tasks to queue
[2023-12-20T21:09:05.863+0000] {logging_mixin.py:154} INFO - [2023-12-20T21:09:05.862+0000] {dagbag.py:536} INFO - Filling up the DagBag from /home/airflow/.local/lib/python3.8/site-packages/airflow/example_dags/example_external_task_marker_dag.py
[2023-12-20T21:09:05.868+0000] {processor.py:839} INFO - DAG(s) dict_keys(['example_external_task_marker_child', 'example_external_task_marker_parent']) retrieved from /home/airflow/.local/lib/python3.8/site-packages/airflow/example_dags/example_external_task_marker_dag.py
[2023-12-20T21:09:05.893+0000] {logging_mixin.py:154} INFO - [2023-12-20T21:09:05.893+0000] {dag.py:2941} INFO - Sync 2 DAGs
[2023-12-20T21:09:05.907+0000] {logging_mixin.py:154} INFO - [2023-12-20T21:09:05.906+0000] {dag.py:3722} INFO - Setting next_dagrun for example_external_task_marker_child to None, run_after=None
[2023-12-20T21:09:05.911+0000] {logging_mixin.py:154} INFO - [2023-12-20T21:09:05.911+0000] {dag.py:3722} INFO - Setting next_dagrun for example_external_task_marker_parent to None, run_after=None
[2023-12-20T21:09:05.934+0000] {processor.py:179} INFO - Processing /home/airflow/.local/lib/python3.8/site-packages/airflow/example_dags/example_external_task_marker_dag.py took 0.077 seconds
[2023-12-20T21:09:36.733+0000] {processor.py:157} INFO - Started process (PID=190) to work on /home/airflow/.local/lib/python3.8/site-packages/airflow/example_dags/example_external_task_marker_dag.py
[2023-12-20T21:09:36.734+0000] {processor.py:829} INFO - Processing file /home/airflow/.local/lib/python3.8/site-packages/airflow/example_dags/example_external_task_marker_dag.py for tasks to queue
[2023-12-20T21:09:36.736+0000] {logging_mixin.py:154} INFO - [2023-12-20T21:09:36.736+0000] {dagbag.py:536} INFO - Filling up the DagBag from /home/airflow/.local/lib/python3.8/site-packages/airflow/example_dags/example_external_task_marker_dag.py
[2023-12-20T21:09:36.740+0000] {processor.py:839} INFO - DAG(s) dict_keys(['example_external_task_marker_child', 'example_external_task_marker_parent']) retrieved from /home/airflow/.local/lib/python3.8/site-packages/airflow/example_dags/example_external_task_marker_dag.py
[2023-12-20T21:09:36.764+0000] {logging_mixin.py:154} INFO - [2023-12-20T21:09:36.764+0000] {dag.py:2941} INFO - Sync 2 DAGs
[2023-12-20T21:09:36.775+0000] {logging_mixin.py:154} INFO - [2023-12-20T21:09:36.775+0000] {dag.py:3722} INFO - Setting next_dagrun for example_external_task_marker_child to None, run_after=None
[2023-12-20T21:09:36.778+0000] {logging_mixin.py:154} INFO - [2023-12-20T21:09:36.778+0000] {dag.py:3722} INFO - Setting next_dagrun for example_external_task_marker_parent to None, run_after=None
[2023-12-20T21:09:36.797+0000] {processor.py:179} INFO - Processing /home/airflow/.local/lib/python3.8/site-packages/airflow/example_dags/example_external_task_marker_dag.py took 0.067 seconds
[2023-12-20T21:10:07.712+0000] {processor.py:157} INFO - Started process (PID=246) to work on /home/airflow/.local/lib/python3.8/site-packages/airflow/example_dags/example_external_task_marker_dag.py
[2023-12-20T21:10:07.713+0000] {processor.py:829} INFO - Processing file /home/airflow/.local/lib/python3.8/site-packages/airflow/example_dags/example_external_task_marker_dag.py for tasks to queue
[2023-12-20T21:10:07.715+0000] {logging_mixin.py:154} INFO - [2023-12-20T21:10:07.715+0000] {dagbag.py:536} INFO - Filling up the DagBag from /home/airflow/.local/lib/python3.8/site-packages/airflow/example_dags/example_external_task_marker_dag.py
[2023-12-20T21:10:07.722+0000] {processor.py:839} INFO - DAG(s) dict_keys(['example_external_task_marker_parent', 'example_external_task_marker_child']) retrieved from /home/airflow/.local/lib/python3.8/site-packages/airflow/example_dags/example_external_task_marker_dag.py
[2023-12-20T21:10:07.743+0000] {logging_mixin.py:154} INFO - [2023-12-20T21:10:07.743+0000] {dag.py:2941} INFO - Sync 2 DAGs
[2023-12-20T21:10:07.755+0000] {logging_mixin.py:154} INFO - [2023-12-20T21:10:07.755+0000] {dag.py:3722} INFO - Setting next_dagrun for example_external_task_marker_child to None, run_after=None
[2023-12-20T21:10:07.759+0000] {logging_mixin.py:154} INFO - [2023-12-20T21:10:07.759+0000] {dag.py:3722} INFO - Setting next_dagrun for example_external_task_marker_parent to None, run_after=None
[2023-12-20T21:10:07.781+0000] {processor.py:179} INFO - Processing /home/airflow/.local/lib/python3.8/site-packages/airflow/example_dags/example_external_task_marker_dag.py took 0.072 seconds
[2023-12-20T21:10:38.496+0000] {processor.py:157} INFO - Started process (PID=302) to work on /home/airflow/.local/lib/python3.8/site-packages/airflow/example_dags/example_external_task_marker_dag.py
[2023-12-20T21:10:38.497+0000] {processor.py:829} INFO - Processing file /home/airflow/.local/lib/python3.8/site-packages/airflow/example_dags/example_external_task_marker_dag.py for tasks to queue
[2023-12-20T21:10:38.499+0000] {logging_mixin.py:154} INFO - [2023-12-20T21:10:38.498+0000] {dagbag.py:536} INFO - Filling up the DagBag from /home/airflow/.local/lib/python3.8/site-packages/airflow/example_dags/example_external_task_marker_dag.py
[2023-12-20T21:10:38.503+0000] {processor.py:839} INFO - DAG(s) dict_keys(['example_external_task_marker_child', 'example_external_task_marker_parent']) retrieved from /home/airflow/.local/lib/python3.8/site-packages/airflow/example_dags/example_external_task_marker_dag.py
[2023-12-20T21:10:38.524+0000] {logging_mixin.py:154} INFO - [2023-12-20T21:10:38.524+0000] {dag.py:2941} INFO - Sync 2 DAGs
[2023-12-20T21:10:38.535+0000] {logging_mixin.py:154} INFO - [2023-12-20T21:10:38.535+0000] {dag.py:3722} INFO - Setting next_dagrun for example_external_task_marker_child to None, run_after=None
[2023-12-20T21:10:38.539+0000] {logging_mixin.py:154} INFO - [2023-12-20T21:10:38.539+0000] {dag.py:3722} INFO - Setting next_dagrun for example_external_task_marker_parent to None, run_after=None
[2023-12-20T21:10:38.558+0000] {processor.py:179} INFO - Processing /home/airflow/.local/lib/python3.8/site-packages/airflow/example_dags/example_external_task_marker_dag.py took 0.064 seconds
[2023-12-20T21:11:08.745+0000] {processor.py:157} INFO - Started process (PID=358) to work on /home/airflow/.local/lib/python3.8/site-packages/airflow/example_dags/example_external_task_marker_dag.py
[2023-12-20T21:11:08.746+0000] {processor.py:829} INFO - Processing file /home/airflow/.local/lib/python3.8/site-packages/airflow/example_dags/example_external_task_marker_dag.py for tasks to queue
[2023-12-20T21:11:08.747+0000] {logging_mixin.py:154} INFO - [2023-12-20T21:11:08.747+0000] {dagbag.py:536} INFO - Filling up the DagBag from /home/airflow/.local/lib/python3.8/site-packages/airflow/example_dags/example_external_task_marker_dag.py
[2023-12-20T21:11:08.752+0000] {processor.py:839} INFO - DAG(s) dict_keys(['example_external_task_marker_child', 'example_external_task_marker_parent']) retrieved from /home/airflow/.local/lib/python3.8/site-packages/airflow/example_dags/example_external_task_marker_dag.py
[2023-12-20T21:11:08.775+0000] {logging_mixin.py:154} INFO - [2023-12-20T21:11:08.775+0000] {dag.py:2941} INFO - Sync 2 DAGs
[2023-12-20T21:11:08.787+0000] {logging_mixin.py:154} INFO - [2023-12-20T21:11:08.787+0000] {dag.py:3722} INFO - Setting next_dagrun for example_external_task_marker_child to None, run_after=None
[2023-12-20T21:11:08.791+0000] {logging_mixin.py:154} INFO - [2023-12-20T21:11:08.791+0000] {dag.py:3722} INFO - Setting next_dagrun for example_external_task_marker_parent to None, run_after=None
[2023-12-20T21:11:08.812+0000] {processor.py:179} INFO - Processing /home/airflow/.local/lib/python3.8/site-packages/airflow/example_dags/example_external_task_marker_dag.py took 0.070 seconds
[2023-12-20T21:11:39.777+0000] {processor.py:157} INFO - Started process (PID=414) to work on /home/airflow/.local/lib/python3.8/site-packages/airflow/example_dags/example_external_task_marker_dag.py
[2023-12-20T21:11:39.778+0000] {processor.py:829} INFO - Processing file /home/airflow/.local/lib/python3.8/site-packages/airflow/example_dags/example_external_task_marker_dag.py for tasks to queue
[2023-12-20T21:11:39.780+0000] {logging_mixin.py:154} INFO - [2023-12-20T21:11:39.780+0000] {dagbag.py:536} INFO - Filling up the DagBag from /home/airflow/.local/lib/python3.8/site-packages/airflow/example_dags/example_external_task_marker_dag.py
[2023-12-20T21:11:39.785+0000] {processor.py:839} INFO - DAG(s) dict_keys(['example_external_task_marker_child', 'example_external_task_marker_parent']) retrieved from /home/airflow/.local/lib/python3.8/site-packages/airflow/example_dags/example_external_task_marker_dag.py
[2023-12-20T21:11:39.809+0000] {logging_mixin.py:154} INFO - [2023-12-20T21:11:39.809+0000] {dag.py:2941} INFO - Sync 2 DAGs
[2023-12-20T21:11:39.822+0000] {logging_mixin.py:154} INFO - [2023-12-20T21:11:39.822+0000] {dag.py:3722} INFO - Setting next_dagrun for example_external_task_marker_child to None, run_after=None
[2023-12-20T21:11:39.826+0000] {logging_mixin.py:154} INFO - [2023-12-20T21:11:39.826+0000] {dag.py:3722} INFO - Setting next_dagrun for example_external_task_marker_parent to None, run_after=None
[2023-12-20T21:11:39.846+0000] {processor.py:179} INFO - Processing /home/airflow/.local/lib/python3.8/site-packages/airflow/example_dags/example_external_task_marker_dag.py took 0.072 seconds
[2023-12-20T21:12:10.602+0000] {processor.py:157} INFO - Started process (PID=470) to work on /home/airflow/.local/lib/python3.8/site-packages/airflow/example_dags/example_external_task_marker_dag.py
[2023-12-20T21:12:10.603+0000] {processor.py:829} INFO - Processing file /home/airflow/.local/lib/python3.8/site-packages/airflow/example_dags/example_external_task_marker_dag.py for tasks to queue
[2023-12-20T21:12:10.605+0000] {logging_mixin.py:154} INFO - [2023-12-20T21:12:10.605+0000] {dagbag.py:536} INFO - Filling up the DagBag from /home/airflow/.local/lib/python3.8/site-packages/airflow/example_dags/example_external_task_marker_dag.py
[2023-12-20T21:12:10.609+0000] {processor.py:839} INFO - DAG(s) dict_keys(['example_external_task_marker_child', 'example_external_task_marker_parent']) retrieved from /home/airflow/.local/lib/python3.8/site-packages/airflow/example_dags/example_external_task_marker_dag.py
[2023-12-20T21:12:10.631+0000] {logging_mixin.py:154} INFO - [2023-12-20T21:12:10.631+0000] {dag.py:2941} INFO - Sync 2 DAGs
[2023-12-20T21:12:10.644+0000] {logging_mixin.py:154} INFO - [2023-12-20T21:12:10.643+0000] {dag.py:3722} INFO - Setting next_dagrun for example_external_task_marker_child to None, run_after=None
[2023-12-20T21:12:10.648+0000] {logging_mixin.py:154} INFO - [2023-12-20T21:12:10.648+0000] {dag.py:3722} INFO - Setting next_dagrun for example_external_task_marker_parent to None, run_after=None
[2023-12-20T21:12:10.667+0000] {processor.py:179} INFO - Processing /home/airflow/.local/lib/python3.8/site-packages/airflow/example_dags/example_external_task_marker_dag.py took 0.067 seconds
[2023-12-20T21:12:40.861+0000] {processor.py:157} INFO - Started process (PID=526) to work on /home/airflow/.local/lib/python3.8/site-packages/airflow/example_dags/example_external_task_marker_dag.py
[2023-12-20T21:12:40.862+0000] {processor.py:829} INFO - Processing file /home/airflow/.local/lib/python3.8/site-packages/airflow/example_dags/example_external_task_marker_dag.py for tasks to queue
[2023-12-20T21:12:40.864+0000] {logging_mixin.py:154} INFO - [2023-12-20T21:12:40.864+0000] {dagbag.py:536} INFO - Filling up the DagBag from /home/airflow/.local/lib/python3.8/site-packages/airflow/example_dags/example_external_task_marker_dag.py
[2023-12-20T21:12:40.869+0000] {processor.py:839} INFO - DAG(s) dict_keys(['example_external_task_marker_parent', 'example_external_task_marker_child']) retrieved from /home/airflow/.local/lib/python3.8/site-packages/airflow/example_dags/example_external_task_marker_dag.py
[2023-12-20T21:12:40.892+0000] {logging_mixin.py:154} INFO - [2023-12-20T21:12:40.892+0000] {dag.py:2941} INFO - Sync 2 DAGs
[2023-12-20T21:12:40.903+0000] {logging_mixin.py:154} INFO - [2023-12-20T21:12:40.902+0000] {dag.py:3722} INFO - Setting next_dagrun for example_external_task_marker_child to None, run_after=None
[2023-12-20T21:12:40.906+0000] {logging_mixin.py:154} INFO - [2023-12-20T21:12:40.906+0000] {dag.py:3722} INFO - Setting next_dagrun for example_external_task_marker_parent to None, run_after=None
[2023-12-20T21:12:40.925+0000] {processor.py:179} INFO - Processing /home/airflow/.local/lib/python3.8/site-packages/airflow/example_dags/example_external_task_marker_dag.py took 0.066 seconds
[2023-12-20T21:13:11.256+0000] {processor.py:157} INFO - Started process (PID=582) to work on /home/airflow/.local/lib/python3.8/site-packages/airflow/example_dags/example_external_task_marker_dag.py
[2023-12-20T21:13:11.257+0000] {processor.py:829} INFO - Processing file /home/airflow/.local/lib/python3.8/site-packages/airflow/example_dags/example_external_task_marker_dag.py for tasks to queue
[2023-12-20T21:13:11.259+0000] {logging_mixin.py:154} INFO - [2023-12-20T21:13:11.259+0000] {dagbag.py:536} INFO - Filling up the DagBag from /home/airflow/.local/lib/python3.8/site-packages/airflow/example_dags/example_external_task_marker_dag.py
[2023-12-20T21:13:11.264+0000] {processor.py:839} INFO - DAG(s) dict_keys(['example_external_task_marker_parent', 'example_external_task_marker_child']) retrieved from /home/airflow/.local/lib/python3.8/site-packages/airflow/example_dags/example_external_task_marker_dag.py
[2023-12-20T21:13:11.289+0000] {logging_mixin.py:154} INFO - [2023-12-20T21:13:11.288+0000] {dag.py:2941} INFO - Sync 2 DAGs
[2023-12-20T21:13:11.301+0000] {logging_mixin.py:154} INFO - [2023-12-20T21:13:11.301+0000] {dag.py:3722} INFO - Setting next_dagrun for example_external_task_marker_child to None, run_after=None
[2023-12-20T21:13:11.305+0000] {logging_mixin.py:154} INFO - [2023-12-20T21:13:11.305+0000] {dag.py:3722} INFO - Setting next_dagrun for example_external_task_marker_parent to None, run_after=None
[2023-12-20T21:13:11.327+0000] {processor.py:179} INFO - Processing /home/airflow/.local/lib/python3.8/site-packages/airflow/example_dags/example_external_task_marker_dag.py took 0.073 seconds
[2023-12-20T21:13:42.012+0000] {processor.py:157} INFO - Started process (PID=638) to work on /home/airflow/.local/lib/python3.8/site-packages/airflow/example_dags/example_external_task_marker_dag.py
[2023-12-20T21:13:42.013+0000] {processor.py:829} INFO - Processing file /home/airflow/.local/lib/python3.8/site-packages/airflow/example_dags/example_external_task_marker_dag.py for tasks to queue
[2023-12-20T21:13:42.015+0000] {logging_mixin.py:154} INFO - [2023-12-20T21:13:42.015+0000] {dagbag.py:536} INFO - Filling up the DagBag from /home/airflow/.local/lib/python3.8/site-packages/airflow/example_dags/example_external_task_marker_dag.py
[2023-12-20T21:13:42.022+0000] {processor.py:839} INFO - DAG(s) dict_keys(['example_external_task_marker_child', 'example_external_task_marker_parent']) retrieved from /home/airflow/.local/lib/python3.8/site-packages/airflow/example_dags/example_external_task_marker_dag.py
[2023-12-20T21:13:42.050+0000] {logging_mixin.py:154} INFO - [2023-12-20T21:13:42.049+0000] {dag.py:2941} INFO - Sync 2 DAGs
[2023-12-20T21:13:42.065+0000] {logging_mixin.py:154} INFO - [2023-12-20T21:13:42.065+0000] {dag.py:3722} INFO - Setting next_dagrun for example_external_task_marker_child to None, run_after=None
[2023-12-20T21:13:42.069+0000] {logging_mixin.py:154} INFO - [2023-12-20T21:13:42.069+0000] {dag.py:3722} INFO - Setting next_dagrun for example_external_task_marker_parent to None, run_after=None
[2023-12-20T21:13:42.092+0000] {processor.py:179} INFO - Processing /home/airflow/.local/lib/python3.8/site-packages/airflow/example_dags/example_external_task_marker_dag.py took 0.083 seconds
[2023-12-20T21:14:12.313+0000] {processor.py:157} INFO - Started process (PID=694) to work on /home/airflow/.local/lib/python3.8/site-packages/airflow/example_dags/example_external_task_marker_dag.py
[2023-12-20T21:14:12.314+0000] {processor.py:829} INFO - Processing file /home/airflow/.local/lib/python3.8/site-packages/airflow/example_dags/example_external_task_marker_dag.py for tasks to queue
[2023-12-20T21:14:12.316+0000] {logging_mixin.py:154} INFO - [2023-12-20T21:14:12.316+0000] {dagbag.py:536} INFO - Filling up the DagBag from /home/airflow/.local/lib/python3.8/site-packages/airflow/example_dags/example_external_task_marker_dag.py
[2023-12-20T21:14:12.321+0000] {processor.py:839} INFO - DAG(s) dict_keys(['example_external_task_marker_parent', 'example_external_task_marker_child']) retrieved from /home/airflow/.local/lib/python3.8/site-packages/airflow/example_dags/example_external_task_marker_dag.py
[2023-12-20T21:14:12.345+0000] {logging_mixin.py:154} INFO - [2023-12-20T21:14:12.344+0000] {dag.py:2941} INFO - Sync 2 DAGs
[2023-12-20T21:14:12.357+0000] {logging_mixin.py:154} INFO - [2023-12-20T21:14:12.357+0000] {dag.py:3722} INFO - Setting next_dagrun for example_external_task_marker_child to None, run_after=None
[2023-12-20T21:14:12.361+0000] {logging_mixin.py:154} INFO - [2023-12-20T21:14:12.361+0000] {dag.py:3722} INFO - Setting next_dagrun for example_external_task_marker_parent to None, run_after=None
[2023-12-20T21:14:12.381+0000] {processor.py:179} INFO - Processing /home/airflow/.local/lib/python3.8/site-packages/airflow/example_dags/example_external_task_marker_dag.py took 0.070 seconds
[2023-12-20T21:14:43.182+0000] {processor.py:157} INFO - Started process (PID=750) to work on /home/airflow/.local/lib/python3.8/site-packages/airflow/example_dags/example_external_task_marker_dag.py
[2023-12-20T21:14:43.183+0000] {processor.py:829} INFO - Processing file /home/airflow/.local/lib/python3.8/site-packages/airflow/example_dags/example_external_task_marker_dag.py for tasks to queue
[2023-12-20T21:14:43.185+0000] {logging_mixin.py:154} INFO - [2023-12-20T21:14:43.185+0000] {dagbag.py:536} INFO - Filling up the DagBag from /home/airflow/.local/lib/python3.8/site-packages/airflow/example_dags/example_external_task_marker_dag.py
[2023-12-20T21:14:43.190+0000] {processor.py:839} INFO - DAG(s) dict_keys(['example_external_task_marker_child', 'example_external_task_marker_parent']) retrieved from /home/airflow/.local/lib/python3.8/site-packages/airflow/example_dags/example_external_task_marker_dag.py
[2023-12-20T21:14:43.213+0000] {logging_mixin.py:154} INFO - [2023-12-20T21:14:43.213+0000] {dag.py:2941} INFO - Sync 2 DAGs
[2023-12-20T21:14:43.227+0000] {logging_mixin.py:154} INFO - [2023-12-20T21:14:43.226+0000] {dag.py:3722} INFO - Setting next_dagrun for example_external_task_marker_child to None, run_after=None
[2023-12-20T21:14:43.231+0000] {logging_mixin.py:154} INFO - [2023-12-20T21:14:43.231+0000] {dag.py:3722} INFO - Setting next_dagrun for example_external_task_marker_parent to None, run_after=None
[2023-12-20T21:14:43.251+0000] {processor.py:179} INFO - Processing /home/airflow/.local/lib/python3.8/site-packages/airflow/example_dags/example_external_task_marker_dag.py took 0.071 seconds
[2023-12-20T21:15:13.758+0000] {processor.py:157} INFO - Started process (PID=806) to work on /home/airflow/.local/lib/python3.8/site-packages/airflow/example_dags/example_external_task_marker_dag.py
[2023-12-20T21:15:13.759+0000] {processor.py:829} INFO - Processing file /home/airflow/.local/lib/python3.8/site-packages/airflow/example_dags/example_external_task_marker_dag.py for tasks to queue
[2023-12-20T21:15:13.761+0000] {logging_mixin.py:154} INFO - [2023-12-20T21:15:13.761+0000] {dagbag.py:536} INFO - Filling up the DagBag from /home/airflow/.local/lib/python3.8/site-packages/airflow/example_dags/example_external_task_marker_dag.py
[2023-12-20T21:15:13.765+0000] {processor.py:839} INFO - DAG(s) dict_keys(['example_external_task_marker_child', 'example_external_task_marker_parent']) retrieved from /home/airflow/.local/lib/python3.8/site-packages/airflow/example_dags/example_external_task_marker_dag.py
[2023-12-20T21:15:13.787+0000] {logging_mixin.py:154} INFO - [2023-12-20T21:15:13.786+0000] {dag.py:2941} INFO - Sync 2 DAGs
[2023-12-20T21:15:13.797+0000] {logging_mixin.py:154} INFO - [2023-12-20T21:15:13.797+0000] {dag.py:3722} INFO - Setting next_dagrun for example_external_task_marker_child to None, run_after=None
[2023-12-20T21:15:13.801+0000] {logging_mixin.py:154} INFO - [2023-12-20T21:15:13.801+0000] {dag.py:3722} INFO - Setting next_dagrun for example_external_task_marker_parent to None, run_after=None
[2023-12-20T21:15:13.819+0000] {processor.py:179} INFO - Processing /home/airflow/.local/lib/python3.8/site-packages/airflow/example_dags/example_external_task_marker_dag.py took 0.063 seconds
[2023-12-20T21:15:44.282+0000] {processor.py:157} INFO - Started process (PID=862) to work on /home/airflow/.local/lib/python3.8/site-packages/airflow/example_dags/example_external_task_marker_dag.py
[2023-12-20T21:15:44.284+0000] {processor.py:829} INFO - Processing file /home/airflow/.local/lib/python3.8/site-packages/airflow/example_dags/example_external_task_marker_dag.py for tasks to queue
[2023-12-20T21:15:44.286+0000] {logging_mixin.py:154} INFO - [2023-12-20T21:15:44.285+0000] {dagbag.py:536} INFO - Filling up the DagBag from /home/airflow/.local/lib/python3.8/site-packages/airflow/example_dags/example_external_task_marker_dag.py
[2023-12-20T21:15:44.290+0000] {processor.py:839} INFO - DAG(s) dict_keys(['example_external_task_marker_parent', 'example_external_task_marker_child']) retrieved from /home/airflow/.local/lib/python3.8/site-packages/airflow/example_dags/example_external_task_marker_dag.py
[2023-12-20T21:15:44.313+0000] {logging_mixin.py:154} INFO - [2023-12-20T21:15:44.312+0000] {dag.py:2941} INFO - Sync 2 DAGs
[2023-12-20T21:15:44.325+0000] {logging_mixin.py:154} INFO - [2023-12-20T21:15:44.325+0000] {dag.py:3722} INFO - Setting next_dagrun for example_external_task_marker_child to None, run_after=None
[2023-12-20T21:15:44.329+0000] {logging_mixin.py:154} INFO - [2023-12-20T21:15:44.329+0000] {dag.py:3722} INFO - Setting next_dagrun for example_external_task_marker_parent to None, run_after=None
[2023-12-20T21:15:44.350+0000] {processor.py:179} INFO - Processing /home/airflow/.local/lib/python3.8/site-packages/airflow/example_dags/example_external_task_marker_dag.py took 0.070 seconds
[2023-12-20T21:16:14.845+0000] {processor.py:157} INFO - Started process (PID=918) to work on /home/airflow/.local/lib/python3.8/site-packages/airflow/example_dags/example_external_task_marker_dag.py
[2023-12-20T21:16:14.847+0000] {processor.py:829} INFO - Processing file /home/airflow/.local/lib/python3.8/site-packages/airflow/example_dags/example_external_task_marker_dag.py for tasks to queue
[2023-12-20T21:16:14.848+0000] {logging_mixin.py:154} INFO - [2023-12-20T21:16:14.848+0000] {dagbag.py:536} INFO - Filling up the DagBag from /home/airflow/.local/lib/python3.8/site-packages/airflow/example_dags/example_external_task_marker_dag.py
[2023-12-20T21:16:14.853+0000] {processor.py:839} INFO - DAG(s) dict_keys(['example_external_task_marker_parent', 'example_external_task_marker_child']) retrieved from /home/airflow/.local/lib/python3.8/site-packages/airflow/example_dags/example_external_task_marker_dag.py
[2023-12-20T21:16:14.875+0000] {logging_mixin.py:154} INFO - [2023-12-20T21:16:14.875+0000] {dag.py:2941} INFO - Sync 2 DAGs
[2023-12-20T21:16:14.888+0000] {logging_mixin.py:154} INFO - [2023-12-20T21:16:14.888+0000] {dag.py:3722} INFO - Setting next_dagrun for example_external_task_marker_child to None, run_after=None
[2023-12-20T21:16:14.892+0000] {logging_mixin.py:154} INFO - [2023-12-20T21:16:14.892+0000] {dag.py:3722} INFO - Setting next_dagrun for example_external_task_marker_parent to None, run_after=None
[2023-12-20T21:16:14.915+0000] {processor.py:179} INFO - Processing /home/airflow/.local/lib/python3.8/site-packages/airflow/example_dags/example_external_task_marker_dag.py took 0.072 seconds
[2023-12-20T21:16:45.131+0000] {processor.py:157} INFO - Started process (PID=974) to work on /home/airflow/.local/lib/python3.8/site-packages/airflow/example_dags/example_external_task_marker_dag.py
[2023-12-20T21:16:45.132+0000] {processor.py:829} INFO - Processing file /home/airflow/.local/lib/python3.8/site-packages/airflow/example_dags/example_external_task_marker_dag.py for tasks to queue
[2023-12-20T21:16:45.135+0000] {logging_mixin.py:154} INFO - [2023-12-20T21:16:45.134+0000] {dagbag.py:536} INFO - Filling up the DagBag from /home/airflow/.local/lib/python3.8/site-packages/airflow/example_dags/example_external_task_marker_dag.py
[2023-12-20T21:16:45.139+0000] {processor.py:839} INFO - DAG(s) dict_keys(['example_external_task_marker_child', 'example_external_task_marker_parent']) retrieved from /home/airflow/.local/lib/python3.8/site-packages/airflow/example_dags/example_external_task_marker_dag.py
[2023-12-20T21:16:45.160+0000] {logging_mixin.py:154} INFO - [2023-12-20T21:16:45.159+0000] {dag.py:2941} INFO - Sync 2 DAGs
[2023-12-20T21:16:45.171+0000] {logging_mixin.py:154} INFO - [2023-12-20T21:16:45.171+0000] {dag.py:3722} INFO - Setting next_dagrun for example_external_task_marker_child to None, run_after=None
[2023-12-20T21:16:45.176+0000] {logging_mixin.py:154} INFO - [2023-12-20T21:16:45.176+0000] {dag.py:3722} INFO - Setting next_dagrun for example_external_task_marker_parent to None, run_after=None
[2023-12-20T21:16:45.194+0000] {processor.py:179} INFO - Processing /home/airflow/.local/lib/python3.8/site-packages/airflow/example_dags/example_external_task_marker_dag.py took 0.065 seconds
[2023-12-20T21:17:16.013+0000] {processor.py:157} INFO - Started process (PID=1030) to work on /home/airflow/.local/lib/python3.8/site-packages/airflow/example_dags/example_external_task_marker_dag.py
[2023-12-20T21:17:16.014+0000] {processor.py:829} INFO - Processing file /home/airflow/.local/lib/python3.8/site-packages/airflow/example_dags/example_external_task_marker_dag.py for tasks to queue
[2023-12-20T21:17:16.016+0000] {logging_mixin.py:154} INFO - [2023-12-20T21:17:16.016+0000] {dagbag.py:536} INFO - Filling up the DagBag from /home/airflow/.local/lib/python3.8/site-packages/airflow/example_dags/example_external_task_marker_dag.py
[2023-12-20T21:17:16.020+0000] {processor.py:839} INFO - DAG(s) dict_keys(['example_external_task_marker_child', 'example_external_task_marker_parent']) retrieved from /home/airflow/.local/lib/python3.8/site-packages/airflow/example_dags/example_external_task_marker_dag.py
[2023-12-20T21:17:16.044+0000] {logging_mixin.py:154} INFO - [2023-12-20T21:17:16.044+0000] {dag.py:2941} INFO - Sync 2 DAGs
[2023-12-20T21:17:16.057+0000] {logging_mixin.py:154} INFO - [2023-12-20T21:17:16.056+0000] {dag.py:3722} INFO - Setting next_dagrun for example_external_task_marker_child to None, run_after=None
[2023-12-20T21:17:16.060+0000] {logging_mixin.py:154} INFO - [2023-12-20T21:17:16.060+0000] {dag.py:3722} INFO - Setting next_dagrun for example_external_task_marker_parent to None, run_after=None
[2023-12-20T21:17:16.078+0000] {processor.py:179} INFO - Processing /home/airflow/.local/lib/python3.8/site-packages/airflow/example_dags/example_external_task_marker_dag.py took 0.067 seconds
[2023-12-20T21:17:46.478+0000] {processor.py:157} INFO - Started process (PID=1086) to work on /home/airflow/.local/lib/python3.8/site-packages/airflow/example_dags/example_external_task_marker_dag.py
[2023-12-20T21:17:46.479+0000] {processor.py:829} INFO - Processing file /home/airflow/.local/lib/python3.8/site-packages/airflow/example_dags/example_external_task_marker_dag.py for tasks to queue
[2023-12-20T21:17:46.481+0000] {logging_mixin.py:154} INFO - [2023-12-20T21:17:46.481+0000] {dagbag.py:536} INFO - Filling up the DagBag from /home/airflow/.local/lib/python3.8/site-packages/airflow/example_dags/example_external_task_marker_dag.py
[2023-12-20T21:17:46.486+0000] {processor.py:839} INFO - DAG(s) dict_keys(['example_external_task_marker_child', 'example_external_task_marker_parent']) retrieved from /home/airflow/.local/lib/python3.8/site-packages/airflow/example_dags/example_external_task_marker_dag.py
[2023-12-20T21:17:46.513+0000] {logging_mixin.py:154} INFO - [2023-12-20T21:17:46.513+0000] {dag.py:2941} INFO - Sync 2 DAGs
[2023-12-20T21:17:46.530+0000] {logging_mixin.py:154} INFO - [2023-12-20T21:17:46.529+0000] {dag.py:3722} INFO - Setting next_dagrun for example_external_task_marker_child to None, run_after=None
[2023-12-20T21:17:46.536+0000] {logging_mixin.py:154} INFO - [2023-12-20T21:17:46.536+0000] {dag.py:3722} INFO - Setting next_dagrun for example_external_task_marker_parent to None, run_after=None
[2023-12-20T21:17:46.557+0000] {processor.py:179} INFO - Processing /home/airflow/.local/lib/python3.8/site-packages/airflow/example_dags/example_external_task_marker_dag.py took 0.081 seconds
[2023-12-20T21:18:17.488+0000] {processor.py:157} INFO - Started process (PID=1142) to work on /home/airflow/.local/lib/python3.8/site-packages/airflow/example_dags/example_external_task_marker_dag.py
[2023-12-20T21:18:17.489+0000] {processor.py:829} INFO - Processing file /home/airflow/.local/lib/python3.8/site-packages/airflow/example_dags/example_external_task_marker_dag.py for tasks to queue
[2023-12-20T21:18:17.491+0000] {logging_mixin.py:154} INFO - [2023-12-20T21:18:17.490+0000] {dagbag.py:536} INFO - Filling up the DagBag from /home/airflow/.local/lib/python3.8/site-packages/airflow/example_dags/example_external_task_marker_dag.py
[2023-12-20T21:18:17.495+0000] {processor.py:839} INFO - DAG(s) dict_keys(['example_external_task_marker_child', 'example_external_task_marker_parent']) retrieved from /home/airflow/.local/lib/python3.8/site-packages/airflow/example_dags/example_external_task_marker_dag.py
[2023-12-20T21:18:17.515+0000] {logging_mixin.py:154} INFO - [2023-12-20T21:18:17.514+0000] {dag.py:2941} INFO - Sync 2 DAGs
[2023-12-20T21:18:17.526+0000] {logging_mixin.py:154} INFO - [2023-12-20T21:18:17.526+0000] {dag.py:3722} INFO - Setting next_dagrun for example_external_task_marker_child to None, run_after=None
[2023-12-20T21:18:17.530+0000] {logging_mixin.py:154} INFO - [2023-12-20T21:18:17.529+0000] {dag.py:3722} INFO - Setting next_dagrun for example_external_task_marker_parent to None, run_after=None
[2023-12-20T21:18:17.545+0000] {processor.py:179} INFO - Processing /home/airflow/.local/lib/python3.8/site-packages/airflow/example_dags/example_external_task_marker_dag.py took 0.059 seconds
[2023-12-20T21:18:47.863+0000] {processor.py:157} INFO - Started process (PID=1198) to work on /home/airflow/.local/lib/python3.8/site-packages/airflow/example_dags/example_external_task_marker_dag.py
[2023-12-20T21:18:47.864+0000] {processor.py:829} INFO - Processing file /home/airflow/.local/lib/python3.8/site-packages/airflow/example_dags/example_external_task_marker_dag.py for tasks to queue
[2023-12-20T21:18:47.866+0000] {logging_mixin.py:154} INFO - [2023-12-20T21:18:47.866+0000] {dagbag.py:536} INFO - Filling up the DagBag from /home/airflow/.local/lib/python3.8/site-packages/airflow/example_dags/example_external_task_marker_dag.py
[2023-12-20T21:18:47.870+0000] {processor.py:839} INFO - DAG(s) dict_keys(['example_external_task_marker_child', 'example_external_task_marker_parent']) retrieved from /home/airflow/.local/lib/python3.8/site-packages/airflow/example_dags/example_external_task_marker_dag.py
[2023-12-20T21:18:47.891+0000] {logging_mixin.py:154} INFO - [2023-12-20T21:18:47.891+0000] {dag.py:2941} INFO - Sync 2 DAGs
[2023-12-20T21:18:47.902+0000] {logging_mixin.py:154} INFO - [2023-12-20T21:18:47.902+0000] {dag.py:3722} INFO - Setting next_dagrun for example_external_task_marker_child to None, run_after=None
[2023-12-20T21:18:47.906+0000] {logging_mixin.py:154} INFO - [2023-12-20T21:18:47.906+0000] {dag.py:3722} INFO - Setting next_dagrun for example_external_task_marker_parent to None, run_after=None
[2023-12-20T21:18:47.926+0000] {processor.py:179} INFO - Processing /home/airflow/.local/lib/python3.8/site-packages/airflow/example_dags/example_external_task_marker_dag.py took 0.065 seconds
[2023-12-20T21:19:18.241+0000] {processor.py:157} INFO - Started process (PID=1254) to work on /home/airflow/.local/lib/python3.8/site-packages/airflow/example_dags/example_external_task_marker_dag.py
[2023-12-20T21:19:18.242+0000] {processor.py:829} INFO - Processing file /home/airflow/.local/lib/python3.8/site-packages/airflow/example_dags/example_external_task_marker_dag.py for tasks to queue
[2023-12-20T21:19:18.244+0000] {logging_mixin.py:154} INFO - [2023-12-20T21:19:18.244+0000] {dagbag.py:536} INFO - Filling up the DagBag from /home/airflow/.local/lib/python3.8/site-packages/airflow/example_dags/example_external_task_marker_dag.py
[2023-12-20T21:19:18.248+0000] {processor.py:839} INFO - DAG(s) dict_keys(['example_external_task_marker_child', 'example_external_task_marker_parent']) retrieved from /home/airflow/.local/lib/python3.8/site-packages/airflow/example_dags/example_external_task_marker_dag.py
[2023-12-20T21:19:18.267+0000] {logging_mixin.py:154} INFO - [2023-12-20T21:19:18.267+0000] {dag.py:2941} INFO - Sync 2 DAGs
[2023-12-20T21:19:18.393+0000] {logging_mixin.py:154} INFO - [2023-12-20T21:19:18.393+0000] {dag.py:3722} INFO - Setting next_dagrun for example_external_task_marker_child to None, run_after=None
[2023-12-20T21:19:18.397+0000] {logging_mixin.py:154} INFO - [2023-12-20T21:19:18.396+0000] {dag.py:3722} INFO - Setting next_dagrun for example_external_task_marker_parent to None, run_after=None
[2023-12-20T21:19:18.411+0000] {processor.py:179} INFO - Processing /home/airflow/.local/lib/python3.8/site-packages/airflow/example_dags/example_external_task_marker_dag.py took 0.172 seconds
[2023-12-20T21:19:49.223+0000] {processor.py:157} INFO - Started process (PID=1310) to work on /home/airflow/.local/lib/python3.8/site-packages/airflow/example_dags/example_external_task_marker_dag.py
[2023-12-20T21:19:49.224+0000] {processor.py:829} INFO - Processing file /home/airflow/.local/lib/python3.8/site-packages/airflow/example_dags/example_external_task_marker_dag.py for tasks to queue
[2023-12-20T21:19:49.226+0000] {logging_mixin.py:154} INFO - [2023-12-20T21:19:49.226+0000] {dagbag.py:536} INFO - Filling up the DagBag from /home/airflow/.local/lib/python3.8/site-packages/airflow/example_dags/example_external_task_marker_dag.py
[2023-12-20T21:19:49.231+0000] {processor.py:839} INFO - DAG(s) dict_keys(['example_external_task_marker_parent', 'example_external_task_marker_child']) retrieved from /home/airflow/.local/lib/python3.8/site-packages/airflow/example_dags/example_external_task_marker_dag.py
[2023-12-20T21:19:49.253+0000] {logging_mixin.py:154} INFO - [2023-12-20T21:19:49.253+0000] {dag.py:2941} INFO - Sync 2 DAGs
[2023-12-20T21:19:49.265+0000] {logging_mixin.py:154} INFO - [2023-12-20T21:19:49.264+0000] {dag.py:3722} INFO - Setting next_dagrun for example_external_task_marker_child to None, run_after=None
[2023-12-20T21:19:49.268+0000] {logging_mixin.py:154} INFO - [2023-12-20T21:19:49.268+0000] {dag.py:3722} INFO - Setting next_dagrun for example_external_task_marker_parent to None, run_after=None
[2023-12-20T21:19:49.425+0000] {processor.py:179} INFO - Processing /home/airflow/.local/lib/python3.8/site-packages/airflow/example_dags/example_external_task_marker_dag.py took 0.204 seconds
[2023-12-20T21:20:19.951+0000] {processor.py:157} INFO - Started process (PID=1366) to work on /home/airflow/.local/lib/python3.8/site-packages/airflow/example_dags/example_external_task_marker_dag.py
[2023-12-20T21:20:19.952+0000] {processor.py:829} INFO - Processing file /home/airflow/.local/lib/python3.8/site-packages/airflow/example_dags/example_external_task_marker_dag.py for tasks to queue
[2023-12-20T21:20:19.953+0000] {logging_mixin.py:154} INFO - [2023-12-20T21:20:19.953+0000] {dagbag.py:536} INFO - Filling up the DagBag from /home/airflow/.local/lib/python3.8/site-packages/airflow/example_dags/example_external_task_marker_dag.py
[2023-12-20T21:20:19.958+0000] {processor.py:839} INFO - DAG(s) dict_keys(['example_external_task_marker_parent', 'example_external_task_marker_child']) retrieved from /home/airflow/.local/lib/python3.8/site-packages/airflow/example_dags/example_external_task_marker_dag.py
[2023-12-20T21:20:19.978+0000] {logging_mixin.py:154} INFO - [2023-12-20T21:20:19.978+0000] {dag.py:2941} INFO - Sync 2 DAGs
[2023-12-20T21:20:19.989+0000] {logging_mixin.py:154} INFO - [2023-12-20T21:20:19.989+0000] {dag.py:3722} INFO - Setting next_dagrun for example_external_task_marker_child to None, run_after=None
[2023-12-20T21:20:19.993+0000] {logging_mixin.py:154} INFO - [2023-12-20T21:20:19.993+0000] {dag.py:3722} INFO - Setting next_dagrun for example_external_task_marker_parent to None, run_after=None
[2023-12-20T21:20:20.012+0000] {processor.py:179} INFO - Processing /home/airflow/.local/lib/python3.8/site-packages/airflow/example_dags/example_external_task_marker_dag.py took 0.063 seconds
[2023-12-20T21:20:50.354+0000] {processor.py:157} INFO - Started process (PID=1422) to work on /home/airflow/.local/lib/python3.8/site-packages/airflow/example_dags/example_external_task_marker_dag.py
[2023-12-20T21:20:50.355+0000] {processor.py:829} INFO - Processing file /home/airflow/.local/lib/python3.8/site-packages/airflow/example_dags/example_external_task_marker_dag.py for tasks to queue
[2023-12-20T21:20:50.357+0000] {logging_mixin.py:154} INFO - [2023-12-20T21:20:50.357+0000] {dagbag.py:536} INFO - Filling up the DagBag from /home/airflow/.local/lib/python3.8/site-packages/airflow/example_dags/example_external_task_marker_dag.py
[2023-12-20T21:20:50.362+0000] {processor.py:839} INFO - DAG(s) dict_keys(['example_external_task_marker_child', 'example_external_task_marker_parent']) retrieved from /home/airflow/.local/lib/python3.8/site-packages/airflow/example_dags/example_external_task_marker_dag.py
[2023-12-20T21:20:50.384+0000] {logging_mixin.py:154} INFO - [2023-12-20T21:20:50.384+0000] {dag.py:2941} INFO - Sync 2 DAGs
[2023-12-20T21:20:50.395+0000] {logging_mixin.py:154} INFO - [2023-12-20T21:20:50.395+0000] {dag.py:3722} INFO - Setting next_dagrun for example_external_task_marker_child to None, run_after=None
[2023-12-20T21:20:50.399+0000] {logging_mixin.py:154} INFO - [2023-12-20T21:20:50.399+0000] {dag.py:3722} INFO - Setting next_dagrun for example_external_task_marker_parent to None, run_after=None
[2023-12-20T21:20:50.419+0000] {processor.py:179} INFO - Processing /home/airflow/.local/lib/python3.8/site-packages/airflow/example_dags/example_external_task_marker_dag.py took 0.067 seconds
[2023-12-20T21:21:21.595+0000] {processor.py:157} INFO - Started process (PID=1478) to work on /home/airflow/.local/lib/python3.8/site-packages/airflow/example_dags/example_external_task_marker_dag.py
[2023-12-20T21:21:21.597+0000] {processor.py:829} INFO - Processing file /home/airflow/.local/lib/python3.8/site-packages/airflow/example_dags/example_external_task_marker_dag.py for tasks to queue
[2023-12-20T21:21:21.599+0000] {logging_mixin.py:154} INFO - [2023-12-20T21:21:21.599+0000] {dagbag.py:536} INFO - Filling up the DagBag from /home/airflow/.local/lib/python3.8/site-packages/airflow/example_dags/example_external_task_marker_dag.py
[2023-12-20T21:21:21.604+0000] {processor.py:839} INFO - DAG(s) dict_keys(['example_external_task_marker_parent', 'example_external_task_marker_child']) retrieved from /home/airflow/.local/lib/python3.8/site-packages/airflow/example_dags/example_external_task_marker_dag.py
[2023-12-20T21:21:21.748+0000] {logging_mixin.py:154} INFO - [2023-12-20T21:21:21.747+0000] {dag.py:2941} INFO - Sync 2 DAGs
[2023-12-20T21:21:21.758+0000] {logging_mixin.py:154} INFO - [2023-12-20T21:21:21.758+0000] {dag.py:3722} INFO - Setting next_dagrun for example_external_task_marker_child to None, run_after=None
[2023-12-20T21:21:21.762+0000] {logging_mixin.py:154} INFO - [2023-12-20T21:21:21.762+0000] {dag.py:3722} INFO - Setting next_dagrun for example_external_task_marker_parent to None, run_after=None
[2023-12-20T21:21:21.779+0000] {processor.py:179} INFO - Processing /home/airflow/.local/lib/python3.8/site-packages/airflow/example_dags/example_external_task_marker_dag.py took 0.187 seconds
[2023-12-20T21:21:51.874+0000] {processor.py:157} INFO - Started process (PID=1534) to work on /home/airflow/.local/lib/python3.8/site-packages/airflow/example_dags/example_external_task_marker_dag.py
[2023-12-20T21:21:51.875+0000] {processor.py:829} INFO - Processing file /home/airflow/.local/lib/python3.8/site-packages/airflow/example_dags/example_external_task_marker_dag.py for tasks to queue
[2023-12-20T21:21:51.878+0000] {logging_mixin.py:154} INFO - [2023-12-20T21:21:51.877+0000] {dagbag.py:536} INFO - Filling up the DagBag from /home/airflow/.local/lib/python3.8/site-packages/airflow/example_dags/example_external_task_marker_dag.py
[2023-12-20T21:21:51.882+0000] {processor.py:839} INFO - DAG(s) dict_keys(['example_external_task_marker_child', 'example_external_task_marker_parent']) retrieved from /home/airflow/.local/lib/python3.8/site-packages/airflow/example_dags/example_external_task_marker_dag.py
[2023-12-20T21:21:51.904+0000] {logging_mixin.py:154} INFO - [2023-12-20T21:21:51.903+0000] {dag.py:2941} INFO - Sync 2 DAGs
[2023-12-20T21:21:51.916+0000] {logging_mixin.py:154} INFO - [2023-12-20T21:21:51.916+0000] {dag.py:3722} INFO - Setting next_dagrun for example_external_task_marker_child to None, run_after=None
[2023-12-20T21:21:51.919+0000] {logging_mixin.py:154} INFO - [2023-12-20T21:21:51.919+0000] {dag.py:3722} INFO - Setting next_dagrun for example_external_task_marker_parent to None, run_after=None
[2023-12-20T21:21:51.937+0000] {processor.py:179} INFO - Processing /home/airflow/.local/lib/python3.8/site-packages/airflow/example_dags/example_external_task_marker_dag.py took 0.065 seconds
[2023-12-20T21:22:22.266+0000] {processor.py:157} INFO - Started process (PID=1590) to work on /home/airflow/.local/lib/python3.8/site-packages/airflow/example_dags/example_external_task_marker_dag.py
[2023-12-20T21:22:22.267+0000] {processor.py:829} INFO - Processing file /home/airflow/.local/lib/python3.8/site-packages/airflow/example_dags/example_external_task_marker_dag.py for tasks to queue
[2023-12-20T21:22:22.269+0000] {logging_mixin.py:154} INFO - [2023-12-20T21:22:22.269+0000] {dagbag.py:536} INFO - Filling up the DagBag from /home/airflow/.local/lib/python3.8/site-packages/airflow/example_dags/example_external_task_marker_dag.py
[2023-12-20T21:22:22.274+0000] {processor.py:839} INFO - DAG(s) dict_keys(['example_external_task_marker_child', 'example_external_task_marker_parent']) retrieved from /home/airflow/.local/lib/python3.8/site-packages/airflow/example_dags/example_external_task_marker_dag.py
[2023-12-20T21:22:22.294+0000] {logging_mixin.py:154} INFO - [2023-12-20T21:22:22.294+0000] {dag.py:2941} INFO - Sync 2 DAGs
[2023-12-20T21:22:22.305+0000] {logging_mixin.py:154} INFO - [2023-12-20T21:22:22.305+0000] {dag.py:3722} INFO - Setting next_dagrun for example_external_task_marker_child to None, run_after=None
[2023-12-20T21:22:22.309+0000] {logging_mixin.py:154} INFO - [2023-12-20T21:22:22.309+0000] {dag.py:3722} INFO - Setting next_dagrun for example_external_task_marker_parent to None, run_after=None
[2023-12-20T21:22:22.329+0000] {processor.py:179} INFO - Processing /home/airflow/.local/lib/python3.8/site-packages/airflow/example_dags/example_external_task_marker_dag.py took 0.065 seconds
[2023-12-20T21:22:52.575+0000] {processor.py:157} INFO - Started process (PID=1646) to work on /home/airflow/.local/lib/python3.8/site-packages/airflow/example_dags/example_external_task_marker_dag.py
[2023-12-20T21:22:52.576+0000] {processor.py:829} INFO - Processing file /home/airflow/.local/lib/python3.8/site-packages/airflow/example_dags/example_external_task_marker_dag.py for tasks to queue
[2023-12-20T21:22:52.578+0000] {logging_mixin.py:154} INFO - [2023-12-20T21:22:52.578+0000] {dagbag.py:536} INFO - Filling up the DagBag from /home/airflow/.local/lib/python3.8/site-packages/airflow/example_dags/example_external_task_marker_dag.py
[2023-12-20T21:22:52.582+0000] {processor.py:839} INFO - DAG(s) dict_keys(['example_external_task_marker_parent', 'example_external_task_marker_child']) retrieved from /home/airflow/.local/lib/python3.8/site-packages/airflow/example_dags/example_external_task_marker_dag.py
[2023-12-20T21:22:52.604+0000] {logging_mixin.py:154} INFO - [2023-12-20T21:22:52.604+0000] {dag.py:2941} INFO - Sync 2 DAGs
[2023-12-20T21:22:52.615+0000] {logging_mixin.py:154} INFO - [2023-12-20T21:22:52.614+0000] {dag.py:3722} INFO - Setting next_dagrun for example_external_task_marker_child to None, run_after=None
[2023-12-20T21:22:52.618+0000] {logging_mixin.py:154} INFO - [2023-12-20T21:22:52.618+0000] {dag.py:3722} INFO - Setting next_dagrun for example_external_task_marker_parent to None, run_after=None
[2023-12-20T21:22:52.636+0000] {processor.py:179} INFO - Processing /home/airflow/.local/lib/python3.8/site-packages/airflow/example_dags/example_external_task_marker_dag.py took 0.064 seconds
[2023-12-20T21:23:22.864+0000] {processor.py:157} INFO - Started process (PID=1702) to work on /home/airflow/.local/lib/python3.8/site-packages/airflow/example_dags/example_external_task_marker_dag.py
[2023-12-20T21:23:22.865+0000] {processor.py:829} INFO - Processing file /home/airflow/.local/lib/python3.8/site-packages/airflow/example_dags/example_external_task_marker_dag.py for tasks to queue
[2023-12-20T21:23:22.867+0000] {logging_mixin.py:154} INFO - [2023-12-20T21:23:22.867+0000] {dagbag.py:536} INFO - Filling up the DagBag from /home/airflow/.local/lib/python3.8/site-packages/airflow/example_dags/example_external_task_marker_dag.py
[2023-12-20T21:23:22.872+0000] {processor.py:839} INFO - DAG(s) dict_keys(['example_external_task_marker_parent', 'example_external_task_marker_child']) retrieved from /home/airflow/.local/lib/python3.8/site-packages/airflow/example_dags/example_external_task_marker_dag.py
[2023-12-20T21:23:22.894+0000] {logging_mixin.py:154} INFO - [2023-12-20T21:23:22.894+0000] {dag.py:2941} INFO - Sync 2 DAGs
[2023-12-20T21:23:22.905+0000] {logging_mixin.py:154} INFO - [2023-12-20T21:23:22.905+0000] {dag.py:3722} INFO - Setting next_dagrun for example_external_task_marker_child to None, run_after=None
[2023-12-20T21:23:22.908+0000] {logging_mixin.py:154} INFO - [2023-12-20T21:23:22.908+0000] {dag.py:3722} INFO - Setting next_dagrun for example_external_task_marker_parent to None, run_after=None
[2023-12-20T21:23:22.924+0000] {processor.py:179} INFO - Processing /home/airflow/.local/lib/python3.8/site-packages/airflow/example_dags/example_external_task_marker_dag.py took 0.063 seconds
[2023-12-20T21:23:53.275+0000] {processor.py:157} INFO - Started process (PID=1758) to work on /home/airflow/.local/lib/python3.8/site-packages/airflow/example_dags/example_external_task_marker_dag.py
[2023-12-20T21:23:53.276+0000] {processor.py:829} INFO - Processing file /home/airflow/.local/lib/python3.8/site-packages/airflow/example_dags/example_external_task_marker_dag.py for tasks to queue
[2023-12-20T21:23:53.278+0000] {logging_mixin.py:154} INFO - [2023-12-20T21:23:53.278+0000] {dagbag.py:536} INFO - Filling up the DagBag from /home/airflow/.local/lib/python3.8/site-packages/airflow/example_dags/example_external_task_marker_dag.py
[2023-12-20T21:23:53.282+0000] {processor.py:839} INFO - DAG(s) dict_keys(['example_external_task_marker_parent', 'example_external_task_marker_child']) retrieved from /home/airflow/.local/lib/python3.8/site-packages/airflow/example_dags/example_external_task_marker_dag.py
[2023-12-20T21:23:53.304+0000] {logging_mixin.py:154} INFO - [2023-12-20T21:23:53.304+0000] {dag.py:2941} INFO - Sync 2 DAGs
[2023-12-20T21:23:53.315+0000] {logging_mixin.py:154} INFO - [2023-12-20T21:23:53.315+0000] {dag.py:3722} INFO - Setting next_dagrun for example_external_task_marker_child to None, run_after=None
[2023-12-20T21:23:53.320+0000] {logging_mixin.py:154} INFO - [2023-12-20T21:23:53.319+0000] {dag.py:3722} INFO - Setting next_dagrun for example_external_task_marker_parent to None, run_after=None
[2023-12-20T21:23:53.336+0000] {processor.py:179} INFO - Processing /home/airflow/.local/lib/python3.8/site-packages/airflow/example_dags/example_external_task_marker_dag.py took 0.063 seconds
[2023-12-20T21:24:23.685+0000] {processor.py:157} INFO - Started process (PID=1814) to work on /home/airflow/.local/lib/python3.8/site-packages/airflow/example_dags/example_external_task_marker_dag.py
[2023-12-20T21:24:23.686+0000] {processor.py:829} INFO - Processing file /home/airflow/.local/lib/python3.8/site-packages/airflow/example_dags/example_external_task_marker_dag.py for tasks to queue
[2023-12-20T21:24:23.688+0000] {logging_mixin.py:154} INFO - [2023-12-20T21:24:23.688+0000] {dagbag.py:536} INFO - Filling up the DagBag from /home/airflow/.local/lib/python3.8/site-packages/airflow/example_dags/example_external_task_marker_dag.py
[2023-12-20T21:24:23.693+0000] {processor.py:839} INFO - DAG(s) dict_keys(['example_external_task_marker_child', 'example_external_task_marker_parent']) retrieved from /home/airflow/.local/lib/python3.8/site-packages/airflow/example_dags/example_external_task_marker_dag.py
[2023-12-20T21:24:23.716+0000] {logging_mixin.py:154} INFO - [2023-12-20T21:24:23.716+0000] {dag.py:2941} INFO - Sync 2 DAGs
[2023-12-20T21:24:23.727+0000] {logging_mixin.py:154} INFO - [2023-12-20T21:24:23.727+0000] {dag.py:3722} INFO - Setting next_dagrun for example_external_task_marker_child to None, run_after=None
[2023-12-20T21:24:23.731+0000] {logging_mixin.py:154} INFO - [2023-12-20T21:24:23.731+0000] {dag.py:3722} INFO - Setting next_dagrun for example_external_task_marker_parent to None, run_after=None
[2023-12-20T21:24:23.749+0000] {processor.py:179} INFO - Processing /home/airflow/.local/lib/python3.8/site-packages/airflow/example_dags/example_external_task_marker_dag.py took 0.066 seconds
[2023-12-20T21:24:54.051+0000] {processor.py:157} INFO - Started process (PID=1870) to work on /home/airflow/.local/lib/python3.8/site-packages/airflow/example_dags/example_external_task_marker_dag.py
[2023-12-20T21:24:54.052+0000] {processor.py:829} INFO - Processing file /home/airflow/.local/lib/python3.8/site-packages/airflow/example_dags/example_external_task_marker_dag.py for tasks to queue
[2023-12-20T21:24:54.055+0000] {logging_mixin.py:154} INFO - [2023-12-20T21:24:54.054+0000] {dagbag.py:536} INFO - Filling up the DagBag from /home/airflow/.local/lib/python3.8/site-packages/airflow/example_dags/example_external_task_marker_dag.py
[2023-12-20T21:24:54.059+0000] {processor.py:839} INFO - DAG(s) dict_keys(['example_external_task_marker_child', 'example_external_task_marker_parent']) retrieved from /home/airflow/.local/lib/python3.8/site-packages/airflow/example_dags/example_external_task_marker_dag.py
[2023-12-20T21:24:54.081+0000] {logging_mixin.py:154} INFO - [2023-12-20T21:24:54.081+0000] {dag.py:2941} INFO - Sync 2 DAGs
[2023-12-20T21:24:54.093+0000] {logging_mixin.py:154} INFO - [2023-12-20T21:24:54.092+0000] {dag.py:3722} INFO - Setting next_dagrun for example_external_task_marker_child to None, run_after=None
[2023-12-20T21:24:54.096+0000] {logging_mixin.py:154} INFO - [2023-12-20T21:24:54.096+0000] {dag.py:3722} INFO - Setting next_dagrun for example_external_task_marker_parent to None, run_after=None
[2023-12-20T21:24:54.115+0000] {processor.py:179} INFO - Processing /home/airflow/.local/lib/python3.8/site-packages/airflow/example_dags/example_external_task_marker_dag.py took 0.066 seconds
[2023-12-20T21:25:24.379+0000] {processor.py:157} INFO - Started process (PID=1926) to work on /home/airflow/.local/lib/python3.8/site-packages/airflow/example_dags/example_external_task_marker_dag.py
[2023-12-20T21:25:24.380+0000] {processor.py:829} INFO - Processing file /home/airflow/.local/lib/python3.8/site-packages/airflow/example_dags/example_external_task_marker_dag.py for tasks to queue
[2023-12-20T21:25:24.382+0000] {logging_mixin.py:154} INFO - [2023-12-20T21:25:24.382+0000] {dagbag.py:536} INFO - Filling up the DagBag from /home/airflow/.local/lib/python3.8/site-packages/airflow/example_dags/example_external_task_marker_dag.py
[2023-12-20T21:25:24.386+0000] {processor.py:839} INFO - DAG(s) dict_keys(['example_external_task_marker_parent', 'example_external_task_marker_child']) retrieved from /home/airflow/.local/lib/python3.8/site-packages/airflow/example_dags/example_external_task_marker_dag.py
[2023-12-20T21:25:24.408+0000] {logging_mixin.py:154} INFO - [2023-12-20T21:25:24.407+0000] {dag.py:2941} INFO - Sync 2 DAGs
[2023-12-20T21:25:24.419+0000] {logging_mixin.py:154} INFO - [2023-12-20T21:25:24.418+0000] {dag.py:3722} INFO - Setting next_dagrun for example_external_task_marker_child to None, run_after=None
[2023-12-20T21:25:24.423+0000] {logging_mixin.py:154} INFO - [2023-12-20T21:25:24.422+0000] {dag.py:3722} INFO - Setting next_dagrun for example_external_task_marker_parent to None, run_after=None
[2023-12-20T21:25:24.442+0000] {processor.py:179} INFO - Processing /home/airflow/.local/lib/python3.8/site-packages/airflow/example_dags/example_external_task_marker_dag.py took 0.065 seconds
[2023-12-20T21:25:54.778+0000] {processor.py:157} INFO - Started process (PID=1982) to work on /home/airflow/.local/lib/python3.8/site-packages/airflow/example_dags/example_external_task_marker_dag.py
[2023-12-20T21:25:54.779+0000] {processor.py:829} INFO - Processing file /home/airflow/.local/lib/python3.8/site-packages/airflow/example_dags/example_external_task_marker_dag.py for tasks to queue
[2023-12-20T21:25:54.781+0000] {logging_mixin.py:154} INFO - [2023-12-20T21:25:54.780+0000] {dagbag.py:536} INFO - Filling up the DagBag from /home/airflow/.local/lib/python3.8/site-packages/airflow/example_dags/example_external_task_marker_dag.py
[2023-12-20T21:25:54.785+0000] {processor.py:839} INFO - DAG(s) dict_keys(['example_external_task_marker_child', 'example_external_task_marker_parent']) retrieved from /home/airflow/.local/lib/python3.8/site-packages/airflow/example_dags/example_external_task_marker_dag.py
[2023-12-20T21:25:54.807+0000] {logging_mixin.py:154} INFO - [2023-12-20T21:25:54.806+0000] {dag.py:2941} INFO - Sync 2 DAGs
[2023-12-20T21:25:54.817+0000] {logging_mixin.py:154} INFO - [2023-12-20T21:25:54.817+0000] {dag.py:3722} INFO - Setting next_dagrun for example_external_task_marker_child to None, run_after=None
[2023-12-20T21:25:54.820+0000] {logging_mixin.py:154} INFO - [2023-12-20T21:25:54.820+0000] {dag.py:3722} INFO - Setting next_dagrun for example_external_task_marker_parent to None, run_after=None
[2023-12-20T21:25:54.837+0000] {processor.py:179} INFO - Processing /home/airflow/.local/lib/python3.8/site-packages/airflow/example_dags/example_external_task_marker_dag.py took 0.061 seconds
[2023-12-20T21:26:25.293+0000] {processor.py:157} INFO - Started process (PID=2038) to work on /home/airflow/.local/lib/python3.8/site-packages/airflow/example_dags/example_external_task_marker_dag.py
[2023-12-20T21:26:25.294+0000] {processor.py:829} INFO - Processing file /home/airflow/.local/lib/python3.8/site-packages/airflow/example_dags/example_external_task_marker_dag.py for tasks to queue
[2023-12-20T21:26:25.296+0000] {logging_mixin.py:154} INFO - [2023-12-20T21:26:25.296+0000] {dagbag.py:536} INFO - Filling up the DagBag from /home/airflow/.local/lib/python3.8/site-packages/airflow/example_dags/example_external_task_marker_dag.py
[2023-12-20T21:26:25.302+0000] {processor.py:839} INFO - DAG(s) dict_keys(['example_external_task_marker_parent', 'example_external_task_marker_child']) retrieved from /home/airflow/.local/lib/python3.8/site-packages/airflow/example_dags/example_external_task_marker_dag.py
[2023-12-20T21:26:25.326+0000] {logging_mixin.py:154} INFO - [2023-12-20T21:26:25.326+0000] {dag.py:2941} INFO - Sync 2 DAGs
[2023-12-20T21:26:25.338+0000] {logging_mixin.py:154} INFO - [2023-12-20T21:26:25.338+0000] {dag.py:3722} INFO - Setting next_dagrun for example_external_task_marker_child to None, run_after=None
[2023-12-20T21:26:25.342+0000] {logging_mixin.py:154} INFO - [2023-12-20T21:26:25.342+0000] {dag.py:3722} INFO - Setting next_dagrun for example_external_task_marker_parent to None, run_after=None
[2023-12-20T21:26:25.362+0000] {processor.py:179} INFO - Processing /home/airflow/.local/lib/python3.8/site-packages/airflow/example_dags/example_external_task_marker_dag.py took 0.072 seconds
