[2023-12-20T21:08:34.541+0000] {processor.py:157} INFO - Started process (PID=60) to work on /home/airflow/.local/lib/python3.8/site-packages/airflow/example_dags/example_xcom.py
[2023-12-20T21:08:34.542+0000] {processor.py:829} INFO - Processing file /home/airflow/.local/lib/python3.8/site-packages/airflow/example_dags/example_xcom.py for tasks to queue
[2023-12-20T21:08:34.544+0000] {logging_mixin.py:154} INFO - [2023-12-20T21:08:34.544+0000] {dagbag.py:536} INFO - Filling up the DagBag from /home/airflow/.local/lib/python3.8/site-packages/airflow/example_dags/example_xcom.py
[2023-12-20T21:08:34.553+0000] {processor.py:839} INFO - DAG(s) dict_keys(['example_xcom']) retrieved from /home/airflow/.local/lib/python3.8/site-packages/airflow/example_dags/example_xcom.py
[2023-12-20T21:08:34.564+0000] {logging_mixin.py:154} INFO - [2023-12-20T21:08:34.564+0000] {dag.py:2941} INFO - Sync 1 DAGs
[2023-12-20T21:08:34.589+0000] {logging_mixin.py:154} INFO - [2023-12-20T21:08:34.589+0000] {dag.py:3722} INFO - Setting next_dagrun for example_xcom to 2021-01-01T00:00:00+00:00, run_after=2021-01-01T00:00:00+00:00
[2023-12-20T21:08:34.616+0000] {processor.py:179} INFO - Processing /home/airflow/.local/lib/python3.8/site-packages/airflow/example_dags/example_xcom.py took 0.078 seconds
[2023-12-20T21:09:04.810+0000] {processor.py:157} INFO - Started process (PID=116) to work on /home/airflow/.local/lib/python3.8/site-packages/airflow/example_dags/example_xcom.py
[2023-12-20T21:09:04.811+0000] {processor.py:829} INFO - Processing file /home/airflow/.local/lib/python3.8/site-packages/airflow/example_dags/example_xcom.py for tasks to queue
[2023-12-20T21:09:04.813+0000] {logging_mixin.py:154} INFO - [2023-12-20T21:09:04.813+0000] {dagbag.py:536} INFO - Filling up the DagBag from /home/airflow/.local/lib/python3.8/site-packages/airflow/example_dags/example_xcom.py
[2023-12-20T21:09:04.819+0000] {processor.py:839} INFO - DAG(s) dict_keys(['example_xcom']) retrieved from /home/airflow/.local/lib/python3.8/site-packages/airflow/example_dags/example_xcom.py
[2023-12-20T21:09:04.837+0000] {logging_mixin.py:154} INFO - [2023-12-20T21:09:04.837+0000] {dag.py:2941} INFO - Sync 1 DAGs
[2023-12-20T21:09:04.858+0000] {logging_mixin.py:154} INFO - [2023-12-20T21:09:04.858+0000] {dag.py:3722} INFO - Setting next_dagrun for example_xcom to 2021-01-01T00:00:00+00:00, run_after=2021-01-01T00:00:00+00:00
[2023-12-20T21:09:04.877+0000] {processor.py:179} INFO - Processing /home/airflow/.local/lib/python3.8/site-packages/airflow/example_dags/example_xcom.py took 0.070 seconds
[2023-12-20T21:09:35.690+0000] {processor.py:157} INFO - Started process (PID=172) to work on /home/airflow/.local/lib/python3.8/site-packages/airflow/example_dags/example_xcom.py
[2023-12-20T21:09:35.691+0000] {processor.py:829} INFO - Processing file /home/airflow/.local/lib/python3.8/site-packages/airflow/example_dags/example_xcom.py for tasks to queue
[2023-12-20T21:09:35.693+0000] {logging_mixin.py:154} INFO - [2023-12-20T21:09:35.693+0000] {dagbag.py:536} INFO - Filling up the DagBag from /home/airflow/.local/lib/python3.8/site-packages/airflow/example_dags/example_xcom.py
[2023-12-20T21:09:35.699+0000] {processor.py:839} INFO - DAG(s) dict_keys(['example_xcom']) retrieved from /home/airflow/.local/lib/python3.8/site-packages/airflow/example_dags/example_xcom.py
[2023-12-20T21:09:35.717+0000] {logging_mixin.py:154} INFO - [2023-12-20T21:09:35.716+0000] {dag.py:2941} INFO - Sync 1 DAGs
[2023-12-20T21:09:35.735+0000] {logging_mixin.py:154} INFO - [2023-12-20T21:09:35.735+0000] {dag.py:3722} INFO - Setting next_dagrun for example_xcom to 2021-01-01T00:00:00+00:00, run_after=2021-01-01T00:00:00+00:00
[2023-12-20T21:09:35.754+0000] {processor.py:179} INFO - Processing /home/airflow/.local/lib/python3.8/site-packages/airflow/example_dags/example_xcom.py took 0.066 seconds
[2023-12-20T21:10:06.232+0000] {processor.py:157} INFO - Started process (PID=228) to work on /home/airflow/.local/lib/python3.8/site-packages/airflow/example_dags/example_xcom.py
[2023-12-20T21:10:06.233+0000] {processor.py:829} INFO - Processing file /home/airflow/.local/lib/python3.8/site-packages/airflow/example_dags/example_xcom.py for tasks to queue
[2023-12-20T21:10:06.235+0000] {logging_mixin.py:154} INFO - [2023-12-20T21:10:06.235+0000] {dagbag.py:536} INFO - Filling up the DagBag from /home/airflow/.local/lib/python3.8/site-packages/airflow/example_dags/example_xcom.py
[2023-12-20T21:10:06.240+0000] {processor.py:839} INFO - DAG(s) dict_keys(['example_xcom']) retrieved from /home/airflow/.local/lib/python3.8/site-packages/airflow/example_dags/example_xcom.py
[2023-12-20T21:10:06.259+0000] {logging_mixin.py:154} INFO - [2023-12-20T21:10:06.259+0000] {dag.py:2941} INFO - Sync 1 DAGs
[2023-12-20T21:10:06.278+0000] {logging_mixin.py:154} INFO - [2023-12-20T21:10:06.277+0000] {dag.py:3722} INFO - Setting next_dagrun for example_xcom to 2021-01-01T00:00:00+00:00, run_after=2021-01-01T00:00:00+00:00
[2023-12-20T21:10:06.299+0000] {processor.py:179} INFO - Processing /home/airflow/.local/lib/python3.8/site-packages/airflow/example_dags/example_xcom.py took 0.069 seconds
[2023-12-20T21:10:36.469+0000] {processor.py:157} INFO - Started process (PID=284) to work on /home/airflow/.local/lib/python3.8/site-packages/airflow/example_dags/example_xcom.py
[2023-12-20T21:10:36.470+0000] {processor.py:829} INFO - Processing file /home/airflow/.local/lib/python3.8/site-packages/airflow/example_dags/example_xcom.py for tasks to queue
[2023-12-20T21:10:36.472+0000] {logging_mixin.py:154} INFO - [2023-12-20T21:10:36.472+0000] {dagbag.py:536} INFO - Filling up the DagBag from /home/airflow/.local/lib/python3.8/site-packages/airflow/example_dags/example_xcom.py
[2023-12-20T21:10:36.478+0000] {processor.py:839} INFO - DAG(s) dict_keys(['example_xcom']) retrieved from /home/airflow/.local/lib/python3.8/site-packages/airflow/example_dags/example_xcom.py
[2023-12-20T21:10:36.496+0000] {logging_mixin.py:154} INFO - [2023-12-20T21:10:36.496+0000] {dag.py:2941} INFO - Sync 1 DAGs
[2023-12-20T21:10:36.515+0000] {logging_mixin.py:154} INFO - [2023-12-20T21:10:36.514+0000] {dag.py:3722} INFO - Setting next_dagrun for example_xcom to 2021-01-01T00:00:00+00:00, run_after=2021-01-01T00:00:00+00:00
[2023-12-20T21:10:36.535+0000] {processor.py:179} INFO - Processing /home/airflow/.local/lib/python3.8/site-packages/airflow/example_dags/example_xcom.py took 0.068 seconds
[2023-12-20T21:11:06.567+0000] {processor.py:157} INFO - Started process (PID=339) to work on /home/airflow/.local/lib/python3.8/site-packages/airflow/example_dags/example_xcom.py
[2023-12-20T21:11:06.568+0000] {processor.py:829} INFO - Processing file /home/airflow/.local/lib/python3.8/site-packages/airflow/example_dags/example_xcom.py for tasks to queue
[2023-12-20T21:11:06.570+0000] {logging_mixin.py:154} INFO - [2023-12-20T21:11:06.570+0000] {dagbag.py:536} INFO - Filling up the DagBag from /home/airflow/.local/lib/python3.8/site-packages/airflow/example_dags/example_xcom.py
[2023-12-20T21:11:06.575+0000] {processor.py:839} INFO - DAG(s) dict_keys(['example_xcom']) retrieved from /home/airflow/.local/lib/python3.8/site-packages/airflow/example_dags/example_xcom.py
[2023-12-20T21:11:06.594+0000] {logging_mixin.py:154} INFO - [2023-12-20T21:11:06.593+0000] {dag.py:2941} INFO - Sync 1 DAGs
[2023-12-20T21:11:06.612+0000] {logging_mixin.py:154} INFO - [2023-12-20T21:11:06.612+0000] {dag.py:3722} INFO - Setting next_dagrun for example_xcom to 2021-01-01T00:00:00+00:00, run_after=2021-01-01T00:00:00+00:00
[2023-12-20T21:11:06.633+0000] {processor.py:179} INFO - Processing /home/airflow/.local/lib/python3.8/site-packages/airflow/example_dags/example_xcom.py took 0.068 seconds
[2023-12-20T21:11:36.750+0000] {processor.py:157} INFO - Started process (PID=395) to work on /home/airflow/.local/lib/python3.8/site-packages/airflow/example_dags/example_xcom.py
[2023-12-20T21:11:36.751+0000] {processor.py:829} INFO - Processing file /home/airflow/.local/lib/python3.8/site-packages/airflow/example_dags/example_xcom.py for tasks to queue
[2023-12-20T21:11:36.754+0000] {logging_mixin.py:154} INFO - [2023-12-20T21:11:36.753+0000] {dagbag.py:536} INFO - Filling up the DagBag from /home/airflow/.local/lib/python3.8/site-packages/airflow/example_dags/example_xcom.py
[2023-12-20T21:11:36.760+0000] {processor.py:839} INFO - DAG(s) dict_keys(['example_xcom']) retrieved from /home/airflow/.local/lib/python3.8/site-packages/airflow/example_dags/example_xcom.py
[2023-12-20T21:11:36.780+0000] {logging_mixin.py:154} INFO - [2023-12-20T21:11:36.780+0000] {dag.py:2941} INFO - Sync 1 DAGs
[2023-12-20T21:11:36.801+0000] {logging_mixin.py:154} INFO - [2023-12-20T21:11:36.800+0000] {dag.py:3722} INFO - Setting next_dagrun for example_xcom to 2021-01-01T00:00:00+00:00, run_after=2021-01-01T00:00:00+00:00
[2023-12-20T21:11:36.821+0000] {processor.py:179} INFO - Processing /home/airflow/.local/lib/python3.8/site-packages/airflow/example_dags/example_xcom.py took 0.073 seconds
[2023-12-20T21:12:07.338+0000] {processor.py:157} INFO - Started process (PID=452) to work on /home/airflow/.local/lib/python3.8/site-packages/airflow/example_dags/example_xcom.py
[2023-12-20T21:12:07.339+0000] {processor.py:829} INFO - Processing file /home/airflow/.local/lib/python3.8/site-packages/airflow/example_dags/example_xcom.py for tasks to queue
[2023-12-20T21:12:07.341+0000] {logging_mixin.py:154} INFO - [2023-12-20T21:12:07.341+0000] {dagbag.py:536} INFO - Filling up the DagBag from /home/airflow/.local/lib/python3.8/site-packages/airflow/example_dags/example_xcom.py
[2023-12-20T21:12:07.347+0000] {processor.py:839} INFO - DAG(s) dict_keys(['example_xcom']) retrieved from /home/airflow/.local/lib/python3.8/site-packages/airflow/example_dags/example_xcom.py
[2023-12-20T21:12:07.365+0000] {logging_mixin.py:154} INFO - [2023-12-20T21:12:07.365+0000] {dag.py:2941} INFO - Sync 1 DAGs
[2023-12-20T21:12:07.384+0000] {logging_mixin.py:154} INFO - [2023-12-20T21:12:07.384+0000] {dag.py:3722} INFO - Setting next_dagrun for example_xcom to 2021-01-01T00:00:00+00:00, run_after=2021-01-01T00:00:00+00:00
[2023-12-20T21:12:07.405+0000] {processor.py:179} INFO - Processing /home/airflow/.local/lib/python3.8/site-packages/airflow/example_dags/example_xcom.py took 0.069 seconds
[2023-12-20T21:12:37.837+0000] {processor.py:157} INFO - Started process (PID=508) to work on /home/airflow/.local/lib/python3.8/site-packages/airflow/example_dags/example_xcom.py
[2023-12-20T21:12:37.838+0000] {processor.py:829} INFO - Processing file /home/airflow/.local/lib/python3.8/site-packages/airflow/example_dags/example_xcom.py for tasks to queue
[2023-12-20T21:12:37.841+0000] {logging_mixin.py:154} INFO - [2023-12-20T21:12:37.840+0000] {dagbag.py:536} INFO - Filling up the DagBag from /home/airflow/.local/lib/python3.8/site-packages/airflow/example_dags/example_xcom.py
[2023-12-20T21:12:37.847+0000] {processor.py:839} INFO - DAG(s) dict_keys(['example_xcom']) retrieved from /home/airflow/.local/lib/python3.8/site-packages/airflow/example_dags/example_xcom.py
[2023-12-20T21:12:37.870+0000] {logging_mixin.py:154} INFO - [2023-12-20T21:12:37.870+0000] {dag.py:2941} INFO - Sync 1 DAGs
[2023-12-20T21:12:37.893+0000] {logging_mixin.py:154} INFO - [2023-12-20T21:12:37.893+0000] {dag.py:3722} INFO - Setting next_dagrun for example_xcom to 2021-01-01T00:00:00+00:00, run_after=2021-01-01T00:00:00+00:00
[2023-12-20T21:12:37.918+0000] {processor.py:179} INFO - Processing /home/airflow/.local/lib/python3.8/site-packages/airflow/example_dags/example_xcom.py took 0.083 seconds
[2023-12-20T21:13:08.049+0000] {processor.py:157} INFO - Started process (PID=564) to work on /home/airflow/.local/lib/python3.8/site-packages/airflow/example_dags/example_xcom.py
[2023-12-20T21:13:08.050+0000] {processor.py:829} INFO - Processing file /home/airflow/.local/lib/python3.8/site-packages/airflow/example_dags/example_xcom.py for tasks to queue
[2023-12-20T21:13:08.052+0000] {logging_mixin.py:154} INFO - [2023-12-20T21:13:08.052+0000] {dagbag.py:536} INFO - Filling up the DagBag from /home/airflow/.local/lib/python3.8/site-packages/airflow/example_dags/example_xcom.py
[2023-12-20T21:13:08.059+0000] {processor.py:839} INFO - DAG(s) dict_keys(['example_xcom']) retrieved from /home/airflow/.local/lib/python3.8/site-packages/airflow/example_dags/example_xcom.py
[2023-12-20T21:13:08.078+0000] {logging_mixin.py:154} INFO - [2023-12-20T21:13:08.078+0000] {dag.py:2941} INFO - Sync 1 DAGs
[2023-12-20T21:13:08.098+0000] {logging_mixin.py:154} INFO - [2023-12-20T21:13:08.097+0000] {dag.py:3722} INFO - Setting next_dagrun for example_xcom to 2021-01-01T00:00:00+00:00, run_after=2021-01-01T00:00:00+00:00
[2023-12-20T21:13:08.116+0000] {processor.py:179} INFO - Processing /home/airflow/.local/lib/python3.8/site-packages/airflow/example_dags/example_xcom.py took 0.069 seconds
[2023-12-20T21:13:38.982+0000] {processor.py:157} INFO - Started process (PID=620) to work on /home/airflow/.local/lib/python3.8/site-packages/airflow/example_dags/example_xcom.py
[2023-12-20T21:13:38.983+0000] {processor.py:829} INFO - Processing file /home/airflow/.local/lib/python3.8/site-packages/airflow/example_dags/example_xcom.py for tasks to queue
[2023-12-20T21:13:38.985+0000] {logging_mixin.py:154} INFO - [2023-12-20T21:13:38.985+0000] {dagbag.py:536} INFO - Filling up the DagBag from /home/airflow/.local/lib/python3.8/site-packages/airflow/example_dags/example_xcom.py
[2023-12-20T21:13:38.990+0000] {processor.py:839} INFO - DAG(s) dict_keys(['example_xcom']) retrieved from /home/airflow/.local/lib/python3.8/site-packages/airflow/example_dags/example_xcom.py
[2023-12-20T21:13:39.009+0000] {logging_mixin.py:154} INFO - [2023-12-20T21:13:39.009+0000] {dag.py:2941} INFO - Sync 1 DAGs
[2023-12-20T21:13:39.032+0000] {logging_mixin.py:154} INFO - [2023-12-20T21:13:39.032+0000] {dag.py:3722} INFO - Setting next_dagrun for example_xcom to 2021-01-01T00:00:00+00:00, run_after=2021-01-01T00:00:00+00:00
[2023-12-20T21:13:39.054+0000] {processor.py:179} INFO - Processing /home/airflow/.local/lib/python3.8/site-packages/airflow/example_dags/example_xcom.py took 0.074 seconds
[2023-12-20T21:14:09.226+0000] {processor.py:157} INFO - Started process (PID=676) to work on /home/airflow/.local/lib/python3.8/site-packages/airflow/example_dags/example_xcom.py
[2023-12-20T21:14:09.227+0000] {processor.py:829} INFO - Processing file /home/airflow/.local/lib/python3.8/site-packages/airflow/example_dags/example_xcom.py for tasks to queue
[2023-12-20T21:14:09.228+0000] {logging_mixin.py:154} INFO - [2023-12-20T21:14:09.228+0000] {dagbag.py:536} INFO - Filling up the DagBag from /home/airflow/.local/lib/python3.8/site-packages/airflow/example_dags/example_xcom.py
[2023-12-20T21:14:09.234+0000] {processor.py:839} INFO - DAG(s) dict_keys(['example_xcom']) retrieved from /home/airflow/.local/lib/python3.8/site-packages/airflow/example_dags/example_xcom.py
[2023-12-20T21:14:09.252+0000] {logging_mixin.py:154} INFO - [2023-12-20T21:14:09.252+0000] {dag.py:2941} INFO - Sync 1 DAGs
[2023-12-20T21:14:09.274+0000] {logging_mixin.py:154} INFO - [2023-12-20T21:14:09.274+0000] {dag.py:3722} INFO - Setting next_dagrun for example_xcom to 2021-01-01T00:00:00+00:00, run_after=2021-01-01T00:00:00+00:00
[2023-12-20T21:14:09.293+0000] {processor.py:179} INFO - Processing /home/airflow/.local/lib/python3.8/site-packages/airflow/example_dags/example_xcom.py took 0.070 seconds
[2023-12-20T21:14:40.251+0000] {processor.py:157} INFO - Started process (PID=732) to work on /home/airflow/.local/lib/python3.8/site-packages/airflow/example_dags/example_xcom.py
[2023-12-20T21:14:40.252+0000] {processor.py:829} INFO - Processing file /home/airflow/.local/lib/python3.8/site-packages/airflow/example_dags/example_xcom.py for tasks to queue
[2023-12-20T21:14:40.254+0000] {logging_mixin.py:154} INFO - [2023-12-20T21:14:40.254+0000] {dagbag.py:536} INFO - Filling up the DagBag from /home/airflow/.local/lib/python3.8/site-packages/airflow/example_dags/example_xcom.py
[2023-12-20T21:14:40.260+0000] {processor.py:839} INFO - DAG(s) dict_keys(['example_xcom']) retrieved from /home/airflow/.local/lib/python3.8/site-packages/airflow/example_dags/example_xcom.py
[2023-12-20T21:14:40.277+0000] {logging_mixin.py:154} INFO - [2023-12-20T21:14:40.277+0000] {dag.py:2941} INFO - Sync 1 DAGs
[2023-12-20T21:14:40.297+0000] {logging_mixin.py:154} INFO - [2023-12-20T21:14:40.297+0000] {dag.py:3722} INFO - Setting next_dagrun for example_xcom to 2021-01-01T00:00:00+00:00, run_after=2021-01-01T00:00:00+00:00
[2023-12-20T21:14:40.317+0000] {processor.py:179} INFO - Processing /home/airflow/.local/lib/python3.8/site-packages/airflow/example_dags/example_xcom.py took 0.068 seconds
[2023-12-20T21:15:10.719+0000] {processor.py:157} INFO - Started process (PID=788) to work on /home/airflow/.local/lib/python3.8/site-packages/airflow/example_dags/example_xcom.py
[2023-12-20T21:15:10.720+0000] {processor.py:829} INFO - Processing file /home/airflow/.local/lib/python3.8/site-packages/airflow/example_dags/example_xcom.py for tasks to queue
[2023-12-20T21:15:10.722+0000] {logging_mixin.py:154} INFO - [2023-12-20T21:15:10.722+0000] {dagbag.py:536} INFO - Filling up the DagBag from /home/airflow/.local/lib/python3.8/site-packages/airflow/example_dags/example_xcom.py
[2023-12-20T21:15:10.728+0000] {processor.py:839} INFO - DAG(s) dict_keys(['example_xcom']) retrieved from /home/airflow/.local/lib/python3.8/site-packages/airflow/example_dags/example_xcom.py
[2023-12-20T21:15:10.746+0000] {logging_mixin.py:154} INFO - [2023-12-20T21:15:10.746+0000] {dag.py:2941} INFO - Sync 1 DAGs
[2023-12-20T21:15:10.766+0000] {logging_mixin.py:154} INFO - [2023-12-20T21:15:10.766+0000] {dag.py:3722} INFO - Setting next_dagrun for example_xcom to 2021-01-01T00:00:00+00:00, run_after=2021-01-01T00:00:00+00:00
[2023-12-20T21:15:10.789+0000] {processor.py:179} INFO - Processing /home/airflow/.local/lib/python3.8/site-packages/airflow/example_dags/example_xcom.py took 0.072 seconds
[2023-12-20T21:15:41.359+0000] {processor.py:157} INFO - Started process (PID=844) to work on /home/airflow/.local/lib/python3.8/site-packages/airflow/example_dags/example_xcom.py
[2023-12-20T21:15:41.360+0000] {processor.py:829} INFO - Processing file /home/airflow/.local/lib/python3.8/site-packages/airflow/example_dags/example_xcom.py for tasks to queue
[2023-12-20T21:15:41.363+0000] {logging_mixin.py:154} INFO - [2023-12-20T21:15:41.362+0000] {dagbag.py:536} INFO - Filling up the DagBag from /home/airflow/.local/lib/python3.8/site-packages/airflow/example_dags/example_xcom.py
[2023-12-20T21:15:41.369+0000] {processor.py:839} INFO - DAG(s) dict_keys(['example_xcom']) retrieved from /home/airflow/.local/lib/python3.8/site-packages/airflow/example_dags/example_xcom.py
[2023-12-20T21:15:41.387+0000] {logging_mixin.py:154} INFO - [2023-12-20T21:15:41.387+0000] {dag.py:2941} INFO - Sync 1 DAGs
[2023-12-20T21:15:41.405+0000] {logging_mixin.py:154} INFO - [2023-12-20T21:15:41.405+0000] {dag.py:3722} INFO - Setting next_dagrun for example_xcom to 2021-01-01T00:00:00+00:00, run_after=2021-01-01T00:00:00+00:00
[2023-12-20T21:15:41.423+0000] {processor.py:179} INFO - Processing /home/airflow/.local/lib/python3.8/site-packages/airflow/example_dags/example_xcom.py took 0.067 seconds
[2023-12-20T21:16:11.854+0000] {processor.py:157} INFO - Started process (PID=900) to work on /home/airflow/.local/lib/python3.8/site-packages/airflow/example_dags/example_xcom.py
[2023-12-20T21:16:11.855+0000] {processor.py:829} INFO - Processing file /home/airflow/.local/lib/python3.8/site-packages/airflow/example_dags/example_xcom.py for tasks to queue
[2023-12-20T21:16:11.857+0000] {logging_mixin.py:154} INFO - [2023-12-20T21:16:11.856+0000] {dagbag.py:536} INFO - Filling up the DagBag from /home/airflow/.local/lib/python3.8/site-packages/airflow/example_dags/example_xcom.py
[2023-12-20T21:16:11.862+0000] {processor.py:839} INFO - DAG(s) dict_keys(['example_xcom']) retrieved from /home/airflow/.local/lib/python3.8/site-packages/airflow/example_dags/example_xcom.py
[2023-12-20T21:16:11.878+0000] {logging_mixin.py:154} INFO - [2023-12-20T21:16:11.878+0000] {dag.py:2941} INFO - Sync 1 DAGs
[2023-12-20T21:16:11.898+0000] {logging_mixin.py:154} INFO - [2023-12-20T21:16:11.898+0000] {dag.py:3722} INFO - Setting next_dagrun for example_xcom to 2021-01-01T00:00:00+00:00, run_after=2021-01-01T00:00:00+00:00
[2023-12-20T21:16:11.917+0000] {processor.py:179} INFO - Processing /home/airflow/.local/lib/python3.8/site-packages/airflow/example_dags/example_xcom.py took 0.065 seconds
[2023-12-20T21:16:43.034+0000] {processor.py:157} INFO - Started process (PID=956) to work on /home/airflow/.local/lib/python3.8/site-packages/airflow/example_dags/example_xcom.py
[2023-12-20T21:16:43.035+0000] {processor.py:829} INFO - Processing file /home/airflow/.local/lib/python3.8/site-packages/airflow/example_dags/example_xcom.py for tasks to queue
[2023-12-20T21:16:43.037+0000] {logging_mixin.py:154} INFO - [2023-12-20T21:16:43.036+0000] {dagbag.py:536} INFO - Filling up the DagBag from /home/airflow/.local/lib/python3.8/site-packages/airflow/example_dags/example_xcom.py
[2023-12-20T21:16:43.042+0000] {processor.py:839} INFO - DAG(s) dict_keys(['example_xcom']) retrieved from /home/airflow/.local/lib/python3.8/site-packages/airflow/example_dags/example_xcom.py
[2023-12-20T21:16:43.061+0000] {logging_mixin.py:154} INFO - [2023-12-20T21:16:43.061+0000] {dag.py:2941} INFO - Sync 1 DAGs
[2023-12-20T21:16:43.081+0000] {logging_mixin.py:154} INFO - [2023-12-20T21:16:43.081+0000] {dag.py:3722} INFO - Setting next_dagrun for example_xcom to 2021-01-01T00:00:00+00:00, run_after=2021-01-01T00:00:00+00:00
[2023-12-20T21:16:43.102+0000] {processor.py:179} INFO - Processing /home/airflow/.local/lib/python3.8/site-packages/airflow/example_dags/example_xcom.py took 0.070 seconds
[2023-12-20T21:17:13.913+0000] {processor.py:157} INFO - Started process (PID=1012) to work on /home/airflow/.local/lib/python3.8/site-packages/airflow/example_dags/example_xcom.py
[2023-12-20T21:17:13.915+0000] {processor.py:829} INFO - Processing file /home/airflow/.local/lib/python3.8/site-packages/airflow/example_dags/example_xcom.py for tasks to queue
[2023-12-20T21:17:13.917+0000] {logging_mixin.py:154} INFO - [2023-12-20T21:17:13.916+0000] {dagbag.py:536} INFO - Filling up the DagBag from /home/airflow/.local/lib/python3.8/site-packages/airflow/example_dags/example_xcom.py
[2023-12-20T21:17:13.923+0000] {processor.py:839} INFO - DAG(s) dict_keys(['example_xcom']) retrieved from /home/airflow/.local/lib/python3.8/site-packages/airflow/example_dags/example_xcom.py
[2023-12-20T21:17:13.943+0000] {logging_mixin.py:154} INFO - [2023-12-20T21:17:13.943+0000] {dag.py:2941} INFO - Sync 1 DAGs
[2023-12-20T21:17:13.963+0000] {logging_mixin.py:154} INFO - [2023-12-20T21:17:13.962+0000] {dag.py:3722} INFO - Setting next_dagrun for example_xcom to 2021-01-01T00:00:00+00:00, run_after=2021-01-01T00:00:00+00:00
[2023-12-20T21:17:14.119+0000] {processor.py:179} INFO - Processing /home/airflow/.local/lib/python3.8/site-packages/airflow/example_dags/example_xcom.py took 0.208 seconds
[2023-12-20T21:17:44.183+0000] {processor.py:157} INFO - Started process (PID=1068) to work on /home/airflow/.local/lib/python3.8/site-packages/airflow/example_dags/example_xcom.py
[2023-12-20T21:17:44.184+0000] {processor.py:829} INFO - Processing file /home/airflow/.local/lib/python3.8/site-packages/airflow/example_dags/example_xcom.py for tasks to queue
[2023-12-20T21:17:44.186+0000] {logging_mixin.py:154} INFO - [2023-12-20T21:17:44.185+0000] {dagbag.py:536} INFO - Filling up the DagBag from /home/airflow/.local/lib/python3.8/site-packages/airflow/example_dags/example_xcom.py
[2023-12-20T21:17:44.191+0000] {processor.py:839} INFO - DAG(s) dict_keys(['example_xcom']) retrieved from /home/airflow/.local/lib/python3.8/site-packages/airflow/example_dags/example_xcom.py
[2023-12-20T21:17:44.210+0000] {logging_mixin.py:154} INFO - [2023-12-20T21:17:44.210+0000] {dag.py:2941} INFO - Sync 1 DAGs
[2023-12-20T21:17:44.229+0000] {logging_mixin.py:154} INFO - [2023-12-20T21:17:44.229+0000] {dag.py:3722} INFO - Setting next_dagrun for example_xcom to 2021-01-01T00:00:00+00:00, run_after=2021-01-01T00:00:00+00:00
[2023-12-20T21:17:44.252+0000] {processor.py:179} INFO - Processing /home/airflow/.local/lib/python3.8/site-packages/airflow/example_dags/example_xcom.py took 0.071 seconds
[2023-12-20T21:18:14.444+0000] {processor.py:157} INFO - Started process (PID=1124) to work on /home/airflow/.local/lib/python3.8/site-packages/airflow/example_dags/example_xcom.py
[2023-12-20T21:18:14.445+0000] {processor.py:829} INFO - Processing file /home/airflow/.local/lib/python3.8/site-packages/airflow/example_dags/example_xcom.py for tasks to queue
[2023-12-20T21:18:14.447+0000] {logging_mixin.py:154} INFO - [2023-12-20T21:18:14.447+0000] {dagbag.py:536} INFO - Filling up the DagBag from /home/airflow/.local/lib/python3.8/site-packages/airflow/example_dags/example_xcom.py
[2023-12-20T21:18:14.453+0000] {processor.py:839} INFO - DAG(s) dict_keys(['example_xcom']) retrieved from /home/airflow/.local/lib/python3.8/site-packages/airflow/example_dags/example_xcom.py
[2023-12-20T21:18:14.471+0000] {logging_mixin.py:154} INFO - [2023-12-20T21:18:14.471+0000] {dag.py:2941} INFO - Sync 1 DAGs
[2023-12-20T21:18:14.491+0000] {logging_mixin.py:154} INFO - [2023-12-20T21:18:14.491+0000] {dag.py:3722} INFO - Setting next_dagrun for example_xcom to 2021-01-01T00:00:00+00:00, run_after=2021-01-01T00:00:00+00:00
[2023-12-20T21:18:14.514+0000] {processor.py:179} INFO - Processing /home/airflow/.local/lib/python3.8/site-packages/airflow/example_dags/example_xcom.py took 0.072 seconds
[2023-12-20T21:18:44.859+0000] {processor.py:157} INFO - Started process (PID=1180) to work on /home/airflow/.local/lib/python3.8/site-packages/airflow/example_dags/example_xcom.py
[2023-12-20T21:18:44.860+0000] {processor.py:829} INFO - Processing file /home/airflow/.local/lib/python3.8/site-packages/airflow/example_dags/example_xcom.py for tasks to queue
[2023-12-20T21:18:44.862+0000] {logging_mixin.py:154} INFO - [2023-12-20T21:18:44.862+0000] {dagbag.py:536} INFO - Filling up the DagBag from /home/airflow/.local/lib/python3.8/site-packages/airflow/example_dags/example_xcom.py
[2023-12-20T21:18:44.867+0000] {processor.py:839} INFO - DAG(s) dict_keys(['example_xcom']) retrieved from /home/airflow/.local/lib/python3.8/site-packages/airflow/example_dags/example_xcom.py
[2023-12-20T21:18:44.885+0000] {logging_mixin.py:154} INFO - [2023-12-20T21:18:44.885+0000] {dag.py:2941} INFO - Sync 1 DAGs
[2023-12-20T21:18:44.904+0000] {logging_mixin.py:154} INFO - [2023-12-20T21:18:44.904+0000] {dag.py:3722} INFO - Setting next_dagrun for example_xcom to 2021-01-01T00:00:00+00:00, run_after=2021-01-01T00:00:00+00:00
[2023-12-20T21:18:44.925+0000] {processor.py:179} INFO - Processing /home/airflow/.local/lib/python3.8/site-packages/airflow/example_dags/example_xcom.py took 0.068 seconds
[2023-12-20T21:19:15.937+0000] {processor.py:157} INFO - Started process (PID=1236) to work on /home/airflow/.local/lib/python3.8/site-packages/airflow/example_dags/example_xcom.py
[2023-12-20T21:19:15.939+0000] {processor.py:829} INFO - Processing file /home/airflow/.local/lib/python3.8/site-packages/airflow/example_dags/example_xcom.py for tasks to queue
[2023-12-20T21:19:15.941+0000] {logging_mixin.py:154} INFO - [2023-12-20T21:19:15.940+0000] {dagbag.py:536} INFO - Filling up the DagBag from /home/airflow/.local/lib/python3.8/site-packages/airflow/example_dags/example_xcom.py
[2023-12-20T21:19:15.946+0000] {processor.py:839} INFO - DAG(s) dict_keys(['example_xcom']) retrieved from /home/airflow/.local/lib/python3.8/site-packages/airflow/example_dags/example_xcom.py
[2023-12-20T21:19:15.964+0000] {logging_mixin.py:154} INFO - [2023-12-20T21:19:15.964+0000] {dag.py:2941} INFO - Sync 1 DAGs
[2023-12-20T21:19:16.128+0000] {logging_mixin.py:154} INFO - [2023-12-20T21:19:16.127+0000] {dag.py:3722} INFO - Setting next_dagrun for example_xcom to 2021-01-01T00:00:00+00:00, run_after=2021-01-01T00:00:00+00:00
[2023-12-20T21:19:16.150+0000] {processor.py:179} INFO - Processing /home/airflow/.local/lib/python3.8/site-packages/airflow/example_dags/example_xcom.py took 0.215 seconds
[2023-12-20T21:19:46.341+0000] {processor.py:157} INFO - Started process (PID=1292) to work on /home/airflow/.local/lib/python3.8/site-packages/airflow/example_dags/example_xcom.py
[2023-12-20T21:19:46.342+0000] {processor.py:829} INFO - Processing file /home/airflow/.local/lib/python3.8/site-packages/airflow/example_dags/example_xcom.py for tasks to queue
[2023-12-20T21:19:46.344+0000] {logging_mixin.py:154} INFO - [2023-12-20T21:19:46.344+0000] {dagbag.py:536} INFO - Filling up the DagBag from /home/airflow/.local/lib/python3.8/site-packages/airflow/example_dags/example_xcom.py
[2023-12-20T21:19:46.350+0000] {processor.py:839} INFO - DAG(s) dict_keys(['example_xcom']) retrieved from /home/airflow/.local/lib/python3.8/site-packages/airflow/example_dags/example_xcom.py
[2023-12-20T21:19:46.369+0000] {logging_mixin.py:154} INFO - [2023-12-20T21:19:46.369+0000] {dag.py:2941} INFO - Sync 1 DAGs
[2023-12-20T21:19:46.389+0000] {logging_mixin.py:154} INFO - [2023-12-20T21:19:46.389+0000] {dag.py:3722} INFO - Setting next_dagrun for example_xcom to 2021-01-01T00:00:00+00:00, run_after=2021-01-01T00:00:00+00:00
[2023-12-20T21:19:46.412+0000] {processor.py:179} INFO - Processing /home/airflow/.local/lib/python3.8/site-packages/airflow/example_dags/example_xcom.py took 0.072 seconds
[2023-12-20T21:20:16.677+0000] {processor.py:157} INFO - Started process (PID=1348) to work on /home/airflow/.local/lib/python3.8/site-packages/airflow/example_dags/example_xcom.py
[2023-12-20T21:20:16.678+0000] {processor.py:829} INFO - Processing file /home/airflow/.local/lib/python3.8/site-packages/airflow/example_dags/example_xcom.py for tasks to queue
[2023-12-20T21:20:16.679+0000] {logging_mixin.py:154} INFO - [2023-12-20T21:20:16.679+0000] {dagbag.py:536} INFO - Filling up the DagBag from /home/airflow/.local/lib/python3.8/site-packages/airflow/example_dags/example_xcom.py
[2023-12-20T21:20:16.685+0000] {processor.py:839} INFO - DAG(s) dict_keys(['example_xcom']) retrieved from /home/airflow/.local/lib/python3.8/site-packages/airflow/example_dags/example_xcom.py
[2023-12-20T21:20:16.703+0000] {logging_mixin.py:154} INFO - [2023-12-20T21:20:16.703+0000] {dag.py:2941} INFO - Sync 1 DAGs
[2023-12-20T21:20:16.723+0000] {logging_mixin.py:154} INFO - [2023-12-20T21:20:16.723+0000] {dag.py:3722} INFO - Setting next_dagrun for example_xcom to 2021-01-01T00:00:00+00:00, run_after=2021-01-01T00:00:00+00:00
[2023-12-20T21:20:16.745+0000] {processor.py:179} INFO - Processing /home/airflow/.local/lib/python3.8/site-packages/airflow/example_dags/example_xcom.py took 0.071 seconds
[2023-12-20T21:20:47.306+0000] {processor.py:157} INFO - Started process (PID=1404) to work on /home/airflow/.local/lib/python3.8/site-packages/airflow/example_dags/example_xcom.py
[2023-12-20T21:20:47.307+0000] {processor.py:829} INFO - Processing file /home/airflow/.local/lib/python3.8/site-packages/airflow/example_dags/example_xcom.py for tasks to queue
[2023-12-20T21:20:47.309+0000] {logging_mixin.py:154} INFO - [2023-12-20T21:20:47.309+0000] {dagbag.py:536} INFO - Filling up the DagBag from /home/airflow/.local/lib/python3.8/site-packages/airflow/example_dags/example_xcom.py
[2023-12-20T21:20:47.315+0000] {processor.py:839} INFO - DAG(s) dict_keys(['example_xcom']) retrieved from /home/airflow/.local/lib/python3.8/site-packages/airflow/example_dags/example_xcom.py
[2023-12-20T21:20:47.333+0000] {logging_mixin.py:154} INFO - [2023-12-20T21:20:47.333+0000] {dag.py:2941} INFO - Sync 1 DAGs
[2023-12-20T21:20:47.351+0000] {logging_mixin.py:154} INFO - [2023-12-20T21:20:47.351+0000] {dag.py:3722} INFO - Setting next_dagrun for example_xcom to 2021-01-01T00:00:00+00:00, run_after=2021-01-01T00:00:00+00:00
[2023-12-20T21:20:47.370+0000] {processor.py:179} INFO - Processing /home/airflow/.local/lib/python3.8/site-packages/airflow/example_dags/example_xcom.py took 0.066 seconds
[2023-12-20T21:21:18.428+0000] {processor.py:157} INFO - Started process (PID=1460) to work on /home/airflow/.local/lib/python3.8/site-packages/airflow/example_dags/example_xcom.py
[2023-12-20T21:21:18.429+0000] {processor.py:829} INFO - Processing file /home/airflow/.local/lib/python3.8/site-packages/airflow/example_dags/example_xcom.py for tasks to queue
[2023-12-20T21:21:18.431+0000] {logging_mixin.py:154} INFO - [2023-12-20T21:21:18.430+0000] {dagbag.py:536} INFO - Filling up the DagBag from /home/airflow/.local/lib/python3.8/site-packages/airflow/example_dags/example_xcom.py
[2023-12-20T21:21:18.436+0000] {processor.py:839} INFO - DAG(s) dict_keys(['example_xcom']) retrieved from /home/airflow/.local/lib/python3.8/site-packages/airflow/example_dags/example_xcom.py
[2023-12-20T21:21:18.454+0000] {logging_mixin.py:154} INFO - [2023-12-20T21:21:18.454+0000] {dag.py:2941} INFO - Sync 1 DAGs
[2023-12-20T21:21:18.600+0000] {logging_mixin.py:154} INFO - [2023-12-20T21:21:18.600+0000] {dag.py:3722} INFO - Setting next_dagrun for example_xcom to 2021-01-01T00:00:00+00:00, run_after=2021-01-01T00:00:00+00:00
[2023-12-20T21:21:18.619+0000] {processor.py:179} INFO - Processing /home/airflow/.local/lib/python3.8/site-packages/airflow/example_dags/example_xcom.py took 0.194 seconds
[2023-12-20T21:21:48.987+0000] {processor.py:157} INFO - Started process (PID=1516) to work on /home/airflow/.local/lib/python3.8/site-packages/airflow/example_dags/example_xcom.py
[2023-12-20T21:21:48.988+0000] {processor.py:829} INFO - Processing file /home/airflow/.local/lib/python3.8/site-packages/airflow/example_dags/example_xcom.py for tasks to queue
[2023-12-20T21:21:48.991+0000] {logging_mixin.py:154} INFO - [2023-12-20T21:21:48.991+0000] {dagbag.py:536} INFO - Filling up the DagBag from /home/airflow/.local/lib/python3.8/site-packages/airflow/example_dags/example_xcom.py
[2023-12-20T21:21:49.002+0000] {processor.py:839} INFO - DAG(s) dict_keys(['example_xcom']) retrieved from /home/airflow/.local/lib/python3.8/site-packages/airflow/example_dags/example_xcom.py
[2023-12-20T21:21:49.023+0000] {logging_mixin.py:154} INFO - [2023-12-20T21:21:49.023+0000] {dag.py:2941} INFO - Sync 1 DAGs
[2023-12-20T21:21:49.045+0000] {logging_mixin.py:154} INFO - [2023-12-20T21:21:49.044+0000] {dag.py:3722} INFO - Setting next_dagrun for example_xcom to 2021-01-01T00:00:00+00:00, run_after=2021-01-01T00:00:00+00:00
[2023-12-20T21:21:49.069+0000] {processor.py:179} INFO - Processing /home/airflow/.local/lib/python3.8/site-packages/airflow/example_dags/example_xcom.py took 0.085 seconds
[2023-12-20T21:22:19.278+0000] {processor.py:157} INFO - Started process (PID=1572) to work on /home/airflow/.local/lib/python3.8/site-packages/airflow/example_dags/example_xcom.py
[2023-12-20T21:22:19.279+0000] {processor.py:829} INFO - Processing file /home/airflow/.local/lib/python3.8/site-packages/airflow/example_dags/example_xcom.py for tasks to queue
[2023-12-20T21:22:19.281+0000] {logging_mixin.py:154} INFO - [2023-12-20T21:22:19.281+0000] {dagbag.py:536} INFO - Filling up the DagBag from /home/airflow/.local/lib/python3.8/site-packages/airflow/example_dags/example_xcom.py
[2023-12-20T21:22:19.289+0000] {processor.py:839} INFO - DAG(s) dict_keys(['example_xcom']) retrieved from /home/airflow/.local/lib/python3.8/site-packages/airflow/example_dags/example_xcom.py
[2023-12-20T21:22:19.311+0000] {logging_mixin.py:154} INFO - [2023-12-20T21:22:19.310+0000] {dag.py:2941} INFO - Sync 1 DAGs
[2023-12-20T21:22:19.332+0000] {logging_mixin.py:154} INFO - [2023-12-20T21:22:19.331+0000] {dag.py:3722} INFO - Setting next_dagrun for example_xcom to 2021-01-01T00:00:00+00:00, run_after=2021-01-01T00:00:00+00:00
[2023-12-20T21:22:19.353+0000] {processor.py:179} INFO - Processing /home/airflow/.local/lib/python3.8/site-packages/airflow/example_dags/example_xcom.py took 0.079 seconds
[2023-12-20T21:22:49.634+0000] {processor.py:157} INFO - Started process (PID=1628) to work on /home/airflow/.local/lib/python3.8/site-packages/airflow/example_dags/example_xcom.py
[2023-12-20T21:22:49.635+0000] {processor.py:829} INFO - Processing file /home/airflow/.local/lib/python3.8/site-packages/airflow/example_dags/example_xcom.py for tasks to queue
[2023-12-20T21:22:49.637+0000] {logging_mixin.py:154} INFO - [2023-12-20T21:22:49.637+0000] {dagbag.py:536} INFO - Filling up the DagBag from /home/airflow/.local/lib/python3.8/site-packages/airflow/example_dags/example_xcom.py
[2023-12-20T21:22:49.644+0000] {processor.py:839} INFO - DAG(s) dict_keys(['example_xcom']) retrieved from /home/airflow/.local/lib/python3.8/site-packages/airflow/example_dags/example_xcom.py
[2023-12-20T21:22:49.663+0000] {logging_mixin.py:154} INFO - [2023-12-20T21:22:49.663+0000] {dag.py:2941} INFO - Sync 1 DAGs
[2023-12-20T21:22:49.682+0000] {logging_mixin.py:154} INFO - [2023-12-20T21:22:49.682+0000] {dag.py:3722} INFO - Setting next_dagrun for example_xcom to 2021-01-01T00:00:00+00:00, run_after=2021-01-01T00:00:00+00:00
[2023-12-20T21:22:49.700+0000] {processor.py:179} INFO - Processing /home/airflow/.local/lib/python3.8/site-packages/airflow/example_dags/example_xcom.py took 0.068 seconds
[2023-12-20T21:23:19.998+0000] {processor.py:157} INFO - Started process (PID=1684) to work on /home/airflow/.local/lib/python3.8/site-packages/airflow/example_dags/example_xcom.py
[2023-12-20T21:23:19.999+0000] {processor.py:829} INFO - Processing file /home/airflow/.local/lib/python3.8/site-packages/airflow/example_dags/example_xcom.py for tasks to queue
[2023-12-20T21:23:20.001+0000] {logging_mixin.py:154} INFO - [2023-12-20T21:23:20.001+0000] {dagbag.py:536} INFO - Filling up the DagBag from /home/airflow/.local/lib/python3.8/site-packages/airflow/example_dags/example_xcom.py
[2023-12-20T21:23:20.007+0000] {processor.py:839} INFO - DAG(s) dict_keys(['example_xcom']) retrieved from /home/airflow/.local/lib/python3.8/site-packages/airflow/example_dags/example_xcom.py
[2023-12-20T21:23:20.025+0000] {logging_mixin.py:154} INFO - [2023-12-20T21:23:20.024+0000] {dag.py:2941} INFO - Sync 1 DAGs
[2023-12-20T21:23:20.045+0000] {logging_mixin.py:154} INFO - [2023-12-20T21:23:20.045+0000] {dag.py:3722} INFO - Setting next_dagrun for example_xcom to 2021-01-01T00:00:00+00:00, run_after=2021-01-01T00:00:00+00:00
[2023-12-20T21:23:20.063+0000] {processor.py:179} INFO - Processing /home/airflow/.local/lib/python3.8/site-packages/airflow/example_dags/example_xcom.py took 0.067 seconds
[2023-12-20T21:23:50.381+0000] {processor.py:157} INFO - Started process (PID=1740) to work on /home/airflow/.local/lib/python3.8/site-packages/airflow/example_dags/example_xcom.py
[2023-12-20T21:23:50.382+0000] {processor.py:829} INFO - Processing file /home/airflow/.local/lib/python3.8/site-packages/airflow/example_dags/example_xcom.py for tasks to queue
[2023-12-20T21:23:50.384+0000] {logging_mixin.py:154} INFO - [2023-12-20T21:23:50.384+0000] {dagbag.py:536} INFO - Filling up the DagBag from /home/airflow/.local/lib/python3.8/site-packages/airflow/example_dags/example_xcom.py
[2023-12-20T21:23:50.390+0000] {processor.py:839} INFO - DAG(s) dict_keys(['example_xcom']) retrieved from /home/airflow/.local/lib/python3.8/site-packages/airflow/example_dags/example_xcom.py
[2023-12-20T21:23:50.409+0000] {logging_mixin.py:154} INFO - [2023-12-20T21:23:50.409+0000] {dag.py:2941} INFO - Sync 1 DAGs
[2023-12-20T21:23:50.428+0000] {logging_mixin.py:154} INFO - [2023-12-20T21:23:50.428+0000] {dag.py:3722} INFO - Setting next_dagrun for example_xcom to 2021-01-01T00:00:00+00:00, run_after=2021-01-01T00:00:00+00:00
[2023-12-20T21:23:50.450+0000] {processor.py:179} INFO - Processing /home/airflow/.local/lib/python3.8/site-packages/airflow/example_dags/example_xcom.py took 0.071 seconds
[2023-12-20T21:24:20.740+0000] {processor.py:157} INFO - Started process (PID=1796) to work on /home/airflow/.local/lib/python3.8/site-packages/airflow/example_dags/example_xcom.py
[2023-12-20T21:24:20.742+0000] {processor.py:829} INFO - Processing file /home/airflow/.local/lib/python3.8/site-packages/airflow/example_dags/example_xcom.py for tasks to queue
[2023-12-20T21:24:20.744+0000] {logging_mixin.py:154} INFO - [2023-12-20T21:24:20.743+0000] {dagbag.py:536} INFO - Filling up the DagBag from /home/airflow/.local/lib/python3.8/site-packages/airflow/example_dags/example_xcom.py
[2023-12-20T21:24:20.749+0000] {processor.py:839} INFO - DAG(s) dict_keys(['example_xcom']) retrieved from /home/airflow/.local/lib/python3.8/site-packages/airflow/example_dags/example_xcom.py
[2023-12-20T21:24:20.768+0000] {logging_mixin.py:154} INFO - [2023-12-20T21:24:20.767+0000] {dag.py:2941} INFO - Sync 1 DAGs
[2023-12-20T21:24:20.789+0000] {logging_mixin.py:154} INFO - [2023-12-20T21:24:20.789+0000] {dag.py:3722} INFO - Setting next_dagrun for example_xcom to 2021-01-01T00:00:00+00:00, run_after=2021-01-01T00:00:00+00:00
[2023-12-20T21:24:20.809+0000] {processor.py:179} INFO - Processing /home/airflow/.local/lib/python3.8/site-packages/airflow/example_dags/example_xcom.py took 0.071 seconds
[2023-12-20T21:24:51.122+0000] {processor.py:157} INFO - Started process (PID=1852) to work on /home/airflow/.local/lib/python3.8/site-packages/airflow/example_dags/example_xcom.py
[2023-12-20T21:24:51.123+0000] {processor.py:829} INFO - Processing file /home/airflow/.local/lib/python3.8/site-packages/airflow/example_dags/example_xcom.py for tasks to queue
[2023-12-20T21:24:51.125+0000] {logging_mixin.py:154} INFO - [2023-12-20T21:24:51.124+0000] {dagbag.py:536} INFO - Filling up the DagBag from /home/airflow/.local/lib/python3.8/site-packages/airflow/example_dags/example_xcom.py
[2023-12-20T21:24:51.131+0000] {processor.py:839} INFO - DAG(s) dict_keys(['example_xcom']) retrieved from /home/airflow/.local/lib/python3.8/site-packages/airflow/example_dags/example_xcom.py
[2023-12-20T21:24:51.150+0000] {logging_mixin.py:154} INFO - [2023-12-20T21:24:51.149+0000] {dag.py:2941} INFO - Sync 1 DAGs
[2023-12-20T21:24:51.168+0000] {logging_mixin.py:154} INFO - [2023-12-20T21:24:51.168+0000] {dag.py:3722} INFO - Setting next_dagrun for example_xcom to 2021-01-01T00:00:00+00:00, run_after=2021-01-01T00:00:00+00:00
[2023-12-20T21:24:51.189+0000] {processor.py:179} INFO - Processing /home/airflow/.local/lib/python3.8/site-packages/airflow/example_dags/example_xcom.py took 0.070 seconds
[2023-12-20T21:25:21.515+0000] {processor.py:157} INFO - Started process (PID=1908) to work on /home/airflow/.local/lib/python3.8/site-packages/airflow/example_dags/example_xcom.py
[2023-12-20T21:25:21.516+0000] {processor.py:829} INFO - Processing file /home/airflow/.local/lib/python3.8/site-packages/airflow/example_dags/example_xcom.py for tasks to queue
[2023-12-20T21:25:21.518+0000] {logging_mixin.py:154} INFO - [2023-12-20T21:25:21.518+0000] {dagbag.py:536} INFO - Filling up the DagBag from /home/airflow/.local/lib/python3.8/site-packages/airflow/example_dags/example_xcom.py
[2023-12-20T21:25:21.524+0000] {processor.py:839} INFO - DAG(s) dict_keys(['example_xcom']) retrieved from /home/airflow/.local/lib/python3.8/site-packages/airflow/example_dags/example_xcom.py
[2023-12-20T21:25:21.543+0000] {logging_mixin.py:154} INFO - [2023-12-20T21:25:21.543+0000] {dag.py:2941} INFO - Sync 1 DAGs
[2023-12-20T21:25:21.562+0000] {logging_mixin.py:154} INFO - [2023-12-20T21:25:21.562+0000] {dag.py:3722} INFO - Setting next_dagrun for example_xcom to 2021-01-01T00:00:00+00:00, run_after=2021-01-01T00:00:00+00:00
[2023-12-20T21:25:21.581+0000] {processor.py:179} INFO - Processing /home/airflow/.local/lib/python3.8/site-packages/airflow/example_dags/example_xcom.py took 0.068 seconds
[2023-12-20T21:25:51.835+0000] {processor.py:157} INFO - Started process (PID=1964) to work on /home/airflow/.local/lib/python3.8/site-packages/airflow/example_dags/example_xcom.py
[2023-12-20T21:25:51.836+0000] {processor.py:829} INFO - Processing file /home/airflow/.local/lib/python3.8/site-packages/airflow/example_dags/example_xcom.py for tasks to queue
[2023-12-20T21:25:51.838+0000] {logging_mixin.py:154} INFO - [2023-12-20T21:25:51.838+0000] {dagbag.py:536} INFO - Filling up the DagBag from /home/airflow/.local/lib/python3.8/site-packages/airflow/example_dags/example_xcom.py
[2023-12-20T21:25:51.844+0000] {processor.py:839} INFO - DAG(s) dict_keys(['example_xcom']) retrieved from /home/airflow/.local/lib/python3.8/site-packages/airflow/example_dags/example_xcom.py
[2023-12-20T21:25:51.862+0000] {logging_mixin.py:154} INFO - [2023-12-20T21:25:51.862+0000] {dag.py:2941} INFO - Sync 1 DAGs
[2023-12-20T21:25:51.881+0000] {logging_mixin.py:154} INFO - [2023-12-20T21:25:51.881+0000] {dag.py:3722} INFO - Setting next_dagrun for example_xcom to 2021-01-01T00:00:00+00:00, run_after=2021-01-01T00:00:00+00:00
[2023-12-20T21:25:51.901+0000] {processor.py:179} INFO - Processing /home/airflow/.local/lib/python3.8/site-packages/airflow/example_dags/example_xcom.py took 0.068 seconds
[2023-12-20T21:26:22.321+0000] {processor.py:157} INFO - Started process (PID=2020) to work on /home/airflow/.local/lib/python3.8/site-packages/airflow/example_dags/example_xcom.py
[2023-12-20T21:26:22.322+0000] {processor.py:829} INFO - Processing file /home/airflow/.local/lib/python3.8/site-packages/airflow/example_dags/example_xcom.py for tasks to queue
[2023-12-20T21:26:22.324+0000] {logging_mixin.py:154} INFO - [2023-12-20T21:26:22.324+0000] {dagbag.py:536} INFO - Filling up the DagBag from /home/airflow/.local/lib/python3.8/site-packages/airflow/example_dags/example_xcom.py
[2023-12-20T21:26:22.330+0000] {processor.py:839} INFO - DAG(s) dict_keys(['example_xcom']) retrieved from /home/airflow/.local/lib/python3.8/site-packages/airflow/example_dags/example_xcom.py
[2023-12-20T21:26:22.350+0000] {logging_mixin.py:154} INFO - [2023-12-20T21:26:22.350+0000] {dag.py:2941} INFO - Sync 1 DAGs
[2023-12-20T21:26:22.370+0000] {logging_mixin.py:154} INFO - [2023-12-20T21:26:22.369+0000] {dag.py:3722} INFO - Setting next_dagrun for example_xcom to 2021-01-01T00:00:00+00:00, run_after=2021-01-01T00:00:00+00:00
[2023-12-20T21:26:22.390+0000] {processor.py:179} INFO - Processing /home/airflow/.local/lib/python3.8/site-packages/airflow/example_dags/example_xcom.py took 0.071 seconds
