[2023-12-20T21:08:33.994+0000] {processor.py:157} INFO - Started process (PID=51) to work on /home/airflow/.local/lib/python3.8/site-packages/airflow/example_dags/example_latest_only.py
[2023-12-20T21:08:33.996+0000] {processor.py:829} INFO - Processing file /home/airflow/.local/lib/python3.8/site-packages/airflow/example_dags/example_latest_only.py for tasks to queue
[2023-12-20T21:08:33.998+0000] {logging_mixin.py:154} INFO - [2023-12-20T21:08:33.997+0000] {dagbag.py:536} INFO - Filling up the DagBag from /home/airflow/.local/lib/python3.8/site-packages/airflow/example_dags/example_latest_only.py
[2023-12-20T21:08:34.006+0000] {processor.py:839} INFO - DAG(s) dict_keys(['latest_only']) retrieved from /home/airflow/.local/lib/python3.8/site-packages/airflow/example_dags/example_latest_only.py
[2023-12-20T21:08:34.018+0000] {logging_mixin.py:154} INFO - [2023-12-20T21:08:34.018+0000] {dag.py:2941} INFO - Sync 1 DAGs
[2023-12-20T21:08:34.041+0000] {logging_mixin.py:154} INFO - [2023-12-20T21:08:34.040+0000] {dag.py:3722} INFO - Setting next_dagrun for latest_only to 2023-12-20T17:08:34.040546+00:00, run_after=2023-12-20T21:08:34.040546+00:00
[2023-12-20T21:08:34.067+0000] {processor.py:179} INFO - Processing /home/airflow/.local/lib/python3.8/site-packages/airflow/example_dags/example_latest_only.py took 0.076 seconds
[2023-12-20T21:09:04.300+0000] {processor.py:157} INFO - Started process (PID=107) to work on /home/airflow/.local/lib/python3.8/site-packages/airflow/example_dags/example_latest_only.py
[2023-12-20T21:09:04.301+0000] {processor.py:829} INFO - Processing file /home/airflow/.local/lib/python3.8/site-packages/airflow/example_dags/example_latest_only.py for tasks to queue
[2023-12-20T21:09:04.303+0000] {logging_mixin.py:154} INFO - [2023-12-20T21:09:04.303+0000] {dagbag.py:536} INFO - Filling up the DagBag from /home/airflow/.local/lib/python3.8/site-packages/airflow/example_dags/example_latest_only.py
[2023-12-20T21:09:04.308+0000] {processor.py:839} INFO - DAG(s) dict_keys(['latest_only']) retrieved from /home/airflow/.local/lib/python3.8/site-packages/airflow/example_dags/example_latest_only.py
[2023-12-20T21:09:04.327+0000] {logging_mixin.py:154} INFO - [2023-12-20T21:09:04.326+0000] {dag.py:2941} INFO - Sync 1 DAGs
[2023-12-20T21:09:04.346+0000] {logging_mixin.py:154} INFO - [2023-12-20T21:09:04.346+0000] {dag.py:3722} INFO - Setting next_dagrun for latest_only to 2023-12-20T17:09:04.346013+00:00, run_after=2023-12-20T21:09:04.346013+00:00
[2023-12-20T21:09:04.369+0000] {processor.py:179} INFO - Processing /home/airflow/.local/lib/python3.8/site-packages/airflow/example_dags/example_latest_only.py took 0.071 seconds
[2023-12-20T21:09:35.295+0000] {processor.py:157} INFO - Started process (PID=163) to work on /home/airflow/.local/lib/python3.8/site-packages/airflow/example_dags/example_latest_only.py
[2023-12-20T21:09:35.296+0000] {processor.py:829} INFO - Processing file /home/airflow/.local/lib/python3.8/site-packages/airflow/example_dags/example_latest_only.py for tasks to queue
[2023-12-20T21:09:35.298+0000] {logging_mixin.py:154} INFO - [2023-12-20T21:09:35.298+0000] {dagbag.py:536} INFO - Filling up the DagBag from /home/airflow/.local/lib/python3.8/site-packages/airflow/example_dags/example_latest_only.py
[2023-12-20T21:09:35.303+0000] {processor.py:839} INFO - DAG(s) dict_keys(['latest_only']) retrieved from /home/airflow/.local/lib/python3.8/site-packages/airflow/example_dags/example_latest_only.py
[2023-12-20T21:09:35.320+0000] {logging_mixin.py:154} INFO - [2023-12-20T21:09:35.320+0000] {dag.py:2941} INFO - Sync 1 DAGs
[2023-12-20T21:09:35.343+0000] {logging_mixin.py:154} INFO - [2023-12-20T21:09:35.343+0000] {dag.py:3722} INFO - Setting next_dagrun for latest_only to 2023-12-20T17:09:35.342952+00:00, run_after=2023-12-20T21:09:35.342952+00:00
[2023-12-20T21:09:35.364+0000] {processor.py:179} INFO - Processing /home/airflow/.local/lib/python3.8/site-packages/airflow/example_dags/example_latest_only.py took 0.071 seconds
[2023-12-20T21:10:05.747+0000] {processor.py:157} INFO - Started process (PID=219) to work on /home/airflow/.local/lib/python3.8/site-packages/airflow/example_dags/example_latest_only.py
[2023-12-20T21:10:05.749+0000] {processor.py:829} INFO - Processing file /home/airflow/.local/lib/python3.8/site-packages/airflow/example_dags/example_latest_only.py for tasks to queue
[2023-12-20T21:10:05.751+0000] {logging_mixin.py:154} INFO - [2023-12-20T21:10:05.750+0000] {dagbag.py:536} INFO - Filling up the DagBag from /home/airflow/.local/lib/python3.8/site-packages/airflow/example_dags/example_latest_only.py
[2023-12-20T21:10:05.754+0000] {processor.py:839} INFO - DAG(s) dict_keys(['latest_only']) retrieved from /home/airflow/.local/lib/python3.8/site-packages/airflow/example_dags/example_latest_only.py
[2023-12-20T21:10:05.771+0000] {logging_mixin.py:154} INFO - [2023-12-20T21:10:05.771+0000] {dag.py:2941} INFO - Sync 1 DAGs
[2023-12-20T21:10:05.790+0000] {logging_mixin.py:154} INFO - [2023-12-20T21:10:05.790+0000] {dag.py:3722} INFO - Setting next_dagrun for latest_only to 2023-12-20T17:10:05.790315+00:00, run_after=2023-12-20T21:10:05.790315+00:00
[2023-12-20T21:10:05.810+0000] {processor.py:179} INFO - Processing /home/airflow/.local/lib/python3.8/site-packages/airflow/example_dags/example_latest_only.py took 0.065 seconds
[2023-12-20T21:10:36.017+0000] {processor.py:157} INFO - Started process (PID=275) to work on /home/airflow/.local/lib/python3.8/site-packages/airflow/example_dags/example_latest_only.py
[2023-12-20T21:10:36.018+0000] {processor.py:829} INFO - Processing file /home/airflow/.local/lib/python3.8/site-packages/airflow/example_dags/example_latest_only.py for tasks to queue
[2023-12-20T21:10:36.020+0000] {logging_mixin.py:154} INFO - [2023-12-20T21:10:36.019+0000] {dagbag.py:536} INFO - Filling up the DagBag from /home/airflow/.local/lib/python3.8/site-packages/airflow/example_dags/example_latest_only.py
[2023-12-20T21:10:36.024+0000] {processor.py:839} INFO - DAG(s) dict_keys(['latest_only']) retrieved from /home/airflow/.local/lib/python3.8/site-packages/airflow/example_dags/example_latest_only.py
[2023-12-20T21:10:36.043+0000] {logging_mixin.py:154} INFO - [2023-12-20T21:10:36.042+0000] {dag.py:2941} INFO - Sync 1 DAGs
[2023-12-20T21:10:36.063+0000] {logging_mixin.py:154} INFO - [2023-12-20T21:10:36.062+0000] {dag.py:3722} INFO - Setting next_dagrun for latest_only to 2023-12-20T17:10:36.062738+00:00, run_after=2023-12-20T21:10:36.062738+00:00
[2023-12-20T21:10:36.083+0000] {processor.py:179} INFO - Processing /home/airflow/.local/lib/python3.8/site-packages/airflow/example_dags/example_latest_only.py took 0.069 seconds
[2023-12-20T21:11:06.170+0000] {processor.py:157} INFO - Started process (PID=331) to work on /home/airflow/.local/lib/python3.8/site-packages/airflow/example_dags/example_latest_only.py
[2023-12-20T21:11:06.170+0000] {processor.py:829} INFO - Processing file /home/airflow/.local/lib/python3.8/site-packages/airflow/example_dags/example_latest_only.py for tasks to queue
[2023-12-20T21:11:06.173+0000] {logging_mixin.py:154} INFO - [2023-12-20T21:11:06.172+0000] {dagbag.py:536} INFO - Filling up the DagBag from /home/airflow/.local/lib/python3.8/site-packages/airflow/example_dags/example_latest_only.py
[2023-12-20T21:11:06.177+0000] {processor.py:839} INFO - DAG(s) dict_keys(['latest_only']) retrieved from /home/airflow/.local/lib/python3.8/site-packages/airflow/example_dags/example_latest_only.py
[2023-12-20T21:11:06.194+0000] {logging_mixin.py:154} INFO - [2023-12-20T21:11:06.193+0000] {dag.py:2941} INFO - Sync 1 DAGs
[2023-12-20T21:11:06.215+0000] {logging_mixin.py:154} INFO - [2023-12-20T21:11:06.214+0000] {dag.py:3722} INFO - Setting next_dagrun for latest_only to 2023-12-20T17:11:06.214656+00:00, run_after=2023-12-20T21:11:06.214656+00:00
[2023-12-20T21:11:06.236+0000] {processor.py:179} INFO - Processing /home/airflow/.local/lib/python3.8/site-packages/airflow/example_dags/example_latest_only.py took 0.068 seconds
[2023-12-20T21:11:36.371+0000] {processor.py:157} INFO - Started process (PID=387) to work on /home/airflow/.local/lib/python3.8/site-packages/airflow/example_dags/example_latest_only.py
[2023-12-20T21:11:36.372+0000] {processor.py:829} INFO - Processing file /home/airflow/.local/lib/python3.8/site-packages/airflow/example_dags/example_latest_only.py for tasks to queue
[2023-12-20T21:11:36.374+0000] {logging_mixin.py:154} INFO - [2023-12-20T21:11:36.374+0000] {dagbag.py:536} INFO - Filling up the DagBag from /home/airflow/.local/lib/python3.8/site-packages/airflow/example_dags/example_latest_only.py
[2023-12-20T21:11:36.378+0000] {processor.py:839} INFO - DAG(s) dict_keys(['latest_only']) retrieved from /home/airflow/.local/lib/python3.8/site-packages/airflow/example_dags/example_latest_only.py
[2023-12-20T21:11:36.396+0000] {logging_mixin.py:154} INFO - [2023-12-20T21:11:36.396+0000] {dag.py:2941} INFO - Sync 1 DAGs
[2023-12-20T21:11:36.416+0000] {logging_mixin.py:154} INFO - [2023-12-20T21:11:36.416+0000] {dag.py:3722} INFO - Setting next_dagrun for latest_only to 2023-12-20T17:11:36.416183+00:00, run_after=2023-12-20T21:11:36.416183+00:00
[2023-12-20T21:11:36.435+0000] {processor.py:179} INFO - Processing /home/airflow/.local/lib/python3.8/site-packages/airflow/example_dags/example_latest_only.py took 0.067 seconds
[2023-12-20T21:12:06.910+0000] {processor.py:157} INFO - Started process (PID=443) to work on /home/airflow/.local/lib/python3.8/site-packages/airflow/example_dags/example_latest_only.py
[2023-12-20T21:12:06.911+0000] {processor.py:829} INFO - Processing file /home/airflow/.local/lib/python3.8/site-packages/airflow/example_dags/example_latest_only.py for tasks to queue
[2023-12-20T21:12:06.913+0000] {logging_mixin.py:154} INFO - [2023-12-20T21:12:06.913+0000] {dagbag.py:536} INFO - Filling up the DagBag from /home/airflow/.local/lib/python3.8/site-packages/airflow/example_dags/example_latest_only.py
[2023-12-20T21:12:06.917+0000] {processor.py:839} INFO - DAG(s) dict_keys(['latest_only']) retrieved from /home/airflow/.local/lib/python3.8/site-packages/airflow/example_dags/example_latest_only.py
[2023-12-20T21:12:06.936+0000] {logging_mixin.py:154} INFO - [2023-12-20T21:12:06.935+0000] {dag.py:2941} INFO - Sync 1 DAGs
[2023-12-20T21:12:06.955+0000] {logging_mixin.py:154} INFO - [2023-12-20T21:12:06.954+0000] {dag.py:3722} INFO - Setting next_dagrun for latest_only to 2023-12-20T17:12:06.954759+00:00, run_after=2023-12-20T21:12:06.954759+00:00
[2023-12-20T21:12:06.976+0000] {processor.py:179} INFO - Processing /home/airflow/.local/lib/python3.8/site-packages/airflow/example_dags/example_latest_only.py took 0.068 seconds
[2023-12-20T21:12:37.328+0000] {processor.py:157} INFO - Started process (PID=499) to work on /home/airflow/.local/lib/python3.8/site-packages/airflow/example_dags/example_latest_only.py
[2023-12-20T21:12:37.329+0000] {processor.py:829} INFO - Processing file /home/airflow/.local/lib/python3.8/site-packages/airflow/example_dags/example_latest_only.py for tasks to queue
[2023-12-20T21:12:37.330+0000] {logging_mixin.py:154} INFO - [2023-12-20T21:12:37.330+0000] {dagbag.py:536} INFO - Filling up the DagBag from /home/airflow/.local/lib/python3.8/site-packages/airflow/example_dags/example_latest_only.py
[2023-12-20T21:12:37.335+0000] {processor.py:839} INFO - DAG(s) dict_keys(['latest_only']) retrieved from /home/airflow/.local/lib/python3.8/site-packages/airflow/example_dags/example_latest_only.py
[2023-12-20T21:12:37.352+0000] {logging_mixin.py:154} INFO - [2023-12-20T21:12:37.352+0000] {dag.py:2941} INFO - Sync 1 DAGs
[2023-12-20T21:12:37.372+0000] {logging_mixin.py:154} INFO - [2023-12-20T21:12:37.371+0000] {dag.py:3722} INFO - Setting next_dagrun for latest_only to 2023-12-20T17:12:37.371604+00:00, run_after=2023-12-20T21:12:37.371604+00:00
[2023-12-20T21:12:37.392+0000] {processor.py:179} INFO - Processing /home/airflow/.local/lib/python3.8/site-packages/airflow/example_dags/example_latest_only.py took 0.067 seconds
[2023-12-20T21:13:07.574+0000] {processor.py:157} INFO - Started process (PID=555) to work on /home/airflow/.local/lib/python3.8/site-packages/airflow/example_dags/example_latest_only.py
[2023-12-20T21:13:07.575+0000] {processor.py:829} INFO - Processing file /home/airflow/.local/lib/python3.8/site-packages/airflow/example_dags/example_latest_only.py for tasks to queue
[2023-12-20T21:13:07.577+0000] {logging_mixin.py:154} INFO - [2023-12-20T21:13:07.577+0000] {dagbag.py:536} INFO - Filling up the DagBag from /home/airflow/.local/lib/python3.8/site-packages/airflow/example_dags/example_latest_only.py
[2023-12-20T21:13:07.581+0000] {processor.py:839} INFO - DAG(s) dict_keys(['latest_only']) retrieved from /home/airflow/.local/lib/python3.8/site-packages/airflow/example_dags/example_latest_only.py
[2023-12-20T21:13:07.598+0000] {logging_mixin.py:154} INFO - [2023-12-20T21:13:07.598+0000] {dag.py:2941} INFO - Sync 1 DAGs
[2023-12-20T21:13:07.618+0000] {logging_mixin.py:154} INFO - [2023-12-20T21:13:07.618+0000] {dag.py:3722} INFO - Setting next_dagrun for latest_only to 2023-12-20T17:13:07.617980+00:00, run_after=2023-12-20T21:13:07.617980+00:00
[2023-12-20T21:13:07.641+0000] {processor.py:179} INFO - Processing /home/airflow/.local/lib/python3.8/site-packages/airflow/example_dags/example_latest_only.py took 0.069 seconds
[2023-12-20T21:13:38.496+0000] {processor.py:157} INFO - Started process (PID=611) to work on /home/airflow/.local/lib/python3.8/site-packages/airflow/example_dags/example_latest_only.py
[2023-12-20T21:13:38.498+0000] {processor.py:829} INFO - Processing file /home/airflow/.local/lib/python3.8/site-packages/airflow/example_dags/example_latest_only.py for tasks to queue
[2023-12-20T21:13:38.500+0000] {logging_mixin.py:154} INFO - [2023-12-20T21:13:38.500+0000] {dagbag.py:536} INFO - Filling up the DagBag from /home/airflow/.local/lib/python3.8/site-packages/airflow/example_dags/example_latest_only.py
[2023-12-20T21:13:38.504+0000] {processor.py:839} INFO - DAG(s) dict_keys(['latest_only']) retrieved from /home/airflow/.local/lib/python3.8/site-packages/airflow/example_dags/example_latest_only.py
[2023-12-20T21:13:38.522+0000] {logging_mixin.py:154} INFO - [2023-12-20T21:13:38.522+0000] {dag.py:2941} INFO - Sync 1 DAGs
[2023-12-20T21:13:38.542+0000] {logging_mixin.py:154} INFO - [2023-12-20T21:13:38.542+0000] {dag.py:3722} INFO - Setting next_dagrun for latest_only to 2023-12-20T17:13:38.542148+00:00, run_after=2023-12-20T21:13:38.542148+00:00
[2023-12-20T21:13:38.567+0000] {processor.py:179} INFO - Processing /home/airflow/.local/lib/python3.8/site-packages/airflow/example_dags/example_latest_only.py took 0.073 seconds
[2023-12-20T21:14:08.746+0000] {processor.py:157} INFO - Started process (PID=667) to work on /home/airflow/.local/lib/python3.8/site-packages/airflow/example_dags/example_latest_only.py
[2023-12-20T21:14:08.747+0000] {processor.py:829} INFO - Processing file /home/airflow/.local/lib/python3.8/site-packages/airflow/example_dags/example_latest_only.py for tasks to queue
[2023-12-20T21:14:08.749+0000] {logging_mixin.py:154} INFO - [2023-12-20T21:14:08.749+0000] {dagbag.py:536} INFO - Filling up the DagBag from /home/airflow/.local/lib/python3.8/site-packages/airflow/example_dags/example_latest_only.py
[2023-12-20T21:14:08.753+0000] {processor.py:839} INFO - DAG(s) dict_keys(['latest_only']) retrieved from /home/airflow/.local/lib/python3.8/site-packages/airflow/example_dags/example_latest_only.py
[2023-12-20T21:14:08.770+0000] {logging_mixin.py:154} INFO - [2023-12-20T21:14:08.770+0000] {dag.py:2941} INFO - Sync 1 DAGs
[2023-12-20T21:14:08.788+0000] {logging_mixin.py:154} INFO - [2023-12-20T21:14:08.788+0000] {dag.py:3722} INFO - Setting next_dagrun for latest_only to 2023-12-20T17:14:08.788310+00:00, run_after=2023-12-20T21:14:08.788310+00:00
[2023-12-20T21:14:08.808+0000] {processor.py:179} INFO - Processing /home/airflow/.local/lib/python3.8/site-packages/airflow/example_dags/example_latest_only.py took 0.064 seconds
[2023-12-20T21:14:39.786+0000] {processor.py:157} INFO - Started process (PID=723) to work on /home/airflow/.local/lib/python3.8/site-packages/airflow/example_dags/example_latest_only.py
[2023-12-20T21:14:39.787+0000] {processor.py:829} INFO - Processing file /home/airflow/.local/lib/python3.8/site-packages/airflow/example_dags/example_latest_only.py for tasks to queue
[2023-12-20T21:14:39.789+0000] {logging_mixin.py:154} INFO - [2023-12-20T21:14:39.789+0000] {dagbag.py:536} INFO - Filling up the DagBag from /home/airflow/.local/lib/python3.8/site-packages/airflow/example_dags/example_latest_only.py
[2023-12-20T21:14:39.794+0000] {processor.py:839} INFO - DAG(s) dict_keys(['latest_only']) retrieved from /home/airflow/.local/lib/python3.8/site-packages/airflow/example_dags/example_latest_only.py
[2023-12-20T21:14:39.813+0000] {logging_mixin.py:154} INFO - [2023-12-20T21:14:39.812+0000] {dag.py:2941} INFO - Sync 1 DAGs
[2023-12-20T21:14:39.833+0000] {logging_mixin.py:154} INFO - [2023-12-20T21:14:39.833+0000] {dag.py:3722} INFO - Setting next_dagrun for latest_only to 2023-12-20T17:14:39.833195+00:00, run_after=2023-12-20T21:14:39.833195+00:00
[2023-12-20T21:14:39.853+0000] {processor.py:179} INFO - Processing /home/airflow/.local/lib/python3.8/site-packages/airflow/example_dags/example_latest_only.py took 0.069 seconds
[2023-12-20T21:15:10.263+0000] {processor.py:157} INFO - Started process (PID=779) to work on /home/airflow/.local/lib/python3.8/site-packages/airflow/example_dags/example_latest_only.py
[2023-12-20T21:15:10.264+0000] {processor.py:829} INFO - Processing file /home/airflow/.local/lib/python3.8/site-packages/airflow/example_dags/example_latest_only.py for tasks to queue
[2023-12-20T21:15:10.266+0000] {logging_mixin.py:154} INFO - [2023-12-20T21:15:10.265+0000] {dagbag.py:536} INFO - Filling up the DagBag from /home/airflow/.local/lib/python3.8/site-packages/airflow/example_dags/example_latest_only.py
[2023-12-20T21:15:10.269+0000] {processor.py:839} INFO - DAG(s) dict_keys(['latest_only']) retrieved from /home/airflow/.local/lib/python3.8/site-packages/airflow/example_dags/example_latest_only.py
[2023-12-20T21:15:10.286+0000] {logging_mixin.py:154} INFO - [2023-12-20T21:15:10.286+0000] {dag.py:2941} INFO - Sync 1 DAGs
[2023-12-20T21:15:10.307+0000] {logging_mixin.py:154} INFO - [2023-12-20T21:15:10.307+0000] {dag.py:3722} INFO - Setting next_dagrun for latest_only to 2023-12-20T17:15:10.307111+00:00, run_after=2023-12-20T21:15:10.307111+00:00
[2023-12-20T21:15:10.326+0000] {processor.py:179} INFO - Processing /home/airflow/.local/lib/python3.8/site-packages/airflow/example_dags/example_latest_only.py took 0.065 seconds
[2023-12-20T21:15:40.888+0000] {processor.py:157} INFO - Started process (PID=835) to work on /home/airflow/.local/lib/python3.8/site-packages/airflow/example_dags/example_latest_only.py
[2023-12-20T21:15:40.889+0000] {processor.py:829} INFO - Processing file /home/airflow/.local/lib/python3.8/site-packages/airflow/example_dags/example_latest_only.py for tasks to queue
[2023-12-20T21:15:40.891+0000] {logging_mixin.py:154} INFO - [2023-12-20T21:15:40.891+0000] {dagbag.py:536} INFO - Filling up the DagBag from /home/airflow/.local/lib/python3.8/site-packages/airflow/example_dags/example_latest_only.py
[2023-12-20T21:15:40.895+0000] {processor.py:839} INFO - DAG(s) dict_keys(['latest_only']) retrieved from /home/airflow/.local/lib/python3.8/site-packages/airflow/example_dags/example_latest_only.py
[2023-12-20T21:15:40.912+0000] {logging_mixin.py:154} INFO - [2023-12-20T21:15:40.912+0000] {dag.py:2941} INFO - Sync 1 DAGs
[2023-12-20T21:15:40.932+0000] {logging_mixin.py:154} INFO - [2023-12-20T21:15:40.931+0000] {dag.py:3722} INFO - Setting next_dagrun for latest_only to 2023-12-20T17:15:40.931753+00:00, run_after=2023-12-20T21:15:40.931753+00:00
[2023-12-20T21:15:40.954+0000] {processor.py:179} INFO - Processing /home/airflow/.local/lib/python3.8/site-packages/airflow/example_dags/example_latest_only.py took 0.067 seconds
[2023-12-20T21:16:11.375+0000] {processor.py:157} INFO - Started process (PID=891) to work on /home/airflow/.local/lib/python3.8/site-packages/airflow/example_dags/example_latest_only.py
[2023-12-20T21:16:11.376+0000] {processor.py:829} INFO - Processing file /home/airflow/.local/lib/python3.8/site-packages/airflow/example_dags/example_latest_only.py for tasks to queue
[2023-12-20T21:16:11.378+0000] {logging_mixin.py:154} INFO - [2023-12-20T21:16:11.377+0000] {dagbag.py:536} INFO - Filling up the DagBag from /home/airflow/.local/lib/python3.8/site-packages/airflow/example_dags/example_latest_only.py
[2023-12-20T21:16:11.383+0000] {processor.py:839} INFO - DAG(s) dict_keys(['latest_only']) retrieved from /home/airflow/.local/lib/python3.8/site-packages/airflow/example_dags/example_latest_only.py
[2023-12-20T21:16:11.400+0000] {logging_mixin.py:154} INFO - [2023-12-20T21:16:11.400+0000] {dag.py:2941} INFO - Sync 1 DAGs
[2023-12-20T21:16:11.421+0000] {logging_mixin.py:154} INFO - [2023-12-20T21:16:11.421+0000] {dag.py:3722} INFO - Setting next_dagrun for latest_only to 2023-12-20T17:16:11.421144+00:00, run_after=2023-12-20T21:16:11.421144+00:00
[2023-12-20T21:16:11.440+0000] {processor.py:179} INFO - Processing /home/airflow/.local/lib/python3.8/site-packages/airflow/example_dags/example_latest_only.py took 0.068 seconds
[2023-12-20T21:16:42.433+0000] {processor.py:157} INFO - Started process (PID=947) to work on /home/airflow/.local/lib/python3.8/site-packages/airflow/example_dags/example_latest_only.py
[2023-12-20T21:16:42.434+0000] {processor.py:829} INFO - Processing file /home/airflow/.local/lib/python3.8/site-packages/airflow/example_dags/example_latest_only.py for tasks to queue
[2023-12-20T21:16:42.436+0000] {logging_mixin.py:154} INFO - [2023-12-20T21:16:42.436+0000] {dagbag.py:536} INFO - Filling up the DagBag from /home/airflow/.local/lib/python3.8/site-packages/airflow/example_dags/example_latest_only.py
[2023-12-20T21:16:42.440+0000] {processor.py:839} INFO - DAG(s) dict_keys(['latest_only']) retrieved from /home/airflow/.local/lib/python3.8/site-packages/airflow/example_dags/example_latest_only.py
[2023-12-20T21:16:42.457+0000] {logging_mixin.py:154} INFO - [2023-12-20T21:16:42.457+0000] {dag.py:2941} INFO - Sync 1 DAGs
[2023-12-20T21:16:42.478+0000] {logging_mixin.py:154} INFO - [2023-12-20T21:16:42.478+0000] {dag.py:3722} INFO - Setting next_dagrun for latest_only to 2023-12-20T17:16:42.477945+00:00, run_after=2023-12-20T21:16:42.477945+00:00
[2023-12-20T21:16:42.633+0000] {processor.py:179} INFO - Processing /home/airflow/.local/lib/python3.8/site-packages/airflow/example_dags/example_latest_only.py took 0.202 seconds
[2023-12-20T21:17:13.248+0000] {processor.py:157} INFO - Started process (PID=1003) to work on /home/airflow/.local/lib/python3.8/site-packages/airflow/example_dags/example_latest_only.py
[2023-12-20T21:17:13.250+0000] {processor.py:829} INFO - Processing file /home/airflow/.local/lib/python3.8/site-packages/airflow/example_dags/example_latest_only.py for tasks to queue
[2023-12-20T21:17:13.252+0000] {logging_mixin.py:154} INFO - [2023-12-20T21:17:13.251+0000] {dagbag.py:536} INFO - Filling up the DagBag from /home/airflow/.local/lib/python3.8/site-packages/airflow/example_dags/example_latest_only.py
[2023-12-20T21:17:13.256+0000] {processor.py:839} INFO - DAG(s) dict_keys(['latest_only']) retrieved from /home/airflow/.local/lib/python3.8/site-packages/airflow/example_dags/example_latest_only.py
[2023-12-20T21:17:13.275+0000] {logging_mixin.py:154} INFO - [2023-12-20T21:17:13.274+0000] {dag.py:2941} INFO - Sync 1 DAGs
[2023-12-20T21:17:13.296+0000] {logging_mixin.py:154} INFO - [2023-12-20T21:17:13.296+0000] {dag.py:3722} INFO - Setting next_dagrun for latest_only to 2023-12-20T17:17:13.295770+00:00, run_after=2023-12-20T21:17:13.295770+00:00
[2023-12-20T21:17:13.321+0000] {processor.py:179} INFO - Processing /home/airflow/.local/lib/python3.8/site-packages/airflow/example_dags/example_latest_only.py took 0.075 seconds
[2023-12-20T21:17:43.544+0000] {processor.py:157} INFO - Started process (PID=1059) to work on /home/airflow/.local/lib/python3.8/site-packages/airflow/example_dags/example_latest_only.py
[2023-12-20T21:17:43.545+0000] {processor.py:829} INFO - Processing file /home/airflow/.local/lib/python3.8/site-packages/airflow/example_dags/example_latest_only.py for tasks to queue
[2023-12-20T21:17:43.547+0000] {logging_mixin.py:154} INFO - [2023-12-20T21:17:43.547+0000] {dagbag.py:536} INFO - Filling up the DagBag from /home/airflow/.local/lib/python3.8/site-packages/airflow/example_dags/example_latest_only.py
[2023-12-20T21:17:43.551+0000] {processor.py:839} INFO - DAG(s) dict_keys(['latest_only']) retrieved from /home/airflow/.local/lib/python3.8/site-packages/airflow/example_dags/example_latest_only.py
[2023-12-20T21:17:43.568+0000] {logging_mixin.py:154} INFO - [2023-12-20T21:17:43.568+0000] {dag.py:2941} INFO - Sync 1 DAGs
[2023-12-20T21:17:43.588+0000] {logging_mixin.py:154} INFO - [2023-12-20T21:17:43.588+0000] {dag.py:3722} INFO - Setting next_dagrun for latest_only to 2023-12-20T17:17:43.588079+00:00, run_after=2023-12-20T21:17:43.588079+00:00
[2023-12-20T21:17:43.609+0000] {processor.py:179} INFO - Processing /home/airflow/.local/lib/python3.8/site-packages/airflow/example_dags/example_latest_only.py took 0.067 seconds
[2023-12-20T21:18:13.986+0000] {processor.py:157} INFO - Started process (PID=1115) to work on /home/airflow/.local/lib/python3.8/site-packages/airflow/example_dags/example_latest_only.py
[2023-12-20T21:18:13.987+0000] {processor.py:829} INFO - Processing file /home/airflow/.local/lib/python3.8/site-packages/airflow/example_dags/example_latest_only.py for tasks to queue
[2023-12-20T21:18:13.989+0000] {logging_mixin.py:154} INFO - [2023-12-20T21:18:13.989+0000] {dagbag.py:536} INFO - Filling up the DagBag from /home/airflow/.local/lib/python3.8/site-packages/airflow/example_dags/example_latest_only.py
[2023-12-20T21:18:13.993+0000] {processor.py:839} INFO - DAG(s) dict_keys(['latest_only']) retrieved from /home/airflow/.local/lib/python3.8/site-packages/airflow/example_dags/example_latest_only.py
[2023-12-20T21:18:14.011+0000] {logging_mixin.py:154} INFO - [2023-12-20T21:18:14.011+0000] {dag.py:2941} INFO - Sync 1 DAGs
[2023-12-20T21:18:14.030+0000] {logging_mixin.py:154} INFO - [2023-12-20T21:18:14.030+0000] {dag.py:3722} INFO - Setting next_dagrun for latest_only to 2023-12-20T17:18:14.030144+00:00, run_after=2023-12-20T21:18:14.030144+00:00
[2023-12-20T21:18:14.050+0000] {processor.py:179} INFO - Processing /home/airflow/.local/lib/python3.8/site-packages/airflow/example_dags/example_latest_only.py took 0.066 seconds
[2023-12-20T21:18:44.389+0000] {processor.py:157} INFO - Started process (PID=1171) to work on /home/airflow/.local/lib/python3.8/site-packages/airflow/example_dags/example_latest_only.py
[2023-12-20T21:18:44.390+0000] {processor.py:829} INFO - Processing file /home/airflow/.local/lib/python3.8/site-packages/airflow/example_dags/example_latest_only.py for tasks to queue
[2023-12-20T21:18:44.392+0000] {logging_mixin.py:154} INFO - [2023-12-20T21:18:44.392+0000] {dagbag.py:536} INFO - Filling up the DagBag from /home/airflow/.local/lib/python3.8/site-packages/airflow/example_dags/example_latest_only.py
[2023-12-20T21:18:44.396+0000] {processor.py:839} INFO - DAG(s) dict_keys(['latest_only']) retrieved from /home/airflow/.local/lib/python3.8/site-packages/airflow/example_dags/example_latest_only.py
[2023-12-20T21:18:44.413+0000] {logging_mixin.py:154} INFO - [2023-12-20T21:18:44.413+0000] {dag.py:2941} INFO - Sync 1 DAGs
[2023-12-20T21:18:44.435+0000] {logging_mixin.py:154} INFO - [2023-12-20T21:18:44.435+0000] {dag.py:3722} INFO - Setting next_dagrun for latest_only to 2023-12-20T17:18:44.435318+00:00, run_after=2023-12-20T21:18:44.435318+00:00
[2023-12-20T21:18:44.456+0000] {processor.py:179} INFO - Processing /home/airflow/.local/lib/python3.8/site-packages/airflow/example_dags/example_latest_only.py took 0.069 seconds
[2023-12-20T21:19:14.853+0000] {processor.py:157} INFO - Started process (PID=1227) to work on /home/airflow/.local/lib/python3.8/site-packages/airflow/example_dags/example_latest_only.py
[2023-12-20T21:19:14.854+0000] {processor.py:829} INFO - Processing file /home/airflow/.local/lib/python3.8/site-packages/airflow/example_dags/example_latest_only.py for tasks to queue
[2023-12-20T21:19:14.857+0000] {logging_mixin.py:154} INFO - [2023-12-20T21:19:14.856+0000] {dagbag.py:536} INFO - Filling up the DagBag from /home/airflow/.local/lib/python3.8/site-packages/airflow/example_dags/example_latest_only.py
[2023-12-20T21:19:14.861+0000] {processor.py:839} INFO - DAG(s) dict_keys(['latest_only']) retrieved from /home/airflow/.local/lib/python3.8/site-packages/airflow/example_dags/example_latest_only.py
[2023-12-20T21:19:14.881+0000] {logging_mixin.py:154} INFO - [2023-12-20T21:19:14.881+0000] {dag.py:2941} INFO - Sync 1 DAGs
[2023-12-20T21:19:14.904+0000] {logging_mixin.py:154} INFO - [2023-12-20T21:19:14.904+0000] {dag.py:3722} INFO - Setting next_dagrun for latest_only to 2023-12-20T17:19:14.904067+00:00, run_after=2023-12-20T21:19:14.904067+00:00
[2023-12-20T21:19:15.047+0000] {processor.py:179} INFO - Processing /home/airflow/.local/lib/python3.8/site-packages/airflow/example_dags/example_latest_only.py took 0.197 seconds
[2023-12-20T21:19:45.780+0000] {processor.py:157} INFO - Started process (PID=1283) to work on /home/airflow/.local/lib/python3.8/site-packages/airflow/example_dags/example_latest_only.py
[2023-12-20T21:19:45.782+0000] {processor.py:829} INFO - Processing file /home/airflow/.local/lib/python3.8/site-packages/airflow/example_dags/example_latest_only.py for tasks to queue
[2023-12-20T21:19:45.783+0000] {logging_mixin.py:154} INFO - [2023-12-20T21:19:45.783+0000] {dagbag.py:536} INFO - Filling up the DagBag from /home/airflow/.local/lib/python3.8/site-packages/airflow/example_dags/example_latest_only.py
[2023-12-20T21:19:45.787+0000] {processor.py:839} INFO - DAG(s) dict_keys(['latest_only']) retrieved from /home/airflow/.local/lib/python3.8/site-packages/airflow/example_dags/example_latest_only.py
[2023-12-20T21:19:45.804+0000] {logging_mixin.py:154} INFO - [2023-12-20T21:19:45.804+0000] {dag.py:2941} INFO - Sync 1 DAGs
[2023-12-20T21:19:45.823+0000] {logging_mixin.py:154} INFO - [2023-12-20T21:19:45.822+0000] {dag.py:3722} INFO - Setting next_dagrun for latest_only to 2023-12-20T17:19:45.822595+00:00, run_after=2023-12-20T21:19:45.822595+00:00
[2023-12-20T21:19:45.841+0000] {processor.py:179} INFO - Processing /home/airflow/.local/lib/python3.8/site-packages/airflow/example_dags/example_latest_only.py took 0.063 seconds
[2023-12-20T21:20:15.865+0000] {processor.py:157} INFO - Started process (PID=1338) to work on /home/airflow/.local/lib/python3.8/site-packages/airflow/example_dags/example_latest_only.py
[2023-12-20T21:20:15.866+0000] {processor.py:829} INFO - Processing file /home/airflow/.local/lib/python3.8/site-packages/airflow/example_dags/example_latest_only.py for tasks to queue
[2023-12-20T21:20:15.868+0000] {logging_mixin.py:154} INFO - [2023-12-20T21:20:15.868+0000] {dagbag.py:536} INFO - Filling up the DagBag from /home/airflow/.local/lib/python3.8/site-packages/airflow/example_dags/example_latest_only.py
[2023-12-20T21:20:15.872+0000] {processor.py:839} INFO - DAG(s) dict_keys(['latest_only']) retrieved from /home/airflow/.local/lib/python3.8/site-packages/airflow/example_dags/example_latest_only.py
[2023-12-20T21:20:15.890+0000] {logging_mixin.py:154} INFO - [2023-12-20T21:20:15.890+0000] {dag.py:2941} INFO - Sync 1 DAGs
[2023-12-20T21:20:15.910+0000] {logging_mixin.py:154} INFO - [2023-12-20T21:20:15.910+0000] {dag.py:3722} INFO - Setting next_dagrun for latest_only to 2023-12-20T17:20:15.910243+00:00, run_after=2023-12-20T21:20:15.910243+00:00
[2023-12-20T21:20:15.929+0000] {processor.py:179} INFO - Processing /home/airflow/.local/lib/python3.8/site-packages/airflow/example_dags/example_latest_only.py took 0.065 seconds
[2023-12-20T21:20:46.471+0000] {processor.py:157} INFO - Started process (PID=1394) to work on /home/airflow/.local/lib/python3.8/site-packages/airflow/example_dags/example_latest_only.py
[2023-12-20T21:20:46.472+0000] {processor.py:829} INFO - Processing file /home/airflow/.local/lib/python3.8/site-packages/airflow/example_dags/example_latest_only.py for tasks to queue
[2023-12-20T21:20:46.474+0000] {logging_mixin.py:154} INFO - [2023-12-20T21:20:46.474+0000] {dagbag.py:536} INFO - Filling up the DagBag from /home/airflow/.local/lib/python3.8/site-packages/airflow/example_dags/example_latest_only.py
[2023-12-20T21:20:46.479+0000] {processor.py:839} INFO - DAG(s) dict_keys(['latest_only']) retrieved from /home/airflow/.local/lib/python3.8/site-packages/airflow/example_dags/example_latest_only.py
[2023-12-20T21:20:46.620+0000] {logging_mixin.py:154} INFO - [2023-12-20T21:20:46.619+0000] {dag.py:2941} INFO - Sync 1 DAGs
[2023-12-20T21:20:46.640+0000] {logging_mixin.py:154} INFO - [2023-12-20T21:20:46.639+0000] {dag.py:3722} INFO - Setting next_dagrun for latest_only to 2023-12-20T17:20:46.639826+00:00, run_after=2023-12-20T21:20:46.639826+00:00
[2023-12-20T21:20:46.659+0000] {processor.py:179} INFO - Processing /home/airflow/.local/lib/python3.8/site-packages/airflow/example_dags/example_latest_only.py took 0.191 seconds
[2023-12-20T21:21:17.041+0000] {processor.py:157} INFO - Started process (PID=1450) to work on /home/airflow/.local/lib/python3.8/site-packages/airflow/example_dags/example_latest_only.py
[2023-12-20T21:21:17.042+0000] {processor.py:829} INFO - Processing file /home/airflow/.local/lib/python3.8/site-packages/airflow/example_dags/example_latest_only.py for tasks to queue
[2023-12-20T21:21:17.044+0000] {logging_mixin.py:154} INFO - [2023-12-20T21:21:17.044+0000] {dagbag.py:536} INFO - Filling up the DagBag from /home/airflow/.local/lib/python3.8/site-packages/airflow/example_dags/example_latest_only.py
[2023-12-20T21:21:17.047+0000] {processor.py:839} INFO - DAG(s) dict_keys(['latest_only']) retrieved from /home/airflow/.local/lib/python3.8/site-packages/airflow/example_dags/example_latest_only.py
[2023-12-20T21:21:17.069+0000] {logging_mixin.py:154} INFO - [2023-12-20T21:21:17.069+0000] {dag.py:2941} INFO - Sync 1 DAGs
[2023-12-20T21:21:17.222+0000] {logging_mixin.py:154} INFO - [2023-12-20T21:21:17.221+0000] {dag.py:3722} INFO - Setting next_dagrun for latest_only to 2023-12-20T17:21:17.221791+00:00, run_after=2023-12-20T21:21:17.221791+00:00
[2023-12-20T21:21:17.242+0000] {processor.py:179} INFO - Processing /home/airflow/.local/lib/python3.8/site-packages/airflow/example_dags/example_latest_only.py took 0.204 seconds
[2023-12-20T21:21:47.386+0000] {processor.py:157} INFO - Started process (PID=1506) to work on /home/airflow/.local/lib/python3.8/site-packages/airflow/example_dags/example_latest_only.py
[2023-12-20T21:21:47.387+0000] {processor.py:829} INFO - Processing file /home/airflow/.local/lib/python3.8/site-packages/airflow/example_dags/example_latest_only.py for tasks to queue
[2023-12-20T21:21:47.391+0000] {logging_mixin.py:154} INFO - [2023-12-20T21:21:47.391+0000] {dagbag.py:536} INFO - Filling up the DagBag from /home/airflow/.local/lib/python3.8/site-packages/airflow/example_dags/example_latest_only.py
[2023-12-20T21:21:47.396+0000] {processor.py:839} INFO - DAG(s) dict_keys(['latest_only']) retrieved from /home/airflow/.local/lib/python3.8/site-packages/airflow/example_dags/example_latest_only.py
[2023-12-20T21:21:47.419+0000] {logging_mixin.py:154} INFO - [2023-12-20T21:21:47.419+0000] {dag.py:2941} INFO - Sync 1 DAGs
[2023-12-20T21:21:47.441+0000] {logging_mixin.py:154} INFO - [2023-12-20T21:21:47.441+0000] {dag.py:3722} INFO - Setting next_dagrun for latest_only to 2023-12-20T17:21:47.440815+00:00, run_after=2023-12-20T21:21:47.440815+00:00
[2023-12-20T21:21:47.463+0000] {processor.py:179} INFO - Processing /home/airflow/.local/lib/python3.8/site-packages/airflow/example_dags/example_latest_only.py took 0.081 seconds
[2023-12-20T21:22:17.772+0000] {processor.py:157} INFO - Started process (PID=1562) to work on /home/airflow/.local/lib/python3.8/site-packages/airflow/example_dags/example_latest_only.py
[2023-12-20T21:22:17.774+0000] {processor.py:829} INFO - Processing file /home/airflow/.local/lib/python3.8/site-packages/airflow/example_dags/example_latest_only.py for tasks to queue
[2023-12-20T21:22:17.776+0000] {logging_mixin.py:154} INFO - [2023-12-20T21:22:17.776+0000] {dagbag.py:536} INFO - Filling up the DagBag from /home/airflow/.local/lib/python3.8/site-packages/airflow/example_dags/example_latest_only.py
[2023-12-20T21:22:17.780+0000] {processor.py:839} INFO - DAG(s) dict_keys(['latest_only']) retrieved from /home/airflow/.local/lib/python3.8/site-packages/airflow/example_dags/example_latest_only.py
[2023-12-20T21:22:17.799+0000] {logging_mixin.py:154} INFO - [2023-12-20T21:22:17.799+0000] {dag.py:2941} INFO - Sync 1 DAGs
[2023-12-20T21:22:17.820+0000] {logging_mixin.py:154} INFO - [2023-12-20T21:22:17.820+0000] {dag.py:3722} INFO - Setting next_dagrun for latest_only to 2023-12-20T17:22:17.820002+00:00, run_after=2023-12-20T21:22:17.820002+00:00
[2023-12-20T21:22:17.840+0000] {processor.py:179} INFO - Processing /home/airflow/.local/lib/python3.8/site-packages/airflow/example_dags/example_latest_only.py took 0.070 seconds
[2023-12-20T21:22:48.130+0000] {processor.py:157} INFO - Started process (PID=1618) to work on /home/airflow/.local/lib/python3.8/site-packages/airflow/example_dags/example_latest_only.py
[2023-12-20T21:22:48.131+0000] {processor.py:829} INFO - Processing file /home/airflow/.local/lib/python3.8/site-packages/airflow/example_dags/example_latest_only.py for tasks to queue
[2023-12-20T21:22:48.133+0000] {logging_mixin.py:154} INFO - [2023-12-20T21:22:48.133+0000] {dagbag.py:536} INFO - Filling up the DagBag from /home/airflow/.local/lib/python3.8/site-packages/airflow/example_dags/example_latest_only.py
[2023-12-20T21:22:48.137+0000] {processor.py:839} INFO - DAG(s) dict_keys(['latest_only']) retrieved from /home/airflow/.local/lib/python3.8/site-packages/airflow/example_dags/example_latest_only.py
[2023-12-20T21:22:48.155+0000] {logging_mixin.py:154} INFO - [2023-12-20T21:22:48.155+0000] {dag.py:2941} INFO - Sync 1 DAGs
[2023-12-20T21:22:48.175+0000] {logging_mixin.py:154} INFO - [2023-12-20T21:22:48.175+0000] {dag.py:3722} INFO - Setting next_dagrun for latest_only to 2023-12-20T17:22:48.175380+00:00, run_after=2023-12-20T21:22:48.175380+00:00
[2023-12-20T21:22:48.196+0000] {processor.py:179} INFO - Processing /home/airflow/.local/lib/python3.8/site-packages/airflow/example_dags/example_latest_only.py took 0.068 seconds
[2023-12-20T21:23:18.448+0000] {processor.py:157} INFO - Started process (PID=1674) to work on /home/airflow/.local/lib/python3.8/site-packages/airflow/example_dags/example_latest_only.py
[2023-12-20T21:23:18.449+0000] {processor.py:829} INFO - Processing file /home/airflow/.local/lib/python3.8/site-packages/airflow/example_dags/example_latest_only.py for tasks to queue
[2023-12-20T21:23:18.451+0000] {logging_mixin.py:154} INFO - [2023-12-20T21:23:18.451+0000] {dagbag.py:536} INFO - Filling up the DagBag from /home/airflow/.local/lib/python3.8/site-packages/airflow/example_dags/example_latest_only.py
[2023-12-20T21:23:18.455+0000] {processor.py:839} INFO - DAG(s) dict_keys(['latest_only']) retrieved from /home/airflow/.local/lib/python3.8/site-packages/airflow/example_dags/example_latest_only.py
[2023-12-20T21:23:18.473+0000] {logging_mixin.py:154} INFO - [2023-12-20T21:23:18.473+0000] {dag.py:2941} INFO - Sync 1 DAGs
[2023-12-20T21:23:18.495+0000] {logging_mixin.py:154} INFO - [2023-12-20T21:23:18.495+0000] {dag.py:3722} INFO - Setting next_dagrun for latest_only to 2023-12-20T17:23:18.495509+00:00, run_after=2023-12-20T21:23:18.495509+00:00
[2023-12-20T21:23:18.516+0000] {processor.py:179} INFO - Processing /home/airflow/.local/lib/python3.8/site-packages/airflow/example_dags/example_latest_only.py took 0.070 seconds
[2023-12-20T21:23:48.784+0000] {processor.py:157} INFO - Started process (PID=1730) to work on /home/airflow/.local/lib/python3.8/site-packages/airflow/example_dags/example_latest_only.py
[2023-12-20T21:23:48.784+0000] {processor.py:829} INFO - Processing file /home/airflow/.local/lib/python3.8/site-packages/airflow/example_dags/example_latest_only.py for tasks to queue
[2023-12-20T21:23:48.787+0000] {logging_mixin.py:154} INFO - [2023-12-20T21:23:48.786+0000] {dagbag.py:536} INFO - Filling up the DagBag from /home/airflow/.local/lib/python3.8/site-packages/airflow/example_dags/example_latest_only.py
[2023-12-20T21:23:48.790+0000] {processor.py:839} INFO - DAG(s) dict_keys(['latest_only']) retrieved from /home/airflow/.local/lib/python3.8/site-packages/airflow/example_dags/example_latest_only.py
[2023-12-20T21:23:48.808+0000] {logging_mixin.py:154} INFO - [2023-12-20T21:23:48.807+0000] {dag.py:2941} INFO - Sync 1 DAGs
[2023-12-20T21:23:48.826+0000] {logging_mixin.py:154} INFO - [2023-12-20T21:23:48.826+0000] {dag.py:3722} INFO - Setting next_dagrun for latest_only to 2023-12-20T17:23:48.826379+00:00, run_after=2023-12-20T21:23:48.826379+00:00
[2023-12-20T21:23:48.846+0000] {processor.py:179} INFO - Processing /home/airflow/.local/lib/python3.8/site-packages/airflow/example_dags/example_latest_only.py took 0.065 seconds
[2023-12-20T21:24:19.160+0000] {processor.py:157} INFO - Started process (PID=1786) to work on /home/airflow/.local/lib/python3.8/site-packages/airflow/example_dags/example_latest_only.py
[2023-12-20T21:24:19.161+0000] {processor.py:829} INFO - Processing file /home/airflow/.local/lib/python3.8/site-packages/airflow/example_dags/example_latest_only.py for tasks to queue
[2023-12-20T21:24:19.163+0000] {logging_mixin.py:154} INFO - [2023-12-20T21:24:19.163+0000] {dagbag.py:536} INFO - Filling up the DagBag from /home/airflow/.local/lib/python3.8/site-packages/airflow/example_dags/example_latest_only.py
[2023-12-20T21:24:19.166+0000] {processor.py:839} INFO - DAG(s) dict_keys(['latest_only']) retrieved from /home/airflow/.local/lib/python3.8/site-packages/airflow/example_dags/example_latest_only.py
[2023-12-20T21:24:19.183+0000] {logging_mixin.py:154} INFO - [2023-12-20T21:24:19.183+0000] {dag.py:2941} INFO - Sync 1 DAGs
[2023-12-20T21:24:19.205+0000] {logging_mixin.py:154} INFO - [2023-12-20T21:24:19.204+0000] {dag.py:3722} INFO - Setting next_dagrun for latest_only to 2023-12-20T17:24:19.204736+00:00, run_after=2023-12-20T21:24:19.204736+00:00
[2023-12-20T21:24:19.224+0000] {processor.py:179} INFO - Processing /home/airflow/.local/lib/python3.8/site-packages/airflow/example_dags/example_latest_only.py took 0.067 seconds
[2023-12-20T21:24:49.550+0000] {processor.py:157} INFO - Started process (PID=1842) to work on /home/airflow/.local/lib/python3.8/site-packages/airflow/example_dags/example_latest_only.py
[2023-12-20T21:24:49.551+0000] {processor.py:829} INFO - Processing file /home/airflow/.local/lib/python3.8/site-packages/airflow/example_dags/example_latest_only.py for tasks to queue
[2023-12-20T21:24:49.553+0000] {logging_mixin.py:154} INFO - [2023-12-20T21:24:49.553+0000] {dagbag.py:536} INFO - Filling up the DagBag from /home/airflow/.local/lib/python3.8/site-packages/airflow/example_dags/example_latest_only.py
[2023-12-20T21:24:49.558+0000] {processor.py:839} INFO - DAG(s) dict_keys(['latest_only']) retrieved from /home/airflow/.local/lib/python3.8/site-packages/airflow/example_dags/example_latest_only.py
[2023-12-20T21:24:49.576+0000] {logging_mixin.py:154} INFO - [2023-12-20T21:24:49.576+0000] {dag.py:2941} INFO - Sync 1 DAGs
[2023-12-20T21:24:49.598+0000] {logging_mixin.py:154} INFO - [2023-12-20T21:24:49.598+0000] {dag.py:3722} INFO - Setting next_dagrun for latest_only to 2023-12-20T17:24:49.598245+00:00, run_after=2023-12-20T21:24:49.598245+00:00
[2023-12-20T21:24:49.619+0000] {processor.py:179} INFO - Processing /home/airflow/.local/lib/python3.8/site-packages/airflow/example_dags/example_latest_only.py took 0.071 seconds
[2023-12-20T21:25:19.921+0000] {processor.py:157} INFO - Started process (PID=1898) to work on /home/airflow/.local/lib/python3.8/site-packages/airflow/example_dags/example_latest_only.py
[2023-12-20T21:25:19.922+0000] {processor.py:829} INFO - Processing file /home/airflow/.local/lib/python3.8/site-packages/airflow/example_dags/example_latest_only.py for tasks to queue
[2023-12-20T21:25:19.924+0000] {logging_mixin.py:154} INFO - [2023-12-20T21:25:19.924+0000] {dagbag.py:536} INFO - Filling up the DagBag from /home/airflow/.local/lib/python3.8/site-packages/airflow/example_dags/example_latest_only.py
[2023-12-20T21:25:19.929+0000] {processor.py:839} INFO - DAG(s) dict_keys(['latest_only']) retrieved from /home/airflow/.local/lib/python3.8/site-packages/airflow/example_dags/example_latest_only.py
[2023-12-20T21:25:19.945+0000] {logging_mixin.py:154} INFO - [2023-12-20T21:25:19.945+0000] {dag.py:2941} INFO - Sync 1 DAGs
[2023-12-20T21:25:19.964+0000] {logging_mixin.py:154} INFO - [2023-12-20T21:25:19.964+0000] {dag.py:3722} INFO - Setting next_dagrun for latest_only to 2023-12-20T17:25:19.963961+00:00, run_after=2023-12-20T21:25:19.963961+00:00
[2023-12-20T21:25:19.981+0000] {processor.py:179} INFO - Processing /home/airflow/.local/lib/python3.8/site-packages/airflow/example_dags/example_latest_only.py took 0.061 seconds
[2023-12-20T21:25:50.246+0000] {processor.py:157} INFO - Started process (PID=1954) to work on /home/airflow/.local/lib/python3.8/site-packages/airflow/example_dags/example_latest_only.py
[2023-12-20T21:25:50.247+0000] {processor.py:829} INFO - Processing file /home/airflow/.local/lib/python3.8/site-packages/airflow/example_dags/example_latest_only.py for tasks to queue
[2023-12-20T21:25:50.249+0000] {logging_mixin.py:154} INFO - [2023-12-20T21:25:50.249+0000] {dagbag.py:536} INFO - Filling up the DagBag from /home/airflow/.local/lib/python3.8/site-packages/airflow/example_dags/example_latest_only.py
[2023-12-20T21:25:50.253+0000] {processor.py:839} INFO - DAG(s) dict_keys(['latest_only']) retrieved from /home/airflow/.local/lib/python3.8/site-packages/airflow/example_dags/example_latest_only.py
[2023-12-20T21:25:50.271+0000] {logging_mixin.py:154} INFO - [2023-12-20T21:25:50.271+0000] {dag.py:2941} INFO - Sync 1 DAGs
[2023-12-20T21:25:50.290+0000] {logging_mixin.py:154} INFO - [2023-12-20T21:25:50.290+0000] {dag.py:3722} INFO - Setting next_dagrun for latest_only to 2023-12-20T17:25:50.290524+00:00, run_after=2023-12-20T21:25:50.290524+00:00
[2023-12-20T21:25:50.309+0000] {processor.py:179} INFO - Processing /home/airflow/.local/lib/python3.8/site-packages/airflow/example_dags/example_latest_only.py took 0.066 seconds
[2023-12-20T21:26:20.741+0000] {processor.py:157} INFO - Started process (PID=2010) to work on /home/airflow/.local/lib/python3.8/site-packages/airflow/example_dags/example_latest_only.py
[2023-12-20T21:26:20.742+0000] {processor.py:829} INFO - Processing file /home/airflow/.local/lib/python3.8/site-packages/airflow/example_dags/example_latest_only.py for tasks to queue
[2023-12-20T21:26:20.744+0000] {logging_mixin.py:154} INFO - [2023-12-20T21:26:20.743+0000] {dagbag.py:536} INFO - Filling up the DagBag from /home/airflow/.local/lib/python3.8/site-packages/airflow/example_dags/example_latest_only.py
[2023-12-20T21:26:20.748+0000] {processor.py:839} INFO - DAG(s) dict_keys(['latest_only']) retrieved from /home/airflow/.local/lib/python3.8/site-packages/airflow/example_dags/example_latest_only.py
[2023-12-20T21:26:20.766+0000] {logging_mixin.py:154} INFO - [2023-12-20T21:26:20.765+0000] {dag.py:2941} INFO - Sync 1 DAGs
[2023-12-20T21:26:20.786+0000] {logging_mixin.py:154} INFO - [2023-12-20T21:26:20.786+0000] {dag.py:3722} INFO - Setting next_dagrun for latest_only to 2023-12-20T17:26:20.786225+00:00, run_after=2023-12-20T21:26:20.786225+00:00
[2023-12-20T21:26:20.807+0000] {processor.py:179} INFO - Processing /home/airflow/.local/lib/python3.8/site-packages/airflow/example_dags/example_latest_only.py took 0.069 seconds
