[2023-12-20T21:08:33.489+0000] {processor.py:157} INFO - Started process (PID=42) to work on /home/airflow/.local/lib/python3.8/site-packages/airflow/example_dags/example_task_group.py
[2023-12-20T21:08:33.490+0000] {processor.py:829} INFO - Processing file /home/airflow/.local/lib/python3.8/site-packages/airflow/example_dags/example_task_group.py for tasks to queue
[2023-12-20T21:08:33.493+0000] {logging_mixin.py:154} INFO - [2023-12-20T21:08:33.492+0000] {dagbag.py:536} INFO - Filling up the DagBag from /home/airflow/.local/lib/python3.8/site-packages/airflow/example_dags/example_task_group.py
[2023-12-20T21:08:33.503+0000] {processor.py:839} INFO - DAG(s) dict_keys(['example_task_group']) retrieved from /home/airflow/.local/lib/python3.8/site-packages/airflow/example_dags/example_task_group.py
[2023-12-20T21:08:33.515+0000] {logging_mixin.py:154} INFO - [2023-12-20T21:08:33.514+0000] {dag.py:2941} INFO - Sync 1 DAGs
[2023-12-20T21:08:33.538+0000] {logging_mixin.py:154} INFO - [2023-12-20T21:08:33.538+0000] {dag.py:3722} INFO - Setting next_dagrun for example_task_group to 2023-12-19T21:08:33.538254+00:00, run_after=2023-12-20T21:08:33.538254+00:00
[2023-12-20T21:08:33.564+0000] {processor.py:179} INFO - Processing /home/airflow/.local/lib/python3.8/site-packages/airflow/example_dags/example_task_group.py took 0.078 seconds
[2023-12-20T21:09:03.635+0000] {processor.py:157} INFO - Started process (PID=98) to work on /home/airflow/.local/lib/python3.8/site-packages/airflow/example_dags/example_task_group.py
[2023-12-20T21:09:03.636+0000] {processor.py:829} INFO - Processing file /home/airflow/.local/lib/python3.8/site-packages/airflow/example_dags/example_task_group.py for tasks to queue
[2023-12-20T21:09:03.638+0000] {logging_mixin.py:154} INFO - [2023-12-20T21:09:03.638+0000] {dagbag.py:536} INFO - Filling up the DagBag from /home/airflow/.local/lib/python3.8/site-packages/airflow/example_dags/example_task_group.py
[2023-12-20T21:09:03.644+0000] {processor.py:839} INFO - DAG(s) dict_keys(['example_task_group']) retrieved from /home/airflow/.local/lib/python3.8/site-packages/airflow/example_dags/example_task_group.py
[2023-12-20T21:09:03.666+0000] {logging_mixin.py:154} INFO - [2023-12-20T21:09:03.666+0000] {dag.py:2941} INFO - Sync 1 DAGs
[2023-12-20T21:09:03.689+0000] {logging_mixin.py:154} INFO - [2023-12-20T21:09:03.689+0000] {dag.py:3722} INFO - Setting next_dagrun for example_task_group to 2023-12-19T21:09:03.689209+00:00, run_after=2023-12-20T21:09:03.689209+00:00
[2023-12-20T21:09:03.720+0000] {processor.py:179} INFO - Processing /home/airflow/.local/lib/python3.8/site-packages/airflow/example_dags/example_task_group.py took 0.088 seconds
[2023-12-20T21:09:33.786+0000] {processor.py:157} INFO - Started process (PID=153) to work on /home/airflow/.local/lib/python3.8/site-packages/airflow/example_dags/example_task_group.py
[2023-12-20T21:09:33.787+0000] {processor.py:829} INFO - Processing file /home/airflow/.local/lib/python3.8/site-packages/airflow/example_dags/example_task_group.py for tasks to queue
[2023-12-20T21:09:33.789+0000] {logging_mixin.py:154} INFO - [2023-12-20T21:09:33.789+0000] {dagbag.py:536} INFO - Filling up the DagBag from /home/airflow/.local/lib/python3.8/site-packages/airflow/example_dags/example_task_group.py
[2023-12-20T21:09:33.794+0000] {processor.py:839} INFO - DAG(s) dict_keys(['example_task_group']) retrieved from /home/airflow/.local/lib/python3.8/site-packages/airflow/example_dags/example_task_group.py
[2023-12-20T21:09:33.813+0000] {logging_mixin.py:154} INFO - [2023-12-20T21:09:33.813+0000] {dag.py:2941} INFO - Sync 1 DAGs
[2023-12-20T21:09:33.830+0000] {logging_mixin.py:154} INFO - [2023-12-20T21:09:33.830+0000] {dag.py:3722} INFO - Setting next_dagrun for example_task_group to 2023-12-19T21:09:33.830440+00:00, run_after=2023-12-20T21:09:33.830440+00:00
[2023-12-20T21:09:33.848+0000] {processor.py:179} INFO - Processing /home/airflow/.local/lib/python3.8/site-packages/airflow/example_dags/example_task_group.py took 0.065 seconds
[2023-12-20T21:10:04.258+0000] {processor.py:157} INFO - Started process (PID=209) to work on /home/airflow/.local/lib/python3.8/site-packages/airflow/example_dags/example_task_group.py
[2023-12-20T21:10:04.259+0000] {processor.py:829} INFO - Processing file /home/airflow/.local/lib/python3.8/site-packages/airflow/example_dags/example_task_group.py for tasks to queue
[2023-12-20T21:10:04.261+0000] {logging_mixin.py:154} INFO - [2023-12-20T21:10:04.261+0000] {dagbag.py:536} INFO - Filling up the DagBag from /home/airflow/.local/lib/python3.8/site-packages/airflow/example_dags/example_task_group.py
[2023-12-20T21:10:04.266+0000] {processor.py:839} INFO - DAG(s) dict_keys(['example_task_group']) retrieved from /home/airflow/.local/lib/python3.8/site-packages/airflow/example_dags/example_task_group.py
[2023-12-20T21:10:04.285+0000] {logging_mixin.py:154} INFO - [2023-12-20T21:10:04.285+0000] {dag.py:2941} INFO - Sync 1 DAGs
[2023-12-20T21:10:04.304+0000] {logging_mixin.py:154} INFO - [2023-12-20T21:10:04.304+0000] {dag.py:3722} INFO - Setting next_dagrun for example_task_group to 2023-12-19T21:10:04.304513+00:00, run_after=2023-12-20T21:10:04.304513+00:00
[2023-12-20T21:10:04.322+0000] {processor.py:179} INFO - Processing /home/airflow/.local/lib/python3.8/site-packages/airflow/example_dags/example_task_group.py took 0.066 seconds
[2023-12-20T21:10:34.374+0000] {processor.py:157} INFO - Started process (PID=265) to work on /home/airflow/.local/lib/python3.8/site-packages/airflow/example_dags/example_task_group.py
[2023-12-20T21:10:34.375+0000] {processor.py:829} INFO - Processing file /home/airflow/.local/lib/python3.8/site-packages/airflow/example_dags/example_task_group.py for tasks to queue
[2023-12-20T21:10:34.377+0000] {logging_mixin.py:154} INFO - [2023-12-20T21:10:34.376+0000] {dagbag.py:536} INFO - Filling up the DagBag from /home/airflow/.local/lib/python3.8/site-packages/airflow/example_dags/example_task_group.py
[2023-12-20T21:10:34.382+0000] {processor.py:839} INFO - DAG(s) dict_keys(['example_task_group']) retrieved from /home/airflow/.local/lib/python3.8/site-packages/airflow/example_dags/example_task_group.py
[2023-12-20T21:10:34.401+0000] {logging_mixin.py:154} INFO - [2023-12-20T21:10:34.401+0000] {dag.py:2941} INFO - Sync 1 DAGs
[2023-12-20T21:10:34.422+0000] {logging_mixin.py:154} INFO - [2023-12-20T21:10:34.422+0000] {dag.py:3722} INFO - Setting next_dagrun for example_task_group to 2023-12-19T21:10:34.422094+00:00, run_after=2023-12-20T21:10:34.422094+00:00
[2023-12-20T21:10:34.441+0000] {processor.py:179} INFO - Processing /home/airflow/.local/lib/python3.8/site-packages/airflow/example_dags/example_task_group.py took 0.070 seconds
[2023-12-20T21:11:04.509+0000] {processor.py:157} INFO - Started process (PID=321) to work on /home/airflow/.local/lib/python3.8/site-packages/airflow/example_dags/example_task_group.py
[2023-12-20T21:11:04.510+0000] {processor.py:829} INFO - Processing file /home/airflow/.local/lib/python3.8/site-packages/airflow/example_dags/example_task_group.py for tasks to queue
[2023-12-20T21:11:04.512+0000] {logging_mixin.py:154} INFO - [2023-12-20T21:11:04.511+0000] {dagbag.py:536} INFO - Filling up the DagBag from /home/airflow/.local/lib/python3.8/site-packages/airflow/example_dags/example_task_group.py
[2023-12-20T21:11:04.517+0000] {processor.py:839} INFO - DAG(s) dict_keys(['example_task_group']) retrieved from /home/airflow/.local/lib/python3.8/site-packages/airflow/example_dags/example_task_group.py
[2023-12-20T21:11:04.536+0000] {logging_mixin.py:154} INFO - [2023-12-20T21:11:04.536+0000] {dag.py:2941} INFO - Sync 1 DAGs
[2023-12-20T21:11:04.555+0000] {logging_mixin.py:154} INFO - [2023-12-20T21:11:04.555+0000] {dag.py:3722} INFO - Setting next_dagrun for example_task_group to 2023-12-19T21:11:04.554905+00:00, run_after=2023-12-20T21:11:04.554905+00:00
[2023-12-20T21:11:04.575+0000] {processor.py:179} INFO - Processing /home/airflow/.local/lib/python3.8/site-packages/airflow/example_dags/example_task_group.py took 0.069 seconds
[2023-12-20T21:11:34.718+0000] {processor.py:157} INFO - Started process (PID=377) to work on /home/airflow/.local/lib/python3.8/site-packages/airflow/example_dags/example_task_group.py
[2023-12-20T21:11:34.719+0000] {processor.py:829} INFO - Processing file /home/airflow/.local/lib/python3.8/site-packages/airflow/example_dags/example_task_group.py for tasks to queue
[2023-12-20T21:11:34.722+0000] {logging_mixin.py:154} INFO - [2023-12-20T21:11:34.721+0000] {dagbag.py:536} INFO - Filling up the DagBag from /home/airflow/.local/lib/python3.8/site-packages/airflow/example_dags/example_task_group.py
[2023-12-20T21:11:34.728+0000] {processor.py:839} INFO - DAG(s) dict_keys(['example_task_group']) retrieved from /home/airflow/.local/lib/python3.8/site-packages/airflow/example_dags/example_task_group.py
[2023-12-20T21:11:34.747+0000] {logging_mixin.py:154} INFO - [2023-12-20T21:11:34.747+0000] {dag.py:2941} INFO - Sync 1 DAGs
[2023-12-20T21:11:34.770+0000] {logging_mixin.py:154} INFO - [2023-12-20T21:11:34.770+0000] {dag.py:3722} INFO - Setting next_dagrun for example_task_group to 2023-12-19T21:11:34.770086+00:00, run_after=2023-12-20T21:11:34.770086+00:00
[2023-12-20T21:11:34.794+0000] {processor.py:179} INFO - Processing /home/airflow/.local/lib/python3.8/site-packages/airflow/example_dags/example_task_group.py took 0.079 seconds
[2023-12-20T21:12:05.360+0000] {processor.py:157} INFO - Started process (PID=433) to work on /home/airflow/.local/lib/python3.8/site-packages/airflow/example_dags/example_task_group.py
[2023-12-20T21:12:05.361+0000] {processor.py:829} INFO - Processing file /home/airflow/.local/lib/python3.8/site-packages/airflow/example_dags/example_task_group.py for tasks to queue
[2023-12-20T21:12:05.363+0000] {logging_mixin.py:154} INFO - [2023-12-20T21:12:05.363+0000] {dagbag.py:536} INFO - Filling up the DagBag from /home/airflow/.local/lib/python3.8/site-packages/airflow/example_dags/example_task_group.py
[2023-12-20T21:12:05.370+0000] {processor.py:839} INFO - DAG(s) dict_keys(['example_task_group']) retrieved from /home/airflow/.local/lib/python3.8/site-packages/airflow/example_dags/example_task_group.py
[2023-12-20T21:12:05.392+0000] {logging_mixin.py:154} INFO - [2023-12-20T21:12:05.392+0000] {dag.py:2941} INFO - Sync 1 DAGs
[2023-12-20T21:12:05.415+0000] {logging_mixin.py:154} INFO - [2023-12-20T21:12:05.415+0000] {dag.py:3722} INFO - Setting next_dagrun for example_task_group to 2023-12-19T21:12:05.414752+00:00, run_after=2023-12-20T21:12:05.414752+00:00
[2023-12-20T21:12:05.445+0000] {processor.py:179} INFO - Processing /home/airflow/.local/lib/python3.8/site-packages/airflow/example_dags/example_task_group.py took 0.089 seconds
[2023-12-20T21:12:35.485+0000] {processor.py:157} INFO - Started process (PID=489) to work on /home/airflow/.local/lib/python3.8/site-packages/airflow/example_dags/example_task_group.py
[2023-12-20T21:12:35.487+0000] {processor.py:829} INFO - Processing file /home/airflow/.local/lib/python3.8/site-packages/airflow/example_dags/example_task_group.py for tasks to queue
[2023-12-20T21:12:35.489+0000] {logging_mixin.py:154} INFO - [2023-12-20T21:12:35.489+0000] {dagbag.py:536} INFO - Filling up the DagBag from /home/airflow/.local/lib/python3.8/site-packages/airflow/example_dags/example_task_group.py
[2023-12-20T21:12:35.495+0000] {processor.py:839} INFO - DAG(s) dict_keys(['example_task_group']) retrieved from /home/airflow/.local/lib/python3.8/site-packages/airflow/example_dags/example_task_group.py
[2023-12-20T21:12:35.516+0000] {logging_mixin.py:154} INFO - [2023-12-20T21:12:35.516+0000] {dag.py:2941} INFO - Sync 1 DAGs
[2023-12-20T21:12:35.537+0000] {logging_mixin.py:154} INFO - [2023-12-20T21:12:35.536+0000] {dag.py:3722} INFO - Setting next_dagrun for example_task_group to 2023-12-19T21:12:35.536725+00:00, run_after=2023-12-20T21:12:35.536725+00:00
[2023-12-20T21:12:35.558+0000] {processor.py:179} INFO - Processing /home/airflow/.local/lib/python3.8/site-packages/airflow/example_dags/example_task_group.py took 0.075 seconds
[2023-12-20T21:13:05.791+0000] {processor.py:157} INFO - Started process (PID=545) to work on /home/airflow/.local/lib/python3.8/site-packages/airflow/example_dags/example_task_group.py
[2023-12-20T21:13:05.792+0000] {processor.py:829} INFO - Processing file /home/airflow/.local/lib/python3.8/site-packages/airflow/example_dags/example_task_group.py for tasks to queue
[2023-12-20T21:13:05.794+0000] {logging_mixin.py:154} INFO - [2023-12-20T21:13:05.794+0000] {dagbag.py:536} INFO - Filling up the DagBag from /home/airflow/.local/lib/python3.8/site-packages/airflow/example_dags/example_task_group.py
[2023-12-20T21:13:05.799+0000] {processor.py:839} INFO - DAG(s) dict_keys(['example_task_group']) retrieved from /home/airflow/.local/lib/python3.8/site-packages/airflow/example_dags/example_task_group.py
[2023-12-20T21:13:05.819+0000] {logging_mixin.py:154} INFO - [2023-12-20T21:13:05.819+0000] {dag.py:2941} INFO - Sync 1 DAGs
[2023-12-20T21:13:05.843+0000] {logging_mixin.py:154} INFO - [2023-12-20T21:13:05.842+0000] {dag.py:3722} INFO - Setting next_dagrun for example_task_group to 2023-12-19T21:13:05.842630+00:00, run_after=2023-12-20T21:13:05.842630+00:00
[2023-12-20T21:13:05.864+0000] {processor.py:179} INFO - Processing /home/airflow/.local/lib/python3.8/site-packages/airflow/example_dags/example_task_group.py took 0.076 seconds
[2023-12-20T21:13:35.913+0000] {processor.py:157} INFO - Started process (PID=601) to work on /home/airflow/.local/lib/python3.8/site-packages/airflow/example_dags/example_task_group.py
[2023-12-20T21:13:35.915+0000] {processor.py:829} INFO - Processing file /home/airflow/.local/lib/python3.8/site-packages/airflow/example_dags/example_task_group.py for tasks to queue
[2023-12-20T21:13:35.917+0000] {logging_mixin.py:154} INFO - [2023-12-20T21:13:35.916+0000] {dagbag.py:536} INFO - Filling up the DagBag from /home/airflow/.local/lib/python3.8/site-packages/airflow/example_dags/example_task_group.py
[2023-12-20T21:13:35.923+0000] {processor.py:839} INFO - DAG(s) dict_keys(['example_task_group']) retrieved from /home/airflow/.local/lib/python3.8/site-packages/airflow/example_dags/example_task_group.py
[2023-12-20T21:13:35.943+0000] {logging_mixin.py:154} INFO - [2023-12-20T21:13:35.942+0000] {dag.py:2941} INFO - Sync 1 DAGs
[2023-12-20T21:13:35.968+0000] {logging_mixin.py:154} INFO - [2023-12-20T21:13:35.968+0000] {dag.py:3722} INFO - Setting next_dagrun for example_task_group to 2023-12-19T21:13:35.967866+00:00, run_after=2023-12-20T21:13:35.967866+00:00
[2023-12-20T21:13:35.990+0000] {processor.py:179} INFO - Processing /home/airflow/.local/lib/python3.8/site-packages/airflow/example_dags/example_task_group.py took 0.079 seconds
[2023-12-20T21:14:06.039+0000] {processor.py:157} INFO - Started process (PID=657) to work on /home/airflow/.local/lib/python3.8/site-packages/airflow/example_dags/example_task_group.py
[2023-12-20T21:14:06.040+0000] {processor.py:829} INFO - Processing file /home/airflow/.local/lib/python3.8/site-packages/airflow/example_dags/example_task_group.py for tasks to queue
[2023-12-20T21:14:06.043+0000] {logging_mixin.py:154} INFO - [2023-12-20T21:14:06.043+0000] {dagbag.py:536} INFO - Filling up the DagBag from /home/airflow/.local/lib/python3.8/site-packages/airflow/example_dags/example_task_group.py
[2023-12-20T21:14:06.048+0000] {processor.py:839} INFO - DAG(s) dict_keys(['example_task_group']) retrieved from /home/airflow/.local/lib/python3.8/site-packages/airflow/example_dags/example_task_group.py
[2023-12-20T21:14:06.067+0000] {logging_mixin.py:154} INFO - [2023-12-20T21:14:06.067+0000] {dag.py:2941} INFO - Sync 1 DAGs
[2023-12-20T21:14:06.087+0000] {logging_mixin.py:154} INFO - [2023-12-20T21:14:06.087+0000] {dag.py:3722} INFO - Setting next_dagrun for example_task_group to 2023-12-19T21:14:06.087135+00:00, run_after=2023-12-20T21:14:06.087135+00:00
[2023-12-20T21:14:06.110+0000] {processor.py:179} INFO - Processing /home/airflow/.local/lib/python3.8/site-packages/airflow/example_dags/example_task_group.py took 0.073 seconds
[2023-12-20T21:14:36.209+0000] {processor.py:157} INFO - Started process (PID=713) to work on /home/airflow/.local/lib/python3.8/site-packages/airflow/example_dags/example_task_group.py
[2023-12-20T21:14:36.210+0000] {processor.py:829} INFO - Processing file /home/airflow/.local/lib/python3.8/site-packages/airflow/example_dags/example_task_group.py for tasks to queue
[2023-12-20T21:14:36.213+0000] {logging_mixin.py:154} INFO - [2023-12-20T21:14:36.213+0000] {dagbag.py:536} INFO - Filling up the DagBag from /home/airflow/.local/lib/python3.8/site-packages/airflow/example_dags/example_task_group.py
[2023-12-20T21:14:36.218+0000] {processor.py:839} INFO - DAG(s) dict_keys(['example_task_group']) retrieved from /home/airflow/.local/lib/python3.8/site-packages/airflow/example_dags/example_task_group.py
[2023-12-20T21:14:36.237+0000] {logging_mixin.py:154} INFO - [2023-12-20T21:14:36.237+0000] {dag.py:2941} INFO - Sync 1 DAGs
[2023-12-20T21:14:36.257+0000] {logging_mixin.py:154} INFO - [2023-12-20T21:14:36.257+0000] {dag.py:3722} INFO - Setting next_dagrun for example_task_group to 2023-12-19T21:14:36.257043+00:00, run_after=2023-12-20T21:14:36.257043+00:00
[2023-12-20T21:14:36.276+0000] {processor.py:179} INFO - Processing /home/airflow/.local/lib/python3.8/site-packages/airflow/example_dags/example_task_group.py took 0.069 seconds
[2023-12-20T21:15:06.712+0000] {processor.py:157} INFO - Started process (PID=769) to work on /home/airflow/.local/lib/python3.8/site-packages/airflow/example_dags/example_task_group.py
[2023-12-20T21:15:06.713+0000] {processor.py:829} INFO - Processing file /home/airflow/.local/lib/python3.8/site-packages/airflow/example_dags/example_task_group.py for tasks to queue
[2023-12-20T21:15:06.715+0000] {logging_mixin.py:154} INFO - [2023-12-20T21:15:06.715+0000] {dagbag.py:536} INFO - Filling up the DagBag from /home/airflow/.local/lib/python3.8/site-packages/airflow/example_dags/example_task_group.py
[2023-12-20T21:15:06.721+0000] {processor.py:839} INFO - DAG(s) dict_keys(['example_task_group']) retrieved from /home/airflow/.local/lib/python3.8/site-packages/airflow/example_dags/example_task_group.py
[2023-12-20T21:15:06.745+0000] {logging_mixin.py:154} INFO - [2023-12-20T21:15:06.745+0000] {dag.py:2941} INFO - Sync 1 DAGs
[2023-12-20T21:15:06.766+0000] {logging_mixin.py:154} INFO - [2023-12-20T21:15:06.766+0000] {dag.py:3722} INFO - Setting next_dagrun for example_task_group to 2023-12-19T21:15:06.766116+00:00, run_after=2023-12-20T21:15:06.766116+00:00
[2023-12-20T21:15:06.785+0000] {processor.py:179} INFO - Processing /home/airflow/.local/lib/python3.8/site-packages/airflow/example_dags/example_task_group.py took 0.075 seconds
[2023-12-20T21:15:37.343+0000] {processor.py:157} INFO - Started process (PID=825) to work on /home/airflow/.local/lib/python3.8/site-packages/airflow/example_dags/example_task_group.py
[2023-12-20T21:15:37.344+0000] {processor.py:829} INFO - Processing file /home/airflow/.local/lib/python3.8/site-packages/airflow/example_dags/example_task_group.py for tasks to queue
[2023-12-20T21:15:37.346+0000] {logging_mixin.py:154} INFO - [2023-12-20T21:15:37.346+0000] {dagbag.py:536} INFO - Filling up the DagBag from /home/airflow/.local/lib/python3.8/site-packages/airflow/example_dags/example_task_group.py
[2023-12-20T21:15:37.351+0000] {processor.py:839} INFO - DAG(s) dict_keys(['example_task_group']) retrieved from /home/airflow/.local/lib/python3.8/site-packages/airflow/example_dags/example_task_group.py
[2023-12-20T21:15:37.370+0000] {logging_mixin.py:154} INFO - [2023-12-20T21:15:37.369+0000] {dag.py:2941} INFO - Sync 1 DAGs
[2023-12-20T21:15:37.391+0000] {logging_mixin.py:154} INFO - [2023-12-20T21:15:37.391+0000] {dag.py:3722} INFO - Setting next_dagrun for example_task_group to 2023-12-19T21:15:37.391532+00:00, run_after=2023-12-20T21:15:37.391532+00:00
[2023-12-20T21:15:37.410+0000] {processor.py:179} INFO - Processing /home/airflow/.local/lib/python3.8/site-packages/airflow/example_dags/example_task_group.py took 0.069 seconds
[2023-12-20T21:16:07.797+0000] {processor.py:157} INFO - Started process (PID=881) to work on /home/airflow/.local/lib/python3.8/site-packages/airflow/example_dags/example_task_group.py
[2023-12-20T21:16:07.798+0000] {processor.py:829} INFO - Processing file /home/airflow/.local/lib/python3.8/site-packages/airflow/example_dags/example_task_group.py for tasks to queue
[2023-12-20T21:16:07.801+0000] {logging_mixin.py:154} INFO - [2023-12-20T21:16:07.800+0000] {dagbag.py:536} INFO - Filling up the DagBag from /home/airflow/.local/lib/python3.8/site-packages/airflow/example_dags/example_task_group.py
[2023-12-20T21:16:07.806+0000] {processor.py:839} INFO - DAG(s) dict_keys(['example_task_group']) retrieved from /home/airflow/.local/lib/python3.8/site-packages/airflow/example_dags/example_task_group.py
[2023-12-20T21:16:07.825+0000] {logging_mixin.py:154} INFO - [2023-12-20T21:16:07.825+0000] {dag.py:2941} INFO - Sync 1 DAGs
[2023-12-20T21:16:07.845+0000] {logging_mixin.py:154} INFO - [2023-12-20T21:16:07.845+0000] {dag.py:3722} INFO - Setting next_dagrun for example_task_group to 2023-12-19T21:16:07.845507+00:00, run_after=2023-12-20T21:16:07.845507+00:00
[2023-12-20T21:16:07.863+0000] {processor.py:179} INFO - Processing /home/airflow/.local/lib/python3.8/site-packages/airflow/example_dags/example_task_group.py took 0.068 seconds
[2023-12-20T21:16:38.431+0000] {processor.py:157} INFO - Started process (PID=937) to work on /home/airflow/.local/lib/python3.8/site-packages/airflow/example_dags/example_task_group.py
[2023-12-20T21:16:38.432+0000] {processor.py:829} INFO - Processing file /home/airflow/.local/lib/python3.8/site-packages/airflow/example_dags/example_task_group.py for tasks to queue
[2023-12-20T21:16:38.434+0000] {logging_mixin.py:154} INFO - [2023-12-20T21:16:38.434+0000] {dagbag.py:536} INFO - Filling up the DagBag from /home/airflow/.local/lib/python3.8/site-packages/airflow/example_dags/example_task_group.py
[2023-12-20T21:16:38.440+0000] {processor.py:839} INFO - DAG(s) dict_keys(['example_task_group']) retrieved from /home/airflow/.local/lib/python3.8/site-packages/airflow/example_dags/example_task_group.py
[2023-12-20T21:16:38.460+0000] {logging_mixin.py:154} INFO - [2023-12-20T21:16:38.460+0000] {dag.py:2941} INFO - Sync 1 DAGs
[2023-12-20T21:16:38.480+0000] {logging_mixin.py:154} INFO - [2023-12-20T21:16:38.480+0000] {dag.py:3722} INFO - Setting next_dagrun for example_task_group to 2023-12-19T21:16:38.480056+00:00, run_after=2023-12-20T21:16:38.480056+00:00
[2023-12-20T21:16:38.635+0000] {processor.py:179} INFO - Processing /home/airflow/.local/lib/python3.8/site-packages/airflow/example_dags/example_task_group.py took 0.207 seconds
[2023-12-20T21:17:08.662+0000] {processor.py:157} INFO - Started process (PID=993) to work on /home/airflow/.local/lib/python3.8/site-packages/airflow/example_dags/example_task_group.py
[2023-12-20T21:17:08.663+0000] {processor.py:829} INFO - Processing file /home/airflow/.local/lib/python3.8/site-packages/airflow/example_dags/example_task_group.py for tasks to queue
[2023-12-20T21:17:08.665+0000] {logging_mixin.py:154} INFO - [2023-12-20T21:17:08.665+0000] {dagbag.py:536} INFO - Filling up the DagBag from /home/airflow/.local/lib/python3.8/site-packages/airflow/example_dags/example_task_group.py
[2023-12-20T21:17:08.671+0000] {processor.py:839} INFO - DAG(s) dict_keys(['example_task_group']) retrieved from /home/airflow/.local/lib/python3.8/site-packages/airflow/example_dags/example_task_group.py
[2023-12-20T21:17:08.690+0000] {logging_mixin.py:154} INFO - [2023-12-20T21:17:08.689+0000] {dag.py:2941} INFO - Sync 1 DAGs
[2023-12-20T21:17:08.709+0000] {logging_mixin.py:154} INFO - [2023-12-20T21:17:08.709+0000] {dag.py:3722} INFO - Setting next_dagrun for example_task_group to 2023-12-19T21:17:08.709507+00:00, run_after=2023-12-20T21:17:08.709507+00:00
[2023-12-20T21:17:08.729+0000] {processor.py:179} INFO - Processing /home/airflow/.local/lib/python3.8/site-packages/airflow/example_dags/example_task_group.py took 0.069 seconds
[2023-12-20T21:17:38.999+0000] {processor.py:157} INFO - Started process (PID=1049) to work on /home/airflow/.local/lib/python3.8/site-packages/airflow/example_dags/example_task_group.py
[2023-12-20T21:17:39.000+0000] {processor.py:829} INFO - Processing file /home/airflow/.local/lib/python3.8/site-packages/airflow/example_dags/example_task_group.py for tasks to queue
[2023-12-20T21:17:39.002+0000] {logging_mixin.py:154} INFO - [2023-12-20T21:17:39.002+0000] {dagbag.py:536} INFO - Filling up the DagBag from /home/airflow/.local/lib/python3.8/site-packages/airflow/example_dags/example_task_group.py
[2023-12-20T21:17:39.008+0000] {processor.py:839} INFO - DAG(s) dict_keys(['example_task_group']) retrieved from /home/airflow/.local/lib/python3.8/site-packages/airflow/example_dags/example_task_group.py
[2023-12-20T21:17:39.028+0000] {logging_mixin.py:154} INFO - [2023-12-20T21:17:39.028+0000] {dag.py:2941} INFO - Sync 1 DAGs
[2023-12-20T21:17:39.049+0000] {logging_mixin.py:154} INFO - [2023-12-20T21:17:39.048+0000] {dag.py:3722} INFO - Setting next_dagrun for example_task_group to 2023-12-19T21:17:39.048600+00:00, run_after=2023-12-20T21:17:39.048600+00:00
[2023-12-20T21:17:39.070+0000] {processor.py:179} INFO - Processing /home/airflow/.local/lib/python3.8/site-packages/airflow/example_dags/example_task_group.py took 0.073 seconds
[2023-12-20T21:18:09.215+0000] {processor.py:157} INFO - Started process (PID=1105) to work on /home/airflow/.local/lib/python3.8/site-packages/airflow/example_dags/example_task_group.py
[2023-12-20T21:18:09.216+0000] {processor.py:829} INFO - Processing file /home/airflow/.local/lib/python3.8/site-packages/airflow/example_dags/example_task_group.py for tasks to queue
[2023-12-20T21:18:09.218+0000] {logging_mixin.py:154} INFO - [2023-12-20T21:18:09.217+0000] {dagbag.py:536} INFO - Filling up the DagBag from /home/airflow/.local/lib/python3.8/site-packages/airflow/example_dags/example_task_group.py
[2023-12-20T21:18:09.223+0000] {processor.py:839} INFO - DAG(s) dict_keys(['example_task_group']) retrieved from /home/airflow/.local/lib/python3.8/site-packages/airflow/example_dags/example_task_group.py
[2023-12-20T21:18:09.243+0000] {logging_mixin.py:154} INFO - [2023-12-20T21:18:09.243+0000] {dag.py:2941} INFO - Sync 1 DAGs
[2023-12-20T21:18:09.264+0000] {logging_mixin.py:154} INFO - [2023-12-20T21:18:09.264+0000] {dag.py:3722} INFO - Setting next_dagrun for example_task_group to 2023-12-19T21:18:09.264200+00:00, run_after=2023-12-20T21:18:09.264200+00:00
[2023-12-20T21:18:09.284+0000] {processor.py:179} INFO - Processing /home/airflow/.local/lib/python3.8/site-packages/airflow/example_dags/example_task_group.py took 0.071 seconds
[2023-12-20T21:18:39.591+0000] {processor.py:157} INFO - Started process (PID=1161) to work on /home/airflow/.local/lib/python3.8/site-packages/airflow/example_dags/example_task_group.py
[2023-12-20T21:18:39.593+0000] {processor.py:829} INFO - Processing file /home/airflow/.local/lib/python3.8/site-packages/airflow/example_dags/example_task_group.py for tasks to queue
[2023-12-20T21:18:39.595+0000] {logging_mixin.py:154} INFO - [2023-12-20T21:18:39.594+0000] {dagbag.py:536} INFO - Filling up the DagBag from /home/airflow/.local/lib/python3.8/site-packages/airflow/example_dags/example_task_group.py
[2023-12-20T21:18:39.601+0000] {processor.py:839} INFO - DAG(s) dict_keys(['example_task_group']) retrieved from /home/airflow/.local/lib/python3.8/site-packages/airflow/example_dags/example_task_group.py
[2023-12-20T21:18:39.620+0000] {logging_mixin.py:154} INFO - [2023-12-20T21:18:39.620+0000] {dag.py:2941} INFO - Sync 1 DAGs
[2023-12-20T21:18:39.772+0000] {logging_mixin.py:154} INFO - [2023-12-20T21:18:39.772+0000] {dag.py:3722} INFO - Setting next_dagrun for example_task_group to 2023-12-19T21:18:39.772528+00:00, run_after=2023-12-20T21:18:39.772528+00:00
[2023-12-20T21:18:39.793+0000] {processor.py:179} INFO - Processing /home/airflow/.local/lib/python3.8/site-packages/airflow/example_dags/example_task_group.py took 0.204 seconds
[2023-12-20T21:19:09.827+0000] {processor.py:157} INFO - Started process (PID=1217) to work on /home/airflow/.local/lib/python3.8/site-packages/airflow/example_dags/example_task_group.py
[2023-12-20T21:19:09.828+0000] {processor.py:829} INFO - Processing file /home/airflow/.local/lib/python3.8/site-packages/airflow/example_dags/example_task_group.py for tasks to queue
[2023-12-20T21:19:09.829+0000] {logging_mixin.py:154} INFO - [2023-12-20T21:19:09.829+0000] {dagbag.py:536} INFO - Filling up the DagBag from /home/airflow/.local/lib/python3.8/site-packages/airflow/example_dags/example_task_group.py
[2023-12-20T21:19:09.835+0000] {processor.py:839} INFO - DAG(s) dict_keys(['example_task_group']) retrieved from /home/airflow/.local/lib/python3.8/site-packages/airflow/example_dags/example_task_group.py
[2023-12-20T21:19:09.854+0000] {logging_mixin.py:154} INFO - [2023-12-20T21:19:09.854+0000] {dag.py:2941} INFO - Sync 1 DAGs
[2023-12-20T21:19:09.875+0000] {logging_mixin.py:154} INFO - [2023-12-20T21:19:09.875+0000] {dag.py:3722} INFO - Setting next_dagrun for example_task_group to 2023-12-19T21:19:09.875246+00:00, run_after=2023-12-20T21:19:09.875246+00:00
[2023-12-20T21:19:09.898+0000] {processor.py:179} INFO - Processing /home/airflow/.local/lib/python3.8/site-packages/airflow/example_dags/example_task_group.py took 0.074 seconds
[2023-12-20T21:19:40.253+0000] {processor.py:157} INFO - Started process (PID=1273) to work on /home/airflow/.local/lib/python3.8/site-packages/airflow/example_dags/example_task_group.py
[2023-12-20T21:19:40.254+0000] {processor.py:829} INFO - Processing file /home/airflow/.local/lib/python3.8/site-packages/airflow/example_dags/example_task_group.py for tasks to queue
[2023-12-20T21:19:40.256+0000] {logging_mixin.py:154} INFO - [2023-12-20T21:19:40.256+0000] {dagbag.py:536} INFO - Filling up the DagBag from /home/airflow/.local/lib/python3.8/site-packages/airflow/example_dags/example_task_group.py
[2023-12-20T21:19:40.261+0000] {processor.py:839} INFO - DAG(s) dict_keys(['example_task_group']) retrieved from /home/airflow/.local/lib/python3.8/site-packages/airflow/example_dags/example_task_group.py
[2023-12-20T21:19:40.280+0000] {logging_mixin.py:154} INFO - [2023-12-20T21:19:40.280+0000] {dag.py:2941} INFO - Sync 1 DAGs
[2023-12-20T21:19:40.300+0000] {logging_mixin.py:154} INFO - [2023-12-20T21:19:40.300+0000] {dag.py:3722} INFO - Setting next_dagrun for example_task_group to 2023-12-19T21:19:40.300133+00:00, run_after=2023-12-20T21:19:40.300133+00:00
[2023-12-20T21:19:40.321+0000] {processor.py:179} INFO - Processing /home/airflow/.local/lib/python3.8/site-packages/airflow/example_dags/example_task_group.py took 0.071 seconds
[2023-12-20T21:20:10.375+0000] {processor.py:157} INFO - Started process (PID=1329) to work on /home/airflow/.local/lib/python3.8/site-packages/airflow/example_dags/example_task_group.py
[2023-12-20T21:20:10.376+0000] {processor.py:829} INFO - Processing file /home/airflow/.local/lib/python3.8/site-packages/airflow/example_dags/example_task_group.py for tasks to queue
[2023-12-20T21:20:10.378+0000] {logging_mixin.py:154} INFO - [2023-12-20T21:20:10.378+0000] {dagbag.py:536} INFO - Filling up the DagBag from /home/airflow/.local/lib/python3.8/site-packages/airflow/example_dags/example_task_group.py
[2023-12-20T21:20:10.384+0000] {processor.py:839} INFO - DAG(s) dict_keys(['example_task_group']) retrieved from /home/airflow/.local/lib/python3.8/site-packages/airflow/example_dags/example_task_group.py
[2023-12-20T21:20:10.403+0000] {logging_mixin.py:154} INFO - [2023-12-20T21:20:10.402+0000] {dag.py:2941} INFO - Sync 1 DAGs
[2023-12-20T21:20:10.421+0000] {logging_mixin.py:154} INFO - [2023-12-20T21:20:10.421+0000] {dag.py:3722} INFO - Setting next_dagrun for example_task_group to 2023-12-19T21:20:10.421502+00:00, run_after=2023-12-20T21:20:10.421502+00:00
[2023-12-20T21:20:10.441+0000] {processor.py:179} INFO - Processing /home/airflow/.local/lib/python3.8/site-packages/airflow/example_dags/example_task_group.py took 0.068 seconds
[2023-12-20T21:20:40.704+0000] {processor.py:157} INFO - Started process (PID=1385) to work on /home/airflow/.local/lib/python3.8/site-packages/airflow/example_dags/example_task_group.py
[2023-12-20T21:20:40.705+0000] {processor.py:829} INFO - Processing file /home/airflow/.local/lib/python3.8/site-packages/airflow/example_dags/example_task_group.py for tasks to queue
[2023-12-20T21:20:40.707+0000] {logging_mixin.py:154} INFO - [2023-12-20T21:20:40.707+0000] {dagbag.py:536} INFO - Filling up the DagBag from /home/airflow/.local/lib/python3.8/site-packages/airflow/example_dags/example_task_group.py
[2023-12-20T21:20:40.713+0000] {processor.py:839} INFO - DAG(s) dict_keys(['example_task_group']) retrieved from /home/airflow/.local/lib/python3.8/site-packages/airflow/example_dags/example_task_group.py
[2023-12-20T21:20:40.733+0000] {logging_mixin.py:154} INFO - [2023-12-20T21:20:40.732+0000] {dag.py:2941} INFO - Sync 1 DAGs
[2023-12-20T21:20:40.894+0000] {logging_mixin.py:154} INFO - [2023-12-20T21:20:40.894+0000] {dag.py:3722} INFO - Setting next_dagrun for example_task_group to 2023-12-19T21:20:40.894018+00:00, run_after=2023-12-20T21:20:40.894018+00:00
[2023-12-20T21:20:40.913+0000] {processor.py:179} INFO - Processing /home/airflow/.local/lib/python3.8/site-packages/airflow/example_dags/example_task_group.py took 0.211 seconds
[2023-12-20T21:21:11.075+0000] {processor.py:157} INFO - Started process (PID=1441) to work on /home/airflow/.local/lib/python3.8/site-packages/airflow/example_dags/example_task_group.py
[2023-12-20T21:21:11.076+0000] {processor.py:829} INFO - Processing file /home/airflow/.local/lib/python3.8/site-packages/airflow/example_dags/example_task_group.py for tasks to queue
[2023-12-20T21:21:11.078+0000] {logging_mixin.py:154} INFO - [2023-12-20T21:21:11.078+0000] {dagbag.py:536} INFO - Filling up the DagBag from /home/airflow/.local/lib/python3.8/site-packages/airflow/example_dags/example_task_group.py
[2023-12-20T21:21:11.084+0000] {processor.py:839} INFO - DAG(s) dict_keys(['example_task_group']) retrieved from /home/airflow/.local/lib/python3.8/site-packages/airflow/example_dags/example_task_group.py
[2023-12-20T21:21:11.104+0000] {logging_mixin.py:154} INFO - [2023-12-20T21:21:11.104+0000] {dag.py:2941} INFO - Sync 1 DAGs
[2023-12-20T21:21:11.270+0000] {logging_mixin.py:154} INFO - [2023-12-20T21:21:11.270+0000] {dag.py:3722} INFO - Setting next_dagrun for example_task_group to 2023-12-19T21:21:11.269553+00:00, run_after=2023-12-20T21:21:11.269553+00:00
[2023-12-20T21:21:11.291+0000] {processor.py:179} INFO - Processing /home/airflow/.local/lib/python3.8/site-packages/airflow/example_dags/example_task_group.py took 0.218 seconds
[2023-12-20T21:21:41.998+0000] {processor.py:157} INFO - Started process (PID=1497) to work on /home/airflow/.local/lib/python3.8/site-packages/airflow/example_dags/example_task_group.py
[2023-12-20T21:21:41.999+0000] {processor.py:829} INFO - Processing file /home/airflow/.local/lib/python3.8/site-packages/airflow/example_dags/example_task_group.py for tasks to queue
[2023-12-20T21:21:42.001+0000] {logging_mixin.py:154} INFO - [2023-12-20T21:21:42.000+0000] {dagbag.py:536} INFO - Filling up the DagBag from /home/airflow/.local/lib/python3.8/site-packages/airflow/example_dags/example_task_group.py
[2023-12-20T21:21:42.006+0000] {processor.py:839} INFO - DAG(s) dict_keys(['example_task_group']) retrieved from /home/airflow/.local/lib/python3.8/site-packages/airflow/example_dags/example_task_group.py
[2023-12-20T21:21:42.025+0000] {logging_mixin.py:154} INFO - [2023-12-20T21:21:42.025+0000] {dag.py:2941} INFO - Sync 1 DAGs
[2023-12-20T21:21:42.046+0000] {logging_mixin.py:154} INFO - [2023-12-20T21:21:42.046+0000] {dag.py:3722} INFO - Setting next_dagrun for example_task_group to 2023-12-19T21:21:42.045910+00:00, run_after=2023-12-20T21:21:42.045910+00:00
[2023-12-20T21:21:42.068+0000] {processor.py:179} INFO - Processing /home/airflow/.local/lib/python3.8/site-packages/airflow/example_dags/example_task_group.py took 0.072 seconds
[2023-12-20T21:22:12.382+0000] {processor.py:157} INFO - Started process (PID=1553) to work on /home/airflow/.local/lib/python3.8/site-packages/airflow/example_dags/example_task_group.py
[2023-12-20T21:22:12.382+0000] {processor.py:829} INFO - Processing file /home/airflow/.local/lib/python3.8/site-packages/airflow/example_dags/example_task_group.py for tasks to queue
[2023-12-20T21:22:12.384+0000] {logging_mixin.py:154} INFO - [2023-12-20T21:22:12.384+0000] {dagbag.py:536} INFO - Filling up the DagBag from /home/airflow/.local/lib/python3.8/site-packages/airflow/example_dags/example_task_group.py
[2023-12-20T21:22:12.391+0000] {processor.py:839} INFO - DAG(s) dict_keys(['example_task_group']) retrieved from /home/airflow/.local/lib/python3.8/site-packages/airflow/example_dags/example_task_group.py
[2023-12-20T21:22:12.410+0000] {logging_mixin.py:154} INFO - [2023-12-20T21:22:12.410+0000] {dag.py:2941} INFO - Sync 1 DAGs
[2023-12-20T21:22:12.429+0000] {logging_mixin.py:154} INFO - [2023-12-20T21:22:12.429+0000] {dag.py:3722} INFO - Setting next_dagrun for example_task_group to 2023-12-19T21:22:12.429479+00:00, run_after=2023-12-20T21:22:12.429479+00:00
[2023-12-20T21:22:12.450+0000] {processor.py:179} INFO - Processing /home/airflow/.local/lib/python3.8/site-packages/airflow/example_dags/example_task_group.py took 0.071 seconds
[2023-12-20T21:22:42.742+0000] {processor.py:157} INFO - Started process (PID=1609) to work on /home/airflow/.local/lib/python3.8/site-packages/airflow/example_dags/example_task_group.py
[2023-12-20T21:22:42.743+0000] {processor.py:829} INFO - Processing file /home/airflow/.local/lib/python3.8/site-packages/airflow/example_dags/example_task_group.py for tasks to queue
[2023-12-20T21:22:42.744+0000] {logging_mixin.py:154} INFO - [2023-12-20T21:22:42.744+0000] {dagbag.py:536} INFO - Filling up the DagBag from /home/airflow/.local/lib/python3.8/site-packages/airflow/example_dags/example_task_group.py
[2023-12-20T21:22:42.750+0000] {processor.py:839} INFO - DAG(s) dict_keys(['example_task_group']) retrieved from /home/airflow/.local/lib/python3.8/site-packages/airflow/example_dags/example_task_group.py
[2023-12-20T21:22:42.768+0000] {logging_mixin.py:154} INFO - [2023-12-20T21:22:42.768+0000] {dag.py:2941} INFO - Sync 1 DAGs
[2023-12-20T21:22:42.787+0000] {logging_mixin.py:154} INFO - [2023-12-20T21:22:42.787+0000] {dag.py:3722} INFO - Setting next_dagrun for example_task_group to 2023-12-19T21:22:42.786852+00:00, run_after=2023-12-20T21:22:42.786852+00:00
[2023-12-20T21:22:42.809+0000] {processor.py:179} INFO - Processing /home/airflow/.local/lib/python3.8/site-packages/airflow/example_dags/example_task_group.py took 0.070 seconds
[2023-12-20T21:23:13.053+0000] {processor.py:157} INFO - Started process (PID=1665) to work on /home/airflow/.local/lib/python3.8/site-packages/airflow/example_dags/example_task_group.py
[2023-12-20T21:23:13.055+0000] {processor.py:829} INFO - Processing file /home/airflow/.local/lib/python3.8/site-packages/airflow/example_dags/example_task_group.py for tasks to queue
[2023-12-20T21:23:13.057+0000] {logging_mixin.py:154} INFO - [2023-12-20T21:23:13.057+0000] {dagbag.py:536} INFO - Filling up the DagBag from /home/airflow/.local/lib/python3.8/site-packages/airflow/example_dags/example_task_group.py
[2023-12-20T21:23:13.066+0000] {processor.py:839} INFO - DAG(s) dict_keys(['example_task_group']) retrieved from /home/airflow/.local/lib/python3.8/site-packages/airflow/example_dags/example_task_group.py
[2023-12-20T21:23:13.086+0000] {logging_mixin.py:154} INFO - [2023-12-20T21:23:13.085+0000] {dag.py:2941} INFO - Sync 1 DAGs
[2023-12-20T21:23:13.107+0000] {logging_mixin.py:154} INFO - [2023-12-20T21:23:13.107+0000] {dag.py:3722} INFO - Setting next_dagrun for example_task_group to 2023-12-19T21:23:13.107501+00:00, run_after=2023-12-20T21:23:13.107501+00:00
[2023-12-20T21:23:13.131+0000] {processor.py:179} INFO - Processing /home/airflow/.local/lib/python3.8/site-packages/airflow/example_dags/example_task_group.py took 0.080 seconds
[2023-12-20T21:23:43.404+0000] {processor.py:157} INFO - Started process (PID=1721) to work on /home/airflow/.local/lib/python3.8/site-packages/airflow/example_dags/example_task_group.py
[2023-12-20T21:23:43.405+0000] {processor.py:829} INFO - Processing file /home/airflow/.local/lib/python3.8/site-packages/airflow/example_dags/example_task_group.py for tasks to queue
[2023-12-20T21:23:43.406+0000] {logging_mixin.py:154} INFO - [2023-12-20T21:23:43.406+0000] {dagbag.py:536} INFO - Filling up the DagBag from /home/airflow/.local/lib/python3.8/site-packages/airflow/example_dags/example_task_group.py
[2023-12-20T21:23:43.412+0000] {processor.py:839} INFO - DAG(s) dict_keys(['example_task_group']) retrieved from /home/airflow/.local/lib/python3.8/site-packages/airflow/example_dags/example_task_group.py
[2023-12-20T21:23:43.430+0000] {logging_mixin.py:154} INFO - [2023-12-20T21:23:43.430+0000] {dag.py:2941} INFO - Sync 1 DAGs
[2023-12-20T21:23:43.450+0000] {logging_mixin.py:154} INFO - [2023-12-20T21:23:43.449+0000] {dag.py:3722} INFO - Setting next_dagrun for example_task_group to 2023-12-19T21:23:43.449673+00:00, run_after=2023-12-20T21:23:43.449673+00:00
[2023-12-20T21:23:43.469+0000] {processor.py:179} INFO - Processing /home/airflow/.local/lib/python3.8/site-packages/airflow/example_dags/example_task_group.py took 0.067 seconds
[2023-12-20T21:24:13.766+0000] {processor.py:157} INFO - Started process (PID=1777) to work on /home/airflow/.local/lib/python3.8/site-packages/airflow/example_dags/example_task_group.py
[2023-12-20T21:24:13.768+0000] {processor.py:829} INFO - Processing file /home/airflow/.local/lib/python3.8/site-packages/airflow/example_dags/example_task_group.py for tasks to queue
[2023-12-20T21:24:13.770+0000] {logging_mixin.py:154} INFO - [2023-12-20T21:24:13.769+0000] {dagbag.py:536} INFO - Filling up the DagBag from /home/airflow/.local/lib/python3.8/site-packages/airflow/example_dags/example_task_group.py
[2023-12-20T21:24:13.776+0000] {processor.py:839} INFO - DAG(s) dict_keys(['example_task_group']) retrieved from /home/airflow/.local/lib/python3.8/site-packages/airflow/example_dags/example_task_group.py
[2023-12-20T21:24:13.795+0000] {logging_mixin.py:154} INFO - [2023-12-20T21:24:13.795+0000] {dag.py:2941} INFO - Sync 1 DAGs
[2023-12-20T21:24:13.815+0000] {logging_mixin.py:154} INFO - [2023-12-20T21:24:13.814+0000] {dag.py:3722} INFO - Setting next_dagrun for example_task_group to 2023-12-19T21:24:13.814814+00:00, run_after=2023-12-20T21:24:13.814814+00:00
[2023-12-20T21:24:13.835+0000] {processor.py:179} INFO - Processing /home/airflow/.local/lib/python3.8/site-packages/airflow/example_dags/example_task_group.py took 0.071 seconds
[2023-12-20T21:24:44.181+0000] {processor.py:157} INFO - Started process (PID=1833) to work on /home/airflow/.local/lib/python3.8/site-packages/airflow/example_dags/example_task_group.py
[2023-12-20T21:24:44.182+0000] {processor.py:829} INFO - Processing file /home/airflow/.local/lib/python3.8/site-packages/airflow/example_dags/example_task_group.py for tasks to queue
[2023-12-20T21:24:44.184+0000] {logging_mixin.py:154} INFO - [2023-12-20T21:24:44.183+0000] {dagbag.py:536} INFO - Filling up the DagBag from /home/airflow/.local/lib/python3.8/site-packages/airflow/example_dags/example_task_group.py
[2023-12-20T21:24:44.189+0000] {processor.py:839} INFO - DAG(s) dict_keys(['example_task_group']) retrieved from /home/airflow/.local/lib/python3.8/site-packages/airflow/example_dags/example_task_group.py
[2023-12-20T21:24:44.208+0000] {logging_mixin.py:154} INFO - [2023-12-20T21:24:44.207+0000] {dag.py:2941} INFO - Sync 1 DAGs
[2023-12-20T21:24:44.227+0000] {logging_mixin.py:154} INFO - [2023-12-20T21:24:44.227+0000] {dag.py:3722} INFO - Setting next_dagrun for example_task_group to 2023-12-19T21:24:44.227021+00:00, run_after=2023-12-20T21:24:44.227021+00:00
[2023-12-20T21:24:44.248+0000] {processor.py:179} INFO - Processing /home/airflow/.local/lib/python3.8/site-packages/airflow/example_dags/example_task_group.py took 0.070 seconds
[2023-12-20T21:25:14.548+0000] {processor.py:157} INFO - Started process (PID=1889) to work on /home/airflow/.local/lib/python3.8/site-packages/airflow/example_dags/example_task_group.py
[2023-12-20T21:25:14.549+0000] {processor.py:829} INFO - Processing file /home/airflow/.local/lib/python3.8/site-packages/airflow/example_dags/example_task_group.py for tasks to queue
[2023-12-20T21:25:14.551+0000] {logging_mixin.py:154} INFO - [2023-12-20T21:25:14.551+0000] {dagbag.py:536} INFO - Filling up the DagBag from /home/airflow/.local/lib/python3.8/site-packages/airflow/example_dags/example_task_group.py
[2023-12-20T21:25:14.556+0000] {processor.py:839} INFO - DAG(s) dict_keys(['example_task_group']) retrieved from /home/airflow/.local/lib/python3.8/site-packages/airflow/example_dags/example_task_group.py
[2023-12-20T21:25:14.574+0000] {logging_mixin.py:154} INFO - [2023-12-20T21:25:14.574+0000] {dag.py:2941} INFO - Sync 1 DAGs
[2023-12-20T21:25:14.592+0000] {logging_mixin.py:154} INFO - [2023-12-20T21:25:14.592+0000] {dag.py:3722} INFO - Setting next_dagrun for example_task_group to 2023-12-19T21:25:14.592533+00:00, run_after=2023-12-20T21:25:14.592533+00:00
[2023-12-20T21:25:14.614+0000] {processor.py:179} INFO - Processing /home/airflow/.local/lib/python3.8/site-packages/airflow/example_dags/example_task_group.py took 0.068 seconds
[2023-12-20T21:25:44.868+0000] {processor.py:157} INFO - Started process (PID=1945) to work on /home/airflow/.local/lib/python3.8/site-packages/airflow/example_dags/example_task_group.py
[2023-12-20T21:25:44.869+0000] {processor.py:829} INFO - Processing file /home/airflow/.local/lib/python3.8/site-packages/airflow/example_dags/example_task_group.py for tasks to queue
[2023-12-20T21:25:44.871+0000] {logging_mixin.py:154} INFO - [2023-12-20T21:25:44.871+0000] {dagbag.py:536} INFO - Filling up the DagBag from /home/airflow/.local/lib/python3.8/site-packages/airflow/example_dags/example_task_group.py
[2023-12-20T21:25:44.878+0000] {processor.py:839} INFO - DAG(s) dict_keys(['example_task_group']) retrieved from /home/airflow/.local/lib/python3.8/site-packages/airflow/example_dags/example_task_group.py
[2023-12-20T21:25:44.897+0000] {logging_mixin.py:154} INFO - [2023-12-20T21:25:44.897+0000] {dag.py:2941} INFO - Sync 1 DAGs
[2023-12-20T21:25:44.919+0000] {logging_mixin.py:154} INFO - [2023-12-20T21:25:44.919+0000] {dag.py:3722} INFO - Setting next_dagrun for example_task_group to 2023-12-19T21:25:44.919134+00:00, run_after=2023-12-20T21:25:44.919134+00:00
[2023-12-20T21:25:44.943+0000] {processor.py:179} INFO - Processing /home/airflow/.local/lib/python3.8/site-packages/airflow/example_dags/example_task_group.py took 0.077 seconds
[2023-12-20T21:26:15.280+0000] {processor.py:157} INFO - Started process (PID=2001) to work on /home/airflow/.local/lib/python3.8/site-packages/airflow/example_dags/example_task_group.py
[2023-12-20T21:26:15.281+0000] {processor.py:829} INFO - Processing file /home/airflow/.local/lib/python3.8/site-packages/airflow/example_dags/example_task_group.py for tasks to queue
[2023-12-20T21:26:15.283+0000] {logging_mixin.py:154} INFO - [2023-12-20T21:26:15.283+0000] {dagbag.py:536} INFO - Filling up the DagBag from /home/airflow/.local/lib/python3.8/site-packages/airflow/example_dags/example_task_group.py
[2023-12-20T21:26:15.288+0000] {processor.py:839} INFO - DAG(s) dict_keys(['example_task_group']) retrieved from /home/airflow/.local/lib/python3.8/site-packages/airflow/example_dags/example_task_group.py
[2023-12-20T21:26:15.308+0000] {logging_mixin.py:154} INFO - [2023-12-20T21:26:15.308+0000] {dag.py:2941} INFO - Sync 1 DAGs
[2023-12-20T21:26:15.327+0000] {logging_mixin.py:154} INFO - [2023-12-20T21:26:15.327+0000] {dag.py:3722} INFO - Setting next_dagrun for example_task_group to 2023-12-19T21:26:15.327637+00:00, run_after=2023-12-20T21:26:15.327637+00:00
[2023-12-20T21:26:15.350+0000] {processor.py:179} INFO - Processing /home/airflow/.local/lib/python3.8/site-packages/airflow/example_dags/example_task_group.py took 0.072 seconds
