[2023-12-20T21:08:35.309+0000] {processor.py:157} INFO - Started process (PID=71) to work on /home/airflow/.local/lib/python3.8/site-packages/airflow/example_dags/example_task_group_decorator.py
[2023-12-20T21:08:35.310+0000] {processor.py:829} INFO - Processing file /home/airflow/.local/lib/python3.8/site-packages/airflow/example_dags/example_task_group_decorator.py for tasks to queue
[2023-12-20T21:08:35.313+0000] {logging_mixin.py:154} INFO - [2023-12-20T21:08:35.312+0000] {dagbag.py:536} INFO - Filling up the DagBag from /home/airflow/.local/lib/python3.8/site-packages/airflow/example_dags/example_task_group_decorator.py
[2023-12-20T21:08:35.329+0000] {processor.py:839} INFO - DAG(s) dict_keys(['example_task_group_decorator']) retrieved from /home/airflow/.local/lib/python3.8/site-packages/airflow/example_dags/example_task_group_decorator.py
[2023-12-20T21:08:35.343+0000] {logging_mixin.py:154} INFO - [2023-12-20T21:08:35.343+0000] {dag.py:2941} INFO - Sync 1 DAGs
[2023-12-20T21:08:35.376+0000] {logging_mixin.py:154} INFO - [2023-12-20T21:08:35.375+0000] {dag.py:3722} INFO - Setting next_dagrun for example_task_group_decorator to 2023-12-19T21:08:35.375562+00:00, run_after=2023-12-20T21:08:35.375562+00:00
[2023-12-20T21:08:35.411+0000] {processor.py:179} INFO - Processing /home/airflow/.local/lib/python3.8/site-packages/airflow/example_dags/example_task_group_decorator.py took 0.105 seconds
[2023-12-20T21:09:05.541+0000] {processor.py:157} INFO - Started process (PID=127) to work on /home/airflow/.local/lib/python3.8/site-packages/airflow/example_dags/example_task_group_decorator.py
[2023-12-20T21:09:05.542+0000] {processor.py:829} INFO - Processing file /home/airflow/.local/lib/python3.8/site-packages/airflow/example_dags/example_task_group_decorator.py for tasks to queue
[2023-12-20T21:09:05.544+0000] {logging_mixin.py:154} INFO - [2023-12-20T21:09:05.543+0000] {dagbag.py:536} INFO - Filling up the DagBag from /home/airflow/.local/lib/python3.8/site-packages/airflow/example_dags/example_task_group_decorator.py
[2023-12-20T21:09:05.554+0000] {processor.py:839} INFO - DAG(s) dict_keys(['example_task_group_decorator']) retrieved from /home/airflow/.local/lib/python3.8/site-packages/airflow/example_dags/example_task_group_decorator.py
[2023-12-20T21:09:05.576+0000] {logging_mixin.py:154} INFO - [2023-12-20T21:09:05.575+0000] {dag.py:2941} INFO - Sync 1 DAGs
[2023-12-20T21:09:05.596+0000] {logging_mixin.py:154} INFO - [2023-12-20T21:09:05.596+0000] {dag.py:3722} INFO - Setting next_dagrun for example_task_group_decorator to 2023-12-19T21:09:05.595997+00:00, run_after=2023-12-20T21:09:05.595997+00:00
[2023-12-20T21:09:05.616+0000] {processor.py:179} INFO - Processing /home/airflow/.local/lib/python3.8/site-packages/airflow/example_dags/example_task_group_decorator.py took 0.077 seconds
[2023-12-20T21:09:36.363+0000] {processor.py:157} INFO - Started process (PID=183) to work on /home/airflow/.local/lib/python3.8/site-packages/airflow/example_dags/example_task_group_decorator.py
[2023-12-20T21:09:36.364+0000] {processor.py:829} INFO - Processing file /home/airflow/.local/lib/python3.8/site-packages/airflow/example_dags/example_task_group_decorator.py for tasks to queue
[2023-12-20T21:09:36.367+0000] {logging_mixin.py:154} INFO - [2023-12-20T21:09:36.367+0000] {dagbag.py:536} INFO - Filling up the DagBag from /home/airflow/.local/lib/python3.8/site-packages/airflow/example_dags/example_task_group_decorator.py
[2023-12-20T21:09:36.385+0000] {processor.py:839} INFO - DAG(s) dict_keys(['example_task_group_decorator']) retrieved from /home/airflow/.local/lib/python3.8/site-packages/airflow/example_dags/example_task_group_decorator.py
[2023-12-20T21:09:36.406+0000] {logging_mixin.py:154} INFO - [2023-12-20T21:09:36.406+0000] {dag.py:2941} INFO - Sync 1 DAGs
[2023-12-20T21:09:36.427+0000] {logging_mixin.py:154} INFO - [2023-12-20T21:09:36.426+0000] {dag.py:3722} INFO - Setting next_dagrun for example_task_group_decorator to 2023-12-19T21:09:36.426698+00:00, run_after=2023-12-20T21:09:36.426698+00:00
[2023-12-20T21:09:36.448+0000] {processor.py:179} INFO - Processing /home/airflow/.local/lib/python3.8/site-packages/airflow/example_dags/example_task_group_decorator.py took 0.087 seconds
[2023-12-20T21:10:07.280+0000] {processor.py:157} INFO - Started process (PID=239) to work on /home/airflow/.local/lib/python3.8/site-packages/airflow/example_dags/example_task_group_decorator.py
[2023-12-20T21:10:07.282+0000] {processor.py:829} INFO - Processing file /home/airflow/.local/lib/python3.8/site-packages/airflow/example_dags/example_task_group_decorator.py for tasks to queue
[2023-12-20T21:10:07.285+0000] {logging_mixin.py:154} INFO - [2023-12-20T21:10:07.284+0000] {dagbag.py:536} INFO - Filling up the DagBag from /home/airflow/.local/lib/python3.8/site-packages/airflow/example_dags/example_task_group_decorator.py
[2023-12-20T21:10:07.302+0000] {processor.py:839} INFO - DAG(s) dict_keys(['example_task_group_decorator']) retrieved from /home/airflow/.local/lib/python3.8/site-packages/airflow/example_dags/example_task_group_decorator.py
[2023-12-20T21:10:07.332+0000] {logging_mixin.py:154} INFO - [2023-12-20T21:10:07.332+0000] {dag.py:2941} INFO - Sync 1 DAGs
[2023-12-20T21:10:07.356+0000] {logging_mixin.py:154} INFO - [2023-12-20T21:10:07.356+0000] {dag.py:3722} INFO - Setting next_dagrun for example_task_group_decorator to 2023-12-19T21:10:07.356487+00:00, run_after=2023-12-20T21:10:07.356487+00:00
[2023-12-20T21:10:07.381+0000] {processor.py:179} INFO - Processing /home/airflow/.local/lib/python3.8/site-packages/airflow/example_dags/example_task_group_decorator.py took 0.104 seconds
[2023-12-20T21:10:38.195+0000] {processor.py:157} INFO - Started process (PID=295) to work on /home/airflow/.local/lib/python3.8/site-packages/airflow/example_dags/example_task_group_decorator.py
[2023-12-20T21:10:38.197+0000] {processor.py:829} INFO - Processing file /home/airflow/.local/lib/python3.8/site-packages/airflow/example_dags/example_task_group_decorator.py for tasks to queue
[2023-12-20T21:10:38.199+0000] {logging_mixin.py:154} INFO - [2023-12-20T21:10:38.199+0000] {dagbag.py:536} INFO - Filling up the DagBag from /home/airflow/.local/lib/python3.8/site-packages/airflow/example_dags/example_task_group_decorator.py
[2023-12-20T21:10:38.211+0000] {processor.py:839} INFO - DAG(s) dict_keys(['example_task_group_decorator']) retrieved from /home/airflow/.local/lib/python3.8/site-packages/airflow/example_dags/example_task_group_decorator.py
[2023-12-20T21:10:38.233+0000] {logging_mixin.py:154} INFO - [2023-12-20T21:10:38.232+0000] {dag.py:2941} INFO - Sync 1 DAGs
[2023-12-20T21:10:38.252+0000] {logging_mixin.py:154} INFO - [2023-12-20T21:10:38.252+0000] {dag.py:3722} INFO - Setting next_dagrun for example_task_group_decorator to 2023-12-19T21:10:38.251935+00:00, run_after=2023-12-20T21:10:38.251935+00:00
[2023-12-20T21:10:38.275+0000] {processor.py:179} INFO - Processing /home/airflow/.local/lib/python3.8/site-packages/airflow/example_dags/example_task_group_decorator.py took 0.081 seconds
[2023-12-20T21:11:08.389+0000] {processor.py:157} INFO - Started process (PID=351) to work on /home/airflow/.local/lib/python3.8/site-packages/airflow/example_dags/example_task_group_decorator.py
[2023-12-20T21:11:08.390+0000] {processor.py:829} INFO - Processing file /home/airflow/.local/lib/python3.8/site-packages/airflow/example_dags/example_task_group_decorator.py for tasks to queue
[2023-12-20T21:11:08.392+0000] {logging_mixin.py:154} INFO - [2023-12-20T21:11:08.392+0000] {dagbag.py:536} INFO - Filling up the DagBag from /home/airflow/.local/lib/python3.8/site-packages/airflow/example_dags/example_task_group_decorator.py
[2023-12-20T21:11:08.403+0000] {processor.py:839} INFO - DAG(s) dict_keys(['example_task_group_decorator']) retrieved from /home/airflow/.local/lib/python3.8/site-packages/airflow/example_dags/example_task_group_decorator.py
[2023-12-20T21:11:08.424+0000] {logging_mixin.py:154} INFO - [2023-12-20T21:11:08.424+0000] {dag.py:2941} INFO - Sync 1 DAGs
[2023-12-20T21:11:08.444+0000] {logging_mixin.py:154} INFO - [2023-12-20T21:11:08.444+0000] {dag.py:3722} INFO - Setting next_dagrun for example_task_group_decorator to 2023-12-19T21:11:08.444398+00:00, run_after=2023-12-20T21:11:08.444398+00:00
[2023-12-20T21:11:08.465+0000] {processor.py:179} INFO - Processing /home/airflow/.local/lib/python3.8/site-packages/airflow/example_dags/example_task_group_decorator.py took 0.078 seconds
[2023-12-20T21:11:39.463+0000] {processor.py:157} INFO - Started process (PID=407) to work on /home/airflow/.local/lib/python3.8/site-packages/airflow/example_dags/example_task_group_decorator.py
[2023-12-20T21:11:39.464+0000] {processor.py:829} INFO - Processing file /home/airflow/.local/lib/python3.8/site-packages/airflow/example_dags/example_task_group_decorator.py for tasks to queue
[2023-12-20T21:11:39.466+0000] {logging_mixin.py:154} INFO - [2023-12-20T21:11:39.466+0000] {dagbag.py:536} INFO - Filling up the DagBag from /home/airflow/.local/lib/python3.8/site-packages/airflow/example_dags/example_task_group_decorator.py
[2023-12-20T21:11:39.478+0000] {processor.py:839} INFO - DAG(s) dict_keys(['example_task_group_decorator']) retrieved from /home/airflow/.local/lib/python3.8/site-packages/airflow/example_dags/example_task_group_decorator.py
[2023-12-20T21:11:39.502+0000] {logging_mixin.py:154} INFO - [2023-12-20T21:11:39.502+0000] {dag.py:2941} INFO - Sync 1 DAGs
[2023-12-20T21:11:39.524+0000] {logging_mixin.py:154} INFO - [2023-12-20T21:11:39.524+0000] {dag.py:3722} INFO - Setting next_dagrun for example_task_group_decorator to 2023-12-19T21:11:39.524384+00:00, run_after=2023-12-20T21:11:39.524384+00:00
[2023-12-20T21:11:39.547+0000] {processor.py:179} INFO - Processing /home/airflow/.local/lib/python3.8/site-packages/airflow/example_dags/example_task_group_decorator.py took 0.086 seconds
[2023-12-20T21:12:10.142+0000] {processor.py:157} INFO - Started process (PID=463) to work on /home/airflow/.local/lib/python3.8/site-packages/airflow/example_dags/example_task_group_decorator.py
[2023-12-20T21:12:10.143+0000] {processor.py:829} INFO - Processing file /home/airflow/.local/lib/python3.8/site-packages/airflow/example_dags/example_task_group_decorator.py for tasks to queue
[2023-12-20T21:12:10.145+0000] {logging_mixin.py:154} INFO - [2023-12-20T21:12:10.145+0000] {dagbag.py:536} INFO - Filling up the DagBag from /home/airflow/.local/lib/python3.8/site-packages/airflow/example_dags/example_task_group_decorator.py
[2023-12-20T21:12:10.158+0000] {processor.py:839} INFO - DAG(s) dict_keys(['example_task_group_decorator']) retrieved from /home/airflow/.local/lib/python3.8/site-packages/airflow/example_dags/example_task_group_decorator.py
[2023-12-20T21:12:10.178+0000] {logging_mixin.py:154} INFO - [2023-12-20T21:12:10.178+0000] {dag.py:2941} INFO - Sync 1 DAGs
[2023-12-20T21:12:10.196+0000] {logging_mixin.py:154} INFO - [2023-12-20T21:12:10.196+0000] {dag.py:3722} INFO - Setting next_dagrun for example_task_group_decorator to 2023-12-19T21:12:10.196389+00:00, run_after=2023-12-20T21:12:10.196389+00:00
[2023-12-20T21:12:10.217+0000] {processor.py:179} INFO - Processing /home/airflow/.local/lib/python3.8/site-packages/airflow/example_dags/example_task_group_decorator.py took 0.076 seconds
[2023-12-20T21:12:40.511+0000] {processor.py:157} INFO - Started process (PID=519) to work on /home/airflow/.local/lib/python3.8/site-packages/airflow/example_dags/example_task_group_decorator.py
[2023-12-20T21:12:40.512+0000] {processor.py:829} INFO - Processing file /home/airflow/.local/lib/python3.8/site-packages/airflow/example_dags/example_task_group_decorator.py for tasks to queue
[2023-12-20T21:12:40.514+0000] {logging_mixin.py:154} INFO - [2023-12-20T21:12:40.514+0000] {dagbag.py:536} INFO - Filling up the DagBag from /home/airflow/.local/lib/python3.8/site-packages/airflow/example_dags/example_task_group_decorator.py
[2023-12-20T21:12:40.527+0000] {processor.py:839} INFO - DAG(s) dict_keys(['example_task_group_decorator']) retrieved from /home/airflow/.local/lib/python3.8/site-packages/airflow/example_dags/example_task_group_decorator.py
[2023-12-20T21:12:40.548+0000] {logging_mixin.py:154} INFO - [2023-12-20T21:12:40.548+0000] {dag.py:2941} INFO - Sync 1 DAGs
[2023-12-20T21:12:40.567+0000] {logging_mixin.py:154} INFO - [2023-12-20T21:12:40.567+0000] {dag.py:3722} INFO - Setting next_dagrun for example_task_group_decorator to 2023-12-19T21:12:40.567059+00:00, run_after=2023-12-20T21:12:40.567059+00:00
[2023-12-20T21:12:40.589+0000] {processor.py:179} INFO - Processing /home/airflow/.local/lib/python3.8/site-packages/airflow/example_dags/example_task_group_decorator.py took 0.080 seconds
[2023-12-20T21:13:10.905+0000] {processor.py:157} INFO - Started process (PID=575) to work on /home/airflow/.local/lib/python3.8/site-packages/airflow/example_dags/example_task_group_decorator.py
[2023-12-20T21:13:10.906+0000] {processor.py:829} INFO - Processing file /home/airflow/.local/lib/python3.8/site-packages/airflow/example_dags/example_task_group_decorator.py for tasks to queue
[2023-12-20T21:13:10.908+0000] {logging_mixin.py:154} INFO - [2023-12-20T21:13:10.908+0000] {dagbag.py:536} INFO - Filling up the DagBag from /home/airflow/.local/lib/python3.8/site-packages/airflow/example_dags/example_task_group_decorator.py
[2023-12-20T21:13:10.921+0000] {processor.py:839} INFO - DAG(s) dict_keys(['example_task_group_decorator']) retrieved from /home/airflow/.local/lib/python3.8/site-packages/airflow/example_dags/example_task_group_decorator.py
[2023-12-20T21:13:10.944+0000] {logging_mixin.py:154} INFO - [2023-12-20T21:13:10.944+0000] {dag.py:2941} INFO - Sync 1 DAGs
[2023-12-20T21:13:10.965+0000] {logging_mixin.py:154} INFO - [2023-12-20T21:13:10.965+0000] {dag.py:3722} INFO - Setting next_dagrun for example_task_group_decorator to 2023-12-19T21:13:10.965547+00:00, run_after=2023-12-20T21:13:10.965547+00:00
[2023-12-20T21:13:10.987+0000] {processor.py:179} INFO - Processing /home/airflow/.local/lib/python3.8/site-packages/airflow/example_dags/example_task_group_decorator.py took 0.084 seconds
[2023-12-20T21:13:41.653+0000] {processor.py:157} INFO - Started process (PID=631) to work on /home/airflow/.local/lib/python3.8/site-packages/airflow/example_dags/example_task_group_decorator.py
[2023-12-20T21:13:41.654+0000] {processor.py:829} INFO - Processing file /home/airflow/.local/lib/python3.8/site-packages/airflow/example_dags/example_task_group_decorator.py for tasks to queue
[2023-12-20T21:13:41.656+0000] {logging_mixin.py:154} INFO - [2023-12-20T21:13:41.656+0000] {dagbag.py:536} INFO - Filling up the DagBag from /home/airflow/.local/lib/python3.8/site-packages/airflow/example_dags/example_task_group_decorator.py
[2023-12-20T21:13:41.669+0000] {processor.py:839} INFO - DAG(s) dict_keys(['example_task_group_decorator']) retrieved from /home/airflow/.local/lib/python3.8/site-packages/airflow/example_dags/example_task_group_decorator.py
[2023-12-20T21:13:41.691+0000] {logging_mixin.py:154} INFO - [2023-12-20T21:13:41.691+0000] {dag.py:2941} INFO - Sync 1 DAGs
[2023-12-20T21:13:41.712+0000] {logging_mixin.py:154} INFO - [2023-12-20T21:13:41.711+0000] {dag.py:3722} INFO - Setting next_dagrun for example_task_group_decorator to 2023-12-19T21:13:41.711759+00:00, run_after=2023-12-20T21:13:41.711759+00:00
[2023-12-20T21:13:41.735+0000] {processor.py:179} INFO - Processing /home/airflow/.local/lib/python3.8/site-packages/airflow/example_dags/example_task_group_decorator.py took 0.084 seconds
[2023-12-20T21:14:11.975+0000] {processor.py:157} INFO - Started process (PID=687) to work on /home/airflow/.local/lib/python3.8/site-packages/airflow/example_dags/example_task_group_decorator.py
[2023-12-20T21:14:11.976+0000] {processor.py:829} INFO - Processing file /home/airflow/.local/lib/python3.8/site-packages/airflow/example_dags/example_task_group_decorator.py for tasks to queue
[2023-12-20T21:14:11.978+0000] {logging_mixin.py:154} INFO - [2023-12-20T21:14:11.978+0000] {dagbag.py:536} INFO - Filling up the DagBag from /home/airflow/.local/lib/python3.8/site-packages/airflow/example_dags/example_task_group_decorator.py
[2023-12-20T21:14:11.989+0000] {processor.py:839} INFO - DAG(s) dict_keys(['example_task_group_decorator']) retrieved from /home/airflow/.local/lib/python3.8/site-packages/airflow/example_dags/example_task_group_decorator.py
[2023-12-20T21:14:12.013+0000] {logging_mixin.py:154} INFO - [2023-12-20T21:14:12.013+0000] {dag.py:2941} INFO - Sync 1 DAGs
[2023-12-20T21:14:12.034+0000] {logging_mixin.py:154} INFO - [2023-12-20T21:14:12.033+0000] {dag.py:3722} INFO - Setting next_dagrun for example_task_group_decorator to 2023-12-19T21:14:12.033650+00:00, run_after=2023-12-20T21:14:12.033650+00:00
[2023-12-20T21:14:12.055+0000] {processor.py:179} INFO - Processing /home/airflow/.local/lib/python3.8/site-packages/airflow/example_dags/example_task_group_decorator.py took 0.082 seconds
[2023-12-20T21:14:42.874+0000] {processor.py:157} INFO - Started process (PID=743) to work on /home/airflow/.local/lib/python3.8/site-packages/airflow/example_dags/example_task_group_decorator.py
[2023-12-20T21:14:42.875+0000] {processor.py:829} INFO - Processing file /home/airflow/.local/lib/python3.8/site-packages/airflow/example_dags/example_task_group_decorator.py for tasks to queue
[2023-12-20T21:14:42.877+0000] {logging_mixin.py:154} INFO - [2023-12-20T21:14:42.877+0000] {dagbag.py:536} INFO - Filling up the DagBag from /home/airflow/.local/lib/python3.8/site-packages/airflow/example_dags/example_task_group_decorator.py
[2023-12-20T21:14:42.888+0000] {processor.py:839} INFO - DAG(s) dict_keys(['example_task_group_decorator']) retrieved from /home/airflow/.local/lib/python3.8/site-packages/airflow/example_dags/example_task_group_decorator.py
[2023-12-20T21:14:42.910+0000] {logging_mixin.py:154} INFO - [2023-12-20T21:14:42.910+0000] {dag.py:2941} INFO - Sync 1 DAGs
[2023-12-20T21:14:42.930+0000] {logging_mixin.py:154} INFO - [2023-12-20T21:14:42.930+0000] {dag.py:3722} INFO - Setting next_dagrun for example_task_group_decorator to 2023-12-19T21:14:42.930242+00:00, run_after=2023-12-20T21:14:42.930242+00:00
[2023-12-20T21:14:42.950+0000] {processor.py:179} INFO - Processing /home/airflow/.local/lib/python3.8/site-packages/airflow/example_dags/example_task_group_decorator.py took 0.079 seconds
[2023-12-20T21:15:13.382+0000] {processor.py:157} INFO - Started process (PID=799) to work on /home/airflow/.local/lib/python3.8/site-packages/airflow/example_dags/example_task_group_decorator.py
[2023-12-20T21:15:13.383+0000] {processor.py:829} INFO - Processing file /home/airflow/.local/lib/python3.8/site-packages/airflow/example_dags/example_task_group_decorator.py for tasks to queue
[2023-12-20T21:15:13.385+0000] {logging_mixin.py:154} INFO - [2023-12-20T21:15:13.385+0000] {dagbag.py:536} INFO - Filling up the DagBag from /home/airflow/.local/lib/python3.8/site-packages/airflow/example_dags/example_task_group_decorator.py
[2023-12-20T21:15:13.398+0000] {processor.py:839} INFO - DAG(s) dict_keys(['example_task_group_decorator']) retrieved from /home/airflow/.local/lib/python3.8/site-packages/airflow/example_dags/example_task_group_decorator.py
[2023-12-20T21:15:13.421+0000] {logging_mixin.py:154} INFO - [2023-12-20T21:15:13.421+0000] {dag.py:2941} INFO - Sync 1 DAGs
[2023-12-20T21:15:13.442+0000] {logging_mixin.py:154} INFO - [2023-12-20T21:15:13.442+0000] {dag.py:3722} INFO - Setting next_dagrun for example_task_group_decorator to 2023-12-19T21:15:13.441821+00:00, run_after=2023-12-20T21:15:13.441821+00:00
[2023-12-20T21:15:13.463+0000] {processor.py:179} INFO - Processing /home/airflow/.local/lib/python3.8/site-packages/airflow/example_dags/example_task_group_decorator.py took 0.084 seconds
[2023-12-20T21:15:43.980+0000] {processor.py:157} INFO - Started process (PID=855) to work on /home/airflow/.local/lib/python3.8/site-packages/airflow/example_dags/example_task_group_decorator.py
[2023-12-20T21:15:43.981+0000] {processor.py:829} INFO - Processing file /home/airflow/.local/lib/python3.8/site-packages/airflow/example_dags/example_task_group_decorator.py for tasks to queue
[2023-12-20T21:15:43.983+0000] {logging_mixin.py:154} INFO - [2023-12-20T21:15:43.983+0000] {dagbag.py:536} INFO - Filling up the DagBag from /home/airflow/.local/lib/python3.8/site-packages/airflow/example_dags/example_task_group_decorator.py
[2023-12-20T21:15:43.995+0000] {processor.py:839} INFO - DAG(s) dict_keys(['example_task_group_decorator']) retrieved from /home/airflow/.local/lib/python3.8/site-packages/airflow/example_dags/example_task_group_decorator.py
[2023-12-20T21:15:44.017+0000] {logging_mixin.py:154} INFO - [2023-12-20T21:15:44.017+0000] {dag.py:2941} INFO - Sync 1 DAGs
[2023-12-20T21:15:44.036+0000] {logging_mixin.py:154} INFO - [2023-12-20T21:15:44.036+0000] {dag.py:3722} INFO - Setting next_dagrun for example_task_group_decorator to 2023-12-19T21:15:44.036029+00:00, run_after=2023-12-20T21:15:44.036029+00:00
[2023-12-20T21:15:44.055+0000] {processor.py:179} INFO - Processing /home/airflow/.local/lib/python3.8/site-packages/airflow/example_dags/example_task_group_decorator.py took 0.077 seconds
[2023-12-20T21:16:14.543+0000] {processor.py:157} INFO - Started process (PID=911) to work on /home/airflow/.local/lib/python3.8/site-packages/airflow/example_dags/example_task_group_decorator.py
[2023-12-20T21:16:14.544+0000] {processor.py:829} INFO - Processing file /home/airflow/.local/lib/python3.8/site-packages/airflow/example_dags/example_task_group_decorator.py for tasks to queue
[2023-12-20T21:16:14.546+0000] {logging_mixin.py:154} INFO - [2023-12-20T21:16:14.546+0000] {dagbag.py:536} INFO - Filling up the DagBag from /home/airflow/.local/lib/python3.8/site-packages/airflow/example_dags/example_task_group_decorator.py
[2023-12-20T21:16:14.558+0000] {processor.py:839} INFO - DAG(s) dict_keys(['example_task_group_decorator']) retrieved from /home/airflow/.local/lib/python3.8/site-packages/airflow/example_dags/example_task_group_decorator.py
[2023-12-20T21:16:14.580+0000] {logging_mixin.py:154} INFO - [2023-12-20T21:16:14.580+0000] {dag.py:2941} INFO - Sync 1 DAGs
[2023-12-20T21:16:14.600+0000] {logging_mixin.py:154} INFO - [2023-12-20T21:16:14.600+0000] {dag.py:3722} INFO - Setting next_dagrun for example_task_group_decorator to 2023-12-19T21:16:14.600136+00:00, run_after=2023-12-20T21:16:14.600136+00:00
[2023-12-20T21:16:14.619+0000] {processor.py:179} INFO - Processing /home/airflow/.local/lib/python3.8/site-packages/airflow/example_dags/example_task_group_decorator.py took 0.079 seconds
[2023-12-20T21:16:44.827+0000] {processor.py:157} INFO - Started process (PID=967) to work on /home/airflow/.local/lib/python3.8/site-packages/airflow/example_dags/example_task_group_decorator.py
[2023-12-20T21:16:44.828+0000] {processor.py:829} INFO - Processing file /home/airflow/.local/lib/python3.8/site-packages/airflow/example_dags/example_task_group_decorator.py for tasks to queue
[2023-12-20T21:16:44.830+0000] {logging_mixin.py:154} INFO - [2023-12-20T21:16:44.830+0000] {dagbag.py:536} INFO - Filling up the DagBag from /home/airflow/.local/lib/python3.8/site-packages/airflow/example_dags/example_task_group_decorator.py
[2023-12-20T21:16:44.842+0000] {processor.py:839} INFO - DAG(s) dict_keys(['example_task_group_decorator']) retrieved from /home/airflow/.local/lib/python3.8/site-packages/airflow/example_dags/example_task_group_decorator.py
[2023-12-20T21:16:44.863+0000] {logging_mixin.py:154} INFO - [2023-12-20T21:16:44.863+0000] {dag.py:2941} INFO - Sync 1 DAGs
[2023-12-20T21:16:44.883+0000] {logging_mixin.py:154} INFO - [2023-12-20T21:16:44.882+0000] {dag.py:3722} INFO - Setting next_dagrun for example_task_group_decorator to 2023-12-19T21:16:44.882747+00:00, run_after=2023-12-20T21:16:44.882747+00:00
[2023-12-20T21:16:44.904+0000] {processor.py:179} INFO - Processing /home/airflow/.local/lib/python3.8/site-packages/airflow/example_dags/example_task_group_decorator.py took 0.079 seconds
[2023-12-20T21:17:15.254+0000] {processor.py:157} INFO - Started process (PID=1023) to work on /home/airflow/.local/lib/python3.8/site-packages/airflow/example_dags/example_task_group_decorator.py
[2023-12-20T21:17:15.255+0000] {processor.py:829} INFO - Processing file /home/airflow/.local/lib/python3.8/site-packages/airflow/example_dags/example_task_group_decorator.py for tasks to queue
[2023-12-20T21:17:15.257+0000] {logging_mixin.py:154} INFO - [2023-12-20T21:17:15.257+0000] {dagbag.py:536} INFO - Filling up the DagBag from /home/airflow/.local/lib/python3.8/site-packages/airflow/example_dags/example_task_group_decorator.py
[2023-12-20T21:17:15.269+0000] {processor.py:839} INFO - DAG(s) dict_keys(['example_task_group_decorator']) retrieved from /home/airflow/.local/lib/python3.8/site-packages/airflow/example_dags/example_task_group_decorator.py
[2023-12-20T21:17:15.291+0000] {logging_mixin.py:154} INFO - [2023-12-20T21:17:15.291+0000] {dag.py:2941} INFO - Sync 1 DAGs
[2023-12-20T21:17:15.433+0000] {logging_mixin.py:154} INFO - [2023-12-20T21:17:15.432+0000] {dag.py:3722} INFO - Setting next_dagrun for example_task_group_decorator to 2023-12-19T21:17:15.432690+00:00, run_after=2023-12-20T21:17:15.432690+00:00
[2023-12-20T21:17:15.450+0000] {processor.py:179} INFO - Processing /home/airflow/.local/lib/python3.8/site-packages/airflow/example_dags/example_task_group_decorator.py took 0.199 seconds
[2023-12-20T21:17:45.700+0000] {processor.py:157} INFO - Started process (PID=1079) to work on /home/airflow/.local/lib/python3.8/site-packages/airflow/example_dags/example_task_group_decorator.py
[2023-12-20T21:17:45.701+0000] {processor.py:829} INFO - Processing file /home/airflow/.local/lib/python3.8/site-packages/airflow/example_dags/example_task_group_decorator.py for tasks to queue
[2023-12-20T21:17:45.703+0000] {logging_mixin.py:154} INFO - [2023-12-20T21:17:45.703+0000] {dagbag.py:536} INFO - Filling up the DagBag from /home/airflow/.local/lib/python3.8/site-packages/airflow/example_dags/example_task_group_decorator.py
[2023-12-20T21:17:45.715+0000] {processor.py:839} INFO - DAG(s) dict_keys(['example_task_group_decorator']) retrieved from /home/airflow/.local/lib/python3.8/site-packages/airflow/example_dags/example_task_group_decorator.py
[2023-12-20T21:17:45.736+0000] {logging_mixin.py:154} INFO - [2023-12-20T21:17:45.736+0000] {dag.py:2941} INFO - Sync 1 DAGs
[2023-12-20T21:17:45.755+0000] {logging_mixin.py:154} INFO - [2023-12-20T21:17:45.755+0000] {dag.py:3722} INFO - Setting next_dagrun for example_task_group_decorator to 2023-12-19T21:17:45.755447+00:00, run_after=2023-12-20T21:17:45.755447+00:00
[2023-12-20T21:17:45.909+0000] {processor.py:179} INFO - Processing /home/airflow/.local/lib/python3.8/site-packages/airflow/example_dags/example_task_group_decorator.py took 0.212 seconds
[2023-12-20T21:18:16.041+0000] {processor.py:157} INFO - Started process (PID=1135) to work on /home/airflow/.local/lib/python3.8/site-packages/airflow/example_dags/example_task_group_decorator.py
[2023-12-20T21:18:16.042+0000] {processor.py:829} INFO - Processing file /home/airflow/.local/lib/python3.8/site-packages/airflow/example_dags/example_task_group_decorator.py for tasks to queue
[2023-12-20T21:18:16.044+0000] {logging_mixin.py:154} INFO - [2023-12-20T21:18:16.044+0000] {dagbag.py:536} INFO - Filling up the DagBag from /home/airflow/.local/lib/python3.8/site-packages/airflow/example_dags/example_task_group_decorator.py
[2023-12-20T21:18:16.057+0000] {processor.py:839} INFO - DAG(s) dict_keys(['example_task_group_decorator']) retrieved from /home/airflow/.local/lib/python3.8/site-packages/airflow/example_dags/example_task_group_decorator.py
[2023-12-20T21:18:16.081+0000] {logging_mixin.py:154} INFO - [2023-12-20T21:18:16.081+0000] {dag.py:2941} INFO - Sync 1 DAGs
[2023-12-20T21:18:16.103+0000] {logging_mixin.py:154} INFO - [2023-12-20T21:18:16.103+0000] {dag.py:3722} INFO - Setting next_dagrun for example_task_group_decorator to 2023-12-19T21:18:16.103108+00:00, run_after=2023-12-20T21:18:16.103108+00:00
[2023-12-20T21:18:16.125+0000] {processor.py:179} INFO - Processing /home/airflow/.local/lib/python3.8/site-packages/airflow/example_dags/example_task_group_decorator.py took 0.087 seconds
[2023-12-20T21:18:46.376+0000] {processor.py:157} INFO - Started process (PID=1191) to work on /home/airflow/.local/lib/python3.8/site-packages/airflow/example_dags/example_task_group_decorator.py
[2023-12-20T21:18:46.377+0000] {processor.py:829} INFO - Processing file /home/airflow/.local/lib/python3.8/site-packages/airflow/example_dags/example_task_group_decorator.py for tasks to queue
[2023-12-20T21:18:46.379+0000] {logging_mixin.py:154} INFO - [2023-12-20T21:18:46.379+0000] {dagbag.py:536} INFO - Filling up the DagBag from /home/airflow/.local/lib/python3.8/site-packages/airflow/example_dags/example_task_group_decorator.py
[2023-12-20T21:18:46.390+0000] {processor.py:839} INFO - DAG(s) dict_keys(['example_task_group_decorator']) retrieved from /home/airflow/.local/lib/python3.8/site-packages/airflow/example_dags/example_task_group_decorator.py
[2023-12-20T21:18:46.411+0000] {logging_mixin.py:154} INFO - [2023-12-20T21:18:46.410+0000] {dag.py:2941} INFO - Sync 1 DAGs
[2023-12-20T21:18:46.430+0000] {logging_mixin.py:154} INFO - [2023-12-20T21:18:46.429+0000] {dag.py:3722} INFO - Setting next_dagrun for example_task_group_decorator to 2023-12-19T21:18:46.429686+00:00, run_after=2023-12-20T21:18:46.429686+00:00
[2023-12-20T21:18:46.450+0000] {processor.py:179} INFO - Processing /home/airflow/.local/lib/python3.8/site-packages/airflow/example_dags/example_task_group_decorator.py took 0.076 seconds
[2023-12-20T21:19:17.338+0000] {processor.py:157} INFO - Started process (PID=1247) to work on /home/airflow/.local/lib/python3.8/site-packages/airflow/example_dags/example_task_group_decorator.py
[2023-12-20T21:19:17.339+0000] {processor.py:829} INFO - Processing file /home/airflow/.local/lib/python3.8/site-packages/airflow/example_dags/example_task_group_decorator.py for tasks to queue
[2023-12-20T21:19:17.341+0000] {logging_mixin.py:154} INFO - [2023-12-20T21:19:17.341+0000] {dagbag.py:536} INFO - Filling up the DagBag from /home/airflow/.local/lib/python3.8/site-packages/airflow/example_dags/example_task_group_decorator.py
[2023-12-20T21:19:17.352+0000] {processor.py:839} INFO - DAG(s) dict_keys(['example_task_group_decorator']) retrieved from /home/airflow/.local/lib/python3.8/site-packages/airflow/example_dags/example_task_group_decorator.py
[2023-12-20T21:19:17.374+0000] {logging_mixin.py:154} INFO - [2023-12-20T21:19:17.373+0000] {dag.py:2941} INFO - Sync 1 DAGs
[2023-12-20T21:19:17.532+0000] {logging_mixin.py:154} INFO - [2023-12-20T21:19:17.532+0000] {dag.py:3722} INFO - Setting next_dagrun for example_task_group_decorator to 2023-12-19T21:19:17.532636+00:00, run_after=2023-12-20T21:19:17.532636+00:00
[2023-12-20T21:19:17.553+0000] {processor.py:179} INFO - Processing /home/airflow/.local/lib/python3.8/site-packages/airflow/example_dags/example_task_group_decorator.py took 0.217 seconds
[2023-12-20T21:19:48.466+0000] {processor.py:157} INFO - Started process (PID=1303) to work on /home/airflow/.local/lib/python3.8/site-packages/airflow/example_dags/example_task_group_decorator.py
[2023-12-20T21:19:48.467+0000] {processor.py:829} INFO - Processing file /home/airflow/.local/lib/python3.8/site-packages/airflow/example_dags/example_task_group_decorator.py for tasks to queue
[2023-12-20T21:19:48.470+0000] {logging_mixin.py:154} INFO - [2023-12-20T21:19:48.469+0000] {dagbag.py:536} INFO - Filling up the DagBag from /home/airflow/.local/lib/python3.8/site-packages/airflow/example_dags/example_task_group_decorator.py
[2023-12-20T21:19:48.481+0000] {processor.py:839} INFO - DAG(s) dict_keys(['example_task_group_decorator']) retrieved from /home/airflow/.local/lib/python3.8/site-packages/airflow/example_dags/example_task_group_decorator.py
[2023-12-20T21:19:48.501+0000] {logging_mixin.py:154} INFO - [2023-12-20T21:19:48.501+0000] {dag.py:2941} INFO - Sync 1 DAGs
[2023-12-20T21:19:48.662+0000] {logging_mixin.py:154} INFO - [2023-12-20T21:19:48.662+0000] {dag.py:3722} INFO - Setting next_dagrun for example_task_group_decorator to 2023-12-19T21:19:48.662087+00:00, run_after=2023-12-20T21:19:48.662087+00:00
[2023-12-20T21:19:48.683+0000] {processor.py:179} INFO - Processing /home/airflow/.local/lib/python3.8/site-packages/airflow/example_dags/example_task_group_decorator.py took 0.219 seconds
[2023-12-20T21:20:19.469+0000] {processor.py:157} INFO - Started process (PID=1359) to work on /home/airflow/.local/lib/python3.8/site-packages/airflow/example_dags/example_task_group_decorator.py
[2023-12-20T21:20:19.471+0000] {processor.py:829} INFO - Processing file /home/airflow/.local/lib/python3.8/site-packages/airflow/example_dags/example_task_group_decorator.py for tasks to queue
[2023-12-20T21:20:19.473+0000] {logging_mixin.py:154} INFO - [2023-12-20T21:20:19.473+0000] {dagbag.py:536} INFO - Filling up the DagBag from /home/airflow/.local/lib/python3.8/site-packages/airflow/example_dags/example_task_group_decorator.py
[2023-12-20T21:20:19.486+0000] {processor.py:839} INFO - DAG(s) dict_keys(['example_task_group_decorator']) retrieved from /home/airflow/.local/lib/python3.8/site-packages/airflow/example_dags/example_task_group_decorator.py
[2023-12-20T21:20:19.510+0000] {logging_mixin.py:154} INFO - [2023-12-20T21:20:19.509+0000] {dag.py:2941} INFO - Sync 1 DAGs
[2023-12-20T21:20:19.531+0000] {logging_mixin.py:154} INFO - [2023-12-20T21:20:19.530+0000] {dag.py:3722} INFO - Setting next_dagrun for example_task_group_decorator to 2023-12-19T21:20:19.530607+00:00, run_after=2023-12-20T21:20:19.530607+00:00
[2023-12-20T21:20:19.674+0000] {processor.py:179} INFO - Processing /home/airflow/.local/lib/python3.8/site-packages/airflow/example_dags/example_task_group_decorator.py took 0.206 seconds
[2023-12-20T21:20:50.031+0000] {processor.py:157} INFO - Started process (PID=1415) to work on /home/airflow/.local/lib/python3.8/site-packages/airflow/example_dags/example_task_group_decorator.py
[2023-12-20T21:20:50.032+0000] {processor.py:829} INFO - Processing file /home/airflow/.local/lib/python3.8/site-packages/airflow/example_dags/example_task_group_decorator.py for tasks to queue
[2023-12-20T21:20:50.035+0000] {logging_mixin.py:154} INFO - [2023-12-20T21:20:50.035+0000] {dagbag.py:536} INFO - Filling up the DagBag from /home/airflow/.local/lib/python3.8/site-packages/airflow/example_dags/example_task_group_decorator.py
[2023-12-20T21:20:50.048+0000] {processor.py:839} INFO - DAG(s) dict_keys(['example_task_group_decorator']) retrieved from /home/airflow/.local/lib/python3.8/site-packages/airflow/example_dags/example_task_group_decorator.py
[2023-12-20T21:20:50.068+0000] {logging_mixin.py:154} INFO - [2023-12-20T21:20:50.068+0000] {dag.py:2941} INFO - Sync 1 DAGs
[2023-12-20T21:20:50.089+0000] {logging_mixin.py:154} INFO - [2023-12-20T21:20:50.089+0000] {dag.py:3722} INFO - Setting next_dagrun for example_task_group_decorator to 2023-12-19T21:20:50.088966+00:00, run_after=2023-12-20T21:20:50.088966+00:00
[2023-12-20T21:20:50.109+0000] {processor.py:179} INFO - Processing /home/airflow/.local/lib/python3.8/site-packages/airflow/example_dags/example_task_group_decorator.py took 0.080 seconds
[2023-12-20T21:21:20.877+0000] {processor.py:157} INFO - Started process (PID=1471) to work on /home/airflow/.local/lib/python3.8/site-packages/airflow/example_dags/example_task_group_decorator.py
[2023-12-20T21:21:20.878+0000] {processor.py:829} INFO - Processing file /home/airflow/.local/lib/python3.8/site-packages/airflow/example_dags/example_task_group_decorator.py for tasks to queue
[2023-12-20T21:21:20.880+0000] {logging_mixin.py:154} INFO - [2023-12-20T21:21:20.880+0000] {dagbag.py:536} INFO - Filling up the DagBag from /home/airflow/.local/lib/python3.8/site-packages/airflow/example_dags/example_task_group_decorator.py
[2023-12-20T21:21:20.891+0000] {processor.py:839} INFO - DAG(s) dict_keys(['example_task_group_decorator']) retrieved from /home/airflow/.local/lib/python3.8/site-packages/airflow/example_dags/example_task_group_decorator.py
[2023-12-20T21:21:21.051+0000] {logging_mixin.py:154} INFO - [2023-12-20T21:21:21.051+0000] {dag.py:2941} INFO - Sync 1 DAGs
[2023-12-20T21:21:21.070+0000] {logging_mixin.py:154} INFO - [2023-12-20T21:21:21.070+0000] {dag.py:3722} INFO - Setting next_dagrun for example_task_group_decorator to 2023-12-19T21:21:21.070060+00:00, run_after=2023-12-20T21:21:21.070060+00:00
[2023-12-20T21:21:21.090+0000] {processor.py:179} INFO - Processing /home/airflow/.local/lib/python3.8/site-packages/airflow/example_dags/example_task_group_decorator.py took 0.216 seconds
[2023-12-20T21:21:51.550+0000] {processor.py:157} INFO - Started process (PID=1527) to work on /home/airflow/.local/lib/python3.8/site-packages/airflow/example_dags/example_task_group_decorator.py
[2023-12-20T21:21:51.552+0000] {processor.py:829} INFO - Processing file /home/airflow/.local/lib/python3.8/site-packages/airflow/example_dags/example_task_group_decorator.py for tasks to queue
[2023-12-20T21:21:51.554+0000] {logging_mixin.py:154} INFO - [2023-12-20T21:21:51.554+0000] {dagbag.py:536} INFO - Filling up the DagBag from /home/airflow/.local/lib/python3.8/site-packages/airflow/example_dags/example_task_group_decorator.py
[2023-12-20T21:21:51.566+0000] {processor.py:839} INFO - DAG(s) dict_keys(['example_task_group_decorator']) retrieved from /home/airflow/.local/lib/python3.8/site-packages/airflow/example_dags/example_task_group_decorator.py
[2023-12-20T21:21:51.589+0000] {logging_mixin.py:154} INFO - [2023-12-20T21:21:51.588+0000] {dag.py:2941} INFO - Sync 1 DAGs
[2023-12-20T21:21:51.610+0000] {logging_mixin.py:154} INFO - [2023-12-20T21:21:51.610+0000] {dag.py:3722} INFO - Setting next_dagrun for example_task_group_decorator to 2023-12-19T21:21:51.610163+00:00, run_after=2023-12-20T21:21:51.610163+00:00
[2023-12-20T21:21:51.630+0000] {processor.py:179} INFO - Processing /home/airflow/.local/lib/python3.8/site-packages/airflow/example_dags/example_task_group_decorator.py took 0.082 seconds
[2023-12-20T21:22:21.921+0000] {processor.py:157} INFO - Started process (PID=1583) to work on /home/airflow/.local/lib/python3.8/site-packages/airflow/example_dags/example_task_group_decorator.py
[2023-12-20T21:22:21.922+0000] {processor.py:829} INFO - Processing file /home/airflow/.local/lib/python3.8/site-packages/airflow/example_dags/example_task_group_decorator.py for tasks to queue
[2023-12-20T21:22:21.924+0000] {logging_mixin.py:154} INFO - [2023-12-20T21:22:21.924+0000] {dagbag.py:536} INFO - Filling up the DagBag from /home/airflow/.local/lib/python3.8/site-packages/airflow/example_dags/example_task_group_decorator.py
[2023-12-20T21:22:21.936+0000] {processor.py:839} INFO - DAG(s) dict_keys(['example_task_group_decorator']) retrieved from /home/airflow/.local/lib/python3.8/site-packages/airflow/example_dags/example_task_group_decorator.py
[2023-12-20T21:22:21.957+0000] {logging_mixin.py:154} INFO - [2023-12-20T21:22:21.957+0000] {dag.py:2941} INFO - Sync 1 DAGs
[2023-12-20T21:22:21.978+0000] {logging_mixin.py:154} INFO - [2023-12-20T21:22:21.978+0000] {dag.py:3722} INFO - Setting next_dagrun for example_task_group_decorator to 2023-12-19T21:22:21.978307+00:00, run_after=2023-12-20T21:22:21.978307+00:00
[2023-12-20T21:22:22.001+0000] {processor.py:179} INFO - Processing /home/airflow/.local/lib/python3.8/site-packages/airflow/example_dags/example_task_group_decorator.py took 0.082 seconds
[2023-12-20T21:22:52.259+0000] {processor.py:157} INFO - Started process (PID=1639) to work on /home/airflow/.local/lib/python3.8/site-packages/airflow/example_dags/example_task_group_decorator.py
[2023-12-20T21:22:52.261+0000] {processor.py:829} INFO - Processing file /home/airflow/.local/lib/python3.8/site-packages/airflow/example_dags/example_task_group_decorator.py for tasks to queue
[2023-12-20T21:22:52.263+0000] {logging_mixin.py:154} INFO - [2023-12-20T21:22:52.262+0000] {dagbag.py:536} INFO - Filling up the DagBag from /home/airflow/.local/lib/python3.8/site-packages/airflow/example_dags/example_task_group_decorator.py
[2023-12-20T21:22:52.274+0000] {processor.py:839} INFO - DAG(s) dict_keys(['example_task_group_decorator']) retrieved from /home/airflow/.local/lib/python3.8/site-packages/airflow/example_dags/example_task_group_decorator.py
[2023-12-20T21:22:52.295+0000] {logging_mixin.py:154} INFO - [2023-12-20T21:22:52.295+0000] {dag.py:2941} INFO - Sync 1 DAGs
[2023-12-20T21:22:52.314+0000] {logging_mixin.py:154} INFO - [2023-12-20T21:22:52.314+0000] {dag.py:3722} INFO - Setting next_dagrun for example_task_group_decorator to 2023-12-19T21:22:52.314413+00:00, run_after=2023-12-20T21:22:52.314413+00:00
[2023-12-20T21:22:52.334+0000] {processor.py:179} INFO - Processing /home/airflow/.local/lib/python3.8/site-packages/airflow/example_dags/example_task_group_decorator.py took 0.077 seconds
[2023-12-20T21:23:22.546+0000] {processor.py:157} INFO - Started process (PID=1695) to work on /home/airflow/.local/lib/python3.8/site-packages/airflow/example_dags/example_task_group_decorator.py
[2023-12-20T21:23:22.547+0000] {processor.py:829} INFO - Processing file /home/airflow/.local/lib/python3.8/site-packages/airflow/example_dags/example_task_group_decorator.py for tasks to queue
[2023-12-20T21:23:22.549+0000] {logging_mixin.py:154} INFO - [2023-12-20T21:23:22.549+0000] {dagbag.py:536} INFO - Filling up the DagBag from /home/airflow/.local/lib/python3.8/site-packages/airflow/example_dags/example_task_group_decorator.py
[2023-12-20T21:23:22.559+0000] {processor.py:839} INFO - DAG(s) dict_keys(['example_task_group_decorator']) retrieved from /home/airflow/.local/lib/python3.8/site-packages/airflow/example_dags/example_task_group_decorator.py
[2023-12-20T21:23:22.581+0000] {logging_mixin.py:154} INFO - [2023-12-20T21:23:22.581+0000] {dag.py:2941} INFO - Sync 1 DAGs
[2023-12-20T21:23:22.601+0000] {logging_mixin.py:154} INFO - [2023-12-20T21:23:22.601+0000] {dag.py:3722} INFO - Setting next_dagrun for example_task_group_decorator to 2023-12-19T21:23:22.600991+00:00, run_after=2023-12-20T21:23:22.600991+00:00
[2023-12-20T21:23:22.623+0000] {processor.py:179} INFO - Processing /home/airflow/.local/lib/python3.8/site-packages/airflow/example_dags/example_task_group_decorator.py took 0.079 seconds
[2023-12-20T21:23:52.962+0000] {processor.py:157} INFO - Started process (PID=1751) to work on /home/airflow/.local/lib/python3.8/site-packages/airflow/example_dags/example_task_group_decorator.py
[2023-12-20T21:23:52.963+0000] {processor.py:829} INFO - Processing file /home/airflow/.local/lib/python3.8/site-packages/airflow/example_dags/example_task_group_decorator.py for tasks to queue
[2023-12-20T21:23:52.965+0000] {logging_mixin.py:154} INFO - [2023-12-20T21:23:52.965+0000] {dagbag.py:536} INFO - Filling up the DagBag from /home/airflow/.local/lib/python3.8/site-packages/airflow/example_dags/example_task_group_decorator.py
[2023-12-20T21:23:52.977+0000] {processor.py:839} INFO - DAG(s) dict_keys(['example_task_group_decorator']) retrieved from /home/airflow/.local/lib/python3.8/site-packages/airflow/example_dags/example_task_group_decorator.py
[2023-12-20T21:23:52.998+0000] {logging_mixin.py:154} INFO - [2023-12-20T21:23:52.998+0000] {dag.py:2941} INFO - Sync 1 DAGs
[2023-12-20T21:23:53.017+0000] {logging_mixin.py:154} INFO - [2023-12-20T21:23:53.017+0000] {dag.py:3722} INFO - Setting next_dagrun for example_task_group_decorator to 2023-12-19T21:23:53.017592+00:00, run_after=2023-12-20T21:23:53.017592+00:00
[2023-12-20T21:23:53.036+0000] {processor.py:179} INFO - Processing /home/airflow/.local/lib/python3.8/site-packages/airflow/example_dags/example_task_group_decorator.py took 0.076 seconds
[2023-12-20T21:24:23.336+0000] {processor.py:157} INFO - Started process (PID=1807) to work on /home/airflow/.local/lib/python3.8/site-packages/airflow/example_dags/example_task_group_decorator.py
[2023-12-20T21:24:23.337+0000] {processor.py:829} INFO - Processing file /home/airflow/.local/lib/python3.8/site-packages/airflow/example_dags/example_task_group_decorator.py for tasks to queue
[2023-12-20T21:24:23.339+0000] {logging_mixin.py:154} INFO - [2023-12-20T21:24:23.339+0000] {dagbag.py:536} INFO - Filling up the DagBag from /home/airflow/.local/lib/python3.8/site-packages/airflow/example_dags/example_task_group_decorator.py
[2023-12-20T21:24:23.352+0000] {processor.py:839} INFO - DAG(s) dict_keys(['example_task_group_decorator']) retrieved from /home/airflow/.local/lib/python3.8/site-packages/airflow/example_dags/example_task_group_decorator.py
[2023-12-20T21:24:23.375+0000] {logging_mixin.py:154} INFO - [2023-12-20T21:24:23.375+0000] {dag.py:2941} INFO - Sync 1 DAGs
[2023-12-20T21:24:23.398+0000] {logging_mixin.py:154} INFO - [2023-12-20T21:24:23.397+0000] {dag.py:3722} INFO - Setting next_dagrun for example_task_group_decorator to 2023-12-19T21:24:23.397597+00:00, run_after=2023-12-20T21:24:23.397597+00:00
[2023-12-20T21:24:23.420+0000] {processor.py:179} INFO - Processing /home/airflow/.local/lib/python3.8/site-packages/airflow/example_dags/example_task_group_decorator.py took 0.086 seconds
[2023-12-20T21:24:53.725+0000] {processor.py:157} INFO - Started process (PID=1863) to work on /home/airflow/.local/lib/python3.8/site-packages/airflow/example_dags/example_task_group_decorator.py
[2023-12-20T21:24:53.726+0000] {processor.py:829} INFO - Processing file /home/airflow/.local/lib/python3.8/site-packages/airflow/example_dags/example_task_group_decorator.py for tasks to queue
[2023-12-20T21:24:53.728+0000] {logging_mixin.py:154} INFO - [2023-12-20T21:24:53.728+0000] {dagbag.py:536} INFO - Filling up the DagBag from /home/airflow/.local/lib/python3.8/site-packages/airflow/example_dags/example_task_group_decorator.py
[2023-12-20T21:24:53.739+0000] {processor.py:839} INFO - DAG(s) dict_keys(['example_task_group_decorator']) retrieved from /home/airflow/.local/lib/python3.8/site-packages/airflow/example_dags/example_task_group_decorator.py
[2023-12-20T21:24:53.759+0000] {logging_mixin.py:154} INFO - [2023-12-20T21:24:53.759+0000] {dag.py:2941} INFO - Sync 1 DAGs
[2023-12-20T21:24:53.780+0000] {logging_mixin.py:154} INFO - [2023-12-20T21:24:53.780+0000] {dag.py:3722} INFO - Setting next_dagrun for example_task_group_decorator to 2023-12-19T21:24:53.780011+00:00, run_after=2023-12-20T21:24:53.780011+00:00
[2023-12-20T21:24:53.801+0000] {processor.py:179} INFO - Processing /home/airflow/.local/lib/python3.8/site-packages/airflow/example_dags/example_task_group_decorator.py took 0.077 seconds
[2023-12-20T21:25:24.048+0000] {processor.py:157} INFO - Started process (PID=1919) to work on /home/airflow/.local/lib/python3.8/site-packages/airflow/example_dags/example_task_group_decorator.py
[2023-12-20T21:25:24.049+0000] {processor.py:829} INFO - Processing file /home/airflow/.local/lib/python3.8/site-packages/airflow/example_dags/example_task_group_decorator.py for tasks to queue
[2023-12-20T21:25:24.051+0000] {logging_mixin.py:154} INFO - [2023-12-20T21:25:24.051+0000] {dagbag.py:536} INFO - Filling up the DagBag from /home/airflow/.local/lib/python3.8/site-packages/airflow/example_dags/example_task_group_decorator.py
[2023-12-20T21:25:24.062+0000] {processor.py:839} INFO - DAG(s) dict_keys(['example_task_group_decorator']) retrieved from /home/airflow/.local/lib/python3.8/site-packages/airflow/example_dags/example_task_group_decorator.py
[2023-12-20T21:25:24.083+0000] {logging_mixin.py:154} INFO - [2023-12-20T21:25:24.083+0000] {dag.py:2941} INFO - Sync 1 DAGs
[2023-12-20T21:25:24.103+0000] {logging_mixin.py:154} INFO - [2023-12-20T21:25:24.103+0000] {dag.py:3722} INFO - Setting next_dagrun for example_task_group_decorator to 2023-12-19T21:25:24.103236+00:00, run_after=2023-12-20T21:25:24.103236+00:00
[2023-12-20T21:25:24.125+0000] {processor.py:179} INFO - Processing /home/airflow/.local/lib/python3.8/site-packages/airflow/example_dags/example_task_group_decorator.py took 0.079 seconds
[2023-12-20T21:25:54.458+0000] {processor.py:157} INFO - Started process (PID=1975) to work on /home/airflow/.local/lib/python3.8/site-packages/airflow/example_dags/example_task_group_decorator.py
[2023-12-20T21:25:54.460+0000] {processor.py:829} INFO - Processing file /home/airflow/.local/lib/python3.8/site-packages/airflow/example_dags/example_task_group_decorator.py for tasks to queue
[2023-12-20T21:25:54.462+0000] {logging_mixin.py:154} INFO - [2023-12-20T21:25:54.462+0000] {dagbag.py:536} INFO - Filling up the DagBag from /home/airflow/.local/lib/python3.8/site-packages/airflow/example_dags/example_task_group_decorator.py
[2023-12-20T21:25:54.474+0000] {processor.py:839} INFO - DAG(s) dict_keys(['example_task_group_decorator']) retrieved from /home/airflow/.local/lib/python3.8/site-packages/airflow/example_dags/example_task_group_decorator.py
[2023-12-20T21:25:54.497+0000] {logging_mixin.py:154} INFO - [2023-12-20T21:25:54.497+0000] {dag.py:2941} INFO - Sync 1 DAGs
[2023-12-20T21:25:54.519+0000] {logging_mixin.py:154} INFO - [2023-12-20T21:25:54.519+0000] {dag.py:3722} INFO - Setting next_dagrun for example_task_group_decorator to 2023-12-19T21:25:54.519205+00:00, run_after=2023-12-20T21:25:54.519205+00:00
[2023-12-20T21:25:54.541+0000] {processor.py:179} INFO - Processing /home/airflow/.local/lib/python3.8/site-packages/airflow/example_dags/example_task_group_decorator.py took 0.085 seconds
[2023-12-20T21:26:24.942+0000] {processor.py:157} INFO - Started process (PID=2031) to work on /home/airflow/.local/lib/python3.8/site-packages/airflow/example_dags/example_task_group_decorator.py
[2023-12-20T21:26:24.943+0000] {processor.py:829} INFO - Processing file /home/airflow/.local/lib/python3.8/site-packages/airflow/example_dags/example_task_group_decorator.py for tasks to queue
[2023-12-20T21:26:24.945+0000] {logging_mixin.py:154} INFO - [2023-12-20T21:26:24.945+0000] {dagbag.py:536} INFO - Filling up the DagBag from /home/airflow/.local/lib/python3.8/site-packages/airflow/example_dags/example_task_group_decorator.py
[2023-12-20T21:26:24.957+0000] {processor.py:839} INFO - DAG(s) dict_keys(['example_task_group_decorator']) retrieved from /home/airflow/.local/lib/python3.8/site-packages/airflow/example_dags/example_task_group_decorator.py
[2023-12-20T21:26:24.978+0000] {logging_mixin.py:154} INFO - [2023-12-20T21:26:24.978+0000] {dag.py:2941} INFO - Sync 1 DAGs
[2023-12-20T21:26:24.999+0000] {logging_mixin.py:154} INFO - [2023-12-20T21:26:24.999+0000] {dag.py:3722} INFO - Setting next_dagrun for example_task_group_decorator to 2023-12-19T21:26:24.999007+00:00, run_after=2023-12-20T21:26:24.999007+00:00
[2023-12-20T21:26:25.020+0000] {processor.py:179} INFO - Processing /home/airflow/.local/lib/python3.8/site-packages/airflow/example_dags/example_task_group_decorator.py took 0.081 seconds
