[2023-12-20T21:08:33.664+0000] {processor.py:157} INFO - Started process (PID=45) to work on /home/airflow/.local/lib/python3.8/site-packages/airflow/example_dags/example_branch_python_dop_operator_3.py
[2023-12-20T21:08:33.665+0000] {processor.py:829} INFO - Processing file /home/airflow/.local/lib/python3.8/site-packages/airflow/example_dags/example_branch_python_dop_operator_3.py for tasks to queue
[2023-12-20T21:08:33.667+0000] {logging_mixin.py:154} INFO - [2023-12-20T21:08:33.667+0000] {dagbag.py:536} INFO - Filling up the DagBag from /home/airflow/.local/lib/python3.8/site-packages/airflow/example_dags/example_branch_python_dop_operator_3.py
[2023-12-20T21:08:33.677+0000] {processor.py:839} INFO - DAG(s) dict_keys(['example_branch_dop_operator_v3']) retrieved from /home/airflow/.local/lib/python3.8/site-packages/airflow/example_dags/example_branch_python_dop_operator_3.py
[2023-12-20T21:08:33.690+0000] {logging_mixin.py:154} INFO - [2023-12-20T21:08:33.690+0000] {dag.py:2941} INFO - Sync 1 DAGs
[2023-12-20T21:08:33.719+0000] {logging_mixin.py:154} INFO - [2023-12-20T21:08:33.719+0000] {dag.py:3722} INFO - Setting next_dagrun for example_branch_dop_operator_v3 to 2023-12-20T21:07:00+00:00, run_after=2023-12-20T21:08:00+00:00
[2023-12-20T21:08:33.744+0000] {processor.py:179} INFO - Processing /home/airflow/.local/lib/python3.8/site-packages/airflow/example_dags/example_branch_python_dop_operator_3.py took 0.082 seconds
[2023-12-20T21:09:03.974+0000] {processor.py:157} INFO - Started process (PID=101) to work on /home/airflow/.local/lib/python3.8/site-packages/airflow/example_dags/example_branch_python_dop_operator_3.py
[2023-12-20T21:09:03.975+0000] {processor.py:829} INFO - Processing file /home/airflow/.local/lib/python3.8/site-packages/airflow/example_dags/example_branch_python_dop_operator_3.py for tasks to queue
[2023-12-20T21:09:03.978+0000] {logging_mixin.py:154} INFO - [2023-12-20T21:09:03.977+0000] {dagbag.py:536} INFO - Filling up the DagBag from /home/airflow/.local/lib/python3.8/site-packages/airflow/example_dags/example_branch_python_dop_operator_3.py
[2023-12-20T21:09:03.987+0000] {processor.py:839} INFO - DAG(s) dict_keys(['example_branch_dop_operator_v3']) retrieved from /home/airflow/.local/lib/python3.8/site-packages/airflow/example_dags/example_branch_python_dop_operator_3.py
[2023-12-20T21:09:04.007+0000] {logging_mixin.py:154} INFO - [2023-12-20T21:09:04.007+0000] {dag.py:2941} INFO - Sync 1 DAGs
[2023-12-20T21:09:04.036+0000] {logging_mixin.py:154} INFO - [2023-12-20T21:09:04.036+0000] {dag.py:3722} INFO - Setting next_dagrun for example_branch_dop_operator_v3 to 2023-12-20T21:08:00+00:00, run_after=2023-12-20T21:09:00+00:00
[2023-12-20T21:09:04.060+0000] {processor.py:179} INFO - Processing /home/airflow/.local/lib/python3.8/site-packages/airflow/example_dags/example_branch_python_dop_operator_3.py took 0.089 seconds
[2023-12-20T21:09:34.976+0000] {processor.py:157} INFO - Started process (PID=157) to work on /home/airflow/.local/lib/python3.8/site-packages/airflow/example_dags/example_branch_python_dop_operator_3.py
[2023-12-20T21:09:34.977+0000] {processor.py:829} INFO - Processing file /home/airflow/.local/lib/python3.8/site-packages/airflow/example_dags/example_branch_python_dop_operator_3.py for tasks to queue
[2023-12-20T21:09:34.979+0000] {logging_mixin.py:154} INFO - [2023-12-20T21:09:34.979+0000] {dagbag.py:536} INFO - Filling up the DagBag from /home/airflow/.local/lib/python3.8/site-packages/airflow/example_dags/example_branch_python_dop_operator_3.py
[2023-12-20T21:09:34.985+0000] {processor.py:839} INFO - DAG(s) dict_keys(['example_branch_dop_operator_v3']) retrieved from /home/airflow/.local/lib/python3.8/site-packages/airflow/example_dags/example_branch_python_dop_operator_3.py
[2023-12-20T21:09:35.004+0000] {logging_mixin.py:154} INFO - [2023-12-20T21:09:35.004+0000] {dag.py:2941} INFO - Sync 1 DAGs
[2023-12-20T21:09:35.029+0000] {logging_mixin.py:154} INFO - [2023-12-20T21:09:35.028+0000] {dag.py:3722} INFO - Setting next_dagrun for example_branch_dop_operator_v3 to 2023-12-20T21:08:00+00:00, run_after=2023-12-20T21:09:00+00:00
[2023-12-20T21:09:35.049+0000] {processor.py:179} INFO - Processing /home/airflow/.local/lib/python3.8/site-packages/airflow/example_dags/example_branch_python_dop_operator_3.py took 0.075 seconds
[2023-12-20T21:10:05.444+0000] {processor.py:157} INFO - Started process (PID=213) to work on /home/airflow/.local/lib/python3.8/site-packages/airflow/example_dags/example_branch_python_dop_operator_3.py
[2023-12-20T21:10:05.445+0000] {processor.py:829} INFO - Processing file /home/airflow/.local/lib/python3.8/site-packages/airflow/example_dags/example_branch_python_dop_operator_3.py for tasks to queue
[2023-12-20T21:10:05.447+0000] {logging_mixin.py:154} INFO - [2023-12-20T21:10:05.447+0000] {dagbag.py:536} INFO - Filling up the DagBag from /home/airflow/.local/lib/python3.8/site-packages/airflow/example_dags/example_branch_python_dop_operator_3.py
[2023-12-20T21:10:05.454+0000] {processor.py:839} INFO - DAG(s) dict_keys(['example_branch_dop_operator_v3']) retrieved from /home/airflow/.local/lib/python3.8/site-packages/airflow/example_dags/example_branch_python_dop_operator_3.py
[2023-12-20T21:10:05.471+0000] {logging_mixin.py:154} INFO - [2023-12-20T21:10:05.471+0000] {dag.py:2941} INFO - Sync 1 DAGs
[2023-12-20T21:10:05.495+0000] {logging_mixin.py:154} INFO - [2023-12-20T21:10:05.495+0000] {dag.py:3722} INFO - Setting next_dagrun for example_branch_dop_operator_v3 to 2023-12-20T21:09:00+00:00, run_after=2023-12-20T21:10:00+00:00
[2023-12-20T21:10:05.515+0000] {processor.py:179} INFO - Processing /home/airflow/.local/lib/python3.8/site-packages/airflow/example_dags/example_branch_python_dop_operator_3.py took 0.073 seconds
[2023-12-20T21:10:35.565+0000] {processor.py:157} INFO - Started process (PID=269) to work on /home/airflow/.local/lib/python3.8/site-packages/airflow/example_dags/example_branch_python_dop_operator_3.py
[2023-12-20T21:10:35.566+0000] {processor.py:829} INFO - Processing file /home/airflow/.local/lib/python3.8/site-packages/airflow/example_dags/example_branch_python_dop_operator_3.py for tasks to queue
[2023-12-20T21:10:35.568+0000] {logging_mixin.py:154} INFO - [2023-12-20T21:10:35.568+0000] {dagbag.py:536} INFO - Filling up the DagBag from /home/airflow/.local/lib/python3.8/site-packages/airflow/example_dags/example_branch_python_dop_operator_3.py
[2023-12-20T21:10:35.575+0000] {processor.py:839} INFO - DAG(s) dict_keys(['example_branch_dop_operator_v3']) retrieved from /home/airflow/.local/lib/python3.8/site-packages/airflow/example_dags/example_branch_python_dop_operator_3.py
[2023-12-20T21:10:35.593+0000] {logging_mixin.py:154} INFO - [2023-12-20T21:10:35.592+0000] {dag.py:2941} INFO - Sync 1 DAGs
[2023-12-20T21:10:35.616+0000] {logging_mixin.py:154} INFO - [2023-12-20T21:10:35.616+0000] {dag.py:3722} INFO - Setting next_dagrun for example_branch_dop_operator_v3 to 2023-12-20T21:09:00+00:00, run_after=2023-12-20T21:10:00+00:00
[2023-12-20T21:10:35.637+0000] {processor.py:179} INFO - Processing /home/airflow/.local/lib/python3.8/site-packages/airflow/example_dags/example_branch_python_dop_operator_3.py took 0.074 seconds
[2023-12-20T21:11:05.680+0000] {processor.py:157} INFO - Started process (PID=324) to work on /home/airflow/.local/lib/python3.8/site-packages/airflow/example_dags/example_branch_python_dop_operator_3.py
[2023-12-20T21:11:05.682+0000] {processor.py:829} INFO - Processing file /home/airflow/.local/lib/python3.8/site-packages/airflow/example_dags/example_branch_python_dop_operator_3.py for tasks to queue
[2023-12-20T21:11:05.683+0000] {logging_mixin.py:154} INFO - [2023-12-20T21:11:05.683+0000] {dagbag.py:536} INFO - Filling up the DagBag from /home/airflow/.local/lib/python3.8/site-packages/airflow/example_dags/example_branch_python_dop_operator_3.py
[2023-12-20T21:11:05.690+0000] {processor.py:839} INFO - DAG(s) dict_keys(['example_branch_dop_operator_v3']) retrieved from /home/airflow/.local/lib/python3.8/site-packages/airflow/example_dags/example_branch_python_dop_operator_3.py
[2023-12-20T21:11:05.706+0000] {logging_mixin.py:154} INFO - [2023-12-20T21:11:05.706+0000] {dag.py:2941} INFO - Sync 1 DAGs
[2023-12-20T21:11:05.730+0000] {logging_mixin.py:154} INFO - [2023-12-20T21:11:05.729+0000] {dag.py:3722} INFO - Setting next_dagrun for example_branch_dop_operator_v3 to 2023-12-20T21:10:00+00:00, run_after=2023-12-20T21:11:00+00:00
[2023-12-20T21:11:05.749+0000] {processor.py:179} INFO - Processing /home/airflow/.local/lib/python3.8/site-packages/airflow/example_dags/example_branch_python_dop_operator_3.py took 0.071 seconds
[2023-12-20T21:11:35.834+0000] {processor.py:157} INFO - Started process (PID=380) to work on /home/airflow/.local/lib/python3.8/site-packages/airflow/example_dags/example_branch_python_dop_operator_3.py
[2023-12-20T21:11:35.835+0000] {processor.py:829} INFO - Processing file /home/airflow/.local/lib/python3.8/site-packages/airflow/example_dags/example_branch_python_dop_operator_3.py for tasks to queue
[2023-12-20T21:11:35.839+0000] {logging_mixin.py:154} INFO - [2023-12-20T21:11:35.838+0000] {dagbag.py:536} INFO - Filling up the DagBag from /home/airflow/.local/lib/python3.8/site-packages/airflow/example_dags/example_branch_python_dop_operator_3.py
[2023-12-20T21:11:35.849+0000] {processor.py:839} INFO - DAG(s) dict_keys(['example_branch_dop_operator_v3']) retrieved from /home/airflow/.local/lib/python3.8/site-packages/airflow/example_dags/example_branch_python_dop_operator_3.py
[2023-12-20T21:11:35.873+0000] {logging_mixin.py:154} INFO - [2023-12-20T21:11:35.873+0000] {dag.py:2941} INFO - Sync 1 DAGs
[2023-12-20T21:11:35.906+0000] {logging_mixin.py:154} INFO - [2023-12-20T21:11:35.906+0000] {dag.py:3722} INFO - Setting next_dagrun for example_branch_dop_operator_v3 to 2023-12-20T21:10:00+00:00, run_after=2023-12-20T21:11:00+00:00
[2023-12-20T21:11:35.929+0000] {processor.py:179} INFO - Processing /home/airflow/.local/lib/python3.8/site-packages/airflow/example_dags/example_branch_python_dop_operator_3.py took 0.097 seconds
[2023-12-20T21:12:06.581+0000] {processor.py:157} INFO - Started process (PID=437) to work on /home/airflow/.local/lib/python3.8/site-packages/airflow/example_dags/example_branch_python_dop_operator_3.py
[2023-12-20T21:12:06.582+0000] {processor.py:829} INFO - Processing file /home/airflow/.local/lib/python3.8/site-packages/airflow/example_dags/example_branch_python_dop_operator_3.py for tasks to queue
[2023-12-20T21:12:06.584+0000] {logging_mixin.py:154} INFO - [2023-12-20T21:12:06.583+0000] {dagbag.py:536} INFO - Filling up the DagBag from /home/airflow/.local/lib/python3.8/site-packages/airflow/example_dags/example_branch_python_dop_operator_3.py
[2023-12-20T21:12:06.591+0000] {processor.py:839} INFO - DAG(s) dict_keys(['example_branch_dop_operator_v3']) retrieved from /home/airflow/.local/lib/python3.8/site-packages/airflow/example_dags/example_branch_python_dop_operator_3.py
[2023-12-20T21:12:06.608+0000] {logging_mixin.py:154} INFO - [2023-12-20T21:12:06.607+0000] {dag.py:2941} INFO - Sync 1 DAGs
[2023-12-20T21:12:06.631+0000] {logging_mixin.py:154} INFO - [2023-12-20T21:12:06.631+0000] {dag.py:3722} INFO - Setting next_dagrun for example_branch_dop_operator_v3 to 2023-12-20T21:11:00+00:00, run_after=2023-12-20T21:12:00+00:00
[2023-12-20T21:12:06.653+0000] {processor.py:179} INFO - Processing /home/airflow/.local/lib/python3.8/site-packages/airflow/example_dags/example_branch_python_dop_operator_3.py took 0.074 seconds
[2023-12-20T21:12:36.981+0000] {processor.py:157} INFO - Started process (PID=493) to work on /home/airflow/.local/lib/python3.8/site-packages/airflow/example_dags/example_branch_python_dop_operator_3.py
[2023-12-20T21:12:36.982+0000] {processor.py:829} INFO - Processing file /home/airflow/.local/lib/python3.8/site-packages/airflow/example_dags/example_branch_python_dop_operator_3.py for tasks to queue
[2023-12-20T21:12:36.984+0000] {logging_mixin.py:154} INFO - [2023-12-20T21:12:36.984+0000] {dagbag.py:536} INFO - Filling up the DagBag from /home/airflow/.local/lib/python3.8/site-packages/airflow/example_dags/example_branch_python_dop_operator_3.py
[2023-12-20T21:12:36.991+0000] {processor.py:839} INFO - DAG(s) dict_keys(['example_branch_dop_operator_v3']) retrieved from /home/airflow/.local/lib/python3.8/site-packages/airflow/example_dags/example_branch_python_dop_operator_3.py
[2023-12-20T21:12:37.009+0000] {logging_mixin.py:154} INFO - [2023-12-20T21:12:37.009+0000] {dag.py:2941} INFO - Sync 1 DAGs
[2023-12-20T21:12:37.033+0000] {logging_mixin.py:154} INFO - [2023-12-20T21:12:37.033+0000] {dag.py:3722} INFO - Setting next_dagrun for example_branch_dop_operator_v3 to 2023-12-20T21:11:00+00:00, run_after=2023-12-20T21:12:00+00:00
[2023-12-20T21:12:37.053+0000] {processor.py:179} INFO - Processing /home/airflow/.local/lib/python3.8/site-packages/airflow/example_dags/example_branch_python_dop_operator_3.py took 0.074 seconds
[2023-12-20T21:13:07.261+0000] {processor.py:157} INFO - Started process (PID=549) to work on /home/airflow/.local/lib/python3.8/site-packages/airflow/example_dags/example_branch_python_dop_operator_3.py
[2023-12-20T21:13:07.262+0000] {processor.py:829} INFO - Processing file /home/airflow/.local/lib/python3.8/site-packages/airflow/example_dags/example_branch_python_dop_operator_3.py for tasks to queue
[2023-12-20T21:13:07.264+0000] {logging_mixin.py:154} INFO - [2023-12-20T21:13:07.263+0000] {dagbag.py:536} INFO - Filling up the DagBag from /home/airflow/.local/lib/python3.8/site-packages/airflow/example_dags/example_branch_python_dop_operator_3.py
[2023-12-20T21:13:07.271+0000] {processor.py:839} INFO - DAG(s) dict_keys(['example_branch_dop_operator_v3']) retrieved from /home/airflow/.local/lib/python3.8/site-packages/airflow/example_dags/example_branch_python_dop_operator_3.py
[2023-12-20T21:13:07.288+0000] {logging_mixin.py:154} INFO - [2023-12-20T21:13:07.288+0000] {dag.py:2941} INFO - Sync 1 DAGs
[2023-12-20T21:13:07.310+0000] {logging_mixin.py:154} INFO - [2023-12-20T21:13:07.310+0000] {dag.py:3722} INFO - Setting next_dagrun for example_branch_dop_operator_v3 to 2023-12-20T21:12:00+00:00, run_after=2023-12-20T21:13:00+00:00
[2023-12-20T21:13:07.332+0000] {processor.py:179} INFO - Processing /home/airflow/.local/lib/python3.8/site-packages/airflow/example_dags/example_branch_python_dop_operator_3.py took 0.073 seconds
[2023-12-20T21:13:38.040+0000] {processor.py:157} INFO - Started process (PID=605) to work on /home/airflow/.local/lib/python3.8/site-packages/airflow/example_dags/example_branch_python_dop_operator_3.py
[2023-12-20T21:13:38.041+0000] {processor.py:829} INFO - Processing file /home/airflow/.local/lib/python3.8/site-packages/airflow/example_dags/example_branch_python_dop_operator_3.py for tasks to queue
[2023-12-20T21:13:38.044+0000] {logging_mixin.py:154} INFO - [2023-12-20T21:13:38.043+0000] {dagbag.py:536} INFO - Filling up the DagBag from /home/airflow/.local/lib/python3.8/site-packages/airflow/example_dags/example_branch_python_dop_operator_3.py
[2023-12-20T21:13:38.051+0000] {processor.py:839} INFO - DAG(s) dict_keys(['example_branch_dop_operator_v3']) retrieved from /home/airflow/.local/lib/python3.8/site-packages/airflow/example_dags/example_branch_python_dop_operator_3.py
[2023-12-20T21:13:38.072+0000] {logging_mixin.py:154} INFO - [2023-12-20T21:13:38.071+0000] {dag.py:2941} INFO - Sync 1 DAGs
[2023-12-20T21:13:38.098+0000] {logging_mixin.py:154} INFO - [2023-12-20T21:13:38.098+0000] {dag.py:3722} INFO - Setting next_dagrun for example_branch_dop_operator_v3 to 2023-12-20T21:12:00+00:00, run_after=2023-12-20T21:13:00+00:00
[2023-12-20T21:13:38.119+0000] {processor.py:179} INFO - Processing /home/airflow/.local/lib/python3.8/site-packages/airflow/example_dags/example_branch_python_dop_operator_3.py took 0.081 seconds
[2023-12-20T21:14:08.221+0000] {processor.py:157} INFO - Started process (PID=660) to work on /home/airflow/.local/lib/python3.8/site-packages/airflow/example_dags/example_branch_python_dop_operator_3.py
[2023-12-20T21:14:08.222+0000] {processor.py:829} INFO - Processing file /home/airflow/.local/lib/python3.8/site-packages/airflow/example_dags/example_branch_python_dop_operator_3.py for tasks to queue
[2023-12-20T21:14:08.223+0000] {logging_mixin.py:154} INFO - [2023-12-20T21:14:08.223+0000] {dagbag.py:536} INFO - Filling up the DagBag from /home/airflow/.local/lib/python3.8/site-packages/airflow/example_dags/example_branch_python_dop_operator_3.py
[2023-12-20T21:14:08.230+0000] {processor.py:839} INFO - DAG(s) dict_keys(['example_branch_dop_operator_v3']) retrieved from /home/airflow/.local/lib/python3.8/site-packages/airflow/example_dags/example_branch_python_dop_operator_3.py
[2023-12-20T21:14:08.246+0000] {logging_mixin.py:154} INFO - [2023-12-20T21:14:08.246+0000] {dag.py:2941} INFO - Sync 1 DAGs
[2023-12-20T21:14:08.269+0000] {logging_mixin.py:154} INFO - [2023-12-20T21:14:08.268+0000] {dag.py:3722} INFO - Setting next_dagrun for example_branch_dop_operator_v3 to 2023-12-20T21:13:00+00:00, run_after=2023-12-20T21:14:00+00:00
[2023-12-20T21:14:08.289+0000] {processor.py:179} INFO - Processing /home/airflow/.local/lib/python3.8/site-packages/airflow/example_dags/example_branch_python_dop_operator_3.py took 0.070 seconds
[2023-12-20T21:14:38.360+0000] {processor.py:157} INFO - Started process (PID=716) to work on /home/airflow/.local/lib/python3.8/site-packages/airflow/example_dags/example_branch_python_dop_operator_3.py
[2023-12-20T21:14:38.361+0000] {processor.py:829} INFO - Processing file /home/airflow/.local/lib/python3.8/site-packages/airflow/example_dags/example_branch_python_dop_operator_3.py for tasks to queue
[2023-12-20T21:14:38.363+0000] {logging_mixin.py:154} INFO - [2023-12-20T21:14:38.363+0000] {dagbag.py:536} INFO - Filling up the DagBag from /home/airflow/.local/lib/python3.8/site-packages/airflow/example_dags/example_branch_python_dop_operator_3.py
[2023-12-20T21:14:38.369+0000] {processor.py:839} INFO - DAG(s) dict_keys(['example_branch_dop_operator_v3']) retrieved from /home/airflow/.local/lib/python3.8/site-packages/airflow/example_dags/example_branch_python_dop_operator_3.py
[2023-12-20T21:14:38.386+0000] {logging_mixin.py:154} INFO - [2023-12-20T21:14:38.385+0000] {dag.py:2941} INFO - Sync 1 DAGs
[2023-12-20T21:14:38.408+0000] {logging_mixin.py:154} INFO - [2023-12-20T21:14:38.408+0000] {dag.py:3722} INFO - Setting next_dagrun for example_branch_dop_operator_v3 to 2023-12-20T21:13:00+00:00, run_after=2023-12-20T21:14:00+00:00
[2023-12-20T21:14:38.425+0000] {processor.py:179} INFO - Processing /home/airflow/.local/lib/python3.8/site-packages/airflow/example_dags/example_branch_python_dop_operator_3.py took 0.067 seconds
[2023-12-20T21:15:08.861+0000] {processor.py:157} INFO - Started process (PID=772) to work on /home/airflow/.local/lib/python3.8/site-packages/airflow/example_dags/example_branch_python_dop_operator_3.py
[2023-12-20T21:15:08.862+0000] {processor.py:829} INFO - Processing file /home/airflow/.local/lib/python3.8/site-packages/airflow/example_dags/example_branch_python_dop_operator_3.py for tasks to queue
[2023-12-20T21:15:08.864+0000] {logging_mixin.py:154} INFO - [2023-12-20T21:15:08.864+0000] {dagbag.py:536} INFO - Filling up the DagBag from /home/airflow/.local/lib/python3.8/site-packages/airflow/example_dags/example_branch_python_dop_operator_3.py
[2023-12-20T21:15:08.870+0000] {processor.py:839} INFO - DAG(s) dict_keys(['example_branch_dop_operator_v3']) retrieved from /home/airflow/.local/lib/python3.8/site-packages/airflow/example_dags/example_branch_python_dop_operator_3.py
[2023-12-20T21:15:08.888+0000] {logging_mixin.py:154} INFO - [2023-12-20T21:15:08.888+0000] {dag.py:2941} INFO - Sync 1 DAGs
[2023-12-20T21:15:08.913+0000] {logging_mixin.py:154} INFO - [2023-12-20T21:15:08.913+0000] {dag.py:3722} INFO - Setting next_dagrun for example_branch_dop_operator_v3 to 2023-12-20T21:14:00+00:00, run_after=2023-12-20T21:15:00+00:00
[2023-12-20T21:15:08.932+0000] {processor.py:179} INFO - Processing /home/airflow/.local/lib/python3.8/site-packages/airflow/example_dags/example_branch_python_dop_operator_3.py took 0.073 seconds
[2023-12-20T21:15:39.497+0000] {processor.py:157} INFO - Started process (PID=828) to work on /home/airflow/.local/lib/python3.8/site-packages/airflow/example_dags/example_branch_python_dop_operator_3.py
[2023-12-20T21:15:39.498+0000] {processor.py:829} INFO - Processing file /home/airflow/.local/lib/python3.8/site-packages/airflow/example_dags/example_branch_python_dop_operator_3.py for tasks to queue
[2023-12-20T21:15:39.500+0000] {logging_mixin.py:154} INFO - [2023-12-20T21:15:39.500+0000] {dagbag.py:536} INFO - Filling up the DagBag from /home/airflow/.local/lib/python3.8/site-packages/airflow/example_dags/example_branch_python_dop_operator_3.py
[2023-12-20T21:15:39.506+0000] {processor.py:839} INFO - DAG(s) dict_keys(['example_branch_dop_operator_v3']) retrieved from /home/airflow/.local/lib/python3.8/site-packages/airflow/example_dags/example_branch_python_dop_operator_3.py
[2023-12-20T21:15:39.523+0000] {logging_mixin.py:154} INFO - [2023-12-20T21:15:39.523+0000] {dag.py:2941} INFO - Sync 1 DAGs
[2023-12-20T21:15:39.547+0000] {logging_mixin.py:154} INFO - [2023-12-20T21:15:39.547+0000] {dag.py:3722} INFO - Setting next_dagrun for example_branch_dop_operator_v3 to 2023-12-20T21:14:00+00:00, run_after=2023-12-20T21:15:00+00:00
[2023-12-20T21:15:39.567+0000] {processor.py:179} INFO - Processing /home/airflow/.local/lib/python3.8/site-packages/airflow/example_dags/example_branch_python_dop_operator_3.py took 0.073 seconds
[2023-12-20T21:16:09.949+0000] {processor.py:157} INFO - Started process (PID=884) to work on /home/airflow/.local/lib/python3.8/site-packages/airflow/example_dags/example_branch_python_dop_operator_3.py
[2023-12-20T21:16:09.950+0000] {processor.py:829} INFO - Processing file /home/airflow/.local/lib/python3.8/site-packages/airflow/example_dags/example_branch_python_dop_operator_3.py for tasks to queue
[2023-12-20T21:16:09.952+0000] {logging_mixin.py:154} INFO - [2023-12-20T21:16:09.952+0000] {dagbag.py:536} INFO - Filling up the DagBag from /home/airflow/.local/lib/python3.8/site-packages/airflow/example_dags/example_branch_python_dop_operator_3.py
[2023-12-20T21:16:09.958+0000] {processor.py:839} INFO - DAG(s) dict_keys(['example_branch_dop_operator_v3']) retrieved from /home/airflow/.local/lib/python3.8/site-packages/airflow/example_dags/example_branch_python_dop_operator_3.py
[2023-12-20T21:16:09.976+0000] {logging_mixin.py:154} INFO - [2023-12-20T21:16:09.976+0000] {dag.py:2941} INFO - Sync 1 DAGs
[2023-12-20T21:16:10.000+0000] {logging_mixin.py:154} INFO - [2023-12-20T21:16:10.000+0000] {dag.py:3722} INFO - Setting next_dagrun for example_branch_dop_operator_v3 to 2023-12-20T21:15:00+00:00, run_after=2023-12-20T21:16:00+00:00
[2023-12-20T21:16:10.022+0000] {processor.py:179} INFO - Processing /home/airflow/.local/lib/python3.8/site-packages/airflow/example_dags/example_branch_python_dop_operator_3.py took 0.075 seconds
[2023-12-20T21:16:40.677+0000] {processor.py:157} INFO - Started process (PID=940) to work on /home/airflow/.local/lib/python3.8/site-packages/airflow/example_dags/example_branch_python_dop_operator_3.py
[2023-12-20T21:16:40.678+0000] {processor.py:829} INFO - Processing file /home/airflow/.local/lib/python3.8/site-packages/airflow/example_dags/example_branch_python_dop_operator_3.py for tasks to queue
[2023-12-20T21:16:40.680+0000] {logging_mixin.py:154} INFO - [2023-12-20T21:16:40.680+0000] {dagbag.py:536} INFO - Filling up the DagBag from /home/airflow/.local/lib/python3.8/site-packages/airflow/example_dags/example_branch_python_dop_operator_3.py
[2023-12-20T21:16:40.687+0000] {processor.py:839} INFO - DAG(s) dict_keys(['example_branch_dop_operator_v3']) retrieved from /home/airflow/.local/lib/python3.8/site-packages/airflow/example_dags/example_branch_python_dop_operator_3.py
[2023-12-20T21:16:40.706+0000] {logging_mixin.py:154} INFO - [2023-12-20T21:16:40.705+0000] {dag.py:2941} INFO - Sync 1 DAGs
[2023-12-20T21:16:40.732+0000] {logging_mixin.py:154} INFO - [2023-12-20T21:16:40.732+0000] {dag.py:3722} INFO - Setting next_dagrun for example_branch_dop_operator_v3 to 2023-12-20T21:15:00+00:00, run_after=2023-12-20T21:16:00+00:00
[2023-12-20T21:16:40.757+0000] {processor.py:179} INFO - Processing /home/airflow/.local/lib/python3.8/site-packages/airflow/example_dags/example_branch_python_dop_operator_3.py took 0.081 seconds
[2023-12-20T21:17:10.815+0000] {processor.py:157} INFO - Started process (PID=996) to work on /home/airflow/.local/lib/python3.8/site-packages/airflow/example_dags/example_branch_python_dop_operator_3.py
[2023-12-20T21:17:10.815+0000] {processor.py:829} INFO - Processing file /home/airflow/.local/lib/python3.8/site-packages/airflow/example_dags/example_branch_python_dop_operator_3.py for tasks to queue
[2023-12-20T21:17:10.817+0000] {logging_mixin.py:154} INFO - [2023-12-20T21:17:10.817+0000] {dagbag.py:536} INFO - Filling up the DagBag from /home/airflow/.local/lib/python3.8/site-packages/airflow/example_dags/example_branch_python_dop_operator_3.py
[2023-12-20T21:17:10.824+0000] {processor.py:839} INFO - DAG(s) dict_keys(['example_branch_dop_operator_v3']) retrieved from /home/airflow/.local/lib/python3.8/site-packages/airflow/example_dags/example_branch_python_dop_operator_3.py
[2023-12-20T21:17:10.841+0000] {logging_mixin.py:154} INFO - [2023-12-20T21:17:10.841+0000] {dag.py:2941} INFO - Sync 1 DAGs
[2023-12-20T21:17:10.864+0000] {logging_mixin.py:154} INFO - [2023-12-20T21:17:10.864+0000] {dag.py:3722} INFO - Setting next_dagrun for example_branch_dop_operator_v3 to 2023-12-20T21:16:00+00:00, run_after=2023-12-20T21:17:00+00:00
[2023-12-20T21:17:10.885+0000] {processor.py:179} INFO - Processing /home/airflow/.local/lib/python3.8/site-packages/airflow/example_dags/example_branch_python_dop_operator_3.py took 0.072 seconds
[2023-12-20T21:17:41.149+0000] {processor.py:157} INFO - Started process (PID=1052) to work on /home/airflow/.local/lib/python3.8/site-packages/airflow/example_dags/example_branch_python_dop_operator_3.py
[2023-12-20T21:17:41.150+0000] {processor.py:829} INFO - Processing file /home/airflow/.local/lib/python3.8/site-packages/airflow/example_dags/example_branch_python_dop_operator_3.py for tasks to queue
[2023-12-20T21:17:41.152+0000] {logging_mixin.py:154} INFO - [2023-12-20T21:17:41.152+0000] {dagbag.py:536} INFO - Filling up the DagBag from /home/airflow/.local/lib/python3.8/site-packages/airflow/example_dags/example_branch_python_dop_operator_3.py
[2023-12-20T21:17:41.158+0000] {processor.py:839} INFO - DAG(s) dict_keys(['example_branch_dop_operator_v3']) retrieved from /home/airflow/.local/lib/python3.8/site-packages/airflow/example_dags/example_branch_python_dop_operator_3.py
[2023-12-20T21:17:41.175+0000] {logging_mixin.py:154} INFO - [2023-12-20T21:17:41.175+0000] {dag.py:2941} INFO - Sync 1 DAGs
[2023-12-20T21:17:41.198+0000] {logging_mixin.py:154} INFO - [2023-12-20T21:17:41.198+0000] {dag.py:3722} INFO - Setting next_dagrun for example_branch_dop_operator_v3 to 2023-12-20T21:16:00+00:00, run_after=2023-12-20T21:17:00+00:00
[2023-12-20T21:17:41.219+0000] {processor.py:179} INFO - Processing /home/airflow/.local/lib/python3.8/site-packages/airflow/example_dags/example_branch_python_dop_operator_3.py took 0.072 seconds
[2023-12-20T21:18:11.373+0000] {processor.py:157} INFO - Started process (PID=1108) to work on /home/airflow/.local/lib/python3.8/site-packages/airflow/example_dags/example_branch_python_dop_operator_3.py
[2023-12-20T21:18:11.374+0000] {processor.py:829} INFO - Processing file /home/airflow/.local/lib/python3.8/site-packages/airflow/example_dags/example_branch_python_dop_operator_3.py for tasks to queue
[2023-12-20T21:18:11.376+0000] {logging_mixin.py:154} INFO - [2023-12-20T21:18:11.376+0000] {dagbag.py:536} INFO - Filling up the DagBag from /home/airflow/.local/lib/python3.8/site-packages/airflow/example_dags/example_branch_python_dop_operator_3.py
[2023-12-20T21:18:11.382+0000] {processor.py:839} INFO - DAG(s) dict_keys(['example_branch_dop_operator_v3']) retrieved from /home/airflow/.local/lib/python3.8/site-packages/airflow/example_dags/example_branch_python_dop_operator_3.py
[2023-12-20T21:18:11.400+0000] {logging_mixin.py:154} INFO - [2023-12-20T21:18:11.400+0000] {dag.py:2941} INFO - Sync 1 DAGs
[2023-12-20T21:18:11.423+0000] {logging_mixin.py:154} INFO - [2023-12-20T21:18:11.423+0000] {dag.py:3722} INFO - Setting next_dagrun for example_branch_dop_operator_v3 to 2023-12-20T21:17:00+00:00, run_after=2023-12-20T21:18:00+00:00
[2023-12-20T21:18:11.443+0000] {processor.py:179} INFO - Processing /home/airflow/.local/lib/python3.8/site-packages/airflow/example_dags/example_branch_python_dop_operator_3.py took 0.072 seconds
[2023-12-20T21:18:41.872+0000] {processor.py:157} INFO - Started process (PID=1164) to work on /home/airflow/.local/lib/python3.8/site-packages/airflow/example_dags/example_branch_python_dop_operator_3.py
[2023-12-20T21:18:41.873+0000] {processor.py:829} INFO - Processing file /home/airflow/.local/lib/python3.8/site-packages/airflow/example_dags/example_branch_python_dop_operator_3.py for tasks to queue
[2023-12-20T21:18:41.875+0000] {logging_mixin.py:154} INFO - [2023-12-20T21:18:41.875+0000] {dagbag.py:536} INFO - Filling up the DagBag from /home/airflow/.local/lib/python3.8/site-packages/airflow/example_dags/example_branch_python_dop_operator_3.py
[2023-12-20T21:18:41.883+0000] {processor.py:839} INFO - DAG(s) dict_keys(['example_branch_dop_operator_v3']) retrieved from /home/airflow/.local/lib/python3.8/site-packages/airflow/example_dags/example_branch_python_dop_operator_3.py
[2023-12-20T21:18:41.902+0000] {logging_mixin.py:154} INFO - [2023-12-20T21:18:41.901+0000] {dag.py:2941} INFO - Sync 1 DAGs
[2023-12-20T21:18:42.043+0000] {logging_mixin.py:154} INFO - [2023-12-20T21:18:42.043+0000] {dag.py:3722} INFO - Setting next_dagrun for example_branch_dop_operator_v3 to 2023-12-20T21:17:00+00:00, run_after=2023-12-20T21:18:00+00:00
[2023-12-20T21:18:42.062+0000] {processor.py:179} INFO - Processing /home/airflow/.local/lib/python3.8/site-packages/airflow/example_dags/example_branch_python_dop_operator_3.py took 0.193 seconds
[2023-12-20T21:19:12.987+0000] {processor.py:157} INFO - Started process (PID=1220) to work on /home/airflow/.local/lib/python3.8/site-packages/airflow/example_dags/example_branch_python_dop_operator_3.py
[2023-12-20T21:19:12.988+0000] {processor.py:829} INFO - Processing file /home/airflow/.local/lib/python3.8/site-packages/airflow/example_dags/example_branch_python_dop_operator_3.py for tasks to queue
[2023-12-20T21:19:12.990+0000] {logging_mixin.py:154} INFO - [2023-12-20T21:19:12.990+0000] {dagbag.py:536} INFO - Filling up the DagBag from /home/airflow/.local/lib/python3.8/site-packages/airflow/example_dags/example_branch_python_dop_operator_3.py
[2023-12-20T21:19:12.997+0000] {processor.py:839} INFO - DAG(s) dict_keys(['example_branch_dop_operator_v3']) retrieved from /home/airflow/.local/lib/python3.8/site-packages/airflow/example_dags/example_branch_python_dop_operator_3.py
[2023-12-20T21:19:13.014+0000] {logging_mixin.py:154} INFO - [2023-12-20T21:19:13.014+0000] {dag.py:2941} INFO - Sync 1 DAGs
[2023-12-20T21:19:13.037+0000] {logging_mixin.py:154} INFO - [2023-12-20T21:19:13.037+0000] {dag.py:3722} INFO - Setting next_dagrun for example_branch_dop_operator_v3 to 2023-12-20T21:18:00+00:00, run_after=2023-12-20T21:19:00+00:00
[2023-12-20T21:19:13.059+0000] {processor.py:179} INFO - Processing /home/airflow/.local/lib/python3.8/site-packages/airflow/example_dags/example_branch_python_dop_operator_3.py took 0.074 seconds
[2023-12-20T21:19:43.414+0000] {processor.py:157} INFO - Started process (PID=1276) to work on /home/airflow/.local/lib/python3.8/site-packages/airflow/example_dags/example_branch_python_dop_operator_3.py
[2023-12-20T21:19:43.415+0000] {processor.py:829} INFO - Processing file /home/airflow/.local/lib/python3.8/site-packages/airflow/example_dags/example_branch_python_dop_operator_3.py for tasks to queue
[2023-12-20T21:19:43.417+0000] {logging_mixin.py:154} INFO - [2023-12-20T21:19:43.417+0000] {dagbag.py:536} INFO - Filling up the DagBag from /home/airflow/.local/lib/python3.8/site-packages/airflow/example_dags/example_branch_python_dop_operator_3.py
[2023-12-20T21:19:43.424+0000] {processor.py:839} INFO - DAG(s) dict_keys(['example_branch_dop_operator_v3']) retrieved from /home/airflow/.local/lib/python3.8/site-packages/airflow/example_dags/example_branch_python_dop_operator_3.py
[2023-12-20T21:19:43.441+0000] {logging_mixin.py:154} INFO - [2023-12-20T21:19:43.441+0000] {dag.py:2941} INFO - Sync 1 DAGs
[2023-12-20T21:19:43.464+0000] {logging_mixin.py:154} INFO - [2023-12-20T21:19:43.464+0000] {dag.py:3722} INFO - Setting next_dagrun for example_branch_dop_operator_v3 to 2023-12-20T21:18:00+00:00, run_after=2023-12-20T21:19:00+00:00
[2023-12-20T21:19:43.483+0000] {processor.py:179} INFO - Processing /home/airflow/.local/lib/python3.8/site-packages/airflow/example_dags/example_branch_python_dop_operator_3.py took 0.071 seconds
[2023-12-20T21:20:13.531+0000] {processor.py:157} INFO - Started process (PID=1332) to work on /home/airflow/.local/lib/python3.8/site-packages/airflow/example_dags/example_branch_python_dop_operator_3.py
[2023-12-20T21:20:13.532+0000] {processor.py:829} INFO - Processing file /home/airflow/.local/lib/python3.8/site-packages/airflow/example_dags/example_branch_python_dop_operator_3.py for tasks to queue
[2023-12-20T21:20:13.534+0000] {logging_mixin.py:154} INFO - [2023-12-20T21:20:13.533+0000] {dagbag.py:536} INFO - Filling up the DagBag from /home/airflow/.local/lib/python3.8/site-packages/airflow/example_dags/example_branch_python_dop_operator_3.py
[2023-12-20T21:20:13.540+0000] {processor.py:839} INFO - DAG(s) dict_keys(['example_branch_dop_operator_v3']) retrieved from /home/airflow/.local/lib/python3.8/site-packages/airflow/example_dags/example_branch_python_dop_operator_3.py
[2023-12-20T21:20:13.557+0000] {logging_mixin.py:154} INFO - [2023-12-20T21:20:13.557+0000] {dag.py:2941} INFO - Sync 1 DAGs
[2023-12-20T21:20:13.579+0000] {logging_mixin.py:154} INFO - [2023-12-20T21:20:13.579+0000] {dag.py:3722} INFO - Setting next_dagrun for example_branch_dop_operator_v3 to 2023-12-20T21:19:00+00:00, run_after=2023-12-20T21:20:00+00:00
[2023-12-20T21:20:13.599+0000] {processor.py:179} INFO - Processing /home/airflow/.local/lib/python3.8/site-packages/airflow/example_dags/example_branch_python_dop_operator_3.py took 0.070 seconds
[2023-12-20T21:20:43.981+0000] {processor.py:157} INFO - Started process (PID=1388) to work on /home/airflow/.local/lib/python3.8/site-packages/airflow/example_dags/example_branch_python_dop_operator_3.py
[2023-12-20T21:20:43.982+0000] {processor.py:829} INFO - Processing file /home/airflow/.local/lib/python3.8/site-packages/airflow/example_dags/example_branch_python_dop_operator_3.py for tasks to queue
[2023-12-20T21:20:43.984+0000] {logging_mixin.py:154} INFO - [2023-12-20T21:20:43.983+0000] {dagbag.py:536} INFO - Filling up the DagBag from /home/airflow/.local/lib/python3.8/site-packages/airflow/example_dags/example_branch_python_dop_operator_3.py
[2023-12-20T21:20:43.990+0000] {processor.py:839} INFO - DAG(s) dict_keys(['example_branch_dop_operator_v3']) retrieved from /home/airflow/.local/lib/python3.8/site-packages/airflow/example_dags/example_branch_python_dop_operator_3.py
[2023-12-20T21:20:44.006+0000] {logging_mixin.py:154} INFO - [2023-12-20T21:20:44.006+0000] {dag.py:2941} INFO - Sync 1 DAGs
[2023-12-20T21:20:44.142+0000] {logging_mixin.py:154} INFO - [2023-12-20T21:20:44.142+0000] {dag.py:3722} INFO - Setting next_dagrun for example_branch_dop_operator_v3 to 2023-12-20T21:19:00+00:00, run_after=2023-12-20T21:20:00+00:00
[2023-12-20T21:20:44.162+0000] {processor.py:179} INFO - Processing /home/airflow/.local/lib/python3.8/site-packages/airflow/example_dags/example_branch_python_dop_operator_3.py took 0.183 seconds
[2023-12-20T21:21:14.368+0000] {processor.py:157} INFO - Started process (PID=1444) to work on /home/airflow/.local/lib/python3.8/site-packages/airflow/example_dags/example_branch_python_dop_operator_3.py
[2023-12-20T21:21:14.369+0000] {processor.py:829} INFO - Processing file /home/airflow/.local/lib/python3.8/site-packages/airflow/example_dags/example_branch_python_dop_operator_3.py for tasks to queue
[2023-12-20T21:21:14.371+0000] {logging_mixin.py:154} INFO - [2023-12-20T21:21:14.371+0000] {dagbag.py:536} INFO - Filling up the DagBag from /home/airflow/.local/lib/python3.8/site-packages/airflow/example_dags/example_branch_python_dop_operator_3.py
[2023-12-20T21:21:14.377+0000] {processor.py:839} INFO - DAG(s) dict_keys(['example_branch_dop_operator_v3']) retrieved from /home/airflow/.local/lib/python3.8/site-packages/airflow/example_dags/example_branch_python_dop_operator_3.py
[2023-12-20T21:21:14.394+0000] {logging_mixin.py:154} INFO - [2023-12-20T21:21:14.394+0000] {dag.py:2941} INFO - Sync 1 DAGs
[2023-12-20T21:21:14.530+0000] {logging_mixin.py:154} INFO - [2023-12-20T21:21:14.530+0000] {dag.py:3722} INFO - Setting next_dagrun for example_branch_dop_operator_v3 to 2023-12-20T21:20:00+00:00, run_after=2023-12-20T21:21:00+00:00
[2023-12-20T21:21:14.548+0000] {processor.py:179} INFO - Processing /home/airflow/.local/lib/python3.8/site-packages/airflow/example_dags/example_branch_python_dop_operator_3.py took 0.182 seconds
[2023-12-20T21:21:45.124+0000] {processor.py:157} INFO - Started process (PID=1500) to work on /home/airflow/.local/lib/python3.8/site-packages/airflow/example_dags/example_branch_python_dop_operator_3.py
[2023-12-20T21:21:45.125+0000] {processor.py:829} INFO - Processing file /home/airflow/.local/lib/python3.8/site-packages/airflow/example_dags/example_branch_python_dop_operator_3.py for tasks to queue
[2023-12-20T21:21:45.127+0000] {logging_mixin.py:154} INFO - [2023-12-20T21:21:45.127+0000] {dagbag.py:536} INFO - Filling up the DagBag from /home/airflow/.local/lib/python3.8/site-packages/airflow/example_dags/example_branch_python_dop_operator_3.py
[2023-12-20T21:21:45.134+0000] {processor.py:839} INFO - DAG(s) dict_keys(['example_branch_dop_operator_v3']) retrieved from /home/airflow/.local/lib/python3.8/site-packages/airflow/example_dags/example_branch_python_dop_operator_3.py
[2023-12-20T21:21:45.151+0000] {logging_mixin.py:154} INFO - [2023-12-20T21:21:45.151+0000] {dag.py:2941} INFO - Sync 1 DAGs
[2023-12-20T21:21:45.173+0000] {logging_mixin.py:154} INFO - [2023-12-20T21:21:45.173+0000] {dag.py:3722} INFO - Setting next_dagrun for example_branch_dop_operator_v3 to 2023-12-20T21:20:00+00:00, run_after=2023-12-20T21:21:00+00:00
[2023-12-20T21:21:45.192+0000] {processor.py:179} INFO - Processing /home/airflow/.local/lib/python3.8/site-packages/airflow/example_dags/example_branch_python_dop_operator_3.py took 0.070 seconds
[2023-12-20T21:22:15.512+0000] {processor.py:157} INFO - Started process (PID=1556) to work on /home/airflow/.local/lib/python3.8/site-packages/airflow/example_dags/example_branch_python_dop_operator_3.py
[2023-12-20T21:22:15.513+0000] {processor.py:829} INFO - Processing file /home/airflow/.local/lib/python3.8/site-packages/airflow/example_dags/example_branch_python_dop_operator_3.py for tasks to queue
[2023-12-20T21:22:15.515+0000] {logging_mixin.py:154} INFO - [2023-12-20T21:22:15.515+0000] {dagbag.py:536} INFO - Filling up the DagBag from /home/airflow/.local/lib/python3.8/site-packages/airflow/example_dags/example_branch_python_dop_operator_3.py
[2023-12-20T21:22:15.523+0000] {processor.py:839} INFO - DAG(s) dict_keys(['example_branch_dop_operator_v3']) retrieved from /home/airflow/.local/lib/python3.8/site-packages/airflow/example_dags/example_branch_python_dop_operator_3.py
[2023-12-20T21:22:15.543+0000] {logging_mixin.py:154} INFO - [2023-12-20T21:22:15.543+0000] {dag.py:2941} INFO - Sync 1 DAGs
[2023-12-20T21:22:15.566+0000] {logging_mixin.py:154} INFO - [2023-12-20T21:22:15.566+0000] {dag.py:3722} INFO - Setting next_dagrun for example_branch_dop_operator_v3 to 2023-12-20T21:21:00+00:00, run_after=2023-12-20T21:22:00+00:00
[2023-12-20T21:22:15.587+0000] {processor.py:179} INFO - Processing /home/airflow/.local/lib/python3.8/site-packages/airflow/example_dags/example_branch_python_dop_operator_3.py took 0.077 seconds
[2023-12-20T21:22:45.872+0000] {processor.py:157} INFO - Started process (PID=1612) to work on /home/airflow/.local/lib/python3.8/site-packages/airflow/example_dags/example_branch_python_dop_operator_3.py
[2023-12-20T21:22:45.874+0000] {processor.py:829} INFO - Processing file /home/airflow/.local/lib/python3.8/site-packages/airflow/example_dags/example_branch_python_dop_operator_3.py for tasks to queue
[2023-12-20T21:22:45.876+0000] {logging_mixin.py:154} INFO - [2023-12-20T21:22:45.876+0000] {dagbag.py:536} INFO - Filling up the DagBag from /home/airflow/.local/lib/python3.8/site-packages/airflow/example_dags/example_branch_python_dop_operator_3.py
[2023-12-20T21:22:45.883+0000] {processor.py:839} INFO - DAG(s) dict_keys(['example_branch_dop_operator_v3']) retrieved from /home/airflow/.local/lib/python3.8/site-packages/airflow/example_dags/example_branch_python_dop_operator_3.py
[2023-12-20T21:22:45.901+0000] {logging_mixin.py:154} INFO - [2023-12-20T21:22:45.900+0000] {dag.py:2941} INFO - Sync 1 DAGs
[2023-12-20T21:22:45.925+0000] {logging_mixin.py:154} INFO - [2023-12-20T21:22:45.925+0000] {dag.py:3722} INFO - Setting next_dagrun for example_branch_dop_operator_v3 to 2023-12-20T21:21:00+00:00, run_after=2023-12-20T21:22:00+00:00
[2023-12-20T21:22:45.944+0000] {processor.py:179} INFO - Processing /home/airflow/.local/lib/python3.8/site-packages/airflow/example_dags/example_branch_python_dop_operator_3.py took 0.074 seconds
[2023-12-20T21:23:16.192+0000] {processor.py:157} INFO - Started process (PID=1668) to work on /home/airflow/.local/lib/python3.8/site-packages/airflow/example_dags/example_branch_python_dop_operator_3.py
[2023-12-20T21:23:16.193+0000] {processor.py:829} INFO - Processing file /home/airflow/.local/lib/python3.8/site-packages/airflow/example_dags/example_branch_python_dop_operator_3.py for tasks to queue
[2023-12-20T21:23:16.195+0000] {logging_mixin.py:154} INFO - [2023-12-20T21:23:16.195+0000] {dagbag.py:536} INFO - Filling up the DagBag from /home/airflow/.local/lib/python3.8/site-packages/airflow/example_dags/example_branch_python_dop_operator_3.py
[2023-12-20T21:23:16.201+0000] {processor.py:839} INFO - DAG(s) dict_keys(['example_branch_dop_operator_v3']) retrieved from /home/airflow/.local/lib/python3.8/site-packages/airflow/example_dags/example_branch_python_dop_operator_3.py
[2023-12-20T21:23:16.217+0000] {logging_mixin.py:154} INFO - [2023-12-20T21:23:16.217+0000] {dag.py:2941} INFO - Sync 1 DAGs
[2023-12-20T21:23:16.240+0000] {logging_mixin.py:154} INFO - [2023-12-20T21:23:16.240+0000] {dag.py:3722} INFO - Setting next_dagrun for example_branch_dop_operator_v3 to 2023-12-20T21:22:00+00:00, run_after=2023-12-20T21:23:00+00:00
[2023-12-20T21:23:16.259+0000] {processor.py:179} INFO - Processing /home/airflow/.local/lib/python3.8/site-packages/airflow/example_dags/example_branch_python_dop_operator_3.py took 0.069 seconds
[2023-12-20T21:23:46.527+0000] {processor.py:157} INFO - Started process (PID=1724) to work on /home/airflow/.local/lib/python3.8/site-packages/airflow/example_dags/example_branch_python_dop_operator_3.py
[2023-12-20T21:23:46.528+0000] {processor.py:829} INFO - Processing file /home/airflow/.local/lib/python3.8/site-packages/airflow/example_dags/example_branch_python_dop_operator_3.py for tasks to queue
[2023-12-20T21:23:46.530+0000] {logging_mixin.py:154} INFO - [2023-12-20T21:23:46.530+0000] {dagbag.py:536} INFO - Filling up the DagBag from /home/airflow/.local/lib/python3.8/site-packages/airflow/example_dags/example_branch_python_dop_operator_3.py
[2023-12-20T21:23:46.537+0000] {processor.py:839} INFO - DAG(s) dict_keys(['example_branch_dop_operator_v3']) retrieved from /home/airflow/.local/lib/python3.8/site-packages/airflow/example_dags/example_branch_python_dop_operator_3.py
[2023-12-20T21:23:46.556+0000] {logging_mixin.py:154} INFO - [2023-12-20T21:23:46.556+0000] {dag.py:2941} INFO - Sync 1 DAGs
[2023-12-20T21:23:46.583+0000] {logging_mixin.py:154} INFO - [2023-12-20T21:23:46.583+0000] {dag.py:3722} INFO - Setting next_dagrun for example_branch_dop_operator_v3 to 2023-12-20T21:22:00+00:00, run_after=2023-12-20T21:23:00+00:00
[2023-12-20T21:23:46.606+0000] {processor.py:179} INFO - Processing /home/airflow/.local/lib/python3.8/site-packages/airflow/example_dags/example_branch_python_dop_operator_3.py took 0.081 seconds
[2023-12-20T21:24:16.901+0000] {processor.py:157} INFO - Started process (PID=1780) to work on /home/airflow/.local/lib/python3.8/site-packages/airflow/example_dags/example_branch_python_dop_operator_3.py
[2023-12-20T21:24:16.902+0000] {processor.py:829} INFO - Processing file /home/airflow/.local/lib/python3.8/site-packages/airflow/example_dags/example_branch_python_dop_operator_3.py for tasks to queue
[2023-12-20T21:24:16.904+0000] {logging_mixin.py:154} INFO - [2023-12-20T21:24:16.904+0000] {dagbag.py:536} INFO - Filling up the DagBag from /home/airflow/.local/lib/python3.8/site-packages/airflow/example_dags/example_branch_python_dop_operator_3.py
[2023-12-20T21:24:16.912+0000] {processor.py:839} INFO - DAG(s) dict_keys(['example_branch_dop_operator_v3']) retrieved from /home/airflow/.local/lib/python3.8/site-packages/airflow/example_dags/example_branch_python_dop_operator_3.py
[2023-12-20T21:24:16.931+0000] {logging_mixin.py:154} INFO - [2023-12-20T21:24:16.931+0000] {dag.py:2941} INFO - Sync 1 DAGs
[2023-12-20T21:24:16.957+0000] {logging_mixin.py:154} INFO - [2023-12-20T21:24:16.957+0000] {dag.py:3722} INFO - Setting next_dagrun for example_branch_dop_operator_v3 to 2023-12-20T21:23:00+00:00, run_after=2023-12-20T21:24:00+00:00
[2023-12-20T21:24:16.978+0000] {processor.py:179} INFO - Processing /home/airflow/.local/lib/python3.8/site-packages/airflow/example_dags/example_branch_python_dop_operator_3.py took 0.079 seconds
[2023-12-20T21:24:47.295+0000] {processor.py:157} INFO - Started process (PID=1836) to work on /home/airflow/.local/lib/python3.8/site-packages/airflow/example_dags/example_branch_python_dop_operator_3.py
[2023-12-20T21:24:47.296+0000] {processor.py:829} INFO - Processing file /home/airflow/.local/lib/python3.8/site-packages/airflow/example_dags/example_branch_python_dop_operator_3.py for tasks to queue
[2023-12-20T21:24:47.298+0000] {logging_mixin.py:154} INFO - [2023-12-20T21:24:47.298+0000] {dagbag.py:536} INFO - Filling up the DagBag from /home/airflow/.local/lib/python3.8/site-packages/airflow/example_dags/example_branch_python_dop_operator_3.py
[2023-12-20T21:24:47.305+0000] {processor.py:839} INFO - DAG(s) dict_keys(['example_branch_dop_operator_v3']) retrieved from /home/airflow/.local/lib/python3.8/site-packages/airflow/example_dags/example_branch_python_dop_operator_3.py
[2023-12-20T21:24:47.320+0000] {logging_mixin.py:154} INFO - [2023-12-20T21:24:47.320+0000] {dag.py:2941} INFO - Sync 1 DAGs
[2023-12-20T21:24:47.342+0000] {logging_mixin.py:154} INFO - [2023-12-20T21:24:47.342+0000] {dag.py:3722} INFO - Setting next_dagrun for example_branch_dop_operator_v3 to 2023-12-20T21:23:00+00:00, run_after=2023-12-20T21:24:00+00:00
[2023-12-20T21:24:47.359+0000] {processor.py:179} INFO - Processing /home/airflow/.local/lib/python3.8/site-packages/airflow/example_dags/example_branch_python_dop_operator_3.py took 0.065 seconds
[2023-12-20T21:25:17.671+0000] {processor.py:157} INFO - Started process (PID=1892) to work on /home/airflow/.local/lib/python3.8/site-packages/airflow/example_dags/example_branch_python_dop_operator_3.py
[2023-12-20T21:25:17.672+0000] {processor.py:829} INFO - Processing file /home/airflow/.local/lib/python3.8/site-packages/airflow/example_dags/example_branch_python_dop_operator_3.py for tasks to queue
[2023-12-20T21:25:17.674+0000] {logging_mixin.py:154} INFO - [2023-12-20T21:25:17.674+0000] {dagbag.py:536} INFO - Filling up the DagBag from /home/airflow/.local/lib/python3.8/site-packages/airflow/example_dags/example_branch_python_dop_operator_3.py
[2023-12-20T21:25:17.680+0000] {processor.py:839} INFO - DAG(s) dict_keys(['example_branch_dop_operator_v3']) retrieved from /home/airflow/.local/lib/python3.8/site-packages/airflow/example_dags/example_branch_python_dop_operator_3.py
[2023-12-20T21:25:17.696+0000] {logging_mixin.py:154} INFO - [2023-12-20T21:25:17.696+0000] {dag.py:2941} INFO - Sync 1 DAGs
[2023-12-20T21:25:17.718+0000] {logging_mixin.py:154} INFO - [2023-12-20T21:25:17.718+0000] {dag.py:3722} INFO - Setting next_dagrun for example_branch_dop_operator_v3 to 2023-12-20T21:24:00+00:00, run_after=2023-12-20T21:25:00+00:00
[2023-12-20T21:25:17.736+0000] {processor.py:179} INFO - Processing /home/airflow/.local/lib/python3.8/site-packages/airflow/example_dags/example_branch_python_dop_operator_3.py took 0.067 seconds
[2023-12-20T21:25:48.004+0000] {processor.py:157} INFO - Started process (PID=1948) to work on /home/airflow/.local/lib/python3.8/site-packages/airflow/example_dags/example_branch_python_dop_operator_3.py
[2023-12-20T21:25:48.005+0000] {processor.py:829} INFO - Processing file /home/airflow/.local/lib/python3.8/site-packages/airflow/example_dags/example_branch_python_dop_operator_3.py for tasks to queue
[2023-12-20T21:25:48.007+0000] {logging_mixin.py:154} INFO - [2023-12-20T21:25:48.007+0000] {dagbag.py:536} INFO - Filling up the DagBag from /home/airflow/.local/lib/python3.8/site-packages/airflow/example_dags/example_branch_python_dop_operator_3.py
[2023-12-20T21:25:48.014+0000] {processor.py:839} INFO - DAG(s) dict_keys(['example_branch_dop_operator_v3']) retrieved from /home/airflow/.local/lib/python3.8/site-packages/airflow/example_dags/example_branch_python_dop_operator_3.py
[2023-12-20T21:25:48.031+0000] {logging_mixin.py:154} INFO - [2023-12-20T21:25:48.030+0000] {dag.py:2941} INFO - Sync 1 DAGs
[2023-12-20T21:25:48.053+0000] {logging_mixin.py:154} INFO - [2023-12-20T21:25:48.053+0000] {dag.py:3722} INFO - Setting next_dagrun for example_branch_dop_operator_v3 to 2023-12-20T21:24:00+00:00, run_after=2023-12-20T21:25:00+00:00
[2023-12-20T21:25:48.071+0000] {processor.py:179} INFO - Processing /home/airflow/.local/lib/python3.8/site-packages/airflow/example_dags/example_branch_python_dop_operator_3.py took 0.068 seconds
[2023-12-20T21:26:18.406+0000] {processor.py:157} INFO - Started process (PID=2004) to work on /home/airflow/.local/lib/python3.8/site-packages/airflow/example_dags/example_branch_python_dop_operator_3.py
[2023-12-20T21:26:18.407+0000] {processor.py:829} INFO - Processing file /home/airflow/.local/lib/python3.8/site-packages/airflow/example_dags/example_branch_python_dop_operator_3.py for tasks to queue
[2023-12-20T21:26:18.409+0000] {logging_mixin.py:154} INFO - [2023-12-20T21:26:18.409+0000] {dagbag.py:536} INFO - Filling up the DagBag from /home/airflow/.local/lib/python3.8/site-packages/airflow/example_dags/example_branch_python_dop_operator_3.py
[2023-12-20T21:26:18.415+0000] {processor.py:839} INFO - DAG(s) dict_keys(['example_branch_dop_operator_v3']) retrieved from /home/airflow/.local/lib/python3.8/site-packages/airflow/example_dags/example_branch_python_dop_operator_3.py
[2023-12-20T21:26:18.433+0000] {logging_mixin.py:154} INFO - [2023-12-20T21:26:18.432+0000] {dag.py:2941} INFO - Sync 1 DAGs
[2023-12-20T21:26:18.458+0000] {logging_mixin.py:154} INFO - [2023-12-20T21:26:18.457+0000] {dag.py:3722} INFO - Setting next_dagrun for example_branch_dop_operator_v3 to 2023-12-20T21:25:00+00:00, run_after=2023-12-20T21:26:00+00:00
[2023-12-20T21:26:18.478+0000] {processor.py:179} INFO - Processing /home/airflow/.local/lib/python3.8/site-packages/airflow/example_dags/example_branch_python_dop_operator_3.py took 0.075 seconds
