[2023-12-20T21:08:35.593+0000] {processor.py:157} INFO - Started process (PID=76) to work on /home/airflow/.local/lib/python3.8/site-packages/airflow/example_dags/example_latest_only_with_trigger.py
[2023-12-20T21:08:35.595+0000] {processor.py:829} INFO - Processing file /home/airflow/.local/lib/python3.8/site-packages/airflow/example_dags/example_latest_only_with_trigger.py for tasks to queue
[2023-12-20T21:08:35.598+0000] {logging_mixin.py:154} INFO - [2023-12-20T21:08:35.597+0000] {dagbag.py:536} INFO - Filling up the DagBag from /home/airflow/.local/lib/python3.8/site-packages/airflow/example_dags/example_latest_only_with_trigger.py
[2023-12-20T21:08:35.606+0000] {processor.py:839} INFO - DAG(s) dict_keys(['latest_only_with_trigger']) retrieved from /home/airflow/.local/lib/python3.8/site-packages/airflow/example_dags/example_latest_only_with_trigger.py
[2023-12-20T21:08:35.619+0000] {logging_mixin.py:154} INFO - [2023-12-20T21:08:35.619+0000] {dag.py:2941} INFO - Sync 1 DAGs
[2023-12-20T21:08:35.644+0000] {logging_mixin.py:154} INFO - [2023-12-20T21:08:35.643+0000] {dag.py:3722} INFO - Setting next_dagrun for latest_only_with_trigger to 2023-12-20T17:08:35.643617+00:00, run_after=2023-12-20T21:08:35.643617+00:00
[2023-12-20T21:08:35.666+0000] {processor.py:179} INFO - Processing /home/airflow/.local/lib/python3.8/site-packages/airflow/example_dags/example_latest_only_with_trigger.py took 0.077 seconds
[2023-12-20T21:09:05.770+0000] {processor.py:157} INFO - Started process (PID=132) to work on /home/airflow/.local/lib/python3.8/site-packages/airflow/example_dags/example_latest_only_with_trigger.py
[2023-12-20T21:09:05.771+0000] {processor.py:829} INFO - Processing file /home/airflow/.local/lib/python3.8/site-packages/airflow/example_dags/example_latest_only_with_trigger.py for tasks to queue
[2023-12-20T21:09:05.773+0000] {logging_mixin.py:154} INFO - [2023-12-20T21:09:05.773+0000] {dagbag.py:536} INFO - Filling up the DagBag from /home/airflow/.local/lib/python3.8/site-packages/airflow/example_dags/example_latest_only_with_trigger.py
[2023-12-20T21:09:05.777+0000] {processor.py:839} INFO - DAG(s) dict_keys(['latest_only_with_trigger']) retrieved from /home/airflow/.local/lib/python3.8/site-packages/airflow/example_dags/example_latest_only_with_trigger.py
[2023-12-20T21:09:05.796+0000] {logging_mixin.py:154} INFO - [2023-12-20T21:09:05.796+0000] {dag.py:2941} INFO - Sync 1 DAGs
[2023-12-20T21:09:05.816+0000] {logging_mixin.py:154} INFO - [2023-12-20T21:09:05.816+0000] {dag.py:3722} INFO - Setting next_dagrun for latest_only_with_trigger to 2023-12-20T17:09:05.815754+00:00, run_after=2023-12-20T21:09:05.815754+00:00
[2023-12-20T21:09:05.836+0000] {processor.py:179} INFO - Processing /home/airflow/.local/lib/python3.8/site-packages/airflow/example_dags/example_latest_only_with_trigger.py took 0.068 seconds
[2023-12-20T21:09:36.646+0000] {processor.py:157} INFO - Started process (PID=188) to work on /home/airflow/.local/lib/python3.8/site-packages/airflow/example_dags/example_latest_only_with_trigger.py
[2023-12-20T21:09:36.647+0000] {processor.py:829} INFO - Processing file /home/airflow/.local/lib/python3.8/site-packages/airflow/example_dags/example_latest_only_with_trigger.py for tasks to queue
[2023-12-20T21:09:36.649+0000] {logging_mixin.py:154} INFO - [2023-12-20T21:09:36.649+0000] {dagbag.py:536} INFO - Filling up the DagBag from /home/airflow/.local/lib/python3.8/site-packages/airflow/example_dags/example_latest_only_with_trigger.py
[2023-12-20T21:09:36.654+0000] {processor.py:839} INFO - DAG(s) dict_keys(['latest_only_with_trigger']) retrieved from /home/airflow/.local/lib/python3.8/site-packages/airflow/example_dags/example_latest_only_with_trigger.py
[2023-12-20T21:09:36.673+0000] {logging_mixin.py:154} INFO - [2023-12-20T21:09:36.673+0000] {dag.py:2941} INFO - Sync 1 DAGs
[2023-12-20T21:09:36.693+0000] {logging_mixin.py:154} INFO - [2023-12-20T21:09:36.693+0000] {dag.py:3722} INFO - Setting next_dagrun for latest_only_with_trigger to 2023-12-20T17:09:36.693171+00:00, run_after=2023-12-20T21:09:36.693171+00:00
[2023-12-20T21:09:36.713+0000] {processor.py:179} INFO - Processing /home/airflow/.local/lib/python3.8/site-packages/airflow/example_dags/example_latest_only_with_trigger.py took 0.070 seconds
[2023-12-20T21:10:07.612+0000] {processor.py:157} INFO - Started process (PID=244) to work on /home/airflow/.local/lib/python3.8/site-packages/airflow/example_dags/example_latest_only_with_trigger.py
[2023-12-20T21:10:07.613+0000] {processor.py:829} INFO - Processing file /home/airflow/.local/lib/python3.8/site-packages/airflow/example_dags/example_latest_only_with_trigger.py for tasks to queue
[2023-12-20T21:10:07.615+0000] {logging_mixin.py:154} INFO - [2023-12-20T21:10:07.615+0000] {dagbag.py:536} INFO - Filling up the DagBag from /home/airflow/.local/lib/python3.8/site-packages/airflow/example_dags/example_latest_only_with_trigger.py
[2023-12-20T21:10:07.620+0000] {processor.py:839} INFO - DAG(s) dict_keys(['latest_only_with_trigger']) retrieved from /home/airflow/.local/lib/python3.8/site-packages/airflow/example_dags/example_latest_only_with_trigger.py
[2023-12-20T21:10:07.639+0000] {logging_mixin.py:154} INFO - [2023-12-20T21:10:07.639+0000] {dag.py:2941} INFO - Sync 1 DAGs
[2023-12-20T21:10:07.659+0000] {logging_mixin.py:154} INFO - [2023-12-20T21:10:07.658+0000] {dag.py:3722} INFO - Setting next_dagrun for latest_only_with_trigger to 2023-12-20T17:10:07.658665+00:00, run_after=2023-12-20T21:10:07.658665+00:00
[2023-12-20T21:10:07.681+0000] {processor.py:179} INFO - Processing /home/airflow/.local/lib/python3.8/site-packages/airflow/example_dags/example_latest_only_with_trigger.py took 0.072 seconds
[2023-12-20T21:10:38.408+0000] {processor.py:157} INFO - Started process (PID=300) to work on /home/airflow/.local/lib/python3.8/site-packages/airflow/example_dags/example_latest_only_with_trigger.py
[2023-12-20T21:10:38.409+0000] {processor.py:829} INFO - Processing file /home/airflow/.local/lib/python3.8/site-packages/airflow/example_dags/example_latest_only_with_trigger.py for tasks to queue
[2023-12-20T21:10:38.411+0000] {logging_mixin.py:154} INFO - [2023-12-20T21:10:38.411+0000] {dagbag.py:536} INFO - Filling up the DagBag from /home/airflow/.local/lib/python3.8/site-packages/airflow/example_dags/example_latest_only_with_trigger.py
[2023-12-20T21:10:38.415+0000] {processor.py:839} INFO - DAG(s) dict_keys(['latest_only_with_trigger']) retrieved from /home/airflow/.local/lib/python3.8/site-packages/airflow/example_dags/example_latest_only_with_trigger.py
[2023-12-20T21:10:38.434+0000] {logging_mixin.py:154} INFO - [2023-12-20T21:10:38.434+0000] {dag.py:2941} INFO - Sync 1 DAGs
[2023-12-20T21:10:38.454+0000] {logging_mixin.py:154} INFO - [2023-12-20T21:10:38.454+0000] {dag.py:3722} INFO - Setting next_dagrun for latest_only_with_trigger to 2023-12-20T17:10:38.454034+00:00, run_after=2023-12-20T21:10:38.454034+00:00
[2023-12-20T21:10:38.474+0000] {processor.py:179} INFO - Processing /home/airflow/.local/lib/python3.8/site-packages/airflow/example_dags/example_latest_only_with_trigger.py took 0.068 seconds
[2023-12-20T21:11:08.655+0000] {processor.py:157} INFO - Started process (PID=356) to work on /home/airflow/.local/lib/python3.8/site-packages/airflow/example_dags/example_latest_only_with_trigger.py
[2023-12-20T21:11:08.656+0000] {processor.py:829} INFO - Processing file /home/airflow/.local/lib/python3.8/site-packages/airflow/example_dags/example_latest_only_with_trigger.py for tasks to queue
[2023-12-20T21:11:08.658+0000] {logging_mixin.py:154} INFO - [2023-12-20T21:11:08.657+0000] {dagbag.py:536} INFO - Filling up the DagBag from /home/airflow/.local/lib/python3.8/site-packages/airflow/example_dags/example_latest_only_with_trigger.py
[2023-12-20T21:11:08.662+0000] {processor.py:839} INFO - DAG(s) dict_keys(['latest_only_with_trigger']) retrieved from /home/airflow/.local/lib/python3.8/site-packages/airflow/example_dags/example_latest_only_with_trigger.py
[2023-12-20T21:11:08.679+0000] {logging_mixin.py:154} INFO - [2023-12-20T21:11:08.679+0000] {dag.py:2941} INFO - Sync 1 DAGs
[2023-12-20T21:11:08.698+0000] {logging_mixin.py:154} INFO - [2023-12-20T21:11:08.698+0000] {dag.py:3722} INFO - Setting next_dagrun for latest_only_with_trigger to 2023-12-20T17:11:08.698484+00:00, run_after=2023-12-20T21:11:08.698484+00:00
[2023-12-20T21:11:08.717+0000] {processor.py:179} INFO - Processing /home/airflow/.local/lib/python3.8/site-packages/airflow/example_dags/example_latest_only_with_trigger.py took 0.065 seconds
[2023-12-20T21:11:39.686+0000] {processor.py:157} INFO - Started process (PID=412) to work on /home/airflow/.local/lib/python3.8/site-packages/airflow/example_dags/example_latest_only_with_trigger.py
[2023-12-20T21:11:39.687+0000] {processor.py:829} INFO - Processing file /home/airflow/.local/lib/python3.8/site-packages/airflow/example_dags/example_latest_only_with_trigger.py for tasks to queue
[2023-12-20T21:11:39.689+0000] {logging_mixin.py:154} INFO - [2023-12-20T21:11:39.689+0000] {dagbag.py:536} INFO - Filling up the DagBag from /home/airflow/.local/lib/python3.8/site-packages/airflow/example_dags/example_latest_only_with_trigger.py
[2023-12-20T21:11:39.694+0000] {processor.py:839} INFO - DAG(s) dict_keys(['latest_only_with_trigger']) retrieved from /home/airflow/.local/lib/python3.8/site-packages/airflow/example_dags/example_latest_only_with_trigger.py
[2023-12-20T21:11:39.712+0000] {logging_mixin.py:154} INFO - [2023-12-20T21:11:39.712+0000] {dag.py:2941} INFO - Sync 1 DAGs
[2023-12-20T21:11:39.732+0000] {logging_mixin.py:154} INFO - [2023-12-20T21:11:39.732+0000] {dag.py:3722} INFO - Setting next_dagrun for latest_only_with_trigger to 2023-12-20T17:11:39.731777+00:00, run_after=2023-12-20T21:11:39.731777+00:00
[2023-12-20T21:11:39.754+0000] {processor.py:179} INFO - Processing /home/airflow/.local/lib/python3.8/site-packages/airflow/example_dags/example_latest_only_with_trigger.py took 0.070 seconds
[2023-12-20T21:12:10.426+0000] {processor.py:157} INFO - Started process (PID=468) to work on /home/airflow/.local/lib/python3.8/site-packages/airflow/example_dags/example_latest_only_with_trigger.py
[2023-12-20T21:12:10.427+0000] {processor.py:829} INFO - Processing file /home/airflow/.local/lib/python3.8/site-packages/airflow/example_dags/example_latest_only_with_trigger.py for tasks to queue
[2023-12-20T21:12:10.428+0000] {logging_mixin.py:154} INFO - [2023-12-20T21:12:10.428+0000] {dagbag.py:536} INFO - Filling up the DagBag from /home/airflow/.local/lib/python3.8/site-packages/airflow/example_dags/example_latest_only_with_trigger.py
[2023-12-20T21:12:10.432+0000] {processor.py:839} INFO - DAG(s) dict_keys(['latest_only_with_trigger']) retrieved from /home/airflow/.local/lib/python3.8/site-packages/airflow/example_dags/example_latest_only_with_trigger.py
[2023-12-20T21:12:10.451+0000] {logging_mixin.py:154} INFO - [2023-12-20T21:12:10.450+0000] {dag.py:2941} INFO - Sync 1 DAGs
[2023-12-20T21:12:10.469+0000] {logging_mixin.py:154} INFO - [2023-12-20T21:12:10.469+0000] {dag.py:3722} INFO - Setting next_dagrun for latest_only_with_trigger to 2023-12-20T17:12:10.469312+00:00, run_after=2023-12-20T21:12:10.469312+00:00
[2023-12-20T21:12:10.490+0000] {processor.py:179} INFO - Processing /home/airflow/.local/lib/python3.8/site-packages/airflow/example_dags/example_latest_only_with_trigger.py took 0.067 seconds
[2023-12-20T21:12:40.776+0000] {processor.py:157} INFO - Started process (PID=524) to work on /home/airflow/.local/lib/python3.8/site-packages/airflow/example_dags/example_latest_only_with_trigger.py
[2023-12-20T21:12:40.777+0000] {processor.py:829} INFO - Processing file /home/airflow/.local/lib/python3.8/site-packages/airflow/example_dags/example_latest_only_with_trigger.py for tasks to queue
[2023-12-20T21:12:40.779+0000] {logging_mixin.py:154} INFO - [2023-12-20T21:12:40.779+0000] {dagbag.py:536} INFO - Filling up the DagBag from /home/airflow/.local/lib/python3.8/site-packages/airflow/example_dags/example_latest_only_with_trigger.py
[2023-12-20T21:12:40.784+0000] {processor.py:839} INFO - DAG(s) dict_keys(['latest_only_with_trigger']) retrieved from /home/airflow/.local/lib/python3.8/site-packages/airflow/example_dags/example_latest_only_with_trigger.py
[2023-12-20T21:12:40.802+0000] {logging_mixin.py:154} INFO - [2023-12-20T21:12:40.802+0000] {dag.py:2941} INFO - Sync 1 DAGs
[2023-12-20T21:12:40.822+0000] {logging_mixin.py:154} INFO - [2023-12-20T21:12:40.821+0000] {dag.py:3722} INFO - Setting next_dagrun for latest_only_with_trigger to 2023-12-20T17:12:40.821506+00:00, run_after=2023-12-20T21:12:40.821506+00:00
[2023-12-20T21:12:40.841+0000] {processor.py:179} INFO - Processing /home/airflow/.local/lib/python3.8/site-packages/airflow/example_dags/example_latest_only_with_trigger.py took 0.067 seconds
[2023-12-20T21:13:11.164+0000] {processor.py:157} INFO - Started process (PID=580) to work on /home/airflow/.local/lib/python3.8/site-packages/airflow/example_dags/example_latest_only_with_trigger.py
[2023-12-20T21:13:11.165+0000] {processor.py:829} INFO - Processing file /home/airflow/.local/lib/python3.8/site-packages/airflow/example_dags/example_latest_only_with_trigger.py for tasks to queue
[2023-12-20T21:13:11.167+0000] {logging_mixin.py:154} INFO - [2023-12-20T21:13:11.167+0000] {dagbag.py:536} INFO - Filling up the DagBag from /home/airflow/.local/lib/python3.8/site-packages/airflow/example_dags/example_latest_only_with_trigger.py
[2023-12-20T21:13:11.172+0000] {processor.py:839} INFO - DAG(s) dict_keys(['latest_only_with_trigger']) retrieved from /home/airflow/.local/lib/python3.8/site-packages/airflow/example_dags/example_latest_only_with_trigger.py
[2023-12-20T21:13:11.192+0000] {logging_mixin.py:154} INFO - [2023-12-20T21:13:11.192+0000] {dag.py:2941} INFO - Sync 1 DAGs
[2023-12-20T21:13:11.212+0000] {logging_mixin.py:154} INFO - [2023-12-20T21:13:11.212+0000] {dag.py:3722} INFO - Setting next_dagrun for latest_only_with_trigger to 2023-12-20T17:13:11.211925+00:00, run_after=2023-12-20T21:13:11.211925+00:00
[2023-12-20T21:13:11.234+0000] {processor.py:179} INFO - Processing /home/airflow/.local/lib/python3.8/site-packages/airflow/example_dags/example_latest_only_with_trigger.py took 0.073 seconds
[2023-12-20T21:13:41.911+0000] {processor.py:157} INFO - Started process (PID=636) to work on /home/airflow/.local/lib/python3.8/site-packages/airflow/example_dags/example_latest_only_with_trigger.py
[2023-12-20T21:13:41.912+0000] {processor.py:829} INFO - Processing file /home/airflow/.local/lib/python3.8/site-packages/airflow/example_dags/example_latest_only_with_trigger.py for tasks to queue
[2023-12-20T21:13:41.914+0000] {logging_mixin.py:154} INFO - [2023-12-20T21:13:41.914+0000] {dagbag.py:536} INFO - Filling up the DagBag from /home/airflow/.local/lib/python3.8/site-packages/airflow/example_dags/example_latest_only_with_trigger.py
[2023-12-20T21:13:41.920+0000] {processor.py:839} INFO - DAG(s) dict_keys(['latest_only_with_trigger']) retrieved from /home/airflow/.local/lib/python3.8/site-packages/airflow/example_dags/example_latest_only_with_trigger.py
[2023-12-20T21:13:41.940+0000] {logging_mixin.py:154} INFO - [2023-12-20T21:13:41.940+0000] {dag.py:2941} INFO - Sync 1 DAGs
[2023-12-20T21:13:41.963+0000] {logging_mixin.py:154} INFO - [2023-12-20T21:13:41.963+0000] {dag.py:3722} INFO - Setting next_dagrun for latest_only_with_trigger to 2023-12-20T17:13:41.962892+00:00, run_after=2023-12-20T21:13:41.962892+00:00
[2023-12-20T21:13:41.988+0000] {processor.py:179} INFO - Processing /home/airflow/.local/lib/python3.8/site-packages/airflow/example_dags/example_latest_only_with_trigger.py took 0.080 seconds
[2023-12-20T21:14:12.221+0000] {processor.py:157} INFO - Started process (PID=692) to work on /home/airflow/.local/lib/python3.8/site-packages/airflow/example_dags/example_latest_only_with_trigger.py
[2023-12-20T21:14:12.222+0000] {processor.py:829} INFO - Processing file /home/airflow/.local/lib/python3.8/site-packages/airflow/example_dags/example_latest_only_with_trigger.py for tasks to queue
[2023-12-20T21:14:12.224+0000] {logging_mixin.py:154} INFO - [2023-12-20T21:14:12.224+0000] {dagbag.py:536} INFO - Filling up the DagBag from /home/airflow/.local/lib/python3.8/site-packages/airflow/example_dags/example_latest_only_with_trigger.py
[2023-12-20T21:14:12.229+0000] {processor.py:839} INFO - DAG(s) dict_keys(['latest_only_with_trigger']) retrieved from /home/airflow/.local/lib/python3.8/site-packages/airflow/example_dags/example_latest_only_with_trigger.py
[2023-12-20T21:14:12.247+0000] {logging_mixin.py:154} INFO - [2023-12-20T21:14:12.247+0000] {dag.py:2941} INFO - Sync 1 DAGs
[2023-12-20T21:14:12.269+0000] {logging_mixin.py:154} INFO - [2023-12-20T21:14:12.269+0000] {dag.py:3722} INFO - Setting next_dagrun for latest_only_with_trigger to 2023-12-20T17:14:12.269305+00:00, run_after=2023-12-20T21:14:12.269305+00:00
[2023-12-20T21:14:12.291+0000] {processor.py:179} INFO - Processing /home/airflow/.local/lib/python3.8/site-packages/airflow/example_dags/example_latest_only_with_trigger.py took 0.072 seconds
[2023-12-20T21:14:43.096+0000] {processor.py:157} INFO - Started process (PID=748) to work on /home/airflow/.local/lib/python3.8/site-packages/airflow/example_dags/example_latest_only_with_trigger.py
[2023-12-20T21:14:43.097+0000] {processor.py:829} INFO - Processing file /home/airflow/.local/lib/python3.8/site-packages/airflow/example_dags/example_latest_only_with_trigger.py for tasks to queue
[2023-12-20T21:14:43.099+0000] {logging_mixin.py:154} INFO - [2023-12-20T21:14:43.099+0000] {dagbag.py:536} INFO - Filling up the DagBag from /home/airflow/.local/lib/python3.8/site-packages/airflow/example_dags/example_latest_only_with_trigger.py
[2023-12-20T21:14:43.104+0000] {processor.py:839} INFO - DAG(s) dict_keys(['latest_only_with_trigger']) retrieved from /home/airflow/.local/lib/python3.8/site-packages/airflow/example_dags/example_latest_only_with_trigger.py
[2023-12-20T21:14:43.121+0000] {logging_mixin.py:154} INFO - [2023-12-20T21:14:43.121+0000] {dag.py:2941} INFO - Sync 1 DAGs
[2023-12-20T21:14:43.141+0000] {logging_mixin.py:154} INFO - [2023-12-20T21:14:43.141+0000] {dag.py:3722} INFO - Setting next_dagrun for latest_only_with_trigger to 2023-12-20T17:14:43.141360+00:00, run_after=2023-12-20T21:14:43.141360+00:00
[2023-12-20T21:14:43.162+0000] {processor.py:179} INFO - Processing /home/airflow/.local/lib/python3.8/site-packages/airflow/example_dags/example_latest_only_with_trigger.py took 0.068 seconds
[2023-12-20T21:15:13.672+0000] {processor.py:157} INFO - Started process (PID=804) to work on /home/airflow/.local/lib/python3.8/site-packages/airflow/example_dags/example_latest_only_with_trigger.py
[2023-12-20T21:15:13.673+0000] {processor.py:829} INFO - Processing file /home/airflow/.local/lib/python3.8/site-packages/airflow/example_dags/example_latest_only_with_trigger.py for tasks to queue
[2023-12-20T21:15:13.674+0000] {logging_mixin.py:154} INFO - [2023-12-20T21:15:13.674+0000] {dagbag.py:536} INFO - Filling up the DagBag from /home/airflow/.local/lib/python3.8/site-packages/airflow/example_dags/example_latest_only_with_trigger.py
[2023-12-20T21:15:13.679+0000] {processor.py:839} INFO - DAG(s) dict_keys(['latest_only_with_trigger']) retrieved from /home/airflow/.local/lib/python3.8/site-packages/airflow/example_dags/example_latest_only_with_trigger.py
[2023-12-20T21:15:13.696+0000] {logging_mixin.py:154} INFO - [2023-12-20T21:15:13.696+0000] {dag.py:2941} INFO - Sync 1 DAGs
[2023-12-20T21:15:13.715+0000] {logging_mixin.py:154} INFO - [2023-12-20T21:15:13.715+0000] {dag.py:3722} INFO - Setting next_dagrun for latest_only_with_trigger to 2023-12-20T17:15:13.715272+00:00, run_after=2023-12-20T21:15:13.715272+00:00
[2023-12-20T21:15:13.734+0000] {processor.py:179} INFO - Processing /home/airflow/.local/lib/python3.8/site-packages/airflow/example_dags/example_latest_only_with_trigger.py took 0.065 seconds
[2023-12-20T21:15:44.193+0000] {processor.py:157} INFO - Started process (PID=860) to work on /home/airflow/.local/lib/python3.8/site-packages/airflow/example_dags/example_latest_only_with_trigger.py
[2023-12-20T21:15:44.194+0000] {processor.py:829} INFO - Processing file /home/airflow/.local/lib/python3.8/site-packages/airflow/example_dags/example_latest_only_with_trigger.py for tasks to queue
[2023-12-20T21:15:44.196+0000] {logging_mixin.py:154} INFO - [2023-12-20T21:15:44.196+0000] {dagbag.py:536} INFO - Filling up the DagBag from /home/airflow/.local/lib/python3.8/site-packages/airflow/example_dags/example_latest_only_with_trigger.py
[2023-12-20T21:15:44.201+0000] {processor.py:839} INFO - DAG(s) dict_keys(['latest_only_with_trigger']) retrieved from /home/airflow/.local/lib/python3.8/site-packages/airflow/example_dags/example_latest_only_with_trigger.py
[2023-12-20T21:15:44.220+0000] {logging_mixin.py:154} INFO - [2023-12-20T21:15:44.220+0000] {dag.py:2941} INFO - Sync 1 DAGs
[2023-12-20T21:15:44.240+0000] {logging_mixin.py:154} INFO - [2023-12-20T21:15:44.240+0000] {dag.py:3722} INFO - Setting next_dagrun for latest_only_with_trigger to 2023-12-20T17:15:44.240434+00:00, run_after=2023-12-20T21:15:44.240434+00:00
[2023-12-20T21:15:44.262+0000] {processor.py:179} INFO - Processing /home/airflow/.local/lib/python3.8/site-packages/airflow/example_dags/example_latest_only_with_trigger.py took 0.072 seconds
[2023-12-20T21:16:14.759+0000] {processor.py:157} INFO - Started process (PID=916) to work on /home/airflow/.local/lib/python3.8/site-packages/airflow/example_dags/example_latest_only_with_trigger.py
[2023-12-20T21:16:14.760+0000] {processor.py:829} INFO - Processing file /home/airflow/.local/lib/python3.8/site-packages/airflow/example_dags/example_latest_only_with_trigger.py for tasks to queue
[2023-12-20T21:16:14.762+0000] {logging_mixin.py:154} INFO - [2023-12-20T21:16:14.762+0000] {dagbag.py:536} INFO - Filling up the DagBag from /home/airflow/.local/lib/python3.8/site-packages/airflow/example_dags/example_latest_only_with_trigger.py
[2023-12-20T21:16:14.766+0000] {processor.py:839} INFO - DAG(s) dict_keys(['latest_only_with_trigger']) retrieved from /home/airflow/.local/lib/python3.8/site-packages/airflow/example_dags/example_latest_only_with_trigger.py
[2023-12-20T21:16:14.785+0000] {logging_mixin.py:154} INFO - [2023-12-20T21:16:14.784+0000] {dag.py:2941} INFO - Sync 1 DAGs
[2023-12-20T21:16:14.805+0000] {logging_mixin.py:154} INFO - [2023-12-20T21:16:14.805+0000] {dag.py:3722} INFO - Setting next_dagrun for latest_only_with_trigger to 2023-12-20T17:16:14.805092+00:00, run_after=2023-12-20T21:16:14.805092+00:00
[2023-12-20T21:16:14.825+0000] {processor.py:179} INFO - Processing /home/airflow/.local/lib/python3.8/site-packages/airflow/example_dags/example_latest_only_with_trigger.py took 0.068 seconds
[2023-12-20T21:16:45.045+0000] {processor.py:157} INFO - Started process (PID=972) to work on /home/airflow/.local/lib/python3.8/site-packages/airflow/example_dags/example_latest_only_with_trigger.py
[2023-12-20T21:16:45.046+0000] {processor.py:829} INFO - Processing file /home/airflow/.local/lib/python3.8/site-packages/airflow/example_dags/example_latest_only_with_trigger.py for tasks to queue
[2023-12-20T21:16:45.048+0000] {logging_mixin.py:154} INFO - [2023-12-20T21:16:45.048+0000] {dagbag.py:536} INFO - Filling up the DagBag from /home/airflow/.local/lib/python3.8/site-packages/airflow/example_dags/example_latest_only_with_trigger.py
[2023-12-20T21:16:45.052+0000] {processor.py:839} INFO - DAG(s) dict_keys(['latest_only_with_trigger']) retrieved from /home/airflow/.local/lib/python3.8/site-packages/airflow/example_dags/example_latest_only_with_trigger.py
[2023-12-20T21:16:45.071+0000] {logging_mixin.py:154} INFO - [2023-12-20T21:16:45.071+0000] {dag.py:2941} INFO - Sync 1 DAGs
[2023-12-20T21:16:45.090+0000] {logging_mixin.py:154} INFO - [2023-12-20T21:16:45.090+0000] {dag.py:3722} INFO - Setting next_dagrun for latest_only_with_trigger to 2023-12-20T17:16:45.090422+00:00, run_after=2023-12-20T21:16:45.090422+00:00
[2023-12-20T21:16:45.111+0000] {processor.py:179} INFO - Processing /home/airflow/.local/lib/python3.8/site-packages/airflow/example_dags/example_latest_only_with_trigger.py took 0.067 seconds
[2023-12-20T21:17:15.887+0000] {processor.py:157} INFO - Started process (PID=1028) to work on /home/airflow/.local/lib/python3.8/site-packages/airflow/example_dags/example_latest_only_with_trigger.py
[2023-12-20T21:17:15.889+0000] {processor.py:829} INFO - Processing file /home/airflow/.local/lib/python3.8/site-packages/airflow/example_dags/example_latest_only_with_trigger.py for tasks to queue
[2023-12-20T21:17:15.891+0000] {logging_mixin.py:154} INFO - [2023-12-20T21:17:15.890+0000] {dagbag.py:536} INFO - Filling up the DagBag from /home/airflow/.local/lib/python3.8/site-packages/airflow/example_dags/example_latest_only_with_trigger.py
[2023-12-20T21:17:15.895+0000] {processor.py:839} INFO - DAG(s) dict_keys(['latest_only_with_trigger']) retrieved from /home/airflow/.local/lib/python3.8/site-packages/airflow/example_dags/example_latest_only_with_trigger.py
[2023-12-20T21:17:15.913+0000] {logging_mixin.py:154} INFO - [2023-12-20T21:17:15.913+0000] {dag.py:2941} INFO - Sync 1 DAGs
[2023-12-20T21:17:16.060+0000] {logging_mixin.py:154} INFO - [2023-12-20T21:17:16.060+0000] {dag.py:3722} INFO - Setting next_dagrun for latest_only_with_trigger to 2023-12-20T17:17:16.060034+00:00, run_after=2023-12-20T21:17:16.060034+00:00
[2023-12-20T21:17:16.082+0000] {processor.py:179} INFO - Processing /home/airflow/.local/lib/python3.8/site-packages/airflow/example_dags/example_latest_only_with_trigger.py took 0.197 seconds
[2023-12-20T21:17:46.272+0000] {processor.py:157} INFO - Started process (PID=1085) to work on /home/airflow/.local/lib/python3.8/site-packages/airflow/example_dags/example_latest_only_with_trigger.py
[2023-12-20T21:17:46.273+0000] {processor.py:829} INFO - Processing file /home/airflow/.local/lib/python3.8/site-packages/airflow/example_dags/example_latest_only_with_trigger.py for tasks to queue
[2023-12-20T21:17:46.275+0000] {logging_mixin.py:154} INFO - [2023-12-20T21:17:46.275+0000] {dagbag.py:536} INFO - Filling up the DagBag from /home/airflow/.local/lib/python3.8/site-packages/airflow/example_dags/example_latest_only_with_trigger.py
[2023-12-20T21:17:46.280+0000] {processor.py:839} INFO - DAG(s) dict_keys(['latest_only_with_trigger']) retrieved from /home/airflow/.local/lib/python3.8/site-packages/airflow/example_dags/example_latest_only_with_trigger.py
[2023-12-20T21:17:46.297+0000] {logging_mixin.py:154} INFO - [2023-12-20T21:17:46.297+0000] {dag.py:2941} INFO - Sync 1 DAGs
[2023-12-20T21:17:46.316+0000] {logging_mixin.py:154} INFO - [2023-12-20T21:17:46.316+0000] {dag.py:3722} INFO - Setting next_dagrun for latest_only_with_trigger to 2023-12-20T17:17:46.316562+00:00, run_after=2023-12-20T21:17:46.316562+00:00
[2023-12-20T21:17:46.473+0000] {processor.py:179} INFO - Processing /home/airflow/.local/lib/python3.8/site-packages/airflow/example_dags/example_latest_only_with_trigger.py took 0.203 seconds
[2023-12-20T21:18:17.401+0000] {processor.py:157} INFO - Started process (PID=1140) to work on /home/airflow/.local/lib/python3.8/site-packages/airflow/example_dags/example_latest_only_with_trigger.py
[2023-12-20T21:18:17.402+0000] {processor.py:829} INFO - Processing file /home/airflow/.local/lib/python3.8/site-packages/airflow/example_dags/example_latest_only_with_trigger.py for tasks to queue
[2023-12-20T21:18:17.404+0000] {logging_mixin.py:154} INFO - [2023-12-20T21:18:17.404+0000] {dagbag.py:536} INFO - Filling up the DagBag from /home/airflow/.local/lib/python3.8/site-packages/airflow/example_dags/example_latest_only_with_trigger.py
[2023-12-20T21:18:17.408+0000] {processor.py:839} INFO - DAG(s) dict_keys(['latest_only_with_trigger']) retrieved from /home/airflow/.local/lib/python3.8/site-packages/airflow/example_dags/example_latest_only_with_trigger.py
[2023-12-20T21:18:17.427+0000] {logging_mixin.py:154} INFO - [2023-12-20T21:18:17.426+0000] {dag.py:2941} INFO - Sync 1 DAGs
[2023-12-20T21:18:17.445+0000] {logging_mixin.py:154} INFO - [2023-12-20T21:18:17.445+0000] {dag.py:3722} INFO - Setting next_dagrun for latest_only_with_trigger to 2023-12-20T17:18:17.445252+00:00, run_after=2023-12-20T21:18:17.445252+00:00
[2023-12-20T21:18:17.464+0000] {processor.py:179} INFO - Processing /home/airflow/.local/lib/python3.8/site-packages/airflow/example_dags/example_latest_only_with_trigger.py took 0.066 seconds
[2023-12-20T21:18:47.773+0000] {processor.py:157} INFO - Started process (PID=1196) to work on /home/airflow/.local/lib/python3.8/site-packages/airflow/example_dags/example_latest_only_with_trigger.py
[2023-12-20T21:18:47.774+0000] {processor.py:829} INFO - Processing file /home/airflow/.local/lib/python3.8/site-packages/airflow/example_dags/example_latest_only_with_trigger.py for tasks to queue
[2023-12-20T21:18:47.776+0000] {logging_mixin.py:154} INFO - [2023-12-20T21:18:47.775+0000] {dagbag.py:536} INFO - Filling up the DagBag from /home/airflow/.local/lib/python3.8/site-packages/airflow/example_dags/example_latest_only_with_trigger.py
[2023-12-20T21:18:47.780+0000] {processor.py:839} INFO - DAG(s) dict_keys(['latest_only_with_trigger']) retrieved from /home/airflow/.local/lib/python3.8/site-packages/airflow/example_dags/example_latest_only_with_trigger.py
[2023-12-20T21:18:47.799+0000] {logging_mixin.py:154} INFO - [2023-12-20T21:18:47.799+0000] {dag.py:2941} INFO - Sync 1 DAGs
[2023-12-20T21:18:47.818+0000] {logging_mixin.py:154} INFO - [2023-12-20T21:18:47.818+0000] {dag.py:3722} INFO - Setting next_dagrun for latest_only_with_trigger to 2023-12-20T17:18:47.818512+00:00, run_after=2023-12-20T21:18:47.818512+00:00
[2023-12-20T21:18:47.839+0000] {processor.py:179} INFO - Processing /home/airflow/.local/lib/python3.8/site-packages/airflow/example_dags/example_latest_only_with_trigger.py took 0.069 seconds
[2023-12-20T21:19:18.001+0000] {processor.py:157} INFO - Started process (PID=1252) to work on /home/airflow/.local/lib/python3.8/site-packages/airflow/example_dags/example_latest_only_with_trigger.py
[2023-12-20T21:19:18.002+0000] {processor.py:829} INFO - Processing file /home/airflow/.local/lib/python3.8/site-packages/airflow/example_dags/example_latest_only_with_trigger.py for tasks to queue
[2023-12-20T21:19:18.004+0000] {logging_mixin.py:154} INFO - [2023-12-20T21:19:18.004+0000] {dagbag.py:536} INFO - Filling up the DagBag from /home/airflow/.local/lib/python3.8/site-packages/airflow/example_dags/example_latest_only_with_trigger.py
[2023-12-20T21:19:18.008+0000] {processor.py:839} INFO - DAG(s) dict_keys(['latest_only_with_trigger']) retrieved from /home/airflow/.local/lib/python3.8/site-packages/airflow/example_dags/example_latest_only_with_trigger.py
[2023-12-20T21:19:18.027+0000] {logging_mixin.py:154} INFO - [2023-12-20T21:19:18.027+0000] {dag.py:2941} INFO - Sync 1 DAGs
[2023-12-20T21:19:18.195+0000] {logging_mixin.py:154} INFO - [2023-12-20T21:19:18.195+0000] {dag.py:3722} INFO - Setting next_dagrun for latest_only_with_trigger to 2023-12-20T17:19:18.195145+00:00, run_after=2023-12-20T21:19:18.195145+00:00
[2023-12-20T21:19:18.214+0000] {processor.py:179} INFO - Processing /home/airflow/.local/lib/python3.8/site-packages/airflow/example_dags/example_latest_only_with_trigger.py took 0.215 seconds
[2023-12-20T21:19:48.996+0000] {processor.py:157} INFO - Started process (PID=1308) to work on /home/airflow/.local/lib/python3.8/site-packages/airflow/example_dags/example_latest_only_with_trigger.py
[2023-12-20T21:19:48.997+0000] {processor.py:829} INFO - Processing file /home/airflow/.local/lib/python3.8/site-packages/airflow/example_dags/example_latest_only_with_trigger.py for tasks to queue
[2023-12-20T21:19:48.999+0000] {logging_mixin.py:154} INFO - [2023-12-20T21:19:48.999+0000] {dagbag.py:536} INFO - Filling up the DagBag from /home/airflow/.local/lib/python3.8/site-packages/airflow/example_dags/example_latest_only_with_trigger.py
[2023-12-20T21:19:49.004+0000] {processor.py:839} INFO - DAG(s) dict_keys(['latest_only_with_trigger']) retrieved from /home/airflow/.local/lib/python3.8/site-packages/airflow/example_dags/example_latest_only_with_trigger.py
[2023-12-20T21:19:49.022+0000] {logging_mixin.py:154} INFO - [2023-12-20T21:19:49.022+0000] {dag.py:2941} INFO - Sync 1 DAGs
[2023-12-20T21:19:49.181+0000] {logging_mixin.py:154} INFO - [2023-12-20T21:19:49.041+0000] {dag.py:3722} INFO - Setting next_dagrun for latest_only_with_trigger to 2023-12-20T17:19:49.040938+00:00, run_after=2023-12-20T21:19:49.040938+00:00
[2023-12-20T21:19:49.200+0000] {processor.py:179} INFO - Processing /home/airflow/.local/lib/python3.8/site-packages/airflow/example_dags/example_latest_only_with_trigger.py took 0.206 seconds
[2023-12-20T21:20:19.861+0000] {processor.py:157} INFO - Started process (PID=1364) to work on /home/airflow/.local/lib/python3.8/site-packages/airflow/example_dags/example_latest_only_with_trigger.py
[2023-12-20T21:20:19.862+0000] {processor.py:829} INFO - Processing file /home/airflow/.local/lib/python3.8/site-packages/airflow/example_dags/example_latest_only_with_trigger.py for tasks to queue
[2023-12-20T21:20:19.863+0000] {logging_mixin.py:154} INFO - [2023-12-20T21:20:19.863+0000] {dagbag.py:536} INFO - Filling up the DagBag from /home/airflow/.local/lib/python3.8/site-packages/airflow/example_dags/example_latest_only_with_trigger.py
[2023-12-20T21:20:19.868+0000] {processor.py:839} INFO - DAG(s) dict_keys(['latest_only_with_trigger']) retrieved from /home/airflow/.local/lib/python3.8/site-packages/airflow/example_dags/example_latest_only_with_trigger.py
[2023-12-20T21:20:19.885+0000] {logging_mixin.py:154} INFO - [2023-12-20T21:20:19.885+0000] {dag.py:2941} INFO - Sync 1 DAGs
[2023-12-20T21:20:19.904+0000] {logging_mixin.py:154} INFO - [2023-12-20T21:20:19.904+0000] {dag.py:3722} INFO - Setting next_dagrun for latest_only_with_trigger to 2023-12-20T17:20:19.903867+00:00, run_after=2023-12-20T21:20:19.903867+00:00
[2023-12-20T21:20:19.923+0000] {processor.py:179} INFO - Processing /home/airflow/.local/lib/python3.8/site-packages/airflow/example_dags/example_latest_only_with_trigger.py took 0.064 seconds
[2023-12-20T21:20:50.268+0000] {processor.py:157} INFO - Started process (PID=1420) to work on /home/airflow/.local/lib/python3.8/site-packages/airflow/example_dags/example_latest_only_with_trigger.py
[2023-12-20T21:20:50.269+0000] {processor.py:829} INFO - Processing file /home/airflow/.local/lib/python3.8/site-packages/airflow/example_dags/example_latest_only_with_trigger.py for tasks to queue
[2023-12-20T21:20:50.272+0000] {logging_mixin.py:154} INFO - [2023-12-20T21:20:50.271+0000] {dagbag.py:536} INFO - Filling up the DagBag from /home/airflow/.local/lib/python3.8/site-packages/airflow/example_dags/example_latest_only_with_trigger.py
[2023-12-20T21:20:50.276+0000] {processor.py:839} INFO - DAG(s) dict_keys(['latest_only_with_trigger']) retrieved from /home/airflow/.local/lib/python3.8/site-packages/airflow/example_dags/example_latest_only_with_trigger.py
[2023-12-20T21:20:50.294+0000] {logging_mixin.py:154} INFO - [2023-12-20T21:20:50.294+0000] {dag.py:2941} INFO - Sync 1 DAGs
[2023-12-20T21:20:50.314+0000] {logging_mixin.py:154} INFO - [2023-12-20T21:20:50.313+0000] {dag.py:3722} INFO - Setting next_dagrun for latest_only_with_trigger to 2023-12-20T17:20:50.313722+00:00, run_after=2023-12-20T21:20:50.313722+00:00
[2023-12-20T21:20:50.333+0000] {processor.py:179} INFO - Processing /home/airflow/.local/lib/python3.8/site-packages/airflow/example_dags/example_latest_only_with_trigger.py took 0.067 seconds
[2023-12-20T21:21:21.373+0000] {processor.py:157} INFO - Started process (PID=1476) to work on /home/airflow/.local/lib/python3.8/site-packages/airflow/example_dags/example_latest_only_with_trigger.py
[2023-12-20T21:21:21.374+0000] {processor.py:829} INFO - Processing file /home/airflow/.local/lib/python3.8/site-packages/airflow/example_dags/example_latest_only_with_trigger.py for tasks to queue
[2023-12-20T21:21:21.376+0000] {logging_mixin.py:154} INFO - [2023-12-20T21:21:21.376+0000] {dagbag.py:536} INFO - Filling up the DagBag from /home/airflow/.local/lib/python3.8/site-packages/airflow/example_dags/example_latest_only_with_trigger.py
[2023-12-20T21:21:21.381+0000] {processor.py:839} INFO - DAG(s) dict_keys(['latest_only_with_trigger']) retrieved from /home/airflow/.local/lib/python3.8/site-packages/airflow/example_dags/example_latest_only_with_trigger.py
[2023-12-20T21:21:21.523+0000] {logging_mixin.py:154} INFO - [2023-12-20T21:21:21.523+0000] {dag.py:2941} INFO - Sync 1 DAGs
[2023-12-20T21:21:21.543+0000] {logging_mixin.py:154} INFO - [2023-12-20T21:21:21.543+0000] {dag.py:3722} INFO - Setting next_dagrun for latest_only_with_trigger to 2023-12-20T17:21:21.543499+00:00, run_after=2023-12-20T21:21:21.543499+00:00
[2023-12-20T21:21:21.566+0000] {processor.py:179} INFO - Processing /home/airflow/.local/lib/python3.8/site-packages/airflow/example_dags/example_latest_only_with_trigger.py took 0.196 seconds
[2023-12-20T21:21:51.786+0000] {processor.py:157} INFO - Started process (PID=1532) to work on /home/airflow/.local/lib/python3.8/site-packages/airflow/example_dags/example_latest_only_with_trigger.py
[2023-12-20T21:21:51.787+0000] {processor.py:829} INFO - Processing file /home/airflow/.local/lib/python3.8/site-packages/airflow/example_dags/example_latest_only_with_trigger.py for tasks to queue
[2023-12-20T21:21:51.789+0000] {logging_mixin.py:154} INFO - [2023-12-20T21:21:51.789+0000] {dagbag.py:536} INFO - Filling up the DagBag from /home/airflow/.local/lib/python3.8/site-packages/airflow/example_dags/example_latest_only_with_trigger.py
[2023-12-20T21:21:51.794+0000] {processor.py:839} INFO - DAG(s) dict_keys(['latest_only_with_trigger']) retrieved from /home/airflow/.local/lib/python3.8/site-packages/airflow/example_dags/example_latest_only_with_trigger.py
[2023-12-20T21:21:51.812+0000] {logging_mixin.py:154} INFO - [2023-12-20T21:21:51.812+0000] {dag.py:2941} INFO - Sync 1 DAGs
[2023-12-20T21:21:51.834+0000] {logging_mixin.py:154} INFO - [2023-12-20T21:21:51.834+0000] {dag.py:3722} INFO - Setting next_dagrun for latest_only_with_trigger to 2023-12-20T17:21:51.834099+00:00, run_after=2023-12-20T21:21:51.834099+00:00
[2023-12-20T21:21:51.853+0000] {processor.py:179} INFO - Processing /home/airflow/.local/lib/python3.8/site-packages/airflow/example_dags/example_latest_only_with_trigger.py took 0.069 seconds
[2023-12-20T21:22:22.172+0000] {processor.py:157} INFO - Started process (PID=1588) to work on /home/airflow/.local/lib/python3.8/site-packages/airflow/example_dags/example_latest_only_with_trigger.py
[2023-12-20T21:22:22.173+0000] {processor.py:829} INFO - Processing file /home/airflow/.local/lib/python3.8/site-packages/airflow/example_dags/example_latest_only_with_trigger.py for tasks to queue
[2023-12-20T21:22:22.175+0000] {logging_mixin.py:154} INFO - [2023-12-20T21:22:22.175+0000] {dagbag.py:536} INFO - Filling up the DagBag from /home/airflow/.local/lib/python3.8/site-packages/airflow/example_dags/example_latest_only_with_trigger.py
[2023-12-20T21:22:22.181+0000] {processor.py:839} INFO - DAG(s) dict_keys(['latest_only_with_trigger']) retrieved from /home/airflow/.local/lib/python3.8/site-packages/airflow/example_dags/example_latest_only_with_trigger.py
[2023-12-20T21:22:22.201+0000] {logging_mixin.py:154} INFO - [2023-12-20T21:22:22.201+0000] {dag.py:2941} INFO - Sync 1 DAGs
[2023-12-20T21:22:22.222+0000] {logging_mixin.py:154} INFO - [2023-12-20T21:22:22.222+0000] {dag.py:3722} INFO - Setting next_dagrun for latest_only_with_trigger to 2023-12-20T17:22:22.222145+00:00, run_after=2023-12-20T21:22:22.222145+00:00
[2023-12-20T21:22:22.244+0000] {processor.py:179} INFO - Processing /home/airflow/.local/lib/python3.8/site-packages/airflow/example_dags/example_latest_only_with_trigger.py took 0.074 seconds
[2023-12-20T21:22:52.487+0000] {processor.py:157} INFO - Started process (PID=1644) to work on /home/airflow/.local/lib/python3.8/site-packages/airflow/example_dags/example_latest_only_with_trigger.py
[2023-12-20T21:22:52.488+0000] {processor.py:829} INFO - Processing file /home/airflow/.local/lib/python3.8/site-packages/airflow/example_dags/example_latest_only_with_trigger.py for tasks to queue
[2023-12-20T21:22:52.491+0000] {logging_mixin.py:154} INFO - [2023-12-20T21:22:52.490+0000] {dagbag.py:536} INFO - Filling up the DagBag from /home/airflow/.local/lib/python3.8/site-packages/airflow/example_dags/example_latest_only_with_trigger.py
[2023-12-20T21:22:52.495+0000] {processor.py:839} INFO - DAG(s) dict_keys(['latest_only_with_trigger']) retrieved from /home/airflow/.local/lib/python3.8/site-packages/airflow/example_dags/example_latest_only_with_trigger.py
[2023-12-20T21:22:52.513+0000] {logging_mixin.py:154} INFO - [2023-12-20T21:22:52.513+0000] {dag.py:2941} INFO - Sync 1 DAGs
[2023-12-20T21:22:52.532+0000] {logging_mixin.py:154} INFO - [2023-12-20T21:22:52.532+0000] {dag.py:3722} INFO - Setting next_dagrun for latest_only_with_trigger to 2023-12-20T17:22:52.532274+00:00, run_after=2023-12-20T21:22:52.532274+00:00
[2023-12-20T21:22:52.552+0000] {processor.py:179} INFO - Processing /home/airflow/.local/lib/python3.8/site-packages/airflow/example_dags/example_latest_only_with_trigger.py took 0.067 seconds
[2023-12-20T21:23:22.778+0000] {processor.py:157} INFO - Started process (PID=1700) to work on /home/airflow/.local/lib/python3.8/site-packages/airflow/example_dags/example_latest_only_with_trigger.py
[2023-12-20T21:23:22.779+0000] {processor.py:829} INFO - Processing file /home/airflow/.local/lib/python3.8/site-packages/airflow/example_dags/example_latest_only_with_trigger.py for tasks to queue
[2023-12-20T21:23:22.781+0000] {logging_mixin.py:154} INFO - [2023-12-20T21:23:22.780+0000] {dagbag.py:536} INFO - Filling up the DagBag from /home/airflow/.local/lib/python3.8/site-packages/airflow/example_dags/example_latest_only_with_trigger.py
[2023-12-20T21:23:22.786+0000] {processor.py:839} INFO - DAG(s) dict_keys(['latest_only_with_trigger']) retrieved from /home/airflow/.local/lib/python3.8/site-packages/airflow/example_dags/example_latest_only_with_trigger.py
[2023-12-20T21:23:22.804+0000] {logging_mixin.py:154} INFO - [2023-12-20T21:23:22.804+0000] {dag.py:2941} INFO - Sync 1 DAGs
[2023-12-20T21:23:22.823+0000] {logging_mixin.py:154} INFO - [2023-12-20T21:23:22.823+0000] {dag.py:3722} INFO - Setting next_dagrun for latest_only_with_trigger to 2023-12-20T17:23:22.823514+00:00, run_after=2023-12-20T21:23:22.823514+00:00
[2023-12-20T21:23:22.842+0000] {processor.py:179} INFO - Processing /home/airflow/.local/lib/python3.8/site-packages/airflow/example_dags/example_latest_only_with_trigger.py took 0.066 seconds
[2023-12-20T21:23:53.188+0000] {processor.py:157} INFO - Started process (PID=1756) to work on /home/airflow/.local/lib/python3.8/site-packages/airflow/example_dags/example_latest_only_with_trigger.py
[2023-12-20T21:23:53.189+0000] {processor.py:829} INFO - Processing file /home/airflow/.local/lib/python3.8/site-packages/airflow/example_dags/example_latest_only_with_trigger.py for tasks to queue
[2023-12-20T21:23:53.191+0000] {logging_mixin.py:154} INFO - [2023-12-20T21:23:53.191+0000] {dagbag.py:536} INFO - Filling up the DagBag from /home/airflow/.local/lib/python3.8/site-packages/airflow/example_dags/example_latest_only_with_trigger.py
[2023-12-20T21:23:53.196+0000] {processor.py:839} INFO - DAG(s) dict_keys(['latest_only_with_trigger']) retrieved from /home/airflow/.local/lib/python3.8/site-packages/airflow/example_dags/example_latest_only_with_trigger.py
[2023-12-20T21:23:53.214+0000] {logging_mixin.py:154} INFO - [2023-12-20T21:23:53.214+0000] {dag.py:2941} INFO - Sync 1 DAGs
[2023-12-20T21:23:53.234+0000] {logging_mixin.py:154} INFO - [2023-12-20T21:23:53.234+0000] {dag.py:3722} INFO - Setting next_dagrun for latest_only_with_trigger to 2023-12-20T17:23:53.234619+00:00, run_after=2023-12-20T21:23:53.234619+00:00
[2023-12-20T21:23:53.253+0000] {processor.py:179} INFO - Processing /home/airflow/.local/lib/python3.8/site-packages/airflow/example_dags/example_latest_only_with_trigger.py took 0.067 seconds
[2023-12-20T21:24:23.587+0000] {processor.py:157} INFO - Started process (PID=1812) to work on /home/airflow/.local/lib/python3.8/site-packages/airflow/example_dags/example_latest_only_with_trigger.py
[2023-12-20T21:24:23.588+0000] {processor.py:829} INFO - Processing file /home/airflow/.local/lib/python3.8/site-packages/airflow/example_dags/example_latest_only_with_trigger.py for tasks to queue
[2023-12-20T21:24:23.590+0000] {logging_mixin.py:154} INFO - [2023-12-20T21:24:23.590+0000] {dagbag.py:536} INFO - Filling up the DagBag from /home/airflow/.local/lib/python3.8/site-packages/airflow/example_dags/example_latest_only_with_trigger.py
[2023-12-20T21:24:23.596+0000] {processor.py:839} INFO - DAG(s) dict_keys(['latest_only_with_trigger']) retrieved from /home/airflow/.local/lib/python3.8/site-packages/airflow/example_dags/example_latest_only_with_trigger.py
[2023-12-20T21:24:23.617+0000] {logging_mixin.py:154} INFO - [2023-12-20T21:24:23.617+0000] {dag.py:2941} INFO - Sync 1 DAGs
[2023-12-20T21:24:23.640+0000] {logging_mixin.py:154} INFO - [2023-12-20T21:24:23.640+0000] {dag.py:3722} INFO - Setting next_dagrun for latest_only_with_trigger to 2023-12-20T17:24:23.640158+00:00, run_after=2023-12-20T21:24:23.640158+00:00
[2023-12-20T21:24:23.662+0000] {processor.py:179} INFO - Processing /home/airflow/.local/lib/python3.8/site-packages/airflow/example_dags/example_latest_only_with_trigger.py took 0.078 seconds
[2023-12-20T21:24:53.966+0000] {processor.py:157} INFO - Started process (PID=1868) to work on /home/airflow/.local/lib/python3.8/site-packages/airflow/example_dags/example_latest_only_with_trigger.py
[2023-12-20T21:24:53.967+0000] {processor.py:829} INFO - Processing file /home/airflow/.local/lib/python3.8/site-packages/airflow/example_dags/example_latest_only_with_trigger.py for tasks to queue
[2023-12-20T21:24:53.968+0000] {logging_mixin.py:154} INFO - [2023-12-20T21:24:53.968+0000] {dagbag.py:536} INFO - Filling up the DagBag from /home/airflow/.local/lib/python3.8/site-packages/airflow/example_dags/example_latest_only_with_trigger.py
[2023-12-20T21:24:53.972+0000] {processor.py:839} INFO - DAG(s) dict_keys(['latest_only_with_trigger']) retrieved from /home/airflow/.local/lib/python3.8/site-packages/airflow/example_dags/example_latest_only_with_trigger.py
[2023-12-20T21:24:53.990+0000] {logging_mixin.py:154} INFO - [2023-12-20T21:24:53.990+0000] {dag.py:2941} INFO - Sync 1 DAGs
[2023-12-20T21:24:54.010+0000] {logging_mixin.py:154} INFO - [2023-12-20T21:24:54.009+0000] {dag.py:3722} INFO - Setting next_dagrun for latest_only_with_trigger to 2023-12-20T17:24:54.009604+00:00, run_after=2023-12-20T21:24:54.009604+00:00
[2023-12-20T21:24:54.029+0000] {processor.py:179} INFO - Processing /home/airflow/.local/lib/python3.8/site-packages/airflow/example_dags/example_latest_only_with_trigger.py took 0.066 seconds
[2023-12-20T21:25:24.291+0000] {processor.py:157} INFO - Started process (PID=1924) to work on /home/airflow/.local/lib/python3.8/site-packages/airflow/example_dags/example_latest_only_with_trigger.py
[2023-12-20T21:25:24.292+0000] {processor.py:829} INFO - Processing file /home/airflow/.local/lib/python3.8/site-packages/airflow/example_dags/example_latest_only_with_trigger.py for tasks to queue
[2023-12-20T21:25:24.294+0000] {logging_mixin.py:154} INFO - [2023-12-20T21:25:24.294+0000] {dagbag.py:536} INFO - Filling up the DagBag from /home/airflow/.local/lib/python3.8/site-packages/airflow/example_dags/example_latest_only_with_trigger.py
[2023-12-20T21:25:24.298+0000] {processor.py:839} INFO - DAG(s) dict_keys(['latest_only_with_trigger']) retrieved from /home/airflow/.local/lib/python3.8/site-packages/airflow/example_dags/example_latest_only_with_trigger.py
[2023-12-20T21:25:24.317+0000] {logging_mixin.py:154} INFO - [2023-12-20T21:25:24.317+0000] {dag.py:2941} INFO - Sync 1 DAGs
[2023-12-20T21:25:24.337+0000] {logging_mixin.py:154} INFO - [2023-12-20T21:25:24.337+0000] {dag.py:3722} INFO - Setting next_dagrun for latest_only_with_trigger to 2023-12-20T17:25:24.337160+00:00, run_after=2023-12-20T21:25:24.337160+00:00
[2023-12-20T21:25:24.357+0000] {processor.py:179} INFO - Processing /home/airflow/.local/lib/python3.8/site-packages/airflow/example_dags/example_latest_only_with_trigger.py took 0.068 seconds
[2023-12-20T21:25:54.694+0000] {processor.py:157} INFO - Started process (PID=1980) to work on /home/airflow/.local/lib/python3.8/site-packages/airflow/example_dags/example_latest_only_with_trigger.py
[2023-12-20T21:25:54.695+0000] {processor.py:829} INFO - Processing file /home/airflow/.local/lib/python3.8/site-packages/airflow/example_dags/example_latest_only_with_trigger.py for tasks to queue
[2023-12-20T21:25:54.697+0000] {logging_mixin.py:154} INFO - [2023-12-20T21:25:54.697+0000] {dagbag.py:536} INFO - Filling up the DagBag from /home/airflow/.local/lib/python3.8/site-packages/airflow/example_dags/example_latest_only_with_trigger.py
[2023-12-20T21:25:54.701+0000] {processor.py:839} INFO - DAG(s) dict_keys(['latest_only_with_trigger']) retrieved from /home/airflow/.local/lib/python3.8/site-packages/airflow/example_dags/example_latest_only_with_trigger.py
[2023-12-20T21:25:54.721+0000] {logging_mixin.py:154} INFO - [2023-12-20T21:25:54.721+0000] {dag.py:2941} INFO - Sync 1 DAGs
[2023-12-20T21:25:54.740+0000] {logging_mixin.py:154} INFO - [2023-12-20T21:25:54.739+0000] {dag.py:3722} INFO - Setting next_dagrun for latest_only_with_trigger to 2023-12-20T17:25:54.739543+00:00, run_after=2023-12-20T21:25:54.739543+00:00
[2023-12-20T21:25:54.757+0000] {processor.py:179} INFO - Processing /home/airflow/.local/lib/python3.8/site-packages/airflow/example_dags/example_latest_only_with_trigger.py took 0.065 seconds
[2023-12-20T21:26:25.197+0000] {processor.py:157} INFO - Started process (PID=2036) to work on /home/airflow/.local/lib/python3.8/site-packages/airflow/example_dags/example_latest_only_with_trigger.py
[2023-12-20T21:26:25.198+0000] {processor.py:829} INFO - Processing file /home/airflow/.local/lib/python3.8/site-packages/airflow/example_dags/example_latest_only_with_trigger.py for tasks to queue
[2023-12-20T21:26:25.200+0000] {logging_mixin.py:154} INFO - [2023-12-20T21:26:25.200+0000] {dagbag.py:536} INFO - Filling up the DagBag from /home/airflow/.local/lib/python3.8/site-packages/airflow/example_dags/example_latest_only_with_trigger.py
[2023-12-20T21:26:25.205+0000] {processor.py:839} INFO - DAG(s) dict_keys(['latest_only_with_trigger']) retrieved from /home/airflow/.local/lib/python3.8/site-packages/airflow/example_dags/example_latest_only_with_trigger.py
[2023-12-20T21:26:25.225+0000] {logging_mixin.py:154} INFO - [2023-12-20T21:26:25.225+0000] {dag.py:2941} INFO - Sync 1 DAGs
[2023-12-20T21:26:25.245+0000] {logging_mixin.py:154} INFO - [2023-12-20T21:26:25.245+0000] {dag.py:3722} INFO - Setting next_dagrun for latest_only_with_trigger to 2023-12-20T17:26:25.245345+00:00, run_after=2023-12-20T21:26:25.245345+00:00
[2023-12-20T21:26:25.267+0000] {processor.py:179} INFO - Processing /home/airflow/.local/lib/python3.8/site-packages/airflow/example_dags/example_latest_only_with_trigger.py took 0.073 seconds
